2022-11-25 09:15:55 - INFO - /data2/yzd/project/SchNet/train_SchNet.py
2022-11-25 09:15:55 - INFO - train data: 11904
2022-11-25 09:15:55 - INFO - valid data: 1000
2022-11-25 09:15:55 - INFO - test2013 data: 107
2022-11-25 09:15:55 - INFO - test2016 data: 285
2022-11-25 09:15:55 - INFO - test2019 data: 4366
2022-11-25 09:16:14 - INFO - epoch-0, train_loss-40.6040, train_rmse-6.3721, valid_rmse-6.1482, valid_pr-0.5063
2022-11-25 09:16:33 - INFO - epoch-1, train_loss-30.6681, train_rmse-5.5379, valid_rmse-4.4949, valid_pr-0.4928
2022-11-25 09:16:51 - INFO - epoch-2, train_loss-15.3380, train_rmse-3.9164, valid_rmse-3.7252, valid_pr-0.3507
2022-11-25 09:17:09 - INFO - epoch-3, train_loss-5.9774, train_rmse-2.4449, valid_rmse-2.0874, valid_pr-0.3300
2022-11-25 09:17:27 - INFO - epoch-4, train_loss-3.6470, train_rmse-1.9097, valid_rmse-1.6303, valid_pr-0.5275
2022-11-25 09:17:45 - INFO - epoch-5, train_loss-3.3820, train_rmse-1.8390, valid_rmse-1.5720, valid_pr-0.5287
2022-11-25 09:18:04 - INFO - epoch-6, train_loss-3.1843, train_rmse-1.7845, valid_rmse-1.5317, valid_pr-0.5583
2022-11-25 09:18:23 - INFO - epoch-7, train_loss-3.1086, train_rmse-1.7631, valid_rmse-1.5777, valid_pr-0.5445
2022-11-25 09:18:41 - INFO - epoch-8, train_loss-3.0266, train_rmse-1.7397, valid_rmse-1.5598, valid_pr-0.5382
2022-11-25 09:18:59 - INFO - epoch-9, train_loss-2.9864, train_rmse-1.7281, valid_rmse-1.5210, valid_pr-0.5823
2022-11-25 09:19:18 - INFO - epoch-10, train_loss-2.9667, train_rmse-1.7224, valid_rmse-1.5272, valid_pr-0.5844
2022-11-25 09:19:36 - INFO - epoch-11, train_loss-2.8309, train_rmse-1.6825, valid_rmse-1.4957, valid_pr-0.5942
2022-11-25 09:19:55 - INFO - epoch-12, train_loss-2.8114, train_rmse-1.6767, valid_rmse-1.4861, valid_pr-0.5941
2022-11-25 09:20:13 - INFO - epoch-13, train_loss-2.7655, train_rmse-1.6630, valid_rmse-1.4999, valid_pr-0.5893
2022-11-25 09:20:32 - INFO - epoch-14, train_loss-2.6796, train_rmse-1.6370, valid_rmse-1.4895, valid_pr-0.5956
2022-11-25 09:20:50 - INFO - epoch-15, train_loss-2.7003, train_rmse-1.6432, valid_rmse-1.5089, valid_pr-0.5983
2022-11-25 09:21:09 - INFO - epoch-16, train_loss-2.6313, train_rmse-1.6221, valid_rmse-1.4538, valid_pr-0.6183
2022-11-25 09:21:27 - INFO - epoch-17, train_loss-2.5607, train_rmse-1.6002, valid_rmse-1.4465, valid_pr-0.6232
2022-11-25 09:21:46 - INFO - epoch-18, train_loss-2.4892, train_rmse-1.5777, valid_rmse-1.4501, valid_pr-0.6363
2022-11-25 09:22:04 - INFO - epoch-19, train_loss-2.4997, train_rmse-1.5810, valid_rmse-1.4427, valid_pr-0.6395
2022-11-25 09:22:23 - INFO - epoch-20, train_loss-2.3913, train_rmse-1.5464, valid_rmse-1.4209, valid_pr-0.6425
2022-11-25 09:22:42 - INFO - epoch-21, train_loss-2.3593, train_rmse-1.5360, valid_rmse-1.4057, valid_pr-0.6520
2022-11-25 09:23:00 - INFO - epoch-22, train_loss-2.3452, train_rmse-1.5314, valid_rmse-1.4172, valid_pr-0.6495
2022-11-25 09:23:19 - INFO - epoch-23, train_loss-2.2771, train_rmse-1.5090, valid_rmse-1.4200, valid_pr-0.6511
2022-11-25 09:23:37 - INFO - epoch-24, train_loss-2.2108, train_rmse-1.4869, valid_rmse-1.4365, valid_pr-0.6400
2022-11-25 09:23:55 - INFO - epoch-25, train_loss-2.2167, train_rmse-1.4889, valid_rmse-1.4648, valid_pr-0.6391
2022-11-25 09:24:14 - INFO - epoch-26, train_loss-2.1612, train_rmse-1.4701, valid_rmse-1.4540, valid_pr-0.6415
2022-11-25 09:24:32 - INFO - epoch-27, train_loss-2.1417, train_rmse-1.4635, valid_rmse-1.4332, valid_pr-0.6460
2022-11-25 09:24:50 - INFO - epoch-28, train_loss-2.0988, train_rmse-1.4487, valid_rmse-1.4546, valid_pr-0.6488
2022-11-25 09:25:09 - INFO - epoch-29, train_loss-2.0234, train_rmse-1.4225, valid_rmse-1.4655, valid_pr-0.6476
2022-11-25 09:25:28 - INFO - epoch-30, train_loss-1.9992, train_rmse-1.4139, valid_rmse-1.3951, valid_pr-0.6623
2022-11-25 09:25:46 - INFO - epoch-31, train_loss-1.9340, train_rmse-1.3907, valid_rmse-1.4268, valid_pr-0.6420
2022-11-25 09:26:04 - INFO - epoch-32, train_loss-1.9098, train_rmse-1.3820, valid_rmse-1.4126, valid_pr-0.6552
2022-11-25 09:26:23 - INFO - epoch-33, train_loss-1.8546, train_rmse-1.3618, valid_rmse-1.4826, valid_pr-0.6434
2022-11-25 09:26:41 - INFO - epoch-34, train_loss-1.7735, train_rmse-1.3317, valid_rmse-1.3901, valid_pr-0.6756
2022-11-25 09:27:00 - INFO - epoch-35, train_loss-1.7352, train_rmse-1.3173, valid_rmse-1.3695, valid_pr-0.6812
2022-11-25 09:27:18 - INFO - epoch-36, train_loss-1.6688, train_rmse-1.2918, valid_rmse-1.4285, valid_pr-0.6521
2022-11-25 09:27:37 - INFO - epoch-37, train_loss-1.6221, train_rmse-1.2736, valid_rmse-1.3725, valid_pr-0.6715
2022-11-25 09:27:55 - INFO - epoch-38, train_loss-1.5455, train_rmse-1.2432, valid_rmse-1.3801, valid_pr-0.6760
2022-11-25 09:28:14 - INFO - epoch-39, train_loss-1.5345, train_rmse-1.2388, valid_rmse-1.4189, valid_pr-0.6580
2022-11-25 09:28:32 - INFO - epoch-40, train_loss-1.4579, train_rmse-1.2074, valid_rmse-1.3558, valid_pr-0.6794
2022-11-25 09:28:51 - INFO - epoch-41, train_loss-1.4159, train_rmse-1.1899, valid_rmse-1.4088, valid_pr-0.6698
2022-11-25 09:29:09 - INFO - epoch-42, train_loss-1.3673, train_rmse-1.1693, valid_rmse-1.4183, valid_pr-0.6684
2022-11-25 09:29:28 - INFO - epoch-43, train_loss-1.3382, train_rmse-1.1568, valid_rmse-1.4002, valid_pr-0.6756
2022-11-25 09:29:47 - INFO - epoch-44, train_loss-1.2412, train_rmse-1.1141, valid_rmse-1.5649, valid_pr-0.6517
2022-11-25 09:30:05 - INFO - epoch-45, train_loss-1.2258, train_rmse-1.1071, valid_rmse-1.3741, valid_pr-0.6841
2022-11-25 09:30:24 - INFO - epoch-46, train_loss-1.1907, train_rmse-1.0912, valid_rmse-1.4877, valid_pr-0.6692
2022-11-25 09:30:42 - INFO - epoch-47, train_loss-1.1327, train_rmse-1.0643, valid_rmse-1.4175, valid_pr-0.6917
2022-11-25 09:31:01 - INFO - epoch-48, train_loss-1.0744, train_rmse-1.0365, valid_rmse-1.4244, valid_pr-0.6663
2022-11-25 09:31:19 - INFO - epoch-49, train_loss-1.0322, train_rmse-1.0160, valid_rmse-1.3947, valid_pr-0.6996
2022-11-25 09:31:38 - INFO - epoch-50, train_loss-1.0074, train_rmse-1.0037, valid_rmse-1.3616, valid_pr-0.6977
2022-11-25 09:31:57 - INFO - epoch-51, train_loss-0.9769, train_rmse-0.9884, valid_rmse-1.4109, valid_pr-0.6869
2022-11-25 09:32:16 - INFO - epoch-52, train_loss-0.8729, train_rmse-0.9343, valid_rmse-1.3628, valid_pr-0.6974
2022-11-25 09:32:35 - INFO - epoch-53, train_loss-0.8705, train_rmse-0.9330, valid_rmse-1.6342, valid_pr-0.6417
2022-11-25 09:32:53 - INFO - epoch-54, train_loss-0.8484, train_rmse-0.9211, valid_rmse-1.4150, valid_pr-0.6785
2022-11-25 09:33:12 - INFO - epoch-55, train_loss-0.8166, train_rmse-0.9037, valid_rmse-1.4199, valid_pr-0.6755
2022-11-25 09:33:30 - INFO - epoch-56, train_loss-0.7651, train_rmse-0.8747, valid_rmse-1.4008, valid_pr-0.6842
2022-11-25 09:33:49 - INFO - epoch-57, train_loss-0.7431, train_rmse-0.8620, valid_rmse-1.3819, valid_pr-0.6932
2022-11-25 09:34:08 - INFO - epoch-58, train_loss-0.6895, train_rmse-0.8304, valid_rmse-1.4600, valid_pr-0.6778
2022-11-25 09:34:27 - INFO - epoch-59, train_loss-0.6899, train_rmse-0.8306, valid_rmse-1.5012, valid_pr-0.6774
2022-11-25 09:34:45 - INFO - epoch-60, train_loss-0.6717, train_rmse-0.8196, valid_rmse-1.4203, valid_pr-0.6688
2022-11-25 09:35:04 - INFO - epoch-61, train_loss-0.6171, train_rmse-0.7856, valid_rmse-1.3950, valid_pr-0.6835
2022-11-25 09:35:23 - INFO - epoch-62, train_loss-0.5868, train_rmse-0.7660, valid_rmse-1.3738, valid_pr-0.6843
2022-11-25 09:35:42 - INFO - epoch-63, train_loss-0.5770, train_rmse-0.7596, valid_rmse-1.3870, valid_pr-0.6962
2022-11-25 09:36:00 - INFO - epoch-64, train_loss-0.5604, train_rmse-0.7486, valid_rmse-1.3847, valid_pr-0.6875
2022-11-25 09:36:19 - INFO - epoch-65, train_loss-0.5322, train_rmse-0.7295, valid_rmse-1.4143, valid_pr-0.6737
2022-11-25 09:36:37 - INFO - epoch-66, train_loss-0.5095, train_rmse-0.7138, valid_rmse-1.4768, valid_pr-0.6660
2022-11-25 09:36:55 - INFO - epoch-67, train_loss-0.4726, train_rmse-0.6875, valid_rmse-1.4528, valid_pr-0.6806
2022-11-25 09:37:13 - INFO - epoch-68, train_loss-0.4597, train_rmse-0.6780, valid_rmse-1.4480, valid_pr-0.6656
2022-11-25 09:37:31 - INFO - epoch-69, train_loss-0.4518, train_rmse-0.6721, valid_rmse-1.3855, valid_pr-0.6772
2022-11-25 09:37:50 - INFO - epoch-70, train_loss-0.4430, train_rmse-0.6656, valid_rmse-1.3533, valid_pr-0.6963
2022-11-25 09:38:08 - INFO - epoch-71, train_loss-0.4088, train_rmse-0.6394, valid_rmse-1.4015, valid_pr-0.6702
2022-11-25 09:38:26 - INFO - epoch-72, train_loss-0.4229, train_rmse-0.6503, valid_rmse-1.4537, valid_pr-0.6793
2022-11-25 09:38:44 - INFO - epoch-73, train_loss-0.3833, train_rmse-0.6191, valid_rmse-1.4154, valid_pr-0.6685
2022-11-25 09:39:02 - INFO - epoch-74, train_loss-0.4001, train_rmse-0.6326, valid_rmse-1.4081, valid_pr-0.6747
2022-11-25 09:39:21 - INFO - epoch-75, train_loss-0.3952, train_rmse-0.6286, valid_rmse-1.4618, valid_pr-0.6609
2022-11-25 09:39:39 - INFO - epoch-76, train_loss-0.3720, train_rmse-0.6099, valid_rmse-1.4931, valid_pr-0.6756
2022-11-25 09:39:58 - INFO - epoch-77, train_loss-0.3628, train_rmse-0.6023, valid_rmse-1.4988, valid_pr-0.6747
2022-11-25 09:40:16 - INFO - epoch-78, train_loss-0.3420, train_rmse-0.5848, valid_rmse-1.4397, valid_pr-0.6762
2022-11-25 09:40:33 - INFO - epoch-79, train_loss-0.3420, train_rmse-0.5848, valid_rmse-1.4188, valid_pr-0.6766
2022-11-25 09:40:52 - INFO - epoch-80, train_loss-0.3279, train_rmse-0.5726, valid_rmse-1.4142, valid_pr-0.6837
2022-11-25 09:41:10 - INFO - epoch-81, train_loss-0.3182, train_rmse-0.5641, valid_rmse-1.4314, valid_pr-0.6697
2022-11-25 09:41:28 - INFO - epoch-82, train_loss-0.3134, train_rmse-0.5598, valid_rmse-1.4122, valid_pr-0.6749
2022-11-25 09:41:47 - INFO - epoch-83, train_loss-0.3266, train_rmse-0.5715, valid_rmse-1.4533, valid_pr-0.6766
2022-11-25 09:42:05 - INFO - epoch-84, train_loss-0.3002, train_rmse-0.5479, valid_rmse-1.3929, valid_pr-0.6759
2022-11-25 09:42:24 - INFO - epoch-85, train_loss-0.2808, train_rmse-0.5299, valid_rmse-1.4250, valid_pr-0.6797
2022-11-25 09:42:41 - INFO - epoch-86, train_loss-0.2955, train_rmse-0.5436, valid_rmse-1.4258, valid_pr-0.6775
2022-11-25 09:42:58 - INFO - epoch-87, train_loss-0.2760, train_rmse-0.5253, valid_rmse-1.4348, valid_pr-0.6639
2022-11-25 09:43:16 - INFO - epoch-88, train_loss-0.2711, train_rmse-0.5207, valid_rmse-1.4274, valid_pr-0.6768
2022-11-25 09:43:33 - INFO - epoch-89, train_loss-0.2712, train_rmse-0.5208, valid_rmse-1.4010, valid_pr-0.6713
2022-11-25 09:43:52 - INFO - epoch-90, train_loss-0.2721, train_rmse-0.5217, valid_rmse-1.4271, valid_pr-0.6755
2022-11-25 09:44:10 - INFO - epoch-91, train_loss-0.2537, train_rmse-0.5037, valid_rmse-1.3939, valid_pr-0.6764
2022-11-25 09:44:28 - INFO - epoch-92, train_loss-0.2463, train_rmse-0.4962, valid_rmse-1.4460, valid_pr-0.6675
2022-11-25 09:44:47 - INFO - epoch-93, train_loss-0.2384, train_rmse-0.4883, valid_rmse-1.3946, valid_pr-0.6756
2022-11-25 09:45:06 - INFO - epoch-94, train_loss-0.2419, train_rmse-0.4919, valid_rmse-1.5261, valid_pr-0.6746
2022-11-25 09:45:24 - INFO - epoch-95, train_loss-0.2480, train_rmse-0.4980, valid_rmse-1.4030, valid_pr-0.6725
2022-11-25 09:45:42 - INFO - epoch-96, train_loss-0.2477, train_rmse-0.4977, valid_rmse-1.5060, valid_pr-0.6674
2022-11-25 09:46:01 - INFO - epoch-97, train_loss-0.2422, train_rmse-0.4921, valid_rmse-1.4085, valid_pr-0.6802
2022-11-25 09:46:19 - INFO - epoch-98, train_loss-0.2283, train_rmse-0.4778, valid_rmse-1.4388, valid_pr-0.6771
2022-11-25 09:46:37 - INFO - epoch-99, train_loss-0.2207, train_rmse-0.4698, valid_rmse-1.4428, valid_pr-0.6686
2022-11-25 09:46:56 - INFO - epoch-100, train_loss-0.2238, train_rmse-0.4731, valid_rmse-1.4121, valid_pr-0.6832
2022-11-25 09:47:14 - INFO - epoch-101, train_loss-0.2207, train_rmse-0.4698, valid_rmse-1.4654, valid_pr-0.6653
2022-11-25 09:47:33 - INFO - epoch-102, train_loss-0.2123, train_rmse-0.4608, valid_rmse-1.4297, valid_pr-0.6659
2022-11-25 09:47:51 - INFO - epoch-103, train_loss-0.2267, train_rmse-0.4762, valid_rmse-1.4463, valid_pr-0.6697
2022-11-25 09:48:10 - INFO - epoch-104, train_loss-0.2058, train_rmse-0.4537, valid_rmse-1.4028, valid_pr-0.6762
2022-11-25 09:48:28 - INFO - epoch-105, train_loss-0.2088, train_rmse-0.4570, valid_rmse-1.4103, valid_pr-0.6745
2022-11-25 09:48:46 - INFO - epoch-106, train_loss-0.2034, train_rmse-0.4510, valid_rmse-1.4345, valid_pr-0.6839
2022-11-25 09:49:05 - INFO - epoch-107, train_loss-0.2044, train_rmse-0.4521, valid_rmse-1.4118, valid_pr-0.6714
2022-11-25 09:49:38 - INFO - epoch-108, train_loss-0.2114, train_rmse-0.4598, valid_rmse-1.3969, valid_pr-0.6710
2022-11-25 09:49:57 - INFO - epoch-109, train_loss-0.2025, train_rmse-0.4500, valid_rmse-1.4176, valid_pr-0.6808
2022-11-25 09:50:15 - INFO - epoch-110, train_loss-0.2001, train_rmse-0.4473, valid_rmse-1.4203, valid_pr-0.6697
2022-11-25 09:50:34 - INFO - epoch-111, train_loss-0.2030, train_rmse-0.4506, valid_rmse-1.3985, valid_pr-0.6771
2022-11-25 09:50:53 - INFO - epoch-112, train_loss-0.2030, train_rmse-0.4506, valid_rmse-1.4084, valid_pr-0.6796
2022-11-25 09:51:11 - INFO - epoch-113, train_loss-0.1963, train_rmse-0.4430, valid_rmse-1.4533, valid_pr-0.6745
2022-11-25 09:51:30 - INFO - epoch-114, train_loss-0.1952, train_rmse-0.4419, valid_rmse-1.4005, valid_pr-0.6758
2022-11-25 09:51:48 - INFO - epoch-115, train_loss-0.1824, train_rmse-0.4271, valid_rmse-1.3880, valid_pr-0.6789
2022-11-25 09:52:07 - INFO - epoch-116, train_loss-0.1794, train_rmse-0.4236, valid_rmse-1.3674, valid_pr-0.6828
2022-11-25 09:52:25 - INFO - epoch-117, train_loss-0.1737, train_rmse-0.4168, valid_rmse-1.3999, valid_pr-0.6793
2022-11-25 09:52:44 - INFO - epoch-118, train_loss-0.1742, train_rmse-0.4173, valid_rmse-1.3695, valid_pr-0.6893
2022-11-25 09:53:02 - INFO - epoch-119, train_loss-0.1750, train_rmse-0.4184, valid_rmse-1.3941, valid_pr-0.6774
2022-11-25 09:53:20 - INFO - epoch-120, train_loss-0.1771, train_rmse-0.4208, valid_rmse-1.4133, valid_pr-0.6715
2022-11-25 09:53:39 - INFO - epoch-121, train_loss-0.1889, train_rmse-0.4346, valid_rmse-1.4247, valid_pr-0.6714
2022-11-25 09:53:57 - INFO - epoch-122, train_loss-0.1772, train_rmse-0.4210, valid_rmse-1.4442, valid_pr-0.6733
2022-11-25 09:54:16 - INFO - epoch-123, train_loss-0.1731, train_rmse-0.4161, valid_rmse-1.3980, valid_pr-0.6728
2022-11-25 09:54:34 - INFO - epoch-124, train_loss-0.1722, train_rmse-0.4150, valid_rmse-1.3632, valid_pr-0.6862
2022-11-25 09:54:53 - INFO - epoch-125, train_loss-0.1779, train_rmse-0.4218, valid_rmse-1.4180, valid_pr-0.6782
2022-11-25 09:55:11 - INFO - epoch-126, train_loss-0.1590, train_rmse-0.3988, valid_rmse-1.4303, valid_pr-0.6790
2022-11-25 09:55:30 - INFO - epoch-127, train_loss-0.1690, train_rmse-0.4111, valid_rmse-1.4490, valid_pr-0.6817
2022-11-25 09:55:48 - INFO - epoch-128, train_loss-0.1510, train_rmse-0.3886, valid_rmse-1.3924, valid_pr-0.6799
2022-11-25 09:56:07 - INFO - epoch-129, train_loss-0.1668, train_rmse-0.4084, valid_rmse-1.4638, valid_pr-0.6667
2022-11-25 09:56:26 - INFO - epoch-130, train_loss-0.1572, train_rmse-0.3965, valid_rmse-1.4873, valid_pr-0.6732
2022-11-25 09:56:44 - INFO - epoch-131, train_loss-0.1590, train_rmse-0.3987, valid_rmse-1.3766, valid_pr-0.6785
2022-11-25 09:57:03 - INFO - epoch-132, train_loss-0.1617, train_rmse-0.4022, valid_rmse-1.4048, valid_pr-0.6693
2022-11-25 09:57:21 - INFO - epoch-133, train_loss-0.1538, train_rmse-0.3922, valid_rmse-1.3680, valid_pr-0.6808
2022-11-25 09:57:40 - INFO - epoch-134, train_loss-0.1511, train_rmse-0.3887, valid_rmse-1.3780, valid_pr-0.6835
2022-11-25 09:57:58 - INFO - epoch-135, train_loss-0.1515, train_rmse-0.3893, valid_rmse-1.3676, valid_pr-0.6879
2022-11-25 09:58:16 - INFO - epoch-136, train_loss-0.1563, train_rmse-0.3953, valid_rmse-1.3972, valid_pr-0.6856
2022-11-25 09:58:34 - INFO - epoch-137, train_loss-0.1490, train_rmse-0.3860, valid_rmse-1.4498, valid_pr-0.6833
2022-11-25 09:58:53 - INFO - epoch-138, train_loss-0.1523, train_rmse-0.3903, valid_rmse-1.3993, valid_pr-0.6846
2022-11-25 09:59:11 - INFO - epoch-139, train_loss-0.1467, train_rmse-0.3830, valid_rmse-1.4277, valid_pr-0.6811
2022-11-25 09:59:30 - INFO - epoch-140, train_loss-0.1410, train_rmse-0.3755, valid_rmse-1.4243, valid_pr-0.6764
2022-11-25 09:59:49 - INFO - epoch-141, train_loss-0.1436, train_rmse-0.3790, valid_rmse-1.4804, valid_pr-0.6757
2022-11-25 10:00:07 - INFO - epoch-142, train_loss-0.1529, train_rmse-0.3911, valid_rmse-1.4013, valid_pr-0.6743
2022-11-25 10:00:25 - INFO - epoch-143, train_loss-0.1463, train_rmse-0.3825, valid_rmse-1.3783, valid_pr-0.6811
2022-11-25 10:00:43 - INFO - epoch-144, train_loss-0.1447, train_rmse-0.3804, valid_rmse-1.3744, valid_pr-0.6780
2022-11-25 10:01:02 - INFO - epoch-145, train_loss-0.1505, train_rmse-0.3879, valid_rmse-1.4141, valid_pr-0.6818
2022-11-25 10:01:21 - INFO - epoch-146, train_loss-0.1351, train_rmse-0.3676, valid_rmse-1.4064, valid_pr-0.6872
2022-11-25 10:01:39 - INFO - epoch-147, train_loss-0.1360, train_rmse-0.3688, valid_rmse-1.3789, valid_pr-0.6835
2022-11-25 10:01:58 - INFO - epoch-148, train_loss-0.1379, train_rmse-0.3713, valid_rmse-1.4266, valid_pr-0.6789
2022-11-25 10:02:17 - INFO - epoch-149, train_loss-0.1487, train_rmse-0.3856, valid_rmse-1.4154, valid_pr-0.6778
2022-11-25 10:02:35 - INFO - epoch-150, train_loss-0.1496, train_rmse-0.3868, valid_rmse-1.4630, valid_pr-0.6932
2022-11-25 10:02:54 - INFO - epoch-151, train_loss-0.1422, train_rmse-0.3771, valid_rmse-1.3900, valid_pr-0.6897
2022-11-25 10:03:12 - INFO - epoch-152, train_loss-0.1375, train_rmse-0.3708, valid_rmse-1.3839, valid_pr-0.6761
2022-11-25 10:03:31 - INFO - epoch-153, train_loss-0.1331, train_rmse-0.3648, valid_rmse-1.4377, valid_pr-0.6703
2022-11-25 10:03:50 - INFO - epoch-154, train_loss-0.1314, train_rmse-0.3624, valid_rmse-1.3903, valid_pr-0.6769
2022-11-25 10:04:08 - INFO - epoch-155, train_loss-0.1363, train_rmse-0.3692, valid_rmse-1.3943, valid_pr-0.6713
2022-11-25 10:04:26 - INFO - epoch-156, train_loss-0.1448, train_rmse-0.3805, valid_rmse-1.3819, valid_pr-0.6877
2022-11-25 10:04:45 - INFO - epoch-157, train_loss-0.1366, train_rmse-0.3696, valid_rmse-1.4854, valid_pr-0.6759
2022-11-25 10:05:03 - INFO - epoch-158, train_loss-0.1366, train_rmse-0.3695, valid_rmse-1.3548, valid_pr-0.6863
2022-11-25 10:05:22 - INFO - epoch-159, train_loss-0.1400, train_rmse-0.3742, valid_rmse-1.4186, valid_pr-0.6766
2022-11-25 10:05:41 - INFO - epoch-160, train_loss-0.1419, train_rmse-0.3767, valid_rmse-1.4591, valid_pr-0.6799
2022-11-25 10:05:59 - INFO - epoch-161, train_loss-0.1262, train_rmse-0.3552, valid_rmse-1.3897, valid_pr-0.6798
2022-11-25 10:06:17 - INFO - epoch-162, train_loss-0.1172, train_rmse-0.3424, valid_rmse-1.3789, valid_pr-0.6876
2022-11-25 10:06:36 - INFO - epoch-163, train_loss-0.1350, train_rmse-0.3674, valid_rmse-1.4043, valid_pr-0.6861
2022-11-25 10:06:54 - INFO - epoch-164, train_loss-0.1290, train_rmse-0.3591, valid_rmse-1.3938, valid_pr-0.6855
2022-11-25 10:07:13 - INFO - epoch-165, train_loss-0.1188, train_rmse-0.3447, valid_rmse-1.3807, valid_pr-0.6912
2022-11-25 10:07:31 - INFO - epoch-166, train_loss-0.1240, train_rmse-0.3522, valid_rmse-1.3817, valid_pr-0.6827
2022-11-25 10:07:50 - INFO - epoch-167, train_loss-0.1239, train_rmse-0.3520, valid_rmse-1.3757, valid_pr-0.6843
2022-11-25 10:08:08 - INFO - epoch-168, train_loss-0.1231, train_rmse-0.3509, valid_rmse-1.4203, valid_pr-0.6754
2022-11-25 10:08:27 - INFO - epoch-169, train_loss-0.1365, train_rmse-0.3695, valid_rmse-1.4431, valid_pr-0.6779
2022-11-25 10:08:45 - INFO - epoch-170, train_loss-0.1318, train_rmse-0.3630, valid_rmse-1.3800, valid_pr-0.6848
2022-11-25 10:09:03 - INFO - epoch-171, train_loss-0.1204, train_rmse-0.3470, valid_rmse-1.3644, valid_pr-0.6854
2022-11-25 10:09:03 - INFO - early stop in epoch 171
2022-11-25 10:09:03 - INFO - best_rmse: 1.3533
2022-11-25 10:09:16 - INFO - valid_rmse-1.3533, valid_pr-0.6963, test2013_rmse-1.5964, test2013_pr-0.7277, test2016_rmse-1.3638, test2016_pr-0.7829, test2019_rmse-1.5807, test2019_pr-0.5429,
