2022-11-21 07:47:58 - INFO - /home/yangziduo/project/drug/GIGN_git/train_GIGN.py
2022-11-21 07:47:58 - INFO - train data: 11904
2022-11-21 07:47:58 - INFO - valid data: 1000
2022-11-21 07:47:58 - INFO - test2013 data: 107
2022-11-21 07:47:58 - INFO - test2016 data: 285
2022-11-21 07:47:58 - INFO - test2019 data: 4366
2022-11-21 07:48:08 - INFO - epoch-0, train_loss-40.5179, train_rmse-6.3654, valid_rmse-5.6213, valid_pr-0.5236
2022-11-21 07:48:15 - INFO - epoch-1, train_loss-24.5868, train_rmse-4.9585, valid_rmse-3.2998, valid_pr-0.5346
2022-11-21 07:48:22 - INFO - epoch-2, train_loss-7.2783, train_rmse-2.6978, valid_rmse-1.5390, valid_pr-0.5876
2022-11-21 07:48:29 - INFO - epoch-3, train_loss-3.2324, train_rmse-1.7979, valid_rmse-1.5931, valid_pr-0.5817
2022-11-21 07:48:35 - INFO - epoch-4, train_loss-2.9492, train_rmse-1.7173, valid_rmse-1.4564, valid_pr-0.6286
2022-11-21 07:48:42 - INFO - epoch-5, train_loss-2.7960, train_rmse-1.6721, valid_rmse-1.4068, valid_pr-0.6539
2022-11-21 07:48:49 - INFO - epoch-6, train_loss-2.7089, train_rmse-1.6459, valid_rmse-1.3998, valid_pr-0.6691
2022-11-21 07:48:56 - INFO - epoch-7, train_loss-2.5549, train_rmse-1.5984, valid_rmse-1.3716, valid_pr-0.6720
2022-11-21 07:49:03 - INFO - epoch-8, train_loss-2.5036, train_rmse-1.5823, valid_rmse-1.4160, valid_pr-0.6425
2022-11-21 07:49:10 - INFO - epoch-9, train_loss-2.4725, train_rmse-1.5724, valid_rmse-1.4662, valid_pr-0.6226
2022-11-21 07:49:17 - INFO - epoch-10, train_loss-2.4008, train_rmse-1.5494, valid_rmse-1.3533, valid_pr-0.6809
2022-11-21 07:49:24 - INFO - epoch-11, train_loss-2.3431, train_rmse-1.5307, valid_rmse-1.3194, valid_pr-0.7029
2022-11-21 07:49:30 - INFO - epoch-12, train_loss-2.2905, train_rmse-1.5135, valid_rmse-1.3441, valid_pr-0.6885
2022-11-21 07:49:37 - INFO - epoch-13, train_loss-2.2087, train_rmse-1.4862, valid_rmse-1.3675, valid_pr-0.6796
2022-11-21 07:49:44 - INFO - epoch-14, train_loss-2.1800, train_rmse-1.4765, valid_rmse-1.3207, valid_pr-0.7030
2022-11-21 07:49:51 - INFO - epoch-15, train_loss-2.1279, train_rmse-1.4587, valid_rmse-1.3166, valid_pr-0.7028
2022-11-21 07:49:58 - INFO - epoch-16, train_loss-2.0301, train_rmse-1.4248, valid_rmse-1.3322, valid_pr-0.6945
2022-11-21 07:50:05 - INFO - epoch-17, train_loss-2.0266, train_rmse-1.4236, valid_rmse-1.3180, valid_pr-0.7071
2022-11-21 07:50:12 - INFO - epoch-18, train_loss-1.9730, train_rmse-1.4046, valid_rmse-1.3293, valid_pr-0.6942
2022-11-21 07:50:19 - INFO - epoch-19, train_loss-1.9926, train_rmse-1.4116, valid_rmse-1.3403, valid_pr-0.7001
2022-11-21 07:50:26 - INFO - epoch-20, train_loss-1.8827, train_rmse-1.3721, valid_rmse-1.3577, valid_pr-0.6836
2022-11-21 07:50:33 - INFO - epoch-21, train_loss-1.9124, train_rmse-1.3829, valid_rmse-1.2836, valid_pr-0.7253
2022-11-21 07:50:40 - INFO - epoch-22, train_loss-1.8128, train_rmse-1.3464, valid_rmse-1.2883, valid_pr-0.7221
2022-11-21 07:50:46 - INFO - epoch-23, train_loss-1.7614, train_rmse-1.3272, valid_rmse-1.2918, valid_pr-0.7151
2022-11-21 07:50:53 - INFO - epoch-24, train_loss-1.7586, train_rmse-1.3261, valid_rmse-1.3226, valid_pr-0.7097
2022-11-21 07:51:00 - INFO - epoch-25, train_loss-1.7242, train_rmse-1.3131, valid_rmse-1.2969, valid_pr-0.7152
2022-11-21 07:51:07 - INFO - epoch-26, train_loss-1.6713, train_rmse-1.2928, valid_rmse-1.2876, valid_pr-0.7197
2022-11-21 07:51:14 - INFO - epoch-27, train_loss-1.6460, train_rmse-1.2829, valid_rmse-1.3201, valid_pr-0.7135
2022-11-21 07:51:20 - INFO - epoch-28, train_loss-1.5878, train_rmse-1.2601, valid_rmse-1.2833, valid_pr-0.7214
2022-11-21 07:51:27 - INFO - epoch-29, train_loss-1.5640, train_rmse-1.2506, valid_rmse-1.3310, valid_pr-0.7179
2022-11-21 07:51:34 - INFO - epoch-30, train_loss-1.5183, train_rmse-1.2322, valid_rmse-1.2856, valid_pr-0.7244
2022-11-21 07:51:41 - INFO - epoch-31, train_loss-1.5192, train_rmse-1.2325, valid_rmse-1.2923, valid_pr-0.7189
2022-11-21 07:51:48 - INFO - epoch-32, train_loss-1.4570, train_rmse-1.2070, valid_rmse-1.2774, valid_pr-0.7233
2022-11-21 07:51:55 - INFO - epoch-33, train_loss-1.4122, train_rmse-1.1884, valid_rmse-1.2418, valid_pr-0.7418
2022-11-21 07:52:02 - INFO - epoch-34, train_loss-1.4069, train_rmse-1.1861, valid_rmse-1.3007, valid_pr-0.7199
2022-11-21 07:52:08 - INFO - epoch-35, train_loss-1.3918, train_rmse-1.1798, valid_rmse-1.2616, valid_pr-0.7380
2022-11-21 07:52:15 - INFO - epoch-36, train_loss-1.3571, train_rmse-1.1649, valid_rmse-1.3035, valid_pr-0.7191
2022-11-21 07:52:22 - INFO - epoch-37, train_loss-1.3113, train_rmse-1.1451, valid_rmse-1.2658, valid_pr-0.7392
2022-11-21 07:52:29 - INFO - epoch-38, train_loss-1.2710, train_rmse-1.1274, valid_rmse-1.2921, valid_pr-0.7323
2022-11-21 07:52:36 - INFO - epoch-39, train_loss-1.2735, train_rmse-1.1285, valid_rmse-1.3264, valid_pr-0.7151
2022-11-21 07:52:43 - INFO - epoch-40, train_loss-1.2630, train_rmse-1.1238, valid_rmse-1.2927, valid_pr-0.7240
2022-11-21 07:52:49 - INFO - epoch-41, train_loss-1.2336, train_rmse-1.1107, valid_rmse-1.3056, valid_pr-0.7235
2022-11-21 07:52:56 - INFO - epoch-42, train_loss-1.1730, train_rmse-1.0831, valid_rmse-1.3117, valid_pr-0.7149
2022-11-21 07:53:03 - INFO - epoch-43, train_loss-1.1741, train_rmse-1.0836, valid_rmse-1.2611, valid_pr-0.7369
2022-11-21 07:53:10 - INFO - epoch-44, train_loss-1.1356, train_rmse-1.0656, valid_rmse-1.2860, valid_pr-0.7274
2022-11-21 07:53:17 - INFO - epoch-45, train_loss-1.0894, train_rmse-1.0437, valid_rmse-1.2796, valid_pr-0.7342
2022-11-21 07:53:24 - INFO - epoch-46, train_loss-1.1110, train_rmse-1.0541, valid_rmse-1.2818, valid_pr-0.7289
2022-11-21 07:53:30 - INFO - epoch-47, train_loss-1.0556, train_rmse-1.0274, valid_rmse-1.3147, valid_pr-0.7292
2022-11-21 07:53:37 - INFO - epoch-48, train_loss-1.0860, train_rmse-1.0421, valid_rmse-1.2839, valid_pr-0.7404
2022-11-21 07:53:44 - INFO - epoch-49, train_loss-1.0128, train_rmse-1.0064, valid_rmse-1.2849, valid_pr-0.7325
2022-11-21 07:53:51 - INFO - epoch-50, train_loss-1.0036, train_rmse-1.0018, valid_rmse-1.2788, valid_pr-0.7318
2022-11-21 07:53:58 - INFO - epoch-51, train_loss-1.0130, train_rmse-1.0065, valid_rmse-1.2931, valid_pr-0.7297
2022-11-21 07:54:05 - INFO - epoch-52, train_loss-0.9582, train_rmse-0.9789, valid_rmse-1.2972, valid_pr-0.7211
2022-11-21 07:54:12 - INFO - epoch-53, train_loss-0.9715, train_rmse-0.9857, valid_rmse-1.2727, valid_pr-0.7416
2022-11-21 07:54:19 - INFO - epoch-54, train_loss-0.9219, train_rmse-0.9602, valid_rmse-1.2388, valid_pr-0.7501
2022-11-21 07:54:26 - INFO - epoch-55, train_loss-0.9090, train_rmse-0.9534, valid_rmse-1.2581, valid_pr-0.7440
2022-11-21 07:54:32 - INFO - epoch-56, train_loss-0.8769, train_rmse-0.9364, valid_rmse-1.2716, valid_pr-0.7362
2022-11-21 07:54:39 - INFO - epoch-57, train_loss-0.8679, train_rmse-0.9316, valid_rmse-1.2639, valid_pr-0.7397
2022-11-21 07:54:46 - INFO - epoch-58, train_loss-0.8210, train_rmse-0.9061, valid_rmse-1.2609, valid_pr-0.7443
2022-11-21 07:54:53 - INFO - epoch-59, train_loss-0.8318, train_rmse-0.9121, valid_rmse-1.2656, valid_pr-0.7479
2022-11-21 07:55:00 - INFO - epoch-60, train_loss-0.8017, train_rmse-0.8954, valid_rmse-1.2397, valid_pr-0.7496
2022-11-21 07:55:07 - INFO - epoch-61, train_loss-0.7871, train_rmse-0.8872, valid_rmse-1.2808, valid_pr-0.7315
2022-11-21 07:55:14 - INFO - epoch-62, train_loss-0.8051, train_rmse-0.8973, valid_rmse-1.2607, valid_pr-0.7355
2022-11-21 07:55:21 - INFO - epoch-63, train_loss-0.7545, train_rmse-0.8686, valid_rmse-1.2799, valid_pr-0.7405
2022-11-21 07:55:28 - INFO - epoch-64, train_loss-0.7480, train_rmse-0.8649, valid_rmse-1.2892, valid_pr-0.7359
2022-11-21 07:55:35 - INFO - epoch-65, train_loss-0.7527, train_rmse-0.8676, valid_rmse-1.2413, valid_pr-0.7467
2022-11-21 07:55:42 - INFO - epoch-66, train_loss-0.7375, train_rmse-0.8588, valid_rmse-1.2381, valid_pr-0.7496
2022-11-21 07:55:48 - INFO - epoch-67, train_loss-0.7065, train_rmse-0.8406, valid_rmse-1.2572, valid_pr-0.7517
2022-11-21 07:55:55 - INFO - epoch-68, train_loss-0.6819, train_rmse-0.8258, valid_rmse-1.2667, valid_pr-0.7375
2022-11-21 07:56:02 - INFO - epoch-69, train_loss-0.6974, train_rmse-0.8351, valid_rmse-1.2950, valid_pr-0.7332
2022-11-21 07:56:09 - INFO - epoch-70, train_loss-0.6836, train_rmse-0.8268, valid_rmse-1.2607, valid_pr-0.7444
2022-11-21 07:56:16 - INFO - epoch-71, train_loss-0.6615, train_rmse-0.8133, valid_rmse-1.2706, valid_pr-0.7383
2022-11-21 07:56:23 - INFO - epoch-72, train_loss-0.6561, train_rmse-0.8100, valid_rmse-1.2397, valid_pr-0.7535
2022-11-21 07:56:30 - INFO - epoch-73, train_loss-0.6340, train_rmse-0.7962, valid_rmse-1.2417, valid_pr-0.7463
2022-11-21 07:56:36 - INFO - epoch-74, train_loss-0.6370, train_rmse-0.7981, valid_rmse-1.2876, valid_pr-0.7343
2022-11-21 07:56:43 - INFO - epoch-75, train_loss-0.6461, train_rmse-0.8038, valid_rmse-1.2660, valid_pr-0.7428
2022-11-21 07:56:50 - INFO - epoch-76, train_loss-0.6048, train_rmse-0.7777, valid_rmse-1.2395, valid_pr-0.7541
2022-11-21 07:56:57 - INFO - epoch-77, train_loss-0.6040, train_rmse-0.7772, valid_rmse-1.2265, valid_pr-0.7579
2022-11-21 07:57:04 - INFO - epoch-78, train_loss-0.5931, train_rmse-0.7702, valid_rmse-1.2271, valid_pr-0.7521
2022-11-21 07:57:11 - INFO - epoch-79, train_loss-0.5863, train_rmse-0.7657, valid_rmse-1.2342, valid_pr-0.7545
2022-11-21 07:57:17 - INFO - epoch-80, train_loss-0.5791, train_rmse-0.7610, valid_rmse-1.2469, valid_pr-0.7497
2022-11-21 07:57:24 - INFO - epoch-81, train_loss-0.5656, train_rmse-0.7521, valid_rmse-1.2458, valid_pr-0.7548
2022-11-21 07:57:31 - INFO - epoch-82, train_loss-0.5547, train_rmse-0.7448, valid_rmse-1.2402, valid_pr-0.7578
2022-11-21 07:57:38 - INFO - epoch-83, train_loss-0.5502, train_rmse-0.7417, valid_rmse-1.2610, valid_pr-0.7506
2022-11-21 07:57:45 - INFO - epoch-84, train_loss-0.5429, train_rmse-0.7368, valid_rmse-1.2545, valid_pr-0.7497
2022-11-21 07:57:52 - INFO - epoch-85, train_loss-0.5268, train_rmse-0.7258, valid_rmse-1.2241, valid_pr-0.7591
2022-11-21 07:57:58 - INFO - epoch-86, train_loss-0.5246, train_rmse-0.7243, valid_rmse-1.2671, valid_pr-0.7397
2022-11-21 07:58:05 - INFO - epoch-87, train_loss-0.5338, train_rmse-0.7306, valid_rmse-1.2548, valid_pr-0.7481
2022-11-21 07:58:12 - INFO - epoch-88, train_loss-0.5340, train_rmse-0.7307, valid_rmse-1.2421, valid_pr-0.7495
2022-11-21 07:58:19 - INFO - epoch-89, train_loss-0.5240, train_rmse-0.7239, valid_rmse-1.2582, valid_pr-0.7426
2022-11-21 07:58:26 - INFO - epoch-90, train_loss-0.5033, train_rmse-0.7094, valid_rmse-1.2455, valid_pr-0.7515
2022-11-21 07:58:33 - INFO - epoch-91, train_loss-0.4933, train_rmse-0.7024, valid_rmse-1.2473, valid_pr-0.7528
2022-11-21 07:58:40 - INFO - epoch-92, train_loss-0.4810, train_rmse-0.6935, valid_rmse-1.2392, valid_pr-0.7560
2022-11-21 07:58:47 - INFO - epoch-93, train_loss-0.4864, train_rmse-0.6974, valid_rmse-1.2488, valid_pr-0.7520
2022-11-21 07:58:53 - INFO - epoch-94, train_loss-0.4774, train_rmse-0.6910, valid_rmse-1.2378, valid_pr-0.7530
2022-11-21 07:59:00 - INFO - epoch-95, train_loss-0.4840, train_rmse-0.6957, valid_rmse-1.2490, valid_pr-0.7534
2022-11-21 07:59:07 - INFO - epoch-96, train_loss-0.4606, train_rmse-0.6786, valid_rmse-1.2499, valid_pr-0.7451
2022-11-21 07:59:14 - INFO - epoch-97, train_loss-0.4676, train_rmse-0.6838, valid_rmse-1.2724, valid_pr-0.7467
2022-11-21 07:59:21 - INFO - epoch-98, train_loss-0.4671, train_rmse-0.6835, valid_rmse-1.2288, valid_pr-0.7546
2022-11-21 07:59:28 - INFO - epoch-99, train_loss-0.4530, train_rmse-0.6730, valid_rmse-1.2538, valid_pr-0.7417
2022-11-21 07:59:34 - INFO - epoch-100, train_loss-0.4418, train_rmse-0.6647, valid_rmse-1.2290, valid_pr-0.7570
2022-11-21 07:59:41 - INFO - epoch-101, train_loss-0.4379, train_rmse-0.6617, valid_rmse-1.2366, valid_pr-0.7540
2022-11-21 07:59:48 - INFO - epoch-102, train_loss-0.4281, train_rmse-0.6543, valid_rmse-1.2350, valid_pr-0.7506
2022-11-21 07:59:55 - INFO - epoch-103, train_loss-0.4331, train_rmse-0.6581, valid_rmse-1.2187, valid_pr-0.7632
2022-11-21 08:00:02 - INFO - epoch-104, train_loss-0.4123, train_rmse-0.6421, valid_rmse-1.2392, valid_pr-0.7550
2022-11-21 08:00:09 - INFO - epoch-105, train_loss-0.4271, train_rmse-0.6535, valid_rmse-1.2096, valid_pr-0.7637
2022-11-21 08:00:16 - INFO - epoch-106, train_loss-0.4230, train_rmse-0.6504, valid_rmse-1.2264, valid_pr-0.7542
2022-11-21 08:00:23 - INFO - epoch-107, train_loss-0.4117, train_rmse-0.6417, valid_rmse-1.2324, valid_pr-0.7543
2022-11-21 08:00:30 - INFO - epoch-108, train_loss-0.4182, train_rmse-0.6467, valid_rmse-1.2218, valid_pr-0.7551
2022-11-21 08:00:36 - INFO - epoch-109, train_loss-0.4272, train_rmse-0.6536, valid_rmse-1.2221, valid_pr-0.7595
2022-11-21 08:00:43 - INFO - epoch-110, train_loss-0.4278, train_rmse-0.6541, valid_rmse-1.2310, valid_pr-0.7521
2022-11-21 08:00:50 - INFO - epoch-111, train_loss-0.3897, train_rmse-0.6242, valid_rmse-1.2462, valid_pr-0.7538
2022-11-21 08:00:57 - INFO - epoch-112, train_loss-0.3884, train_rmse-0.6233, valid_rmse-1.2441, valid_pr-0.7496
2022-11-21 08:01:03 - INFO - epoch-113, train_loss-0.4020, train_rmse-0.6341, valid_rmse-1.2198, valid_pr-0.7593
2022-11-21 08:01:10 - INFO - epoch-114, train_loss-0.3828, train_rmse-0.6187, valid_rmse-1.2319, valid_pr-0.7566
2022-11-21 08:01:17 - INFO - epoch-115, train_loss-0.3844, train_rmse-0.6200, valid_rmse-1.2597, valid_pr-0.7426
2022-11-21 08:01:24 - INFO - epoch-116, train_loss-0.3849, train_rmse-0.6204, valid_rmse-1.2449, valid_pr-0.7504
2022-11-21 08:01:31 - INFO - epoch-117, train_loss-0.3714, train_rmse-0.6095, valid_rmse-1.2496, valid_pr-0.7495
2022-11-21 08:01:38 - INFO - epoch-118, train_loss-0.3713, train_rmse-0.6094, valid_rmse-1.2670, valid_pr-0.7436
2022-11-21 08:01:44 - INFO - epoch-119, train_loss-0.3838, train_rmse-0.6195, valid_rmse-1.2303, valid_pr-0.7543
2022-11-21 08:01:51 - INFO - epoch-120, train_loss-0.3652, train_rmse-0.6043, valid_rmse-1.2426, valid_pr-0.7581
2022-11-21 08:01:58 - INFO - epoch-121, train_loss-0.3660, train_rmse-0.6049, valid_rmse-1.2121, valid_pr-0.7600
2022-11-21 08:02:05 - INFO - epoch-122, train_loss-0.3631, train_rmse-0.6026, valid_rmse-1.2269, valid_pr-0.7595
2022-11-21 08:02:12 - INFO - epoch-123, train_loss-0.3507, train_rmse-0.5922, valid_rmse-1.2172, valid_pr-0.7584
2022-11-21 08:02:19 - INFO - epoch-124, train_loss-0.3626, train_rmse-0.6021, valid_rmse-1.2282, valid_pr-0.7548
2022-11-21 08:02:26 - INFO - epoch-125, train_loss-0.3450, train_rmse-0.5874, valid_rmse-1.1969, valid_pr-0.7712
2022-11-21 08:02:32 - INFO - epoch-126, train_loss-0.3466, train_rmse-0.5887, valid_rmse-1.2049, valid_pr-0.7646
2022-11-21 08:02:39 - INFO - epoch-127, train_loss-0.3399, train_rmse-0.5830, valid_rmse-1.2187, valid_pr-0.7657
2022-11-21 08:02:46 - INFO - epoch-128, train_loss-0.3410, train_rmse-0.5840, valid_rmse-1.2579, valid_pr-0.7465
2022-11-21 08:02:53 - INFO - epoch-129, train_loss-0.3374, train_rmse-0.5809, valid_rmse-1.2168, valid_pr-0.7611
2022-11-21 08:03:00 - INFO - epoch-130, train_loss-0.3351, train_rmse-0.5789, valid_rmse-1.2139, valid_pr-0.7613
2022-11-21 08:03:07 - INFO - epoch-131, train_loss-0.3312, train_rmse-0.5755, valid_rmse-1.2227, valid_pr-0.7546
2022-11-21 08:03:13 - INFO - epoch-132, train_loss-0.3348, train_rmse-0.5786, valid_rmse-1.2295, valid_pr-0.7541
2022-11-21 08:03:20 - INFO - epoch-133, train_loss-0.3273, train_rmse-0.5721, valid_rmse-1.2327, valid_pr-0.7535
2022-11-21 08:03:27 - INFO - epoch-134, train_loss-0.3335, train_rmse-0.5775, valid_rmse-1.2290, valid_pr-0.7567
2022-11-21 08:03:34 - INFO - epoch-135, train_loss-0.3352, train_rmse-0.5789, valid_rmse-1.2477, valid_pr-0.7490
2022-11-21 08:03:41 - INFO - epoch-136, train_loss-0.3339, train_rmse-0.5778, valid_rmse-1.2464, valid_pr-0.7458
2022-11-21 08:03:48 - INFO - epoch-137, train_loss-0.3210, train_rmse-0.5665, valid_rmse-1.2414, valid_pr-0.7527
2022-11-21 08:03:54 - INFO - epoch-138, train_loss-0.3115, train_rmse-0.5581, valid_rmse-1.2231, valid_pr-0.7571
2022-11-21 08:04:01 - INFO - epoch-139, train_loss-0.3130, train_rmse-0.5595, valid_rmse-1.2375, valid_pr-0.7507
2022-11-21 08:04:08 - INFO - epoch-140, train_loss-0.3223, train_rmse-0.5677, valid_rmse-1.2388, valid_pr-0.7559
2022-11-21 08:04:15 - INFO - epoch-141, train_loss-0.3191, train_rmse-0.5649, valid_rmse-1.2379, valid_pr-0.7559
2022-11-21 08:04:22 - INFO - epoch-142, train_loss-0.3058, train_rmse-0.5530, valid_rmse-1.2076, valid_pr-0.7654
2022-11-21 08:04:28 - INFO - epoch-143, train_loss-0.3082, train_rmse-0.5551, valid_rmse-1.2143, valid_pr-0.7596
2022-11-21 08:04:35 - INFO - epoch-144, train_loss-0.2993, train_rmse-0.5471, valid_rmse-1.2251, valid_pr-0.7613
2022-11-21 08:04:42 - INFO - epoch-145, train_loss-0.3104, train_rmse-0.5571, valid_rmse-1.2107, valid_pr-0.7617
2022-11-21 08:04:49 - INFO - epoch-146, train_loss-0.2980, train_rmse-0.5459, valid_rmse-1.2335, valid_pr-0.7543
2022-11-21 08:04:56 - INFO - epoch-147, train_loss-0.2956, train_rmse-0.5437, valid_rmse-1.2234, valid_pr-0.7588
2022-11-21 08:05:03 - INFO - epoch-148, train_loss-0.2947, train_rmse-0.5428, valid_rmse-1.2247, valid_pr-0.7597
2022-11-21 08:05:10 - INFO - epoch-149, train_loss-0.2852, train_rmse-0.5341, valid_rmse-1.2327, valid_pr-0.7601
2022-11-21 08:05:16 - INFO - epoch-150, train_loss-0.3035, train_rmse-0.5509, valid_rmse-1.2131, valid_pr-0.7626
2022-11-21 08:05:23 - INFO - epoch-151, train_loss-0.2867, train_rmse-0.5355, valid_rmse-1.2383, valid_pr-0.7576
2022-11-21 08:05:30 - INFO - epoch-152, train_loss-0.2892, train_rmse-0.5378, valid_rmse-1.2008, valid_pr-0.7651
2022-11-21 08:05:37 - INFO - epoch-153, train_loss-0.2866, train_rmse-0.5354, valid_rmse-1.1814, valid_pr-0.7728
2022-11-21 08:05:44 - INFO - epoch-154, train_loss-0.2838, train_rmse-0.5327, valid_rmse-1.1954, valid_pr-0.7679
2022-11-21 08:05:51 - INFO - epoch-155, train_loss-0.2871, train_rmse-0.5358, valid_rmse-1.2074, valid_pr-0.7641
2022-11-21 08:05:58 - INFO - epoch-156, train_loss-0.2902, train_rmse-0.5387, valid_rmse-1.2128, valid_pr-0.7636
2022-11-21 08:06:05 - INFO - epoch-157, train_loss-0.2786, train_rmse-0.5278, valid_rmse-1.1975, valid_pr-0.7690
2022-11-21 08:06:12 - INFO - epoch-158, train_loss-0.2830, train_rmse-0.5320, valid_rmse-1.2453, valid_pr-0.7584
2022-11-21 08:06:18 - INFO - epoch-159, train_loss-0.2894, train_rmse-0.5379, valid_rmse-1.2059, valid_pr-0.7611
2022-11-21 08:06:25 - INFO - epoch-160, train_loss-0.2689, train_rmse-0.5186, valid_rmse-1.1960, valid_pr-0.7698
2022-11-21 08:06:32 - INFO - epoch-161, train_loss-0.2770, train_rmse-0.5263, valid_rmse-1.2345, valid_pr-0.7577
2022-11-21 08:06:39 - INFO - epoch-162, train_loss-0.2699, train_rmse-0.5195, valid_rmse-1.2367, valid_pr-0.7596
2022-11-21 08:06:46 - INFO - epoch-163, train_loss-0.2699, train_rmse-0.5196, valid_rmse-1.1945, valid_pr-0.7668
2022-11-21 08:06:53 - INFO - epoch-164, train_loss-0.2746, train_rmse-0.5240, valid_rmse-1.2100, valid_pr-0.7636
2022-11-21 08:07:00 - INFO - epoch-165, train_loss-0.2747, train_rmse-0.5241, valid_rmse-1.1929, valid_pr-0.7694
2022-11-21 08:07:06 - INFO - epoch-166, train_loss-0.2730, train_rmse-0.5225, valid_rmse-1.2086, valid_pr-0.7661
2022-11-21 08:07:13 - INFO - epoch-167, train_loss-0.2688, train_rmse-0.5184, valid_rmse-1.1939, valid_pr-0.7700
2022-11-21 08:07:20 - INFO - epoch-168, train_loss-0.2733, train_rmse-0.5228, valid_rmse-1.2114, valid_pr-0.7651
2022-11-21 08:07:27 - INFO - epoch-169, train_loss-0.2688, train_rmse-0.5185, valid_rmse-1.1946, valid_pr-0.7676
2022-11-21 08:07:34 - INFO - epoch-170, train_loss-0.2582, train_rmse-0.5082, valid_rmse-1.1895, valid_pr-0.7707
2022-11-21 08:07:41 - INFO - epoch-171, train_loss-0.2461, train_rmse-0.4961, valid_rmse-1.1937, valid_pr-0.7687
2022-11-21 08:07:47 - INFO - epoch-172, train_loss-0.2524, train_rmse-0.5024, valid_rmse-1.2053, valid_pr-0.7676
2022-11-21 08:07:54 - INFO - epoch-173, train_loss-0.2537, train_rmse-0.5037, valid_rmse-1.1882, valid_pr-0.7688
2022-11-21 08:08:01 - INFO - epoch-174, train_loss-0.2483, train_rmse-0.4983, valid_rmse-1.2034, valid_pr-0.7649
2022-11-21 08:08:08 - INFO - epoch-175, train_loss-0.2458, train_rmse-0.4958, valid_rmse-1.2158, valid_pr-0.7642
2022-11-21 08:08:15 - INFO - epoch-176, train_loss-0.2520, train_rmse-0.5020, valid_rmse-1.2018, valid_pr-0.7650
2022-11-21 08:08:22 - INFO - epoch-177, train_loss-0.2563, train_rmse-0.5062, valid_rmse-1.2080, valid_pr-0.7643
2022-11-21 08:08:28 - INFO - epoch-178, train_loss-0.2359, train_rmse-0.4857, valid_rmse-1.1932, valid_pr-0.7648
2022-11-21 08:08:35 - INFO - epoch-179, train_loss-0.2455, train_rmse-0.4954, valid_rmse-1.1939, valid_pr-0.7695
2022-11-21 08:08:42 - INFO - epoch-180, train_loss-0.2452, train_rmse-0.4951, valid_rmse-1.1941, valid_pr-0.7697
2022-11-21 08:08:49 - INFO - epoch-181, train_loss-0.2493, train_rmse-0.4993, valid_rmse-1.1844, valid_pr-0.7714
2022-11-21 08:08:56 - INFO - epoch-182, train_loss-0.2449, train_rmse-0.4949, valid_rmse-1.2010, valid_pr-0.7668
2022-11-21 08:09:03 - INFO - epoch-183, train_loss-0.2394, train_rmse-0.4893, valid_rmse-1.2096, valid_pr-0.7634
2022-11-21 08:09:10 - INFO - epoch-184, train_loss-0.2388, train_rmse-0.4886, valid_rmse-1.2128, valid_pr-0.7667
2022-11-21 08:09:16 - INFO - epoch-185, train_loss-0.2434, train_rmse-0.4933, valid_rmse-1.2041, valid_pr-0.7631
2022-11-21 08:09:23 - INFO - epoch-186, train_loss-0.2392, train_rmse-0.4891, valid_rmse-1.1909, valid_pr-0.7654
2022-11-21 08:09:30 - INFO - epoch-187, train_loss-0.2331, train_rmse-0.4828, valid_rmse-1.2124, valid_pr-0.7675
2022-11-21 08:09:37 - INFO - epoch-188, train_loss-0.2493, train_rmse-0.4993, valid_rmse-1.1870, valid_pr-0.7709
2022-11-21 08:09:44 - INFO - epoch-189, train_loss-0.2507, train_rmse-0.5007, valid_rmse-1.2115, valid_pr-0.7612
2022-11-21 08:09:51 - INFO - epoch-190, train_loss-0.2363, train_rmse-0.4861, valid_rmse-1.1811, valid_pr-0.7713
2022-11-21 08:09:58 - INFO - epoch-191, train_loss-0.2257, train_rmse-0.4751, valid_rmse-1.1816, valid_pr-0.7721
2022-11-21 08:10:04 - INFO - epoch-192, train_loss-0.2291, train_rmse-0.4786, valid_rmse-1.1883, valid_pr-0.7731
2022-11-21 08:10:11 - INFO - epoch-193, train_loss-0.2287, train_rmse-0.4782, valid_rmse-1.1828, valid_pr-0.7711
2022-11-21 08:10:18 - INFO - epoch-194, train_loss-0.2384, train_rmse-0.4883, valid_rmse-1.1726, valid_pr-0.7789
2022-11-21 08:10:25 - INFO - epoch-195, train_loss-0.2240, train_rmse-0.4733, valid_rmse-1.2073, valid_pr-0.7639
2022-11-21 08:10:32 - INFO - epoch-196, train_loss-0.2260, train_rmse-0.4754, valid_rmse-1.1884, valid_pr-0.7691
2022-11-21 08:10:39 - INFO - epoch-197, train_loss-0.2244, train_rmse-0.4737, valid_rmse-1.1953, valid_pr-0.7703
2022-11-21 08:10:46 - INFO - epoch-198, train_loss-0.2289, train_rmse-0.4784, valid_rmse-1.1971, valid_pr-0.7679
2022-11-21 08:10:53 - INFO - epoch-199, train_loss-0.2248, train_rmse-0.4741, valid_rmse-1.1780, valid_pr-0.7740
2022-11-21 08:10:59 - INFO - epoch-200, train_loss-0.2249, train_rmse-0.4742, valid_rmse-1.1976, valid_pr-0.7646
2022-11-21 08:11:06 - INFO - epoch-201, train_loss-0.2395, train_rmse-0.4893, valid_rmse-1.2107, valid_pr-0.7655
2022-11-21 08:11:13 - INFO - epoch-202, train_loss-0.2298, train_rmse-0.4794, valid_rmse-1.1837, valid_pr-0.7728
2022-11-21 08:11:20 - INFO - epoch-203, train_loss-0.2208, train_rmse-0.4699, valid_rmse-1.2003, valid_pr-0.7663
2022-11-21 08:11:27 - INFO - epoch-204, train_loss-0.2220, train_rmse-0.4712, valid_rmse-1.2057, valid_pr-0.7627
2022-11-21 08:11:34 - INFO - epoch-205, train_loss-0.2131, train_rmse-0.4617, valid_rmse-1.1978, valid_pr-0.7669
2022-11-21 08:11:41 - INFO - epoch-206, train_loss-0.2175, train_rmse-0.4663, valid_rmse-1.1824, valid_pr-0.7726
2022-11-21 08:11:47 - INFO - epoch-207, train_loss-0.2119, train_rmse-0.4604, valid_rmse-1.2070, valid_pr-0.7690
2022-11-21 08:11:54 - INFO - epoch-208, train_loss-0.2164, train_rmse-0.4652, valid_rmse-1.2039, valid_pr-0.7617
2022-11-21 08:12:01 - INFO - epoch-209, train_loss-0.2305, train_rmse-0.4801, valid_rmse-1.1981, valid_pr-0.7652
2022-11-21 08:12:08 - INFO - epoch-210, train_loss-0.2070, train_rmse-0.4550, valid_rmse-1.1957, valid_pr-0.7669
2022-11-21 08:12:15 - INFO - epoch-211, train_loss-0.2215, train_rmse-0.4706, valid_rmse-1.1896, valid_pr-0.7698
2022-11-21 08:12:22 - INFO - epoch-212, train_loss-0.2009, train_rmse-0.4482, valid_rmse-1.1886, valid_pr-0.7705
2022-11-21 08:12:28 - INFO - epoch-213, train_loss-0.2083, train_rmse-0.4564, valid_rmse-1.2024, valid_pr-0.7644
2022-11-21 08:12:35 - INFO - epoch-214, train_loss-0.2086, train_rmse-0.4568, valid_rmse-1.2001, valid_pr-0.7661
2022-11-21 08:12:42 - INFO - epoch-215, train_loss-0.2131, train_rmse-0.4616, valid_rmse-1.2024, valid_pr-0.7664
2022-11-21 08:12:49 - INFO - epoch-216, train_loss-0.2038, train_rmse-0.4514, valid_rmse-1.1922, valid_pr-0.7692
2022-11-21 08:12:56 - INFO - epoch-217, train_loss-0.2157, train_rmse-0.4645, valid_rmse-1.2027, valid_pr-0.7653
2022-11-21 08:13:03 - INFO - epoch-218, train_loss-0.2043, train_rmse-0.4520, valid_rmse-1.1958, valid_pr-0.7646
2022-11-21 08:13:10 - INFO - epoch-219, train_loss-0.2157, train_rmse-0.4644, valid_rmse-1.2058, valid_pr-0.7649
2022-11-21 08:13:17 - INFO - epoch-220, train_loss-0.1953, train_rmse-0.4419, valid_rmse-1.2186, valid_pr-0.7592
2022-11-21 08:13:23 - INFO - epoch-221, train_loss-0.2188, train_rmse-0.4677, valid_rmse-1.1852, valid_pr-0.7709
2022-11-21 08:13:30 - INFO - epoch-222, train_loss-0.1981, train_rmse-0.4451, valid_rmse-1.2047, valid_pr-0.7646
2022-11-21 08:13:37 - INFO - epoch-223, train_loss-0.2042, train_rmse-0.4519, valid_rmse-1.1950, valid_pr-0.7658
2022-11-21 08:13:44 - INFO - epoch-224, train_loss-0.2051, train_rmse-0.4529, valid_rmse-1.2047, valid_pr-0.7689
2022-11-21 08:13:51 - INFO - epoch-225, train_loss-0.2027, train_rmse-0.4502, valid_rmse-1.1975, valid_pr-0.7671
2022-11-21 08:13:58 - INFO - epoch-226, train_loss-0.2037, train_rmse-0.4513, valid_rmse-1.2004, valid_pr-0.7642
2022-11-21 08:14:05 - INFO - epoch-227, train_loss-0.2081, train_rmse-0.4562, valid_rmse-1.1887, valid_pr-0.7696
2022-11-21 08:14:12 - INFO - epoch-228, train_loss-0.1994, train_rmse-0.4466, valid_rmse-1.1912, valid_pr-0.7718
2022-11-21 08:14:18 - INFO - epoch-229, train_loss-0.1974, train_rmse-0.4443, valid_rmse-1.1794, valid_pr-0.7752
2022-11-21 08:14:25 - INFO - epoch-230, train_loss-0.1919, train_rmse-0.4380, valid_rmse-1.2089, valid_pr-0.7674
2022-11-21 08:14:32 - INFO - epoch-231, train_loss-0.1844, train_rmse-0.4294, valid_rmse-1.1865, valid_pr-0.7710
2022-11-21 08:14:39 - INFO - epoch-232, train_loss-0.1872, train_rmse-0.4326, valid_rmse-1.1846, valid_pr-0.7735
2022-11-21 08:14:46 - INFO - epoch-233, train_loss-0.1948, train_rmse-0.4414, valid_rmse-1.1854, valid_pr-0.7731
2022-11-21 08:14:53 - INFO - epoch-234, train_loss-0.2021, train_rmse-0.4496, valid_rmse-1.1997, valid_pr-0.7676
2022-11-21 08:15:00 - INFO - epoch-235, train_loss-0.1965, train_rmse-0.4433, valid_rmse-1.1893, valid_pr-0.7706
2022-11-21 08:15:07 - INFO - epoch-236, train_loss-0.1901, train_rmse-0.4360, valid_rmse-1.1832, valid_pr-0.7709
2022-11-21 08:15:13 - INFO - epoch-237, train_loss-0.1963, train_rmse-0.4431, valid_rmse-1.1785, valid_pr-0.7753
2022-11-21 08:15:20 - INFO - epoch-238, train_loss-0.2042, train_rmse-0.4518, valid_rmse-1.1836, valid_pr-0.7720
2022-11-21 08:15:27 - INFO - epoch-239, train_loss-0.1929, train_rmse-0.4393, valid_rmse-1.1776, valid_pr-0.7744
2022-11-21 08:15:34 - INFO - epoch-240, train_loss-0.1857, train_rmse-0.4310, valid_rmse-1.1947, valid_pr-0.7671
2022-11-21 08:15:41 - INFO - epoch-241, train_loss-0.1969, train_rmse-0.4438, valid_rmse-1.2023, valid_pr-0.7671
2022-11-21 08:15:48 - INFO - epoch-242, train_loss-0.1945, train_rmse-0.4410, valid_rmse-1.1776, valid_pr-0.7742
2022-11-21 08:15:54 - INFO - epoch-243, train_loss-0.1936, train_rmse-0.4399, valid_rmse-1.1919, valid_pr-0.7666
2022-11-21 08:16:01 - INFO - epoch-244, train_loss-0.1967, train_rmse-0.4435, valid_rmse-1.1796, valid_pr-0.7742
2022-11-21 08:16:08 - INFO - epoch-245, train_loss-0.1904, train_rmse-0.4363, valid_rmse-1.1771, valid_pr-0.7727
2022-11-21 08:16:15 - INFO - epoch-246, train_loss-0.1853, train_rmse-0.4304, valid_rmse-1.1817, valid_pr-0.7708
2022-11-21 08:16:22 - INFO - epoch-247, train_loss-0.1884, train_rmse-0.4340, valid_rmse-1.1783, valid_pr-0.7750
2022-11-21 08:16:29 - INFO - epoch-248, train_loss-0.1912, train_rmse-0.4372, valid_rmse-1.1797, valid_pr-0.7713
2022-11-21 08:16:36 - INFO - epoch-249, train_loss-0.1988, train_rmse-0.4458, valid_rmse-1.1890, valid_pr-0.7674
2022-11-21 08:16:42 - INFO - epoch-250, train_loss-0.1907, train_rmse-0.4367, valid_rmse-1.1900, valid_pr-0.7710
2022-11-21 08:16:49 - INFO - epoch-251, train_loss-0.1830, train_rmse-0.4278, valid_rmse-1.2031, valid_pr-0.7623
2022-11-21 08:16:56 - INFO - epoch-252, train_loss-0.1887, train_rmse-0.4344, valid_rmse-1.1980, valid_pr-0.7688
2022-11-21 08:17:03 - INFO - epoch-253, train_loss-0.1913, train_rmse-0.4374, valid_rmse-1.1872, valid_pr-0.7713
2022-11-21 08:17:10 - INFO - epoch-254, train_loss-0.1820, train_rmse-0.4266, valid_rmse-1.1730, valid_pr-0.7749
2022-11-21 08:17:16 - INFO - epoch-255, train_loss-0.1843, train_rmse-0.4293, valid_rmse-1.1908, valid_pr-0.7695
2022-11-21 08:17:23 - INFO - epoch-256, train_loss-0.1820, train_rmse-0.4267, valid_rmse-1.1888, valid_pr-0.7682
2022-11-21 08:17:30 - INFO - epoch-257, train_loss-0.1861, train_rmse-0.4314, valid_rmse-1.1885, valid_pr-0.7701
2022-11-21 08:17:37 - INFO - epoch-258, train_loss-0.1795, train_rmse-0.4236, valid_rmse-1.2074, valid_pr-0.7628
2022-11-21 08:17:44 - INFO - epoch-259, train_loss-0.1841, train_rmse-0.4291, valid_rmse-1.1887, valid_pr-0.7675
2022-11-21 08:17:51 - INFO - epoch-260, train_loss-0.1813, train_rmse-0.4258, valid_rmse-1.1958, valid_pr-0.7678
2022-11-21 08:17:58 - INFO - epoch-261, train_loss-0.1743, train_rmse-0.4175, valid_rmse-1.1883, valid_pr-0.7683
2022-11-21 08:18:04 - INFO - epoch-262, train_loss-0.1773, train_rmse-0.4211, valid_rmse-1.1900, valid_pr-0.7712
2022-11-21 08:18:11 - INFO - epoch-263, train_loss-0.1741, train_rmse-0.4173, valid_rmse-1.1855, valid_pr-0.7708
2022-11-21 08:18:18 - INFO - epoch-264, train_loss-0.1792, train_rmse-0.4234, valid_rmse-1.1979, valid_pr-0.7678
2022-11-21 08:18:25 - INFO - epoch-265, train_loss-0.1744, train_rmse-0.4176, valid_rmse-1.1963, valid_pr-0.7664
2022-11-21 08:18:31 - INFO - epoch-266, train_loss-0.1715, train_rmse-0.4141, valid_rmse-1.2193, valid_pr-0.7604
2022-11-21 08:18:38 - INFO - epoch-267, train_loss-0.1937, train_rmse-0.4402, valid_rmse-1.2157, valid_pr-0.7612
2022-11-21 08:18:45 - INFO - epoch-268, train_loss-0.1870, train_rmse-0.4324, valid_rmse-1.1954, valid_pr-0.7664
2022-11-21 08:18:52 - INFO - epoch-269, train_loss-0.1770, train_rmse-0.4207, valid_rmse-1.2016, valid_pr-0.7653
2022-11-21 08:18:59 - INFO - epoch-270, train_loss-0.1772, train_rmse-0.4209, valid_rmse-1.1950, valid_pr-0.7686
2022-11-21 08:19:06 - INFO - epoch-271, train_loss-0.1772, train_rmse-0.4209, valid_rmse-1.1902, valid_pr-0.7670
2022-11-21 08:19:12 - INFO - epoch-272, train_loss-0.1666, train_rmse-0.4082, valid_rmse-1.1982, valid_pr-0.7683
2022-11-21 08:19:19 - INFO - epoch-273, train_loss-0.1672, train_rmse-0.4089, valid_rmse-1.1937, valid_pr-0.7669
2022-11-21 08:19:26 - INFO - epoch-274, train_loss-0.1704, train_rmse-0.4128, valid_rmse-1.1871, valid_pr-0.7699
2022-11-21 08:19:33 - INFO - epoch-275, train_loss-0.1652, train_rmse-0.4064, valid_rmse-1.1835, valid_pr-0.7727
2022-11-21 08:19:40 - INFO - epoch-276, train_loss-0.1700, train_rmse-0.4123, valid_rmse-1.2208, valid_pr-0.7590
2022-11-21 08:19:46 - INFO - epoch-277, train_loss-0.1757, train_rmse-0.4191, valid_rmse-1.1704, valid_pr-0.7762
2022-11-21 08:19:53 - INFO - epoch-278, train_loss-0.1741, train_rmse-0.4172, valid_rmse-1.1915, valid_pr-0.7683
2022-11-21 08:20:00 - INFO - epoch-279, train_loss-0.1622, train_rmse-0.4027, valid_rmse-1.1985, valid_pr-0.7678
2022-11-21 08:20:07 - INFO - epoch-280, train_loss-0.1677, train_rmse-0.4095, valid_rmse-1.1936, valid_pr-0.7684
2022-11-21 08:20:14 - INFO - epoch-281, train_loss-0.1703, train_rmse-0.4126, valid_rmse-1.1965, valid_pr-0.7694
2022-11-21 08:20:21 - INFO - epoch-282, train_loss-0.1949, train_rmse-0.4415, valid_rmse-1.2014, valid_pr-0.7663
2022-11-21 08:20:27 - INFO - epoch-283, train_loss-0.1702, train_rmse-0.4125, valid_rmse-1.1894, valid_pr-0.7676
2022-11-21 08:20:34 - INFO - epoch-284, train_loss-0.1741, train_rmse-0.4172, valid_rmse-1.2054, valid_pr-0.7629
2022-11-21 08:20:41 - INFO - epoch-285, train_loss-0.1740, train_rmse-0.4171, valid_rmse-1.1914, valid_pr-0.7725
2022-11-21 08:20:48 - INFO - epoch-286, train_loss-0.1837, train_rmse-0.4286, valid_rmse-1.2015, valid_pr-0.7691
2022-11-21 08:20:55 - INFO - epoch-287, train_loss-0.1721, train_rmse-0.4149, valid_rmse-1.1828, valid_pr-0.7740
2022-11-21 08:21:01 - INFO - epoch-288, train_loss-0.1687, train_rmse-0.4108, valid_rmse-1.1784, valid_pr-0.7754
2022-11-21 08:21:08 - INFO - epoch-289, train_loss-0.1593, train_rmse-0.3991, valid_rmse-1.1770, valid_pr-0.7748
2022-11-21 08:21:15 - INFO - epoch-290, train_loss-0.1650, train_rmse-0.4062, valid_rmse-1.1891, valid_pr-0.7727
2022-11-21 08:21:22 - INFO - epoch-291, train_loss-0.1587, train_rmse-0.3983, valid_rmse-1.1790, valid_pr-0.7739
2022-11-21 08:21:29 - INFO - epoch-292, train_loss-0.1689, train_rmse-0.4109, valid_rmse-1.1744, valid_pr-0.7761
2022-11-21 08:21:36 - INFO - epoch-293, train_loss-0.1661, train_rmse-0.4075, valid_rmse-1.1959, valid_pr-0.7651
2022-11-21 08:21:43 - INFO - epoch-294, train_loss-0.1642, train_rmse-0.4052, valid_rmse-1.1832, valid_pr-0.7763
2022-11-21 08:21:49 - INFO - epoch-295, train_loss-0.1565, train_rmse-0.3956, valid_rmse-1.1913, valid_pr-0.7694
2022-11-21 08:21:56 - INFO - epoch-296, train_loss-0.1611, train_rmse-0.4014, valid_rmse-1.1783, valid_pr-0.7729
2022-11-21 08:22:03 - INFO - epoch-297, train_loss-0.1600, train_rmse-0.4000, valid_rmse-1.1881, valid_pr-0.7714
2022-11-21 08:22:10 - INFO - epoch-298, train_loss-0.1588, train_rmse-0.3984, valid_rmse-1.2053, valid_pr-0.7638
2022-11-21 08:22:17 - INFO - epoch-299, train_loss-0.1547, train_rmse-0.3933, valid_rmse-1.2022, valid_pr-0.7639
2022-11-21 08:22:24 - INFO - epoch-300, train_loss-0.1582, train_rmse-0.3978, valid_rmse-1.1817, valid_pr-0.7731
2022-11-21 08:22:31 - INFO - epoch-301, train_loss-0.1575, train_rmse-0.3969, valid_rmse-1.1760, valid_pr-0.7761
2022-11-21 08:22:37 - INFO - epoch-302, train_loss-0.1568, train_rmse-0.3960, valid_rmse-1.1834, valid_pr-0.7747
2022-11-21 08:22:44 - INFO - epoch-303, train_loss-0.1559, train_rmse-0.3948, valid_rmse-1.1939, valid_pr-0.7699
2022-11-21 08:22:51 - INFO - epoch-304, train_loss-0.1711, train_rmse-0.4137, valid_rmse-1.1921, valid_pr-0.7679
2022-11-21 08:22:58 - INFO - epoch-305, train_loss-0.1608, train_rmse-0.4010, valid_rmse-1.1925, valid_pr-0.7703
2022-11-21 08:23:05 - INFO - epoch-306, train_loss-0.1608, train_rmse-0.4010, valid_rmse-1.1817, valid_pr-0.7733
2022-11-21 08:23:12 - INFO - epoch-307, train_loss-0.1567, train_rmse-0.3958, valid_rmse-1.2041, valid_pr-0.7663
2022-11-21 08:23:19 - INFO - epoch-308, train_loss-0.1596, train_rmse-0.3996, valid_rmse-1.1788, valid_pr-0.7722
2022-11-21 08:23:26 - INFO - epoch-309, train_loss-0.1552, train_rmse-0.3939, valid_rmse-1.2017, valid_pr-0.7661
2022-11-21 08:23:33 - INFO - epoch-310, train_loss-0.1610, train_rmse-0.4013, valid_rmse-1.1762, valid_pr-0.7766
2022-11-21 08:23:40 - INFO - epoch-311, train_loss-0.1745, train_rmse-0.4178, valid_rmse-1.1826, valid_pr-0.7708
2022-11-21 08:23:46 - INFO - epoch-312, train_loss-0.1539, train_rmse-0.3923, valid_rmse-1.1984, valid_pr-0.7674
2022-11-21 08:23:53 - INFO - epoch-313, train_loss-0.1615, train_rmse-0.4019, valid_rmse-1.2040, valid_pr-0.7650
2022-11-21 08:24:00 - INFO - epoch-314, train_loss-0.1629, train_rmse-0.4036, valid_rmse-1.1880, valid_pr-0.7702
2022-11-21 08:24:07 - INFO - epoch-315, train_loss-0.1635, train_rmse-0.4043, valid_rmse-1.1942, valid_pr-0.7691
2022-11-21 08:24:14 - INFO - epoch-316, train_loss-0.1573, train_rmse-0.3966, valid_rmse-1.1872, valid_pr-0.7723
2022-11-21 08:24:21 - INFO - epoch-317, train_loss-0.1555, train_rmse-0.3943, valid_rmse-1.1902, valid_pr-0.7688
2022-11-21 08:24:27 - INFO - epoch-318, train_loss-0.1556, train_rmse-0.3945, valid_rmse-1.1966, valid_pr-0.7687
2022-11-21 08:24:34 - INFO - epoch-319, train_loss-0.1543, train_rmse-0.3929, valid_rmse-1.1901, valid_pr-0.7744
2022-11-21 08:24:41 - INFO - epoch-320, train_loss-0.1531, train_rmse-0.3913, valid_rmse-1.1911, valid_pr-0.7687
2022-11-21 08:24:48 - INFO - epoch-321, train_loss-0.1509, train_rmse-0.3885, valid_rmse-1.1767, valid_pr-0.7731
2022-11-21 08:24:55 - INFO - epoch-322, train_loss-0.1494, train_rmse-0.3865, valid_rmse-1.1807, valid_pr-0.7730
2022-11-21 08:25:01 - INFO - epoch-323, train_loss-0.1613, train_rmse-0.4017, valid_rmse-1.1864, valid_pr-0.7709
2022-11-21 08:25:08 - INFO - epoch-324, train_loss-0.1568, train_rmse-0.3960, valid_rmse-1.1758, valid_pr-0.7725
2022-11-21 08:25:15 - INFO - epoch-325, train_loss-0.1511, train_rmse-0.3888, valid_rmse-1.1636, valid_pr-0.7785
2022-11-21 08:25:22 - INFO - epoch-326, train_loss-0.1486, train_rmse-0.3855, valid_rmse-1.1933, valid_pr-0.7689
2022-11-21 08:25:29 - INFO - epoch-327, train_loss-0.1507, train_rmse-0.3882, valid_rmse-1.1934, valid_pr-0.7662
2022-11-21 08:25:36 - INFO - epoch-328, train_loss-0.1523, train_rmse-0.3903, valid_rmse-1.1958, valid_pr-0.7681
2022-11-21 08:25:42 - INFO - epoch-329, train_loss-0.1565, train_rmse-0.3956, valid_rmse-1.1853, valid_pr-0.7698
2022-11-21 08:25:50 - INFO - epoch-330, train_loss-0.1648, train_rmse-0.4060, valid_rmse-1.1959, valid_pr-0.7681
2022-11-21 08:25:56 - INFO - epoch-331, train_loss-0.1690, train_rmse-0.4111, valid_rmse-1.2011, valid_pr-0.7643
2022-11-21 08:26:03 - INFO - epoch-332, train_loss-0.1431, train_rmse-0.3783, valid_rmse-1.1963, valid_pr-0.7659
2022-11-21 08:26:10 - INFO - epoch-333, train_loss-0.1534, train_rmse-0.3917, valid_rmse-1.1757, valid_pr-0.7744
2022-11-21 08:26:17 - INFO - epoch-334, train_loss-0.1465, train_rmse-0.3827, valid_rmse-1.1738, valid_pr-0.7749
2022-11-21 08:26:24 - INFO - epoch-335, train_loss-0.1579, train_rmse-0.3973, valid_rmse-1.2094, valid_pr-0.7616
2022-11-21 08:26:31 - INFO - epoch-336, train_loss-0.1519, train_rmse-0.3898, valid_rmse-1.1949, valid_pr-0.7689
2022-11-21 08:26:38 - INFO - epoch-337, train_loss-0.1483, train_rmse-0.3851, valid_rmse-1.1849, valid_pr-0.7726
2022-11-21 08:26:44 - INFO - epoch-338, train_loss-0.1561, train_rmse-0.3951, valid_rmse-1.1888, valid_pr-0.7718
2022-11-21 08:26:51 - INFO - epoch-339, train_loss-0.1484, train_rmse-0.3852, valid_rmse-1.2103, valid_pr-0.7649
2022-11-21 08:26:58 - INFO - epoch-340, train_loss-0.1495, train_rmse-0.3867, valid_rmse-1.1895, valid_pr-0.7668
2022-11-21 08:27:05 - INFO - epoch-341, train_loss-0.1464, train_rmse-0.3826, valid_rmse-1.1859, valid_pr-0.7737
2022-11-21 08:27:11 - INFO - epoch-342, train_loss-0.1447, train_rmse-0.3804, valid_rmse-1.1664, valid_pr-0.7799
2022-11-21 08:27:18 - INFO - epoch-343, train_loss-0.1462, train_rmse-0.3823, valid_rmse-1.1811, valid_pr-0.7724
2022-11-21 08:27:25 - INFO - epoch-344, train_loss-0.1439, train_rmse-0.3793, valid_rmse-1.1840, valid_pr-0.7707
2022-11-21 08:27:32 - INFO - epoch-345, train_loss-0.1518, train_rmse-0.3896, valid_rmse-1.1867, valid_pr-0.7707
2022-11-21 08:27:39 - INFO - epoch-346, train_loss-0.1501, train_rmse-0.3875, valid_rmse-1.1881, valid_pr-0.7663
2022-11-21 08:27:46 - INFO - epoch-347, train_loss-0.1437, train_rmse-0.3790, valid_rmse-1.1901, valid_pr-0.7684
2022-11-21 08:27:53 - INFO - epoch-348, train_loss-0.1471, train_rmse-0.3836, valid_rmse-1.1805, valid_pr-0.7733
2022-11-21 08:27:59 - INFO - epoch-349, train_loss-0.1518, train_rmse-0.3897, valid_rmse-1.1712, valid_pr-0.7741
2022-11-21 08:28:06 - INFO - epoch-350, train_loss-0.1512, train_rmse-0.3888, valid_rmse-1.2065, valid_pr-0.7639
2022-11-21 08:28:13 - INFO - epoch-351, train_loss-0.1428, train_rmse-0.3779, valid_rmse-1.2036, valid_pr-0.7664
2022-11-21 08:28:20 - INFO - epoch-352, train_loss-0.1441, train_rmse-0.3796, valid_rmse-1.1858, valid_pr-0.7704
2022-11-21 08:28:27 - INFO - epoch-353, train_loss-0.1510, train_rmse-0.3886, valid_rmse-1.1806, valid_pr-0.7736
2022-11-21 08:28:34 - INFO - epoch-354, train_loss-0.1570, train_rmse-0.3962, valid_rmse-1.1716, valid_pr-0.7767
2022-11-21 08:28:41 - INFO - epoch-355, train_loss-0.1358, train_rmse-0.3685, valid_rmse-1.1633, valid_pr-0.7796
2022-11-21 08:28:48 - INFO - epoch-356, train_loss-0.1435, train_rmse-0.3789, valid_rmse-1.1680, valid_pr-0.7769
2022-11-21 08:28:55 - INFO - epoch-357, train_loss-0.1443, train_rmse-0.3799, valid_rmse-1.1769, valid_pr-0.7739
2022-11-21 08:29:02 - INFO - epoch-358, train_loss-0.1432, train_rmse-0.3784, valid_rmse-1.1738, valid_pr-0.7746
2022-11-21 08:29:09 - INFO - epoch-359, train_loss-0.1469, train_rmse-0.3833, valid_rmse-1.1783, valid_pr-0.7742
2022-11-21 08:29:16 - INFO - epoch-360, train_loss-0.1368, train_rmse-0.3699, valid_rmse-1.1751, valid_pr-0.7759
2022-11-21 08:29:23 - INFO - epoch-361, train_loss-0.1427, train_rmse-0.3777, valid_rmse-1.2084, valid_pr-0.7642
2022-11-21 08:29:30 - INFO - epoch-362, train_loss-0.1573, train_rmse-0.3966, valid_rmse-1.1729, valid_pr-0.7752
2022-11-21 08:29:37 - INFO - epoch-363, train_loss-0.1502, train_rmse-0.3875, valid_rmse-1.1922, valid_pr-0.7710
2022-11-21 08:29:44 - INFO - epoch-364, train_loss-0.1447, train_rmse-0.3804, valid_rmse-1.1694, valid_pr-0.7763
2022-11-21 08:29:51 - INFO - epoch-365, train_loss-0.1419, train_rmse-0.3767, valid_rmse-1.1775, valid_pr-0.7754
2022-11-21 08:29:58 - INFO - epoch-366, train_loss-0.1460, train_rmse-0.3821, valid_rmse-1.1776, valid_pr-0.7729
2022-11-21 08:30:05 - INFO - epoch-367, train_loss-0.1361, train_rmse-0.3690, valid_rmse-1.1875, valid_pr-0.7726
2022-11-21 08:30:12 - INFO - epoch-368, train_loss-0.1406, train_rmse-0.3749, valid_rmse-1.1776, valid_pr-0.7751
2022-11-21 08:30:19 - INFO - epoch-369, train_loss-0.1465, train_rmse-0.3827, valid_rmse-1.1748, valid_pr-0.7760
2022-11-21 08:30:26 - INFO - epoch-370, train_loss-0.1475, train_rmse-0.3840, valid_rmse-1.1831, valid_pr-0.7730
2022-11-21 08:30:33 - INFO - epoch-371, train_loss-0.1603, train_rmse-0.4004, valid_rmse-1.2054, valid_pr-0.7690
2022-11-21 08:30:40 - INFO - epoch-372, train_loss-0.1506, train_rmse-0.3881, valid_rmse-1.1810, valid_pr-0.7713
2022-11-21 08:30:47 - INFO - epoch-373, train_loss-0.1469, train_rmse-0.3832, valid_rmse-1.2006, valid_pr-0.7661
2022-11-21 08:30:54 - INFO - epoch-374, train_loss-0.1435, train_rmse-0.3788, valid_rmse-1.1842, valid_pr-0.7706
2022-11-21 08:31:01 - INFO - epoch-375, train_loss-0.1400, train_rmse-0.3742, valid_rmse-1.1780, valid_pr-0.7738
2022-11-21 08:31:08 - INFO - epoch-376, train_loss-0.1387, train_rmse-0.3724, valid_rmse-1.1853, valid_pr-0.7727
2022-11-21 08:31:15 - INFO - epoch-377, train_loss-0.1399, train_rmse-0.3740, valid_rmse-1.1748, valid_pr-0.7743
2022-11-21 08:31:22 - INFO - epoch-378, train_loss-0.1395, train_rmse-0.3736, valid_rmse-1.1910, valid_pr-0.7695
2022-11-21 08:31:29 - INFO - epoch-379, train_loss-0.1525, train_rmse-0.3905, valid_rmse-1.1819, valid_pr-0.7739
2022-11-21 08:31:35 - INFO - epoch-380, train_loss-0.1407, train_rmse-0.3751, valid_rmse-1.1895, valid_pr-0.7687
2022-11-21 08:31:42 - INFO - epoch-381, train_loss-0.1301, train_rmse-0.3607, valid_rmse-1.1781, valid_pr-0.7727
2022-11-21 08:31:49 - INFO - epoch-382, train_loss-0.1400, train_rmse-0.3741, valid_rmse-1.1727, valid_pr-0.7759
2022-11-21 08:31:56 - INFO - epoch-383, train_loss-0.1331, train_rmse-0.3648, valid_rmse-1.1689, valid_pr-0.7781
2022-11-21 08:32:03 - INFO - epoch-384, train_loss-0.1352, train_rmse-0.3677, valid_rmse-1.1922, valid_pr-0.7688
2022-11-21 08:32:10 - INFO - epoch-385, train_loss-0.1364, train_rmse-0.3693, valid_rmse-1.1638, valid_pr-0.7789
2022-11-21 08:32:17 - INFO - epoch-386, train_loss-0.1275, train_rmse-0.3571, valid_rmse-1.1749, valid_pr-0.7769
2022-11-21 08:32:24 - INFO - epoch-387, train_loss-0.1396, train_rmse-0.3737, valid_rmse-1.1785, valid_pr-0.7761
2022-11-21 08:32:31 - INFO - epoch-388, train_loss-0.1345, train_rmse-0.3667, valid_rmse-1.1731, valid_pr-0.7762
2022-11-21 08:32:38 - INFO - epoch-389, train_loss-0.1332, train_rmse-0.3650, valid_rmse-1.1829, valid_pr-0.7706
2022-11-21 08:32:45 - INFO - epoch-390, train_loss-0.1531, train_rmse-0.3913, valid_rmse-1.1832, valid_pr-0.7709
2022-11-21 08:32:52 - INFO - epoch-391, train_loss-0.1372, train_rmse-0.3704, valid_rmse-1.1752, valid_pr-0.7754
2022-11-21 08:32:59 - INFO - epoch-392, train_loss-0.1414, train_rmse-0.3761, valid_rmse-1.1595, valid_pr-0.7814
2022-11-21 08:33:06 - INFO - epoch-393, train_loss-0.1328, train_rmse-0.3644, valid_rmse-1.1714, valid_pr-0.7796
2022-11-21 08:33:13 - INFO - epoch-394, train_loss-0.1303, train_rmse-0.3610, valid_rmse-1.1890, valid_pr-0.7724
2022-11-21 08:33:20 - INFO - epoch-395, train_loss-0.1325, train_rmse-0.3640, valid_rmse-1.1820, valid_pr-0.7707
2022-11-21 08:33:27 - INFO - epoch-396, train_loss-0.1418, train_rmse-0.3766, valid_rmse-1.1730, valid_pr-0.7780
2022-11-21 08:33:34 - INFO - epoch-397, train_loss-0.1371, train_rmse-0.3702, valid_rmse-1.1783, valid_pr-0.7726
2022-11-21 08:33:41 - INFO - epoch-398, train_loss-0.1305, train_rmse-0.3612, valid_rmse-1.1912, valid_pr-0.7698
2022-11-21 08:33:48 - INFO - epoch-399, train_loss-0.1335, train_rmse-0.3654, valid_rmse-1.1794, valid_pr-0.7758
2022-11-21 08:33:55 - INFO - epoch-400, train_loss-0.1322, train_rmse-0.3637, valid_rmse-1.1807, valid_pr-0.7735
2022-11-21 08:34:02 - INFO - epoch-401, train_loss-0.1338, train_rmse-0.3658, valid_rmse-1.1788, valid_pr-0.7755
2022-11-21 08:34:09 - INFO - epoch-402, train_loss-0.1294, train_rmse-0.3597, valid_rmse-1.1700, valid_pr-0.7762
2022-11-21 08:34:16 - INFO - epoch-403, train_loss-0.1289, train_rmse-0.3590, valid_rmse-1.1896, valid_pr-0.7701
2022-11-21 08:34:23 - INFO - epoch-404, train_loss-0.1264, train_rmse-0.3555, valid_rmse-1.1956, valid_pr-0.7699
2022-11-21 08:34:30 - INFO - epoch-405, train_loss-0.1347, train_rmse-0.3670, valid_rmse-1.1831, valid_pr-0.7722
2022-11-21 08:34:37 - INFO - epoch-406, train_loss-0.1266, train_rmse-0.3558, valid_rmse-1.1885, valid_pr-0.7711
2022-11-21 08:34:44 - INFO - epoch-407, train_loss-0.1305, train_rmse-0.3612, valid_rmse-1.1798, valid_pr-0.7741
2022-11-21 08:34:51 - INFO - epoch-408, train_loss-0.1292, train_rmse-0.3595, valid_rmse-1.1937, valid_pr-0.7700
2022-11-21 08:34:57 - INFO - epoch-409, train_loss-0.1392, train_rmse-0.3731, valid_rmse-1.1760, valid_pr-0.7735
2022-11-21 08:35:05 - INFO - epoch-410, train_loss-0.1339, train_rmse-0.3659, valid_rmse-1.1748, valid_pr-0.7744
2022-11-21 08:35:11 - INFO - epoch-411, train_loss-0.1250, train_rmse-0.3535, valid_rmse-1.1717, valid_pr-0.7777
2022-11-21 08:35:18 - INFO - epoch-412, train_loss-0.1299, train_rmse-0.3605, valid_rmse-1.1669, valid_pr-0.7782
2022-11-21 08:35:25 - INFO - epoch-413, train_loss-0.1433, train_rmse-0.3785, valid_rmse-1.1671, valid_pr-0.7777
2022-11-21 08:35:32 - INFO - epoch-414, train_loss-0.1424, train_rmse-0.3774, valid_rmse-1.1788, valid_pr-0.7749
2022-11-21 08:35:39 - INFO - epoch-415, train_loss-0.1299, train_rmse-0.3604, valid_rmse-1.1867, valid_pr-0.7721
2022-11-21 08:35:46 - INFO - epoch-416, train_loss-0.1374, train_rmse-0.3707, valid_rmse-1.1830, valid_pr-0.7714
2022-11-21 08:35:53 - INFO - epoch-417, train_loss-0.1269, train_rmse-0.3562, valid_rmse-1.1849, valid_pr-0.7705
2022-11-21 08:36:00 - INFO - epoch-418, train_loss-0.1288, train_rmse-0.3589, valid_rmse-1.1803, valid_pr-0.7753
2022-11-21 08:36:07 - INFO - epoch-419, train_loss-0.1348, train_rmse-0.3672, valid_rmse-1.2004, valid_pr-0.7700
2022-11-21 08:36:14 - INFO - epoch-420, train_loss-0.1338, train_rmse-0.3658, valid_rmse-1.1811, valid_pr-0.7706
2022-11-21 08:36:20 - INFO - epoch-421, train_loss-0.1262, train_rmse-0.3552, valid_rmse-1.1877, valid_pr-0.7703
2022-11-21 08:36:27 - INFO - epoch-422, train_loss-0.1325, train_rmse-0.3640, valid_rmse-1.1854, valid_pr-0.7683
2022-11-21 08:36:34 - INFO - epoch-423, train_loss-0.1270, train_rmse-0.3564, valid_rmse-1.1857, valid_pr-0.7690
2022-11-21 08:36:41 - INFO - epoch-424, train_loss-0.1329, train_rmse-0.3646, valid_rmse-1.1924, valid_pr-0.7688
2022-11-21 08:36:48 - INFO - epoch-425, train_loss-0.1243, train_rmse-0.3525, valid_rmse-1.1871, valid_pr-0.7681
2022-11-21 08:36:55 - INFO - epoch-426, train_loss-0.1265, train_rmse-0.3557, valid_rmse-1.1645, valid_pr-0.7781
2022-11-21 08:37:02 - INFO - epoch-427, train_loss-0.1327, train_rmse-0.3643, valid_rmse-1.1842, valid_pr-0.7739
2022-11-21 08:37:09 - INFO - epoch-428, train_loss-0.1396, train_rmse-0.3736, valid_rmse-1.1781, valid_pr-0.7726
2022-11-21 08:37:16 - INFO - epoch-429, train_loss-0.1292, train_rmse-0.3595, valid_rmse-1.1899, valid_pr-0.7681
2022-11-21 08:37:23 - INFO - epoch-430, train_loss-0.1316, train_rmse-0.3627, valid_rmse-1.1746, valid_pr-0.7736
2022-11-21 08:37:30 - INFO - epoch-431, train_loss-0.1371, train_rmse-0.3703, valid_rmse-1.1872, valid_pr-0.7704
2022-11-21 08:37:37 - INFO - epoch-432, train_loss-0.1319, train_rmse-0.3631, valid_rmse-1.1996, valid_pr-0.7640
2022-11-21 08:37:44 - INFO - epoch-433, train_loss-0.1397, train_rmse-0.3738, valid_rmse-1.1848, valid_pr-0.7734
2022-11-21 08:37:51 - INFO - epoch-434, train_loss-0.1215, train_rmse-0.3486, valid_rmse-1.1952, valid_pr-0.7685
2022-11-21 08:37:57 - INFO - epoch-435, train_loss-0.1232, train_rmse-0.3509, valid_rmse-1.1899, valid_pr-0.7709
2022-11-21 08:38:04 - INFO - epoch-436, train_loss-0.1281, train_rmse-0.3579, valid_rmse-1.1862, valid_pr-0.7701
2022-11-21 08:38:11 - INFO - epoch-437, train_loss-0.1186, train_rmse-0.3443, valid_rmse-1.1739, valid_pr-0.7732
2022-11-21 08:38:18 - INFO - epoch-438, train_loss-0.1414, train_rmse-0.3760, valid_rmse-1.1795, valid_pr-0.7713
2022-11-21 08:38:25 - INFO - epoch-439, train_loss-0.1259, train_rmse-0.3548, valid_rmse-1.1756, valid_pr-0.7736
2022-11-21 08:38:32 - INFO - epoch-440, train_loss-0.1333, train_rmse-0.3651, valid_rmse-1.1836, valid_pr-0.7722
2022-11-21 08:38:39 - INFO - epoch-441, train_loss-0.1259, train_rmse-0.3548, valid_rmse-1.1814, valid_pr-0.7703
2022-11-21 08:38:46 - INFO - epoch-442, train_loss-0.1349, train_rmse-0.3673, valid_rmse-1.1849, valid_pr-0.7718
2022-11-21 08:38:52 - INFO - epoch-443, train_loss-0.1323, train_rmse-0.3637, valid_rmse-1.1730, valid_pr-0.7747
2022-11-21 08:38:59 - INFO - epoch-444, train_loss-0.1295, train_rmse-0.3598, valid_rmse-1.1653, valid_pr-0.7790
2022-11-21 08:39:06 - INFO - epoch-445, train_loss-0.1268, train_rmse-0.3560, valid_rmse-1.1754, valid_pr-0.7739
2022-11-21 08:39:13 - INFO - epoch-446, train_loss-0.1178, train_rmse-0.3432, valid_rmse-1.1729, valid_pr-0.7749
2022-11-21 08:39:20 - INFO - epoch-447, train_loss-0.1304, train_rmse-0.3612, valid_rmse-1.1822, valid_pr-0.7709
2022-11-21 08:39:27 - INFO - epoch-448, train_loss-0.1261, train_rmse-0.3552, valid_rmse-1.1943, valid_pr-0.7695
2022-11-21 08:39:34 - INFO - epoch-449, train_loss-0.1266, train_rmse-0.3558, valid_rmse-1.1853, valid_pr-0.7735
2022-11-21 08:39:41 - INFO - epoch-450, train_loss-0.1373, train_rmse-0.3706, valid_rmse-1.1896, valid_pr-0.7673
2022-11-21 08:39:48 - INFO - epoch-451, train_loss-0.1285, train_rmse-0.3584, valid_rmse-1.1839, valid_pr-0.7716
2022-11-21 08:39:55 - INFO - epoch-452, train_loss-0.1293, train_rmse-0.3596, valid_rmse-1.1938, valid_pr-0.7694
2022-11-21 08:40:01 - INFO - epoch-453, train_loss-0.1176, train_rmse-0.3429, valid_rmse-1.1934, valid_pr-0.7671
2022-11-21 08:40:08 - INFO - epoch-454, train_loss-0.1150, train_rmse-0.3392, valid_rmse-1.1790, valid_pr-0.7711
2022-11-21 08:40:15 - INFO - epoch-455, train_loss-0.1225, train_rmse-0.3500, valid_rmse-1.1930, valid_pr-0.7682
2022-11-21 08:40:22 - INFO - epoch-456, train_loss-0.1189, train_rmse-0.3448, valid_rmse-1.1867, valid_pr-0.7719
2022-11-21 08:40:29 - INFO - epoch-457, train_loss-0.1273, train_rmse-0.3567, valid_rmse-1.1796, valid_pr-0.7725
2022-11-21 08:40:36 - INFO - epoch-458, train_loss-0.1343, train_rmse-0.3665, valid_rmse-1.1910, valid_pr-0.7665
2022-11-21 08:40:43 - INFO - epoch-459, train_loss-0.1185, train_rmse-0.3442, valid_rmse-1.1729, valid_pr-0.7765
2022-11-21 08:40:50 - INFO - epoch-460, train_loss-0.1192, train_rmse-0.3453, valid_rmse-1.1806, valid_pr-0.7752
2022-11-21 08:40:57 - INFO - epoch-461, train_loss-0.1311, train_rmse-0.3621, valid_rmse-1.1852, valid_pr-0.7738
2022-11-21 08:41:03 - INFO - epoch-462, train_loss-0.1254, train_rmse-0.3542, valid_rmse-1.1782, valid_pr-0.7726
2022-11-21 08:41:10 - INFO - epoch-463, train_loss-0.1209, train_rmse-0.3477, valid_rmse-1.1921, valid_pr-0.7667
2022-11-21 08:41:17 - INFO - epoch-464, train_loss-0.1181, train_rmse-0.3436, valid_rmse-1.1937, valid_pr-0.7692
2022-11-21 08:41:24 - INFO - epoch-465, train_loss-0.1226, train_rmse-0.3502, valid_rmse-1.1816, valid_pr-0.7715
2022-11-21 08:41:31 - INFO - epoch-466, train_loss-0.1179, train_rmse-0.3434, valid_rmse-1.1949, valid_pr-0.7707
2022-11-21 08:41:38 - INFO - epoch-467, train_loss-0.1293, train_rmse-0.3596, valid_rmse-1.2236, valid_pr-0.7621
2022-11-21 08:41:45 - INFO - epoch-468, train_loss-0.1238, train_rmse-0.3518, valid_rmse-1.1669, valid_pr-0.7796
2022-11-21 08:41:52 - INFO - epoch-469, train_loss-0.1224, train_rmse-0.3498, valid_rmse-1.1849, valid_pr-0.7732
2022-11-21 08:41:59 - INFO - epoch-470, train_loss-0.1261, train_rmse-0.3552, valid_rmse-1.1852, valid_pr-0.7727
2022-11-21 08:42:06 - INFO - epoch-471, train_loss-0.1307, train_rmse-0.3616, valid_rmse-1.1872, valid_pr-0.7693
2022-11-21 08:42:13 - INFO - epoch-472, train_loss-0.1249, train_rmse-0.3535, valid_rmse-1.1734, valid_pr-0.7735
2022-11-21 08:42:20 - INFO - epoch-473, train_loss-0.1209, train_rmse-0.3477, valid_rmse-1.1717, valid_pr-0.7744
2022-11-21 08:42:27 - INFO - epoch-474, train_loss-0.1218, train_rmse-0.3489, valid_rmse-1.1920, valid_pr-0.7682
2022-11-21 08:42:34 - INFO - epoch-475, train_loss-0.1210, train_rmse-0.3478, valid_rmse-1.1753, valid_pr-0.7766
2022-11-21 08:42:41 - INFO - epoch-476, train_loss-0.1220, train_rmse-0.3493, valid_rmse-1.1710, valid_pr-0.7767
2022-11-21 08:42:48 - INFO - epoch-477, train_loss-0.1169, train_rmse-0.3419, valid_rmse-1.1831, valid_pr-0.7703
2022-11-21 08:42:54 - INFO - epoch-478, train_loss-0.1260, train_rmse-0.3549, valid_rmse-1.1860, valid_pr-0.7700
2022-11-21 08:43:01 - INFO - epoch-479, train_loss-0.1190, train_rmse-0.3450, valid_rmse-1.1831, valid_pr-0.7705
2022-11-21 08:43:09 - INFO - epoch-480, train_loss-0.1217, train_rmse-0.3489, valid_rmse-1.1878, valid_pr-0.7707
2022-11-21 08:43:16 - INFO - epoch-481, train_loss-0.1271, train_rmse-0.3565, valid_rmse-1.1689, valid_pr-0.7752
2022-11-21 08:43:23 - INFO - epoch-482, train_loss-0.1145, train_rmse-0.3384, valid_rmse-1.1906, valid_pr-0.7726
2022-11-21 08:43:30 - INFO - epoch-483, train_loss-0.1257, train_rmse-0.3545, valid_rmse-1.1981, valid_pr-0.7674
2022-11-21 08:43:37 - INFO - epoch-484, train_loss-0.1144, train_rmse-0.3383, valid_rmse-1.1730, valid_pr-0.7744
2022-11-21 08:43:44 - INFO - epoch-485, train_loss-0.1157, train_rmse-0.3401, valid_rmse-1.1770, valid_pr-0.7732
2022-11-21 08:43:52 - INFO - epoch-486, train_loss-0.1141, train_rmse-0.3378, valid_rmse-1.1764, valid_pr-0.7750
2022-11-21 08:43:59 - INFO - epoch-487, train_loss-0.1205, train_rmse-0.3472, valid_rmse-1.1736, valid_pr-0.7743
2022-11-21 08:44:06 - INFO - epoch-488, train_loss-0.1190, train_rmse-0.3449, valid_rmse-1.1806, valid_pr-0.7729
2022-11-21 08:44:13 - INFO - epoch-489, train_loss-0.1281, train_rmse-0.3579, valid_rmse-1.1794, valid_pr-0.7733
2022-11-21 08:44:20 - INFO - epoch-490, train_loss-0.1205, train_rmse-0.3471, valid_rmse-1.1750, valid_pr-0.7759
2022-11-21 08:44:28 - INFO - epoch-491, train_loss-0.1155, train_rmse-0.3398, valid_rmse-1.1690, valid_pr-0.7777
2022-11-21 08:44:35 - INFO - epoch-492, train_loss-0.1219, train_rmse-0.3492, valid_rmse-1.1783, valid_pr-0.7746
2022-11-21 08:44:42 - INFO - epoch-493, train_loss-0.1280, train_rmse-0.3577, valid_rmse-1.1592, valid_pr-0.7802
2022-11-21 08:44:49 - INFO - epoch-494, train_loss-0.1306, train_rmse-0.3614, valid_rmse-1.1745, valid_pr-0.7739
2022-11-21 08:44:56 - INFO - epoch-495, train_loss-0.1099, train_rmse-0.3316, valid_rmse-1.1741, valid_pr-0.7750
2022-11-21 08:45:03 - INFO - epoch-496, train_loss-0.1164, train_rmse-0.3411, valid_rmse-1.1702, valid_pr-0.7770
2022-11-21 08:45:10 - INFO - epoch-497, train_loss-0.1159, train_rmse-0.3404, valid_rmse-1.1780, valid_pr-0.7767
2022-11-21 08:45:18 - INFO - epoch-498, train_loss-0.1182, train_rmse-0.3438, valid_rmse-1.1670, valid_pr-0.7772
2022-11-21 08:45:25 - INFO - epoch-499, train_loss-0.1284, train_rmse-0.3583, valid_rmse-1.1594, valid_pr-0.7796
2022-11-21 08:45:32 - INFO - epoch-500, train_loss-0.1235, train_rmse-0.3515, valid_rmse-1.1825, valid_pr-0.7718
2022-11-21 08:45:39 - INFO - epoch-501, train_loss-0.1139, train_rmse-0.3374, valid_rmse-1.1785, valid_pr-0.7725
2022-11-21 08:45:46 - INFO - epoch-502, train_loss-0.1181, train_rmse-0.3437, valid_rmse-1.1801, valid_pr-0.7710
2022-11-21 08:45:54 - INFO - epoch-503, train_loss-0.1274, train_rmse-0.3569, valid_rmse-1.1773, valid_pr-0.7735
2022-11-21 08:46:01 - INFO - epoch-504, train_loss-0.1200, train_rmse-0.3464, valid_rmse-1.1772, valid_pr-0.7732
2022-11-21 08:46:08 - INFO - epoch-505, train_loss-0.1125, train_rmse-0.3354, valid_rmse-1.1862, valid_pr-0.7708
2022-11-21 08:46:15 - INFO - epoch-506, train_loss-0.1237, train_rmse-0.3518, valid_rmse-1.1712, valid_pr-0.7739
2022-11-21 08:46:23 - INFO - epoch-507, train_loss-0.1246, train_rmse-0.3530, valid_rmse-1.1914, valid_pr-0.7693
2022-11-21 08:46:30 - INFO - epoch-508, train_loss-0.1269, train_rmse-0.3562, valid_rmse-1.1881, valid_pr-0.7716
2022-11-21 08:46:37 - INFO - epoch-509, train_loss-0.1168, train_rmse-0.3417, valid_rmse-1.1879, valid_pr-0.7729
2022-11-21 08:46:44 - INFO - epoch-510, train_loss-0.1167, train_rmse-0.3416, valid_rmse-1.1821, valid_pr-0.7715
2022-11-21 08:46:51 - INFO - epoch-511, train_loss-0.1245, train_rmse-0.3529, valid_rmse-1.1900, valid_pr-0.7708
2022-11-21 08:46:58 - INFO - epoch-512, train_loss-0.1099, train_rmse-0.3315, valid_rmse-1.1788, valid_pr-0.7733
2022-11-21 08:47:05 - INFO - epoch-513, train_loss-0.1123, train_rmse-0.3351, valid_rmse-1.1755, valid_pr-0.7745
2022-11-21 08:47:12 - INFO - epoch-514, train_loss-0.1104, train_rmse-0.3323, valid_rmse-1.1909, valid_pr-0.7713
2022-11-21 08:47:19 - INFO - epoch-515, train_loss-0.1132, train_rmse-0.3365, valid_rmse-1.1637, valid_pr-0.7799
2022-11-21 08:47:26 - INFO - epoch-516, train_loss-0.1211, train_rmse-0.3479, valid_rmse-1.1608, valid_pr-0.7796
2022-11-21 08:47:33 - INFO - epoch-517, train_loss-0.1152, train_rmse-0.3394, valid_rmse-1.1684, valid_pr-0.7772
2022-11-21 08:47:40 - INFO - epoch-518, train_loss-0.1122, train_rmse-0.3349, valid_rmse-1.1571, valid_pr-0.7801
2022-11-21 08:47:47 - INFO - epoch-519, train_loss-0.1260, train_rmse-0.3550, valid_rmse-1.1632, valid_pr-0.7795
2022-11-21 08:47:54 - INFO - epoch-520, train_loss-0.1311, train_rmse-0.3620, valid_rmse-1.1644, valid_pr-0.7771
2022-11-21 08:48:01 - INFO - epoch-521, train_loss-0.1225, train_rmse-0.3500, valid_rmse-1.1717, valid_pr-0.7789
2022-11-21 08:48:08 - INFO - epoch-522, train_loss-0.1114, train_rmse-0.3337, valid_rmse-1.1951, valid_pr-0.7659
2022-11-21 08:48:15 - INFO - epoch-523, train_loss-0.1119, train_rmse-0.3345, valid_rmse-1.1839, valid_pr-0.7714
2022-11-21 08:48:22 - INFO - epoch-524, train_loss-0.1135, train_rmse-0.3369, valid_rmse-1.1821, valid_pr-0.7720
2022-11-21 08:48:29 - INFO - epoch-525, train_loss-0.1111, train_rmse-0.3333, valid_rmse-1.1673, valid_pr-0.7778
2022-11-21 08:48:36 - INFO - epoch-526, train_loss-0.1245, train_rmse-0.3528, valid_rmse-1.1779, valid_pr-0.7712
2022-11-21 08:48:43 - INFO - epoch-527, train_loss-0.1062, train_rmse-0.3260, valid_rmse-1.1821, valid_pr-0.7719
2022-11-21 08:48:50 - INFO - epoch-528, train_loss-0.1151, train_rmse-0.3392, valid_rmse-1.1673, valid_pr-0.7769
2022-11-21 08:48:57 - INFO - epoch-529, train_loss-0.1157, train_rmse-0.3401, valid_rmse-1.1787, valid_pr-0.7747
2022-11-21 08:49:04 - INFO - epoch-530, train_loss-0.1130, train_rmse-0.3362, valid_rmse-1.1707, valid_pr-0.7770
2022-11-21 08:49:11 - INFO - epoch-531, train_loss-0.1098, train_rmse-0.3314, valid_rmse-1.1813, valid_pr-0.7735
2022-11-21 08:49:18 - INFO - epoch-532, train_loss-0.1162, train_rmse-0.3408, valid_rmse-1.1564, valid_pr-0.7813
2022-11-21 08:49:25 - INFO - epoch-533, train_loss-0.1200, train_rmse-0.3465, valid_rmse-1.1674, valid_pr-0.7778
2022-11-21 08:49:32 - INFO - epoch-534, train_loss-0.1110, train_rmse-0.3332, valid_rmse-1.1648, valid_pr-0.7791
2022-11-21 08:49:39 - INFO - epoch-535, train_loss-0.1164, train_rmse-0.3412, valid_rmse-1.1836, valid_pr-0.7736
2022-11-21 08:49:46 - INFO - epoch-536, train_loss-0.1170, train_rmse-0.3421, valid_rmse-1.1781, valid_pr-0.7736
2022-11-21 08:49:53 - INFO - epoch-537, train_loss-0.1078, train_rmse-0.3283, valid_rmse-1.1599, valid_pr-0.7819
2022-11-21 08:50:00 - INFO - epoch-538, train_loss-0.1174, train_rmse-0.3427, valid_rmse-1.1686, valid_pr-0.7774
2022-11-21 08:50:07 - INFO - epoch-539, train_loss-0.1109, train_rmse-0.3329, valid_rmse-1.1752, valid_pr-0.7742
2022-11-21 08:50:15 - INFO - epoch-540, train_loss-0.1155, train_rmse-0.3399, valid_rmse-1.1646, valid_pr-0.7769
2022-11-21 08:50:22 - INFO - epoch-541, train_loss-0.1282, train_rmse-0.3580, valid_rmse-1.1705, valid_pr-0.7780
2022-11-21 08:50:29 - INFO - epoch-542, train_loss-0.1065, train_rmse-0.3264, valid_rmse-1.1866, valid_pr-0.7701
2022-11-21 08:50:36 - INFO - epoch-543, train_loss-0.1085, train_rmse-0.3293, valid_rmse-1.1744, valid_pr-0.7764
2022-11-21 08:50:43 - INFO - epoch-544, train_loss-0.1167, train_rmse-0.3415, valid_rmse-1.1706, valid_pr-0.7760
2022-11-21 08:50:50 - INFO - epoch-545, train_loss-0.1213, train_rmse-0.3482, valid_rmse-1.1712, valid_pr-0.7762
2022-11-21 08:50:57 - INFO - epoch-546, train_loss-0.1129, train_rmse-0.3359, valid_rmse-1.1774, valid_pr-0.7727
2022-11-21 08:51:04 - INFO - epoch-547, train_loss-0.1189, train_rmse-0.3448, valid_rmse-1.1667, valid_pr-0.7756
2022-11-21 08:51:11 - INFO - epoch-548, train_loss-0.1004, train_rmse-0.3169, valid_rmse-1.1600, valid_pr-0.7793
2022-11-21 08:51:17 - INFO - epoch-549, train_loss-0.1113, train_rmse-0.3336, valid_rmse-1.1714, valid_pr-0.7749
2022-11-21 08:51:24 - INFO - epoch-550, train_loss-0.1047, train_rmse-0.3236, valid_rmse-1.1829, valid_pr-0.7709
2022-11-21 08:51:31 - INFO - epoch-551, train_loss-0.1136, train_rmse-0.3371, valid_rmse-1.1706, valid_pr-0.7761
2022-11-21 08:51:38 - INFO - epoch-552, train_loss-0.1116, train_rmse-0.3341, valid_rmse-1.1678, valid_pr-0.7761
2022-11-21 08:51:45 - INFO - epoch-553, train_loss-0.1084, train_rmse-0.3293, valid_rmse-1.1690, valid_pr-0.7772
2022-11-21 08:51:52 - INFO - epoch-554, train_loss-0.1160, train_rmse-0.3405, valid_rmse-1.1717, valid_pr-0.7746
2022-11-21 08:51:59 - INFO - epoch-555, train_loss-0.1171, train_rmse-0.3422, valid_rmse-1.1801, valid_pr-0.7743
2022-11-21 08:52:06 - INFO - epoch-556, train_loss-0.1168, train_rmse-0.3418, valid_rmse-1.1683, valid_pr-0.7777
2022-11-21 08:52:13 - INFO - epoch-557, train_loss-0.1068, train_rmse-0.3268, valid_rmse-1.1725, valid_pr-0.7770
2022-11-21 08:52:20 - INFO - epoch-558, train_loss-0.1106, train_rmse-0.3326, valid_rmse-1.1775, valid_pr-0.7764
2022-11-21 08:52:27 - INFO - epoch-559, train_loss-0.1087, train_rmse-0.3298, valid_rmse-1.1650, valid_pr-0.7786
2022-11-21 08:52:34 - INFO - epoch-560, train_loss-0.1055, train_rmse-0.3249, valid_rmse-1.1846, valid_pr-0.7716
2022-11-21 08:52:41 - INFO - epoch-561, train_loss-0.1203, train_rmse-0.3468, valid_rmse-1.1784, valid_pr-0.7750
2022-11-21 08:52:48 - INFO - epoch-562, train_loss-0.1050, train_rmse-0.3240, valid_rmse-1.1676, valid_pr-0.7770
2022-11-21 08:52:54 - INFO - epoch-563, train_loss-0.1146, train_rmse-0.3385, valid_rmse-1.1735, valid_pr-0.7738
2022-11-21 08:53:01 - INFO - epoch-564, train_loss-0.1074, train_rmse-0.3277, valid_rmse-1.1786, valid_pr-0.7764
2022-11-21 08:53:08 - INFO - epoch-565, train_loss-0.1216, train_rmse-0.3487, valid_rmse-1.1833, valid_pr-0.7725
2022-11-21 08:53:15 - INFO - epoch-566, train_loss-0.1147, train_rmse-0.3386, valid_rmse-1.1839, valid_pr-0.7697
2022-11-21 08:53:22 - INFO - epoch-567, train_loss-0.1092, train_rmse-0.3304, valid_rmse-1.1765, valid_pr-0.7721
2022-11-21 08:53:29 - INFO - epoch-568, train_loss-0.1058, train_rmse-0.3252, valid_rmse-1.1728, valid_pr-0.7741
2022-11-21 08:53:36 - INFO - epoch-569, train_loss-0.1104, train_rmse-0.3323, valid_rmse-1.1654, valid_pr-0.7781
2022-11-21 08:53:44 - INFO - epoch-570, train_loss-0.1017, train_rmse-0.3188, valid_rmse-1.1768, valid_pr-0.7739
2022-11-21 08:53:51 - INFO - epoch-571, train_loss-0.1193, train_rmse-0.3453, valid_rmse-1.1765, valid_pr-0.7746
2022-11-21 08:53:58 - INFO - epoch-572, train_loss-0.1143, train_rmse-0.3381, valid_rmse-1.1671, valid_pr-0.7771
2022-11-21 08:54:05 - INFO - epoch-573, train_loss-0.1116, train_rmse-0.3340, valid_rmse-1.1691, valid_pr-0.7766
2022-11-21 08:54:12 - INFO - epoch-574, train_loss-0.1135, train_rmse-0.3368, valid_rmse-1.1680, valid_pr-0.7784
2022-11-21 08:54:19 - INFO - epoch-575, train_loss-0.1074, train_rmse-0.3277, valid_rmse-1.1796, valid_pr-0.7736
2022-11-21 08:54:26 - INFO - epoch-576, train_loss-0.1126, train_rmse-0.3355, valid_rmse-1.1826, valid_pr-0.7719
2022-11-21 08:54:33 - INFO - epoch-577, train_loss-0.1037, train_rmse-0.3220, valid_rmse-1.1640, valid_pr-0.7777
2022-11-21 08:54:40 - INFO - epoch-578, train_loss-0.1107, train_rmse-0.3328, valid_rmse-1.1831, valid_pr-0.7730
2022-11-21 08:54:47 - INFO - epoch-579, train_loss-0.1031, train_rmse-0.3211, valid_rmse-1.1715, valid_pr-0.7760
2022-11-21 08:54:54 - INFO - epoch-580, train_loss-0.1071, train_rmse-0.3273, valid_rmse-1.1830, valid_pr-0.7695
2022-11-21 08:55:01 - INFO - epoch-581, train_loss-0.1123, train_rmse-0.3351, valid_rmse-1.1690, valid_pr-0.7782
2022-11-21 08:55:08 - INFO - epoch-582, train_loss-0.1102, train_rmse-0.3320, valid_rmse-1.1861, valid_pr-0.7702
2022-11-21 08:55:15 - INFO - epoch-583, train_loss-0.1096, train_rmse-0.3311, valid_rmse-1.1802, valid_pr-0.7713
2022-11-21 08:55:22 - INFO - epoch-584, train_loss-0.1081, train_rmse-0.3288, valid_rmse-1.1740, valid_pr-0.7735
2022-11-21 08:55:29 - INFO - epoch-585, train_loss-0.1076, train_rmse-0.3281, valid_rmse-1.1944, valid_pr-0.7684
2022-11-21 08:55:36 - INFO - epoch-586, train_loss-0.1019, train_rmse-0.3192, valid_rmse-1.1603, valid_pr-0.7806
2022-11-21 08:55:43 - INFO - epoch-587, train_loss-0.1016, train_rmse-0.3188, valid_rmse-1.1736, valid_pr-0.7745
2022-11-21 08:55:50 - INFO - epoch-588, train_loss-0.1029, train_rmse-0.3208, valid_rmse-1.1629, valid_pr-0.7775
2022-11-21 08:55:57 - INFO - epoch-589, train_loss-0.1125, train_rmse-0.3355, valid_rmse-1.1720, valid_pr-0.7748
2022-11-21 08:56:04 - INFO - epoch-590, train_loss-0.1208, train_rmse-0.3475, valid_rmse-1.1794, valid_pr-0.7726
2022-11-21 08:56:11 - INFO - epoch-591, train_loss-0.1100, train_rmse-0.3317, valid_rmse-1.1862, valid_pr-0.7710
2022-11-21 08:56:18 - INFO - epoch-592, train_loss-0.0987, train_rmse-0.3142, valid_rmse-1.1824, valid_pr-0.7708
2022-11-21 08:56:25 - INFO - epoch-593, train_loss-0.1137, train_rmse-0.3372, valid_rmse-1.1797, valid_pr-0.7729
2022-11-21 08:56:32 - INFO - epoch-594, train_loss-0.1177, train_rmse-0.3431, valid_rmse-1.1854, valid_pr-0.7702
2022-11-21 08:56:39 - INFO - epoch-595, train_loss-0.1075, train_rmse-0.3278, valid_rmse-1.1700, valid_pr-0.7766
2022-11-21 08:56:46 - INFO - epoch-596, train_loss-0.1059, train_rmse-0.3254, valid_rmse-1.1876, valid_pr-0.7725
2022-11-21 08:56:53 - INFO - epoch-597, train_loss-0.1050, train_rmse-0.3241, valid_rmse-1.1734, valid_pr-0.7759
2022-11-21 08:57:00 - INFO - epoch-598, train_loss-0.1076, train_rmse-0.3280, valid_rmse-1.1782, valid_pr-0.7736
2022-11-21 08:57:07 - INFO - epoch-599, train_loss-0.1047, train_rmse-0.3236, valid_rmse-1.1758, valid_pr-0.7729
2022-11-21 08:57:11 - INFO - valid_rmse-1.1564, valid_pr-0.7813, test2013_rmse-1.3905, test2013_pr-0.8236, test2016_rmse-1.1826, test2016_pr-0.8444, test2019_rmse-1.3957, test2019_pr-0.6347,
