2022-11-21 21:59:02 - INFO - /data2/yzd/project/GNN_DTI/train_GNNDTI.py
2022-11-21 21:59:02 - INFO - train data: 11904
2022-11-21 21:59:02 - INFO - valid data: 1000
2022-11-21 21:59:02 - INFO - test2013 data: 107
2022-11-21 21:59:02 - INFO - test2016 data: 285
2022-11-21 21:59:02 - INFO - test2019 data: 4366
2022-11-21 21:59:46 - INFO - epoch-0, train_loss-34.8113, train_rmse-5.9001, valid_rmse-4.1137, valid_pr-0.0822
2022-11-21 22:00:28 - INFO - epoch-1, train_loss-9.6114, train_rmse-3.1002, valid_rmse-2.7284, valid_pr-0.1246
2022-11-21 22:01:10 - INFO - epoch-2, train_loss-5.6184, train_rmse-2.3703, valid_rmse-2.3166, valid_pr-0.2335
2022-11-21 22:01:54 - INFO - epoch-3, train_loss-4.6762, train_rmse-2.1625, valid_rmse-2.1451, valid_pr-0.2840
2022-11-21 22:02:44 - INFO - epoch-4, train_loss-4.1970, train_rmse-2.0487, valid_rmse-2.0823, valid_pr-0.3346
2022-11-21 22:03:30 - INFO - epoch-5, train_loss-3.9157, train_rmse-1.9788, valid_rmse-1.9773, valid_pr-0.3524
2022-11-21 22:04:11 - INFO - epoch-6, train_loss-3.6338, train_rmse-1.9063, valid_rmse-1.9745, valid_pr-0.3757
2022-11-21 22:04:50 - INFO - epoch-7, train_loss-3.5627, train_rmse-1.8875, valid_rmse-1.9400, valid_pr-0.3822
2022-11-21 22:05:33 - INFO - epoch-8, train_loss-3.3535, train_rmse-1.8313, valid_rmse-1.8736, valid_pr-0.4045
2022-11-21 22:06:14 - INFO - epoch-9, train_loss-3.2660, train_rmse-1.8072, valid_rmse-1.8870, valid_pr-0.3984
2022-11-21 22:06:55 - INFO - epoch-10, train_loss-3.2502, train_rmse-1.8028, valid_rmse-1.8879, valid_pr-0.4015
2022-11-21 22:07:37 - INFO - epoch-11, train_loss-3.2210, train_rmse-1.7947, valid_rmse-1.8562, valid_pr-0.4084
2022-11-21 22:08:20 - INFO - epoch-12, train_loss-3.1662, train_rmse-1.7794, valid_rmse-1.9108, valid_pr-0.3873
2022-11-21 22:09:01 - INFO - epoch-13, train_loss-3.1467, train_rmse-1.7739, valid_rmse-1.9100, valid_pr-0.3668
2022-11-21 22:09:40 - INFO - epoch-14, train_loss-3.2778, train_rmse-1.8105, valid_rmse-1.8774, valid_pr-0.3812
2022-11-21 22:10:21 - INFO - epoch-15, train_loss-3.0814, train_rmse-1.7554, valid_rmse-1.8226, valid_pr-0.4160
2022-11-21 22:11:02 - INFO - epoch-16, train_loss-3.0678, train_rmse-1.7515, valid_rmse-1.8189, valid_pr-0.4112
2022-11-21 22:11:45 - INFO - epoch-17, train_loss-3.0461, train_rmse-1.7453, valid_rmse-1.8160, valid_pr-0.4103
2022-11-21 22:12:31 - INFO - epoch-18, train_loss-2.9914, train_rmse-1.7296, valid_rmse-1.7911, valid_pr-0.4288
2022-11-21 22:13:21 - INFO - epoch-19, train_loss-3.0307, train_rmse-1.7409, valid_rmse-1.7910, valid_pr-0.4188
2022-11-21 22:14:06 - INFO - epoch-20, train_loss-2.9521, train_rmse-1.7182, valid_rmse-1.8062, valid_pr-0.4137
2022-11-21 22:14:47 - INFO - epoch-21, train_loss-2.9184, train_rmse-1.7083, valid_rmse-1.7753, valid_pr-0.4242
2022-11-21 22:15:33 - INFO - epoch-22, train_loss-2.9025, train_rmse-1.7037, valid_rmse-1.7443, valid_pr-0.4459
2022-11-21 22:16:16 - INFO - epoch-23, train_loss-2.9268, train_rmse-1.7108, valid_rmse-1.7551, valid_pr-0.4470
2022-11-21 22:16:59 - INFO - epoch-24, train_loss-2.8451, train_rmse-1.6868, valid_rmse-1.7496, valid_pr-0.4437
2022-11-21 22:17:42 - INFO - epoch-25, train_loss-2.8188, train_rmse-1.6789, valid_rmse-1.7336, valid_pr-0.4398
2022-11-21 22:18:24 - INFO - epoch-26, train_loss-2.7965, train_rmse-1.6723, valid_rmse-1.7424, valid_pr-0.4542
2022-11-21 22:19:09 - INFO - epoch-27, train_loss-2.7873, train_rmse-1.6695, valid_rmse-1.7089, valid_pr-0.4641
2022-11-21 22:19:49 - INFO - epoch-28, train_loss-2.7591, train_rmse-1.6611, valid_rmse-1.6831, valid_pr-0.4677
2022-11-21 22:20:29 - INFO - epoch-29, train_loss-2.8314, train_rmse-1.6827, valid_rmse-1.7152, valid_pr-0.4529
2022-11-21 22:21:11 - INFO - epoch-30, train_loss-2.7697, train_rmse-1.6643, valid_rmse-1.7028, valid_pr-0.4723
2022-11-21 22:21:52 - INFO - epoch-31, train_loss-2.7971, train_rmse-1.6725, valid_rmse-1.7737, valid_pr-0.4503
2022-11-21 22:22:37 - INFO - epoch-32, train_loss-2.7907, train_rmse-1.6705, valid_rmse-1.6662, valid_pr-0.4679
2022-11-21 22:23:19 - INFO - epoch-33, train_loss-2.6885, train_rmse-1.6397, valid_rmse-1.6893, valid_pr-0.4584
2022-11-21 22:24:01 - INFO - epoch-34, train_loss-2.6790, train_rmse-1.6368, valid_rmse-1.6592, valid_pr-0.4743
2022-11-21 22:24:44 - INFO - epoch-35, train_loss-2.6709, train_rmse-1.6343, valid_rmse-1.6654, valid_pr-0.4679
2022-11-21 22:25:27 - INFO - epoch-36, train_loss-2.7208, train_rmse-1.6495, valid_rmse-1.6514, valid_pr-0.4743
2022-11-21 22:26:09 - INFO - epoch-37, train_loss-2.6295, train_rmse-1.6216, valid_rmse-1.6256, valid_pr-0.4967
2022-11-21 22:26:51 - INFO - epoch-38, train_loss-2.5941, train_rmse-1.6106, valid_rmse-1.6173, valid_pr-0.5017
2022-11-21 22:27:33 - INFO - epoch-39, train_loss-2.5609, train_rmse-1.6003, valid_rmse-1.6074, valid_pr-0.5032
2022-11-21 22:28:15 - INFO - epoch-40, train_loss-2.5480, train_rmse-1.5962, valid_rmse-1.6199, valid_pr-0.4971
2022-11-21 22:28:56 - INFO - epoch-41, train_loss-2.5749, train_rmse-1.6047, valid_rmse-1.6135, valid_pr-0.4926
2022-11-21 22:29:37 - INFO - epoch-42, train_loss-2.5550, train_rmse-1.5984, valid_rmse-1.6103, valid_pr-0.4983
2022-11-21 22:30:19 - INFO - epoch-43, train_loss-2.5856, train_rmse-1.6080, valid_rmse-1.6082, valid_pr-0.4975
2022-11-21 22:30:59 - INFO - epoch-44, train_loss-2.5226, train_rmse-1.5883, valid_rmse-1.6041, valid_pr-0.4993
2022-11-21 22:31:42 - INFO - epoch-45, train_loss-2.5029, train_rmse-1.5821, valid_rmse-1.5978, valid_pr-0.5055
2022-11-21 22:32:26 - INFO - epoch-46, train_loss-2.4872, train_rmse-1.5771, valid_rmse-1.5981, valid_pr-0.5087
2022-11-21 22:33:08 - INFO - epoch-47, train_loss-2.4922, train_rmse-1.5787, valid_rmse-1.5957, valid_pr-0.5073
2022-11-21 22:33:48 - INFO - epoch-48, train_loss-2.4670, train_rmse-1.5707, valid_rmse-1.5899, valid_pr-0.5108
2022-11-21 22:34:35 - INFO - epoch-49, train_loss-2.4486, train_rmse-1.5648, valid_rmse-1.5945, valid_pr-0.5102
2022-11-21 22:35:18 - INFO - epoch-50, train_loss-2.4482, train_rmse-1.5647, valid_rmse-1.5893, valid_pr-0.5127
2022-11-21 22:36:00 - INFO - epoch-51, train_loss-2.4842, train_rmse-1.5761, valid_rmse-1.6002, valid_pr-0.5031
2022-11-21 22:36:42 - INFO - epoch-52, train_loss-2.4683, train_rmse-1.5711, valid_rmse-1.5961, valid_pr-0.5160
2022-11-21 22:37:23 - INFO - epoch-53, train_loss-2.4449, train_rmse-1.5636, valid_rmse-1.5943, valid_pr-0.5195
2022-11-21 22:38:05 - INFO - epoch-54, train_loss-2.4208, train_rmse-1.5559, valid_rmse-1.5853, valid_pr-0.5197
2022-11-21 22:38:49 - INFO - epoch-55, train_loss-2.4118, train_rmse-1.5530, valid_rmse-1.5691, valid_pr-0.5290
2022-11-21 22:39:30 - INFO - epoch-56, train_loss-2.4168, train_rmse-1.5546, valid_rmse-1.5665, valid_pr-0.5325
2022-11-21 22:40:10 - INFO - epoch-57, train_loss-2.4256, train_rmse-1.5574, valid_rmse-1.5630, valid_pr-0.5357
2022-11-21 22:40:52 - INFO - epoch-58, train_loss-2.3807, train_rmse-1.5430, valid_rmse-1.5691, valid_pr-0.5322
2022-11-21 22:41:40 - INFO - epoch-59, train_loss-2.3644, train_rmse-1.5377, valid_rmse-1.5555, valid_pr-0.5395
2022-11-21 22:42:21 - INFO - epoch-60, train_loss-2.3760, train_rmse-1.5414, valid_rmse-1.5771, valid_pr-0.5369
2022-11-21 22:43:01 - INFO - epoch-61, train_loss-2.4043, train_rmse-1.5506, valid_rmse-1.5502, valid_pr-0.5444
2022-11-21 22:43:43 - INFO - epoch-62, train_loss-2.4119, train_rmse-1.5530, valid_rmse-1.5647, valid_pr-0.5318
2022-11-21 22:44:25 - INFO - epoch-63, train_loss-2.4186, train_rmse-1.5552, valid_rmse-1.5828, valid_pr-0.5269
2022-11-21 22:45:08 - INFO - epoch-64, train_loss-2.3843, train_rmse-1.5441, valid_rmse-1.6000, valid_pr-0.5469
2022-11-21 22:45:48 - INFO - epoch-65, train_loss-2.3703, train_rmse-1.5396, valid_rmse-1.5515, valid_pr-0.5427
2022-11-21 22:46:33 - INFO - epoch-66, train_loss-2.3575, train_rmse-1.5354, valid_rmse-1.5478, valid_pr-0.5459
2022-11-21 22:47:17 - INFO - epoch-67, train_loss-2.3391, train_rmse-1.5294, valid_rmse-1.5633, valid_pr-0.5418
2022-11-21 22:48:01 - INFO - epoch-68, train_loss-2.3499, train_rmse-1.5329, valid_rmse-1.5760, valid_pr-0.5442
2022-11-21 22:48:46 - INFO - epoch-69, train_loss-2.3366, train_rmse-1.5286, valid_rmse-1.5763, valid_pr-0.5447
2022-11-21 22:49:34 - INFO - epoch-70, train_loss-2.4239, train_rmse-1.5569, valid_rmse-1.5986, valid_pr-0.5253
2022-11-21 22:50:15 - INFO - epoch-71, train_loss-2.4321, train_rmse-1.5595, valid_rmse-1.5914, valid_pr-0.5360
2022-11-21 22:51:03 - INFO - epoch-72, train_loss-2.4047, train_rmse-1.5507, valid_rmse-1.5825, valid_pr-0.5302
2022-11-21 22:51:46 - INFO - epoch-73, train_loss-2.4049, train_rmse-1.5508, valid_rmse-1.5695, valid_pr-0.5401
2022-11-21 22:52:28 - INFO - epoch-74, train_loss-2.3673, train_rmse-1.5386, valid_rmse-1.5541, valid_pr-0.5400
2022-11-21 22:53:09 - INFO - epoch-75, train_loss-2.3871, train_rmse-1.5450, valid_rmse-1.5744, valid_pr-0.5320
2022-11-21 22:53:52 - INFO - epoch-76, train_loss-2.3731, train_rmse-1.5405, valid_rmse-1.5462, valid_pr-0.5474
2022-11-21 22:54:35 - INFO - epoch-77, train_loss-2.3533, train_rmse-1.5340, valid_rmse-1.5481, valid_pr-0.5456
2022-11-21 22:55:23 - INFO - epoch-78, train_loss-2.3240, train_rmse-1.5245, valid_rmse-1.5495, valid_pr-0.5448
2022-11-21 22:56:05 - INFO - epoch-79, train_loss-2.3273, train_rmse-1.5255, valid_rmse-1.5394, valid_pr-0.5614
2022-11-21 22:56:48 - INFO - epoch-80, train_loss-2.3483, train_rmse-1.5324, valid_rmse-1.5393, valid_pr-0.5564
2022-11-21 22:57:31 - INFO - epoch-81, train_loss-2.3331, train_rmse-1.5274, valid_rmse-1.5489, valid_pr-0.5555
2022-11-21 22:58:11 - INFO - epoch-82, train_loss-2.2782, train_rmse-1.5094, valid_rmse-1.5475, valid_pr-0.5563
2022-11-21 22:58:51 - INFO - epoch-83, train_loss-2.2872, train_rmse-1.5123, valid_rmse-1.5214, valid_pr-0.5666
2022-11-21 22:59:34 - INFO - epoch-84, train_loss-2.2726, train_rmse-1.5075, valid_rmse-1.5216, valid_pr-0.5677
2022-11-21 23:00:13 - INFO - epoch-85, train_loss-2.2450, train_rmse-1.4983, valid_rmse-1.5170, valid_pr-0.5753
2022-11-21 23:00:53 - INFO - epoch-86, train_loss-2.2457, train_rmse-1.4985, valid_rmse-1.5263, valid_pr-0.5662
2022-11-21 23:01:36 - INFO - epoch-87, train_loss-2.2551, train_rmse-1.5017, valid_rmse-1.5172, valid_pr-0.5724
2022-11-21 23:02:19 - INFO - epoch-88, train_loss-2.2560, train_rmse-1.5020, valid_rmse-1.5236, valid_pr-0.5753
2022-11-21 23:03:01 - INFO - epoch-89, train_loss-2.2771, train_rmse-1.5090, valid_rmse-1.5656, valid_pr-0.5485
2022-11-21 23:03:42 - INFO - epoch-90, train_loss-2.3595, train_rmse-1.5361, valid_rmse-1.5520, valid_pr-0.5542
2022-11-21 23:04:24 - INFO - epoch-91, train_loss-2.2726, train_rmse-1.5075, valid_rmse-1.5182, valid_pr-0.5707
2022-11-21 23:05:06 - INFO - epoch-92, train_loss-2.3064, train_rmse-1.5187, valid_rmse-1.5296, valid_pr-0.5708
2022-11-21 23:05:56 - INFO - epoch-93, train_loss-2.2634, train_rmse-1.5045, valid_rmse-1.5048, valid_pr-0.5805
2022-11-21 23:06:39 - INFO - epoch-94, train_loss-2.2490, train_rmse-1.4997, valid_rmse-1.5927, valid_pr-0.5816
2022-11-21 23:07:20 - INFO - epoch-95, train_loss-2.2475, train_rmse-1.4992, valid_rmse-1.5078, valid_pr-0.5780
2022-11-21 23:08:01 - INFO - epoch-96, train_loss-2.2124, train_rmse-1.4874, valid_rmse-1.5305, valid_pr-0.5692
2022-11-21 23:08:49 - INFO - epoch-97, train_loss-2.2154, train_rmse-1.4884, valid_rmse-1.5231, valid_pr-0.5662
2022-11-21 23:09:30 - INFO - epoch-98, train_loss-2.2228, train_rmse-1.4909, valid_rmse-1.5311, valid_pr-0.5760
2022-11-21 23:10:11 - INFO - epoch-99, train_loss-2.1994, train_rmse-1.4830, valid_rmse-1.5359, valid_pr-0.5769
2022-11-21 23:10:52 - INFO - epoch-100, train_loss-2.2010, train_rmse-1.4836, valid_rmse-1.5030, valid_pr-0.5847
2022-11-21 23:11:34 - INFO - epoch-101, train_loss-2.1722, train_rmse-1.4739, valid_rmse-1.5081, valid_pr-0.5855
2022-11-21 23:12:15 - INFO - epoch-102, train_loss-2.1791, train_rmse-1.4762, valid_rmse-1.5425, valid_pr-0.5819
2022-11-21 23:13:02 - INFO - epoch-103, train_loss-2.1730, train_rmse-1.4741, valid_rmse-1.5175, valid_pr-0.5739
2022-11-21 23:13:44 - INFO - epoch-104, train_loss-2.2348, train_rmse-1.4949, valid_rmse-1.5503, valid_pr-0.5661
2022-11-21 23:14:25 - INFO - epoch-105, train_loss-2.2260, train_rmse-1.4920, valid_rmse-1.5145, valid_pr-0.5854
2022-11-21 23:15:11 - INFO - epoch-106, train_loss-2.2146, train_rmse-1.4882, valid_rmse-1.5359, valid_pr-0.5794
2022-11-21 23:15:55 - INFO - epoch-107, train_loss-2.1699, train_rmse-1.4731, valid_rmse-1.5249, valid_pr-0.5880
2022-11-21 23:16:41 - INFO - epoch-108, train_loss-2.2443, train_rmse-1.4981, valid_rmse-1.5310, valid_pr-0.5598
2022-11-21 23:17:22 - INFO - epoch-109, train_loss-2.3206, train_rmse-1.5233, valid_rmse-1.5588, valid_pr-0.5564
2022-11-21 23:18:02 - INFO - epoch-110, train_loss-2.2484, train_rmse-1.4995, valid_rmse-1.5400, valid_pr-0.5589
2022-11-21 23:18:49 - INFO - epoch-111, train_loss-2.2466, train_rmse-1.4989, valid_rmse-1.5212, valid_pr-0.5681
2022-11-21 23:19:30 - INFO - epoch-112, train_loss-2.2331, train_rmse-1.4943, valid_rmse-1.5421, valid_pr-0.5548
2022-11-21 23:20:11 - INFO - epoch-113, train_loss-2.2075, train_rmse-1.4858, valid_rmse-1.5245, valid_pr-0.5730
2022-11-21 23:20:51 - INFO - epoch-114, train_loss-2.2196, train_rmse-1.4898, valid_rmse-1.5228, valid_pr-0.5687
2022-11-21 23:21:32 - INFO - epoch-115, train_loss-2.2975, train_rmse-1.5158, valid_rmse-1.5909, valid_pr-0.5399
2022-11-21 23:22:13 - INFO - epoch-116, train_loss-2.2639, train_rmse-1.5046, valid_rmse-1.5276, valid_pr-0.5616
2022-11-21 23:22:58 - INFO - epoch-117, train_loss-2.2805, train_rmse-1.5101, valid_rmse-1.5753, valid_pr-0.5592
2022-11-21 23:23:43 - INFO - epoch-118, train_loss-2.2671, train_rmse-1.5057, valid_rmse-1.5200, valid_pr-0.5678
2022-11-21 23:24:26 - INFO - epoch-119, train_loss-2.2450, train_rmse-1.4983, valid_rmse-1.5305, valid_pr-0.5650
2022-11-21 23:25:12 - INFO - epoch-120, train_loss-2.2314, train_rmse-1.4938, valid_rmse-1.5695, valid_pr-0.5703
2022-11-21 23:26:00 - INFO - epoch-121, train_loss-2.2437, train_rmse-1.4979, valid_rmse-1.5427, valid_pr-0.5683
2022-11-21 23:26:45 - INFO - epoch-122, train_loss-2.2205, train_rmse-1.4901, valid_rmse-1.5147, valid_pr-0.5718
2022-11-21 23:27:28 - INFO - epoch-123, train_loss-2.2242, train_rmse-1.4914, valid_rmse-1.5101, valid_pr-0.5780
2022-11-21 23:28:10 - INFO - epoch-124, train_loss-2.2512, train_rmse-1.5004, valid_rmse-1.5161, valid_pr-0.5717
2022-11-21 23:28:53 - INFO - epoch-125, train_loss-2.1915, train_rmse-1.4804, valid_rmse-1.5062, valid_pr-0.5823
2022-11-21 23:29:37 - INFO - epoch-126, train_loss-2.2150, train_rmse-1.4883, valid_rmse-1.5118, valid_pr-0.5739
2022-11-21 23:30:21 - INFO - epoch-127, train_loss-2.2121, train_rmse-1.4873, valid_rmse-1.5285, valid_pr-0.5836
2022-11-21 23:31:03 - INFO - epoch-128, train_loss-2.1815, train_rmse-1.4770, valid_rmse-1.4933, valid_pr-0.5900
2022-11-21 23:31:46 - INFO - epoch-129, train_loss-2.2028, train_rmse-1.4842, valid_rmse-1.5231, valid_pr-0.5684
2022-11-21 23:32:30 - INFO - epoch-130, train_loss-2.2060, train_rmse-1.4853, valid_rmse-1.5119, valid_pr-0.5774
2022-11-21 23:33:12 - INFO - epoch-131, train_loss-2.1983, train_rmse-1.4827, valid_rmse-1.5038, valid_pr-0.5812
2022-11-21 23:33:55 - INFO - epoch-132, train_loss-2.2049, train_rmse-1.4849, valid_rmse-1.5178, valid_pr-0.5786
2022-11-21 23:34:37 - INFO - epoch-133, train_loss-2.1654, train_rmse-1.4715, valid_rmse-1.5001, valid_pr-0.5845
2022-11-21 23:35:20 - INFO - epoch-134, train_loss-2.2339, train_rmse-1.4946, valid_rmse-1.5161, valid_pr-0.5753
2022-11-21 23:36:01 - INFO - epoch-135, train_loss-2.2026, train_rmse-1.4841, valid_rmse-1.5010, valid_pr-0.5828
2022-11-21 23:36:41 - INFO - epoch-136, train_loss-2.1787, train_rmse-1.4760, valid_rmse-1.5036, valid_pr-0.5862
2022-11-21 23:37:21 - INFO - epoch-137, train_loss-2.1757, train_rmse-1.4750, valid_rmse-1.5163, valid_pr-0.5877
2022-11-21 23:38:01 - INFO - epoch-138, train_loss-2.2118, train_rmse-1.4872, valid_rmse-1.5563, valid_pr-0.5453
2022-11-21 23:38:41 - INFO - epoch-139, train_loss-2.3589, train_rmse-1.5359, valid_rmse-1.5794, valid_pr-0.5280
2022-11-21 23:39:27 - INFO - epoch-140, train_loss-2.3661, train_rmse-1.5382, valid_rmse-1.5462, valid_pr-0.5551
2022-11-21 23:40:10 - INFO - epoch-141, train_loss-2.2888, train_rmse-1.5129, valid_rmse-1.5310, valid_pr-0.5622
2022-11-21 23:40:52 - INFO - epoch-142, train_loss-2.2614, train_rmse-1.5038, valid_rmse-1.5280, valid_pr-0.5670
2022-11-21 23:41:32 - INFO - epoch-143, train_loss-2.2626, train_rmse-1.5042, valid_rmse-1.5259, valid_pr-0.5641
2022-11-21 23:42:13 - INFO - epoch-144, train_loss-2.2503, train_rmse-1.5001, valid_rmse-1.5277, valid_pr-0.5689
2022-11-21 23:42:54 - INFO - epoch-145, train_loss-2.2387, train_rmse-1.4962, valid_rmse-1.5294, valid_pr-0.5621
2022-11-21 23:43:34 - INFO - epoch-146, train_loss-2.2295, train_rmse-1.4931, valid_rmse-1.5396, valid_pr-0.5787
2022-11-21 23:44:16 - INFO - epoch-147, train_loss-2.2688, train_rmse-1.5062, valid_rmse-1.5535, valid_pr-0.5721
2022-11-21 23:45:04 - INFO - epoch-148, train_loss-2.2030, train_rmse-1.4843, valid_rmse-1.5173, valid_pr-0.5752
2022-11-21 23:45:46 - INFO - epoch-149, train_loss-2.1960, train_rmse-1.4819, valid_rmse-1.5322, valid_pr-0.5737
2022-11-21 23:46:29 - INFO - epoch-150, train_loss-2.2287, train_rmse-1.4929, valid_rmse-1.5357, valid_pr-0.5644
2022-11-21 23:47:10 - INFO - epoch-151, train_loss-2.2105, train_rmse-1.4868, valid_rmse-1.5239, valid_pr-0.5649
2022-11-21 23:47:52 - INFO - epoch-152, train_loss-2.2202, train_rmse-1.4900, valid_rmse-1.5171, valid_pr-0.5735
2022-11-21 23:48:35 - INFO - epoch-153, train_loss-2.2213, train_rmse-1.4904, valid_rmse-1.5206, valid_pr-0.5682
2022-11-21 23:49:17 - INFO - epoch-154, train_loss-2.2331, train_rmse-1.4944, valid_rmse-1.5313, valid_pr-0.5717
2022-11-21 23:49:57 - INFO - epoch-155, train_loss-2.2105, train_rmse-1.4868, valid_rmse-1.5167, valid_pr-0.5739
2022-11-21 23:50:41 - INFO - epoch-156, train_loss-2.2240, train_rmse-1.4913, valid_rmse-1.5365, valid_pr-0.5618
2022-11-21 23:51:23 - INFO - epoch-157, train_loss-2.2157, train_rmse-1.4885, valid_rmse-1.5131, valid_pr-0.5739
2022-11-21 23:52:11 - INFO - epoch-158, train_loss-2.1901, train_rmse-1.4799, valid_rmse-1.5212, valid_pr-0.5782
2022-11-21 23:52:54 - INFO - epoch-159, train_loss-2.1896, train_rmse-1.4797, valid_rmse-1.5197, valid_pr-0.5758
2022-11-21 23:53:35 - INFO - epoch-160, train_loss-2.2079, train_rmse-1.4859, valid_rmse-1.5265, valid_pr-0.5782
2022-11-21 23:54:18 - INFO - epoch-161, train_loss-2.1932, train_rmse-1.4810, valid_rmse-1.5146, valid_pr-0.5717
2022-11-21 23:54:59 - INFO - epoch-162, train_loss-2.1658, train_rmse-1.4717, valid_rmse-1.5078, valid_pr-0.5773
2022-11-21 23:55:40 - INFO - epoch-163, train_loss-2.1460, train_rmse-1.4649, valid_rmse-1.5100, valid_pr-0.5905
2022-11-21 23:56:24 - INFO - epoch-164, train_loss-2.1382, train_rmse-1.4622, valid_rmse-1.5021, valid_pr-0.5815
2022-11-21 23:57:07 - INFO - epoch-165, train_loss-2.2354, train_rmse-1.4951, valid_rmse-1.5123, valid_pr-0.5742
2022-11-21 23:57:50 - INFO - epoch-166, train_loss-2.2267, train_rmse-1.4922, valid_rmse-1.5276, valid_pr-0.5648
2022-11-21 23:58:39 - INFO - epoch-167, train_loss-2.2028, train_rmse-1.4842, valid_rmse-1.5210, valid_pr-0.5687
2022-11-21 23:59:22 - INFO - epoch-168, train_loss-2.1879, train_rmse-1.4792, valid_rmse-1.5576, valid_pr-0.5712
2022-11-22 00:00:04 - INFO - epoch-169, train_loss-2.2067, train_rmse-1.4855, valid_rmse-1.5160, valid_pr-0.5722
2022-11-22 00:00:47 - INFO - epoch-170, train_loss-2.1684, train_rmse-1.4725, valid_rmse-1.5074, valid_pr-0.5833
2022-11-22 00:01:29 - INFO - epoch-171, train_loss-2.2045, train_rmse-1.4847, valid_rmse-1.5104, valid_pr-0.5807
2022-11-22 00:02:12 - INFO - epoch-172, train_loss-2.1664, train_rmse-1.4719, valid_rmse-1.5034, valid_pr-0.5817
2022-11-22 00:03:02 - INFO - epoch-173, train_loss-2.1522, train_rmse-1.4670, valid_rmse-1.4976, valid_pr-0.5867
2022-11-22 00:03:48 - INFO - epoch-174, train_loss-2.1626, train_rmse-1.4706, valid_rmse-1.5235, valid_pr-0.5706
2022-11-22 00:04:37 - INFO - epoch-175, train_loss-2.2829, train_rmse-1.5109, valid_rmse-1.5469, valid_pr-0.5488
2022-11-22 00:05:23 - INFO - epoch-176, train_loss-2.2842, train_rmse-1.5114, valid_rmse-1.5348, valid_pr-0.5608
2022-11-22 00:06:10 - INFO - epoch-177, train_loss-2.2594, train_rmse-1.5031, valid_rmse-1.5357, valid_pr-0.5627
2022-11-22 00:06:53 - INFO - epoch-178, train_loss-2.2430, train_rmse-1.4977, valid_rmse-1.5317, valid_pr-0.5664
2022-11-22 00:07:38 - INFO - epoch-179, train_loss-2.2132, train_rmse-1.4877, valid_rmse-1.5193, valid_pr-0.5687
2022-11-22 00:08:20 - INFO - epoch-180, train_loss-2.2199, train_rmse-1.4899, valid_rmse-1.5127, valid_pr-0.5752
2022-11-22 00:09:06 - INFO - epoch-181, train_loss-2.2233, train_rmse-1.4911, valid_rmse-1.5271, valid_pr-0.5693
2022-11-22 00:09:44 - INFO - epoch-182, train_loss-2.2080, train_rmse-1.4859, valid_rmse-1.5404, valid_pr-0.5662
2022-11-22 00:10:19 - INFO - epoch-183, train_loss-2.1929, train_rmse-1.4809, valid_rmse-1.5177, valid_pr-0.5743
2022-11-22 00:10:55 - INFO - epoch-184, train_loss-2.1959, train_rmse-1.4818, valid_rmse-1.5229, valid_pr-0.5670
2022-11-22 00:11:31 - INFO - epoch-185, train_loss-2.1581, train_rmse-1.4690, valid_rmse-1.5230, valid_pr-0.5662
2022-11-22 00:12:06 - INFO - epoch-186, train_loss-2.1825, train_rmse-1.4773, valid_rmse-1.5185, valid_pr-0.5696
2022-11-22 00:12:42 - INFO - epoch-187, train_loss-2.1535, train_rmse-1.4675, valid_rmse-1.5088, valid_pr-0.5763
2022-11-22 00:13:16 - INFO - epoch-188, train_loss-2.1594, train_rmse-1.4695, valid_rmse-1.5244, valid_pr-0.5705
2022-11-22 00:13:52 - INFO - epoch-189, train_loss-2.1714, train_rmse-1.4736, valid_rmse-1.5354, valid_pr-0.5808
2022-11-22 00:14:27 - INFO - epoch-190, train_loss-2.1546, train_rmse-1.4679, valid_rmse-1.5079, valid_pr-0.5769
2022-11-22 00:15:02 - INFO - epoch-191, train_loss-2.1674, train_rmse-1.4722, valid_rmse-1.5004, valid_pr-0.5860
2022-11-22 00:15:37 - INFO - epoch-192, train_loss-2.1456, train_rmse-1.4648, valid_rmse-1.5128, valid_pr-0.5824
2022-11-22 00:16:13 - INFO - epoch-193, train_loss-2.1379, train_rmse-1.4621, valid_rmse-1.5003, valid_pr-0.5904
2022-11-22 00:16:48 - INFO - epoch-194, train_loss-2.1304, train_rmse-1.4596, valid_rmse-1.4924, valid_pr-0.5902
2022-11-22 00:17:24 - INFO - epoch-195, train_loss-2.1129, train_rmse-1.4536, valid_rmse-1.4961, valid_pr-0.5870
2022-11-22 00:17:58 - INFO - epoch-196, train_loss-2.2067, train_rmse-1.4855, valid_rmse-1.5567, valid_pr-0.5445
2022-11-22 00:18:34 - INFO - epoch-197, train_loss-2.3293, train_rmse-1.5262, valid_rmse-1.5436, valid_pr-0.5642
2022-11-22 00:19:09 - INFO - epoch-198, train_loss-2.2050, train_rmse-1.4849, valid_rmse-1.5122, valid_pr-0.5780
2022-11-22 00:19:42 - INFO - epoch-199, train_loss-2.1893, train_rmse-1.4796, valid_rmse-1.5097, valid_pr-0.5815
2022-11-22 00:20:14 - INFO - epoch-200, train_loss-2.1850, train_rmse-1.4782, valid_rmse-1.5219, valid_pr-0.5828
2022-11-22 00:20:47 - INFO - epoch-201, train_loss-2.1514, train_rmse-1.4668, valid_rmse-1.5197, valid_pr-0.5804
2022-11-22 00:21:21 - INFO - epoch-202, train_loss-2.1740, train_rmse-1.4744, valid_rmse-1.4916, valid_pr-0.5899
2022-11-22 00:21:53 - INFO - epoch-203, train_loss-2.1929, train_rmse-1.4809, valid_rmse-1.5026, valid_pr-0.5938
2022-11-22 00:22:26 - INFO - epoch-204, train_loss-2.1478, train_rmse-1.4656, valid_rmse-1.4963, valid_pr-0.5858
2022-11-22 00:22:59 - INFO - epoch-205, train_loss-2.1499, train_rmse-1.4662, valid_rmse-1.4793, valid_pr-0.5982
2022-11-22 00:23:32 - INFO - epoch-206, train_loss-2.1136, train_rmse-1.4538, valid_rmse-1.4856, valid_pr-0.6043
2022-11-22 00:24:04 - INFO - epoch-207, train_loss-2.1282, train_rmse-1.4589, valid_rmse-1.4862, valid_pr-0.5972
2022-11-22 00:24:36 - INFO - epoch-208, train_loss-2.1472, train_rmse-1.4653, valid_rmse-1.4899, valid_pr-0.5945
2022-11-22 00:25:08 - INFO - epoch-209, train_loss-2.1299, train_rmse-1.4594, valid_rmse-1.4732, valid_pr-0.6035
2022-11-22 00:25:40 - INFO - epoch-210, train_loss-2.1291, train_rmse-1.4591, valid_rmse-1.4819, valid_pr-0.5988
2022-11-22 00:26:13 - INFO - epoch-211, train_loss-2.1359, train_rmse-1.4615, valid_rmse-1.5073, valid_pr-0.5969
2022-11-22 00:26:46 - INFO - epoch-212, train_loss-2.1278, train_rmse-1.4587, valid_rmse-1.5042, valid_pr-0.5939
2022-11-22 00:27:19 - INFO - epoch-213, train_loss-2.2099, train_rmse-1.4866, valid_rmse-1.5131, valid_pr-0.5871
2022-11-22 00:27:50 - INFO - epoch-214, train_loss-2.1687, train_rmse-1.4726, valid_rmse-1.4825, valid_pr-0.5961
2022-11-22 00:28:22 - INFO - epoch-215, train_loss-2.1292, train_rmse-1.4592, valid_rmse-1.4927, valid_pr-0.5894
2022-11-22 00:28:54 - INFO - epoch-216, train_loss-2.1582, train_rmse-1.4691, valid_rmse-1.5124, valid_pr-0.5811
2022-11-22 00:29:27 - INFO - epoch-217, train_loss-2.1573, train_rmse-1.4688, valid_rmse-1.4980, valid_pr-0.5856
2022-11-22 00:29:58 - INFO - epoch-218, train_loss-2.1812, train_rmse-1.4769, valid_rmse-1.4996, valid_pr-0.5838
2022-11-22 00:30:31 - INFO - epoch-219, train_loss-2.1571, train_rmse-1.4687, valid_rmse-1.4905, valid_pr-0.5945
2022-11-22 00:31:04 - INFO - epoch-220, train_loss-2.1358, train_rmse-1.4614, valid_rmse-1.4984, valid_pr-0.5849
2022-11-22 00:31:37 - INFO - epoch-221, train_loss-2.1128, train_rmse-1.4535, valid_rmse-1.5152, valid_pr-0.5725
2022-11-22 00:32:09 - INFO - epoch-222, train_loss-2.1134, train_rmse-1.4538, valid_rmse-1.4834, valid_pr-0.5960
2022-11-22 00:32:41 - INFO - epoch-223, train_loss-2.1148, train_rmse-1.4542, valid_rmse-1.4822, valid_pr-0.5971
2022-11-22 00:33:13 - INFO - epoch-224, train_loss-2.0903, train_rmse-1.4458, valid_rmse-1.4770, valid_pr-0.6043
2022-11-22 00:33:45 - INFO - epoch-225, train_loss-2.0801, train_rmse-1.4423, valid_rmse-1.4708, valid_pr-0.6059
2022-11-22 00:34:15 - INFO - epoch-226, train_loss-2.0782, train_rmse-1.4416, valid_rmse-1.4778, valid_pr-0.6019
2022-11-22 00:34:47 - INFO - epoch-227, train_loss-2.0677, train_rmse-1.4380, valid_rmse-1.4742, valid_pr-0.6069
2022-11-22 00:35:21 - INFO - epoch-228, train_loss-2.0614, train_rmse-1.4358, valid_rmse-1.4708, valid_pr-0.6054
2022-11-22 00:35:54 - INFO - epoch-229, train_loss-2.0577, train_rmse-1.4345, valid_rmse-1.4787, valid_pr-0.6070
2022-11-22 00:36:26 - INFO - epoch-230, train_loss-2.0540, train_rmse-1.4332, valid_rmse-1.5189, valid_pr-0.6091
2022-11-22 00:36:58 - INFO - epoch-231, train_loss-2.0856, train_rmse-1.4441, valid_rmse-1.4862, valid_pr-0.6037
2022-11-22 00:37:30 - INFO - epoch-232, train_loss-2.1308, train_rmse-1.4597, valid_rmse-1.5076, valid_pr-0.5846
2022-11-22 00:38:03 - INFO - epoch-233, train_loss-2.1486, train_rmse-1.4658, valid_rmse-1.4980, valid_pr-0.5867
2022-11-22 00:38:36 - INFO - epoch-234, train_loss-2.1459, train_rmse-1.4649, valid_rmse-1.4851, valid_pr-0.5944
2022-11-22 00:39:08 - INFO - epoch-235, train_loss-2.1165, train_rmse-1.4548, valid_rmse-1.5247, valid_pr-0.5909
2022-11-22 00:39:41 - INFO - epoch-236, train_loss-2.1732, train_rmse-1.4742, valid_rmse-1.5092, valid_pr-0.5804
2022-11-22 00:40:13 - INFO - epoch-237, train_loss-2.1944, train_rmse-1.4813, valid_rmse-1.5101, valid_pr-0.5848
2022-11-22 00:40:45 - INFO - epoch-238, train_loss-2.1474, train_rmse-1.4654, valid_rmse-1.5016, valid_pr-0.5821
2022-11-22 00:41:20 - INFO - epoch-239, train_loss-2.1229, train_rmse-1.4570, valid_rmse-1.4985, valid_pr-0.5880
2022-11-22 00:41:51 - INFO - epoch-240, train_loss-2.1387, train_rmse-1.4624, valid_rmse-1.5046, valid_pr-0.5893
2022-11-22 00:42:23 - INFO - epoch-241, train_loss-2.1177, train_rmse-1.4552, valid_rmse-1.5232, valid_pr-0.5728
2022-11-22 00:42:55 - INFO - epoch-242, train_loss-2.1567, train_rmse-1.4686, valid_rmse-1.5152, valid_pr-0.5829
2022-11-22 00:43:27 - INFO - epoch-243, train_loss-2.1302, train_rmse-1.4595, valid_rmse-1.4882, valid_pr-0.5923
2022-11-22 00:43:59 - INFO - epoch-244, train_loss-2.1013, train_rmse-1.4496, valid_rmse-1.4850, valid_pr-0.5943
2022-11-22 00:44:31 - INFO - epoch-245, train_loss-2.1181, train_rmse-1.4554, valid_rmse-1.4904, valid_pr-0.5903
2022-11-22 00:45:03 - INFO - epoch-246, train_loss-2.0968, train_rmse-1.4480, valid_rmse-1.4848, valid_pr-0.6015
2022-11-22 00:45:35 - INFO - epoch-247, train_loss-2.0812, train_rmse-1.4426, valid_rmse-1.4901, valid_pr-0.5949
2022-11-22 00:46:07 - INFO - epoch-248, train_loss-2.0733, train_rmse-1.4399, valid_rmse-1.4836, valid_pr-0.5993
2022-11-22 00:46:39 - INFO - epoch-249, train_loss-2.0729, train_rmse-1.4398, valid_rmse-1.4760, valid_pr-0.6043
2022-11-22 00:47:11 - INFO - epoch-250, train_loss-2.0606, train_rmse-1.4355, valid_rmse-1.4732, valid_pr-0.6081
2022-11-22 00:47:44 - INFO - epoch-251, train_loss-2.0531, train_rmse-1.4329, valid_rmse-1.4733, valid_pr-0.6069
2022-11-22 00:48:15 - INFO - epoch-252, train_loss-2.0425, train_rmse-1.4292, valid_rmse-1.4986, valid_pr-0.6082
2022-11-22 00:48:47 - INFO - epoch-253, train_loss-2.0346, train_rmse-1.4264, valid_rmse-1.4498, valid_pr-0.6193
2022-11-22 00:49:18 - INFO - epoch-254, train_loss-2.0212, train_rmse-1.4217, valid_rmse-1.4808, valid_pr-0.6096
2022-11-22 00:49:50 - INFO - epoch-255, train_loss-2.0749, train_rmse-1.4404, valid_rmse-1.4506, valid_pr-0.6189
2022-11-22 00:50:22 - INFO - epoch-256, train_loss-2.0279, train_rmse-1.4240, valid_rmse-1.4735, valid_pr-0.6189
2022-11-22 00:50:53 - INFO - epoch-257, train_loss-2.0118, train_rmse-1.4184, valid_rmse-1.4547, valid_pr-0.6210
2022-11-22 00:51:25 - INFO - epoch-258, train_loss-2.0388, train_rmse-1.4279, valid_rmse-1.4611, valid_pr-0.6116
2022-11-22 00:51:57 - INFO - epoch-259, train_loss-2.0108, train_rmse-1.4180, valid_rmse-1.4573, valid_pr-0.6145
2022-11-22 00:52:29 - INFO - epoch-260, train_loss-2.0253, train_rmse-1.4231, valid_rmse-1.4477, valid_pr-0.6213
2022-11-22 00:53:01 - INFO - epoch-261, train_loss-1.9948, train_rmse-1.4124, valid_rmse-1.4510, valid_pr-0.6192
2022-11-22 00:53:33 - INFO - epoch-262, train_loss-1.9830, train_rmse-1.4082, valid_rmse-1.4425, valid_pr-0.6241
2022-11-22 00:54:05 - INFO - epoch-263, train_loss-2.0015, train_rmse-1.4147, valid_rmse-1.4529, valid_pr-0.6183
2022-11-22 00:54:38 - INFO - epoch-264, train_loss-2.0564, train_rmse-1.4340, valid_rmse-1.5024, valid_pr-0.5864
2022-11-22 00:55:10 - INFO - epoch-265, train_loss-2.0981, train_rmse-1.4485, valid_rmse-1.4753, valid_pr-0.6212
2022-11-22 00:55:44 - INFO - epoch-266, train_loss-2.0471, train_rmse-1.4308, valid_rmse-1.5042, valid_pr-0.6018
2022-11-22 00:56:16 - INFO - epoch-267, train_loss-2.0448, train_rmse-1.4300, valid_rmse-1.4682, valid_pr-0.6164
2022-11-22 00:56:48 - INFO - epoch-268, train_loss-2.0143, train_rmse-1.4192, valid_rmse-1.4534, valid_pr-0.6172
2022-11-22 00:57:20 - INFO - epoch-269, train_loss-2.0018, train_rmse-1.4149, valid_rmse-1.4507, valid_pr-0.6214
2022-11-22 00:57:52 - INFO - epoch-270, train_loss-1.9908, train_rmse-1.4110, valid_rmse-1.4372, valid_pr-0.6295
2022-11-22 00:58:25 - INFO - epoch-271, train_loss-1.9941, train_rmse-1.4121, valid_rmse-1.4871, valid_pr-0.6030
2022-11-22 00:58:57 - INFO - epoch-272, train_loss-2.0106, train_rmse-1.4180, valid_rmse-1.4787, valid_pr-0.6136
2022-11-22 00:59:31 - INFO - epoch-273, train_loss-2.0164, train_rmse-1.4200, valid_rmse-1.4424, valid_pr-0.6245
2022-11-22 01:00:03 - INFO - epoch-274, train_loss-1.9932, train_rmse-1.4118, valid_rmse-1.4459, valid_pr-0.6222
2022-11-22 01:00:39 - INFO - epoch-275, train_loss-1.9653, train_rmse-1.4019, valid_rmse-1.4441, valid_pr-0.6243
2022-11-22 01:01:11 - INFO - epoch-276, train_loss-1.9756, train_rmse-1.4056, valid_rmse-1.4760, valid_pr-0.6190
2022-11-22 01:01:44 - INFO - epoch-277, train_loss-1.9801, train_rmse-1.4071, valid_rmse-1.4536, valid_pr-0.6208
2022-11-22 01:02:16 - INFO - epoch-278, train_loss-1.9420, train_rmse-1.3935, valid_rmse-1.4471, valid_pr-0.6239
2022-11-22 01:02:50 - INFO - epoch-279, train_loss-1.9402, train_rmse-1.3929, valid_rmse-1.4543, valid_pr-0.6164
2022-11-22 01:03:22 - INFO - epoch-280, train_loss-1.9520, train_rmse-1.3972, valid_rmse-1.4362, valid_pr-0.6320
2022-11-22 01:03:54 - INFO - epoch-281, train_loss-1.9343, train_rmse-1.3908, valid_rmse-1.4450, valid_pr-0.6261
2022-11-22 01:04:25 - INFO - epoch-282, train_loss-1.9493, train_rmse-1.3962, valid_rmse-1.4368, valid_pr-0.6282
2022-11-22 01:04:56 - INFO - epoch-283, train_loss-1.9406, train_rmse-1.3930, valid_rmse-1.4568, valid_pr-0.6283
2022-11-22 01:05:27 - INFO - epoch-284, train_loss-1.9315, train_rmse-1.3898, valid_rmse-1.4379, valid_pr-0.6277
2022-11-22 01:05:58 - INFO - epoch-285, train_loss-1.9076, train_rmse-1.3812, valid_rmse-1.4622, valid_pr-0.6268
2022-11-22 01:06:30 - INFO - epoch-286, train_loss-1.9143, train_rmse-1.3836, valid_rmse-1.4425, valid_pr-0.6249
2022-11-22 01:07:01 - INFO - epoch-287, train_loss-1.8889, train_rmse-1.3744, valid_rmse-1.4284, valid_pr-0.6338
2022-11-22 01:07:34 - INFO - epoch-288, train_loss-1.9182, train_rmse-1.3850, valid_rmse-1.4352, valid_pr-0.6316
2022-11-22 01:08:06 - INFO - epoch-289, train_loss-1.9375, train_rmse-1.3920, valid_rmse-1.4330, valid_pr-0.6322
2022-11-22 01:08:37 - INFO - epoch-290, train_loss-1.9220, train_rmse-1.3864, valid_rmse-1.4294, valid_pr-0.6379
2022-11-22 01:09:09 - INFO - epoch-291, train_loss-1.9132, train_rmse-1.3832, valid_rmse-1.4294, valid_pr-0.6359
2022-11-22 01:09:42 - INFO - epoch-292, train_loss-1.9971, train_rmse-1.4132, valid_rmse-1.4849, valid_pr-0.6049
2022-11-22 01:10:12 - INFO - epoch-293, train_loss-2.0491, train_rmse-1.4315, valid_rmse-1.4652, valid_pr-0.6112
2022-11-22 01:10:43 - INFO - epoch-294, train_loss-2.0139, train_rmse-1.4191, valid_rmse-1.4705, valid_pr-0.6115
2022-11-22 01:11:14 - INFO - epoch-295, train_loss-1.9882, train_rmse-1.4100, valid_rmse-1.4537, valid_pr-0.6256
2022-11-22 01:11:48 - INFO - epoch-296, train_loss-1.9392, train_rmse-1.3926, valid_rmse-1.4521, valid_pr-0.6185
2022-11-22 01:12:21 - INFO - epoch-297, train_loss-1.9790, train_rmse-1.4068, valid_rmse-1.4655, valid_pr-0.6124
2022-11-22 01:12:52 - INFO - epoch-298, train_loss-2.0225, train_rmse-1.4221, valid_rmse-1.4536, valid_pr-0.6167
2022-11-22 01:13:24 - INFO - epoch-299, train_loss-1.9769, train_rmse-1.4060, valid_rmse-1.4740, valid_pr-0.6273
2022-11-22 01:13:56 - INFO - epoch-300, train_loss-2.0924, train_rmse-1.4465, valid_rmse-1.4869, valid_pr-0.5930
2022-11-22 01:14:28 - INFO - epoch-301, train_loss-2.1108, train_rmse-1.4529, valid_rmse-1.4829, valid_pr-0.5997
2022-11-22 01:15:02 - INFO - epoch-302, train_loss-2.0724, train_rmse-1.4396, valid_rmse-1.4875, valid_pr-0.6091
2022-11-22 01:15:35 - INFO - epoch-303, train_loss-2.0510, train_rmse-1.4321, valid_rmse-1.4634, valid_pr-0.6125
2022-11-22 01:16:09 - INFO - epoch-304, train_loss-2.0279, train_rmse-1.4241, valid_rmse-1.4805, valid_pr-0.6079
2022-11-22 01:16:40 - INFO - epoch-305, train_loss-2.0181, train_rmse-1.4206, valid_rmse-1.4813, valid_pr-0.6004
2022-11-22 01:17:10 - INFO - epoch-306, train_loss-1.9962, train_rmse-1.4129, valid_rmse-1.4868, valid_pr-0.6136
2022-11-22 01:17:41 - INFO - epoch-307, train_loss-1.9733, train_rmse-1.4047, valid_rmse-1.4429, valid_pr-0.6247
2022-11-22 01:18:14 - INFO - epoch-308, train_loss-1.9899, train_rmse-1.4107, valid_rmse-1.4658, valid_pr-0.6097
2022-11-22 01:18:47 - INFO - epoch-309, train_loss-1.9845, train_rmse-1.4087, valid_rmse-1.4415, valid_pr-0.6247
2022-11-22 01:19:20 - INFO - epoch-310, train_loss-1.9468, train_rmse-1.3953, valid_rmse-1.4506, valid_pr-0.6198
2022-11-22 01:19:53 - INFO - epoch-311, train_loss-1.9703, train_rmse-1.4037, valid_rmse-1.4429, valid_pr-0.6241
2022-11-22 01:20:23 - INFO - epoch-312, train_loss-1.9579, train_rmse-1.3992, valid_rmse-1.4388, valid_pr-0.6275
2022-11-22 01:20:54 - INFO - epoch-313, train_loss-1.9275, train_rmse-1.3883, valid_rmse-1.4448, valid_pr-0.6338
2022-11-22 01:21:27 - INFO - epoch-314, train_loss-1.9586, train_rmse-1.3995, valid_rmse-1.4911, valid_pr-0.6263
2022-11-22 01:21:59 - INFO - epoch-315, train_loss-1.9497, train_rmse-1.3963, valid_rmse-1.4541, valid_pr-0.6223
2022-11-22 01:22:30 - INFO - epoch-316, train_loss-1.9418, train_rmse-1.3935, valid_rmse-1.4479, valid_pr-0.6247
2022-11-22 01:23:00 - INFO - epoch-317, train_loss-1.9423, train_rmse-1.3937, valid_rmse-1.4817, valid_pr-0.6219
2022-11-22 01:23:30 - INFO - epoch-318, train_loss-1.8913, train_rmse-1.3752, valid_rmse-1.4297, valid_pr-0.6335
2022-11-22 01:24:01 - INFO - epoch-319, train_loss-1.8935, train_rmse-1.3760, valid_rmse-1.4342, valid_pr-0.6319
2022-11-22 01:24:33 - INFO - epoch-320, train_loss-1.9002, train_rmse-1.3785, valid_rmse-1.4447, valid_pr-0.6293
2022-11-22 01:25:04 - INFO - epoch-321, train_loss-1.8982, train_rmse-1.3777, valid_rmse-1.4405, valid_pr-0.6256
2022-11-22 01:25:37 - INFO - epoch-322, train_loss-1.9054, train_rmse-1.3804, valid_rmse-1.4540, valid_pr-0.6245
2022-11-22 01:26:08 - INFO - epoch-323, train_loss-1.8816, train_rmse-1.3717, valid_rmse-1.4322, valid_pr-0.6328
2022-11-22 01:26:39 - INFO - epoch-324, train_loss-1.8867, train_rmse-1.3736, valid_rmse-1.4239, valid_pr-0.6382
2022-11-22 01:27:10 - INFO - epoch-325, train_loss-1.8857, train_rmse-1.3732, valid_rmse-1.4269, valid_pr-0.6406
2022-11-22 01:27:41 - INFO - epoch-326, train_loss-1.8893, train_rmse-1.3745, valid_rmse-1.4196, valid_pr-0.6431
2022-11-22 01:28:12 - INFO - epoch-327, train_loss-1.8509, train_rmse-1.3605, valid_rmse-1.4316, valid_pr-0.6325
2022-11-22 01:28:45 - INFO - epoch-328, train_loss-1.8589, train_rmse-1.3634, valid_rmse-1.4092, valid_pr-0.6469
2022-11-22 01:29:17 - INFO - epoch-329, train_loss-1.8423, train_rmse-1.3573, valid_rmse-1.4188, valid_pr-0.6424
2022-11-22 01:29:49 - INFO - epoch-330, train_loss-1.8311, train_rmse-1.3532, valid_rmse-1.4204, valid_pr-0.6398
2022-11-22 01:30:22 - INFO - epoch-331, train_loss-1.8314, train_rmse-1.3533, valid_rmse-1.4229, valid_pr-0.6392
2022-11-22 01:30:53 - INFO - epoch-332, train_loss-1.8282, train_rmse-1.3521, valid_rmse-1.4249, valid_pr-0.6442
2022-11-22 01:31:24 - INFO - epoch-333, train_loss-1.8377, train_rmse-1.3556, valid_rmse-1.4244, valid_pr-0.6389
2022-11-22 01:31:57 - INFO - epoch-334, train_loss-1.8254, train_rmse-1.3511, valid_rmse-1.4214, valid_pr-0.6435
2022-11-22 01:32:31 - INFO - epoch-335, train_loss-1.8851, train_rmse-1.3730, valid_rmse-1.4823, valid_pr-0.6083
2022-11-22 01:33:01 - INFO - epoch-336, train_loss-1.9380, train_rmse-1.3921, valid_rmse-1.4497, valid_pr-0.6206
2022-11-22 01:33:35 - INFO - epoch-337, train_loss-1.9162, train_rmse-1.3843, valid_rmse-1.4285, valid_pr-0.6355
2022-11-22 01:34:08 - INFO - epoch-338, train_loss-1.8632, train_rmse-1.3650, valid_rmse-1.4131, valid_pr-0.6440
2022-11-22 01:34:40 - INFO - epoch-339, train_loss-1.9079, train_rmse-1.3813, valid_rmse-1.4174, valid_pr-0.6433
2022-11-22 01:35:11 - INFO - epoch-340, train_loss-1.8825, train_rmse-1.3720, valid_rmse-1.4285, valid_pr-0.6371
2022-11-22 01:35:44 - INFO - epoch-341, train_loss-1.8278, train_rmse-1.3520, valid_rmse-1.4202, valid_pr-0.6391
2022-11-22 01:36:15 - INFO - epoch-342, train_loss-1.8082, train_rmse-1.3447, valid_rmse-1.4218, valid_pr-0.6391
2022-11-22 01:36:45 - INFO - epoch-343, train_loss-1.8089, train_rmse-1.3450, valid_rmse-1.4142, valid_pr-0.6441
2022-11-22 01:37:18 - INFO - epoch-344, train_loss-1.7964, train_rmse-1.3403, valid_rmse-1.4414, valid_pr-0.6369
2022-11-22 01:37:49 - INFO - epoch-345, train_loss-1.7913, train_rmse-1.3384, valid_rmse-1.4109, valid_pr-0.6465
2022-11-22 01:38:22 - INFO - epoch-346, train_loss-1.8624, train_rmse-1.3647, valid_rmse-1.4371, valid_pr-0.6310
2022-11-22 01:38:54 - INFO - epoch-347, train_loss-1.8341, train_rmse-1.3543, valid_rmse-1.4139, valid_pr-0.6534
2022-11-22 01:39:27 - INFO - epoch-348, train_loss-1.8015, train_rmse-1.3422, valid_rmse-1.4000, valid_pr-0.6545
2022-11-22 01:40:00 - INFO - epoch-349, train_loss-1.8042, train_rmse-1.3432, valid_rmse-1.4061, valid_pr-0.6496
2022-11-22 01:40:33 - INFO - epoch-350, train_loss-1.7885, train_rmse-1.3374, valid_rmse-1.4145, valid_pr-0.6447
2022-11-22 01:41:06 - INFO - epoch-351, train_loss-1.7819, train_rmse-1.3349, valid_rmse-1.3944, valid_pr-0.6569
2022-11-22 01:41:38 - INFO - epoch-352, train_loss-1.7562, train_rmse-1.3252, valid_rmse-1.4104, valid_pr-0.6456
2022-11-22 01:42:07 - INFO - epoch-353, train_loss-1.7461, train_rmse-1.3214, valid_rmse-1.4039, valid_pr-0.6526
2022-11-22 01:42:37 - INFO - epoch-354, train_loss-1.7604, train_rmse-1.3268, valid_rmse-1.4192, valid_pr-0.6573
2022-11-22 01:43:08 - INFO - epoch-355, train_loss-1.7840, train_rmse-1.3357, valid_rmse-1.4008, valid_pr-0.6563
2022-11-22 01:43:41 - INFO - epoch-356, train_loss-1.7381, train_rmse-1.3184, valid_rmse-1.4201, valid_pr-0.6483
2022-11-22 01:44:13 - INFO - epoch-357, train_loss-1.7584, train_rmse-1.3260, valid_rmse-1.3957, valid_pr-0.6585
2022-11-22 01:44:44 - INFO - epoch-358, train_loss-1.7306, train_rmse-1.3155, valid_rmse-1.3959, valid_pr-0.6555
2022-11-22 01:45:14 - INFO - epoch-359, train_loss-1.7626, train_rmse-1.3276, valid_rmse-1.4293, valid_pr-0.6392
2022-11-22 01:45:45 - INFO - epoch-360, train_loss-1.7976, train_rmse-1.3407, valid_rmse-1.4216, valid_pr-0.6438
2022-11-22 01:46:16 - INFO - epoch-361, train_loss-1.7479, train_rmse-1.3221, valid_rmse-1.4186, valid_pr-0.6487
2022-11-22 01:46:46 - INFO - epoch-362, train_loss-1.7361, train_rmse-1.3176, valid_rmse-1.4179, valid_pr-0.6616
2022-11-22 01:47:17 - INFO - epoch-363, train_loss-1.7523, train_rmse-1.3237, valid_rmse-1.4162, valid_pr-0.6507
2022-11-22 01:47:47 - INFO - epoch-364, train_loss-1.7231, train_rmse-1.3127, valid_rmse-1.3919, valid_pr-0.6586
2022-11-22 01:48:18 - INFO - epoch-365, train_loss-1.6966, train_rmse-1.3025, valid_rmse-1.4193, valid_pr-0.6460
2022-11-22 01:48:49 - INFO - epoch-366, train_loss-1.6931, train_rmse-1.3012, valid_rmse-1.4203, valid_pr-0.6389
2022-11-22 01:49:20 - INFO - epoch-367, train_loss-1.7546, train_rmse-1.3246, valid_rmse-1.4014, valid_pr-0.6562
2022-11-22 01:49:50 - INFO - epoch-368, train_loss-1.7097, train_rmse-1.3076, valid_rmse-1.4427, valid_pr-0.6261
2022-11-22 01:50:23 - INFO - epoch-369, train_loss-1.6928, train_rmse-1.3011, valid_rmse-1.4243, valid_pr-0.6400
2022-11-22 01:50:54 - INFO - epoch-370, train_loss-1.7493, train_rmse-1.3226, valid_rmse-1.4350, valid_pr-0.6343
2022-11-22 01:51:25 - INFO - epoch-371, train_loss-1.7231, train_rmse-1.3127, valid_rmse-1.4400, valid_pr-0.6412
2022-11-22 01:51:58 - INFO - epoch-372, train_loss-1.6859, train_rmse-1.2984, valid_rmse-1.4065, valid_pr-0.6500
2022-11-22 01:52:30 - INFO - epoch-373, train_loss-1.8194, train_rmse-1.3489, valid_rmse-1.4333, valid_pr-0.6426
2022-11-22 01:53:00 - INFO - epoch-374, train_loss-1.7761, train_rmse-1.3327, valid_rmse-1.4198, valid_pr-0.6537
2022-11-22 01:53:31 - INFO - epoch-375, train_loss-1.7178, train_rmse-1.3107, valid_rmse-1.4031, valid_pr-0.6509
2022-11-22 01:54:01 - INFO - epoch-376, train_loss-1.7094, train_rmse-1.3074, valid_rmse-1.4045, valid_pr-0.6542
2022-11-22 01:54:32 - INFO - epoch-377, train_loss-1.7040, train_rmse-1.3054, valid_rmse-1.4122, valid_pr-0.6459
2022-11-22 01:55:03 - INFO - epoch-378, train_loss-1.6997, train_rmse-1.3037, valid_rmse-1.4188, valid_pr-0.6551
2022-11-22 01:55:34 - INFO - epoch-379, train_loss-1.6855, train_rmse-1.2983, valid_rmse-1.4053, valid_pr-0.6509
2022-11-22 01:56:06 - INFO - epoch-380, train_loss-1.6814, train_rmse-1.2967, valid_rmse-1.4211, valid_pr-0.6448
2022-11-22 01:56:36 - INFO - epoch-381, train_loss-1.7276, train_rmse-1.3144, valid_rmse-1.4396, valid_pr-0.6457
2022-11-22 01:57:07 - INFO - epoch-382, train_loss-1.7062, train_rmse-1.3062, valid_rmse-1.4063, valid_pr-0.6529
2022-11-22 01:57:38 - INFO - epoch-383, train_loss-1.6996, train_rmse-1.3037, valid_rmse-1.3890, valid_pr-0.6590
2022-11-22 01:58:10 - INFO - epoch-384, train_loss-1.6783, train_rmse-1.2955, valid_rmse-1.4028, valid_pr-0.6501
2022-11-22 01:58:40 - INFO - epoch-385, train_loss-1.6769, train_rmse-1.2950, valid_rmse-1.4086, valid_pr-0.6472
2022-11-22 01:59:11 - INFO - epoch-386, train_loss-1.6446, train_rmse-1.2824, valid_rmse-1.3968, valid_pr-0.6594
2022-11-22 01:59:42 - INFO - epoch-387, train_loss-1.6442, train_rmse-1.2823, valid_rmse-1.4027, valid_pr-0.6562
2022-11-22 02:00:12 - INFO - epoch-388, train_loss-1.6310, train_rmse-1.2771, valid_rmse-1.4003, valid_pr-0.6577
2022-11-22 02:00:42 - INFO - epoch-389, train_loss-1.7041, train_rmse-1.3054, valid_rmse-1.3826, valid_pr-0.6645
2022-11-22 02:01:12 - INFO - epoch-390, train_loss-1.6584, train_rmse-1.2878, valid_rmse-1.4069, valid_pr-0.6496
2022-11-22 02:01:43 - INFO - epoch-391, train_loss-1.7979, train_rmse-1.3409, valid_rmse-1.5209, valid_pr-0.5767
2022-11-22 02:02:14 - INFO - epoch-392, train_loss-1.9596, train_rmse-1.3999, valid_rmse-1.4290, valid_pr-0.6334
2022-11-22 02:02:45 - INFO - epoch-393, train_loss-1.8257, train_rmse-1.3512, valid_rmse-1.4110, valid_pr-0.6500
2022-11-22 02:03:16 - INFO - epoch-394, train_loss-1.7692, train_rmse-1.3301, valid_rmse-1.3959, valid_pr-0.6599
2022-11-22 02:03:48 - INFO - epoch-395, train_loss-1.7594, train_rmse-1.3264, valid_rmse-1.4064, valid_pr-0.6513
2022-11-22 02:04:20 - INFO - epoch-396, train_loss-1.8416, train_rmse-1.3571, valid_rmse-1.4475, valid_pr-0.6297
2022-11-22 02:04:51 - INFO - epoch-397, train_loss-1.7955, train_rmse-1.3399, valid_rmse-1.4285, valid_pr-0.6449
2022-11-22 02:05:24 - INFO - epoch-398, train_loss-1.7796, train_rmse-1.3340, valid_rmse-1.4318, valid_pr-0.6354
2022-11-22 02:05:56 - INFO - epoch-399, train_loss-1.8550, train_rmse-1.3620, valid_rmse-1.4841, valid_pr-0.6296
2022-11-22 02:06:27 - INFO - epoch-400, train_loss-2.2272, train_rmse-1.4924, valid_rmse-1.4687, valid_pr-0.6084
2022-11-22 02:06:58 - INFO - epoch-401, train_loss-2.1018, train_rmse-1.4498, valid_rmse-1.4611, valid_pr-0.6200
2022-11-22 02:07:30 - INFO - epoch-402, train_loss-2.0386, train_rmse-1.4278, valid_rmse-1.4320, valid_pr-0.6312
2022-11-22 02:08:02 - INFO - epoch-403, train_loss-1.9818, train_rmse-1.4078, valid_rmse-1.4347, valid_pr-0.6363
2022-11-22 02:08:32 - INFO - epoch-404, train_loss-1.9607, train_rmse-1.4003, valid_rmse-1.4171, valid_pr-0.6429
2022-11-22 02:09:03 - INFO - epoch-405, train_loss-1.9367, train_rmse-1.3916, valid_rmse-1.4148, valid_pr-0.6462
2022-11-22 02:09:34 - INFO - epoch-406, train_loss-1.8936, train_rmse-1.3761, valid_rmse-1.4115, valid_pr-0.6446
2022-11-22 02:10:04 - INFO - epoch-407, train_loss-1.8987, train_rmse-1.3780, valid_rmse-1.4159, valid_pr-0.6498
2022-11-22 02:10:35 - INFO - epoch-408, train_loss-1.8957, train_rmse-1.3768, valid_rmse-1.4249, valid_pr-0.6385
2022-11-22 02:11:05 - INFO - epoch-409, train_loss-1.8851, train_rmse-1.3730, valid_rmse-1.4155, valid_pr-0.6446
2022-11-22 02:11:35 - INFO - epoch-410, train_loss-1.8960, train_rmse-1.3770, valid_rmse-1.4024, valid_pr-0.6518
2022-11-22 02:12:04 - INFO - epoch-411, train_loss-1.8690, train_rmse-1.3671, valid_rmse-1.4160, valid_pr-0.6526
2022-11-22 02:12:35 - INFO - epoch-412, train_loss-1.8666, train_rmse-1.3663, valid_rmse-1.3989, valid_pr-0.6525
2022-11-22 02:13:05 - INFO - epoch-413, train_loss-1.8359, train_rmse-1.3550, valid_rmse-1.4166, valid_pr-0.6498
2022-11-22 02:13:35 - INFO - epoch-414, train_loss-1.8490, train_rmse-1.3598, valid_rmse-1.3935, valid_pr-0.6576
2022-11-22 02:14:06 - INFO - epoch-415, train_loss-1.8278, train_rmse-1.3520, valid_rmse-1.4038, valid_pr-0.6515
2022-11-22 02:14:38 - INFO - epoch-416, train_loss-1.8074, train_rmse-1.3444, valid_rmse-1.4431, valid_pr-0.6501
2022-11-22 02:15:09 - INFO - epoch-417, train_loss-1.8597, train_rmse-1.3637, valid_rmse-1.4104, valid_pr-0.6472
2022-11-22 02:15:39 - INFO - epoch-418, train_loss-1.8722, train_rmse-1.3683, valid_rmse-1.4102, valid_pr-0.6574
2022-11-22 02:16:10 - INFO - epoch-419, train_loss-1.8582, train_rmse-1.3631, valid_rmse-1.4064, valid_pr-0.6529
2022-11-22 02:16:41 - INFO - epoch-420, train_loss-1.9307, train_rmse-1.3895, valid_rmse-1.4157, valid_pr-0.6434
2022-11-22 02:17:12 - INFO - epoch-421, train_loss-1.9139, train_rmse-1.3835, valid_rmse-1.4265, valid_pr-0.6356
2022-11-22 02:17:45 - INFO - epoch-422, train_loss-1.9074, train_rmse-1.3811, valid_rmse-1.4305, valid_pr-0.6374
2022-11-22 02:18:16 - INFO - epoch-423, train_loss-1.8562, train_rmse-1.3624, valid_rmse-1.3931, valid_pr-0.6567
2022-11-22 02:18:47 - INFO - epoch-424, train_loss-1.8284, train_rmse-1.3522, valid_rmse-1.4164, valid_pr-0.6428
2022-11-22 02:19:18 - INFO - epoch-425, train_loss-1.8470, train_rmse-1.3591, valid_rmse-1.4125, valid_pr-0.6537
2022-11-22 02:19:48 - INFO - epoch-426, train_loss-1.8226, train_rmse-1.3500, valid_rmse-1.4066, valid_pr-0.6487
2022-11-22 02:20:19 - INFO - epoch-427, train_loss-1.8404, train_rmse-1.3566, valid_rmse-1.4129, valid_pr-0.6465
2022-11-22 02:20:50 - INFO - epoch-428, train_loss-1.8309, train_rmse-1.3531, valid_rmse-1.4131, valid_pr-0.6574
2022-11-22 02:21:22 - INFO - epoch-429, train_loss-1.7980, train_rmse-1.3409, valid_rmse-1.3920, valid_pr-0.6603
2022-11-22 02:21:53 - INFO - epoch-430, train_loss-1.8678, train_rmse-1.3667, valid_rmse-1.4803, valid_pr-0.6008
2022-11-22 02:22:24 - INFO - epoch-431, train_loss-2.0741, train_rmse-1.4402, valid_rmse-1.5846, valid_pr-0.5301
2022-11-22 02:22:54 - INFO - epoch-432, train_loss-2.4424, train_rmse-1.5628, valid_rmse-1.5456, valid_pr-0.5470
2022-11-22 02:23:25 - INFO - epoch-433, train_loss-2.2839, train_rmse-1.5112, valid_rmse-1.5289, valid_pr-0.5664
2022-11-22 02:23:55 - INFO - epoch-434, train_loss-2.2337, train_rmse-1.4946, valid_rmse-1.5364, valid_pr-0.5695
2022-11-22 02:24:26 - INFO - epoch-435, train_loss-2.1985, train_rmse-1.4827, valid_rmse-1.5006, valid_pr-0.5860
2022-11-22 02:24:57 - INFO - epoch-436, train_loss-2.1477, train_rmse-1.4655, valid_rmse-1.4987, valid_pr-0.5887
2022-11-22 02:25:27 - INFO - epoch-437, train_loss-2.1236, train_rmse-1.4573, valid_rmse-1.4890, valid_pr-0.5912
2022-11-22 02:25:58 - INFO - epoch-438, train_loss-2.0954, train_rmse-1.4476, valid_rmse-1.4836, valid_pr-0.5968
2022-11-22 02:26:32 - INFO - epoch-439, train_loss-2.0954, train_rmse-1.4476, valid_rmse-1.4878, valid_pr-0.5933
2022-11-22 02:27:05 - INFO - epoch-440, train_loss-2.0901, train_rmse-1.4457, valid_rmse-1.4914, valid_pr-0.5942
2022-11-22 02:27:36 - INFO - epoch-441, train_loss-2.0818, train_rmse-1.4428, valid_rmse-1.4924, valid_pr-0.5973
2022-11-22 02:28:06 - INFO - epoch-442, train_loss-2.0652, train_rmse-1.4371, valid_rmse-1.4686, valid_pr-0.6112
2022-11-22 02:28:39 - INFO - epoch-443, train_loss-2.0400, train_rmse-1.4283, valid_rmse-1.4777, valid_pr-0.6001
2022-11-22 02:29:15 - INFO - epoch-444, train_loss-2.0650, train_rmse-1.4370, valid_rmse-1.4879, valid_pr-0.5972
2022-11-22 02:29:52 - INFO - epoch-445, train_loss-2.0813, train_rmse-1.4427, valid_rmse-1.4763, valid_pr-0.6034
2022-11-22 02:30:27 - INFO - epoch-446, train_loss-2.0548, train_rmse-1.4334, valid_rmse-1.4695, valid_pr-0.6115
2022-11-22 02:31:04 - INFO - epoch-447, train_loss-1.9958, train_rmse-1.4127, valid_rmse-1.4718, valid_pr-0.6152
2022-11-22 02:31:48 - INFO - epoch-448, train_loss-2.0180, train_rmse-1.4206, valid_rmse-1.4562, valid_pr-0.6182
2022-11-22 02:32:38 - INFO - epoch-449, train_loss-1.9736, train_rmse-1.4049, valid_rmse-1.4828, valid_pr-0.6191
2022-11-22 02:33:13 - INFO - epoch-450, train_loss-1.9673, train_rmse-1.4026, valid_rmse-1.4420, valid_pr-0.6258
2022-11-22 02:33:47 - INFO - epoch-451, train_loss-1.9527, train_rmse-1.3974, valid_rmse-1.4856, valid_pr-0.6132
2022-11-22 02:34:19 - INFO - epoch-452, train_loss-1.9621, train_rmse-1.4007, valid_rmse-1.4602, valid_pr-0.6245
2022-11-22 02:34:52 - INFO - epoch-453, train_loss-1.9265, train_rmse-1.3880, valid_rmse-1.4591, valid_pr-0.6172
2022-11-22 02:35:25 - INFO - epoch-454, train_loss-1.9197, train_rmse-1.3855, valid_rmse-1.4471, valid_pr-0.6216
2022-11-22 02:35:56 - INFO - epoch-455, train_loss-1.9025, train_rmse-1.3793, valid_rmse-1.4494, valid_pr-0.6211
2022-11-22 02:36:29 - INFO - epoch-456, train_loss-1.8926, train_rmse-1.3757, valid_rmse-1.4358, valid_pr-0.6300
2022-11-22 02:37:02 - INFO - epoch-457, train_loss-1.9005, train_rmse-1.3786, valid_rmse-1.4472, valid_pr-0.6220
2022-11-22 02:37:33 - INFO - epoch-458, train_loss-1.9054, train_rmse-1.3804, valid_rmse-1.4423, valid_pr-0.6262
2022-11-22 02:38:05 - INFO - epoch-459, train_loss-1.8680, train_rmse-1.3667, valid_rmse-1.4613, valid_pr-0.6230
2022-11-22 02:38:39 - INFO - epoch-460, train_loss-1.8616, train_rmse-1.3644, valid_rmse-1.4309, valid_pr-0.6328
2022-11-22 02:39:13 - INFO - epoch-461, train_loss-1.8545, train_rmse-1.3618, valid_rmse-1.4340, valid_pr-0.6319
2022-11-22 02:39:47 - INFO - epoch-462, train_loss-1.8494, train_rmse-1.3599, valid_rmse-1.4313, valid_pr-0.6317
2022-11-22 02:40:23 - INFO - epoch-463, train_loss-1.8819, train_rmse-1.3718, valid_rmse-1.4478, valid_pr-0.6260
2022-11-22 02:40:56 - INFO - epoch-464, train_loss-1.8710, train_rmse-1.3678, valid_rmse-1.4388, valid_pr-0.6290
2022-11-22 02:41:31 - INFO - epoch-465, train_loss-1.8493, train_rmse-1.3599, valid_rmse-1.4432, valid_pr-0.6309
2022-11-22 02:42:06 - INFO - epoch-466, train_loss-1.8489, train_rmse-1.3597, valid_rmse-1.4352, valid_pr-0.6295
2022-11-22 02:42:38 - INFO - epoch-467, train_loss-1.8269, train_rmse-1.3516, valid_rmse-1.4394, valid_pr-0.6310
2022-11-22 02:43:13 - INFO - epoch-468, train_loss-1.8176, train_rmse-1.3482, valid_rmse-1.4342, valid_pr-0.6324
2022-11-22 02:43:47 - INFO - epoch-469, train_loss-1.8141, train_rmse-1.3469, valid_rmse-1.4406, valid_pr-0.6282
2022-11-22 02:44:20 - INFO - epoch-470, train_loss-1.8526, train_rmse-1.3611, valid_rmse-1.4325, valid_pr-0.6326
2022-11-22 02:44:55 - INFO - epoch-471, train_loss-1.8405, train_rmse-1.3567, valid_rmse-1.4404, valid_pr-0.6301
2022-11-22 02:45:28 - INFO - epoch-472, train_loss-1.8104, train_rmse-1.3455, valid_rmse-1.4690, valid_pr-0.6249
2022-11-22 02:46:00 - INFO - epoch-473, train_loss-1.8064, train_rmse-1.3440, valid_rmse-1.4273, valid_pr-0.6355
2022-11-22 02:46:31 - INFO - epoch-474, train_loss-1.8209, train_rmse-1.3494, valid_rmse-1.4393, valid_pr-0.6350
2022-11-22 02:47:06 - INFO - epoch-475, train_loss-1.7630, train_rmse-1.3278, valid_rmse-1.4348, valid_pr-0.6323
2022-11-22 02:48:05 - INFO - epoch-476, train_loss-1.7769, train_rmse-1.3330, valid_rmse-1.4255, valid_pr-0.6385
2022-11-22 02:48:42 - INFO - epoch-477, train_loss-1.7506, train_rmse-1.3231, valid_rmse-1.4234, valid_pr-0.6412
2022-11-22 02:49:14 - INFO - epoch-478, train_loss-1.7495, train_rmse-1.3227, valid_rmse-1.4411, valid_pr-0.6344
2022-11-22 02:49:46 - INFO - epoch-479, train_loss-1.7605, train_rmse-1.3268, valid_rmse-1.4275, valid_pr-0.6359
2022-11-22 02:50:21 - INFO - epoch-480, train_loss-1.7349, train_rmse-1.3171, valid_rmse-1.4258, valid_pr-0.6383
2022-11-22 02:50:55 - INFO - epoch-481, train_loss-1.7365, train_rmse-1.3178, valid_rmse-1.4253, valid_pr-0.6396
2022-11-22 02:51:38 - INFO - epoch-482, train_loss-1.7121, train_rmse-1.3085, valid_rmse-1.4311, valid_pr-0.6344
2022-11-22 02:52:18 - INFO - epoch-483, train_loss-1.7081, train_rmse-1.3070, valid_rmse-1.4503, valid_pr-0.6298
2022-11-22 02:52:56 - INFO - epoch-484, train_loss-1.7178, train_rmse-1.3107, valid_rmse-1.4604, valid_pr-0.6282
2022-11-22 02:53:34 - INFO - epoch-485, train_loss-1.8237, train_rmse-1.3504, valid_rmse-1.4701, valid_pr-0.6071
2022-11-22 02:55:31 - INFO - epoch-486, train_loss-1.8248, train_rmse-1.3508, valid_rmse-1.4776, valid_pr-0.6198
2022-11-22 02:56:03 - INFO - epoch-487, train_loss-1.7643, train_rmse-1.3283, valid_rmse-1.4238, valid_pr-0.6403
2022-11-22 02:56:36 - INFO - epoch-488, train_loss-1.7324, train_rmse-1.3162, valid_rmse-1.4261, valid_pr-0.6350
2022-11-22 02:57:13 - INFO - epoch-489, train_loss-1.6836, train_rmse-1.2975, valid_rmse-1.4213, valid_pr-0.6390
2022-11-22 02:57:55 - INFO - epoch-490, train_loss-1.6628, train_rmse-1.2895, valid_rmse-1.4197, valid_pr-0.6412
2022-11-22 02:57:55 - INFO - early stop in epoch 490
2022-11-22 02:57:55 - INFO - best_rmse: 1.3826
2022-11-22 02:58:36 - INFO - valid_rmse-1.3840, valid_pr-0.6636, test2013_rmse-1.4997, test2013_pr-0.7922, test2016_rmse-1.3817, test2016_pr-0.7853, test2019_rmse-1.4476, test2019_pr-0.6067,
