2022-11-21 15:16:43 - INFO - /data2/yzd/project/PotentialNet/train_PN.py
2022-11-21 15:16:43 - INFO - train data: 11904
2022-11-21 15:16:43 - INFO - valid data: 1000
2022-11-21 15:16:43 - INFO - test2013 data: 107
2022-11-21 15:16:43 - INFO - test2016 data: 285
2022-11-21 15:16:43 - INFO - test2019 data: 4366
2022-11-21 15:17:10 - INFO - epoch-0, train_loss-13.0658, train_rmse-3.6147, valid_rmse-2.9497, valid_pr-0.2859
2022-11-21 15:17:38 - INFO - epoch-1, train_loss-7.7703, train_rmse-2.7875, valid_rmse-2.5141, valid_pr-0.3035
2022-11-21 15:18:16 - INFO - epoch-2, train_loss-6.2377, train_rmse-2.4975, valid_rmse-2.2726, valid_pr-0.3817
2022-11-21 15:18:54 - INFO - epoch-3, train_loss-5.3740, train_rmse-2.3182, valid_rmse-2.1015, valid_pr-0.3987
2022-11-21 15:19:23 - INFO - epoch-4, train_loss-4.7353, train_rmse-2.1761, valid_rmse-1.9921, valid_pr-0.3954
2022-11-21 15:19:56 - INFO - epoch-5, train_loss-4.4768, train_rmse-2.1158, valid_rmse-1.9143, valid_pr-0.4199
2022-11-21 15:20:26 - INFO - epoch-6, train_loss-4.2056, train_rmse-2.0507, valid_rmse-1.8059, valid_pr-0.4496
2022-11-21 15:21:05 - INFO - epoch-7, train_loss-3.8675, train_rmse-1.9666, valid_rmse-1.9599, valid_pr-0.4513
2022-11-21 15:21:38 - INFO - epoch-8, train_loss-3.7179, train_rmse-1.9282, valid_rmse-1.8760, valid_pr-0.4570
2022-11-21 15:22:07 - INFO - epoch-9, train_loss-3.5652, train_rmse-1.8882, valid_rmse-1.7467, valid_pr-0.4877
2022-11-21 15:22:37 - INFO - epoch-10, train_loss-3.3650, train_rmse-1.8344, valid_rmse-1.7057, valid_pr-0.4797
2022-11-21 15:23:01 - INFO - epoch-11, train_loss-3.2761, train_rmse-1.8100, valid_rmse-1.6725, valid_pr-0.4899
2022-11-21 15:23:31 - INFO - epoch-12, train_loss-3.0916, train_rmse-1.7583, valid_rmse-1.7055, valid_pr-0.4898
2022-11-21 15:24:01 - INFO - epoch-13, train_loss-2.9971, train_rmse-1.7312, valid_rmse-1.7396, valid_pr-0.5135
2022-11-21 15:24:20 - INFO - epoch-14, train_loss-2.9452, train_rmse-1.7162, valid_rmse-1.7834, valid_pr-0.5177
2022-11-21 15:24:45 - INFO - epoch-15, train_loss-2.9024, train_rmse-1.7037, valid_rmse-1.6680, valid_pr-0.5321
2022-11-21 15:25:08 - INFO - epoch-16, train_loss-2.8298, train_rmse-1.6822, valid_rmse-1.6105, valid_pr-0.4983
2022-11-21 15:25:42 - INFO - epoch-17, train_loss-2.7967, train_rmse-1.6723, valid_rmse-1.5947, valid_pr-0.5382
2022-11-21 15:26:21 - INFO - epoch-18, train_loss-2.7134, train_rmse-1.6472, valid_rmse-1.5980, valid_pr-0.5342
2022-11-21 15:26:59 - INFO - epoch-19, train_loss-2.7249, train_rmse-1.6507, valid_rmse-1.7196, valid_pr-0.5320
2022-11-21 15:27:30 - INFO - epoch-20, train_loss-2.6589, train_rmse-1.6306, valid_rmse-1.6482, valid_pr-0.5455
2022-11-21 15:28:02 - INFO - epoch-21, train_loss-2.6646, train_rmse-1.6324, valid_rmse-1.7010, valid_pr-0.5490
2022-11-21 15:28:34 - INFO - epoch-22, train_loss-2.6265, train_rmse-1.6207, valid_rmse-1.5838, valid_pr-0.5577
2022-11-21 15:29:06 - INFO - epoch-23, train_loss-2.6314, train_rmse-1.6222, valid_rmse-1.6760, valid_pr-0.5540
2022-11-21 15:29:36 - INFO - epoch-24, train_loss-2.6204, train_rmse-1.6188, valid_rmse-1.8047, valid_pr-0.5506
2022-11-21 15:30:03 - INFO - epoch-25, train_loss-2.5831, train_rmse-1.6072, valid_rmse-1.5776, valid_pr-0.5579
2022-11-21 15:30:45 - INFO - epoch-26, train_loss-2.5696, train_rmse-1.6030, valid_rmse-1.7544, valid_pr-0.5542
2022-11-21 15:31:20 - INFO - epoch-27, train_loss-2.5593, train_rmse-1.5998, valid_rmse-1.6323, valid_pr-0.5523
2022-11-21 15:31:53 - INFO - epoch-28, train_loss-2.5592, train_rmse-1.5997, valid_rmse-1.6046, valid_pr-0.5630
2022-11-21 15:32:24 - INFO - epoch-29, train_loss-2.5240, train_rmse-1.5887, valid_rmse-1.6755, valid_pr-0.5328
2022-11-21 15:32:42 - INFO - epoch-30, train_loss-2.4942, train_rmse-1.5793, valid_rmse-1.5911, valid_pr-0.5688
2022-11-21 15:33:13 - INFO - epoch-31, train_loss-2.4664, train_rmse-1.5705, valid_rmse-1.6703, valid_pr-0.5468
2022-11-21 15:33:44 - INFO - epoch-32, train_loss-2.4518, train_rmse-1.5658, valid_rmse-1.7669, valid_pr-0.5548
2022-11-21 15:34:08 - INFO - epoch-33, train_loss-2.4301, train_rmse-1.5589, valid_rmse-1.6714, valid_pr-0.5745
2022-11-21 15:34:37 - INFO - epoch-34, train_loss-2.4250, train_rmse-1.5572, valid_rmse-1.6701, valid_pr-0.5402
2022-11-21 15:34:55 - INFO - epoch-35, train_loss-2.4136, train_rmse-1.5536, valid_rmse-1.7022, valid_pr-0.5722
2022-11-21 15:35:22 - INFO - epoch-36, train_loss-2.3818, train_rmse-1.5433, valid_rmse-1.6393, valid_pr-0.5717
2022-11-21 15:35:46 - INFO - epoch-37, train_loss-2.3899, train_rmse-1.5459, valid_rmse-1.6644, valid_pr-0.5788
2022-11-21 15:36:27 - INFO - epoch-38, train_loss-2.3558, train_rmse-1.5349, valid_rmse-1.6622, valid_pr-0.5521
2022-11-21 15:36:46 - INFO - epoch-39, train_loss-2.3614, train_rmse-1.5367, valid_rmse-1.7193, valid_pr-0.5968
2022-11-21 15:37:14 - INFO - epoch-40, train_loss-2.3948, train_rmse-1.5475, valid_rmse-1.6687, valid_pr-0.5788
2022-11-21 15:37:53 - INFO - epoch-41, train_loss-2.3444, train_rmse-1.5311, valid_rmse-1.7512, valid_pr-0.5505
2022-11-21 15:38:40 - INFO - epoch-42, train_loss-2.3305, train_rmse-1.5266, valid_rmse-1.6601, valid_pr-0.5864
2022-11-21 15:39:10 - INFO - epoch-43, train_loss-2.3136, train_rmse-1.5210, valid_rmse-1.7110, valid_pr-0.5759
2022-11-21 15:39:35 - INFO - epoch-44, train_loss-2.3149, train_rmse-1.5215, valid_rmse-1.6349, valid_pr-0.5781
2022-11-21 15:40:00 - INFO - epoch-45, train_loss-2.2931, train_rmse-1.5143, valid_rmse-1.6794, valid_pr-0.5918
2022-11-21 15:40:23 - INFO - epoch-46, train_loss-2.2547, train_rmse-1.5016, valid_rmse-1.5931, valid_pr-0.5799
2022-11-21 15:40:48 - INFO - epoch-47, train_loss-2.2547, train_rmse-1.5016, valid_rmse-1.5987, valid_pr-0.6014
2022-11-21 15:41:11 - INFO - epoch-48, train_loss-2.2589, train_rmse-1.5030, valid_rmse-1.6090, valid_pr-0.5906
2022-11-21 15:41:35 - INFO - epoch-49, train_loss-2.2279, train_rmse-1.4926, valid_rmse-1.6169, valid_pr-0.5958
2022-11-21 15:41:59 - INFO - epoch-50, train_loss-2.2319, train_rmse-1.4940, valid_rmse-1.6825, valid_pr-0.5881
2022-11-21 15:42:22 - INFO - epoch-51, train_loss-2.2391, train_rmse-1.4964, valid_rmse-1.5827, valid_pr-0.5949
2022-11-21 15:42:43 - INFO - epoch-52, train_loss-2.2178, train_rmse-1.4892, valid_rmse-1.6754, valid_pr-0.5973
2022-11-21 15:43:06 - INFO - epoch-53, train_loss-2.1684, train_rmse-1.4726, valid_rmse-1.7247, valid_pr-0.5980
2022-11-21 15:43:30 - INFO - epoch-54, train_loss-2.1739, train_rmse-1.4744, valid_rmse-1.6283, valid_pr-0.5903
2022-11-21 15:43:52 - INFO - epoch-55, train_loss-2.1734, train_rmse-1.4742, valid_rmse-1.6191, valid_pr-0.6009
2022-11-21 15:44:15 - INFO - epoch-56, train_loss-2.1728, train_rmse-1.4740, valid_rmse-1.5941, valid_pr-0.6039
2022-11-21 15:44:25 - INFO - epoch-57, train_loss-2.1490, train_rmse-1.4660, valid_rmse-1.7286, valid_pr-0.5966
2022-11-21 15:44:34 - INFO - epoch-58, train_loss-2.1413, train_rmse-1.4633, valid_rmse-1.6802, valid_pr-0.6207
2022-11-21 15:44:44 - INFO - epoch-59, train_loss-2.1158, train_rmse-1.4546, valid_rmse-1.6301, valid_pr-0.6069
2022-11-21 15:44:53 - INFO - epoch-60, train_loss-2.1235, train_rmse-1.4572, valid_rmse-1.7460, valid_pr-0.6058
2022-11-21 15:45:03 - INFO - epoch-61, train_loss-2.1194, train_rmse-1.4558, valid_rmse-1.6624, valid_pr-0.6188
2022-11-21 15:45:13 - INFO - epoch-62, train_loss-2.1154, train_rmse-1.4544, valid_rmse-1.5930, valid_pr-0.6136
2022-11-21 15:45:23 - INFO - epoch-63, train_loss-2.0906, train_rmse-1.4459, valid_rmse-1.6362, valid_pr-0.6135
2022-11-21 15:45:33 - INFO - epoch-64, train_loss-2.0760, train_rmse-1.4408, valid_rmse-1.6524, valid_pr-0.5976
2022-11-21 15:45:44 - INFO - epoch-65, train_loss-2.0590, train_rmse-1.4349, valid_rmse-1.6284, valid_pr-0.6177
2022-11-21 15:45:54 - INFO - epoch-66, train_loss-2.0611, train_rmse-1.4356, valid_rmse-1.6198, valid_pr-0.6221
2022-11-21 15:46:04 - INFO - epoch-67, train_loss-2.0360, train_rmse-1.4269, valid_rmse-1.5641, valid_pr-0.5932
2022-11-21 15:46:15 - INFO - epoch-68, train_loss-2.0387, train_rmse-1.4278, valid_rmse-1.6017, valid_pr-0.6076
2022-11-21 15:46:24 - INFO - epoch-69, train_loss-2.0465, train_rmse-1.4305, valid_rmse-1.5070, valid_pr-0.6308
2022-11-21 15:46:35 - INFO - epoch-70, train_loss-2.0216, train_rmse-1.4218, valid_rmse-1.5580, valid_pr-0.6341
2022-11-21 15:46:45 - INFO - epoch-71, train_loss-2.0055, train_rmse-1.4162, valid_rmse-1.6401, valid_pr-0.6225
2022-11-21 15:46:55 - INFO - epoch-72, train_loss-1.9896, train_rmse-1.4105, valid_rmse-1.6396, valid_pr-0.6284
2022-11-21 15:47:05 - INFO - epoch-73, train_loss-1.9838, train_rmse-1.4085, valid_rmse-1.5879, valid_pr-0.6251
2022-11-21 15:47:16 - INFO - epoch-74, train_loss-1.9814, train_rmse-1.4076, valid_rmse-1.5618, valid_pr-0.6442
2022-11-21 15:47:26 - INFO - epoch-75, train_loss-1.9927, train_rmse-1.4116, valid_rmse-1.7420, valid_pr-0.6221
2022-11-21 15:47:35 - INFO - epoch-76, train_loss-1.9834, train_rmse-1.4083, valid_rmse-1.5229, valid_pr-0.6470
2022-11-21 15:47:45 - INFO - epoch-77, train_loss-1.9475, train_rmse-1.3955, valid_rmse-1.5067, valid_pr-0.6431
2022-11-21 15:47:55 - INFO - epoch-78, train_loss-1.9453, train_rmse-1.3947, valid_rmse-1.6031, valid_pr-0.6337
2022-11-21 15:48:05 - INFO - epoch-79, train_loss-1.9551, train_rmse-1.3983, valid_rmse-1.5651, valid_pr-0.6369
2022-11-21 15:48:15 - INFO - epoch-80, train_loss-1.9334, train_rmse-1.3905, valid_rmse-1.5782, valid_pr-0.6449
2022-11-21 15:48:25 - INFO - epoch-81, train_loss-1.9125, train_rmse-1.3829, valid_rmse-1.5471, valid_pr-0.6404
2022-11-21 15:48:35 - INFO - epoch-82, train_loss-1.9148, train_rmse-1.3838, valid_rmse-1.5879, valid_pr-0.6203
2022-11-21 15:48:45 - INFO - epoch-83, train_loss-1.8895, train_rmse-1.3746, valid_rmse-1.5617, valid_pr-0.6483
2022-11-21 15:48:55 - INFO - epoch-84, train_loss-1.8773, train_rmse-1.3701, valid_rmse-1.5611, valid_pr-0.6409
2022-11-21 15:49:05 - INFO - epoch-85, train_loss-1.8821, train_rmse-1.3719, valid_rmse-1.5402, valid_pr-0.6369
2022-11-21 15:49:14 - INFO - epoch-86, train_loss-1.8636, train_rmse-1.3651, valid_rmse-1.6101, valid_pr-0.6430
2022-11-21 15:49:25 - INFO - epoch-87, train_loss-1.8861, train_rmse-1.3733, valid_rmse-1.6085, valid_pr-0.6097
2022-11-21 15:49:35 - INFO - epoch-88, train_loss-1.8555, train_rmse-1.3622, valid_rmse-1.6063, valid_pr-0.6357
2022-11-21 15:49:45 - INFO - epoch-89, train_loss-1.8411, train_rmse-1.3569, valid_rmse-1.4862, valid_pr-0.6598
2022-11-21 15:49:55 - INFO - epoch-90, train_loss-1.8500, train_rmse-1.3601, valid_rmse-1.5854, valid_pr-0.6357
2022-11-21 15:50:05 - INFO - epoch-91, train_loss-1.8175, train_rmse-1.3481, valid_rmse-1.6168, valid_pr-0.6565
2022-11-21 15:50:15 - INFO - epoch-92, train_loss-1.8299, train_rmse-1.3528, valid_rmse-1.5508, valid_pr-0.6324
2022-11-21 15:50:26 - INFO - epoch-93, train_loss-1.8089, train_rmse-1.3449, valid_rmse-1.5884, valid_pr-0.6501
2022-11-21 15:50:36 - INFO - epoch-94, train_loss-1.8096, train_rmse-1.3452, valid_rmse-1.5865, valid_pr-0.6411
2022-11-21 15:50:46 - INFO - epoch-95, train_loss-1.7990, train_rmse-1.3413, valid_rmse-1.6104, valid_pr-0.6519
2022-11-21 15:50:57 - INFO - epoch-96, train_loss-1.7911, train_rmse-1.3383, valid_rmse-1.5455, valid_pr-0.6468
2022-11-21 15:51:07 - INFO - epoch-97, train_loss-1.7778, train_rmse-1.3333, valid_rmse-1.4922, valid_pr-0.6706
2022-11-21 15:51:18 - INFO - epoch-98, train_loss-1.7631, train_rmse-1.3278, valid_rmse-1.5062, valid_pr-0.6639
2022-11-21 15:51:28 - INFO - epoch-99, train_loss-1.7296, train_rmse-1.3152, valid_rmse-1.6001, valid_pr-0.6591
2022-11-21 15:51:38 - INFO - epoch-100, train_loss-1.7510, train_rmse-1.3233, valid_rmse-1.5166, valid_pr-0.6540
2022-11-21 15:51:49 - INFO - epoch-101, train_loss-1.7267, train_rmse-1.3141, valid_rmse-1.5683, valid_pr-0.6685
2022-11-21 15:52:00 - INFO - epoch-102, train_loss-1.7278, train_rmse-1.3145, valid_rmse-1.5231, valid_pr-0.6636
2022-11-21 15:52:10 - INFO - epoch-103, train_loss-1.7180, train_rmse-1.3107, valid_rmse-1.5643, valid_pr-0.6548
2022-11-21 15:52:21 - INFO - epoch-104, train_loss-1.7130, train_rmse-1.3088, valid_rmse-1.5626, valid_pr-0.6621
2022-11-21 15:52:31 - INFO - epoch-105, train_loss-1.7222, train_rmse-1.3123, valid_rmse-1.5707, valid_pr-0.6377
2022-11-21 15:52:42 - INFO - epoch-106, train_loss-1.6956, train_rmse-1.3021, valid_rmse-1.5587, valid_pr-0.6524
2022-11-21 15:52:53 - INFO - epoch-107, train_loss-1.6699, train_rmse-1.2922, valid_rmse-1.5744, valid_pr-0.6609
2022-11-21 15:53:03 - INFO - epoch-108, train_loss-1.6774, train_rmse-1.2952, valid_rmse-1.5990, valid_pr-0.6607
2022-11-21 15:53:14 - INFO - epoch-109, train_loss-1.7016, train_rmse-1.3045, valid_rmse-1.5633, valid_pr-0.6482
2022-11-21 15:53:24 - INFO - epoch-110, train_loss-1.6717, train_rmse-1.2929, valid_rmse-1.5324, valid_pr-0.6710
2022-11-21 15:53:34 - INFO - epoch-111, train_loss-1.6657, train_rmse-1.2906, valid_rmse-1.5024, valid_pr-0.6677
2022-11-21 15:53:45 - INFO - epoch-112, train_loss-1.6457, train_rmse-1.2828, valid_rmse-1.4712, valid_pr-0.6632
2022-11-21 15:53:56 - INFO - epoch-113, train_loss-1.6526, train_rmse-1.2855, valid_rmse-1.5155, valid_pr-0.6699
2022-11-21 15:54:07 - INFO - epoch-114, train_loss-1.6342, train_rmse-1.2784, valid_rmse-1.4960, valid_pr-0.6735
2022-11-21 15:54:18 - INFO - epoch-115, train_loss-1.6346, train_rmse-1.2785, valid_rmse-1.5047, valid_pr-0.6762
2022-11-21 15:54:29 - INFO - epoch-116, train_loss-1.6154, train_rmse-1.2710, valid_rmse-1.5139, valid_pr-0.6712
2022-11-21 15:54:41 - INFO - epoch-117, train_loss-1.6341, train_rmse-1.2783, valid_rmse-1.5398, valid_pr-0.6797
2022-11-21 15:54:52 - INFO - epoch-118, train_loss-1.6169, train_rmse-1.2716, valid_rmse-1.5383, valid_pr-0.6747
2022-11-21 15:55:03 - INFO - epoch-119, train_loss-1.5956, train_rmse-1.2632, valid_rmse-1.5917, valid_pr-0.6668
2022-11-21 15:55:14 - INFO - epoch-120, train_loss-1.6165, train_rmse-1.2714, valid_rmse-1.5596, valid_pr-0.6613
2022-11-21 15:55:26 - INFO - epoch-121, train_loss-1.6005, train_rmse-1.2651, valid_rmse-1.4669, valid_pr-0.6776
2022-11-21 15:55:38 - INFO - epoch-122, train_loss-1.5950, train_rmse-1.2630, valid_rmse-1.4679, valid_pr-0.6895
2022-11-21 15:55:49 - INFO - epoch-123, train_loss-1.5786, train_rmse-1.2564, valid_rmse-1.5118, valid_pr-0.6636
2022-11-21 15:56:00 - INFO - epoch-124, train_loss-1.5757, train_rmse-1.2553, valid_rmse-1.4742, valid_pr-0.6707
2022-11-21 15:56:12 - INFO - epoch-125, train_loss-1.5652, train_rmse-1.2511, valid_rmse-1.4673, valid_pr-0.6745
2022-11-21 15:56:23 - INFO - epoch-126, train_loss-1.5500, train_rmse-1.2450, valid_rmse-1.4909, valid_pr-0.6732
2022-11-21 15:56:35 - INFO - epoch-127, train_loss-1.5570, train_rmse-1.2478, valid_rmse-1.5476, valid_pr-0.6677
2022-11-21 15:56:47 - INFO - epoch-128, train_loss-1.5280, train_rmse-1.2361, valid_rmse-1.4782, valid_pr-0.6807
2022-11-21 15:56:59 - INFO - epoch-129, train_loss-1.5455, train_rmse-1.2432, valid_rmse-1.4690, valid_pr-0.6714
2022-11-21 15:57:10 - INFO - epoch-130, train_loss-1.5326, train_rmse-1.2380, valid_rmse-1.4510, valid_pr-0.6732
2022-11-21 15:57:21 - INFO - epoch-131, train_loss-1.5260, train_rmse-1.2353, valid_rmse-1.6422, valid_pr-0.6611
2022-11-21 15:57:32 - INFO - epoch-132, train_loss-1.5293, train_rmse-1.2367, valid_rmse-1.4840, valid_pr-0.6825
2022-11-21 15:57:42 - INFO - epoch-133, train_loss-1.5129, train_rmse-1.2300, valid_rmse-1.5130, valid_pr-0.6834
2022-11-21 15:57:54 - INFO - epoch-134, train_loss-1.5330, train_rmse-1.2381, valid_rmse-1.4688, valid_pr-0.6789
2022-11-21 15:58:09 - INFO - epoch-135, train_loss-1.4991, train_rmse-1.2244, valid_rmse-1.5781, valid_pr-0.6699
2022-11-21 15:58:20 - INFO - epoch-136, train_loss-1.5125, train_rmse-1.2298, valid_rmse-1.5246, valid_pr-0.6806
2022-11-21 15:58:30 - INFO - epoch-137, train_loss-1.4825, train_rmse-1.2176, valid_rmse-1.5000, valid_pr-0.6692
2022-11-21 15:58:44 - INFO - epoch-138, train_loss-1.5098, train_rmse-1.2287, valid_rmse-1.5529, valid_pr-0.6654
2022-11-21 15:58:57 - INFO - epoch-139, train_loss-1.4833, train_rmse-1.2179, valid_rmse-1.5173, valid_pr-0.6717
2022-11-21 15:59:08 - INFO - epoch-140, train_loss-1.4947, train_rmse-1.2226, valid_rmse-1.5170, valid_pr-0.6682
2022-11-21 15:59:20 - INFO - epoch-141, train_loss-1.4796, train_rmse-1.2164, valid_rmse-1.4706, valid_pr-0.6803
2022-11-21 15:59:31 - INFO - epoch-142, train_loss-1.4769, train_rmse-1.2153, valid_rmse-1.4489, valid_pr-0.6871
2022-11-21 15:59:43 - INFO - epoch-143, train_loss-1.4702, train_rmse-1.2125, valid_rmse-1.5692, valid_pr-0.6752
2022-11-21 15:59:54 - INFO - epoch-144, train_loss-1.4593, train_rmse-1.2080, valid_rmse-1.5264, valid_pr-0.6768
2022-11-21 16:00:05 - INFO - epoch-145, train_loss-1.4378, train_rmse-1.1991, valid_rmse-1.5037, valid_pr-0.6754
2022-11-21 16:00:17 - INFO - epoch-146, train_loss-1.4393, train_rmse-1.1997, valid_rmse-1.5033, valid_pr-0.6847
2022-11-21 16:00:28 - INFO - epoch-147, train_loss-1.4366, train_rmse-1.1986, valid_rmse-1.5771, valid_pr-0.6638
2022-11-21 16:00:39 - INFO - epoch-148, train_loss-1.4152, train_rmse-1.1896, valid_rmse-1.5652, valid_pr-0.6780
2022-11-21 16:00:49 - INFO - epoch-149, train_loss-1.4261, train_rmse-1.1942, valid_rmse-1.5316, valid_pr-0.6830
2022-11-21 16:01:00 - INFO - epoch-150, train_loss-1.4358, train_rmse-1.1983, valid_rmse-1.4993, valid_pr-0.6796
2022-11-21 16:01:11 - INFO - epoch-151, train_loss-1.4085, train_rmse-1.1868, valid_rmse-1.5237, valid_pr-0.6772
2022-11-21 16:01:22 - INFO - epoch-152, train_loss-1.4238, train_rmse-1.1932, valid_rmse-1.5001, valid_pr-0.6638
2022-11-21 16:01:34 - INFO - epoch-153, train_loss-1.4305, train_rmse-1.1960, valid_rmse-1.4889, valid_pr-0.6776
2022-11-21 16:01:48 - INFO - epoch-154, train_loss-1.4137, train_rmse-1.1890, valid_rmse-1.5842, valid_pr-0.6675
2022-11-21 16:02:01 - INFO - epoch-155, train_loss-1.3893, train_rmse-1.1787, valid_rmse-1.4684, valid_pr-0.6902
2022-11-21 16:02:14 - INFO - epoch-156, train_loss-1.3992, train_rmse-1.1829, valid_rmse-1.4156, valid_pr-0.6891
2022-11-21 16:02:28 - INFO - epoch-157, train_loss-1.3912, train_rmse-1.1795, valid_rmse-1.5418, valid_pr-0.6709
2022-11-21 16:02:42 - INFO - epoch-158, train_loss-1.4007, train_rmse-1.1835, valid_rmse-1.5217, valid_pr-0.6781
2022-11-21 16:02:56 - INFO - epoch-159, train_loss-1.3785, train_rmse-1.1741, valid_rmse-1.4799, valid_pr-0.6904
2022-11-21 16:03:09 - INFO - epoch-160, train_loss-1.3974, train_rmse-1.1821, valid_rmse-1.5539, valid_pr-0.6757
2022-11-21 16:03:23 - INFO - epoch-161, train_loss-1.3743, train_rmse-1.1723, valid_rmse-1.4498, valid_pr-0.6900
2022-11-21 16:03:37 - INFO - epoch-162, train_loss-1.3616, train_rmse-1.1669, valid_rmse-1.4763, valid_pr-0.6716
2022-11-21 16:03:51 - INFO - epoch-163, train_loss-1.3582, train_rmse-1.1654, valid_rmse-1.4333, valid_pr-0.6928
2022-11-21 16:04:05 - INFO - epoch-164, train_loss-1.3639, train_rmse-1.1679, valid_rmse-1.5140, valid_pr-0.6584
2022-11-21 16:04:19 - INFO - epoch-165, train_loss-1.3602, train_rmse-1.1663, valid_rmse-1.4814, valid_pr-0.6818
2022-11-21 16:04:34 - INFO - epoch-166, train_loss-1.3729, train_rmse-1.1717, valid_rmse-1.4824, valid_pr-0.6899
2022-11-21 16:04:47 - INFO - epoch-167, train_loss-1.3462, train_rmse-1.1603, valid_rmse-1.4416, valid_pr-0.6834
2022-11-21 16:05:01 - INFO - epoch-168, train_loss-1.3675, train_rmse-1.1694, valid_rmse-1.5102, valid_pr-0.6812
2022-11-21 16:05:15 - INFO - epoch-169, train_loss-1.3319, train_rmse-1.1541, valid_rmse-1.4597, valid_pr-0.6776
2022-11-21 16:05:29 - INFO - epoch-170, train_loss-1.3472, train_rmse-1.1607, valid_rmse-1.4563, valid_pr-0.6746
2022-11-21 16:05:44 - INFO - epoch-171, train_loss-1.3578, train_rmse-1.1652, valid_rmse-1.4646, valid_pr-0.6774
2022-11-21 16:05:58 - INFO - epoch-172, train_loss-1.3406, train_rmse-1.1578, valid_rmse-1.5373, valid_pr-0.6741
2022-11-21 16:06:13 - INFO - epoch-173, train_loss-1.3413, train_rmse-1.1581, valid_rmse-1.4740, valid_pr-0.6781
2022-11-21 16:06:27 - INFO - epoch-174, train_loss-1.3204, train_rmse-1.1491, valid_rmse-1.4791, valid_pr-0.6921
2022-11-21 16:06:42 - INFO - epoch-175, train_loss-1.3227, train_rmse-1.1501, valid_rmse-1.5324, valid_pr-0.6855
2022-11-21 16:06:57 - INFO - epoch-176, train_loss-1.2995, train_rmse-1.1399, valid_rmse-1.4548, valid_pr-0.6873
2022-11-21 16:07:12 - INFO - epoch-177, train_loss-1.2804, train_rmse-1.1315, valid_rmse-1.4314, valid_pr-0.6848
2022-11-21 16:07:26 - INFO - epoch-178, train_loss-1.2952, train_rmse-1.1380, valid_rmse-1.4216, valid_pr-0.6864
2022-11-21 16:07:41 - INFO - epoch-179, train_loss-1.3056, train_rmse-1.1426, valid_rmse-1.4479, valid_pr-0.6885
2022-11-21 16:07:55 - INFO - epoch-180, train_loss-1.2877, train_rmse-1.1348, valid_rmse-1.4751, valid_pr-0.6822
2022-11-21 16:08:09 - INFO - epoch-181, train_loss-1.3110, train_rmse-1.1450, valid_rmse-1.4832, valid_pr-0.6651
2022-11-21 16:08:23 - INFO - epoch-182, train_loss-1.2930, train_rmse-1.1371, valid_rmse-1.4617, valid_pr-0.6679
2022-11-21 16:08:38 - INFO - epoch-183, train_loss-1.2857, train_rmse-1.1339, valid_rmse-1.4993, valid_pr-0.6678
2022-11-21 16:08:52 - INFO - epoch-184, train_loss-1.2987, train_rmse-1.1396, valid_rmse-1.4511, valid_pr-0.6830
2022-11-21 16:09:06 - INFO - epoch-185, train_loss-1.2776, train_rmse-1.1303, valid_rmse-1.5051, valid_pr-0.6785
2022-11-21 16:09:20 - INFO - epoch-186, train_loss-1.2886, train_rmse-1.1352, valid_rmse-1.4649, valid_pr-0.6899
2022-11-21 16:09:35 - INFO - epoch-187, train_loss-1.2911, train_rmse-1.1363, valid_rmse-1.4659, valid_pr-0.6830
2022-11-21 16:09:49 - INFO - epoch-188, train_loss-1.2884, train_rmse-1.1351, valid_rmse-1.5217, valid_pr-0.6810
2022-11-21 16:10:03 - INFO - epoch-189, train_loss-1.2944, train_rmse-1.1377, valid_rmse-1.5634, valid_pr-0.6718
2022-11-21 16:10:18 - INFO - epoch-190, train_loss-1.2721, train_rmse-1.1279, valid_rmse-1.4737, valid_pr-0.6686
2022-11-21 16:10:32 - INFO - epoch-191, train_loss-1.2724, train_rmse-1.1280, valid_rmse-1.4501, valid_pr-0.6813
2022-11-21 16:10:46 - INFO - epoch-192, train_loss-1.2432, train_rmse-1.1150, valid_rmse-1.4751, valid_pr-0.6857
2022-11-21 16:11:00 - INFO - epoch-193, train_loss-1.2622, train_rmse-1.1235, valid_rmse-1.4559, valid_pr-0.6802
2022-11-21 16:11:15 - INFO - epoch-194, train_loss-1.2560, train_rmse-1.1207, valid_rmse-1.4533, valid_pr-0.6779
2022-11-21 16:11:29 - INFO - epoch-195, train_loss-1.2452, train_rmse-1.1159, valid_rmse-1.4350, valid_pr-0.6879
2022-11-21 16:11:43 - INFO - epoch-196, train_loss-1.2512, train_rmse-1.1186, valid_rmse-1.4950, valid_pr-0.6796
2022-11-21 16:11:57 - INFO - epoch-197, train_loss-1.2172, train_rmse-1.1033, valid_rmse-1.4688, valid_pr-0.6805
2022-11-21 16:12:11 - INFO - epoch-198, train_loss-1.2262, train_rmse-1.1073, valid_rmse-1.4465, valid_pr-0.6836
2022-11-21 16:12:26 - INFO - epoch-199, train_loss-1.2322, train_rmse-1.1100, valid_rmse-1.4562, valid_pr-0.6854
2022-11-21 16:12:40 - INFO - epoch-200, train_loss-1.2335, train_rmse-1.1106, valid_rmse-1.4137, valid_pr-0.6846
2022-11-21 16:12:55 - INFO - epoch-201, train_loss-1.2379, train_rmse-1.1126, valid_rmse-1.5018, valid_pr-0.6754
2022-11-21 16:13:09 - INFO - epoch-202, train_loss-1.2389, train_rmse-1.1130, valid_rmse-1.4422, valid_pr-0.6897
2022-11-21 16:13:23 - INFO - epoch-203, train_loss-1.2119, train_rmse-1.1009, valid_rmse-1.5774, valid_pr-0.6763
2022-11-21 16:13:37 - INFO - epoch-204, train_loss-1.2355, train_rmse-1.1115, valid_rmse-1.4304, valid_pr-0.6874
2022-11-21 16:13:51 - INFO - epoch-205, train_loss-1.2268, train_rmse-1.1076, valid_rmse-1.5373, valid_pr-0.6806
2022-11-21 16:14:05 - INFO - epoch-206, train_loss-1.2271, train_rmse-1.1078, valid_rmse-1.4963, valid_pr-0.6785
2022-11-21 16:14:19 - INFO - epoch-207, train_loss-1.2053, train_rmse-1.0978, valid_rmse-1.4887, valid_pr-0.6817
2022-11-21 16:14:33 - INFO - epoch-208, train_loss-1.2057, train_rmse-1.0981, valid_rmse-1.4676, valid_pr-0.6751
2022-11-21 16:14:47 - INFO - epoch-209, train_loss-1.2189, train_rmse-1.1040, valid_rmse-1.4618, valid_pr-0.6819
2022-11-21 16:15:01 - INFO - epoch-210, train_loss-1.2020, train_rmse-1.0963, valid_rmse-1.4315, valid_pr-0.6823
2022-11-21 16:15:15 - INFO - epoch-211, train_loss-1.1848, train_rmse-1.0885, valid_rmse-1.4647, valid_pr-0.6778
2022-11-21 16:15:29 - INFO - epoch-212, train_loss-1.1857, train_rmse-1.0889, valid_rmse-1.4600, valid_pr-0.6825
2022-11-21 16:15:43 - INFO - epoch-213, train_loss-1.2007, train_rmse-1.0958, valid_rmse-1.4963, valid_pr-0.6755
2022-11-21 16:15:57 - INFO - epoch-214, train_loss-1.2053, train_rmse-1.0978, valid_rmse-1.5172, valid_pr-0.6720
2022-11-21 16:16:11 - INFO - epoch-215, train_loss-1.1853, train_rmse-1.0887, valid_rmse-1.4631, valid_pr-0.6731
2022-11-21 16:16:25 - INFO - epoch-216, train_loss-1.1795, train_rmse-1.0860, valid_rmse-1.4513, valid_pr-0.6848
2022-11-21 16:16:39 - INFO - epoch-217, train_loss-1.1953, train_rmse-1.0933, valid_rmse-1.4758, valid_pr-0.6808
2022-11-21 16:16:52 - INFO - epoch-218, train_loss-1.1661, train_rmse-1.0799, valid_rmse-1.4293, valid_pr-0.6878
2022-11-21 16:17:06 - INFO - epoch-219, train_loss-1.1708, train_rmse-1.0820, valid_rmse-1.4923, valid_pr-0.6831
2022-11-21 16:17:20 - INFO - epoch-220, train_loss-1.1807, train_rmse-1.0866, valid_rmse-1.4860, valid_pr-0.6787
2022-11-21 16:17:35 - INFO - epoch-221, train_loss-1.1572, train_rmse-1.0757, valid_rmse-1.4940, valid_pr-0.6743
2022-11-21 16:17:49 - INFO - epoch-222, train_loss-1.1686, train_rmse-1.0810, valid_rmse-1.4659, valid_pr-0.6908
2022-11-21 16:18:07 - INFO - epoch-223, train_loss-1.1686, train_rmse-1.0810, valid_rmse-1.4590, valid_pr-0.6766
2022-11-21 16:18:22 - INFO - epoch-224, train_loss-1.1777, train_rmse-1.0852, valid_rmse-1.4663, valid_pr-0.6846
2022-11-21 16:18:37 - INFO - epoch-225, train_loss-1.1504, train_rmse-1.0726, valid_rmse-1.4346, valid_pr-0.6898
2022-11-21 16:18:52 - INFO - epoch-226, train_loss-1.1690, train_rmse-1.0812, valid_rmse-1.4686, valid_pr-0.6818
2022-11-21 16:19:08 - INFO - epoch-227, train_loss-1.1315, train_rmse-1.0637, valid_rmse-1.4528, valid_pr-0.6783
2022-11-21 16:19:23 - INFO - epoch-228, train_loss-1.1524, train_rmse-1.0735, valid_rmse-1.4706, valid_pr-0.6766
2022-11-21 16:19:39 - INFO - epoch-229, train_loss-1.1613, train_rmse-1.0776, valid_rmse-1.4413, valid_pr-0.6674
2022-11-21 16:19:54 - INFO - epoch-230, train_loss-1.1337, train_rmse-1.0648, valid_rmse-1.4532, valid_pr-0.6837
2022-11-21 16:20:10 - INFO - epoch-231, train_loss-1.1485, train_rmse-1.0717, valid_rmse-1.4682, valid_pr-0.6701
2022-11-21 16:20:26 - INFO - epoch-232, train_loss-1.1359, train_rmse-1.0658, valid_rmse-1.4669, valid_pr-0.6835
2022-11-21 16:20:42 - INFO - epoch-233, train_loss-1.1232, train_rmse-1.0598, valid_rmse-1.4435, valid_pr-0.6865
2022-11-21 16:20:57 - INFO - epoch-234, train_loss-1.1404, train_rmse-1.0679, valid_rmse-1.5264, valid_pr-0.6795
2022-11-21 16:21:13 - INFO - epoch-235, train_loss-1.1560, train_rmse-1.0752, valid_rmse-1.4691, valid_pr-0.6836
2022-11-21 16:21:29 - INFO - epoch-236, train_loss-1.1520, train_rmse-1.0733, valid_rmse-1.4884, valid_pr-0.6745
2022-11-21 16:21:44 - INFO - epoch-237, train_loss-1.1346, train_rmse-1.0652, valid_rmse-1.4328, valid_pr-0.6883
2022-11-21 16:22:00 - INFO - epoch-238, train_loss-1.1320, train_rmse-1.0639, valid_rmse-1.4400, valid_pr-0.6928
2022-11-21 16:22:14 - INFO - epoch-239, train_loss-1.1102, train_rmse-1.0536, valid_rmse-1.4277, valid_pr-0.6887
2022-11-21 16:22:28 - INFO - epoch-240, train_loss-1.1350, train_rmse-1.0653, valid_rmse-1.4898, valid_pr-0.6815
2022-11-21 16:22:42 - INFO - epoch-241, train_loss-1.1272, train_rmse-1.0617, valid_rmse-1.4415, valid_pr-0.6891
2022-11-21 16:22:53 - INFO - epoch-242, train_loss-1.1259, train_rmse-1.0611, valid_rmse-1.4976, valid_pr-0.6786
2022-11-21 16:23:05 - INFO - epoch-243, train_loss-1.1194, train_rmse-1.0580, valid_rmse-1.4538, valid_pr-0.6903
2022-11-21 16:23:17 - INFO - epoch-244, train_loss-1.1318, train_rmse-1.0639, valid_rmse-1.4176, valid_pr-0.6886
2022-11-21 16:23:29 - INFO - epoch-245, train_loss-1.1155, train_rmse-1.0562, valid_rmse-1.4711, valid_pr-0.6869
2022-11-21 16:23:42 - INFO - epoch-246, train_loss-1.1218, train_rmse-1.0592, valid_rmse-1.4576, valid_pr-0.6775
2022-11-21 16:23:54 - INFO - epoch-247, train_loss-1.1030, train_rmse-1.0502, valid_rmse-1.4851, valid_pr-0.6803
2022-11-21 16:24:06 - INFO - epoch-248, train_loss-1.1029, train_rmse-1.0502, valid_rmse-1.4814, valid_pr-0.6747
2022-11-21 16:24:19 - INFO - epoch-249, train_loss-1.1031, train_rmse-1.0503, valid_rmse-1.4536, valid_pr-0.6869
2022-11-21 16:24:34 - INFO - epoch-250, train_loss-1.1004, train_rmse-1.0490, valid_rmse-1.3853, valid_pr-0.6881
2022-11-21 16:24:51 - INFO - epoch-251, train_loss-1.1010, train_rmse-1.0493, valid_rmse-1.4803, valid_pr-0.6701
2022-11-21 16:25:04 - INFO - epoch-252, train_loss-1.0981, train_rmse-1.0479, valid_rmse-1.4461, valid_pr-0.6815
2022-11-21 16:25:16 - INFO - epoch-253, train_loss-1.0796, train_rmse-1.0390, valid_rmse-1.4783, valid_pr-0.6618
2022-11-21 16:25:28 - INFO - epoch-254, train_loss-1.0950, train_rmse-1.0464, valid_rmse-1.5048, valid_pr-0.6765
2022-11-21 16:25:41 - INFO - epoch-255, train_loss-1.0797, train_rmse-1.0391, valid_rmse-1.4513, valid_pr-0.6857
2022-11-21 16:25:53 - INFO - epoch-256, train_loss-1.1033, train_rmse-1.0504, valid_rmse-1.4497, valid_pr-0.6786
2022-11-21 16:26:06 - INFO - epoch-257, train_loss-1.0926, train_rmse-1.0453, valid_rmse-1.4495, valid_pr-0.6821
2022-11-21 16:26:18 - INFO - epoch-258, train_loss-1.0938, train_rmse-1.0458, valid_rmse-1.4245, valid_pr-0.6773
2022-11-21 16:26:30 - INFO - epoch-259, train_loss-1.1100, train_rmse-1.0535, valid_rmse-1.4563, valid_pr-0.6756
2022-11-21 16:26:43 - INFO - epoch-260, train_loss-1.0872, train_rmse-1.0427, valid_rmse-1.4388, valid_pr-0.6752
2022-11-21 16:26:55 - INFO - epoch-261, train_loss-1.1069, train_rmse-1.0521, valid_rmse-1.4097, valid_pr-0.6903
2022-11-21 16:27:08 - INFO - epoch-262, train_loss-1.0952, train_rmse-1.0465, valid_rmse-1.4822, valid_pr-0.6739
2022-11-21 16:27:21 - INFO - epoch-263, train_loss-1.0685, train_rmse-1.0337, valid_rmse-1.4254, valid_pr-0.6836
2022-11-21 16:27:33 - INFO - epoch-264, train_loss-1.0610, train_rmse-1.0301, valid_rmse-1.4792, valid_pr-0.6773
2022-11-21 16:27:46 - INFO - epoch-265, train_loss-1.0628, train_rmse-1.0309, valid_rmse-1.4562, valid_pr-0.6751
2022-11-21 16:27:58 - INFO - epoch-266, train_loss-1.0598, train_rmse-1.0295, valid_rmse-1.4549, valid_pr-0.6637
2022-11-21 16:28:10 - INFO - epoch-267, train_loss-1.0733, train_rmse-1.0360, valid_rmse-1.4404, valid_pr-0.6772
2022-11-21 16:28:22 - INFO - epoch-268, train_loss-1.0834, train_rmse-1.0408, valid_rmse-1.4210, valid_pr-0.6900
2022-11-21 16:28:34 - INFO - epoch-269, train_loss-1.0946, train_rmse-1.0463, valid_rmse-1.4932, valid_pr-0.6721
2022-11-21 16:28:46 - INFO - epoch-270, train_loss-1.0756, train_rmse-1.0371, valid_rmse-1.4271, valid_pr-0.6834
2022-11-21 16:28:58 - INFO - epoch-271, train_loss-1.0621, train_rmse-1.0306, valid_rmse-1.4748, valid_pr-0.6807
2022-11-21 16:29:09 - INFO - epoch-272, train_loss-1.0692, train_rmse-1.0340, valid_rmse-1.4431, valid_pr-0.6861
2022-11-21 16:29:22 - INFO - epoch-273, train_loss-1.0646, train_rmse-1.0318, valid_rmse-1.4655, valid_pr-0.6758
2022-11-21 16:29:34 - INFO - epoch-274, train_loss-1.0419, train_rmse-1.0207, valid_rmse-1.4380, valid_pr-0.6821
2022-11-21 16:29:46 - INFO - epoch-275, train_loss-1.0682, train_rmse-1.0336, valid_rmse-1.4554, valid_pr-0.6714
2022-11-21 16:29:57 - INFO - epoch-276, train_loss-1.0460, train_rmse-1.0227, valid_rmse-1.4506, valid_pr-0.6788
2022-11-21 16:30:09 - INFO - epoch-277, train_loss-1.0691, train_rmse-1.0340, valid_rmse-1.4779, valid_pr-0.6810
2022-11-21 16:30:21 - INFO - epoch-278, train_loss-1.0486, train_rmse-1.0240, valid_rmse-1.4567, valid_pr-0.6792
2022-11-21 16:30:33 - INFO - epoch-279, train_loss-1.0322, train_rmse-1.0160, valid_rmse-1.4527, valid_pr-0.6778
2022-11-21 16:30:45 - INFO - epoch-280, train_loss-1.0594, train_rmse-1.0293, valid_rmse-1.4554, valid_pr-0.6765
2022-11-21 16:30:56 - INFO - epoch-281, train_loss-1.0467, train_rmse-1.0231, valid_rmse-1.4344, valid_pr-0.6847
2022-11-21 16:31:08 - INFO - epoch-282, train_loss-1.0578, train_rmse-1.0285, valid_rmse-1.4695, valid_pr-0.6810
2022-11-21 16:31:20 - INFO - epoch-283, train_loss-1.0227, train_rmse-1.0113, valid_rmse-1.4836, valid_pr-0.6795
2022-11-21 16:31:32 - INFO - epoch-284, train_loss-1.0333, train_rmse-1.0165, valid_rmse-1.4769, valid_pr-0.6821
2022-11-21 16:31:44 - INFO - epoch-285, train_loss-1.0359, train_rmse-1.0178, valid_rmse-1.4468, valid_pr-0.6771
2022-11-21 16:31:56 - INFO - epoch-286, train_loss-1.0336, train_rmse-1.0167, valid_rmse-1.4137, valid_pr-0.6864
2022-11-21 16:32:08 - INFO - epoch-287, train_loss-1.0320, train_rmse-1.0159, valid_rmse-1.4319, valid_pr-0.6811
2022-11-21 16:32:19 - INFO - epoch-288, train_loss-1.0180, train_rmse-1.0090, valid_rmse-1.4348, valid_pr-0.6774
2022-11-21 16:32:31 - INFO - epoch-289, train_loss-1.0285, train_rmse-1.0142, valid_rmse-1.5017, valid_pr-0.6819
2022-11-21 16:32:43 - INFO - epoch-290, train_loss-1.0127, train_rmse-1.0063, valid_rmse-1.4300, valid_pr-0.6764
2022-11-21 16:32:55 - INFO - epoch-291, train_loss-1.0121, train_rmse-1.0060, valid_rmse-1.4503, valid_pr-0.6821
2022-11-21 16:33:07 - INFO - epoch-292, train_loss-1.0156, train_rmse-1.0078, valid_rmse-1.4387, valid_pr-0.6858
2022-11-21 16:33:19 - INFO - epoch-293, train_loss-1.0299, train_rmse-1.0148, valid_rmse-1.4344, valid_pr-0.6796
2022-11-21 16:33:31 - INFO - epoch-294, train_loss-0.9996, train_rmse-0.9998, valid_rmse-1.4666, valid_pr-0.6782
2022-11-21 16:33:43 - INFO - epoch-295, train_loss-1.0134, train_rmse-1.0067, valid_rmse-1.4074, valid_pr-0.6858
2022-11-21 16:33:55 - INFO - epoch-296, train_loss-1.0060, train_rmse-1.0030, valid_rmse-1.4012, valid_pr-0.6822
2022-11-21 16:34:06 - INFO - epoch-297, train_loss-1.0112, train_rmse-1.0056, valid_rmse-1.4184, valid_pr-0.6701
2022-11-21 16:34:18 - INFO - epoch-298, train_loss-1.0144, train_rmse-1.0072, valid_rmse-1.4739, valid_pr-0.6769
2022-11-21 16:34:30 - INFO - epoch-299, train_loss-0.9938, train_rmse-0.9969, valid_rmse-1.4497, valid_pr-0.6826
2022-11-21 16:34:42 - INFO - epoch-300, train_loss-1.0042, train_rmse-1.0021, valid_rmse-1.4216, valid_pr-0.6784
2022-11-21 16:34:54 - INFO - epoch-301, train_loss-0.9935, train_rmse-0.9967, valid_rmse-1.4033, valid_pr-0.6846
2022-11-21 16:35:05 - INFO - epoch-302, train_loss-1.0121, train_rmse-1.0061, valid_rmse-1.4218, valid_pr-0.6846
2022-11-21 16:35:17 - INFO - epoch-303, train_loss-1.0171, train_rmse-1.0085, valid_rmse-1.4174, valid_pr-0.6774
2022-11-21 16:35:28 - INFO - epoch-304, train_loss-0.9923, train_rmse-0.9961, valid_rmse-1.4300, valid_pr-0.6807
2022-11-21 16:35:40 - INFO - epoch-305, train_loss-1.0173, train_rmse-1.0086, valid_rmse-1.4462, valid_pr-0.6840
2022-11-21 16:35:52 - INFO - epoch-306, train_loss-1.0062, train_rmse-1.0031, valid_rmse-1.4341, valid_pr-0.6889
2022-11-21 16:36:04 - INFO - epoch-307, train_loss-1.0048, train_rmse-1.0024, valid_rmse-1.4348, valid_pr-0.6808
2022-11-21 16:36:16 - INFO - epoch-308, train_loss-0.9990, train_rmse-0.9995, valid_rmse-1.4627, valid_pr-0.6768
2022-11-21 16:36:28 - INFO - epoch-309, train_loss-1.0040, train_rmse-1.0020, valid_rmse-1.5131, valid_pr-0.6601
2022-11-21 16:36:40 - INFO - epoch-310, train_loss-0.9844, train_rmse-0.9922, valid_rmse-1.4429, valid_pr-0.6841
2022-11-21 16:36:52 - INFO - epoch-311, train_loss-1.0053, train_rmse-1.0026, valid_rmse-1.4160, valid_pr-0.6831
2022-11-21 16:37:04 - INFO - epoch-312, train_loss-0.9945, train_rmse-0.9973, valid_rmse-1.4329, valid_pr-0.6855
2022-11-21 16:37:16 - INFO - epoch-313, train_loss-0.9833, train_rmse-0.9916, valid_rmse-1.4289, valid_pr-0.6883
2022-11-21 16:37:28 - INFO - epoch-314, train_loss-0.9822, train_rmse-0.9911, valid_rmse-1.4418, valid_pr-0.6809
2022-11-21 16:37:40 - INFO - epoch-315, train_loss-0.9888, train_rmse-0.9944, valid_rmse-1.3957, valid_pr-0.6789
2022-11-21 16:37:51 - INFO - epoch-316, train_loss-0.9912, train_rmse-0.9956, valid_rmse-1.4468, valid_pr-0.6853
2022-11-21 16:38:03 - INFO - epoch-317, train_loss-0.9945, train_rmse-0.9972, valid_rmse-1.4017, valid_pr-0.6802
2022-11-21 16:38:15 - INFO - epoch-318, train_loss-0.9738, train_rmse-0.9868, valid_rmse-1.4691, valid_pr-0.6702
2022-11-21 16:38:27 - INFO - epoch-319, train_loss-0.9753, train_rmse-0.9876, valid_rmse-1.4379, valid_pr-0.6839
2022-11-21 16:38:39 - INFO - epoch-320, train_loss-0.9808, train_rmse-0.9904, valid_rmse-1.4337, valid_pr-0.6791
2022-11-21 16:38:51 - INFO - epoch-321, train_loss-1.0024, train_rmse-1.0012, valid_rmse-1.4707, valid_pr-0.6815
2022-11-21 16:39:02 - INFO - epoch-322, train_loss-0.9777, train_rmse-0.9888, valid_rmse-1.4612, valid_pr-0.6747
2022-11-21 16:39:14 - INFO - epoch-323, train_loss-0.9771, train_rmse-0.9885, valid_rmse-1.4709, valid_pr-0.6772
2022-11-21 16:39:26 - INFO - epoch-324, train_loss-0.9882, train_rmse-0.9941, valid_rmse-1.4648, valid_pr-0.6826
2022-11-21 16:39:37 - INFO - epoch-325, train_loss-0.9922, train_rmse-0.9961, valid_rmse-1.4263, valid_pr-0.6844
2022-11-21 16:39:49 - INFO - epoch-326, train_loss-0.9605, train_rmse-0.9800, valid_rmse-1.4256, valid_pr-0.6817
2022-11-21 16:40:01 - INFO - epoch-327, train_loss-0.9637, train_rmse-0.9817, valid_rmse-1.4160, valid_pr-0.6813
2022-11-21 16:40:13 - INFO - epoch-328, train_loss-0.9513, train_rmse-0.9753, valid_rmse-1.4509, valid_pr-0.6909
2022-11-21 16:40:25 - INFO - epoch-329, train_loss-0.9598, train_rmse-0.9797, valid_rmse-1.3978, valid_pr-0.6930
2022-11-21 16:40:36 - INFO - epoch-330, train_loss-0.9672, train_rmse-0.9834, valid_rmse-1.4237, valid_pr-0.6808
2022-11-21 16:40:48 - INFO - epoch-331, train_loss-0.9601, train_rmse-0.9799, valid_rmse-1.4161, valid_pr-0.6773
2022-11-21 16:41:00 - INFO - epoch-332, train_loss-0.9724, train_rmse-0.9861, valid_rmse-1.4624, valid_pr-0.6767
2022-11-21 16:41:12 - INFO - epoch-333, train_loss-0.9525, train_rmse-0.9759, valid_rmse-1.4225, valid_pr-0.6854
2022-11-21 16:41:24 - INFO - epoch-334, train_loss-0.9590, train_rmse-0.9793, valid_rmse-1.4294, valid_pr-0.6804
2022-11-21 16:41:37 - INFO - epoch-335, train_loss-0.9547, train_rmse-0.9771, valid_rmse-1.4564, valid_pr-0.6759
2022-11-21 16:41:49 - INFO - epoch-336, train_loss-0.9604, train_rmse-0.9800, valid_rmse-1.4073, valid_pr-0.6857
2022-11-21 16:42:01 - INFO - epoch-337, train_loss-0.9506, train_rmse-0.9750, valid_rmse-1.4225, valid_pr-0.6919
2022-11-21 16:42:13 - INFO - epoch-338, train_loss-0.9536, train_rmse-0.9765, valid_rmse-1.4416, valid_pr-0.6882
2022-11-21 16:42:25 - INFO - epoch-339, train_loss-0.9688, train_rmse-0.9843, valid_rmse-1.4063, valid_pr-0.6866
2022-11-21 16:42:37 - INFO - epoch-340, train_loss-0.9764, train_rmse-0.9881, valid_rmse-1.4454, valid_pr-0.6825
2022-11-21 16:42:49 - INFO - epoch-341, train_loss-0.9633, train_rmse-0.9815, valid_rmse-1.4099, valid_pr-0.6856
2022-11-21 16:43:01 - INFO - epoch-342, train_loss-0.9312, train_rmse-0.9650, valid_rmse-1.3957, valid_pr-0.6843
2022-11-21 16:43:13 - INFO - epoch-343, train_loss-0.9569, train_rmse-0.9782, valid_rmse-1.4586, valid_pr-0.6807
2022-11-21 16:43:25 - INFO - epoch-344, train_loss-0.9384, train_rmse-0.9687, valid_rmse-1.4105, valid_pr-0.6837
2022-11-21 16:43:37 - INFO - epoch-345, train_loss-0.9580, train_rmse-0.9788, valid_rmse-1.4153, valid_pr-0.6764
2022-11-21 16:43:50 - INFO - epoch-346, train_loss-0.9622, train_rmse-0.9809, valid_rmse-1.4246, valid_pr-0.6802
2022-11-21 16:44:02 - INFO - epoch-347, train_loss-0.9304, train_rmse-0.9646, valid_rmse-1.4368, valid_pr-0.6857
2022-11-21 16:44:14 - INFO - epoch-348, train_loss-0.9453, train_rmse-0.9722, valid_rmse-1.4161, valid_pr-0.6783
2022-11-21 16:44:26 - INFO - epoch-349, train_loss-0.9463, train_rmse-0.9728, valid_rmse-1.4400, valid_pr-0.6812
2022-11-21 16:44:39 - INFO - epoch-350, train_loss-0.9422, train_rmse-0.9707, valid_rmse-1.4166, valid_pr-0.6888
2022-11-21 16:44:51 - INFO - epoch-351, train_loss-0.9319, train_rmse-0.9654, valid_rmse-1.4222, valid_pr-0.6781
2022-11-21 16:44:51 - INFO - early stop in epoch 351
2022-11-21 16:44:51 - INFO - best_rmse: 1.3853
2022-11-21 16:45:07 - INFO - valid_rmse-1.3853, valid_pr-0.6881, test2013_rmse-1.6246, test2013_pr-0.7730, test2016_rmse-1.5397, test2016_pr-0.7663, test2019_rmse-1.4905, test2019_pr-0.5775,
