2022-11-21 15:40:02 - INFO - /data2/yzd/project/GNN_DTI/train_GNNDTI.py
2022-11-21 15:40:02 - INFO - train data: 11904
2022-11-21 15:40:02 - INFO - valid data: 1000
2022-11-21 15:40:02 - INFO - test2013 data: 107
2022-11-21 15:40:02 - INFO - test2016 data: 285
2022-11-21 15:40:02 - INFO - test2019 data: 4366
2022-11-21 15:40:42 - INFO - epoch-0, train_loss-33.4638, train_rmse-5.7848, valid_rmse-3.8104, valid_pr-0.0992
2022-11-21 15:41:14 - INFO - epoch-1, train_loss-8.0128, train_rmse-2.8307, valid_rmse-2.5979, valid_pr-0.1830
2022-11-21 15:41:46 - INFO - epoch-2, train_loss-5.4047, train_rmse-2.3248, valid_rmse-2.4415, valid_pr-0.2085
2022-11-21 15:42:18 - INFO - epoch-3, train_loss-4.9489, train_rmse-2.2246, valid_rmse-2.3887, valid_pr-0.2184
2022-11-21 15:42:51 - INFO - epoch-4, train_loss-4.6835, train_rmse-2.1641, valid_rmse-2.2380, valid_pr-0.2595
2022-11-21 15:43:24 - INFO - epoch-5, train_loss-4.3815, train_rmse-2.0932, valid_rmse-2.1544, valid_pr-0.2817
2022-11-21 15:43:56 - INFO - epoch-6, train_loss-4.2066, train_rmse-2.0510, valid_rmse-2.1285, valid_pr-0.2958
2022-11-21 15:44:29 - INFO - epoch-7, train_loss-4.0399, train_rmse-2.0099, valid_rmse-2.0832, valid_pr-0.3003
2022-11-21 15:45:02 - INFO - epoch-8, train_loss-3.9098, train_rmse-1.9773, valid_rmse-2.0664, valid_pr-0.3064
2022-11-21 15:45:35 - INFO - epoch-9, train_loss-3.8273, train_rmse-1.9563, valid_rmse-2.0219, valid_pr-0.3006
2022-11-21 15:46:06 - INFO - epoch-10, train_loss-3.5910, train_rmse-1.8950, valid_rmse-1.9846, valid_pr-0.3423
2022-11-21 15:46:44 - INFO - epoch-11, train_loss-3.4147, train_rmse-1.8479, valid_rmse-1.8757, valid_pr-0.3727
2022-11-21 15:47:18 - INFO - epoch-12, train_loss-3.3127, train_rmse-1.8201, valid_rmse-1.8861, valid_pr-0.3599
2022-11-21 15:47:51 - INFO - epoch-13, train_loss-3.3342, train_rmse-1.8260, valid_rmse-1.9618, valid_pr-0.3689
2022-11-21 15:48:23 - INFO - epoch-14, train_loss-3.2685, train_rmse-1.8079, valid_rmse-1.8051, valid_pr-0.4153
2022-11-21 15:48:56 - INFO - epoch-15, train_loss-3.0899, train_rmse-1.7578, valid_rmse-1.7859, valid_pr-0.4225
2022-11-21 15:49:28 - INFO - epoch-16, train_loss-3.2213, train_rmse-1.7948, valid_rmse-1.9912, valid_pr-0.4282
2022-11-21 15:50:02 - INFO - epoch-17, train_loss-3.4664, train_rmse-1.8618, valid_rmse-1.8619, valid_pr-0.4204
2022-11-21 15:50:35 - INFO - epoch-18, train_loss-3.2325, train_rmse-1.7979, valid_rmse-1.8156, valid_pr-0.4205
2022-11-21 15:51:11 - INFO - epoch-19, train_loss-3.0900, train_rmse-1.7579, valid_rmse-1.7841, valid_pr-0.4210
2022-11-21 15:51:44 - INFO - epoch-20, train_loss-2.9960, train_rmse-1.7309, valid_rmse-1.7678, valid_pr-0.4228
2022-11-21 15:52:19 - INFO - epoch-21, train_loss-2.8750, train_rmse-1.6956, valid_rmse-1.7335, valid_pr-0.4389
2022-11-21 15:53:02 - INFO - epoch-22, train_loss-2.8353, train_rmse-1.6838, valid_rmse-1.7082, valid_pr-0.4363
2022-11-21 15:53:47 - INFO - epoch-23, train_loss-2.7834, train_rmse-1.6683, valid_rmse-1.7257, valid_pr-0.4465
2022-11-21 15:54:32 - INFO - epoch-24, train_loss-2.7719, train_rmse-1.6649, valid_rmse-1.7041, valid_pr-0.4538
2022-11-21 15:55:15 - INFO - epoch-25, train_loss-2.7396, train_rmse-1.6552, valid_rmse-1.6916, valid_pr-0.4485
2022-11-21 15:55:58 - INFO - epoch-26, train_loss-2.6832, train_rmse-1.6380, valid_rmse-1.6572, valid_pr-0.4606
2022-11-21 15:56:40 - INFO - epoch-27, train_loss-2.6540, train_rmse-1.6291, valid_rmse-1.6828, valid_pr-0.4702
2022-11-21 15:57:23 - INFO - epoch-28, train_loss-2.6256, train_rmse-1.6204, valid_rmse-1.6463, valid_pr-0.4670
2022-11-21 15:58:14 - INFO - epoch-29, train_loss-2.6331, train_rmse-1.6227, valid_rmse-1.6332, valid_pr-0.4749
2022-11-21 15:59:08 - INFO - epoch-30, train_loss-2.6073, train_rmse-1.6147, valid_rmse-1.6243, valid_pr-0.4848
2022-11-21 15:59:49 - INFO - epoch-31, train_loss-2.5807, train_rmse-1.6065, valid_rmse-1.6254, valid_pr-0.4804
2022-11-21 16:00:29 - INFO - epoch-32, train_loss-2.6086, train_rmse-1.6151, valid_rmse-1.6251, valid_pr-0.4847
2022-11-21 16:01:11 - INFO - epoch-33, train_loss-2.5799, train_rmse-1.6062, valid_rmse-1.6283, valid_pr-0.4805
2022-11-21 16:01:51 - INFO - epoch-34, train_loss-2.5622, train_rmse-1.6007, valid_rmse-1.6225, valid_pr-0.4861
2022-11-21 16:02:32 - INFO - epoch-35, train_loss-2.5529, train_rmse-1.5978, valid_rmse-1.6266, valid_pr-0.4953
2022-11-21 16:03:13 - INFO - epoch-36, train_loss-2.5352, train_rmse-1.5922, valid_rmse-1.6164, valid_pr-0.5027
2022-11-21 16:03:55 - INFO - epoch-37, train_loss-2.5206, train_rmse-1.5876, valid_rmse-1.5982, valid_pr-0.5025
2022-11-21 16:04:35 - INFO - epoch-38, train_loss-2.5799, train_rmse-1.6062, valid_rmse-1.6240, valid_pr-0.4948
2022-11-21 16:05:15 - INFO - epoch-39, train_loss-2.5383, train_rmse-1.5932, valid_rmse-1.6301, valid_pr-0.4953
2022-11-21 16:05:58 - INFO - epoch-40, train_loss-2.5106, train_rmse-1.5845, valid_rmse-1.5931, valid_pr-0.5086
2022-11-21 16:06:38 - INFO - epoch-41, train_loss-2.4996, train_rmse-1.5810, valid_rmse-1.6134, valid_pr-0.5004
2022-11-21 16:07:19 - INFO - epoch-42, train_loss-2.5599, train_rmse-1.6000, valid_rmse-1.6291, valid_pr-0.4957
2022-11-21 16:08:01 - INFO - epoch-43, train_loss-2.5317, train_rmse-1.5911, valid_rmse-1.6154, valid_pr-0.5041
2022-11-21 16:08:44 - INFO - epoch-44, train_loss-2.4767, train_rmse-1.5738, valid_rmse-1.5957, valid_pr-0.5042
2022-11-21 16:09:25 - INFO - epoch-45, train_loss-2.4840, train_rmse-1.5761, valid_rmse-1.6030, valid_pr-0.5079
2022-11-21 16:10:07 - INFO - epoch-46, train_loss-2.4867, train_rmse-1.5769, valid_rmse-1.6013, valid_pr-0.5095
2022-11-21 16:10:49 - INFO - epoch-47, train_loss-2.4610, train_rmse-1.5688, valid_rmse-1.6054, valid_pr-0.5175
2022-11-21 16:11:30 - INFO - epoch-48, train_loss-2.4784, train_rmse-1.5743, valid_rmse-1.6744, valid_pr-0.5025
2022-11-21 16:12:12 - INFO - epoch-49, train_loss-2.5192, train_rmse-1.5872, valid_rmse-1.6186, valid_pr-0.4926
2022-11-21 16:12:54 - INFO - epoch-50, train_loss-2.4959, train_rmse-1.5798, valid_rmse-1.5929, valid_pr-0.5187
2022-11-21 16:13:37 - INFO - epoch-51, train_loss-2.4945, train_rmse-1.5794, valid_rmse-1.5982, valid_pr-0.5159
2022-11-21 16:14:19 - INFO - epoch-52, train_loss-2.4883, train_rmse-1.5774, valid_rmse-1.5835, valid_pr-0.5168
2022-11-21 16:15:00 - INFO - epoch-53, train_loss-2.4576, train_rmse-1.5677, valid_rmse-1.5790, valid_pr-0.5181
2022-11-21 16:15:44 - INFO - epoch-54, train_loss-2.4459, train_rmse-1.5639, valid_rmse-1.5829, valid_pr-0.5152
2022-11-21 16:16:24 - INFO - epoch-55, train_loss-2.4964, train_rmse-1.5800, valid_rmse-1.6068, valid_pr-0.4974
2022-11-21 16:17:05 - INFO - epoch-56, train_loss-2.5014, train_rmse-1.5816, valid_rmse-1.5958, valid_pr-0.5083
2022-11-21 16:17:45 - INFO - epoch-57, train_loss-2.4588, train_rmse-1.5680, valid_rmse-1.5870, valid_pr-0.5240
2022-11-21 16:18:25 - INFO - epoch-58, train_loss-2.4352, train_rmse-1.5605, valid_rmse-1.5880, valid_pr-0.5138
2022-11-21 16:19:01 - INFO - epoch-59, train_loss-2.4391, train_rmse-1.5618, valid_rmse-1.5754, valid_pr-0.5224
2022-11-21 16:19:38 - INFO - epoch-60, train_loss-2.4297, train_rmse-1.5587, valid_rmse-1.6121, valid_pr-0.5156
2022-11-21 16:20:13 - INFO - epoch-61, train_loss-2.4286, train_rmse-1.5584, valid_rmse-1.5869, valid_pr-0.5274
2022-11-21 16:20:47 - INFO - epoch-62, train_loss-2.4100, train_rmse-1.5524, valid_rmse-1.5735, valid_pr-0.5275
2022-11-21 16:21:22 - INFO - epoch-63, train_loss-2.4091, train_rmse-1.5521, valid_rmse-1.5931, valid_pr-0.5171
2022-11-21 16:22:00 - INFO - epoch-64, train_loss-2.4065, train_rmse-1.5513, valid_rmse-1.5758, valid_pr-0.5272
2022-11-21 16:22:45 - INFO - epoch-65, train_loss-2.4350, train_rmse-1.5605, valid_rmse-1.5804, valid_pr-0.5180
2022-11-21 16:23:29 - INFO - epoch-66, train_loss-2.4068, train_rmse-1.5514, valid_rmse-1.6112, valid_pr-0.5262
2022-11-21 16:24:11 - INFO - epoch-67, train_loss-2.4079, train_rmse-1.5517, valid_rmse-1.5701, valid_pr-0.5277
2022-11-21 16:24:54 - INFO - epoch-68, train_loss-2.4370, train_rmse-1.5611, valid_rmse-1.5886, valid_pr-0.5129
2022-11-21 16:25:37 - INFO - epoch-69, train_loss-2.4658, train_rmse-1.5703, valid_rmse-1.5844, valid_pr-0.5269
2022-11-21 16:26:19 - INFO - epoch-70, train_loss-2.4804, train_rmse-1.5749, valid_rmse-1.5631, valid_pr-0.5355
2022-11-21 16:27:00 - INFO - epoch-71, train_loss-2.4475, train_rmse-1.5644, valid_rmse-1.5568, valid_pr-0.5376
2022-11-21 16:27:41 - INFO - epoch-72, train_loss-2.4514, train_rmse-1.5657, valid_rmse-1.5538, valid_pr-0.5403
2022-11-21 16:28:25 - INFO - epoch-73, train_loss-2.4099, train_rmse-1.5524, valid_rmse-1.5724, valid_pr-0.5283
2022-11-21 16:29:09 - INFO - epoch-74, train_loss-2.4658, train_rmse-1.5703, valid_rmse-1.5712, valid_pr-0.5294
2022-11-21 16:29:53 - INFO - epoch-75, train_loss-2.4432, train_rmse-1.5631, valid_rmse-1.5680, valid_pr-0.5295
2022-11-21 16:30:36 - INFO - epoch-76, train_loss-2.3976, train_rmse-1.5484, valid_rmse-1.5870, valid_pr-0.5296
2022-11-21 16:31:20 - INFO - epoch-77, train_loss-2.4312, train_rmse-1.5592, valid_rmse-1.5487, valid_pr-0.5464
2022-11-21 16:32:03 - INFO - epoch-78, train_loss-2.3898, train_rmse-1.5459, valid_rmse-1.5422, valid_pr-0.5514
2022-11-21 16:32:47 - INFO - epoch-79, train_loss-2.3758, train_rmse-1.5414, valid_rmse-1.5503, valid_pr-0.5457
2022-11-21 16:33:31 - INFO - epoch-80, train_loss-2.3504, train_rmse-1.5331, valid_rmse-1.5414, valid_pr-0.5526
2022-11-21 16:34:15 - INFO - epoch-81, train_loss-2.3521, train_rmse-1.5337, valid_rmse-1.5519, valid_pr-0.5425
2022-11-21 16:34:59 - INFO - epoch-82, train_loss-2.3679, train_rmse-1.5388, valid_rmse-1.5395, valid_pr-0.5580
2022-11-21 16:35:43 - INFO - epoch-83, train_loss-2.4091, train_rmse-1.5521, valid_rmse-1.5606, valid_pr-0.5356
2022-11-21 16:36:26 - INFO - epoch-84, train_loss-2.3597, train_rmse-1.5361, valid_rmse-1.5643, valid_pr-0.5321
2022-11-21 16:37:12 - INFO - epoch-85, train_loss-2.3483, train_rmse-1.5324, valid_rmse-1.5626, valid_pr-0.5358
2022-11-21 16:37:55 - INFO - epoch-86, train_loss-2.3302, train_rmse-1.5265, valid_rmse-1.5644, valid_pr-0.5317
2022-11-21 16:38:39 - INFO - epoch-87, train_loss-2.3387, train_rmse-1.5293, valid_rmse-1.5579, valid_pr-0.5420
2022-11-21 16:39:21 - INFO - epoch-88, train_loss-2.3294, train_rmse-1.5262, valid_rmse-1.5463, valid_pr-0.5464
2022-11-21 16:40:05 - INFO - epoch-89, train_loss-2.3167, train_rmse-1.5221, valid_rmse-1.5535, valid_pr-0.5404
2022-11-21 16:40:47 - INFO - epoch-90, train_loss-2.3443, train_rmse-1.5311, valid_rmse-1.5348, valid_pr-0.5564
2022-11-21 16:41:31 - INFO - epoch-91, train_loss-2.3177, train_rmse-1.5224, valid_rmse-1.5446, valid_pr-0.5538
2022-11-21 16:42:15 - INFO - epoch-92, train_loss-2.3090, train_rmse-1.5195, valid_rmse-1.5529, valid_pr-0.5411
2022-11-21 16:42:58 - INFO - epoch-93, train_loss-2.4379, train_rmse-1.5614, valid_rmse-1.5740, valid_pr-0.5373
2022-11-21 16:43:43 - INFO - epoch-94, train_loss-2.3902, train_rmse-1.5460, valid_rmse-1.5476, valid_pr-0.5458
2022-11-21 16:44:27 - INFO - epoch-95, train_loss-2.3691, train_rmse-1.5392, valid_rmse-1.5624, valid_pr-0.5501
2022-11-21 16:45:09 - INFO - epoch-96, train_loss-2.3512, train_rmse-1.5334, valid_rmse-1.5439, valid_pr-0.5535
2022-11-21 16:45:54 - INFO - epoch-97, train_loss-2.3326, train_rmse-1.5273, valid_rmse-1.5367, valid_pr-0.5545
2022-11-21 16:46:39 - INFO - epoch-98, train_loss-2.3073, train_rmse-1.5190, valid_rmse-1.5605, valid_pr-0.5614
2022-11-21 16:47:24 - INFO - epoch-99, train_loss-2.2928, train_rmse-1.5142, valid_rmse-1.5345, valid_pr-0.5630
2022-11-21 16:48:10 - INFO - epoch-100, train_loss-2.3076, train_rmse-1.5191, valid_rmse-1.5239, valid_pr-0.5652
2022-11-21 16:48:53 - INFO - epoch-101, train_loss-2.2642, train_rmse-1.5047, valid_rmse-1.5542, valid_pr-0.5628
2022-11-21 16:49:37 - INFO - epoch-102, train_loss-2.2910, train_rmse-1.5136, valid_rmse-1.5255, valid_pr-0.5651
2022-11-21 16:50:39 - INFO - epoch-103, train_loss-2.2707, train_rmse-1.5069, valid_rmse-1.5157, valid_pr-0.5715
2022-11-21 16:52:31 - INFO - epoch-104, train_loss-2.2440, train_rmse-1.4980, valid_rmse-1.5378, valid_pr-0.5751
2022-11-21 16:54:17 - INFO - epoch-105, train_loss-2.2542, train_rmse-1.5014, valid_rmse-1.5145, valid_pr-0.5719
2022-11-21 16:55:48 - INFO - epoch-106, train_loss-2.2253, train_rmse-1.4917, valid_rmse-1.5220, valid_pr-0.5700
2022-11-21 16:57:01 - INFO - epoch-107, train_loss-2.2264, train_rmse-1.4921, valid_rmse-1.5065, valid_pr-0.5803
2022-11-21 16:57:44 - INFO - epoch-108, train_loss-2.2342, train_rmse-1.4947, valid_rmse-1.5158, valid_pr-0.5754
2022-11-21 16:58:39 - INFO - epoch-109, train_loss-2.2173, train_rmse-1.4891, valid_rmse-1.5142, valid_pr-0.5770
2022-11-21 16:59:29 - INFO - epoch-110, train_loss-2.2213, train_rmse-1.4904, valid_rmse-1.5077, valid_pr-0.5774
2022-11-21 17:00:10 - INFO - epoch-111, train_loss-2.2070, train_rmse-1.4856, valid_rmse-1.5068, valid_pr-0.5790
2022-11-21 17:00:53 - INFO - epoch-112, train_loss-2.2024, train_rmse-1.4840, valid_rmse-1.5053, valid_pr-0.5800
2022-11-21 17:01:35 - INFO - epoch-113, train_loss-2.1838, train_rmse-1.4778, valid_rmse-1.5001, valid_pr-0.5836
2022-11-21 17:02:16 - INFO - epoch-114, train_loss-2.1991, train_rmse-1.4829, valid_rmse-1.5078, valid_pr-0.5772
2022-11-21 17:03:00 - INFO - epoch-115, train_loss-2.1976, train_rmse-1.4824, valid_rmse-1.5062, valid_pr-0.5787
2022-11-21 17:03:40 - INFO - epoch-116, train_loss-2.2123, train_rmse-1.4874, valid_rmse-1.5130, valid_pr-0.5839
2022-11-21 17:04:23 - INFO - epoch-117, train_loss-2.1980, train_rmse-1.4826, valid_rmse-1.5129, valid_pr-0.5735
2022-11-21 17:05:05 - INFO - epoch-118, train_loss-2.1898, train_rmse-1.4798, valid_rmse-1.5142, valid_pr-0.5729
2022-11-21 17:05:47 - INFO - epoch-119, train_loss-2.1794, train_rmse-1.4763, valid_rmse-1.4967, valid_pr-0.5861
2022-11-21 17:06:31 - INFO - epoch-120, train_loss-2.1796, train_rmse-1.4764, valid_rmse-1.5005, valid_pr-0.5861
2022-11-21 17:07:12 - INFO - epoch-121, train_loss-2.1818, train_rmse-1.4771, valid_rmse-1.4900, valid_pr-0.5908
2022-11-21 17:08:06 - INFO - epoch-122, train_loss-2.1583, train_rmse-1.4691, valid_rmse-1.5048, valid_pr-0.5829
2022-11-21 17:08:48 - INFO - epoch-123, train_loss-2.1678, train_rmse-1.4724, valid_rmse-1.5127, valid_pr-0.5819
2022-11-21 17:09:30 - INFO - epoch-124, train_loss-2.1704, train_rmse-1.4732, valid_rmse-1.5059, valid_pr-0.5838
2022-11-21 17:10:13 - INFO - epoch-125, train_loss-2.1574, train_rmse-1.4688, valid_rmse-1.5266, valid_pr-0.5857
2022-11-21 17:10:54 - INFO - epoch-126, train_loss-2.1603, train_rmse-1.4698, valid_rmse-1.4980, valid_pr-0.5857
2022-11-21 17:11:36 - INFO - epoch-127, train_loss-2.1812, train_rmse-1.4769, valid_rmse-1.4938, valid_pr-0.5894
2022-11-21 17:12:16 - INFO - epoch-128, train_loss-2.1441, train_rmse-1.4643, valid_rmse-1.5072, valid_pr-0.5967
2022-11-21 17:12:57 - INFO - epoch-129, train_loss-2.1288, train_rmse-1.4591, valid_rmse-1.4853, valid_pr-0.5946
2022-11-21 17:13:40 - INFO - epoch-130, train_loss-2.1393, train_rmse-1.4626, valid_rmse-1.4914, valid_pr-0.5982
2022-11-21 17:14:22 - INFO - epoch-131, train_loss-2.1218, train_rmse-1.4567, valid_rmse-1.4857, valid_pr-0.5955
2022-11-21 17:15:02 - INFO - epoch-132, train_loss-2.1475, train_rmse-1.4654, valid_rmse-1.4917, valid_pr-0.5907
2022-11-21 17:15:43 - INFO - epoch-133, train_loss-2.1520, train_rmse-1.4670, valid_rmse-1.4810, valid_pr-0.6008
2022-11-21 17:16:25 - INFO - epoch-134, train_loss-2.1234, train_rmse-1.4572, valid_rmse-1.4848, valid_pr-0.6002
2022-11-21 17:17:08 - INFO - epoch-135, train_loss-2.1245, train_rmse-1.4576, valid_rmse-1.4981, valid_pr-0.5846
2022-11-21 17:17:50 - INFO - epoch-136, train_loss-2.1322, train_rmse-1.4602, valid_rmse-1.4973, valid_pr-0.5926
2022-11-21 17:18:31 - INFO - epoch-137, train_loss-2.1160, train_rmse-1.4547, valid_rmse-1.4968, valid_pr-0.5937
2022-11-21 17:19:14 - INFO - epoch-138, train_loss-2.1145, train_rmse-1.4541, valid_rmse-1.4719, valid_pr-0.6036
2022-11-21 17:19:55 - INFO - epoch-139, train_loss-2.1022, train_rmse-1.4499, valid_rmse-1.4721, valid_pr-0.6036
2022-11-21 17:20:37 - INFO - epoch-140, train_loss-2.1108, train_rmse-1.4529, valid_rmse-1.4812, valid_pr-0.6069
2022-11-21 17:21:17 - INFO - epoch-141, train_loss-2.0953, train_rmse-1.4475, valid_rmse-1.4899, valid_pr-0.6008
2022-11-21 17:21:57 - INFO - epoch-142, train_loss-2.0990, train_rmse-1.4488, valid_rmse-1.4712, valid_pr-0.6052
2022-11-21 17:22:38 - INFO - epoch-143, train_loss-2.0991, train_rmse-1.4488, valid_rmse-1.5104, valid_pr-0.6036
2022-11-21 17:23:19 - INFO - epoch-144, train_loss-2.0941, train_rmse-1.4471, valid_rmse-1.4975, valid_pr-0.5869
2022-11-21 17:24:02 - INFO - epoch-145, train_loss-2.1230, train_rmse-1.4571, valid_rmse-1.4802, valid_pr-0.6026
2022-11-21 17:24:45 - INFO - epoch-146, train_loss-2.1153, train_rmse-1.4544, valid_rmse-1.4602, valid_pr-0.6121
2022-11-21 17:25:33 - INFO - epoch-147, train_loss-2.0663, train_rmse-1.4375, valid_rmse-1.4780, valid_pr-0.6078
2022-11-21 17:26:16 - INFO - epoch-148, train_loss-2.0669, train_rmse-1.4377, valid_rmse-1.4991, valid_pr-0.6047
2022-11-21 17:26:57 - INFO - epoch-149, train_loss-2.0995, train_rmse-1.4490, valid_rmse-1.5172, valid_pr-0.6085
2022-11-21 17:27:37 - INFO - epoch-150, train_loss-2.0920, train_rmse-1.4464, valid_rmse-1.4768, valid_pr-0.6114
2022-11-21 17:28:18 - INFO - epoch-151, train_loss-2.0813, train_rmse-1.4427, valid_rmse-1.4709, valid_pr-0.6124
2022-11-21 17:29:00 - INFO - epoch-152, train_loss-2.0698, train_rmse-1.4387, valid_rmse-1.4796, valid_pr-0.6036
2022-11-21 17:29:42 - INFO - epoch-153, train_loss-2.0854, train_rmse-1.4441, valid_rmse-1.4818, valid_pr-0.6163
2022-11-21 17:30:23 - INFO - epoch-154, train_loss-2.0523, train_rmse-1.4326, valid_rmse-1.4606, valid_pr-0.6132
2022-11-21 17:31:08 - INFO - epoch-155, train_loss-2.0860, train_rmse-1.4443, valid_rmse-1.4576, valid_pr-0.6190
2022-11-21 17:31:48 - INFO - epoch-156, train_loss-2.0614, train_rmse-1.4357, valid_rmse-1.4633, valid_pr-0.6098
2022-11-21 17:32:30 - INFO - epoch-157, train_loss-2.0480, train_rmse-1.4311, valid_rmse-1.4540, valid_pr-0.6164
2022-11-21 17:33:12 - INFO - epoch-158, train_loss-2.0559, train_rmse-1.4338, valid_rmse-1.4549, valid_pr-0.6163
2022-11-21 17:33:53 - INFO - epoch-159, train_loss-2.0425, train_rmse-1.4292, valid_rmse-1.4698, valid_pr-0.6058
2022-11-21 17:34:35 - INFO - epoch-160, train_loss-2.0614, train_rmse-1.4358, valid_rmse-1.4682, valid_pr-0.6074
2022-11-21 17:35:15 - INFO - epoch-161, train_loss-2.0559, train_rmse-1.4338, valid_rmse-1.4458, valid_pr-0.6279
2022-11-21 17:35:56 - INFO - epoch-162, train_loss-2.0292, train_rmse-1.4245, valid_rmse-1.4518, valid_pr-0.6249
2022-11-21 17:36:38 - INFO - epoch-163, train_loss-2.0501, train_rmse-1.4318, valid_rmse-1.4497, valid_pr-0.6192
2022-11-21 17:37:20 - INFO - epoch-164, train_loss-2.0547, train_rmse-1.4334, valid_rmse-1.4682, valid_pr-0.6162
2022-11-21 17:38:02 - INFO - epoch-165, train_loss-2.0556, train_rmse-1.4337, valid_rmse-1.4701, valid_pr-0.6150
2022-11-21 17:38:44 - INFO - epoch-166, train_loss-2.0592, train_rmse-1.4350, valid_rmse-1.4556, valid_pr-0.6181
2022-11-21 17:39:24 - INFO - epoch-167, train_loss-2.0271, train_rmse-1.4238, valid_rmse-1.4456, valid_pr-0.6269
2022-11-21 17:40:03 - INFO - epoch-168, train_loss-2.0150, train_rmse-1.4195, valid_rmse-1.4488, valid_pr-0.6257
2022-11-21 17:40:45 - INFO - epoch-169, train_loss-2.0195, train_rmse-1.4211, valid_rmse-1.4622, valid_pr-0.6133
2022-11-21 17:41:27 - INFO - epoch-170, train_loss-2.0057, train_rmse-1.4162, valid_rmse-1.4454, valid_pr-0.6249
2022-11-21 17:42:08 - INFO - epoch-171, train_loss-2.0175, train_rmse-1.4204, valid_rmse-1.4562, valid_pr-0.6167
2022-11-21 17:42:56 - INFO - epoch-172, train_loss-1.9905, train_rmse-1.4109, valid_rmse-1.4455, valid_pr-0.6220
2022-11-21 17:43:37 - INFO - epoch-173, train_loss-2.0177, train_rmse-1.4204, valid_rmse-1.4709, valid_pr-0.6127
2022-11-21 17:44:17 - INFO - epoch-174, train_loss-2.0066, train_rmse-1.4166, valid_rmse-1.4413, valid_pr-0.6261
2022-11-21 17:44:58 - INFO - epoch-175, train_loss-2.0274, train_rmse-1.4239, valid_rmse-1.4987, valid_pr-0.6056
2022-11-21 17:45:39 - INFO - epoch-176, train_loss-2.0105, train_rmse-1.4179, valid_rmse-1.4300, valid_pr-0.6331
2022-11-21 17:46:18 - INFO - epoch-177, train_loss-2.0097, train_rmse-1.4176, valid_rmse-1.4422, valid_pr-0.6246
2022-11-21 17:47:00 - INFO - epoch-178, train_loss-1.9814, train_rmse-1.4076, valid_rmse-1.4340, valid_pr-0.6298
2022-11-21 17:47:40 - INFO - epoch-179, train_loss-1.9791, train_rmse-1.4068, valid_rmse-1.4459, valid_pr-0.6308
2022-11-21 17:48:21 - INFO - epoch-180, train_loss-2.0221, train_rmse-1.4220, valid_rmse-1.4407, valid_pr-0.6257
2022-11-21 17:49:02 - INFO - epoch-181, train_loss-2.0122, train_rmse-1.4185, valid_rmse-1.4440, valid_pr-0.6245
2022-11-21 17:49:43 - INFO - epoch-182, train_loss-2.0041, train_rmse-1.4157, valid_rmse-1.4483, valid_pr-0.6232
2022-11-21 17:50:24 - INFO - epoch-183, train_loss-2.0008, train_rmse-1.4145, valid_rmse-1.4418, valid_pr-0.6247
2022-11-21 17:51:05 - INFO - epoch-184, train_loss-2.0210, train_rmse-1.4216, valid_rmse-1.5057, valid_pr-0.6183
2022-11-21 17:51:46 - INFO - epoch-185, train_loss-1.9733, train_rmse-1.4047, valid_rmse-1.4433, valid_pr-0.6298
2022-11-21 17:52:26 - INFO - epoch-186, train_loss-1.9688, train_rmse-1.4031, valid_rmse-1.4504, valid_pr-0.6241
2022-11-21 17:53:08 - INFO - epoch-187, train_loss-1.9788, train_rmse-1.4067, valid_rmse-1.4669, valid_pr-0.6310
2022-11-21 17:53:52 - INFO - epoch-188, train_loss-1.9773, train_rmse-1.4062, valid_rmse-1.4307, valid_pr-0.6332
2022-11-21 17:54:34 - INFO - epoch-189, train_loss-1.9765, train_rmse-1.4059, valid_rmse-1.4407, valid_pr-0.6337
2022-11-21 17:55:16 - INFO - epoch-190, train_loss-1.9698, train_rmse-1.4035, valid_rmse-1.4187, valid_pr-0.6407
2022-11-21 17:56:14 - INFO - epoch-191, train_loss-1.9226, train_rmse-1.3866, valid_rmse-1.4372, valid_pr-0.6300
2022-11-21 17:56:54 - INFO - epoch-192, train_loss-1.9616, train_rmse-1.4006, valid_rmse-1.4350, valid_pr-0.6348
2022-11-21 17:57:37 - INFO - epoch-193, train_loss-1.9520, train_rmse-1.3971, valid_rmse-1.4306, valid_pr-0.6324
2022-11-21 17:58:17 - INFO - epoch-194, train_loss-1.9399, train_rmse-1.3928, valid_rmse-1.4189, valid_pr-0.6398
2022-11-21 17:58:58 - INFO - epoch-195, train_loss-1.9475, train_rmse-1.3955, valid_rmse-1.4262, valid_pr-0.6382
2022-11-21 17:59:39 - INFO - epoch-196, train_loss-1.9607, train_rmse-1.4002, valid_rmse-1.4188, valid_pr-0.6407
2022-11-21 18:00:20 - INFO - epoch-197, train_loss-1.9277, train_rmse-1.3884, valid_rmse-1.4236, valid_pr-0.6379
2022-11-21 18:01:01 - INFO - epoch-198, train_loss-1.9314, train_rmse-1.3898, valid_rmse-1.4220, valid_pr-0.6389
2022-11-21 18:01:43 - INFO - epoch-199, train_loss-1.9270, train_rmse-1.3882, valid_rmse-1.4280, valid_pr-0.6361
2022-11-21 18:02:24 - INFO - epoch-200, train_loss-1.9402, train_rmse-1.3929, valid_rmse-1.4908, valid_pr-0.6359
2022-11-21 18:03:07 - INFO - epoch-201, train_loss-1.9420, train_rmse-1.3935, valid_rmse-1.4110, valid_pr-0.6476
2022-11-21 18:03:48 - INFO - epoch-202, train_loss-1.9261, train_rmse-1.3879, valid_rmse-1.4174, valid_pr-0.6418
2022-11-21 18:04:30 - INFO - epoch-203, train_loss-1.9123, train_rmse-1.3829, valid_rmse-1.4192, valid_pr-0.6428
2022-11-21 18:05:11 - INFO - epoch-204, train_loss-1.9163, train_rmse-1.3843, valid_rmse-1.4434, valid_pr-0.6317
2022-11-21 18:05:53 - INFO - epoch-205, train_loss-1.9255, train_rmse-1.3876, valid_rmse-1.4141, valid_pr-0.6448
2022-11-21 18:06:36 - INFO - epoch-206, train_loss-1.9904, train_rmse-1.4108, valid_rmse-1.4648, valid_pr-0.6125
2022-11-21 18:07:18 - INFO - epoch-207, train_loss-2.0390, train_rmse-1.4279, valid_rmse-1.4206, valid_pr-0.6387
2022-11-21 18:07:58 - INFO - epoch-208, train_loss-1.9661, train_rmse-1.4022, valid_rmse-1.4059, valid_pr-0.6493
2022-11-21 18:08:41 - INFO - epoch-209, train_loss-1.9320, train_rmse-1.3900, valid_rmse-1.4204, valid_pr-0.6428
2022-11-21 18:09:24 - INFO - epoch-210, train_loss-1.9403, train_rmse-1.3930, valid_rmse-1.4084, valid_pr-0.6475
2022-11-21 18:10:05 - INFO - epoch-211, train_loss-1.9183, train_rmse-1.3850, valid_rmse-1.4206, valid_pr-0.6506
2022-11-21 18:10:46 - INFO - epoch-212, train_loss-1.9186, train_rmse-1.3851, valid_rmse-1.4018, valid_pr-0.6529
2022-11-21 18:11:29 - INFO - epoch-213, train_loss-1.9063, train_rmse-1.3807, valid_rmse-1.4171, valid_pr-0.6418
2022-11-21 18:12:08 - INFO - epoch-214, train_loss-1.9128, train_rmse-1.3830, valid_rmse-1.4153, valid_pr-0.6444
2022-11-21 18:12:50 - INFO - epoch-215, train_loss-1.9295, train_rmse-1.3891, valid_rmse-1.4155, valid_pr-0.6518
2022-11-21 18:13:29 - INFO - epoch-216, train_loss-1.9643, train_rmse-1.4015, valid_rmse-1.4303, valid_pr-0.6332
2022-11-21 18:14:11 - INFO - epoch-217, train_loss-1.9078, train_rmse-1.3812, valid_rmse-1.4055, valid_pr-0.6493
2022-11-21 18:14:52 - INFO - epoch-218, train_loss-1.9023, train_rmse-1.3792, valid_rmse-1.4204, valid_pr-0.6475
2022-11-21 18:15:33 - INFO - epoch-219, train_loss-1.8827, train_rmse-1.3721, valid_rmse-1.3948, valid_pr-0.6558
2022-11-21 18:16:13 - INFO - epoch-220, train_loss-1.8748, train_rmse-1.3692, valid_rmse-1.4036, valid_pr-0.6505
2022-11-21 18:16:53 - INFO - epoch-221, train_loss-1.8800, train_rmse-1.3711, valid_rmse-1.4331, valid_pr-0.6393
2022-11-21 18:17:35 - INFO - epoch-222, train_loss-1.8671, train_rmse-1.3664, valid_rmse-1.4033, valid_pr-0.6560
2022-11-21 18:18:17 - INFO - epoch-223, train_loss-1.8625, train_rmse-1.3647, valid_rmse-1.4012, valid_pr-0.6513
2022-11-21 18:18:58 - INFO - epoch-224, train_loss-1.8871, train_rmse-1.3737, valid_rmse-1.4013, valid_pr-0.6519
2022-11-21 18:19:41 - INFO - epoch-225, train_loss-1.8786, train_rmse-1.3706, valid_rmse-1.4005, valid_pr-0.6537
2022-11-21 18:20:21 - INFO - epoch-226, train_loss-1.8575, train_rmse-1.3629, valid_rmse-1.4012, valid_pr-0.6520
2022-11-21 18:21:01 - INFO - epoch-227, train_loss-1.8669, train_rmse-1.3663, valid_rmse-1.4383, valid_pr-0.6502
2022-11-21 18:21:44 - INFO - epoch-228, train_loss-1.8600, train_rmse-1.3638, valid_rmse-1.4125, valid_pr-0.6464
2022-11-21 18:22:26 - INFO - epoch-229, train_loss-1.8708, train_rmse-1.3678, valid_rmse-1.4225, valid_pr-0.6495
2022-11-21 18:23:16 - INFO - epoch-230, train_loss-1.8507, train_rmse-1.3604, valid_rmse-1.4354, valid_pr-0.6465
2022-11-21 18:23:57 - INFO - epoch-231, train_loss-1.8511, train_rmse-1.3605, valid_rmse-1.4292, valid_pr-0.6554
2022-11-21 18:24:43 - INFO - epoch-232, train_loss-1.8442, train_rmse-1.3580, valid_rmse-1.3960, valid_pr-0.6596
2022-11-21 18:25:25 - INFO - epoch-233, train_loss-1.8355, train_rmse-1.3548, valid_rmse-1.3900, valid_pr-0.6582
2022-11-21 18:26:07 - INFO - epoch-234, train_loss-1.8489, train_rmse-1.3598, valid_rmse-1.4002, valid_pr-0.6521
2022-11-21 18:26:48 - INFO - epoch-235, train_loss-1.8417, train_rmse-1.3571, valid_rmse-1.4175, valid_pr-0.6472
2022-11-21 18:27:41 - INFO - epoch-236, train_loss-1.8388, train_rmse-1.3560, valid_rmse-1.4114, valid_pr-0.6453
2022-11-21 18:28:22 - INFO - epoch-237, train_loss-1.8548, train_rmse-1.3619, valid_rmse-1.4233, valid_pr-0.6467
2022-11-21 18:29:04 - INFO - epoch-238, train_loss-1.8162, train_rmse-1.3477, valid_rmse-1.3935, valid_pr-0.6574
2022-11-21 18:29:44 - INFO - epoch-239, train_loss-1.8366, train_rmse-1.3552, valid_rmse-1.4098, valid_pr-0.6477
2022-11-21 18:30:25 - INFO - epoch-240, train_loss-1.8187, train_rmse-1.3486, valid_rmse-1.3979, valid_pr-0.6535
2022-11-21 18:31:08 - INFO - epoch-241, train_loss-1.8350, train_rmse-1.3546, valid_rmse-1.3849, valid_pr-0.6646
2022-11-21 18:31:49 - INFO - epoch-242, train_loss-1.8107, train_rmse-1.3456, valid_rmse-1.4041, valid_pr-0.6619
2022-11-21 18:32:31 - INFO - epoch-243, train_loss-1.8360, train_rmse-1.3550, valid_rmse-1.4002, valid_pr-0.6649
2022-11-21 18:33:13 - INFO - epoch-244, train_loss-1.8063, train_rmse-1.3440, valid_rmse-1.3924, valid_pr-0.6592
2022-11-21 18:33:53 - INFO - epoch-245, train_loss-1.7971, train_rmse-1.3406, valid_rmse-1.3950, valid_pr-0.6555
2022-11-21 18:34:34 - INFO - epoch-246, train_loss-1.7993, train_rmse-1.3414, valid_rmse-1.4017, valid_pr-0.6562
2022-11-21 18:35:14 - INFO - epoch-247, train_loss-1.7915, train_rmse-1.3385, valid_rmse-1.3938, valid_pr-0.6564
2022-11-21 18:35:56 - INFO - epoch-248, train_loss-1.8127, train_rmse-1.3464, valid_rmse-1.3882, valid_pr-0.6633
2022-11-21 18:36:37 - INFO - epoch-249, train_loss-1.7948, train_rmse-1.3397, valid_rmse-1.4258, valid_pr-0.6440
2022-11-21 18:37:19 - INFO - epoch-250, train_loss-1.8710, train_rmse-1.3679, valid_rmse-1.3834, valid_pr-0.6631
2022-11-21 18:38:02 - INFO - epoch-251, train_loss-1.8121, train_rmse-1.3461, valid_rmse-1.4185, valid_pr-0.6642
2022-11-21 18:38:45 - INFO - epoch-252, train_loss-1.8093, train_rmse-1.3451, valid_rmse-1.4044, valid_pr-0.6647
2022-11-21 18:39:26 - INFO - epoch-253, train_loss-1.8111, train_rmse-1.3458, valid_rmse-1.4078, valid_pr-0.6471
2022-11-21 18:40:08 - INFO - epoch-254, train_loss-1.7870, train_rmse-1.3368, valid_rmse-1.3986, valid_pr-0.6609
2022-11-21 18:40:49 - INFO - epoch-255, train_loss-1.7934, train_rmse-1.3392, valid_rmse-1.4105, valid_pr-0.6473
2022-11-21 18:41:30 - INFO - epoch-256, train_loss-1.8180, train_rmse-1.3483, valid_rmse-1.3882, valid_pr-0.6619
2022-11-21 18:42:13 - INFO - epoch-257, train_loss-1.7932, train_rmse-1.3391, valid_rmse-1.4001, valid_pr-0.6636
2022-11-21 18:42:55 - INFO - epoch-258, train_loss-1.8058, train_rmse-1.3438, valid_rmse-1.3867, valid_pr-0.6620
2022-11-21 18:43:37 - INFO - epoch-259, train_loss-1.7615, train_rmse-1.3272, valid_rmse-1.3919, valid_pr-0.6588
2022-11-21 18:44:19 - INFO - epoch-260, train_loss-1.7669, train_rmse-1.3292, valid_rmse-1.4121, valid_pr-0.6724
2022-11-21 18:45:01 - INFO - epoch-261, train_loss-1.7589, train_rmse-1.3262, valid_rmse-1.3763, valid_pr-0.6712
2022-11-21 18:45:42 - INFO - epoch-262, train_loss-1.7665, train_rmse-1.3291, valid_rmse-1.3883, valid_pr-0.6618
2022-11-21 18:46:23 - INFO - epoch-263, train_loss-1.7421, train_rmse-1.3199, valid_rmse-1.3750, valid_pr-0.6677
2022-11-21 18:47:03 - INFO - epoch-264, train_loss-1.7783, train_rmse-1.3335, valid_rmse-1.3797, valid_pr-0.6652
2022-11-21 18:47:44 - INFO - epoch-265, train_loss-1.7635, train_rmse-1.3280, valid_rmse-1.4030, valid_pr-0.6643
2022-11-21 18:48:27 - INFO - epoch-266, train_loss-1.7348, train_rmse-1.3171, valid_rmse-1.3796, valid_pr-0.6666
2022-11-21 18:49:10 - INFO - epoch-267, train_loss-1.7482, train_rmse-1.3222, valid_rmse-1.3814, valid_pr-0.6642
2022-11-21 18:49:52 - INFO - epoch-268, train_loss-1.7767, train_rmse-1.3329, valid_rmse-1.3785, valid_pr-0.6678
2022-11-21 18:50:33 - INFO - epoch-269, train_loss-1.7520, train_rmse-1.3236, valid_rmse-1.3785, valid_pr-0.6685
2022-11-21 18:51:15 - INFO - epoch-270, train_loss-1.7421, train_rmse-1.3199, valid_rmse-1.3626, valid_pr-0.6747
2022-11-21 18:51:58 - INFO - epoch-271, train_loss-1.7444, train_rmse-1.3207, valid_rmse-1.3805, valid_pr-0.6711
2022-11-21 18:52:44 - INFO - epoch-272, train_loss-1.7265, train_rmse-1.3140, valid_rmse-1.3897, valid_pr-0.6665
2022-11-21 18:53:25 - INFO - epoch-273, train_loss-1.7598, train_rmse-1.3266, valid_rmse-1.3826, valid_pr-0.6692
2022-11-21 18:54:08 - INFO - epoch-274, train_loss-1.7444, train_rmse-1.3208, valid_rmse-1.3635, valid_pr-0.6742
2022-11-21 18:54:50 - INFO - epoch-275, train_loss-1.7306, train_rmse-1.3155, valid_rmse-1.3834, valid_pr-0.6760
2022-11-21 18:55:31 - INFO - epoch-276, train_loss-1.7524, train_rmse-1.3238, valid_rmse-1.3774, valid_pr-0.6659
2022-11-21 18:56:13 - INFO - epoch-277, train_loss-1.7090, train_rmse-1.3073, valid_rmse-1.3827, valid_pr-0.6703
2022-11-21 18:56:54 - INFO - epoch-278, train_loss-1.7146, train_rmse-1.3094, valid_rmse-1.3773, valid_pr-0.6717
2022-11-21 18:57:34 - INFO - epoch-279, train_loss-1.6983, train_rmse-1.3032, valid_rmse-1.3683, valid_pr-0.6717
2022-11-21 18:58:15 - INFO - epoch-280, train_loss-1.7078, train_rmse-1.3068, valid_rmse-1.3785, valid_pr-0.6723
2022-11-21 18:58:57 - INFO - epoch-281, train_loss-1.7009, train_rmse-1.3042, valid_rmse-1.4060, valid_pr-0.6701
2022-11-21 18:59:39 - INFO - epoch-282, train_loss-1.7194, train_rmse-1.3113, valid_rmse-1.3622, valid_pr-0.6760
2022-11-21 19:00:19 - INFO - epoch-283, train_loss-1.6787, train_rmse-1.2956, valid_rmse-1.3785, valid_pr-0.6710
2022-11-21 19:01:01 - INFO - epoch-284, train_loss-1.7197, train_rmse-1.3114, valid_rmse-1.3613, valid_pr-0.6757
2022-11-21 19:01:41 - INFO - epoch-285, train_loss-1.6835, train_rmse-1.2975, valid_rmse-1.3665, valid_pr-0.6727
2022-11-21 19:02:22 - INFO - epoch-286, train_loss-1.6813, train_rmse-1.2967, valid_rmse-1.3623, valid_pr-0.6761
2022-11-21 19:03:02 - INFO - epoch-287, train_loss-1.6932, train_rmse-1.3012, valid_rmse-1.3743, valid_pr-0.6687
2022-11-21 19:03:42 - INFO - epoch-288, train_loss-1.7088, train_rmse-1.3072, valid_rmse-1.3616, valid_pr-0.6757
2022-11-21 19:04:22 - INFO - epoch-289, train_loss-1.6991, train_rmse-1.3035, valid_rmse-1.3553, valid_pr-0.6807
2022-11-21 19:05:04 - INFO - epoch-290, train_loss-1.7040, train_rmse-1.3054, valid_rmse-1.3602, valid_pr-0.6766
2022-11-21 19:05:44 - INFO - epoch-291, train_loss-1.6831, train_rmse-1.2974, valid_rmse-1.3713, valid_pr-0.6695
2022-11-21 19:06:25 - INFO - epoch-292, train_loss-1.7047, train_rmse-1.3056, valid_rmse-1.3799, valid_pr-0.6749
2022-11-21 19:07:05 - INFO - epoch-293, train_loss-1.6863, train_rmse-1.2986, valid_rmse-1.3715, valid_pr-0.6810
2022-11-21 19:07:46 - INFO - epoch-294, train_loss-1.6885, train_rmse-1.2994, valid_rmse-1.3562, valid_pr-0.6785
2022-11-21 19:08:27 - INFO - epoch-295, train_loss-1.6930, train_rmse-1.3012, valid_rmse-1.3880, valid_pr-0.6766
2022-11-21 19:09:09 - INFO - epoch-296, train_loss-1.6714, train_rmse-1.2928, valid_rmse-1.3736, valid_pr-0.6786
2022-11-21 19:09:51 - INFO - epoch-297, train_loss-1.6927, train_rmse-1.3010, valid_rmse-1.3561, valid_pr-0.6802
2022-11-21 19:10:31 - INFO - epoch-298, train_loss-1.6552, train_rmse-1.2866, valid_rmse-1.3683, valid_pr-0.6796
2022-11-21 19:11:13 - INFO - epoch-299, train_loss-1.6690, train_rmse-1.2919, valid_rmse-1.3667, valid_pr-0.6735
2022-11-21 19:11:54 - INFO - epoch-300, train_loss-1.6656, train_rmse-1.2906, valid_rmse-1.3634, valid_pr-0.6743
2022-11-21 19:12:37 - INFO - epoch-301, train_loss-1.6489, train_rmse-1.2841, valid_rmse-1.3687, valid_pr-0.6854
2022-11-21 19:13:19 - INFO - epoch-302, train_loss-1.6675, train_rmse-1.2913, valid_rmse-1.3620, valid_pr-0.6776
2022-11-21 19:13:59 - INFO - epoch-303, train_loss-1.6597, train_rmse-1.2883, valid_rmse-1.3913, valid_pr-0.6621
2022-11-21 19:14:40 - INFO - epoch-304, train_loss-1.6622, train_rmse-1.2892, valid_rmse-1.3631, valid_pr-0.6778
2022-11-21 19:15:20 - INFO - epoch-305, train_loss-1.6737, train_rmse-1.2937, valid_rmse-1.3657, valid_pr-0.6821
2022-11-21 19:16:01 - INFO - epoch-306, train_loss-1.6701, train_rmse-1.2923, valid_rmse-1.3837, valid_pr-0.6682
2022-11-21 19:16:42 - INFO - epoch-307, train_loss-1.6174, train_rmse-1.2718, valid_rmse-1.3581, valid_pr-0.6867
2022-11-21 19:17:23 - INFO - epoch-308, train_loss-1.6235, train_rmse-1.2742, valid_rmse-1.3565, valid_pr-0.6845
2022-11-21 19:18:06 - INFO - epoch-309, train_loss-1.7113, train_rmse-1.3082, valid_rmse-1.3698, valid_pr-0.6809
2022-11-21 19:18:46 - INFO - epoch-310, train_loss-1.6239, train_rmse-1.2743, valid_rmse-1.3446, valid_pr-0.6855
2022-11-21 19:19:28 - INFO - epoch-311, train_loss-1.6196, train_rmse-1.2726, valid_rmse-1.3621, valid_pr-0.6752
2022-11-21 19:20:09 - INFO - epoch-312, train_loss-1.6564, train_rmse-1.2870, valid_rmse-1.3593, valid_pr-0.6777
2022-11-21 19:20:50 - INFO - epoch-313, train_loss-1.6444, train_rmse-1.2823, valid_rmse-1.3830, valid_pr-0.6765
2022-11-21 19:21:32 - INFO - epoch-314, train_loss-1.6239, train_rmse-1.2743, valid_rmse-1.3853, valid_pr-0.6758
2022-11-21 19:22:13 - INFO - epoch-315, train_loss-1.6108, train_rmse-1.2692, valid_rmse-1.3489, valid_pr-0.6832
2022-11-21 19:22:53 - INFO - epoch-316, train_loss-1.6214, train_rmse-1.2734, valid_rmse-1.3661, valid_pr-0.6762
2022-11-21 19:23:35 - INFO - epoch-317, train_loss-1.6205, train_rmse-1.2730, valid_rmse-1.3528, valid_pr-0.6818
2022-11-21 19:24:17 - INFO - epoch-318, train_loss-1.7317, train_rmse-1.3159, valid_rmse-1.3786, valid_pr-0.6757
2022-11-21 19:24:58 - INFO - epoch-319, train_loss-1.6906, train_rmse-1.3002, valid_rmse-1.3652, valid_pr-0.6778
2022-11-21 19:25:40 - INFO - epoch-320, train_loss-1.7073, train_rmse-1.3067, valid_rmse-1.3591, valid_pr-0.6792
2022-11-21 19:26:21 - INFO - epoch-321, train_loss-1.6591, train_rmse-1.2880, valid_rmse-1.3472, valid_pr-0.6879
2022-11-21 19:27:01 - INFO - epoch-322, train_loss-1.6221, train_rmse-1.2736, valid_rmse-1.3635, valid_pr-0.6795
2022-11-21 19:27:43 - INFO - epoch-323, train_loss-1.6132, train_rmse-1.2701, valid_rmse-1.3590, valid_pr-0.6787
2022-11-21 19:28:25 - INFO - epoch-324, train_loss-1.5989, train_rmse-1.2645, valid_rmse-1.3400, valid_pr-0.6885
2022-11-21 19:29:09 - INFO - epoch-325, train_loss-1.5974, train_rmse-1.2639, valid_rmse-1.3503, valid_pr-0.6832
2022-11-21 19:29:49 - INFO - epoch-326, train_loss-1.6072, train_rmse-1.2677, valid_rmse-1.3905, valid_pr-0.6682
2022-11-21 19:30:37 - INFO - epoch-327, train_loss-1.6397, train_rmse-1.2805, valid_rmse-1.3480, valid_pr-0.6839
2022-11-21 19:31:18 - INFO - epoch-328, train_loss-1.6133, train_rmse-1.2702, valid_rmse-1.3554, valid_pr-0.6804
2022-11-21 19:31:58 - INFO - epoch-329, train_loss-1.5757, train_rmse-1.2553, valid_rmse-1.3349, valid_pr-0.6908
2022-11-21 19:32:39 - INFO - epoch-330, train_loss-1.6206, train_rmse-1.2730, valid_rmse-1.3402, valid_pr-0.6879
2022-11-21 19:33:20 - INFO - epoch-331, train_loss-1.5997, train_rmse-1.2648, valid_rmse-1.3535, valid_pr-0.6854
2022-11-21 19:34:01 - INFO - epoch-332, train_loss-1.5669, train_rmse-1.2517, valid_rmse-1.3602, valid_pr-0.6864
2022-11-21 19:34:44 - INFO - epoch-333, train_loss-1.5746, train_rmse-1.2548, valid_rmse-1.3814, valid_pr-0.6823
2022-11-21 19:35:26 - INFO - epoch-334, train_loss-1.5583, train_rmse-1.2483, valid_rmse-1.3564, valid_pr-0.6790
2022-11-21 19:36:06 - INFO - epoch-335, train_loss-1.5658, train_rmse-1.2513, valid_rmse-1.3897, valid_pr-0.6833
2022-11-21 19:36:45 - INFO - epoch-336, train_loss-1.5954, train_rmse-1.2631, valid_rmse-1.3663, valid_pr-0.6735
2022-11-21 19:37:26 - INFO - epoch-337, train_loss-1.5636, train_rmse-1.2505, valid_rmse-1.3371, valid_pr-0.6908
2022-11-21 19:38:06 - INFO - epoch-338, train_loss-1.5834, train_rmse-1.2583, valid_rmse-1.3445, valid_pr-0.6871
2022-11-21 19:38:49 - INFO - epoch-339, train_loss-1.5469, train_rmse-1.2438, valid_rmse-1.3512, valid_pr-0.6848
2022-11-21 19:39:30 - INFO - epoch-340, train_loss-1.6139, train_rmse-1.2704, valid_rmse-1.3855, valid_pr-0.6843
2022-11-21 19:40:12 - INFO - epoch-341, train_loss-1.5922, train_rmse-1.2618, valid_rmse-1.3610, valid_pr-0.6857
2022-11-21 19:40:54 - INFO - epoch-342, train_loss-1.5860, train_rmse-1.2594, valid_rmse-1.3487, valid_pr-0.6874
2022-11-21 19:41:35 - INFO - epoch-343, train_loss-1.5687, train_rmse-1.2525, valid_rmse-1.3712, valid_pr-0.6763
2022-11-21 19:42:17 - INFO - epoch-344, train_loss-1.5342, train_rmse-1.2386, valid_rmse-1.3525, valid_pr-0.6867
2022-11-21 19:42:57 - INFO - epoch-345, train_loss-1.5582, train_rmse-1.2483, valid_rmse-1.3626, valid_pr-0.6838
2022-11-21 19:43:37 - INFO - epoch-346, train_loss-1.5598, train_rmse-1.2489, valid_rmse-1.3294, valid_pr-0.6945
2022-11-21 19:44:19 - INFO - epoch-347, train_loss-1.5438, train_rmse-1.2425, valid_rmse-1.3676, valid_pr-0.6832
2022-11-21 19:45:01 - INFO - epoch-348, train_loss-1.5593, train_rmse-1.2487, valid_rmse-1.3462, valid_pr-0.6915
2022-11-21 19:45:42 - INFO - epoch-349, train_loss-1.5518, train_rmse-1.2457, valid_rmse-1.3570, valid_pr-0.6814
2022-11-21 19:46:21 - INFO - epoch-350, train_loss-1.5417, train_rmse-1.2416, valid_rmse-1.3588, valid_pr-0.6815
2022-11-21 19:47:03 - INFO - epoch-351, train_loss-1.5576, train_rmse-1.2480, valid_rmse-1.3818, valid_pr-0.6816
2022-11-21 19:47:44 - INFO - epoch-352, train_loss-1.6648, train_rmse-1.2903, valid_rmse-1.4322, valid_pr-0.6326
2022-11-21 19:48:26 - INFO - epoch-353, train_loss-1.7847, train_rmse-1.3359, valid_rmse-1.3544, valid_pr-0.6806
2022-11-21 19:49:06 - INFO - epoch-354, train_loss-1.6301, train_rmse-1.2767, valid_rmse-1.3654, valid_pr-0.6811
2022-11-21 19:49:47 - INFO - epoch-355, train_loss-1.5592, train_rmse-1.2487, valid_rmse-1.3409, valid_pr-0.6890
2022-11-21 19:50:30 - INFO - epoch-356, train_loss-1.5711, train_rmse-1.2534, valid_rmse-1.3399, valid_pr-0.6883
2022-11-21 19:51:09 - INFO - epoch-357, train_loss-1.5379, train_rmse-1.2401, valid_rmse-1.3325, valid_pr-0.6931
2022-11-21 19:51:51 - INFO - epoch-358, train_loss-1.5467, train_rmse-1.2437, valid_rmse-1.3757, valid_pr-0.6873
2022-11-21 19:52:31 - INFO - epoch-359, train_loss-1.5269, train_rmse-1.2357, valid_rmse-1.3535, valid_pr-0.6849
2022-11-21 19:53:10 - INFO - epoch-360, train_loss-1.5108, train_rmse-1.2291, valid_rmse-1.3411, valid_pr-0.6882
2022-11-21 19:53:51 - INFO - epoch-361, train_loss-1.5303, train_rmse-1.2371, valid_rmse-1.3449, valid_pr-0.6933
2022-11-21 19:54:32 - INFO - epoch-362, train_loss-1.5519, train_rmse-1.2457, valid_rmse-1.3460, valid_pr-0.6870
2022-11-21 19:55:11 - INFO - epoch-363, train_loss-1.5277, train_rmse-1.2360, valid_rmse-1.3541, valid_pr-0.6821
2022-11-21 19:55:52 - INFO - epoch-364, train_loss-1.5131, train_rmse-1.2301, valid_rmse-1.3618, valid_pr-0.6830
2022-11-21 19:56:33 - INFO - epoch-365, train_loss-1.5251, train_rmse-1.2349, valid_rmse-1.3529, valid_pr-0.6827
2022-11-21 19:57:12 - INFO - epoch-366, train_loss-1.5282, train_rmse-1.2362, valid_rmse-1.3399, valid_pr-0.6882
2022-11-21 19:57:52 - INFO - epoch-367, train_loss-1.4859, train_rmse-1.2190, valid_rmse-1.3470, valid_pr-0.6843
2022-11-21 19:58:31 - INFO - epoch-368, train_loss-1.5031, train_rmse-1.2260, valid_rmse-1.3478, valid_pr-0.6879
2022-11-21 19:59:12 - INFO - epoch-369, train_loss-1.5155, train_rmse-1.2310, valid_rmse-1.3642, valid_pr-0.6997
2022-11-21 19:59:51 - INFO - epoch-370, train_loss-1.5183, train_rmse-1.2322, valid_rmse-1.3391, valid_pr-0.6948
2022-11-21 20:00:32 - INFO - epoch-371, train_loss-1.5167, train_rmse-1.2315, valid_rmse-1.3576, valid_pr-0.6852
2022-11-21 20:01:14 - INFO - epoch-372, train_loss-1.4984, train_rmse-1.2241, valid_rmse-1.3571, valid_pr-0.6896
2022-11-21 20:01:55 - INFO - epoch-373, train_loss-1.4947, train_rmse-1.2226, valid_rmse-1.3554, valid_pr-0.6964
2022-11-21 20:02:37 - INFO - epoch-374, train_loss-1.4827, train_rmse-1.2177, valid_rmse-1.3780, valid_pr-0.6881
2022-11-21 20:03:18 - INFO - epoch-375, train_loss-1.4951, train_rmse-1.2227, valid_rmse-1.3599, valid_pr-0.6767
2022-11-21 20:04:00 - INFO - epoch-376, train_loss-1.5334, train_rmse-1.2383, valid_rmse-1.3792, valid_pr-0.6910
2022-11-21 20:04:43 - INFO - epoch-377, train_loss-1.4933, train_rmse-1.2220, valid_rmse-1.3220, valid_pr-0.6996
2022-11-21 20:05:25 - INFO - epoch-378, train_loss-1.4829, train_rmse-1.2177, valid_rmse-1.3291, valid_pr-0.6950
2022-11-21 20:06:07 - INFO - epoch-379, train_loss-1.4883, train_rmse-1.2200, valid_rmse-1.3401, valid_pr-0.6897
2022-11-21 20:06:49 - INFO - epoch-380, train_loss-1.5190, train_rmse-1.2325, valid_rmse-1.3393, valid_pr-0.6912
2022-11-21 20:07:30 - INFO - epoch-381, train_loss-1.4832, train_rmse-1.2179, valid_rmse-1.3376, valid_pr-0.6930
2022-11-21 20:08:10 - INFO - epoch-382, train_loss-1.4628, train_rmse-1.2094, valid_rmse-1.3575, valid_pr-0.7009
2022-11-21 20:08:51 - INFO - epoch-383, train_loss-1.4673, train_rmse-1.2113, valid_rmse-1.3372, valid_pr-0.6897
2022-11-21 20:09:33 - INFO - epoch-384, train_loss-1.4728, train_rmse-1.2136, valid_rmse-1.3392, valid_pr-0.6978
2022-11-21 20:10:13 - INFO - epoch-385, train_loss-1.4963, train_rmse-1.2232, valid_rmse-1.3721, valid_pr-0.6942
2022-11-21 20:10:55 - INFO - epoch-386, train_loss-1.4896, train_rmse-1.2205, valid_rmse-1.3667, valid_pr-0.6902
2022-11-21 20:11:35 - INFO - epoch-387, train_loss-1.4609, train_rmse-1.2087, valid_rmse-1.3370, valid_pr-0.6903
2022-11-21 20:12:16 - INFO - epoch-388, train_loss-1.4735, train_rmse-1.2139, valid_rmse-1.3431, valid_pr-0.6864
2022-11-21 20:12:56 - INFO - epoch-389, train_loss-1.4501, train_rmse-1.2042, valid_rmse-1.3351, valid_pr-0.6936
2022-11-21 20:13:36 - INFO - epoch-390, train_loss-1.4493, train_rmse-1.2039, valid_rmse-1.3456, valid_pr-0.6876
2022-11-21 20:14:17 - INFO - epoch-391, train_loss-1.4670, train_rmse-1.2112, valid_rmse-1.3300, valid_pr-0.6949
2022-11-21 20:14:57 - INFO - epoch-392, train_loss-1.4825, train_rmse-1.2176, valid_rmse-1.3617, valid_pr-0.6967
2022-11-21 20:15:39 - INFO - epoch-393, train_loss-1.4396, train_rmse-1.1998, valid_rmse-1.3264, valid_pr-0.6957
2022-11-21 20:16:22 - INFO - epoch-394, train_loss-1.4363, train_rmse-1.1985, valid_rmse-1.3348, valid_pr-0.6934
2022-11-21 20:17:02 - INFO - epoch-395, train_loss-1.4478, train_rmse-1.2032, valid_rmse-1.3759, valid_pr-0.6767
2022-11-21 20:17:42 - INFO - epoch-396, train_loss-1.4578, train_rmse-1.2074, valid_rmse-1.3422, valid_pr-0.6875
2022-11-21 20:18:23 - INFO - epoch-397, train_loss-1.4253, train_rmse-1.1939, valid_rmse-1.3394, valid_pr-0.6968
2022-11-21 20:19:04 - INFO - epoch-398, train_loss-1.4409, train_rmse-1.2004, valid_rmse-1.3340, valid_pr-0.6913
2022-11-21 20:19:44 - INFO - epoch-399, train_loss-1.4157, train_rmse-1.1898, valid_rmse-1.3264, valid_pr-0.6962
2022-11-21 20:20:24 - INFO - epoch-400, train_loss-1.4633, train_rmse-1.2097, valid_rmse-1.3523, valid_pr-0.6885
2022-11-21 20:21:05 - INFO - epoch-401, train_loss-1.4521, train_rmse-1.2050, valid_rmse-1.3511, valid_pr-0.6937
2022-11-21 20:21:46 - INFO - epoch-402, train_loss-1.4330, train_rmse-1.1971, valid_rmse-1.3338, valid_pr-0.6958
2022-11-21 20:22:27 - INFO - epoch-403, train_loss-1.4339, train_rmse-1.1974, valid_rmse-1.3522, valid_pr-0.6930
2022-11-21 20:23:08 - INFO - epoch-404, train_loss-1.4216, train_rmse-1.1923, valid_rmse-1.3203, valid_pr-0.7007
2022-11-21 20:23:49 - INFO - epoch-405, train_loss-1.4093, train_rmse-1.1871, valid_rmse-1.3289, valid_pr-0.6988
2022-11-21 20:24:28 - INFO - epoch-406, train_loss-1.4064, train_rmse-1.1859, valid_rmse-1.3344, valid_pr-0.6917
2022-11-21 20:25:08 - INFO - epoch-407, train_loss-1.4099, train_rmse-1.1874, valid_rmse-1.3385, valid_pr-0.6944
2022-11-21 20:25:49 - INFO - epoch-408, train_loss-1.4091, train_rmse-1.1871, valid_rmse-1.3242, valid_pr-0.6968
2022-11-21 20:26:30 - INFO - epoch-409, train_loss-1.4064, train_rmse-1.1859, valid_rmse-1.3441, valid_pr-0.6917
2022-11-21 20:27:10 - INFO - epoch-410, train_loss-1.4382, train_rmse-1.1993, valid_rmse-1.3338, valid_pr-0.6939
2022-11-21 20:27:51 - INFO - epoch-411, train_loss-1.4372, train_rmse-1.1988, valid_rmse-1.3401, valid_pr-0.6922
2022-11-21 20:28:32 - INFO - epoch-412, train_loss-1.4097, train_rmse-1.1873, valid_rmse-1.3725, valid_pr-0.6940
2022-11-21 20:29:12 - INFO - epoch-413, train_loss-1.4272, train_rmse-1.1947, valid_rmse-1.3222, valid_pr-0.6999
2022-11-21 20:29:56 - INFO - epoch-414, train_loss-1.3961, train_rmse-1.1816, valid_rmse-1.3224, valid_pr-0.6992
2022-11-21 20:30:36 - INFO - epoch-415, train_loss-1.4058, train_rmse-1.1857, valid_rmse-1.3398, valid_pr-0.6964
2022-11-21 20:31:17 - INFO - epoch-416, train_loss-1.3729, train_rmse-1.1717, valid_rmse-1.3371, valid_pr-0.6903
2022-11-21 20:31:57 - INFO - epoch-417, train_loss-1.3887, train_rmse-1.1785, valid_rmse-1.3232, valid_pr-0.7011
2022-11-21 20:32:37 - INFO - epoch-418, train_loss-1.3764, train_rmse-1.1732, valid_rmse-1.3151, valid_pr-0.7042
2022-11-21 20:33:18 - INFO - epoch-419, train_loss-1.3854, train_rmse-1.1770, valid_rmse-1.3556, valid_pr-0.6927
2022-11-21 20:34:00 - INFO - epoch-420, train_loss-1.4109, train_rmse-1.1878, valid_rmse-1.3308, valid_pr-0.6967
2022-11-21 20:34:42 - INFO - epoch-421, train_loss-1.3802, train_rmse-1.1748, valid_rmse-1.3236, valid_pr-0.6984
2022-11-21 20:35:27 - INFO - epoch-422, train_loss-1.4380, train_rmse-1.1992, valid_rmse-1.3790, valid_pr-0.6677
2022-11-21 20:36:10 - INFO - epoch-423, train_loss-1.5190, train_rmse-1.2325, valid_rmse-1.3487, valid_pr-0.6908
2022-11-21 20:37:00 - INFO - epoch-424, train_loss-1.4284, train_rmse-1.1952, valid_rmse-1.3529, valid_pr-0.6934
2022-11-21 20:37:42 - INFO - epoch-425, train_loss-1.3942, train_rmse-1.1808, valid_rmse-1.3490, valid_pr-0.6886
2022-11-21 20:38:45 - INFO - epoch-426, train_loss-1.4094, train_rmse-1.1872, valid_rmse-1.4152, valid_pr-0.6867
2022-11-21 20:39:27 - INFO - epoch-427, train_loss-1.4276, train_rmse-1.1948, valid_rmse-1.3410, valid_pr-0.6878
2022-11-21 20:40:26 - INFO - epoch-428, train_loss-1.3898, train_rmse-1.1789, valid_rmse-1.3391, valid_pr-0.6945
2022-11-21 20:41:08 - INFO - epoch-429, train_loss-1.3688, train_rmse-1.1699, valid_rmse-1.3278, valid_pr-0.6950
2022-11-21 20:41:56 - INFO - epoch-430, train_loss-1.3597, train_rmse-1.1661, valid_rmse-1.3296, valid_pr-0.6974
2022-11-21 20:42:39 - INFO - epoch-431, train_loss-1.3650, train_rmse-1.1683, valid_rmse-1.3255, valid_pr-0.6983
2022-11-21 20:43:22 - INFO - epoch-432, train_loss-1.3956, train_rmse-1.1814, valid_rmse-1.3530, valid_pr-0.6840
2022-11-21 20:44:13 - INFO - epoch-433, train_loss-1.3674, train_rmse-1.1694, valid_rmse-1.3506, valid_pr-0.6882
2022-11-21 20:44:56 - INFO - epoch-434, train_loss-1.3655, train_rmse-1.1686, valid_rmse-1.3371, valid_pr-0.6931
2022-11-21 20:45:40 - INFO - epoch-435, train_loss-1.3573, train_rmse-1.1650, valid_rmse-1.3539, valid_pr-0.6904
2022-11-21 20:46:21 - INFO - epoch-436, train_loss-1.3832, train_rmse-1.1761, valid_rmse-1.3019, valid_pr-0.7103
2022-11-21 20:47:03 - INFO - epoch-437, train_loss-1.3691, train_rmse-1.1701, valid_rmse-1.3342, valid_pr-0.6952
2022-11-21 20:47:45 - INFO - epoch-438, train_loss-1.3455, train_rmse-1.1600, valid_rmse-1.3346, valid_pr-0.6945
2022-11-21 20:48:25 - INFO - epoch-439, train_loss-1.3552, train_rmse-1.1641, valid_rmse-1.3418, valid_pr-0.6929
2022-11-21 20:49:05 - INFO - epoch-440, train_loss-1.3381, train_rmse-1.1568, valid_rmse-1.3242, valid_pr-0.6997
2022-11-21 20:49:47 - INFO - epoch-441, train_loss-1.3337, train_rmse-1.1549, valid_rmse-1.3248, valid_pr-0.6987
2022-11-21 20:50:28 - INFO - epoch-442, train_loss-1.3609, train_rmse-1.1666, valid_rmse-1.3106, valid_pr-0.7053
2022-11-21 20:51:09 - INFO - epoch-443, train_loss-1.3181, train_rmse-1.1481, valid_rmse-1.3098, valid_pr-0.7057
2022-11-21 20:51:52 - INFO - epoch-444, train_loss-1.3320, train_rmse-1.1541, valid_rmse-1.3369, valid_pr-0.6927
2022-11-21 20:52:33 - INFO - epoch-445, train_loss-1.3186, train_rmse-1.1483, valid_rmse-1.3290, valid_pr-0.6958
2022-11-21 20:53:14 - INFO - epoch-446, train_loss-1.3084, train_rmse-1.1439, valid_rmse-1.3324, valid_pr-0.6995
2022-11-21 20:53:55 - INFO - epoch-447, train_loss-1.3270, train_rmse-1.1520, valid_rmse-1.3309, valid_pr-0.6967
2022-11-21 20:54:37 - INFO - epoch-448, train_loss-1.3357, train_rmse-1.1557, valid_rmse-1.3556, valid_pr-0.6874
2022-11-21 20:55:19 - INFO - epoch-449, train_loss-1.3317, train_rmse-1.1540, valid_rmse-1.3392, valid_pr-0.6909
2022-11-21 20:56:02 - INFO - epoch-450, train_loss-1.3422, train_rmse-1.1585, valid_rmse-1.3347, valid_pr-0.6928
2022-11-21 20:56:43 - INFO - epoch-451, train_loss-1.3223, train_rmse-1.1499, valid_rmse-1.3307, valid_pr-0.6996
2022-11-21 20:57:27 - INFO - epoch-452, train_loss-1.3399, train_rmse-1.1575, valid_rmse-1.3398, valid_pr-0.6964
2022-11-21 20:58:08 - INFO - epoch-453, train_loss-1.3160, train_rmse-1.1472, valid_rmse-1.4036, valid_pr-0.6851
2022-11-21 20:58:50 - INFO - epoch-454, train_loss-1.3117, train_rmse-1.1453, valid_rmse-1.3364, valid_pr-0.6911
2022-11-21 20:59:33 - INFO - epoch-455, train_loss-1.3247, train_rmse-1.1509, valid_rmse-1.3447, valid_pr-0.6873
2022-11-21 21:00:14 - INFO - epoch-456, train_loss-1.3483, train_rmse-1.1612, valid_rmse-1.3285, valid_pr-0.6976
2022-11-21 21:00:55 - INFO - epoch-457, train_loss-1.2954, train_rmse-1.1382, valid_rmse-1.3327, valid_pr-0.6944
2022-11-21 21:01:36 - INFO - epoch-458, train_loss-1.2817, train_rmse-1.1321, valid_rmse-1.3541, valid_pr-0.6928
2022-11-21 21:02:16 - INFO - epoch-459, train_loss-1.3100, train_rmse-1.1446, valid_rmse-1.3511, valid_pr-0.6845
2022-11-21 21:02:57 - INFO - epoch-460, train_loss-1.3288, train_rmse-1.1527, valid_rmse-1.3198, valid_pr-0.7010
2022-11-21 21:03:39 - INFO - epoch-461, train_loss-1.2872, train_rmse-1.1346, valid_rmse-1.3154, valid_pr-0.7053
2022-11-21 21:04:21 - INFO - epoch-462, train_loss-1.2930, train_rmse-1.1371, valid_rmse-1.3331, valid_pr-0.6950
2022-11-21 21:05:02 - INFO - epoch-463, train_loss-1.2678, train_rmse-1.1260, valid_rmse-1.3101, valid_pr-0.7050
2022-11-21 21:05:43 - INFO - epoch-464, train_loss-1.2770, train_rmse-1.1301, valid_rmse-1.3292, valid_pr-0.6999
2022-11-21 21:06:24 - INFO - epoch-465, train_loss-1.2969, train_rmse-1.1388, valid_rmse-1.3270, valid_pr-0.6963
2022-11-21 21:07:05 - INFO - epoch-466, train_loss-1.2908, train_rmse-1.1361, valid_rmse-1.3282, valid_pr-0.6962
2022-11-21 21:07:49 - INFO - epoch-467, train_loss-1.2967, train_rmse-1.1387, valid_rmse-1.3214, valid_pr-0.7044
2022-11-21 21:08:32 - INFO - epoch-468, train_loss-1.2764, train_rmse-1.1298, valid_rmse-1.3591, valid_pr-0.6881
2022-11-21 21:09:25 - INFO - epoch-469, train_loss-1.2565, train_rmse-1.1209, valid_rmse-1.3297, valid_pr-0.6944
2022-11-21 21:10:13 - INFO - epoch-470, train_loss-1.2677, train_rmse-1.1259, valid_rmse-1.3524, valid_pr-0.6910
2022-11-21 21:10:58 - INFO - epoch-471, train_loss-1.2776, train_rmse-1.1303, valid_rmse-1.3179, valid_pr-0.7022
2022-11-21 21:11:49 - INFO - epoch-472, train_loss-1.2852, train_rmse-1.1336, valid_rmse-1.3646, valid_pr-0.6911
2022-11-21 21:12:41 - INFO - epoch-473, train_loss-1.2703, train_rmse-1.1271, valid_rmse-1.3359, valid_pr-0.6968
2022-11-21 21:13:26 - INFO - epoch-474, train_loss-1.2661, train_rmse-1.1252, valid_rmse-1.3112, valid_pr-0.7054
2022-11-21 21:14:07 - INFO - epoch-475, train_loss-1.3067, train_rmse-1.1431, valid_rmse-1.3179, valid_pr-0.7016
2022-11-21 21:14:51 - INFO - epoch-476, train_loss-1.2597, train_rmse-1.1224, valid_rmse-1.3418, valid_pr-0.7072
2022-11-21 21:15:33 - INFO - epoch-477, train_loss-1.2799, train_rmse-1.1313, valid_rmse-1.3292, valid_pr-0.6955
2022-11-21 21:16:16 - INFO - epoch-478, train_loss-1.2572, train_rmse-1.1213, valid_rmse-1.3412, valid_pr-0.6983
2022-11-21 21:17:02 - INFO - epoch-479, train_loss-1.2365, train_rmse-1.1120, valid_rmse-1.3415, valid_pr-0.6981
2022-11-21 21:17:43 - INFO - epoch-480, train_loss-1.2246, train_rmse-1.1066, valid_rmse-1.3317, valid_pr-0.6997
2022-11-21 21:18:30 - INFO - epoch-481, train_loss-1.2482, train_rmse-1.1172, valid_rmse-1.3094, valid_pr-0.7110
2022-11-21 21:19:12 - INFO - epoch-482, train_loss-1.2575, train_rmse-1.1214, valid_rmse-1.3456, valid_pr-0.7009
2022-11-21 21:19:53 - INFO - epoch-483, train_loss-1.2605, train_rmse-1.1227, valid_rmse-1.3299, valid_pr-0.6995
2022-11-21 21:20:35 - INFO - epoch-484, train_loss-1.2511, train_rmse-1.1185, valid_rmse-1.3466, valid_pr-0.6924
2022-11-21 21:21:17 - INFO - epoch-485, train_loss-1.2451, train_rmse-1.1159, valid_rmse-1.3454, valid_pr-0.6903
2022-11-21 21:22:00 - INFO - epoch-486, train_loss-1.2385, train_rmse-1.1129, valid_rmse-1.3178, valid_pr-0.7025
2022-11-21 21:22:41 - INFO - epoch-487, train_loss-1.2203, train_rmse-1.1047, valid_rmse-1.3261, valid_pr-0.6982
2022-11-21 21:23:27 - INFO - epoch-488, train_loss-1.2524, train_rmse-1.1191, valid_rmse-1.3197, valid_pr-0.7029
2022-11-21 21:24:09 - INFO - epoch-489, train_loss-1.2209, train_rmse-1.1050, valid_rmse-1.3366, valid_pr-0.7019
2022-11-21 21:24:54 - INFO - epoch-490, train_loss-1.2334, train_rmse-1.1106, valid_rmse-1.3392, valid_pr-0.6921
2022-11-21 21:25:39 - INFO - epoch-491, train_loss-1.2231, train_rmse-1.1059, valid_rmse-1.3297, valid_pr-0.6961
2022-11-21 21:26:20 - INFO - epoch-492, train_loss-1.2655, train_rmse-1.1249, valid_rmse-1.3738, valid_pr-0.6888
2022-11-21 21:27:00 - INFO - epoch-493, train_loss-1.2562, train_rmse-1.1208, valid_rmse-1.3051, valid_pr-0.7080
2022-11-21 21:27:42 - INFO - epoch-494, train_loss-1.2260, train_rmse-1.1072, valid_rmse-1.3416, valid_pr-0.6911
2022-11-21 21:28:26 - INFO - epoch-495, train_loss-1.2304, train_rmse-1.1092, valid_rmse-1.3286, valid_pr-0.6962
2022-11-21 21:29:05 - INFO - epoch-496, train_loss-1.1903, train_rmse-1.0910, valid_rmse-1.3458, valid_pr-0.7055
2022-11-21 21:29:47 - INFO - epoch-497, train_loss-1.1950, train_rmse-1.0931, valid_rmse-1.3325, valid_pr-0.7015
2022-11-21 21:30:29 - INFO - epoch-498, train_loss-1.2097, train_rmse-1.0999, valid_rmse-1.3130, valid_pr-0.7106
2022-11-21 21:31:10 - INFO - epoch-499, train_loss-1.2189, train_rmse-1.1040, valid_rmse-1.3243, valid_pr-0.6999
2022-11-21 21:31:56 - INFO - epoch-500, train_loss-1.1993, train_rmse-1.0951, valid_rmse-1.3421, valid_pr-0.6963
2022-11-21 21:32:40 - INFO - epoch-501, train_loss-1.2222, train_rmse-1.1055, valid_rmse-1.3168, valid_pr-0.7028
2022-11-21 21:33:24 - INFO - epoch-502, train_loss-1.1793, train_rmse-1.0859, valid_rmse-1.3393, valid_pr-0.6908
2022-11-21 21:34:05 - INFO - epoch-503, train_loss-1.2261, train_rmse-1.1073, valid_rmse-1.3166, valid_pr-0.7026
2022-11-21 21:34:54 - INFO - epoch-504, train_loss-1.1926, train_rmse-1.0921, valid_rmse-1.3371, valid_pr-0.6982
2022-11-21 21:35:36 - INFO - epoch-505, train_loss-1.2148, train_rmse-1.1022, valid_rmse-1.3386, valid_pr-0.7007
2022-11-21 21:36:16 - INFO - epoch-506, train_loss-1.1855, train_rmse-1.0888, valid_rmse-1.3525, valid_pr-0.6962
2022-11-21 21:36:57 - INFO - epoch-507, train_loss-1.1879, train_rmse-1.0899, valid_rmse-1.3737, valid_pr-0.6932
2022-11-21 21:37:38 - INFO - epoch-508, train_loss-1.1983, train_rmse-1.0947, valid_rmse-1.3278, valid_pr-0.6989
2022-11-21 21:38:20 - INFO - epoch-509, train_loss-1.2402, train_rmse-1.1137, valid_rmse-1.3200, valid_pr-0.7036
2022-11-21 21:39:03 - INFO - epoch-510, train_loss-1.1776, train_rmse-1.0852, valid_rmse-1.3186, valid_pr-0.7063
2022-11-21 21:39:46 - INFO - epoch-511, train_loss-1.1934, train_rmse-1.0924, valid_rmse-1.3249, valid_pr-0.7024
2022-11-21 21:40:28 - INFO - epoch-512, train_loss-1.1699, train_rmse-1.0816, valid_rmse-1.3415, valid_pr-0.7024
2022-11-21 21:41:13 - INFO - epoch-513, train_loss-1.1715, train_rmse-1.0824, valid_rmse-1.3211, valid_pr-0.7044
2022-11-21 21:41:55 - INFO - epoch-514, train_loss-1.1666, train_rmse-1.0801, valid_rmse-1.3213, valid_pr-0.6998
2022-11-21 21:42:40 - INFO - epoch-515, train_loss-1.1687, train_rmse-1.0811, valid_rmse-1.3255, valid_pr-0.7046
2022-11-21 21:43:22 - INFO - epoch-516, train_loss-1.1704, train_rmse-1.0818, valid_rmse-1.3424, valid_pr-0.7025
2022-11-21 21:44:04 - INFO - epoch-517, train_loss-1.1958, train_rmse-1.0935, valid_rmse-1.3142, valid_pr-0.7052
2022-11-21 21:44:46 - INFO - epoch-518, train_loss-1.1686, train_rmse-1.0810, valid_rmse-1.3434, valid_pr-0.6976
2022-11-21 21:45:31 - INFO - epoch-519, train_loss-1.1655, train_rmse-1.0796, valid_rmse-1.3186, valid_pr-0.7048
2022-11-21 21:46:15 - INFO - epoch-520, train_loss-1.1768, train_rmse-1.0848, valid_rmse-1.3518, valid_pr-0.6925
2022-11-21 21:46:56 - INFO - epoch-521, train_loss-1.2032, train_rmse-1.0969, valid_rmse-1.3493, valid_pr-0.6866
2022-11-21 21:47:41 - INFO - epoch-522, train_loss-1.2518, train_rmse-1.1188, valid_rmse-1.3539, valid_pr-0.6984
2022-11-21 21:48:28 - INFO - epoch-523, train_loss-1.1842, train_rmse-1.0882, valid_rmse-1.3253, valid_pr-0.7007
2022-11-21 21:49:13 - INFO - epoch-524, train_loss-1.1462, train_rmse-1.0706, valid_rmse-1.3229, valid_pr-0.7072
2022-11-21 21:49:58 - INFO - epoch-525, train_loss-1.1477, train_rmse-1.0713, valid_rmse-1.3163, valid_pr-0.7052
2022-11-21 21:50:40 - INFO - epoch-526, train_loss-1.1184, train_rmse-1.0575, valid_rmse-1.3053, valid_pr-0.7107
2022-11-21 21:51:20 - INFO - epoch-527, train_loss-1.1385, train_rmse-1.0670, valid_rmse-1.3295, valid_pr-0.7094
2022-11-21 21:52:02 - INFO - epoch-528, train_loss-1.1514, train_rmse-1.0730, valid_rmse-1.3167, valid_pr-0.7039
2022-11-21 21:52:45 - INFO - epoch-529, train_loss-1.1271, train_rmse-1.0617, valid_rmse-1.3228, valid_pr-0.7016
2022-11-21 21:53:27 - INFO - epoch-530, train_loss-1.1427, train_rmse-1.0690, valid_rmse-1.3203, valid_pr-0.7040
2022-11-21 21:54:09 - INFO - epoch-531, train_loss-1.1321, train_rmse-1.0640, valid_rmse-1.3363, valid_pr-0.7017
2022-11-21 21:54:53 - INFO - epoch-532, train_loss-1.1173, train_rmse-1.0570, valid_rmse-1.3179, valid_pr-0.7058
2022-11-21 21:55:36 - INFO - epoch-533, train_loss-1.1552, train_rmse-1.0748, valid_rmse-1.3284, valid_pr-0.6992
2022-11-21 21:56:16 - INFO - epoch-534, train_loss-1.1246, train_rmse-1.0605, valid_rmse-1.3150, valid_pr-0.7070
2022-11-21 21:56:56 - INFO - epoch-535, train_loss-1.1508, train_rmse-1.0727, valid_rmse-1.3560, valid_pr-0.7024
2022-11-21 21:57:36 - INFO - epoch-536, train_loss-1.1328, train_rmse-1.0643, valid_rmse-1.3254, valid_pr-0.7012
2022-11-21 21:58:16 - INFO - epoch-537, train_loss-1.1644, train_rmse-1.0791, valid_rmse-1.3446, valid_pr-0.7056
2022-11-21 21:58:16 - INFO - early stop in epoch 537
2022-11-21 21:58:16 - INFO - best_rmse: 1.3019
2022-11-21 21:59:00 - INFO - valid_rmse-1.3041, valid_pr-0.7093, test2013_rmse-1.6290, test2013_pr-0.7208, test2016_rmse-1.3977, test2016_pr-0.7700, test2019_rmse-1.4500, test2019_pr-0.6184,
