2022-11-21 09:57:52 - INFO - /home/yangziduo/project/drug/GIGN_git/train_GIGN.py
2022-11-21 09:57:52 - INFO - train data: 11904
2022-11-21 09:57:52 - INFO - valid data: 1000
2022-11-21 09:57:52 - INFO - test2013 data: 107
2022-11-21 09:57:52 - INFO - test2016 data: 285
2022-11-21 09:57:52 - INFO - test2019 data: 4366
2022-11-21 09:57:59 - INFO - epoch-0, train_loss-40.3664, train_rmse-6.3535, valid_rmse-5.4177, valid_pr-0.4311
2022-11-21 09:58:06 - INFO - epoch-1, train_loss-24.4949, train_rmse-4.9492, valid_rmse-3.2623, valid_pr-0.4077
2022-11-21 09:58:13 - INFO - epoch-2, train_loss-7.3677, train_rmse-2.7144, valid_rmse-1.7409, valid_pr-0.5174
2022-11-21 09:58:20 - INFO - epoch-3, train_loss-3.3316, train_rmse-1.8253, valid_rmse-1.4710, valid_pr-0.6047
2022-11-21 09:58:27 - INFO - epoch-4, train_loss-2.8807, train_rmse-1.6973, valid_rmse-1.5239, valid_pr-0.5716
2022-11-21 09:58:34 - INFO - epoch-5, train_loss-2.8989, train_rmse-1.7026, valid_rmse-1.4490, valid_pr-0.6284
2022-11-21 09:58:41 - INFO - epoch-6, train_loss-2.6747, train_rmse-1.6355, valid_rmse-1.4942, valid_pr-0.6232
2022-11-21 09:58:48 - INFO - epoch-7, train_loss-2.6329, train_rmse-1.6226, valid_rmse-1.5141, valid_pr-0.5826
2022-11-21 09:58:55 - INFO - epoch-8, train_loss-2.5443, train_rmse-1.5951, valid_rmse-1.5107, valid_pr-0.6154
2022-11-21 09:59:02 - INFO - epoch-9, train_loss-2.4716, train_rmse-1.5721, valid_rmse-1.4901, valid_pr-0.6091
2022-11-21 09:59:09 - INFO - epoch-10, train_loss-2.4870, train_rmse-1.5770, valid_rmse-1.4086, valid_pr-0.6598
2022-11-21 09:59:16 - INFO - epoch-11, train_loss-2.3332, train_rmse-1.5275, valid_rmse-1.4426, valid_pr-0.6598
2022-11-21 09:59:23 - INFO - epoch-12, train_loss-2.3288, train_rmse-1.5260, valid_rmse-1.3976, valid_pr-0.6677
2022-11-21 09:59:30 - INFO - epoch-13, train_loss-2.2589, train_rmse-1.5030, valid_rmse-1.4149, valid_pr-0.6686
2022-11-21 09:59:38 - INFO - epoch-14, train_loss-2.2173, train_rmse-1.4891, valid_rmse-1.3602, valid_pr-0.6805
2022-11-21 09:59:45 - INFO - epoch-15, train_loss-2.1974, train_rmse-1.4824, valid_rmse-1.3593, valid_pr-0.6805
2022-11-21 09:59:52 - INFO - epoch-16, train_loss-2.1889, train_rmse-1.4795, valid_rmse-1.3305, valid_pr-0.6970
2022-11-21 09:59:59 - INFO - epoch-17, train_loss-2.1144, train_rmse-1.4541, valid_rmse-1.2917, valid_pr-0.7159
2022-11-21 10:00:06 - INFO - epoch-18, train_loss-2.0768, train_rmse-1.4411, valid_rmse-1.3313, valid_pr-0.6992
2022-11-21 10:00:13 - INFO - epoch-19, train_loss-1.9720, train_rmse-1.4043, valid_rmse-1.3017, valid_pr-0.7131
2022-11-21 10:00:20 - INFO - epoch-20, train_loss-1.9480, train_rmse-1.3957, valid_rmse-1.3052, valid_pr-0.7092
2022-11-21 10:00:27 - INFO - epoch-21, train_loss-1.8889, train_rmse-1.3744, valid_rmse-1.3548, valid_pr-0.6882
2022-11-21 10:00:34 - INFO - epoch-22, train_loss-1.8617, train_rmse-1.3645, valid_rmse-1.3292, valid_pr-0.7027
2022-11-21 10:00:41 - INFO - epoch-23, train_loss-1.8005, train_rmse-1.3418, valid_rmse-1.3905, valid_pr-0.6653
2022-11-21 10:00:48 - INFO - epoch-24, train_loss-1.7540, train_rmse-1.3244, valid_rmse-1.2959, valid_pr-0.7258
2022-11-21 10:00:55 - INFO - epoch-25, train_loss-1.7309, train_rmse-1.3156, valid_rmse-1.3177, valid_pr-0.7096
2022-11-21 10:01:02 - INFO - epoch-26, train_loss-1.6997, train_rmse-1.3037, valid_rmse-1.3170, valid_pr-0.7136
2022-11-21 10:01:08 - INFO - epoch-27, train_loss-1.6345, train_rmse-1.2785, valid_rmse-1.3374, valid_pr-0.7140
2022-11-21 10:01:15 - INFO - epoch-28, train_loss-1.6441, train_rmse-1.2822, valid_rmse-1.3174, valid_pr-0.7115
2022-11-21 10:01:23 - INFO - epoch-29, train_loss-1.6178, train_rmse-1.2719, valid_rmse-1.3331, valid_pr-0.6981
2022-11-21 10:01:30 - INFO - epoch-30, train_loss-1.5478, train_rmse-1.2441, valid_rmse-1.3099, valid_pr-0.7136
2022-11-21 10:01:36 - INFO - epoch-31, train_loss-1.5334, train_rmse-1.2383, valid_rmse-1.2991, valid_pr-0.7200
2022-11-21 10:01:44 - INFO - epoch-32, train_loss-1.4768, train_rmse-1.2152, valid_rmse-1.2956, valid_pr-0.7166
2022-11-21 10:01:51 - INFO - epoch-33, train_loss-1.4650, train_rmse-1.2104, valid_rmse-1.2684, valid_pr-0.7330
2022-11-21 10:01:58 - INFO - epoch-34, train_loss-1.4138, train_rmse-1.1891, valid_rmse-1.2956, valid_pr-0.7260
2022-11-21 10:02:05 - INFO - epoch-35, train_loss-1.3872, train_rmse-1.1778, valid_rmse-1.2708, valid_pr-0.7277
2022-11-21 10:02:12 - INFO - epoch-36, train_loss-1.3671, train_rmse-1.1692, valid_rmse-1.3130, valid_pr-0.7143
2022-11-21 10:02:19 - INFO - epoch-37, train_loss-1.3477, train_rmse-1.1609, valid_rmse-1.2352, valid_pr-0.7479
2022-11-21 10:02:26 - INFO - epoch-38, train_loss-1.2964, train_rmse-1.1386, valid_rmse-1.2916, valid_pr-0.7205
2022-11-21 10:02:33 - INFO - epoch-39, train_loss-1.2978, train_rmse-1.1392, valid_rmse-1.2620, valid_pr-0.7330
2022-11-21 10:02:40 - INFO - epoch-40, train_loss-1.2361, train_rmse-1.1118, valid_rmse-1.2685, valid_pr-0.7340
2022-11-21 10:02:47 - INFO - epoch-41, train_loss-1.1883, train_rmse-1.0901, valid_rmse-1.2924, valid_pr-0.7328
2022-11-21 10:02:54 - INFO - epoch-42, train_loss-1.2012, train_rmse-1.0960, valid_rmse-1.2582, valid_pr-0.7375
2022-11-21 10:03:01 - INFO - epoch-43, train_loss-1.1576, train_rmse-1.0759, valid_rmse-1.2975, valid_pr-0.7224
2022-11-21 10:03:08 - INFO - epoch-44, train_loss-1.1722, train_rmse-1.0827, valid_rmse-1.3323, valid_pr-0.7092
2022-11-21 10:03:15 - INFO - epoch-45, train_loss-1.1299, train_rmse-1.0630, valid_rmse-1.3435, valid_pr-0.7055
2022-11-21 10:03:22 - INFO - epoch-46, train_loss-1.0541, train_rmse-1.0267, valid_rmse-1.2548, valid_pr-0.7400
2022-11-21 10:03:29 - INFO - epoch-47, train_loss-1.0588, train_rmse-1.0290, valid_rmse-1.3006, valid_pr-0.7346
2022-11-21 10:03:36 - INFO - epoch-48, train_loss-1.0338, train_rmse-1.0168, valid_rmse-1.2592, valid_pr-0.7428
2022-11-21 10:03:43 - INFO - epoch-49, train_loss-1.0047, train_rmse-1.0024, valid_rmse-1.3447, valid_pr-0.7223
2022-11-21 10:03:50 - INFO - epoch-50, train_loss-1.0037, train_rmse-1.0019, valid_rmse-1.2708, valid_pr-0.7304
2022-11-21 10:03:57 - INFO - epoch-51, train_loss-0.9830, train_rmse-0.9914, valid_rmse-1.3115, valid_pr-0.7195
2022-11-21 10:04:04 - INFO - epoch-52, train_loss-0.9550, train_rmse-0.9773, valid_rmse-1.2375, valid_pr-0.7525
2022-11-21 10:04:11 - INFO - epoch-53, train_loss-0.9251, train_rmse-0.9618, valid_rmse-1.2550, valid_pr-0.7418
2022-11-21 10:04:17 - INFO - epoch-54, train_loss-0.9136, train_rmse-0.9558, valid_rmse-1.2736, valid_pr-0.7334
2022-11-21 10:04:24 - INFO - epoch-55, train_loss-0.8948, train_rmse-0.9460, valid_rmse-1.2825, valid_pr-0.7420
2022-11-21 10:04:31 - INFO - epoch-56, train_loss-0.8654, train_rmse-0.9303, valid_rmse-1.2696, valid_pr-0.7422
2022-11-21 10:04:38 - INFO - epoch-57, train_loss-0.8829, train_rmse-0.9396, valid_rmse-1.2537, valid_pr-0.7417
2022-11-21 10:04:45 - INFO - epoch-58, train_loss-0.8441, train_rmse-0.9188, valid_rmse-1.2515, valid_pr-0.7424
2022-11-21 10:04:52 - INFO - epoch-59, train_loss-0.8147, train_rmse-0.9026, valid_rmse-1.2566, valid_pr-0.7420
2022-11-21 10:04:59 - INFO - epoch-60, train_loss-0.8388, train_rmse-0.9159, valid_rmse-1.2803, valid_pr-0.7411
2022-11-21 10:05:06 - INFO - epoch-61, train_loss-0.8098, train_rmse-0.8999, valid_rmse-1.2678, valid_pr-0.7421
2022-11-21 10:05:13 - INFO - epoch-62, train_loss-0.7841, train_rmse-0.8855, valid_rmse-1.2482, valid_pr-0.7479
2022-11-21 10:05:20 - INFO - epoch-63, train_loss-0.7760, train_rmse-0.8809, valid_rmse-1.2413, valid_pr-0.7496
2022-11-21 10:05:27 - INFO - epoch-64, train_loss-0.7495, train_rmse-0.8657, valid_rmse-1.2544, valid_pr-0.7471
2022-11-21 10:05:34 - INFO - epoch-65, train_loss-0.7340, train_rmse-0.8567, valid_rmse-1.2777, valid_pr-0.7390
2022-11-21 10:05:41 - INFO - epoch-66, train_loss-0.7271, train_rmse-0.8527, valid_rmse-1.2622, valid_pr-0.7433
2022-11-21 10:05:48 - INFO - epoch-67, train_loss-0.7067, train_rmse-0.8407, valid_rmse-1.2710, valid_pr-0.7417
2022-11-21 10:05:55 - INFO - epoch-68, train_loss-0.7154, train_rmse-0.8458, valid_rmse-1.2422, valid_pr-0.7512
2022-11-21 10:06:02 - INFO - epoch-69, train_loss-0.6759, train_rmse-0.8221, valid_rmse-1.2413, valid_pr-0.7519
2022-11-21 10:06:09 - INFO - epoch-70, train_loss-0.6718, train_rmse-0.8196, valid_rmse-1.2376, valid_pr-0.7506
2022-11-21 10:06:16 - INFO - epoch-71, train_loss-0.6709, train_rmse-0.8191, valid_rmse-1.2324, valid_pr-0.7499
2022-11-21 10:06:23 - INFO - epoch-72, train_loss-0.6671, train_rmse-0.8167, valid_rmse-1.2342, valid_pr-0.7541
2022-11-21 10:06:30 - INFO - epoch-73, train_loss-0.6329, train_rmse-0.7955, valid_rmse-1.2692, valid_pr-0.7425
2022-11-21 10:06:37 - INFO - epoch-74, train_loss-0.6326, train_rmse-0.7954, valid_rmse-1.2427, valid_pr-0.7465
2022-11-21 10:06:44 - INFO - epoch-75, train_loss-0.6425, train_rmse-0.8016, valid_rmse-1.2521, valid_pr-0.7411
2022-11-21 10:06:51 - INFO - epoch-76, train_loss-0.6246, train_rmse-0.7903, valid_rmse-1.2419, valid_pr-0.7491
2022-11-21 10:06:58 - INFO - epoch-77, train_loss-0.5946, train_rmse-0.7711, valid_rmse-1.2443, valid_pr-0.7478
2022-11-21 10:07:05 - INFO - epoch-78, train_loss-0.6171, train_rmse-0.7856, valid_rmse-1.2246, valid_pr-0.7573
2022-11-21 10:07:12 - INFO - epoch-79, train_loss-0.6024, train_rmse-0.7761, valid_rmse-1.2540, valid_pr-0.7496
2022-11-21 10:07:19 - INFO - epoch-80, train_loss-0.5816, train_rmse-0.7626, valid_rmse-1.2385, valid_pr-0.7545
2022-11-21 10:07:26 - INFO - epoch-81, train_loss-0.5678, train_rmse-0.7535, valid_rmse-1.2455, valid_pr-0.7501
2022-11-21 10:07:33 - INFO - epoch-82, train_loss-0.5912, train_rmse-0.7689, valid_rmse-1.2356, valid_pr-0.7509
2022-11-21 10:07:40 - INFO - epoch-83, train_loss-0.5680, train_rmse-0.7537, valid_rmse-1.1938, valid_pr-0.7715
2022-11-21 10:07:47 - INFO - epoch-84, train_loss-0.5353, train_rmse-0.7317, valid_rmse-1.2256, valid_pr-0.7579
2022-11-21 10:07:54 - INFO - epoch-85, train_loss-0.5344, train_rmse-0.7310, valid_rmse-1.2606, valid_pr-0.7390
2022-11-21 10:08:01 - INFO - epoch-86, train_loss-0.5241, train_rmse-0.7239, valid_rmse-1.2132, valid_pr-0.7634
2022-11-21 10:08:08 - INFO - epoch-87, train_loss-0.5188, train_rmse-0.7202, valid_rmse-1.2282, valid_pr-0.7533
2022-11-21 10:08:15 - INFO - epoch-88, train_loss-0.5149, train_rmse-0.7175, valid_rmse-1.2170, valid_pr-0.7600
2022-11-21 10:08:21 - INFO - epoch-89, train_loss-0.5039, train_rmse-0.7099, valid_rmse-1.2324, valid_pr-0.7504
2022-11-21 10:08:28 - INFO - epoch-90, train_loss-0.5196, train_rmse-0.7209, valid_rmse-1.2794, valid_pr-0.7427
2022-11-21 10:08:35 - INFO - epoch-91, train_loss-0.4901, train_rmse-0.7001, valid_rmse-1.2395, valid_pr-0.7530
2022-11-21 10:08:42 - INFO - epoch-92, train_loss-0.5062, train_rmse-0.7114, valid_rmse-1.2036, valid_pr-0.7662
2022-11-21 10:08:49 - INFO - epoch-93, train_loss-0.4805, train_rmse-0.6932, valid_rmse-1.2272, valid_pr-0.7559
2022-11-21 10:08:56 - INFO - epoch-94, train_loss-0.4788, train_rmse-0.6920, valid_rmse-1.2179, valid_pr-0.7584
2022-11-21 10:09:03 - INFO - epoch-95, train_loss-0.4654, train_rmse-0.6822, valid_rmse-1.2404, valid_pr-0.7554
2022-11-21 10:09:10 - INFO - epoch-96, train_loss-0.5113, train_rmse-0.7151, valid_rmse-1.2300, valid_pr-0.7587
2022-11-21 10:09:17 - INFO - epoch-97, train_loss-0.4718, train_rmse-0.6869, valid_rmse-1.2482, valid_pr-0.7502
2022-11-21 10:09:24 - INFO - epoch-98, train_loss-0.4573, train_rmse-0.6762, valid_rmse-1.2803, valid_pr-0.7345
2022-11-21 10:09:31 - INFO - epoch-99, train_loss-0.4822, train_rmse-0.6944, valid_rmse-1.2335, valid_pr-0.7499
2022-11-21 10:09:38 - INFO - epoch-100, train_loss-0.4596, train_rmse-0.6780, valid_rmse-1.2146, valid_pr-0.7580
2022-11-21 10:09:45 - INFO - epoch-101, train_loss-0.4410, train_rmse-0.6641, valid_rmse-1.2024, valid_pr-0.7653
2022-11-21 10:09:52 - INFO - epoch-102, train_loss-0.4402, train_rmse-0.6634, valid_rmse-1.2392, valid_pr-0.7575
2022-11-21 10:09:59 - INFO - epoch-103, train_loss-0.4371, train_rmse-0.6611, valid_rmse-1.2106, valid_pr-0.7642
2022-11-21 10:10:06 - INFO - epoch-104, train_loss-0.4338, train_rmse-0.6586, valid_rmse-1.2408, valid_pr-0.7561
2022-11-21 10:10:13 - INFO - epoch-105, train_loss-0.4189, train_rmse-0.6472, valid_rmse-1.2242, valid_pr-0.7629
2022-11-21 10:10:20 - INFO - epoch-106, train_loss-0.4205, train_rmse-0.6485, valid_rmse-1.2231, valid_pr-0.7601
2022-11-21 10:10:27 - INFO - epoch-107, train_loss-0.4180, train_rmse-0.6466, valid_rmse-1.2284, valid_pr-0.7567
2022-11-21 10:10:34 - INFO - epoch-108, train_loss-0.4337, train_rmse-0.6586, valid_rmse-1.2084, valid_pr-0.7663
2022-11-21 10:10:41 - INFO - epoch-109, train_loss-0.3928, train_rmse-0.6268, valid_rmse-1.2231, valid_pr-0.7591
2022-11-21 10:10:48 - INFO - epoch-110, train_loss-0.3944, train_rmse-0.6280, valid_rmse-1.2111, valid_pr-0.7601
2022-11-21 10:10:55 - INFO - epoch-111, train_loss-0.4081, train_rmse-0.6389, valid_rmse-1.2160, valid_pr-0.7599
2022-11-21 10:11:02 - INFO - epoch-112, train_loss-0.3923, train_rmse-0.6264, valid_rmse-1.2110, valid_pr-0.7593
2022-11-21 10:11:09 - INFO - epoch-113, train_loss-0.3913, train_rmse-0.6255, valid_rmse-1.2110, valid_pr-0.7605
2022-11-21 10:11:16 - INFO - epoch-114, train_loss-0.3857, train_rmse-0.6210, valid_rmse-1.2185, valid_pr-0.7603
2022-11-21 10:11:23 - INFO - epoch-115, train_loss-0.3907, train_rmse-0.6250, valid_rmse-1.2031, valid_pr-0.7657
2022-11-21 10:11:30 - INFO - epoch-116, train_loss-0.3882, train_rmse-0.6231, valid_rmse-1.2104, valid_pr-0.7685
2022-11-21 10:11:37 - INFO - epoch-117, train_loss-0.3758, train_rmse-0.6131, valid_rmse-1.1854, valid_pr-0.7718
2022-11-21 10:11:44 - INFO - epoch-118, train_loss-0.3805, train_rmse-0.6169, valid_rmse-1.2227, valid_pr-0.7601
2022-11-21 10:11:51 - INFO - epoch-119, train_loss-0.3662, train_rmse-0.6051, valid_rmse-1.2464, valid_pr-0.7568
2022-11-21 10:11:58 - INFO - epoch-120, train_loss-0.3632, train_rmse-0.6026, valid_rmse-1.1917, valid_pr-0.7676
2022-11-21 10:12:04 - INFO - epoch-121, train_loss-0.3687, train_rmse-0.6072, valid_rmse-1.2345, valid_pr-0.7509
2022-11-21 10:12:11 - INFO - epoch-122, train_loss-0.3607, train_rmse-0.6006, valid_rmse-1.2134, valid_pr-0.7642
2022-11-21 10:12:18 - INFO - epoch-123, train_loss-0.3562, train_rmse-0.5968, valid_rmse-1.2070, valid_pr-0.7640
2022-11-21 10:12:25 - INFO - epoch-124, train_loss-0.3374, train_rmse-0.5809, valid_rmse-1.2061, valid_pr-0.7738
2022-11-21 10:12:32 - INFO - epoch-125, train_loss-0.3478, train_rmse-0.5897, valid_rmse-1.1877, valid_pr-0.7731
2022-11-21 10:12:39 - INFO - epoch-126, train_loss-0.3632, train_rmse-0.6026, valid_rmse-1.2110, valid_pr-0.7629
2022-11-21 10:12:46 - INFO - epoch-127, train_loss-0.3395, train_rmse-0.5827, valid_rmse-1.2214, valid_pr-0.7614
2022-11-21 10:12:53 - INFO - epoch-128, train_loss-0.3285, train_rmse-0.5731, valid_rmse-1.1872, valid_pr-0.7720
2022-11-21 10:13:00 - INFO - epoch-129, train_loss-0.3353, train_rmse-0.5790, valid_rmse-1.1899, valid_pr-0.7717
2022-11-21 10:13:07 - INFO - epoch-130, train_loss-0.3294, train_rmse-0.5739, valid_rmse-1.1951, valid_pr-0.7680
2022-11-21 10:13:14 - INFO - epoch-131, train_loss-0.3382, train_rmse-0.5816, valid_rmse-1.1940, valid_pr-0.7723
2022-11-21 10:13:21 - INFO - epoch-132, train_loss-0.3369, train_rmse-0.5804, valid_rmse-1.2005, valid_pr-0.7664
2022-11-21 10:13:28 - INFO - epoch-133, train_loss-0.3182, train_rmse-0.5641, valid_rmse-1.1907, valid_pr-0.7704
2022-11-21 10:13:35 - INFO - epoch-134, train_loss-0.3339, train_rmse-0.5779, valid_rmse-1.2039, valid_pr-0.7631
2022-11-21 10:13:42 - INFO - epoch-135, train_loss-0.3249, train_rmse-0.5700, valid_rmse-1.2320, valid_pr-0.7552
2022-11-21 10:13:48 - INFO - epoch-136, train_loss-0.3265, train_rmse-0.5714, valid_rmse-1.2213, valid_pr-0.7609
2022-11-21 10:13:55 - INFO - epoch-137, train_loss-0.3163, train_rmse-0.5624, valid_rmse-1.1785, valid_pr-0.7748
2022-11-21 10:14:02 - INFO - epoch-138, train_loss-0.3174, train_rmse-0.5633, valid_rmse-1.1967, valid_pr-0.7679
2022-11-21 10:14:09 - INFO - epoch-139, train_loss-0.3314, train_rmse-0.5756, valid_rmse-1.2120, valid_pr-0.7580
2022-11-21 10:14:16 - INFO - epoch-140, train_loss-0.3251, train_rmse-0.5702, valid_rmse-1.1781, valid_pr-0.7742
2022-11-21 10:14:23 - INFO - epoch-141, train_loss-0.3098, train_rmse-0.5566, valid_rmse-1.2019, valid_pr-0.7710
2022-11-21 10:14:30 - INFO - epoch-142, train_loss-0.3277, train_rmse-0.5724, valid_rmse-1.2072, valid_pr-0.7653
2022-11-21 10:14:37 - INFO - epoch-143, train_loss-0.3135, train_rmse-0.5599, valid_rmse-1.2078, valid_pr-0.7656
2022-11-21 10:14:44 - INFO - epoch-144, train_loss-0.3026, train_rmse-0.5501, valid_rmse-1.2159, valid_pr-0.7617
2022-11-21 10:14:51 - INFO - epoch-145, train_loss-0.3160, train_rmse-0.5621, valid_rmse-1.1837, valid_pr-0.7738
2022-11-21 10:14:58 - INFO - epoch-146, train_loss-0.2890, train_rmse-0.5376, valid_rmse-1.1944, valid_pr-0.7699
2022-11-21 10:15:05 - INFO - epoch-147, train_loss-0.3007, train_rmse-0.5484, valid_rmse-1.2015, valid_pr-0.7670
2022-11-21 10:15:12 - INFO - epoch-148, train_loss-0.3085, train_rmse-0.5554, valid_rmse-1.2246, valid_pr-0.7652
2022-11-21 10:15:19 - INFO - epoch-149, train_loss-0.2898, train_rmse-0.5384, valid_rmse-1.1921, valid_pr-0.7689
2022-11-21 10:15:26 - INFO - epoch-150, train_loss-0.2971, train_rmse-0.5450, valid_rmse-1.2055, valid_pr-0.7664
2022-11-21 10:15:33 - INFO - epoch-151, train_loss-0.3119, train_rmse-0.5585, valid_rmse-1.1902, valid_pr-0.7734
2022-11-21 10:15:40 - INFO - epoch-152, train_loss-0.2911, train_rmse-0.5396, valid_rmse-1.1851, valid_pr-0.7746
2022-11-21 10:15:47 - INFO - epoch-153, train_loss-0.2823, train_rmse-0.5313, valid_rmse-1.2149, valid_pr-0.7649
2022-11-21 10:15:53 - INFO - epoch-154, train_loss-0.2844, train_rmse-0.5333, valid_rmse-1.2186, valid_pr-0.7581
2022-11-21 10:16:00 - INFO - epoch-155, train_loss-0.2992, train_rmse-0.5470, valid_rmse-1.2029, valid_pr-0.7638
2022-11-21 10:16:07 - INFO - epoch-156, train_loss-0.2828, train_rmse-0.5318, valid_rmse-1.1997, valid_pr-0.7676
2022-11-21 10:16:14 - INFO - epoch-157, train_loss-0.2816, train_rmse-0.5307, valid_rmse-1.1967, valid_pr-0.7696
2022-11-21 10:16:21 - INFO - epoch-158, train_loss-0.2776, train_rmse-0.5269, valid_rmse-1.1871, valid_pr-0.7729
2022-11-21 10:16:28 - INFO - epoch-159, train_loss-0.2786, train_rmse-0.5278, valid_rmse-1.2040, valid_pr-0.7636
2022-11-21 10:16:35 - INFO - epoch-160, train_loss-0.2718, train_rmse-0.5214, valid_rmse-1.2169, valid_pr-0.7654
2022-11-21 10:16:42 - INFO - epoch-161, train_loss-0.2696, train_rmse-0.5192, valid_rmse-1.2076, valid_pr-0.7667
2022-11-21 10:16:49 - INFO - epoch-162, train_loss-0.2628, train_rmse-0.5127, valid_rmse-1.2161, valid_pr-0.7632
2022-11-21 10:16:56 - INFO - epoch-163, train_loss-0.2756, train_rmse-0.5250, valid_rmse-1.1927, valid_pr-0.7662
2022-11-21 10:17:03 - INFO - epoch-164, train_loss-0.2655, train_rmse-0.5153, valid_rmse-1.2049, valid_pr-0.7644
2022-11-21 10:17:10 - INFO - epoch-165, train_loss-0.2699, train_rmse-0.5195, valid_rmse-1.1712, valid_pr-0.7784
2022-11-21 10:17:17 - INFO - epoch-166, train_loss-0.2578, train_rmse-0.5078, valid_rmse-1.1976, valid_pr-0.7664
2022-11-21 10:17:24 - INFO - epoch-167, train_loss-0.2712, train_rmse-0.5208, valid_rmse-1.2117, valid_pr-0.7654
2022-11-21 10:17:31 - INFO - epoch-168, train_loss-0.2485, train_rmse-0.4984, valid_rmse-1.1838, valid_pr-0.7730
2022-11-21 10:17:38 - INFO - epoch-169, train_loss-0.2535, train_rmse-0.5035, valid_rmse-1.1724, valid_pr-0.7769
2022-11-21 10:17:45 - INFO - epoch-170, train_loss-0.2553, train_rmse-0.5053, valid_rmse-1.1938, valid_pr-0.7769
2022-11-21 10:17:52 - INFO - epoch-171, train_loss-0.2520, train_rmse-0.5020, valid_rmse-1.2047, valid_pr-0.7630
2022-11-21 10:17:59 - INFO - epoch-172, train_loss-0.2618, train_rmse-0.5116, valid_rmse-1.1857, valid_pr-0.7693
2022-11-21 10:18:06 - INFO - epoch-173, train_loss-0.2537, train_rmse-0.5037, valid_rmse-1.1812, valid_pr-0.7734
2022-11-21 10:18:13 - INFO - epoch-174, train_loss-0.2530, train_rmse-0.5030, valid_rmse-1.1895, valid_pr-0.7735
2022-11-21 10:18:20 - INFO - epoch-175, train_loss-0.2477, train_rmse-0.4977, valid_rmse-1.1878, valid_pr-0.7748
2022-11-21 10:18:27 - INFO - epoch-176, train_loss-0.2606, train_rmse-0.5105, valid_rmse-1.1966, valid_pr-0.7714
2022-11-21 10:18:34 - INFO - epoch-177, train_loss-0.2453, train_rmse-0.4953, valid_rmse-1.1977, valid_pr-0.7659
2022-11-21 10:18:40 - INFO - epoch-178, train_loss-0.2427, train_rmse-0.4927, valid_rmse-1.1947, valid_pr-0.7678
2022-11-21 10:18:47 - INFO - epoch-179, train_loss-0.2434, train_rmse-0.4934, valid_rmse-1.1831, valid_pr-0.7740
2022-11-21 10:18:54 - INFO - epoch-180, train_loss-0.2458, train_rmse-0.4957, valid_rmse-1.1919, valid_pr-0.7692
2022-11-21 10:19:01 - INFO - epoch-181, train_loss-0.2349, train_rmse-0.4846, valid_rmse-1.1859, valid_pr-0.7704
2022-11-21 10:19:08 - INFO - epoch-182, train_loss-0.2380, train_rmse-0.4879, valid_rmse-1.1851, valid_pr-0.7739
2022-11-21 10:19:15 - INFO - epoch-183, train_loss-0.2358, train_rmse-0.4856, valid_rmse-1.1877, valid_pr-0.7701
2022-11-21 10:19:22 - INFO - epoch-184, train_loss-0.2349, train_rmse-0.4847, valid_rmse-1.1909, valid_pr-0.7688
2022-11-21 10:19:29 - INFO - epoch-185, train_loss-0.2346, train_rmse-0.4843, valid_rmse-1.1870, valid_pr-0.7686
2022-11-21 10:19:37 - INFO - epoch-186, train_loss-0.2314, train_rmse-0.4811, valid_rmse-1.1931, valid_pr-0.7723
2022-11-21 10:19:44 - INFO - epoch-187, train_loss-0.2264, train_rmse-0.4758, valid_rmse-1.1953, valid_pr-0.7686
2022-11-21 10:19:51 - INFO - epoch-188, train_loss-0.2355, train_rmse-0.4853, valid_rmse-1.1866, valid_pr-0.7707
2022-11-21 10:19:58 - INFO - epoch-189, train_loss-0.2426, train_rmse-0.4925, valid_rmse-1.1846, valid_pr-0.7713
2022-11-21 10:20:05 - INFO - epoch-190, train_loss-0.2342, train_rmse-0.4840, valid_rmse-1.1620, valid_pr-0.7813
2022-11-21 10:20:12 - INFO - epoch-191, train_loss-0.2285, train_rmse-0.4780, valid_rmse-1.1930, valid_pr-0.7698
2022-11-21 10:20:19 - INFO - epoch-192, train_loss-0.2370, train_rmse-0.4868, valid_rmse-1.1807, valid_pr-0.7725
2022-11-21 10:20:26 - INFO - epoch-193, train_loss-0.2265, train_rmse-0.4759, valid_rmse-1.1952, valid_pr-0.7715
2022-11-21 10:20:33 - INFO - epoch-194, train_loss-0.2478, train_rmse-0.4978, valid_rmse-1.1875, valid_pr-0.7710
2022-11-21 10:20:40 - INFO - epoch-195, train_loss-0.2311, train_rmse-0.4808, valid_rmse-1.1794, valid_pr-0.7792
2022-11-21 10:20:47 - INFO - epoch-196, train_loss-0.2194, train_rmse-0.4684, valid_rmse-1.1754, valid_pr-0.7753
2022-11-21 10:20:53 - INFO - epoch-197, train_loss-0.2339, train_rmse-0.4836, valid_rmse-1.1892, valid_pr-0.7683
2022-11-21 10:21:00 - INFO - epoch-198, train_loss-0.2222, train_rmse-0.4714, valid_rmse-1.1712, valid_pr-0.7791
2022-11-21 10:21:07 - INFO - epoch-199, train_loss-0.2184, train_rmse-0.4673, valid_rmse-1.1894, valid_pr-0.7722
2022-11-21 10:21:14 - INFO - epoch-200, train_loss-0.2256, train_rmse-0.4750, valid_rmse-1.1715, valid_pr-0.7771
2022-11-21 10:21:21 - INFO - epoch-201, train_loss-0.2218, train_rmse-0.4710, valid_rmse-1.2063, valid_pr-0.7640
2022-11-21 10:21:28 - INFO - epoch-202, train_loss-0.2295, train_rmse-0.4790, valid_rmse-1.1772, valid_pr-0.7724
2022-11-21 10:21:35 - INFO - epoch-203, train_loss-0.2190, train_rmse-0.4679, valid_rmse-1.1958, valid_pr-0.7689
2022-11-21 10:21:42 - INFO - epoch-204, train_loss-0.2201, train_rmse-0.4691, valid_rmse-1.2156, valid_pr-0.7608
2022-11-21 10:21:49 - INFO - epoch-205, train_loss-0.2104, train_rmse-0.4587, valid_rmse-1.1867, valid_pr-0.7729
2022-11-21 10:21:56 - INFO - epoch-206, train_loss-0.2214, train_rmse-0.4705, valid_rmse-1.1978, valid_pr-0.7676
2022-11-21 10:22:03 - INFO - epoch-207, train_loss-0.2207, train_rmse-0.4698, valid_rmse-1.1815, valid_pr-0.7741
2022-11-21 10:22:10 - INFO - epoch-208, train_loss-0.2264, train_rmse-0.4758, valid_rmse-1.1684, valid_pr-0.7768
2022-11-21 10:22:17 - INFO - epoch-209, train_loss-0.2100, train_rmse-0.4583, valid_rmse-1.1807, valid_pr-0.7739
2022-11-21 10:22:24 - INFO - epoch-210, train_loss-0.2097, train_rmse-0.4579, valid_rmse-1.1850, valid_pr-0.7757
2022-11-21 10:22:31 - INFO - epoch-211, train_loss-0.2037, train_rmse-0.4514, valid_rmse-1.1890, valid_pr-0.7718
2022-11-21 10:22:38 - INFO - epoch-212, train_loss-0.2064, train_rmse-0.4543, valid_rmse-1.1975, valid_pr-0.7661
2022-11-21 10:22:45 - INFO - epoch-213, train_loss-0.2090, train_rmse-0.4572, valid_rmse-1.1861, valid_pr-0.7699
2022-11-21 10:22:52 - INFO - epoch-214, train_loss-0.2135, train_rmse-0.4620, valid_rmse-1.1897, valid_pr-0.7710
2022-11-21 10:22:59 - INFO - epoch-215, train_loss-0.2141, train_rmse-0.4627, valid_rmse-1.1834, valid_pr-0.7729
2022-11-21 10:23:06 - INFO - epoch-216, train_loss-0.2102, train_rmse-0.4584, valid_rmse-1.1718, valid_pr-0.7752
2022-11-21 10:23:13 - INFO - epoch-217, train_loss-0.2071, train_rmse-0.4550, valid_rmse-1.1871, valid_pr-0.7694
2022-11-21 10:23:20 - INFO - epoch-218, train_loss-0.2067, train_rmse-0.4547, valid_rmse-1.1937, valid_pr-0.7691
2022-11-21 10:23:27 - INFO - epoch-219, train_loss-0.1975, train_rmse-0.4444, valid_rmse-1.1816, valid_pr-0.7728
2022-11-21 10:23:34 - INFO - epoch-220, train_loss-0.1970, train_rmse-0.4438, valid_rmse-1.1898, valid_pr-0.7702
2022-11-21 10:23:41 - INFO - epoch-221, train_loss-0.2077, train_rmse-0.4558, valid_rmse-1.1954, valid_pr-0.7677
2022-11-21 10:23:48 - INFO - epoch-222, train_loss-0.2042, train_rmse-0.4519, valid_rmse-1.1957, valid_pr-0.7694
2022-11-21 10:23:55 - INFO - epoch-223, train_loss-0.1960, train_rmse-0.4428, valid_rmse-1.1794, valid_pr-0.7735
2022-11-21 10:24:02 - INFO - epoch-224, train_loss-0.2053, train_rmse-0.4532, valid_rmse-1.1984, valid_pr-0.7654
2022-11-21 10:24:09 - INFO - epoch-225, train_loss-0.2088, train_rmse-0.4569, valid_rmse-1.1917, valid_pr-0.7705
2022-11-21 10:24:16 - INFO - epoch-226, train_loss-0.2041, train_rmse-0.4518, valid_rmse-1.2010, valid_pr-0.7647
2022-11-21 10:24:22 - INFO - epoch-227, train_loss-0.2043, train_rmse-0.4520, valid_rmse-1.2122, valid_pr-0.7614
2022-11-21 10:24:29 - INFO - epoch-228, train_loss-0.1976, train_rmse-0.4445, valid_rmse-1.2208, valid_pr-0.7594
2022-11-21 10:24:36 - INFO - epoch-229, train_loss-0.2008, train_rmse-0.4481, valid_rmse-1.2213, valid_pr-0.7674
2022-11-21 10:24:43 - INFO - epoch-230, train_loss-0.2010, train_rmse-0.4484, valid_rmse-1.2060, valid_pr-0.7642
2022-11-21 10:24:50 - INFO - epoch-231, train_loss-0.2024, train_rmse-0.4499, valid_rmse-1.1883, valid_pr-0.7694
2022-11-21 10:24:57 - INFO - epoch-232, train_loss-0.1886, train_rmse-0.4343, valid_rmse-1.2011, valid_pr-0.7690
2022-11-21 10:25:04 - INFO - epoch-233, train_loss-0.1961, train_rmse-0.4428, valid_rmse-1.1809, valid_pr-0.7712
2022-11-21 10:25:11 - INFO - epoch-234, train_loss-0.1965, train_rmse-0.4433, valid_rmse-1.1955, valid_pr-0.7678
2022-11-21 10:25:18 - INFO - epoch-235, train_loss-0.1927, train_rmse-0.4390, valid_rmse-1.1967, valid_pr-0.7669
2022-11-21 10:25:25 - INFO - epoch-236, train_loss-0.1816, train_rmse-0.4262, valid_rmse-1.1904, valid_pr-0.7714
2022-11-21 10:25:32 - INFO - epoch-237, train_loss-0.1910, train_rmse-0.4371, valid_rmse-1.1725, valid_pr-0.7761
2022-11-21 10:25:39 - INFO - epoch-238, train_loss-0.2004, train_rmse-0.4476, valid_rmse-1.1749, valid_pr-0.7771
2022-11-21 10:25:46 - INFO - epoch-239, train_loss-0.1776, train_rmse-0.4214, valid_rmse-1.1838, valid_pr-0.7707
2022-11-21 10:25:53 - INFO - epoch-240, train_loss-0.1834, train_rmse-0.4283, valid_rmse-1.1784, valid_pr-0.7723
2022-11-21 10:26:00 - INFO - epoch-241, train_loss-0.1993, train_rmse-0.4464, valid_rmse-1.1977, valid_pr-0.7678
2022-11-21 10:26:07 - INFO - epoch-242, train_loss-0.1832, train_rmse-0.4281, valid_rmse-1.2106, valid_pr-0.7678
2022-11-21 10:26:14 - INFO - epoch-243, train_loss-0.1829, train_rmse-0.4277, valid_rmse-1.1961, valid_pr-0.7646
2022-11-21 10:26:21 - INFO - epoch-244, train_loss-0.2008, train_rmse-0.4481, valid_rmse-1.2121, valid_pr-0.7632
2022-11-21 10:26:28 - INFO - epoch-245, train_loss-0.1958, train_rmse-0.4425, valid_rmse-1.1812, valid_pr-0.7734
2022-11-21 10:26:35 - INFO - epoch-246, train_loss-0.1887, train_rmse-0.4344, valid_rmse-1.1886, valid_pr-0.7696
2022-11-21 10:26:42 - INFO - epoch-247, train_loss-0.1791, train_rmse-0.4232, valid_rmse-1.1962, valid_pr-0.7695
2022-11-21 10:26:49 - INFO - epoch-248, train_loss-0.1881, train_rmse-0.4337, valid_rmse-1.1880, valid_pr-0.7674
2022-11-21 10:26:56 - INFO - epoch-249, train_loss-0.1751, train_rmse-0.4185, valid_rmse-1.1782, valid_pr-0.7735
2022-11-21 10:27:03 - INFO - epoch-250, train_loss-0.2008, train_rmse-0.4481, valid_rmse-1.1708, valid_pr-0.7761
2022-11-21 10:27:10 - INFO - epoch-251, train_loss-0.1965, train_rmse-0.4432, valid_rmse-1.1938, valid_pr-0.7669
2022-11-21 10:27:17 - INFO - epoch-252, train_loss-0.1806, train_rmse-0.4250, valid_rmse-1.1956, valid_pr-0.7707
2022-11-21 10:27:24 - INFO - epoch-253, train_loss-0.1851, train_rmse-0.4302, valid_rmse-1.1849, valid_pr-0.7717
2022-11-21 10:27:32 - INFO - epoch-254, train_loss-0.1843, train_rmse-0.4293, valid_rmse-1.1766, valid_pr-0.7766
2022-11-21 10:27:39 - INFO - epoch-255, train_loss-0.1775, train_rmse-0.4213, valid_rmse-1.1930, valid_pr-0.7656
2022-11-21 10:27:45 - INFO - epoch-256, train_loss-0.1801, train_rmse-0.4244, valid_rmse-1.1935, valid_pr-0.7662
2022-11-21 10:27:52 - INFO - epoch-257, train_loss-0.1816, train_rmse-0.4261, valid_rmse-1.1836, valid_pr-0.7709
2022-11-21 10:27:59 - INFO - epoch-258, train_loss-0.1867, train_rmse-0.4321, valid_rmse-1.2067, valid_pr-0.7646
2022-11-21 10:28:06 - INFO - epoch-259, train_loss-0.1856, train_rmse-0.4308, valid_rmse-1.1921, valid_pr-0.7704
2022-11-21 10:28:13 - INFO - epoch-260, train_loss-0.1775, train_rmse-0.4213, valid_rmse-1.1948, valid_pr-0.7672
2022-11-21 10:28:20 - INFO - epoch-261, train_loss-0.1712, train_rmse-0.4138, valid_rmse-1.2069, valid_pr-0.7635
2022-11-21 10:28:27 - INFO - epoch-262, train_loss-0.1837, train_rmse-0.4286, valid_rmse-1.2122, valid_pr-0.7647
2022-11-21 10:28:34 - INFO - epoch-263, train_loss-0.1724, train_rmse-0.4152, valid_rmse-1.1973, valid_pr-0.7670
2022-11-21 10:28:41 - INFO - epoch-264, train_loss-0.1803, train_rmse-0.4247, valid_rmse-1.1804, valid_pr-0.7737
2022-11-21 10:28:48 - INFO - epoch-265, train_loss-0.1744, train_rmse-0.4176, valid_rmse-1.1889, valid_pr-0.7671
2022-11-21 10:28:55 - INFO - epoch-266, train_loss-0.1816, train_rmse-0.4262, valid_rmse-1.1959, valid_pr-0.7691
2022-11-21 10:29:02 - INFO - epoch-267, train_loss-0.1586, train_rmse-0.3982, valid_rmse-1.1901, valid_pr-0.7709
2022-11-21 10:29:09 - INFO - epoch-268, train_loss-0.1755, train_rmse-0.4189, valid_rmse-1.1918, valid_pr-0.7674
2022-11-21 10:29:16 - INFO - epoch-269, train_loss-0.1696, train_rmse-0.4119, valid_rmse-1.1780, valid_pr-0.7765
2022-11-21 10:29:23 - INFO - epoch-270, train_loss-0.1770, train_rmse-0.4207, valid_rmse-1.1906, valid_pr-0.7703
2022-11-21 10:29:30 - INFO - epoch-271, train_loss-0.1745, train_rmse-0.4177, valid_rmse-1.1920, valid_pr-0.7671
2022-11-21 10:29:37 - INFO - epoch-272, train_loss-0.1721, train_rmse-0.4149, valid_rmse-1.1808, valid_pr-0.7750
2022-11-21 10:29:44 - INFO - epoch-273, train_loss-0.1796, train_rmse-0.4238, valid_rmse-1.1884, valid_pr-0.7702
2022-11-21 10:29:51 - INFO - epoch-274, train_loss-0.1836, train_rmse-0.4285, valid_rmse-1.2033, valid_pr-0.7668
2022-11-21 10:29:59 - INFO - epoch-275, train_loss-0.1625, train_rmse-0.4031, valid_rmse-1.1807, valid_pr-0.7717
2022-11-21 10:30:06 - INFO - epoch-276, train_loss-0.1612, train_rmse-0.4015, valid_rmse-1.1882, valid_pr-0.7692
2022-11-21 10:30:13 - INFO - epoch-277, train_loss-0.1793, train_rmse-0.4234, valid_rmse-1.1845, valid_pr-0.7701
2022-11-21 10:30:20 - INFO - epoch-278, train_loss-0.1690, train_rmse-0.4111, valid_rmse-1.1900, valid_pr-0.7708
2022-11-21 10:30:27 - INFO - epoch-279, train_loss-0.1737, train_rmse-0.4168, valid_rmse-1.1792, valid_pr-0.7738
2022-11-21 10:30:34 - INFO - epoch-280, train_loss-0.1738, train_rmse-0.4168, valid_rmse-1.1913, valid_pr-0.7708
2022-11-21 10:30:40 - INFO - epoch-281, train_loss-0.1790, train_rmse-0.4231, valid_rmse-1.1985, valid_pr-0.7670
2022-11-21 10:30:47 - INFO - epoch-282, train_loss-0.1683, train_rmse-0.4103, valid_rmse-1.1977, valid_pr-0.7661
2022-11-21 10:30:54 - INFO - epoch-283, train_loss-0.1739, train_rmse-0.4170, valid_rmse-1.1743, valid_pr-0.7763
2022-11-21 10:31:01 - INFO - epoch-284, train_loss-0.1670, train_rmse-0.4086, valid_rmse-1.1825, valid_pr-0.7692
2022-11-21 10:31:08 - INFO - epoch-285, train_loss-0.1630, train_rmse-0.4037, valid_rmse-1.1833, valid_pr-0.7690
2022-11-21 10:31:15 - INFO - epoch-286, train_loss-0.1612, train_rmse-0.4015, valid_rmse-1.1920, valid_pr-0.7709
2022-11-21 10:31:22 - INFO - epoch-287, train_loss-0.1557, train_rmse-0.3945, valid_rmse-1.1910, valid_pr-0.7701
2022-11-21 10:31:30 - INFO - epoch-288, train_loss-0.1687, train_rmse-0.4107, valid_rmse-1.1784, valid_pr-0.7718
2022-11-21 10:31:37 - INFO - epoch-289, train_loss-0.1730, train_rmse-0.4159, valid_rmse-1.1675, valid_pr-0.7772
2022-11-21 10:31:44 - INFO - epoch-290, train_loss-0.1662, train_rmse-0.4077, valid_rmse-1.1886, valid_pr-0.7700
2022-11-21 10:31:51 - INFO - epoch-291, train_loss-0.1598, train_rmse-0.3997, valid_rmse-1.1749, valid_pr-0.7733
2022-11-21 10:31:51 - INFO - early stop in epoch 291
2022-11-21 10:31:51 - INFO - best_rmse: 1.1620
2022-11-21 10:31:54 - INFO - valid_rmse-1.1620, valid_pr-0.7813, test2013_rmse-1.3679, test2013_pr-0.8207, test2016_rmse-1.2090, test2016_pr-0.8323, test2019_rmse-1.3981, test2019_pr-0.6450,
