2022-11-22 04:46:24 - INFO - train_GNNDTI.py
2022-11-22 04:46:24 - INFO - train data: 11904
2022-11-22 04:46:24 - INFO - valid data: 1000
2022-11-22 04:46:24 - INFO - test2013 data: 107
2022-11-22 04:46:24 - INFO - test2016 data: 285
2022-11-22 04:46:24 - INFO - test2019 data: 4366
2022-11-22 04:50:05 - INFO - epoch-0, train_loss-32.9873, train_rmse-5.7435, valid_rmse-3.9164, valid_pr-0.1017
2022-11-22 04:52:45 - INFO - epoch-1, train_loss-7.7237, train_rmse-2.7791, valid_rmse-2.4715, valid_pr-0.1963
2022-11-22 04:55:08 - INFO - epoch-2, train_loss-4.9574, train_rmse-2.2265, valid_rmse-2.2546, valid_pr-0.2371
2022-11-22 04:57:12 - INFO - epoch-3, train_loss-4.3986, train_rmse-2.0973, valid_rmse-2.1348, valid_pr-0.2857
2022-11-22 04:58:55 - INFO - epoch-4, train_loss-3.9977, train_rmse-1.9994, valid_rmse-2.0523, valid_pr-0.3125
2022-11-22 04:59:37 - INFO - epoch-5, train_loss-3.7246, train_rmse-1.9299, valid_rmse-1.9622, valid_pr-0.3498
2022-11-22 05:00:42 - INFO - epoch-6, train_loss-3.5159, train_rmse-1.8751, valid_rmse-1.8925, valid_pr-0.3750
2022-11-22 05:02:01 - INFO - epoch-7, train_loss-3.3070, train_rmse-1.8185, valid_rmse-1.8453, valid_pr-0.3993
2022-11-22 05:02:39 - INFO - epoch-8, train_loss-3.1250, train_rmse-1.7678, valid_rmse-1.8030, valid_pr-0.4197
2022-11-22 05:03:16 - INFO - epoch-9, train_loss-3.1670, train_rmse-1.7796, valid_rmse-1.8207, valid_pr-0.4138
2022-11-22 05:03:54 - INFO - epoch-10, train_loss-3.0545, train_rmse-1.7477, valid_rmse-1.8812, valid_pr-0.4021
2022-11-22 05:04:32 - INFO - epoch-11, train_loss-3.0018, train_rmse-1.7326, valid_rmse-1.7896, valid_pr-0.4337
2022-11-22 05:05:10 - INFO - epoch-12, train_loss-2.9575, train_rmse-1.7197, valid_rmse-1.7564, valid_pr-0.4409
2022-11-22 05:05:49 - INFO - epoch-13, train_loss-2.8911, train_rmse-1.7003, valid_rmse-1.7445, valid_pr-0.4430
2022-11-22 05:06:27 - INFO - epoch-14, train_loss-2.8894, train_rmse-1.6998, valid_rmse-1.7214, valid_pr-0.4502
2022-11-22 05:07:04 - INFO - epoch-15, train_loss-2.8803, train_rmse-1.6971, valid_rmse-1.7146, valid_pr-0.4533
2022-11-22 05:07:41 - INFO - epoch-16, train_loss-2.8615, train_rmse-1.6916, valid_rmse-1.7707, valid_pr-0.4223
2022-11-22 05:08:17 - INFO - epoch-17, train_loss-2.8289, train_rmse-1.6819, valid_rmse-1.7160, valid_pr-0.4514
2022-11-22 05:08:55 - INFO - epoch-18, train_loss-2.7860, train_rmse-1.6691, valid_rmse-1.7032, valid_pr-0.4571
2022-11-22 05:09:38 - INFO - epoch-19, train_loss-3.0343, train_rmse-1.7419, valid_rmse-1.7272, valid_pr-0.4605
2022-11-22 05:12:18 - INFO - epoch-20, train_loss-2.8662, train_rmse-1.6930, valid_rmse-1.7015, valid_pr-0.4631
2022-11-22 05:15:37 - INFO - epoch-21, train_loss-2.8160, train_rmse-1.6781, valid_rmse-1.7123, valid_pr-0.4643
2022-11-22 05:17:18 - INFO - epoch-22, train_loss-2.8820, train_rmse-1.6977, valid_rmse-1.7246, valid_pr-0.4517
2022-11-22 05:18:07 - INFO - epoch-23, train_loss-2.8217, train_rmse-1.6798, valid_rmse-1.7011, valid_pr-0.4523
2022-11-22 05:18:42 - INFO - epoch-24, train_loss-2.7886, train_rmse-1.6699, valid_rmse-1.6864, valid_pr-0.4559
2022-11-22 05:19:23 - INFO - epoch-25, train_loss-2.7377, train_rmse-1.6546, valid_rmse-1.6751, valid_pr-0.4643
2022-11-22 05:20:00 - INFO - epoch-26, train_loss-2.7189, train_rmse-1.6489, valid_rmse-1.6852, valid_pr-0.4570
2022-11-22 05:20:36 - INFO - epoch-27, train_loss-2.7298, train_rmse-1.6522, valid_rmse-1.6848, valid_pr-0.4631
2022-11-22 05:21:11 - INFO - epoch-28, train_loss-2.7873, train_rmse-1.6695, valid_rmse-1.6625, valid_pr-0.4703
2022-11-22 05:22:06 - INFO - epoch-29, train_loss-2.7147, train_rmse-1.6476, valid_rmse-1.7106, valid_pr-0.4667
2022-11-22 05:23:30 - INFO - epoch-30, train_loss-2.6556, train_rmse-1.6296, valid_rmse-1.6536, valid_pr-0.4819
2022-11-22 05:24:58 - INFO - epoch-31, train_loss-2.6261, train_rmse-1.6205, valid_rmse-1.6348, valid_pr-0.4864
2022-11-22 05:26:19 - INFO - epoch-32, train_loss-2.6399, train_rmse-1.6248, valid_rmse-1.6565, valid_pr-0.4728
2022-11-22 05:27:33 - INFO - epoch-33, train_loss-2.6366, train_rmse-1.6238, valid_rmse-1.6623, valid_pr-0.4887
2022-11-22 05:28:30 - INFO - epoch-34, train_loss-2.6024, train_rmse-1.6132, valid_rmse-1.6356, valid_pr-0.4966
2022-11-22 05:29:27 - INFO - epoch-35, train_loss-2.7856, train_rmse-1.6690, valid_rmse-1.6866, valid_pr-0.4565
2022-11-22 05:30:11 - INFO - epoch-36, train_loss-2.7681, train_rmse-1.6638, valid_rmse-1.6577, valid_pr-0.4718
2022-11-22 05:31:04 - INFO - epoch-37, train_loss-2.7212, train_rmse-1.6496, valid_rmse-1.6418, valid_pr-0.4734
2022-11-22 05:31:51 - INFO - epoch-38, train_loss-2.6756, train_rmse-1.6357, valid_rmse-1.6334, valid_pr-0.4771
2022-11-22 05:32:35 - INFO - epoch-39, train_loss-2.6375, train_rmse-1.6240, valid_rmse-1.6247, valid_pr-0.4832
2022-11-22 05:33:24 - INFO - epoch-40, train_loss-2.6251, train_rmse-1.6202, valid_rmse-1.6161, valid_pr-0.4956
2022-11-22 05:34:34 - INFO - epoch-41, train_loss-2.5916, train_rmse-1.6098, valid_rmse-1.6293, valid_pr-0.4898
2022-11-22 05:36:01 - INFO - epoch-42, train_loss-2.5945, train_rmse-1.6107, valid_rmse-1.6069, valid_pr-0.5001
2022-11-22 05:36:55 - INFO - epoch-43, train_loss-2.5655, train_rmse-1.6017, valid_rmse-1.5979, valid_pr-0.5060
2022-11-22 05:37:46 - INFO - epoch-44, train_loss-2.5769, train_rmse-1.6053, valid_rmse-1.6480, valid_pr-0.4931
2022-11-22 05:38:34 - INFO - epoch-45, train_loss-2.5515, train_rmse-1.5973, valid_rmse-1.5975, valid_pr-0.5140
2022-11-22 05:39:32 - INFO - epoch-46, train_loss-2.5455, train_rmse-1.5955, valid_rmse-1.5860, valid_pr-0.5135
2022-11-22 05:52:06 - INFO - epoch-47, train_loss-2.5137, train_rmse-1.5855, valid_rmse-1.5917, valid_pr-0.5175
2022-11-22 05:55:34 - INFO - epoch-48, train_loss-2.5050, train_rmse-1.5827, valid_rmse-1.5901, valid_pr-0.5166
2022-11-22 05:56:11 - INFO - epoch-49, train_loss-2.5095, train_rmse-1.5841, valid_rmse-1.5814, valid_pr-0.5175
2022-11-22 05:56:48 - INFO - epoch-50, train_loss-2.5122, train_rmse-1.5850, valid_rmse-1.5826, valid_pr-0.5163
2022-11-22 05:57:23 - INFO - epoch-51, train_loss-2.5035, train_rmse-1.5822, valid_rmse-1.5983, valid_pr-0.5141
2022-11-22 05:57:58 - INFO - epoch-52, train_loss-2.4759, train_rmse-1.5735, valid_rmse-1.5770, valid_pr-0.5204
2022-11-22 05:58:34 - INFO - epoch-53, train_loss-2.4640, train_rmse-1.5697, valid_rmse-1.5689, valid_pr-0.5280
2022-11-22 05:59:10 - INFO - epoch-54, train_loss-2.4498, train_rmse-1.5652, valid_rmse-1.5857, valid_pr-0.5297
2022-11-22 05:59:46 - INFO - epoch-55, train_loss-2.4517, train_rmse-1.5658, valid_rmse-1.5752, valid_pr-0.5279
2022-11-22 06:00:33 - INFO - epoch-56, train_loss-2.4643, train_rmse-1.5698, valid_rmse-1.5759, valid_pr-0.5336
2022-11-22 06:01:10 - INFO - epoch-57, train_loss-2.4402, train_rmse-1.5621, valid_rmse-1.5593, valid_pr-0.5363
2022-11-22 06:01:46 - INFO - epoch-58, train_loss-2.4323, train_rmse-1.5596, valid_rmse-1.5590, valid_pr-0.5383
2022-11-22 06:02:22 - INFO - epoch-59, train_loss-2.4782, train_rmse-1.5742, valid_rmse-1.6257, valid_pr-0.5251
2022-11-22 06:02:59 - INFO - epoch-60, train_loss-2.4535, train_rmse-1.5664, valid_rmse-1.6132, valid_pr-0.5321
2022-11-22 06:03:47 - INFO - epoch-61, train_loss-2.4889, train_rmse-1.5776, valid_rmse-1.6121, valid_pr-0.5431
2022-11-22 06:04:25 - INFO - epoch-62, train_loss-2.4390, train_rmse-1.5617, valid_rmse-1.5695, valid_pr-0.5295
2022-11-22 06:05:02 - INFO - epoch-63, train_loss-2.4263, train_rmse-1.5576, valid_rmse-1.5642, valid_pr-0.5360
2022-11-22 06:05:39 - INFO - epoch-64, train_loss-2.4539, train_rmse-1.5665, valid_rmse-1.5650, valid_pr-0.5307
2022-11-22 06:06:16 - INFO - epoch-65, train_loss-2.4317, train_rmse-1.5594, valid_rmse-1.5651, valid_pr-0.5413
2022-11-22 06:07:04 - INFO - epoch-66, train_loss-2.4346, train_rmse-1.5603, valid_rmse-1.5537, valid_pr-0.5409
2022-11-22 06:07:43 - INFO - epoch-67, train_loss-2.4026, train_rmse-1.5500, valid_rmse-1.5507, valid_pr-0.5489
2022-11-22 06:08:24 - INFO - epoch-68, train_loss-2.4455, train_rmse-1.5638, valid_rmse-1.5548, valid_pr-0.5424
2022-11-22 06:09:01 - INFO - epoch-69, train_loss-2.4190, train_rmse-1.5553, valid_rmse-1.5539, valid_pr-0.5467
2022-11-22 06:09:40 - INFO - epoch-70, train_loss-2.4048, train_rmse-1.5507, valid_rmse-1.5596, valid_pr-0.5383
2022-11-22 06:10:20 - INFO - epoch-71, train_loss-2.4383, train_rmse-1.5615, valid_rmse-1.5578, valid_pr-0.5446
2022-11-22 06:11:01 - INFO - epoch-72, train_loss-2.3837, train_rmse-1.5439, valid_rmse-1.5504, valid_pr-0.5444
2022-11-22 06:11:38 - INFO - epoch-73, train_loss-2.3854, train_rmse-1.5445, valid_rmse-1.5599, valid_pr-0.5495
2022-11-22 06:12:15 - INFO - epoch-74, train_loss-2.3814, train_rmse-1.5432, valid_rmse-1.5603, valid_pr-0.5366
2022-11-22 06:12:56 - INFO - epoch-75, train_loss-2.4119, train_rmse-1.5530, valid_rmse-1.5509, valid_pr-0.5427
2022-11-22 06:13:46 - INFO - epoch-76, train_loss-2.3804, train_rmse-1.5428, valid_rmse-1.5407, valid_pr-0.5537
2022-11-22 06:14:23 - INFO - epoch-77, train_loss-2.3784, train_rmse-1.5422, valid_rmse-1.5902, valid_pr-0.5513
2022-11-22 06:15:01 - INFO - epoch-78, train_loss-2.3780, train_rmse-1.5421, valid_rmse-1.5647, valid_pr-0.5422
2022-11-22 06:15:40 - INFO - epoch-79, train_loss-2.3756, train_rmse-1.5413, valid_rmse-1.5634, valid_pr-0.5473
2022-11-22 06:16:27 - INFO - epoch-80, train_loss-2.3548, train_rmse-1.5346, valid_rmse-1.5510, valid_pr-0.5430
2022-11-22 06:17:06 - INFO - epoch-81, train_loss-2.3451, train_rmse-1.5314, valid_rmse-1.5458, valid_pr-0.5471
2022-11-22 06:17:49 - INFO - epoch-82, train_loss-2.3330, train_rmse-1.5274, valid_rmse-1.5390, valid_pr-0.5528
2022-11-22 06:18:27 - INFO - epoch-83, train_loss-2.3945, train_rmse-1.5474, valid_rmse-1.5726, valid_pr-0.5475
2022-11-22 06:19:02 - INFO - epoch-84, train_loss-2.3772, train_rmse-1.5418, valid_rmse-1.5514, valid_pr-0.5562
2022-11-22 06:19:42 - INFO - epoch-85, train_loss-2.3392, train_rmse-1.5294, valid_rmse-1.5390, valid_pr-0.5527
2022-11-22 06:20:24 - INFO - epoch-86, train_loss-2.3557, train_rmse-1.5348, valid_rmse-1.5461, valid_pr-0.5529
2022-11-22 06:21:07 - INFO - epoch-87, train_loss-2.3227, train_rmse-1.5240, valid_rmse-1.5356, valid_pr-0.5571
2022-11-22 06:21:55 - INFO - epoch-88, train_loss-2.3102, train_rmse-1.5199, valid_rmse-1.5732, valid_pr-0.5412
2022-11-22 06:22:41 - INFO - epoch-89, train_loss-2.3430, train_rmse-1.5307, valid_rmse-1.5468, valid_pr-0.5493
2022-11-22 06:24:17 - INFO - epoch-90, train_loss-2.4372, train_rmse-1.5611, valid_rmse-1.5562, valid_pr-0.5447
2022-11-22 06:27:25 - INFO - epoch-91, train_loss-2.4042, train_rmse-1.5506, valid_rmse-1.5666, valid_pr-0.5483
2022-11-22 06:30:05 - INFO - epoch-92, train_loss-2.3727, train_rmse-1.5403, valid_rmse-1.5588, valid_pr-0.5508
2022-11-22 06:32:54 - INFO - epoch-93, train_loss-2.3391, train_rmse-1.5294, valid_rmse-1.5275, valid_pr-0.5692
2022-11-22 06:35:42 - INFO - epoch-94, train_loss-2.3038, train_rmse-1.5178, valid_rmse-1.5281, valid_pr-0.5650
2022-11-22 06:38:11 - INFO - epoch-95, train_loss-2.3150, train_rmse-1.5215, valid_rmse-1.5430, valid_pr-0.5527
2022-11-22 06:40:18 - INFO - epoch-96, train_loss-2.3475, train_rmse-1.5322, valid_rmse-1.5727, valid_pr-0.5492
2022-11-22 06:42:37 - INFO - epoch-97, train_loss-2.3200, train_rmse-1.5232, valid_rmse-1.5335, valid_pr-0.5573
2022-11-22 06:45:26 - INFO - epoch-98, train_loss-2.2844, train_rmse-1.5114, valid_rmse-1.5266, valid_pr-0.5678
2022-11-22 06:48:57 - INFO - epoch-99, train_loss-2.2827, train_rmse-1.5109, valid_rmse-1.5323, valid_pr-0.5597
2022-11-22 06:52:04 - INFO - epoch-100, train_loss-2.2668, train_rmse-1.5056, valid_rmse-1.5163, valid_pr-0.5745
2022-11-22 06:55:05 - INFO - epoch-101, train_loss-2.3307, train_rmse-1.5266, valid_rmse-1.5551, valid_pr-0.5424
2022-11-22 06:57:48 - INFO - epoch-102, train_loss-2.3331, train_rmse-1.5274, valid_rmse-1.5359, valid_pr-0.5557
2022-11-22 07:00:34 - INFO - epoch-103, train_loss-2.3289, train_rmse-1.5261, valid_rmse-1.5550, valid_pr-0.5438
2022-11-22 07:03:08 - INFO - epoch-104, train_loss-2.3288, train_rmse-1.5260, valid_rmse-1.5384, valid_pr-0.5550
2022-11-22 07:05:45 - INFO - epoch-105, train_loss-2.3093, train_rmse-1.5196, valid_rmse-1.5468, valid_pr-0.5595
2022-11-22 07:08:19 - INFO - epoch-106, train_loss-2.2823, train_rmse-1.5107, valid_rmse-1.5349, valid_pr-0.5644
2022-11-22 07:10:58 - INFO - epoch-107, train_loss-2.2723, train_rmse-1.5074, valid_rmse-1.5295, valid_pr-0.5621
2022-11-22 07:13:49 - INFO - epoch-108, train_loss-2.2624, train_rmse-1.5041, valid_rmse-1.5226, valid_pr-0.5679
2022-11-22 07:16:54 - INFO - epoch-109, train_loss-2.2813, train_rmse-1.5104, valid_rmse-1.5428, valid_pr-0.5526
2022-11-22 07:19:08 - INFO - epoch-110, train_loss-2.2774, train_rmse-1.5091, valid_rmse-1.5583, valid_pr-0.5592
2022-11-22 07:19:56 - INFO - epoch-111, train_loss-2.2584, train_rmse-1.5028, valid_rmse-1.5278, valid_pr-0.5672
2022-11-22 07:20:57 - INFO - epoch-112, train_loss-2.2683, train_rmse-1.5061, valid_rmse-1.5402, valid_pr-0.5583
2022-11-22 07:21:46 - INFO - epoch-113, train_loss-2.2872, train_rmse-1.5124, valid_rmse-1.5271, valid_pr-0.5696
2022-11-22 07:22:25 - INFO - epoch-114, train_loss-2.2654, train_rmse-1.5051, valid_rmse-1.5338, valid_pr-0.5655
2022-11-22 07:23:03 - INFO - epoch-115, train_loss-2.2812, train_rmse-1.5104, valid_rmse-1.5205, valid_pr-0.5699
2022-11-22 07:23:49 - INFO - epoch-116, train_loss-2.2434, train_rmse-1.4978, valid_rmse-1.5173, valid_pr-0.5702
2022-11-22 07:24:31 - INFO - epoch-117, train_loss-2.2838, train_rmse-1.5112, valid_rmse-1.4986, valid_pr-0.5849
2022-11-22 07:25:31 - INFO - epoch-118, train_loss-2.3084, train_rmse-1.5193, valid_rmse-1.5393, valid_pr-0.5817
2022-11-22 07:26:17 - INFO - epoch-119, train_loss-2.2483, train_rmse-1.4994, valid_rmse-1.5177, valid_pr-0.5766
2022-11-22 07:26:57 - INFO - epoch-120, train_loss-2.2388, train_rmse-1.4963, valid_rmse-1.5095, valid_pr-0.5759
2022-11-22 07:27:38 - INFO - epoch-121, train_loss-2.2569, train_rmse-1.5023, valid_rmse-1.5033, valid_pr-0.5813
2022-11-22 07:28:18 - INFO - epoch-122, train_loss-2.2374, train_rmse-1.4958, valid_rmse-1.5150, valid_pr-0.5749
2022-11-22 07:28:56 - INFO - epoch-123, train_loss-2.2414, train_rmse-1.4971, valid_rmse-1.5122, valid_pr-0.5741
2022-11-22 07:29:34 - INFO - epoch-124, train_loss-2.2139, train_rmse-1.4879, valid_rmse-1.4960, valid_pr-0.5870
2022-11-22 07:30:17 - INFO - epoch-125, train_loss-2.2474, train_rmse-1.4991, valid_rmse-1.5053, valid_pr-0.5791
2022-11-22 07:31:04 - INFO - epoch-126, train_loss-2.2400, train_rmse-1.4967, valid_rmse-1.5055, valid_pr-0.5833
2022-11-22 07:31:47 - INFO - epoch-127, train_loss-2.3617, train_rmse-1.5368, valid_rmse-1.5591, valid_pr-0.5419
2022-11-22 07:32:26 - INFO - epoch-128, train_loss-2.3665, train_rmse-1.5383, valid_rmse-1.5485, valid_pr-0.5454
2022-11-22 07:33:02 - INFO - epoch-129, train_loss-2.3682, train_rmse-1.5389, valid_rmse-1.5809, valid_pr-0.5412
2022-11-22 07:33:40 - INFO - epoch-130, train_loss-2.3232, train_rmse-1.5242, valid_rmse-1.5445, valid_pr-0.5547
2022-11-22 07:34:19 - INFO - epoch-131, train_loss-2.2791, train_rmse-1.5097, valid_rmse-1.5303, valid_pr-0.5694
2022-11-22 07:35:04 - INFO - epoch-132, train_loss-2.2686, train_rmse-1.5062, valid_rmse-1.5196, valid_pr-0.5713
2022-11-22 07:35:43 - INFO - epoch-133, train_loss-2.2487, train_rmse-1.4996, valid_rmse-1.5150, valid_pr-0.5735
2022-11-22 07:36:24 - INFO - epoch-134, train_loss-2.2829, train_rmse-1.5109, valid_rmse-1.5212, valid_pr-0.5703
2022-11-22 07:37:08 - INFO - epoch-135, train_loss-2.2464, train_rmse-1.4988, valid_rmse-1.5304, valid_pr-0.5715
2022-11-22 07:37:47 - INFO - epoch-136, train_loss-2.2485, train_rmse-1.4995, valid_rmse-1.5101, valid_pr-0.5755
2022-11-22 07:38:27 - INFO - epoch-137, train_loss-2.2206, train_rmse-1.4902, valid_rmse-1.5083, valid_pr-0.5785
2022-11-22 07:39:12 - INFO - epoch-138, train_loss-2.2303, train_rmse-1.4934, valid_rmse-1.5137, valid_pr-0.5770
2022-11-22 07:39:52 - INFO - epoch-139, train_loss-2.2103, train_rmse-1.4867, valid_rmse-1.5065, valid_pr-0.5813
2022-11-22 07:40:31 - INFO - epoch-140, train_loss-2.2088, train_rmse-1.4862, valid_rmse-1.5276, valid_pr-0.5815
2022-11-22 07:41:08 - INFO - epoch-141, train_loss-2.2055, train_rmse-1.4851, valid_rmse-1.5262, valid_pr-0.5792
2022-11-22 07:41:57 - INFO - epoch-142, train_loss-2.2129, train_rmse-1.4876, valid_rmse-1.5146, valid_pr-0.5837
2022-11-22 07:42:49 - INFO - epoch-143, train_loss-2.1967, train_rmse-1.4821, valid_rmse-1.4977, valid_pr-0.5852
2022-11-22 07:43:28 - INFO - epoch-144, train_loss-2.1787, train_rmse-1.4760, valid_rmse-1.4859, valid_pr-0.5936
2022-11-22 07:44:05 - INFO - epoch-145, train_loss-2.1950, train_rmse-1.4816, valid_rmse-1.4853, valid_pr-0.5946
2022-11-22 07:44:46 - INFO - epoch-146, train_loss-2.1858, train_rmse-1.4784, valid_rmse-1.5009, valid_pr-0.5901
2022-11-22 07:45:30 - INFO - epoch-147, train_loss-2.1654, train_rmse-1.4715, valid_rmse-1.4978, valid_pr-0.5956
2022-11-22 07:46:06 - INFO - epoch-148, train_loss-2.1575, train_rmse-1.4688, valid_rmse-1.4927, valid_pr-0.5891
2022-11-22 07:46:46 - INFO - epoch-149, train_loss-2.1543, train_rmse-1.4677, valid_rmse-1.4801, valid_pr-0.5979
2022-11-22 07:47:24 - INFO - epoch-150, train_loss-2.1860, train_rmse-1.4785, valid_rmse-1.4966, valid_pr-0.5945
2022-11-22 07:48:06 - INFO - epoch-151, train_loss-2.1802, train_rmse-1.4765, valid_rmse-1.5106, valid_pr-0.5752
2022-11-22 07:48:49 - INFO - epoch-152, train_loss-2.2271, train_rmse-1.4924, valid_rmse-1.5165, valid_pr-0.5844
2022-11-22 07:49:28 - INFO - epoch-153, train_loss-2.1844, train_rmse-1.4780, valid_rmse-1.4876, valid_pr-0.5993
2022-11-22 07:50:04 - INFO - epoch-154, train_loss-2.1736, train_rmse-1.4743, valid_rmse-1.4913, valid_pr-0.5933
2022-11-22 07:50:40 - INFO - epoch-155, train_loss-2.1644, train_rmse-1.4712, valid_rmse-1.5011, valid_pr-0.5940
2022-11-22 07:51:18 - INFO - epoch-156, train_loss-2.1539, train_rmse-1.4676, valid_rmse-1.4875, valid_pr-0.6009
2022-11-22 07:51:57 - INFO - epoch-157, train_loss-2.1410, train_rmse-1.4632, valid_rmse-1.4841, valid_pr-0.5947
2022-11-22 07:52:39 - INFO - epoch-158, train_loss-2.1332, train_rmse-1.4605, valid_rmse-1.4879, valid_pr-0.5961
2022-11-22 07:53:19 - INFO - epoch-159, train_loss-2.1309, train_rmse-1.4598, valid_rmse-1.4890, valid_pr-0.5974
2022-11-22 07:54:00 - INFO - epoch-160, train_loss-2.1249, train_rmse-1.4577, valid_rmse-1.4954, valid_pr-0.5894
2022-11-22 07:54:38 - INFO - epoch-161, train_loss-2.1485, train_rmse-1.4658, valid_rmse-1.4808, valid_pr-0.6016
2022-11-22 07:55:20 - INFO - epoch-162, train_loss-2.1476, train_rmse-1.4655, valid_rmse-1.4833, valid_pr-0.5993
2022-11-22 07:55:59 - INFO - epoch-163, train_loss-2.1375, train_rmse-1.4620, valid_rmse-1.4740, valid_pr-0.6021
2022-11-22 07:56:41 - INFO - epoch-164, train_loss-2.1157, train_rmse-1.4545, valid_rmse-1.4827, valid_pr-0.6033
2022-11-22 07:57:19 - INFO - epoch-165, train_loss-2.1426, train_rmse-1.4638, valid_rmse-1.4852, valid_pr-0.6050
2022-11-22 07:57:56 - INFO - epoch-166, train_loss-2.1000, train_rmse-1.4491, valid_rmse-1.4685, valid_pr-0.6077
2022-11-22 07:58:38 - INFO - epoch-167, train_loss-2.1089, train_rmse-1.4522, valid_rmse-1.4913, valid_pr-0.6001
2022-11-22 07:59:17 - INFO - epoch-168, train_loss-2.1327, train_rmse-1.4604, valid_rmse-1.4776, valid_pr-0.5997
2022-11-22 07:59:56 - INFO - epoch-169, train_loss-2.0899, train_rmse-1.4456, valid_rmse-1.4903, valid_pr-0.6057
2022-11-22 08:00:37 - INFO - epoch-170, train_loss-2.1037, train_rmse-1.4504, valid_rmse-1.4797, valid_pr-0.6059
2022-11-22 08:01:14 - INFO - epoch-171, train_loss-2.0881, train_rmse-1.4450, valid_rmse-1.4562, valid_pr-0.6150
2022-11-22 08:01:51 - INFO - epoch-172, train_loss-2.0814, train_rmse-1.4427, valid_rmse-1.4675, valid_pr-0.6074
2022-11-22 08:02:39 - INFO - epoch-173, train_loss-2.1313, train_rmse-1.4599, valid_rmse-1.4926, valid_pr-0.6037
2022-11-22 08:03:20 - INFO - epoch-174, train_loss-2.0981, train_rmse-1.4485, valid_rmse-1.4890, valid_pr-0.6198
2022-11-22 08:04:00 - INFO - epoch-175, train_loss-2.0967, train_rmse-1.4480, valid_rmse-1.4938, valid_pr-0.6116
2022-11-22 08:04:39 - INFO - epoch-176, train_loss-2.0735, train_rmse-1.4400, valid_rmse-1.4628, valid_pr-0.6108
2022-11-22 08:05:19 - INFO - epoch-177, train_loss-2.0817, train_rmse-1.4428, valid_rmse-1.4708, valid_pr-0.6103
2022-11-22 08:05:58 - INFO - epoch-178, train_loss-2.0667, train_rmse-1.4376, valid_rmse-1.4819, valid_pr-0.6102
2022-11-22 08:06:41 - INFO - epoch-179, train_loss-2.0721, train_rmse-1.4395, valid_rmse-1.4841, valid_pr-0.6099
2022-11-22 08:07:22 - INFO - epoch-180, train_loss-2.0925, train_rmse-1.4465, valid_rmse-1.5188, valid_pr-0.6053
2022-11-22 08:08:08 - INFO - epoch-181, train_loss-2.0655, train_rmse-1.4372, valid_rmse-1.4669, valid_pr-0.6084
2022-11-22 08:08:52 - INFO - epoch-182, train_loss-2.0777, train_rmse-1.4414, valid_rmse-1.4699, valid_pr-0.6059
2022-11-22 08:09:32 - INFO - epoch-183, train_loss-2.0795, train_rmse-1.4420, valid_rmse-1.4875, valid_pr-0.6040
2022-11-22 08:10:18 - INFO - epoch-184, train_loss-2.0943, train_rmse-1.4472, valid_rmse-1.4894, valid_pr-0.5925
2022-11-22 08:10:54 - INFO - epoch-185, train_loss-2.1024, train_rmse-1.4500, valid_rmse-1.4768, valid_pr-0.6070
2022-11-22 08:11:41 - INFO - epoch-186, train_loss-2.0890, train_rmse-1.4453, valid_rmse-1.4692, valid_pr-0.6088
2022-11-22 08:12:21 - INFO - epoch-187, train_loss-2.0723, train_rmse-1.4396, valid_rmse-1.4728, valid_pr-0.6053
2022-11-22 08:13:03 - INFO - epoch-188, train_loss-2.0664, train_rmse-1.4375, valid_rmse-1.4906, valid_pr-0.5951
2022-11-22 08:14:00 - INFO - epoch-189, train_loss-2.0510, train_rmse-1.4321, valid_rmse-1.4653, valid_pr-0.6142
2022-11-22 08:14:45 - INFO - epoch-190, train_loss-2.0453, train_rmse-1.4301, valid_rmse-1.4740, valid_pr-0.6117
2022-11-22 08:15:43 - INFO - epoch-191, train_loss-2.0559, train_rmse-1.4338, valid_rmse-1.5160, valid_pr-0.6047
2022-11-22 08:16:26 - INFO - epoch-192, train_loss-2.0539, train_rmse-1.4331, valid_rmse-1.4638, valid_pr-0.6103
2022-11-22 08:17:06 - INFO - epoch-193, train_loss-2.0326, train_rmse-1.4257, valid_rmse-1.4565, valid_pr-0.6151
2022-11-22 08:17:43 - INFO - epoch-194, train_loss-2.0323, train_rmse-1.4256, valid_rmse-1.4597, valid_pr-0.6152
2022-11-22 08:18:31 - INFO - epoch-195, train_loss-2.0289, train_rmse-1.4244, valid_rmse-1.4494, valid_pr-0.6216
2022-11-22 08:19:13 - INFO - epoch-196, train_loss-2.0311, train_rmse-1.4252, valid_rmse-1.4497, valid_pr-0.6227
2022-11-22 08:19:58 - INFO - epoch-197, train_loss-2.0228, train_rmse-1.4223, valid_rmse-1.4567, valid_pr-0.6156
2022-11-22 08:20:50 - INFO - epoch-198, train_loss-2.0118, train_rmse-1.4184, valid_rmse-1.4585, valid_pr-0.6148
2022-11-22 08:21:37 - INFO - epoch-199, train_loss-2.0246, train_rmse-1.4229, valid_rmse-1.4458, valid_pr-0.6218
2022-11-22 08:22:22 - INFO - epoch-200, train_loss-2.0297, train_rmse-1.4247, valid_rmse-1.4556, valid_pr-0.6160
2022-11-22 08:23:01 - INFO - epoch-201, train_loss-2.0034, train_rmse-1.4154, valid_rmse-1.4453, valid_pr-0.6236
2022-11-22 08:23:48 - INFO - epoch-202, train_loss-2.0196, train_rmse-1.4211, valid_rmse-1.4563, valid_pr-0.6225
2022-11-22 08:24:36 - INFO - epoch-203, train_loss-2.0274, train_rmse-1.4239, valid_rmse-1.4358, valid_pr-0.6287
2022-11-22 08:25:28 - INFO - epoch-204, train_loss-2.0029, train_rmse-1.4152, valid_rmse-1.4449, valid_pr-0.6288
2022-11-22 08:26:17 - INFO - epoch-205, train_loss-1.9848, train_rmse-1.4088, valid_rmse-1.4405, valid_pr-0.6283
2022-11-22 08:27:26 - INFO - epoch-206, train_loss-1.9969, train_rmse-1.4131, valid_rmse-1.4635, valid_pr-0.6301
2022-11-22 08:28:24 - INFO - epoch-207, train_loss-2.0034, train_rmse-1.4154, valid_rmse-1.4338, valid_pr-0.6309
2022-11-22 08:29:29 - INFO - epoch-208, train_loss-2.0008, train_rmse-1.4145, valid_rmse-1.4482, valid_pr-0.6327
2022-11-22 08:30:17 - INFO - epoch-209, train_loss-1.9835, train_rmse-1.4084, valid_rmse-1.4449, valid_pr-0.6251
2022-11-22 08:31:03 - INFO - epoch-210, train_loss-1.9999, train_rmse-1.4142, valid_rmse-1.4303, valid_pr-0.6336
2022-11-22 08:31:46 - INFO - epoch-211, train_loss-2.0008, train_rmse-1.4145, valid_rmse-1.4429, valid_pr-0.6276
2022-11-22 08:32:38 - INFO - epoch-212, train_loss-1.9816, train_rmse-1.4077, valid_rmse-1.4459, valid_pr-0.6295
2022-11-22 08:33:25 - INFO - epoch-213, train_loss-2.0587, train_rmse-1.4348, valid_rmse-1.4743, valid_pr-0.6124
2022-11-22 08:34:11 - INFO - epoch-214, train_loss-2.0264, train_rmse-1.4235, valid_rmse-1.4454, valid_pr-0.6222
2022-11-22 08:34:54 - INFO - epoch-215, train_loss-2.0264, train_rmse-1.4235, valid_rmse-1.4457, valid_pr-0.6249
2022-11-22 08:36:12 - INFO - epoch-216, train_loss-1.9795, train_rmse-1.4069, valid_rmse-1.4732, valid_pr-0.6165
2022-11-22 08:37:21 - INFO - epoch-217, train_loss-1.9788, train_rmse-1.4067, valid_rmse-1.4668, valid_pr-0.6328
2022-11-22 08:38:07 - INFO - epoch-218, train_loss-1.9843, train_rmse-1.4086, valid_rmse-1.4317, valid_pr-0.6411
2022-11-22 08:38:52 - INFO - epoch-219, train_loss-1.9706, train_rmse-1.4038, valid_rmse-1.4504, valid_pr-0.6362
2022-11-22 08:39:54 - INFO - epoch-220, train_loss-1.9616, train_rmse-1.4006, valid_rmse-1.4342, valid_pr-0.6357
2022-11-22 08:40:35 - INFO - epoch-221, train_loss-1.9401, train_rmse-1.3929, valid_rmse-1.4319, valid_pr-0.6312
2022-11-22 08:41:44 - INFO - epoch-222, train_loss-1.9596, train_rmse-1.3999, valid_rmse-1.4444, valid_pr-0.6284
2022-11-22 08:42:46 - INFO - epoch-223, train_loss-1.9516, train_rmse-1.3970, valid_rmse-1.4294, valid_pr-0.6372
2022-11-22 08:43:38 - INFO - epoch-224, train_loss-1.9568, train_rmse-1.3988, valid_rmse-1.4295, valid_pr-0.6341
2022-11-22 08:44:30 - INFO - epoch-225, train_loss-1.9257, train_rmse-1.3877, valid_rmse-1.4197, valid_pr-0.6419
2022-11-22 08:45:19 - INFO - epoch-226, train_loss-1.9611, train_rmse-1.4004, valid_rmse-1.4535, valid_pr-0.6170
2022-11-22 08:46:02 - INFO - epoch-227, train_loss-2.0030, train_rmse-1.4153, valid_rmse-1.4865, valid_pr-0.6080
2022-11-22 08:46:41 - INFO - epoch-228, train_loss-1.9866, train_rmse-1.4095, valid_rmse-1.4216, valid_pr-0.6394
2022-11-22 08:47:48 - INFO - epoch-229, train_loss-1.9785, train_rmse-1.4066, valid_rmse-1.4189, valid_pr-0.6428
2022-11-22 08:48:34 - INFO - epoch-230, train_loss-1.9495, train_rmse-1.3962, valid_rmse-1.4318, valid_pr-0.6387
2022-11-22 08:49:26 - INFO - epoch-231, train_loss-1.9623, train_rmse-1.4008, valid_rmse-1.4282, valid_pr-0.6399
2022-11-22 08:50:40 - INFO - epoch-232, train_loss-1.9560, train_rmse-1.3986, valid_rmse-1.4474, valid_pr-0.6409
2022-11-22 08:51:36 - INFO - epoch-233, train_loss-1.9359, train_rmse-1.3914, valid_rmse-1.4371, valid_pr-0.6294
2022-11-22 08:52:30 - INFO - epoch-234, train_loss-1.9511, train_rmse-1.3968, valid_rmse-1.4184, valid_pr-0.6401
2022-11-22 08:53:44 - INFO - epoch-235, train_loss-1.9351, train_rmse-1.3911, valid_rmse-1.4226, valid_pr-0.6377
2022-11-22 08:55:24 - INFO - epoch-236, train_loss-1.9114, train_rmse-1.3825, valid_rmse-1.4157, valid_pr-0.6426
2022-11-22 08:56:15 - INFO - epoch-237, train_loss-1.9171, train_rmse-1.3846, valid_rmse-1.4288, valid_pr-0.6395
2022-11-22 08:56:56 - INFO - epoch-238, train_loss-1.9210, train_rmse-1.3860, valid_rmse-1.4577, valid_pr-0.6322
2022-11-22 08:57:56 - INFO - epoch-239, train_loss-2.0226, train_rmse-1.4222, valid_rmse-1.4737, valid_pr-0.6126
2022-11-22 08:58:45 - INFO - epoch-240, train_loss-2.0652, train_rmse-1.4371, valid_rmse-1.4522, valid_pr-0.6225
2022-11-22 08:59:29 - INFO - epoch-241, train_loss-2.0323, train_rmse-1.4256, valid_rmse-1.4560, valid_pr-0.6174
2022-11-22 09:00:11 - INFO - epoch-242, train_loss-1.9620, train_rmse-1.4007, valid_rmse-1.4418, valid_pr-0.6335
2022-11-22 09:00:54 - INFO - epoch-243, train_loss-1.9454, train_rmse-1.3948, valid_rmse-1.4420, valid_pr-0.6394
2022-11-22 09:01:43 - INFO - epoch-244, train_loss-1.9367, train_rmse-1.3916, valid_rmse-1.4274, valid_pr-0.6357
2022-11-22 09:02:24 - INFO - epoch-245, train_loss-1.9734, train_rmse-1.4048, valid_rmse-1.4221, valid_pr-0.6496
2022-11-22 09:03:06 - INFO - epoch-246, train_loss-1.9365, train_rmse-1.3916, valid_rmse-1.4424, valid_pr-0.6452
2022-11-22 09:03:52 - INFO - epoch-247, train_loss-1.8990, train_rmse-1.3781, valid_rmse-1.4084, valid_pr-0.6467
2022-11-22 09:04:38 - INFO - epoch-248, train_loss-1.9241, train_rmse-1.3871, valid_rmse-1.4305, valid_pr-0.6361
2022-11-22 09:05:19 - INFO - epoch-249, train_loss-1.9966, train_rmse-1.4130, valid_rmse-1.4166, valid_pr-0.6448
2022-11-22 09:06:37 - INFO - epoch-250, train_loss-1.9710, train_rmse-1.4039, valid_rmse-1.4110, valid_pr-0.6467
2022-11-22 09:08:18 - INFO - epoch-251, train_loss-1.9450, train_rmse-1.3946, valid_rmse-1.4046, valid_pr-0.6495
2022-11-22 09:10:02 - INFO - epoch-252, train_loss-1.9107, train_rmse-1.3823, valid_rmse-1.4018, valid_pr-0.6512
2022-11-22 09:11:21 - INFO - epoch-253, train_loss-1.8903, train_rmse-1.3749, valid_rmse-1.4103, valid_pr-0.6455
2022-11-22 09:12:51 - INFO - epoch-254, train_loss-1.8896, train_rmse-1.3746, valid_rmse-1.4088, valid_pr-0.6501
2022-11-22 09:13:58 - INFO - epoch-255, train_loss-1.8825, train_rmse-1.3721, valid_rmse-1.4260, valid_pr-0.6492
2022-11-22 09:14:42 - INFO - epoch-256, train_loss-1.8796, train_rmse-1.3710, valid_rmse-1.4094, valid_pr-0.6462
2022-11-22 09:15:21 - INFO - epoch-257, train_loss-1.8674, train_rmse-1.3665, valid_rmse-1.4231, valid_pr-0.6501
2022-11-22 09:16:00 - INFO - epoch-258, train_loss-1.8762, train_rmse-1.3697, valid_rmse-1.4131, valid_pr-0.6451
2022-11-22 09:16:49 - INFO - epoch-259, train_loss-1.8734, train_rmse-1.3687, valid_rmse-1.4171, valid_pr-0.6442
2022-11-22 09:17:46 - INFO - epoch-260, train_loss-2.1482, train_rmse-1.4657, valid_rmse-1.4925, valid_pr-0.5938
2022-11-22 09:18:51 - INFO - epoch-261, train_loss-2.1519, train_rmse-1.4669, valid_rmse-1.4779, valid_pr-0.6125
2022-11-22 09:19:52 - INFO - epoch-262, train_loss-2.0525, train_rmse-1.4326, valid_rmse-1.4452, valid_pr-0.6230
2022-11-22 09:20:50 - INFO - epoch-263, train_loss-2.0234, train_rmse-1.4225, valid_rmse-1.4397, valid_pr-0.6281
2022-11-22 09:21:34 - INFO - epoch-264, train_loss-2.0078, train_rmse-1.4170, valid_rmse-1.4393, valid_pr-0.6291
2022-11-22 09:22:28 - INFO - epoch-265, train_loss-1.9815, train_rmse-1.4077, valid_rmse-1.4277, valid_pr-0.6342
2022-11-22 09:23:37 - INFO - epoch-266, train_loss-1.9679, train_rmse-1.4028, valid_rmse-1.4471, valid_pr-0.6266
2022-11-22 09:24:50 - INFO - epoch-267, train_loss-1.9592, train_rmse-1.3997, valid_rmse-1.4288, valid_pr-0.6339
2022-11-22 09:25:48 - INFO - epoch-268, train_loss-1.9394, train_rmse-1.3926, valid_rmse-1.4211, valid_pr-0.6394
2022-11-22 09:26:29 - INFO - epoch-269, train_loss-1.9538, train_rmse-1.3978, valid_rmse-1.4391, valid_pr-0.6363
2022-11-22 09:27:09 - INFO - epoch-270, train_loss-1.9260, train_rmse-1.3878, valid_rmse-1.4162, valid_pr-0.6420
2022-11-22 09:27:51 - INFO - epoch-271, train_loss-1.9054, train_rmse-1.3804, valid_rmse-1.4273, valid_pr-0.6360
2022-11-22 09:28:34 - INFO - epoch-272, train_loss-2.0028, train_rmse-1.4152, valid_rmse-1.4676, valid_pr-0.6108
2022-11-22 09:29:31 - INFO - epoch-273, train_loss-2.0010, train_rmse-1.4146, valid_rmse-1.4347, valid_pr-0.6306
2022-11-22 09:30:20 - INFO - epoch-274, train_loss-1.9455, train_rmse-1.3948, valid_rmse-1.4439, valid_pr-0.6299
2022-11-22 09:31:09 - INFO - epoch-275, train_loss-1.9252, train_rmse-1.3875, valid_rmse-1.4272, valid_pr-0.6370
2022-11-22 09:32:00 - INFO - epoch-276, train_loss-1.9075, train_rmse-1.3811, valid_rmse-1.4215, valid_pr-0.6416
2022-11-22 09:32:47 - INFO - epoch-277, train_loss-1.8872, train_rmse-1.3738, valid_rmse-1.4093, valid_pr-0.6465
2022-11-22 09:33:43 - INFO - epoch-278, train_loss-1.9046, train_rmse-1.3801, valid_rmse-1.4174, valid_pr-0.6483
2022-11-22 09:34:53 - INFO - epoch-279, train_loss-1.8919, train_rmse-1.3755, valid_rmse-1.4289, valid_pr-0.6423
2022-11-22 09:35:53 - INFO - epoch-280, train_loss-1.8674, train_rmse-1.3665, valid_rmse-1.4166, valid_pr-0.6425
2022-11-22 09:36:38 - INFO - epoch-281, train_loss-1.8641, train_rmse-1.3653, valid_rmse-1.4066, valid_pr-0.6507
2022-11-22 09:37:15 - INFO - epoch-282, train_loss-1.8651, train_rmse-1.3657, valid_rmse-1.4028, valid_pr-0.6502
2022-11-22 09:37:53 - INFO - epoch-283, train_loss-1.8809, train_rmse-1.3715, valid_rmse-1.4001, valid_pr-0.6533
2022-11-22 09:38:30 - INFO - epoch-284, train_loss-1.8680, train_rmse-1.3667, valid_rmse-1.4165, valid_pr-0.6496
2022-11-22 09:39:18 - INFO - epoch-285, train_loss-1.8719, train_rmse-1.3682, valid_rmse-1.4223, valid_pr-0.6458
2022-11-22 09:39:59 - INFO - epoch-286, train_loss-1.8730, train_rmse-1.3686, valid_rmse-1.4046, valid_pr-0.6512
2022-11-22 09:40:35 - INFO - epoch-287, train_loss-1.8596, train_rmse-1.3637, valid_rmse-1.4118, valid_pr-0.6532
2022-11-22 09:41:26 - INFO - epoch-288, train_loss-1.8521, train_rmse-1.3609, valid_rmse-1.4873, valid_pr-0.6560
2022-11-22 09:42:23 - INFO - epoch-289, train_loss-1.8773, train_rmse-1.3701, valid_rmse-1.4017, valid_pr-0.6511
2022-11-22 09:43:35 - INFO - epoch-290, train_loss-1.8434, train_rmse-1.3577, valid_rmse-1.4679, valid_pr-0.6502
2022-11-22 09:44:13 - INFO - epoch-291, train_loss-1.9262, train_rmse-1.3879, valid_rmse-1.4875, valid_pr-0.5945
2022-11-22 09:44:50 - INFO - epoch-292, train_loss-1.9765, train_rmse-1.4059, valid_rmse-1.4255, valid_pr-0.6357
2022-11-22 09:45:26 - INFO - epoch-293, train_loss-1.9008, train_rmse-1.3787, valid_rmse-1.4247, valid_pr-0.6430
2022-11-22 09:46:19 - INFO - epoch-294, train_loss-1.8959, train_rmse-1.3769, valid_rmse-1.4304, valid_pr-0.6337
2022-11-22 09:47:15 - INFO - epoch-295, train_loss-1.8751, train_rmse-1.3693, valid_rmse-1.4092, valid_pr-0.6465
2022-11-22 09:47:53 - INFO - epoch-296, train_loss-1.9365, train_rmse-1.3916, valid_rmse-1.4317, valid_pr-0.6368
2022-11-22 09:48:30 - INFO - epoch-297, train_loss-1.9122, train_rmse-1.3828, valid_rmse-1.4289, valid_pr-0.6432
2022-11-22 09:49:07 - INFO - epoch-298, train_loss-1.8788, train_rmse-1.3707, valid_rmse-1.4103, valid_pr-0.6468
2022-11-22 09:49:44 - INFO - epoch-299, train_loss-1.8682, train_rmse-1.3668, valid_rmse-1.4056, valid_pr-0.6530
2022-11-22 09:50:31 - INFO - epoch-300, train_loss-1.8335, train_rmse-1.3541, valid_rmse-1.4318, valid_pr-0.6470
2022-11-22 09:51:08 - INFO - epoch-301, train_loss-1.8591, train_rmse-1.3635, valid_rmse-1.4034, valid_pr-0.6540
2022-11-22 09:51:45 - INFO - epoch-302, train_loss-1.8588, train_rmse-1.3634, valid_rmse-1.4047, valid_pr-0.6503
2022-11-22 09:52:21 - INFO - epoch-303, train_loss-1.8503, train_rmse-1.3603, valid_rmse-1.4079, valid_pr-0.6533
2022-11-22 09:52:59 - INFO - epoch-304, train_loss-1.8221, train_rmse-1.3499, valid_rmse-1.4091, valid_pr-0.6483
2022-11-22 09:53:41 - INFO - epoch-305, train_loss-1.8143, train_rmse-1.3470, valid_rmse-1.4006, valid_pr-0.6516
2022-11-22 09:54:26 - INFO - epoch-306, train_loss-1.8156, train_rmse-1.3474, valid_rmse-1.3895, valid_pr-0.6591
2022-11-22 09:55:07 - INFO - epoch-307, train_loss-1.8352, train_rmse-1.3547, valid_rmse-1.4000, valid_pr-0.6522
2022-11-22 09:56:01 - INFO - epoch-308, train_loss-1.8033, train_rmse-1.3429, valid_rmse-1.4215, valid_pr-0.6504
2022-11-22 09:56:40 - INFO - epoch-309, train_loss-1.8415, train_rmse-1.3570, valid_rmse-1.4201, valid_pr-0.6572
2022-11-22 09:57:26 - INFO - epoch-310, train_loss-1.8260, train_rmse-1.3513, valid_rmse-1.4072, valid_pr-0.6526
2022-11-22 09:58:05 - INFO - epoch-311, train_loss-1.7925, train_rmse-1.3389, valid_rmse-1.3945, valid_pr-0.6560
2022-11-22 09:58:42 - INFO - epoch-312, train_loss-1.7861, train_rmse-1.3364, valid_rmse-1.4088, valid_pr-0.6504
2022-11-22 09:59:21 - INFO - epoch-313, train_loss-1.7847, train_rmse-1.3359, valid_rmse-1.4111, valid_pr-0.6516
2022-11-22 09:59:59 - INFO - epoch-314, train_loss-1.7866, train_rmse-1.3366, valid_rmse-1.3882, valid_pr-0.6600
2022-11-22 10:00:41 - INFO - epoch-315, train_loss-1.8466, train_rmse-1.3589, valid_rmse-1.4057, valid_pr-0.6500
2022-11-22 10:01:17 - INFO - epoch-316, train_loss-1.7960, train_rmse-1.3402, valid_rmse-1.3852, valid_pr-0.6652
2022-11-22 10:01:59 - INFO - epoch-317, train_loss-1.7940, train_rmse-1.3394, valid_rmse-1.4883, valid_pr-0.6542
2022-11-22 10:02:39 - INFO - epoch-318, train_loss-1.8406, train_rmse-1.3567, valid_rmse-1.4148, valid_pr-0.6449
2022-11-22 10:03:16 - INFO - epoch-319, train_loss-1.8122, train_rmse-1.3462, valid_rmse-1.3894, valid_pr-0.6628
2022-11-22 10:03:59 - INFO - epoch-320, train_loss-1.7842, train_rmse-1.3357, valid_rmse-1.4127, valid_pr-0.6558
2022-11-22 10:04:38 - INFO - epoch-321, train_loss-1.9118, train_rmse-1.3827, valid_rmse-1.4161, valid_pr-0.6514
2022-11-22 10:05:13 - INFO - epoch-322, train_loss-1.8944, train_rmse-1.3764, valid_rmse-1.4214, valid_pr-0.6419
2022-11-22 10:05:51 - INFO - epoch-323, train_loss-1.9061, train_rmse-1.3806, valid_rmse-1.4209, valid_pr-0.6499
2022-11-22 10:06:30 - INFO - epoch-324, train_loss-1.8235, train_rmse-1.3504, valid_rmse-1.3852, valid_pr-0.6610
2022-11-22 10:07:07 - INFO - epoch-325, train_loss-1.8148, train_rmse-1.3471, valid_rmse-1.4137, valid_pr-0.6595
2022-11-22 10:08:00 - INFO - epoch-326, train_loss-1.8070, train_rmse-1.3442, valid_rmse-1.3979, valid_pr-0.6534
2022-11-22 10:08:49 - INFO - epoch-327, train_loss-1.7862, train_rmse-1.3365, valid_rmse-1.3782, valid_pr-0.6655
2022-11-22 10:09:36 - INFO - epoch-328, train_loss-1.7658, train_rmse-1.3288, valid_rmse-1.3845, valid_pr-0.6616
2022-11-22 10:10:23 - INFO - epoch-329, train_loss-1.7722, train_rmse-1.3312, valid_rmse-1.3952, valid_pr-0.6568
2022-11-22 10:11:06 - INFO - epoch-330, train_loss-1.7786, train_rmse-1.3336, valid_rmse-1.3882, valid_pr-0.6606
2022-11-22 10:11:49 - INFO - epoch-331, train_loss-1.7645, train_rmse-1.3283, valid_rmse-1.3820, valid_pr-0.6636
2022-11-22 10:12:27 - INFO - epoch-332, train_loss-1.7480, train_rmse-1.3221, valid_rmse-1.3852, valid_pr-0.6651
2022-11-22 10:13:02 - INFO - epoch-333, train_loss-1.7657, train_rmse-1.3288, valid_rmse-1.3933, valid_pr-0.6617
2022-11-22 10:13:37 - INFO - epoch-334, train_loss-1.7911, train_rmse-1.3383, valid_rmse-1.3972, valid_pr-0.6548
2022-11-22 10:14:14 - INFO - epoch-335, train_loss-1.7720, train_rmse-1.3312, valid_rmse-1.3891, valid_pr-0.6668
2022-11-22 10:14:50 - INFO - epoch-336, train_loss-1.7449, train_rmse-1.3210, valid_rmse-1.3778, valid_pr-0.6690
2022-11-22 10:15:42 - INFO - epoch-337, train_loss-1.7741, train_rmse-1.3320, valid_rmse-1.3805, valid_pr-0.6683
2022-11-22 10:16:46 - INFO - epoch-338, train_loss-1.7733, train_rmse-1.3317, valid_rmse-1.3831, valid_pr-0.6630
2022-11-22 10:17:27 - INFO - epoch-339, train_loss-1.7358, train_rmse-1.3175, valid_rmse-1.3913, valid_pr-0.6589
2022-11-22 10:18:03 - INFO - epoch-340, train_loss-1.7651, train_rmse-1.3286, valid_rmse-1.4320, valid_pr-0.6464
2022-11-22 10:18:48 - INFO - epoch-341, train_loss-1.7797, train_rmse-1.3340, valid_rmse-1.4016, valid_pr-0.6568
2022-11-22 10:19:40 - INFO - epoch-342, train_loss-1.7872, train_rmse-1.3368, valid_rmse-1.4099, valid_pr-0.6529
2022-11-22 10:20:19 - INFO - epoch-343, train_loss-1.7817, train_rmse-1.3348, valid_rmse-1.3741, valid_pr-0.6690
2022-11-22 10:20:56 - INFO - epoch-344, train_loss-1.7366, train_rmse-1.3178, valid_rmse-1.4003, valid_pr-0.6625
2022-11-22 10:21:34 - INFO - epoch-345, train_loss-1.7151, train_rmse-1.3096, valid_rmse-1.4263, valid_pr-0.6618
2022-11-22 10:22:13 - INFO - epoch-346, train_loss-1.7266, train_rmse-1.3140, valid_rmse-1.3855, valid_pr-0.6639
2022-11-22 10:22:55 - INFO - epoch-347, train_loss-1.7215, train_rmse-1.3120, valid_rmse-1.3951, valid_pr-0.6670
2022-11-22 10:23:43 - INFO - epoch-348, train_loss-1.7236, train_rmse-1.3129, valid_rmse-1.3802, valid_pr-0.6662
2022-11-22 10:24:31 - INFO - epoch-349, train_loss-1.7203, train_rmse-1.3116, valid_rmse-1.4060, valid_pr-0.6483
2022-11-22 10:25:12 - INFO - epoch-350, train_loss-1.7496, train_rmse-1.3227, valid_rmse-1.3894, valid_pr-0.6589
2022-11-22 10:25:51 - INFO - epoch-351, train_loss-1.7075, train_rmse-1.3067, valid_rmse-1.3960, valid_pr-0.6650
2022-11-22 10:26:28 - INFO - epoch-352, train_loss-1.7376, train_rmse-1.3182, valid_rmse-1.3793, valid_pr-0.6699
2022-11-22 10:27:11 - INFO - epoch-353, train_loss-1.7166, train_rmse-1.3102, valid_rmse-1.4328, valid_pr-0.6348
2022-11-22 10:27:52 - INFO - epoch-354, train_loss-1.7381, train_rmse-1.3184, valid_rmse-1.3964, valid_pr-0.6573
2022-11-22 10:28:29 - INFO - epoch-355, train_loss-1.7309, train_rmse-1.3156, valid_rmse-1.3833, valid_pr-0.6661
2022-11-22 10:29:09 - INFO - epoch-356, train_loss-1.7077, train_rmse-1.3068, valid_rmse-1.3890, valid_pr-0.6619
2022-11-22 10:29:50 - INFO - epoch-357, train_loss-1.7034, train_rmse-1.3051, valid_rmse-1.3766, valid_pr-0.6674
2022-11-22 10:30:26 - INFO - epoch-358, train_loss-1.6910, train_rmse-1.3004, valid_rmse-1.3880, valid_pr-0.6635
2022-11-22 10:31:07 - INFO - epoch-359, train_loss-1.7419, train_rmse-1.3198, valid_rmse-1.3987, valid_pr-0.6574
2022-11-22 10:31:55 - INFO - epoch-360, train_loss-1.7325, train_rmse-1.3162, valid_rmse-1.3884, valid_pr-0.6660
2022-11-22 10:32:41 - INFO - epoch-361, train_loss-1.6836, train_rmse-1.2975, valid_rmse-1.3857, valid_pr-0.6625
2022-11-22 10:33:29 - INFO - epoch-362, train_loss-1.6893, train_rmse-1.2997, valid_rmse-1.4068, valid_pr-0.6577
2022-11-22 10:34:12 - INFO - epoch-363, train_loss-1.6892, train_rmse-1.2997, valid_rmse-1.3991, valid_pr-0.6571
2022-11-22 10:34:49 - INFO - epoch-364, train_loss-1.6949, train_rmse-1.3019, valid_rmse-1.3872, valid_pr-0.6611
2022-11-22 10:35:26 - INFO - epoch-365, train_loss-1.6786, train_rmse-1.2956, valid_rmse-1.3687, valid_pr-0.6734
2022-11-22 10:36:02 - INFO - epoch-366, train_loss-1.6737, train_rmse-1.2937, valid_rmse-1.3844, valid_pr-0.6649
2022-11-22 10:36:39 - INFO - epoch-367, train_loss-1.6680, train_rmse-1.2915, valid_rmse-1.3957, valid_pr-0.6600
2022-11-22 10:37:14 - INFO - epoch-368, train_loss-1.6619, train_rmse-1.2892, valid_rmse-1.3845, valid_pr-0.6647
2022-11-22 10:37:55 - INFO - epoch-369, train_loss-1.6753, train_rmse-1.2943, valid_rmse-1.3829, valid_pr-0.6666
2022-11-22 10:38:34 - INFO - epoch-370, train_loss-1.6377, train_rmse-1.2797, valid_rmse-1.3867, valid_pr-0.6655
2022-11-22 10:39:13 - INFO - epoch-371, train_loss-1.6512, train_rmse-1.2850, valid_rmse-1.3834, valid_pr-0.6682
2022-11-22 10:39:50 - INFO - epoch-372, train_loss-1.8213, train_rmse-1.3495, valid_rmse-1.4074, valid_pr-0.6624
2022-11-22 10:40:27 - INFO - epoch-373, train_loss-1.7111, train_rmse-1.3081, valid_rmse-1.3760, valid_pr-0.6672
2022-11-22 10:41:10 - INFO - epoch-374, train_loss-1.6789, train_rmse-1.2957, valid_rmse-1.3889, valid_pr-0.6654
2022-11-22 10:42:01 - INFO - epoch-375, train_loss-1.6680, train_rmse-1.2915, valid_rmse-1.4046, valid_pr-0.6635
2022-11-22 10:42:52 - INFO - epoch-376, train_loss-1.6495, train_rmse-1.2843, valid_rmse-1.3864, valid_pr-0.6688
2022-11-22 10:43:41 - INFO - epoch-377, train_loss-1.6582, train_rmse-1.2877, valid_rmse-1.3782, valid_pr-0.6686
2022-11-22 10:44:24 - INFO - epoch-378, train_loss-1.6640, train_rmse-1.2900, valid_rmse-1.3838, valid_pr-0.6661
2022-11-22 10:45:05 - INFO - epoch-379, train_loss-1.6826, train_rmse-1.2971, valid_rmse-1.3805, valid_pr-0.6662
2022-11-22 10:45:47 - INFO - epoch-380, train_loss-1.6580, train_rmse-1.2876, valid_rmse-1.3744, valid_pr-0.6728
2022-11-22 10:46:28 - INFO - epoch-381, train_loss-1.6414, train_rmse-1.2812, valid_rmse-1.3676, valid_pr-0.6755
2022-11-22 10:47:05 - INFO - epoch-382, train_loss-1.6466, train_rmse-1.2832, valid_rmse-1.3860, valid_pr-0.6624
2022-11-22 10:47:42 - INFO - epoch-383, train_loss-1.6484, train_rmse-1.2839, valid_rmse-1.3848, valid_pr-0.6633
2022-11-22 10:48:21 - INFO - epoch-384, train_loss-1.6280, train_rmse-1.2759, valid_rmse-1.3743, valid_pr-0.6697
2022-11-22 10:49:00 - INFO - epoch-385, train_loss-1.6270, train_rmse-1.2755, valid_rmse-1.3979, valid_pr-0.6712
2022-11-22 10:49:37 - INFO - epoch-386, train_loss-1.6262, train_rmse-1.2752, valid_rmse-1.3830, valid_pr-0.6714
2022-11-22 10:50:16 - INFO - epoch-387, train_loss-1.5970, train_rmse-1.2637, valid_rmse-1.3846, valid_pr-0.6666
2022-11-22 10:50:52 - INFO - epoch-388, train_loss-1.5890, train_rmse-1.2606, valid_rmse-1.3907, valid_pr-0.6735
2022-11-22 10:51:29 - INFO - epoch-389, train_loss-1.6176, train_rmse-1.2719, valid_rmse-1.3935, valid_pr-0.6664
2022-11-22 10:52:09 - INFO - epoch-390, train_loss-1.6188, train_rmse-1.2723, valid_rmse-1.3682, valid_pr-0.6763
2022-11-22 10:52:50 - INFO - epoch-391, train_loss-1.6826, train_rmse-1.2971, valid_rmse-1.4116, valid_pr-0.6534
2022-11-22 10:53:28 - INFO - epoch-392, train_loss-1.6710, train_rmse-1.2927, valid_rmse-1.4113, valid_pr-0.6639
2022-11-22 10:54:04 - INFO - epoch-393, train_loss-1.6808, train_rmse-1.2965, valid_rmse-1.3830, valid_pr-0.6633
2022-11-22 10:54:43 - INFO - epoch-394, train_loss-1.7782, train_rmse-1.3335, valid_rmse-1.3832, valid_pr-0.6639
2022-11-22 10:55:25 - INFO - epoch-395, train_loss-1.7301, train_rmse-1.3153, valid_rmse-1.3743, valid_pr-0.6714
2022-11-22 10:56:02 - INFO - epoch-396, train_loss-1.6472, train_rmse-1.2834, valid_rmse-1.3792, valid_pr-0.6728
2022-11-22 10:56:41 - INFO - epoch-397, train_loss-1.6153, train_rmse-1.2709, valid_rmse-1.3787, valid_pr-0.6726
2022-11-22 10:57:18 - INFO - epoch-398, train_loss-1.6214, train_rmse-1.2733, valid_rmse-1.3726, valid_pr-0.6692
2022-11-22 10:57:55 - INFO - epoch-399, train_loss-1.6176, train_rmse-1.2718, valid_rmse-1.3806, valid_pr-0.6655
2022-11-22 10:58:32 - INFO - epoch-400, train_loss-1.6149, train_rmse-1.2708, valid_rmse-1.3676, valid_pr-0.6772
2022-11-22 10:59:08 - INFO - epoch-401, train_loss-1.6619, train_rmse-1.2891, valid_rmse-1.4175, valid_pr-0.6649
2022-11-22 10:59:45 - INFO - epoch-402, train_loss-1.6258, train_rmse-1.2751, valid_rmse-1.3884, valid_pr-0.6647
2022-11-22 11:00:21 - INFO - epoch-403, train_loss-1.6228, train_rmse-1.2739, valid_rmse-1.4104, valid_pr-0.6667
2022-11-22 11:00:57 - INFO - epoch-404, train_loss-1.6200, train_rmse-1.2728, valid_rmse-1.3665, valid_pr-0.6756
2022-11-22 11:01:34 - INFO - epoch-405, train_loss-1.6429, train_rmse-1.2818, valid_rmse-1.4130, valid_pr-0.6444
2022-11-22 11:02:11 - INFO - epoch-406, train_loss-1.6772, train_rmse-1.2951, valid_rmse-1.3925, valid_pr-0.6617
2022-11-22 11:02:48 - INFO - epoch-407, train_loss-1.6133, train_rmse-1.2701, valid_rmse-1.3864, valid_pr-0.6675
2022-11-22 11:03:25 - INFO - epoch-408, train_loss-1.5855, train_rmse-1.2592, valid_rmse-1.3951, valid_pr-0.6718
2022-11-22 11:04:02 - INFO - epoch-409, train_loss-1.5741, train_rmse-1.2546, valid_rmse-1.3663, valid_pr-0.6784
2022-11-22 11:04:42 - INFO - epoch-410, train_loss-1.5734, train_rmse-1.2544, valid_rmse-1.3584, valid_pr-0.6779
2022-11-22 11:05:18 - INFO - epoch-411, train_loss-1.5435, train_rmse-1.2424, valid_rmse-1.3878, valid_pr-0.6666
2022-11-22 11:05:58 - INFO - epoch-412, train_loss-1.5450, train_rmse-1.2430, valid_rmse-1.3668, valid_pr-0.6765
2022-11-22 11:06:38 - INFO - epoch-413, train_loss-1.5883, train_rmse-1.2603, valid_rmse-1.3823, valid_pr-0.6655
2022-11-22 11:07:21 - INFO - epoch-414, train_loss-1.5544, train_rmse-1.2468, valid_rmse-1.3620, valid_pr-0.6769
2022-11-22 11:08:05 - INFO - epoch-415, train_loss-1.5716, train_rmse-1.2536, valid_rmse-1.4056, valid_pr-0.6649
2022-11-22 11:08:50 - INFO - epoch-416, train_loss-1.5618, train_rmse-1.2497, valid_rmse-1.3737, valid_pr-0.6777
2022-11-22 11:09:37 - INFO - epoch-417, train_loss-1.5417, train_rmse-1.2417, valid_rmse-1.3682, valid_pr-0.6736
2022-11-22 11:10:17 - INFO - epoch-418, train_loss-1.5253, train_rmse-1.2350, valid_rmse-1.3660, valid_pr-0.6754
2022-11-22 11:11:14 - INFO - epoch-419, train_loss-1.5438, train_rmse-1.2425, valid_rmse-1.3855, valid_pr-0.6732
2022-11-22 11:11:55 - INFO - epoch-420, train_loss-1.5971, train_rmse-1.2638, valid_rmse-1.3734, valid_pr-0.6741
2022-11-22 11:12:41 - INFO - epoch-421, train_loss-1.5844, train_rmse-1.2587, valid_rmse-1.3592, valid_pr-0.6778
2022-11-22 11:13:22 - INFO - epoch-422, train_loss-1.7873, train_rmse-1.3369, valid_rmse-1.4369, valid_pr-0.6347
2022-11-22 11:14:02 - INFO - epoch-423, train_loss-1.6877, train_rmse-1.2991, valid_rmse-1.4240, valid_pr-0.6685
2022-11-22 11:14:39 - INFO - epoch-424, train_loss-1.6102, train_rmse-1.2689, valid_rmse-1.3810, valid_pr-0.6711
2022-11-22 11:15:18 - INFO - epoch-425, train_loss-1.5673, train_rmse-1.2519, valid_rmse-1.3634, valid_pr-0.6795
2022-11-22 11:15:55 - INFO - epoch-426, train_loss-1.5317, train_rmse-1.2376, valid_rmse-1.3882, valid_pr-0.6648
2022-11-22 11:16:37 - INFO - epoch-427, train_loss-1.5285, train_rmse-1.2363, valid_rmse-1.3573, valid_pr-0.6820
2022-11-22 11:17:18 - INFO - epoch-428, train_loss-1.5505, train_rmse-1.2452, valid_rmse-1.3742, valid_pr-0.6738
2022-11-22 11:18:03 - INFO - epoch-429, train_loss-1.5371, train_rmse-1.2398, valid_rmse-1.3600, valid_pr-0.6786
2022-11-22 11:18:42 - INFO - epoch-430, train_loss-1.5372, train_rmse-1.2398, valid_rmse-1.3639, valid_pr-0.6751
2022-11-22 11:19:22 - INFO - epoch-431, train_loss-1.5660, train_rmse-1.2514, valid_rmse-1.3568, valid_pr-0.6786
2022-11-22 11:19:59 - INFO - epoch-432, train_loss-1.5327, train_rmse-1.2380, valid_rmse-1.3944, valid_pr-0.6679
2022-11-22 11:20:35 - INFO - epoch-433, train_loss-1.5221, train_rmse-1.2337, valid_rmse-1.3929, valid_pr-0.6772
2022-11-22 11:21:11 - INFO - epoch-434, train_loss-1.5479, train_rmse-1.2441, valid_rmse-1.3721, valid_pr-0.6740
2022-11-22 11:21:47 - INFO - epoch-435, train_loss-1.5215, train_rmse-1.2335, valid_rmse-1.3716, valid_pr-0.6756
2022-11-22 11:22:27 - INFO - epoch-436, train_loss-1.5233, train_rmse-1.2342, valid_rmse-1.3788, valid_pr-0.6721
2022-11-22 11:23:04 - INFO - epoch-437, train_loss-1.5041, train_rmse-1.2264, valid_rmse-1.3755, valid_pr-0.6705
2022-11-22 11:23:41 - INFO - epoch-438, train_loss-1.5041, train_rmse-1.2264, valid_rmse-1.3676, valid_pr-0.6736
2022-11-22 11:24:20 - INFO - epoch-439, train_loss-1.5183, train_rmse-1.2322, valid_rmse-1.3780, valid_pr-0.6746
2022-11-22 11:25:01 - INFO - epoch-440, train_loss-1.5308, train_rmse-1.2373, valid_rmse-1.4066, valid_pr-0.6707
2022-11-22 11:25:45 - INFO - epoch-441, train_loss-1.5108, train_rmse-1.2291, valid_rmse-1.3809, valid_pr-0.6686
2022-11-22 11:26:23 - INFO - epoch-442, train_loss-1.5689, train_rmse-1.2526, valid_rmse-1.3655, valid_pr-0.6769
2022-11-22 11:26:59 - INFO - epoch-443, train_loss-1.4978, train_rmse-1.2238, valid_rmse-1.3729, valid_pr-0.6804
2022-11-22 11:27:37 - INFO - epoch-444, train_loss-1.5115, train_rmse-1.2294, valid_rmse-1.3564, valid_pr-0.6804
2022-11-22 11:28:15 - INFO - epoch-445, train_loss-1.5074, train_rmse-1.2277, valid_rmse-1.3888, valid_pr-0.6739
2022-11-22 11:28:56 - INFO - epoch-446, train_loss-1.5079, train_rmse-1.2280, valid_rmse-1.3711, valid_pr-0.6835
2022-11-22 11:29:38 - INFO - epoch-447, train_loss-1.5523, train_rmse-1.2459, valid_rmse-1.4756, valid_pr-0.6252
2022-11-22 11:30:33 - INFO - epoch-448, train_loss-1.7162, train_rmse-1.3100, valid_rmse-1.3715, valid_pr-0.6711
2022-11-22 11:31:15 - INFO - epoch-449, train_loss-1.6105, train_rmse-1.2691, valid_rmse-1.3821, valid_pr-0.6698
2022-11-22 11:31:54 - INFO - epoch-450, train_loss-1.6178, train_rmse-1.2719, valid_rmse-1.4294, valid_pr-0.6458
2022-11-22 11:32:32 - INFO - epoch-451, train_loss-1.5897, train_rmse-1.2608, valid_rmse-1.3667, valid_pr-0.6742
2022-11-22 11:33:09 - INFO - epoch-452, train_loss-1.5315, train_rmse-1.2375, valid_rmse-1.3750, valid_pr-0.6742
2022-11-22 11:33:48 - INFO - epoch-453, train_loss-1.5029, train_rmse-1.2259, valid_rmse-1.3543, valid_pr-0.6845
2022-11-22 11:34:25 - INFO - epoch-454, train_loss-1.7588, train_rmse-1.3262, valid_rmse-1.4147, valid_pr-0.6511
2022-11-22 11:35:03 - INFO - epoch-455, train_loss-1.7007, train_rmse-1.3041, valid_rmse-1.4295, valid_pr-0.6497
2022-11-22 11:35:40 - INFO - epoch-456, train_loss-1.6494, train_rmse-1.2843, valid_rmse-1.3882, valid_pr-0.6653
2022-11-22 11:36:21 - INFO - epoch-457, train_loss-1.5779, train_rmse-1.2561, valid_rmse-1.3808, valid_pr-0.6725
2022-11-22 11:36:58 - INFO - epoch-458, train_loss-1.5677, train_rmse-1.2521, valid_rmse-1.3617, valid_pr-0.6798
2022-11-22 11:37:38 - INFO - epoch-459, train_loss-1.5277, train_rmse-1.2360, valid_rmse-1.3598, valid_pr-0.6806
2022-11-22 11:38:13 - INFO - epoch-460, train_loss-1.5437, train_rmse-1.2424, valid_rmse-1.3676, valid_pr-0.6830
2022-11-22 11:38:48 - INFO - epoch-461, train_loss-1.5202, train_rmse-1.2329, valid_rmse-1.3678, valid_pr-0.6788
2022-11-22 11:39:25 - INFO - epoch-462, train_loss-1.5119, train_rmse-1.2296, valid_rmse-1.3537, valid_pr-0.6827
2022-11-22 11:40:03 - INFO - epoch-463, train_loss-1.4841, train_rmse-1.2183, valid_rmse-1.3491, valid_pr-0.6827
2022-11-22 11:40:41 - INFO - epoch-464, train_loss-1.4774, train_rmse-1.2155, valid_rmse-1.3484, valid_pr-0.6863
2022-11-22 11:41:19 - INFO - epoch-465, train_loss-1.5405, train_rmse-1.2412, valid_rmse-1.3997, valid_pr-0.6809
2022-11-22 11:41:58 - INFO - epoch-466, train_loss-1.5405, train_rmse-1.2412, valid_rmse-1.3567, valid_pr-0.6794
2022-11-22 11:42:36 - INFO - epoch-467, train_loss-1.4848, train_rmse-1.2185, valid_rmse-1.3600, valid_pr-0.6843
2022-11-22 11:43:14 - INFO - epoch-468, train_loss-1.4847, train_rmse-1.2185, valid_rmse-1.3438, valid_pr-0.6889
2022-11-22 11:43:51 - INFO - epoch-469, train_loss-1.4539, train_rmse-1.2058, valid_rmse-1.3533, valid_pr-0.6806
2022-11-22 11:44:32 - INFO - epoch-470, train_loss-1.4539, train_rmse-1.2058, valid_rmse-1.3522, valid_pr-0.6916
2022-11-22 11:45:11 - INFO - epoch-471, train_loss-1.4686, train_rmse-1.2119, valid_rmse-1.3649, valid_pr-0.6784
2022-11-22 11:45:54 - INFO - epoch-472, train_loss-1.4693, train_rmse-1.2121, valid_rmse-1.3631, valid_pr-0.6811
2022-11-22 11:46:30 - INFO - epoch-473, train_loss-1.4572, train_rmse-1.2072, valid_rmse-1.3581, valid_pr-0.6853
2022-11-22 11:47:11 - INFO - epoch-474, train_loss-1.4516, train_rmse-1.2048, valid_rmse-1.3681, valid_pr-0.6850
2022-11-22 11:47:52 - INFO - epoch-475, train_loss-1.4572, train_rmse-1.2071, valid_rmse-1.3418, valid_pr-0.6875
2022-11-22 11:48:31 - INFO - epoch-476, train_loss-1.4796, train_rmse-1.2164, valid_rmse-1.3572, valid_pr-0.6806
2022-11-22 11:49:24 - INFO - epoch-477, train_loss-1.4800, train_rmse-1.2166, valid_rmse-1.3854, valid_pr-0.6910
2022-11-22 11:50:06 - INFO - epoch-478, train_loss-1.4632, train_rmse-1.2096, valid_rmse-1.3393, valid_pr-0.6938
2022-11-22 11:50:42 - INFO - epoch-479, train_loss-1.4277, train_rmse-1.1949, valid_rmse-1.3506, valid_pr-0.6873
2022-11-22 11:51:17 - INFO - epoch-480, train_loss-1.4087, train_rmse-1.1869, valid_rmse-1.3561, valid_pr-0.6857
2022-11-22 11:51:55 - INFO - epoch-481, train_loss-1.4039, train_rmse-1.1849, valid_rmse-1.3567, valid_pr-0.6871
2022-11-22 11:52:36 - INFO - epoch-482, train_loss-1.4275, train_rmse-1.1948, valid_rmse-1.3511, valid_pr-0.6852
2022-11-22 11:53:12 - INFO - epoch-483, train_loss-1.4201, train_rmse-1.1917, valid_rmse-1.3652, valid_pr-0.6821
2022-11-22 11:53:49 - INFO - epoch-484, train_loss-1.4098, train_rmse-1.1874, valid_rmse-1.3374, valid_pr-0.6904
2022-11-22 11:54:25 - INFO - epoch-485, train_loss-1.4681, train_rmse-1.2117, valid_rmse-1.3824, valid_pr-0.6776
2022-11-22 11:55:01 - INFO - epoch-486, train_loss-1.3959, train_rmse-1.1815, valid_rmse-1.3561, valid_pr-0.6845
2022-11-22 11:55:39 - INFO - epoch-487, train_loss-1.4254, train_rmse-1.1939, valid_rmse-1.3627, valid_pr-0.6825
2022-11-22 11:56:16 - INFO - epoch-488, train_loss-1.4069, train_rmse-1.1861, valid_rmse-1.3738, valid_pr-0.6727
2022-11-22 11:56:56 - INFO - epoch-489, train_loss-1.4210, train_rmse-1.1921, valid_rmse-1.3633, valid_pr-0.6882
2022-11-22 11:57:31 - INFO - epoch-490, train_loss-1.4110, train_rmse-1.1879, valid_rmse-1.3605, valid_pr-0.6835
2022-11-22 11:58:08 - INFO - epoch-491, train_loss-1.5462, train_rmse-1.2435, valid_rmse-1.3807, valid_pr-0.6719
2022-11-22 11:58:45 - INFO - epoch-492, train_loss-1.5457, train_rmse-1.2433, valid_rmse-1.4209, valid_pr-0.6685
2022-11-22 11:59:21 - INFO - epoch-493, train_loss-1.4979, train_rmse-1.2239, valid_rmse-1.3715, valid_pr-0.6750
2022-11-22 11:59:58 - INFO - epoch-494, train_loss-1.4861, train_rmse-1.2190, valid_rmse-1.3986, valid_pr-0.6647
2022-11-22 12:00:43 - INFO - epoch-495, train_loss-1.4599, train_rmse-1.2082, valid_rmse-1.3513, valid_pr-0.6858
2022-11-22 12:01:20 - INFO - epoch-496, train_loss-1.4428, train_rmse-1.2011, valid_rmse-1.3746, valid_pr-0.6787
2022-11-22 12:01:57 - INFO - epoch-497, train_loss-1.4072, train_rmse-1.1863, valid_rmse-1.3802, valid_pr-0.6819
2022-11-22 12:02:34 - INFO - epoch-498, train_loss-1.3954, train_rmse-1.1813, valid_rmse-1.3417, valid_pr-0.6902
2022-11-22 12:03:12 - INFO - epoch-499, train_loss-1.3532, train_rmse-1.1633, valid_rmse-1.3611, valid_pr-0.6856
2022-11-22 12:03:50 - INFO - epoch-500, train_loss-1.3660, train_rmse-1.1688, valid_rmse-1.4075, valid_pr-0.6782
2022-11-22 12:04:28 - INFO - epoch-501, train_loss-1.4007, train_rmse-1.1835, valid_rmse-1.3853, valid_pr-0.6726
2022-11-22 12:05:13 - INFO - epoch-502, train_loss-1.3808, train_rmse-1.1751, valid_rmse-1.3946, valid_pr-0.6728
2022-11-22 12:05:53 - INFO - epoch-503, train_loss-1.3576, train_rmse-1.1652, valid_rmse-1.3437, valid_pr-0.6894
2022-11-22 12:06:32 - INFO - epoch-504, train_loss-1.5086, train_rmse-1.2283, valid_rmse-1.4530, valid_pr-0.6440
2022-11-22 12:07:08 - INFO - epoch-505, train_loss-1.7147, train_rmse-1.3095, valid_rmse-1.4284, valid_pr-0.6475
2022-11-22 12:07:44 - INFO - epoch-506, train_loss-1.6115, train_rmse-1.2695, valid_rmse-1.3763, valid_pr-0.6740
2022-11-22 12:08:21 - INFO - epoch-507, train_loss-1.4860, train_rmse-1.2190, valid_rmse-1.4074, valid_pr-0.6722
2022-11-22 12:08:58 - INFO - epoch-508, train_loss-1.4906, train_rmse-1.2209, valid_rmse-1.3882, valid_pr-0.6842
2022-11-22 12:09:33 - INFO - epoch-509, train_loss-1.5474, train_rmse-1.2440, valid_rmse-1.3587, valid_pr-0.6811
2022-11-22 12:10:08 - INFO - epoch-510, train_loss-1.4904, train_rmse-1.2208, valid_rmse-1.3519, valid_pr-0.6863
2022-11-22 12:10:45 - INFO - epoch-511, train_loss-1.4466, train_rmse-1.2028, valid_rmse-1.3741, valid_pr-0.6717
2022-11-22 12:11:22 - INFO - epoch-512, train_loss-1.4165, train_rmse-1.1902, valid_rmse-1.3590, valid_pr-0.6804
2022-11-22 12:12:00 - INFO - epoch-513, train_loss-1.4006, train_rmse-1.1834, valid_rmse-1.3563, valid_pr-0.6836
2022-11-22 12:12:39 - INFO - epoch-514, train_loss-1.4438, train_rmse-1.2016, valid_rmse-1.3578, valid_pr-0.6853
2022-11-22 12:13:17 - INFO - epoch-515, train_loss-1.3913, train_rmse-1.1795, valid_rmse-1.3739, valid_pr-0.6866
2022-11-22 12:13:55 - INFO - epoch-516, train_loss-1.3918, train_rmse-1.1797, valid_rmse-1.3930, valid_pr-0.6812
2022-11-22 12:14:33 - INFO - epoch-517, train_loss-1.3843, train_rmse-1.1766, valid_rmse-1.3685, valid_pr-0.6852
2022-11-22 12:15:09 - INFO - epoch-518, train_loss-1.4384, train_rmse-1.1993, valid_rmse-1.3757, valid_pr-0.6754
2022-11-22 12:15:46 - INFO - epoch-519, train_loss-1.4373, train_rmse-1.1989, valid_rmse-1.3598, valid_pr-0.6798
2022-11-22 12:16:23 - INFO - epoch-520, train_loss-1.3819, train_rmse-1.1756, valid_rmse-1.3432, valid_pr-0.6914
2022-11-22 12:17:01 - INFO - epoch-521, train_loss-1.3509, train_rmse-1.1623, valid_rmse-1.3395, valid_pr-0.6897
2022-11-22 12:17:39 - INFO - epoch-522, train_loss-1.3266, train_rmse-1.1518, valid_rmse-1.3489, valid_pr-0.6877
2022-11-22 12:18:16 - INFO - epoch-523, train_loss-1.3691, train_rmse-1.1701, valid_rmse-1.3627, valid_pr-0.6815
2022-11-22 12:18:52 - INFO - epoch-524, train_loss-1.3659, train_rmse-1.1687, valid_rmse-1.3721, valid_pr-0.6930
2022-11-22 12:19:30 - INFO - epoch-525, train_loss-1.3700, train_rmse-1.1705, valid_rmse-1.3894, valid_pr-0.6820
2022-11-22 12:20:07 - INFO - epoch-526, train_loss-1.3705, train_rmse-1.1707, valid_rmse-1.3472, valid_pr-0.6869
2022-11-22 12:20:43 - INFO - epoch-527, train_loss-1.3296, train_rmse-1.1531, valid_rmse-1.3819, valid_pr-0.6827
2022-11-22 12:21:20 - INFO - epoch-528, train_loss-1.3665, train_rmse-1.1690, valid_rmse-1.3809, valid_pr-0.6724
2022-11-22 12:21:59 - INFO - epoch-529, train_loss-1.3460, train_rmse-1.1602, valid_rmse-1.3558, valid_pr-0.6870
2022-11-22 12:22:35 - INFO - epoch-530, train_loss-1.3593, train_rmse-1.1659, valid_rmse-1.3788, valid_pr-0.6722
2022-11-22 12:23:26 - INFO - epoch-531, train_loss-1.3490, train_rmse-1.1615, valid_rmse-1.3691, valid_pr-0.6753
2022-11-22 12:24:12 - INFO - epoch-532, train_loss-1.4921, train_rmse-1.2215, valid_rmse-1.4187, valid_pr-0.6569
2022-11-22 12:25:17 - INFO - epoch-533, train_loss-1.4428, train_rmse-1.2011, valid_rmse-1.3622, valid_pr-0.6823
2022-11-22 12:26:03 - INFO - epoch-534, train_loss-1.3270, train_rmse-1.1520, valid_rmse-1.3739, valid_pr-0.6810
2022-11-22 12:26:46 - INFO - epoch-535, train_loss-1.3422, train_rmse-1.1585, valid_rmse-1.3654, valid_pr-0.6813
2022-11-22 12:27:38 - INFO - epoch-536, train_loss-1.3209, train_rmse-1.1493, valid_rmse-1.3714, valid_pr-0.6812
2022-11-22 12:28:29 - INFO - epoch-537, train_loss-1.2977, train_rmse-1.1392, valid_rmse-1.3875, valid_pr-0.6887
2022-11-22 12:29:16 - INFO - epoch-538, train_loss-1.3143, train_rmse-1.1464, valid_rmse-1.3590, valid_pr-0.6847
2022-11-22 12:30:11 - INFO - epoch-539, train_loss-1.4357, train_rmse-1.1982, valid_rmse-1.3487, valid_pr-0.6864
2022-11-22 12:31:00 - INFO - epoch-540, train_loss-1.3568, train_rmse-1.1648, valid_rmse-1.3509, valid_pr-0.6923
2022-11-22 12:31:56 - INFO - epoch-541, train_loss-1.3016, train_rmse-1.1409, valid_rmse-1.3488, valid_pr-0.6953
2022-11-22 12:32:51 - INFO - epoch-542, train_loss-1.3098, train_rmse-1.1445, valid_rmse-1.3599, valid_pr-0.6825
2022-11-22 12:33:54 - INFO - epoch-543, train_loss-1.3568, train_rmse-1.1648, valid_rmse-1.3858, valid_pr-0.6911
2022-11-22 12:35:13 - INFO - epoch-544, train_loss-1.3210, train_rmse-1.1494, valid_rmse-1.3466, valid_pr-0.6868
2022-11-22 12:36:05 - INFO - epoch-545, train_loss-1.3137, train_rmse-1.1462, valid_rmse-1.3772, valid_pr-0.6787
2022-11-22 12:36:50 - INFO - epoch-546, train_loss-1.2912, train_rmse-1.1363, valid_rmse-1.3554, valid_pr-0.6901
2022-11-22 12:37:36 - INFO - epoch-547, train_loss-1.2800, train_rmse-1.1314, valid_rmse-1.3768, valid_pr-0.6832
2022-11-22 12:38:26 - INFO - epoch-548, train_loss-1.2970, train_rmse-1.1389, valid_rmse-1.3479, valid_pr-0.6870
2022-11-22 12:39:05 - INFO - epoch-549, train_loss-1.2982, train_rmse-1.1394, valid_rmse-1.3604, valid_pr-0.6870
2022-11-22 12:39:46 - INFO - epoch-550, train_loss-1.2898, train_rmse-1.1357, valid_rmse-1.3808, valid_pr-0.6768
2022-11-22 12:40:28 - INFO - epoch-551, train_loss-1.3600, train_rmse-1.1662, valid_rmse-1.3830, valid_pr-0.6758
2022-11-22 12:41:07 - INFO - epoch-552, train_loss-1.2914, train_rmse-1.1364, valid_rmse-1.3313, valid_pr-0.6959
2022-11-22 12:41:43 - INFO - epoch-553, train_loss-1.2769, train_rmse-1.1300, valid_rmse-1.3627, valid_pr-0.6937
2022-11-22 12:42:19 - INFO - epoch-554, train_loss-1.2683, train_rmse-1.1262, valid_rmse-1.3640, valid_pr-0.6836
2022-11-22 12:42:55 - INFO - epoch-555, train_loss-1.2805, train_rmse-1.1316, valid_rmse-1.3668, valid_pr-0.6779
2022-11-22 12:43:32 - INFO - epoch-556, train_loss-1.2853, train_rmse-1.1337, valid_rmse-1.4835, valid_pr-0.6638
2022-11-22 12:44:08 - INFO - epoch-557, train_loss-1.3074, train_rmse-1.1434, valid_rmse-1.3827, valid_pr-0.6823
2022-11-22 12:44:43 - INFO - epoch-558, train_loss-1.2989, train_rmse-1.1397, valid_rmse-1.3647, valid_pr-0.6857
2022-11-22 12:45:20 - INFO - epoch-559, train_loss-1.2733, train_rmse-1.1284, valid_rmse-1.3699, valid_pr-0.6792
2022-11-22 12:45:55 - INFO - epoch-560, train_loss-1.7312, train_rmse-1.3157, valid_rmse-1.3864, valid_pr-0.6614
2022-11-22 12:46:31 - INFO - epoch-561, train_loss-1.7016, train_rmse-1.3044, valid_rmse-1.3939, valid_pr-0.6663
2022-11-22 12:47:07 - INFO - epoch-562, train_loss-1.5373, train_rmse-1.2399, valid_rmse-1.3525, valid_pr-0.6881
2022-11-22 12:47:43 - INFO - epoch-563, train_loss-1.5169, train_rmse-1.2316, valid_rmse-1.4041, valid_pr-0.6690
2022-11-22 12:48:19 - INFO - epoch-564, train_loss-1.4802, train_rmse-1.2166, valid_rmse-1.3841, valid_pr-0.6784
2022-11-22 12:48:54 - INFO - epoch-565, train_loss-1.4943, train_rmse-1.2224, valid_rmse-1.4262, valid_pr-0.6706
2022-11-22 12:49:31 - INFO - epoch-566, train_loss-1.5173, train_rmse-1.2318, valid_rmse-1.3799, valid_pr-0.6792
2022-11-22 12:50:07 - INFO - epoch-567, train_loss-1.4418, train_rmse-1.2008, valid_rmse-1.3799, valid_pr-0.6793
2022-11-22 12:50:42 - INFO - epoch-568, train_loss-1.4398, train_rmse-1.1999, valid_rmse-1.3570, valid_pr-0.6812
2022-11-22 12:51:18 - INFO - epoch-569, train_loss-1.3781, train_rmse-1.1739, valid_rmse-1.3754, valid_pr-0.6781
2022-11-22 12:51:55 - INFO - epoch-570, train_loss-1.3120, train_rmse-1.1454, valid_rmse-1.3509, valid_pr-0.6850
2022-11-22 12:52:31 - INFO - epoch-571, train_loss-1.3056, train_rmse-1.1426, valid_rmse-1.3470, valid_pr-0.6866
2022-11-22 12:53:08 - INFO - epoch-572, train_loss-1.2795, train_rmse-1.1311, valid_rmse-1.3679, valid_pr-0.6826
2022-11-22 12:53:44 - INFO - epoch-573, train_loss-1.2701, train_rmse-1.1270, valid_rmse-1.3789, valid_pr-0.6833
2022-11-22 12:54:21 - INFO - epoch-574, train_loss-1.4618, train_rmse-1.2090, valid_rmse-1.3858, valid_pr-0.6675
2022-11-22 12:54:56 - INFO - epoch-575, train_loss-1.3984, train_rmse-1.1826, valid_rmse-1.3892, valid_pr-0.6679
2022-11-22 12:55:32 - INFO - epoch-576, train_loss-1.3508, train_rmse-1.1622, valid_rmse-1.3690, valid_pr-0.6785
2022-11-22 12:56:08 - INFO - epoch-577, train_loss-1.2901, train_rmse-1.1358, valid_rmse-1.3591, valid_pr-0.6855
2022-11-22 12:56:44 - INFO - epoch-578, train_loss-1.2903, train_rmse-1.1359, valid_rmse-1.3620, valid_pr-0.6791
2022-11-22 12:57:20 - INFO - epoch-579, train_loss-1.2736, train_rmse-1.1285, valid_rmse-1.3676, valid_pr-0.6810
2022-11-22 12:57:55 - INFO - epoch-580, train_loss-1.3147, train_rmse-1.1466, valid_rmse-1.3708, valid_pr-0.6833
2022-11-22 12:58:32 - INFO - epoch-581, train_loss-1.3358, train_rmse-1.1558, valid_rmse-1.3527, valid_pr-0.6851
2022-11-22 12:59:10 - INFO - epoch-582, train_loss-1.2931, train_rmse-1.1372, valid_rmse-1.3724, valid_pr-0.6719
2022-11-22 12:59:45 - INFO - epoch-583, train_loss-1.2387, train_rmse-1.1130, valid_rmse-1.4064, valid_pr-0.6761
2022-11-22 13:00:23 - INFO - epoch-584, train_loss-1.2120, train_rmse-1.1009, valid_rmse-1.3538, valid_pr-0.6858
2022-11-22 13:00:58 - INFO - epoch-585, train_loss-1.2292, train_rmse-1.1087, valid_rmse-1.3866, valid_pr-0.6730
2022-11-22 13:01:36 - INFO - epoch-586, train_loss-1.2520, train_rmse-1.1189, valid_rmse-1.3934, valid_pr-0.6740
2022-11-22 13:02:12 - INFO - epoch-587, train_loss-1.2251, train_rmse-1.1069, valid_rmse-1.3668, valid_pr-0.6848
2022-11-22 13:02:47 - INFO - epoch-588, train_loss-1.1974, train_rmse-1.0942, valid_rmse-1.3708, valid_pr-0.6751
2022-11-22 13:03:23 - INFO - epoch-589, train_loss-1.2018, train_rmse-1.0963, valid_rmse-1.3665, valid_pr-0.6785
2022-11-22 13:03:59 - INFO - epoch-590, train_loss-1.1997, train_rmse-1.0953, valid_rmse-1.3608, valid_pr-0.6835
2022-11-22 13:04:36 - INFO - epoch-591, train_loss-1.2204, train_rmse-1.1047, valid_rmse-1.3631, valid_pr-0.6799
2022-11-22 13:05:14 - INFO - epoch-592, train_loss-1.2026, train_rmse-1.0966, valid_rmse-1.3627, valid_pr-0.6798
2022-11-22 13:05:50 - INFO - epoch-593, train_loss-1.1868, train_rmse-1.0894, valid_rmse-1.3695, valid_pr-0.6825
2022-11-22 13:06:28 - INFO - epoch-594, train_loss-1.1905, train_rmse-1.0911, valid_rmse-1.3618, valid_pr-0.6882
2022-11-22 13:07:05 - INFO - epoch-595, train_loss-1.1803, train_rmse-1.0864, valid_rmse-1.3663, valid_pr-0.6798
2022-11-22 13:07:43 - INFO - epoch-596, train_loss-1.1934, train_rmse-1.0924, valid_rmse-1.3923, valid_pr-0.6766
2022-11-22 13:08:21 - INFO - epoch-597, train_loss-1.2146, train_rmse-1.1021, valid_rmse-1.4200, valid_pr-0.6612
2022-11-22 13:08:59 - INFO - epoch-598, train_loss-1.2180, train_rmse-1.1036, valid_rmse-1.3692, valid_pr-0.6826
2022-11-22 13:09:37 - INFO - epoch-599, train_loss-1.2000, train_rmse-1.0955, valid_rmse-1.3649, valid_pr-0.6826
2022-11-22 13:10:14 - INFO - epoch-600, train_loss-1.3048, train_rmse-1.1423, valid_rmse-1.3589, valid_pr-0.6896
2022-11-22 13:10:51 - INFO - epoch-601, train_loss-1.2273, train_rmse-1.1078, valid_rmse-1.3528, valid_pr-0.6852
2022-11-22 13:11:28 - INFO - epoch-602, train_loss-1.1829, train_rmse-1.0876, valid_rmse-1.3558, valid_pr-0.6850
2022-11-22 13:12:05 - INFO - epoch-603, train_loss-1.1757, train_rmse-1.0843, valid_rmse-1.3864, valid_pr-0.6814
2022-11-22 13:12:43 - INFO - epoch-604, train_loss-1.1883, train_rmse-1.0901, valid_rmse-1.3816, valid_pr-0.6772
2022-11-22 13:13:20 - INFO - epoch-605, train_loss-1.1516, train_rmse-1.0731, valid_rmse-1.3725, valid_pr-0.6844
2022-11-22 13:13:57 - INFO - epoch-606, train_loss-1.1586, train_rmse-1.0764, valid_rmse-1.3771, valid_pr-0.6840
2022-11-22 13:14:33 - INFO - epoch-607, train_loss-1.1739, train_rmse-1.0835, valid_rmse-1.3762, valid_pr-0.6730
2022-11-22 13:15:11 - INFO - epoch-608, train_loss-1.1686, train_rmse-1.0810, valid_rmse-1.3817, valid_pr-0.6812
2022-11-22 13:15:48 - INFO - epoch-609, train_loss-1.1651, train_rmse-1.0794, valid_rmse-1.3752, valid_pr-0.6756
2022-11-22 13:16:27 - INFO - epoch-610, train_loss-1.1862, train_rmse-1.0891, valid_rmse-1.3908, valid_pr-0.6752
2022-11-22 13:17:05 - INFO - epoch-611, train_loss-1.1550, train_rmse-1.0747, valid_rmse-1.3556, valid_pr-0.6855
2022-11-22 13:17:42 - INFO - epoch-612, train_loss-1.2282, train_rmse-1.1082, valid_rmse-1.3779, valid_pr-0.6759
2022-11-22 13:18:20 - INFO - epoch-613, train_loss-1.2352, train_rmse-1.1114, valid_rmse-1.3699, valid_pr-0.6778
2022-11-22 13:18:59 - INFO - epoch-614, train_loss-1.1825, train_rmse-1.0874, valid_rmse-1.3737, valid_pr-0.6795
2022-11-22 13:19:36 - INFO - epoch-615, train_loss-1.1335, train_rmse-1.0647, valid_rmse-1.3622, valid_pr-0.6890
2022-11-22 13:20:14 - INFO - epoch-616, train_loss-1.1904, train_rmse-1.0910, valid_rmse-1.3737, valid_pr-0.6745
2022-11-22 13:20:53 - INFO - epoch-617, train_loss-1.1551, train_rmse-1.0747, valid_rmse-1.3597, valid_pr-0.6867
2022-11-22 13:21:32 - INFO - epoch-618, train_loss-1.2718, train_rmse-1.1277, valid_rmse-1.3668, valid_pr-0.6767
2022-11-22 13:22:09 - INFO - epoch-619, train_loss-1.1605, train_rmse-1.0773, valid_rmse-1.3686, valid_pr-0.6894
2022-11-22 13:22:47 - INFO - epoch-620, train_loss-1.1600, train_rmse-1.0770, valid_rmse-1.3898, valid_pr-0.6714
2022-11-22 13:23:25 - INFO - epoch-621, train_loss-1.1761, train_rmse-1.0845, valid_rmse-1.3774, valid_pr-0.6739
2022-11-22 13:24:03 - INFO - epoch-622, train_loss-1.2703, train_rmse-1.1271, valid_rmse-1.3810, valid_pr-0.6746
2022-11-22 13:24:41 - INFO - epoch-623, train_loss-1.1825, train_rmse-1.0874, valid_rmse-1.4060, valid_pr-0.6747
2022-11-22 13:25:19 - INFO - epoch-624, train_loss-1.1944, train_rmse-1.0929, valid_rmse-1.3821, valid_pr-0.6800
2022-11-22 13:25:57 - INFO - epoch-625, train_loss-1.1566, train_rmse-1.0754, valid_rmse-1.3882, valid_pr-0.6746
2022-11-22 13:26:36 - INFO - epoch-626, train_loss-1.1599, train_rmse-1.0770, valid_rmse-1.3623, valid_pr-0.6869
2022-11-22 13:27:14 - INFO - epoch-627, train_loss-1.5641, train_rmse-1.2506, valid_rmse-1.5035, valid_pr-0.6090
2022-11-22 13:27:51 - INFO - epoch-628, train_loss-1.9810, train_rmse-1.4075, valid_rmse-1.4594, valid_pr-0.6290
2022-11-22 13:28:29 - INFO - epoch-629, train_loss-1.7941, train_rmse-1.3395, valid_rmse-1.4489, valid_pr-0.6282
2022-11-22 13:29:06 - INFO - epoch-630, train_loss-1.7235, train_rmse-1.3128, valid_rmse-1.4329, valid_pr-0.6466
2022-11-22 13:29:45 - INFO - epoch-631, train_loss-1.6498, train_rmse-1.2844, valid_rmse-1.4492, valid_pr-0.6489
2022-11-22 13:30:22 - INFO - epoch-632, train_loss-1.6018, train_rmse-1.2656, valid_rmse-1.4075, valid_pr-0.6563
2022-11-22 13:31:02 - INFO - epoch-633, train_loss-1.5148, train_rmse-1.2308, valid_rmse-1.4039, valid_pr-0.6635
2022-11-22 13:31:41 - INFO - epoch-634, train_loss-1.4893, train_rmse-1.2204, valid_rmse-1.3944, valid_pr-0.6649
2022-11-22 13:32:18 - INFO - epoch-635, train_loss-1.4956, train_rmse-1.2230, valid_rmse-1.4157, valid_pr-0.6538
2022-11-22 13:32:56 - INFO - epoch-636, train_loss-1.4487, train_rmse-1.2036, valid_rmse-1.4406, valid_pr-0.6718
2022-11-22 13:33:35 - INFO - epoch-637, train_loss-1.4166, train_rmse-1.1902, valid_rmse-1.4267, valid_pr-0.6632
2022-11-22 13:34:12 - INFO - epoch-638, train_loss-1.3966, train_rmse-1.1818, valid_rmse-1.3762, valid_pr-0.6759
2022-11-22 13:34:51 - INFO - epoch-639, train_loss-1.3646, train_rmse-1.1682, valid_rmse-1.3592, valid_pr-0.6803
2022-11-22 13:35:29 - INFO - epoch-640, train_loss-1.3611, train_rmse-1.1667, valid_rmse-1.3676, valid_pr-0.6807
2022-11-22 13:36:07 - INFO - epoch-641, train_loss-1.3401, train_rmse-1.1576, valid_rmse-1.3581, valid_pr-0.6847
2022-11-22 13:36:45 - INFO - epoch-642, train_loss-1.3411, train_rmse-1.1581, valid_rmse-1.3903, valid_pr-0.6731
2022-11-22 13:37:22 - INFO - epoch-643, train_loss-1.3346, train_rmse-1.1553, valid_rmse-1.3798, valid_pr-0.6828
2022-11-22 13:38:01 - INFO - epoch-644, train_loss-1.3385, train_rmse-1.1569, valid_rmse-1.3834, valid_pr-0.6819
2022-11-22 13:38:39 - INFO - epoch-645, train_loss-1.3289, train_rmse-1.1528, valid_rmse-1.3808, valid_pr-0.6776
2022-11-22 13:39:16 - INFO - epoch-646, train_loss-1.4013, train_rmse-1.1838, valid_rmse-1.3650, valid_pr-0.6879
2022-11-22 13:39:53 - INFO - epoch-647, train_loss-1.3175, train_rmse-1.1478, valid_rmse-1.3741, valid_pr-0.6898
2022-11-22 13:40:30 - INFO - epoch-648, train_loss-1.3220, train_rmse-1.1498, valid_rmse-1.3316, valid_pr-0.6993
2022-11-22 13:41:09 - INFO - epoch-649, train_loss-1.2743, train_rmse-1.1288, valid_rmse-1.3659, valid_pr-0.6842
2022-11-22 13:41:47 - INFO - epoch-650, train_loss-1.2590, train_rmse-1.1220, valid_rmse-1.3542, valid_pr-0.6842
2022-11-22 13:42:25 - INFO - epoch-651, train_loss-1.2433, train_rmse-1.1150, valid_rmse-1.3691, valid_pr-0.6807
2022-11-22 13:43:01 - INFO - epoch-652, train_loss-1.2605, train_rmse-1.1227, valid_rmse-1.3785, valid_pr-0.6824
2022-11-22 13:43:39 - INFO - epoch-653, train_loss-1.2161, train_rmse-1.1028, valid_rmse-1.3540, valid_pr-0.6867
2022-11-22 13:43:39 - INFO - early stop in epoch 653
2022-11-22 13:43:39 - INFO - best_rmse: 1.3313
2022-11-22 13:44:23 - INFO - valid_rmse-1.3295, valid_pr-0.6968, test2013_rmse-1.4716, test2013_pr-0.7865, test2016_rmse-1.3717, test2016_pr-0.7805, test2019_rmse-1.4390, test2019_pr-0.6180,
