2022-11-25 07:49:01 - INFO - /data2/yzd/project/SchNet/train_SchNet.py
2022-11-25 07:49:01 - INFO - train data: 11904
2022-11-25 07:49:01 - INFO - valid data: 1000
2022-11-25 07:49:01 - INFO - test2013 data: 107
2022-11-25 07:49:01 - INFO - test2016 data: 285
2022-11-25 07:49:01 - INFO - test2019 data: 4366
2022-11-25 07:49:51 - INFO - epoch-0, train_loss-41.8592, train_rmse-6.4699, valid_rmse-6.4905, valid_pr-0.5037
2022-11-25 07:50:09 - INFO - epoch-1, train_loss-31.9845, train_rmse-5.6555, valid_rmse-4.7610, valid_pr-0.5099
2022-11-25 07:50:27 - INFO - epoch-2, train_loss-16.0615, train_rmse-4.0077, valid_rmse-2.8131, valid_pr-0.5193
2022-11-25 07:50:46 - INFO - epoch-3, train_loss-5.9292, train_rmse-2.4350, valid_rmse-2.1040, valid_pr-0.5035
2022-11-25 07:51:04 - INFO - epoch-4, train_loss-3.4957, train_rmse-1.8697, valid_rmse-1.5505, valid_pr-0.5481
2022-11-25 07:51:22 - INFO - epoch-5, train_loss-3.2555, train_rmse-1.8043, valid_rmse-1.6243, valid_pr-0.5164
2022-11-25 07:51:40 - INFO - epoch-6, train_loss-3.2141, train_rmse-1.7928, valid_rmse-1.5381, valid_pr-0.5554
2022-11-25 07:51:58 - INFO - epoch-7, train_loss-3.0477, train_rmse-1.7458, valid_rmse-1.5544, valid_pr-0.5659
2022-11-25 07:52:16 - INFO - epoch-8, train_loss-3.0221, train_rmse-1.7384, valid_rmse-1.5271, valid_pr-0.5665
2022-11-25 07:52:35 - INFO - epoch-9, train_loss-2.9415, train_rmse-1.7151, valid_rmse-1.5388, valid_pr-0.5594
2022-11-25 07:52:53 - INFO - epoch-10, train_loss-2.9297, train_rmse-1.7116, valid_rmse-1.5493, valid_pr-0.5617
2022-11-25 07:53:12 - INFO - epoch-11, train_loss-2.8733, train_rmse-1.6951, valid_rmse-1.5852, valid_pr-0.5803
2022-11-25 07:53:30 - INFO - epoch-12, train_loss-2.7979, train_rmse-1.6727, valid_rmse-1.4974, valid_pr-0.5943
2022-11-25 07:53:48 - INFO - epoch-13, train_loss-2.7074, train_rmse-1.6454, valid_rmse-1.5021, valid_pr-0.5951
2022-11-25 07:54:07 - INFO - epoch-14, train_loss-2.7301, train_rmse-1.6523, valid_rmse-1.4830, valid_pr-0.6042
2022-11-25 07:54:25 - INFO - epoch-15, train_loss-2.6365, train_rmse-1.6237, valid_rmse-1.4498, valid_pr-0.6226
2022-11-25 07:54:43 - INFO - epoch-16, train_loss-2.5507, train_rmse-1.5971, valid_rmse-1.4553, valid_pr-0.6168
2022-11-25 07:55:01 - INFO - epoch-17, train_loss-2.4563, train_rmse-1.5673, valid_rmse-1.4317, valid_pr-0.6391
2022-11-25 07:55:20 - INFO - epoch-18, train_loss-2.5044, train_rmse-1.5825, valid_rmse-1.4329, valid_pr-0.6376
2022-11-25 07:55:38 - INFO - epoch-19, train_loss-2.4300, train_rmse-1.5589, valid_rmse-1.5110, valid_pr-0.6059
2022-11-25 07:55:57 - INFO - epoch-20, train_loss-2.3938, train_rmse-1.5472, valid_rmse-1.3937, valid_pr-0.6563
2022-11-25 07:56:15 - INFO - epoch-21, train_loss-2.3437, train_rmse-1.5309, valid_rmse-1.3886, valid_pr-0.6616
2022-11-25 07:56:33 - INFO - epoch-22, train_loss-2.3020, train_rmse-1.5172, valid_rmse-1.3865, valid_pr-0.6618
2022-11-25 07:56:51 - INFO - epoch-23, train_loss-2.2610, train_rmse-1.5037, valid_rmse-1.4116, valid_pr-0.6471
2022-11-25 07:57:10 - INFO - epoch-24, train_loss-2.2074, train_rmse-1.4857, valid_rmse-1.5353, valid_pr-0.6421
2022-11-25 07:57:28 - INFO - epoch-25, train_loss-2.1671, train_rmse-1.4721, valid_rmse-1.4052, valid_pr-0.6684
2022-11-25 07:57:46 - INFO - epoch-26, train_loss-2.0994, train_rmse-1.4489, valid_rmse-1.3840, valid_pr-0.6696
2022-11-25 07:58:04 - INFO - epoch-27, train_loss-2.0605, train_rmse-1.4354, valid_rmse-1.3723, valid_pr-0.6719
2022-11-25 07:58:23 - INFO - epoch-28, train_loss-2.0619, train_rmse-1.4359, valid_rmse-1.3791, valid_pr-0.6670
2022-11-25 07:58:40 - INFO - epoch-29, train_loss-1.9678, train_rmse-1.4028, valid_rmse-1.4615, valid_pr-0.6770
2022-11-25 07:58:57 - INFO - epoch-30, train_loss-1.9197, train_rmse-1.3855, valid_rmse-1.3945, valid_pr-0.6668
2022-11-25 07:59:14 - INFO - epoch-31, train_loss-1.8905, train_rmse-1.3749, valid_rmse-1.3511, valid_pr-0.6838
2022-11-25 07:59:31 - INFO - epoch-32, train_loss-1.8374, train_rmse-1.3555, valid_rmse-1.4587, valid_pr-0.6712
2022-11-25 07:59:50 - INFO - epoch-33, train_loss-1.7335, train_rmse-1.3166, valid_rmse-1.4540, valid_pr-0.6637
2022-11-25 08:00:08 - INFO - epoch-34, train_loss-1.7013, train_rmse-1.3043, valid_rmse-1.3804, valid_pr-0.6684
2022-11-25 08:00:27 - INFO - epoch-35, train_loss-1.6527, train_rmse-1.2856, valid_rmse-1.4025, valid_pr-0.6765
2022-11-25 08:00:45 - INFO - epoch-36, train_loss-1.5852, train_rmse-1.2591, valid_rmse-1.4225, valid_pr-0.6739
2022-11-25 08:01:03 - INFO - epoch-37, train_loss-1.5450, train_rmse-1.2430, valid_rmse-1.3753, valid_pr-0.6751
2022-11-25 08:01:21 - INFO - epoch-38, train_loss-1.4816, train_rmse-1.2172, valid_rmse-1.4492, valid_pr-0.6408
2022-11-25 08:01:40 - INFO - epoch-39, train_loss-1.4047, train_rmse-1.1852, valid_rmse-1.3617, valid_pr-0.6800
2022-11-25 08:01:58 - INFO - epoch-40, train_loss-1.3731, train_rmse-1.1718, valid_rmse-1.3860, valid_pr-0.6761
2022-11-25 08:02:16 - INFO - epoch-41, train_loss-1.2935, train_rmse-1.1373, valid_rmse-1.4142, valid_pr-0.6471
2022-11-25 08:02:34 - INFO - epoch-42, train_loss-1.2421, train_rmse-1.1145, valid_rmse-1.3562, valid_pr-0.6835
2022-11-25 08:02:52 - INFO - epoch-43, train_loss-1.2105, train_rmse-1.1002, valid_rmse-1.3966, valid_pr-0.6767
2022-11-25 08:03:11 - INFO - epoch-44, train_loss-1.1375, train_rmse-1.0665, valid_rmse-1.4053, valid_pr-0.6765
2022-11-25 08:03:29 - INFO - epoch-45, train_loss-1.0792, train_rmse-1.0389, valid_rmse-1.4273, valid_pr-0.6674
2022-11-25 08:03:47 - INFO - epoch-46, train_loss-1.0621, train_rmse-1.0306, valid_rmse-1.4282, valid_pr-0.6499
2022-11-25 08:04:05 - INFO - epoch-47, train_loss-1.0078, train_rmse-1.0039, valid_rmse-1.4701, valid_pr-0.6669
2022-11-25 08:04:23 - INFO - epoch-48, train_loss-0.9389, train_rmse-0.9690, valid_rmse-1.4151, valid_pr-0.6694
2022-11-25 08:04:41 - INFO - epoch-49, train_loss-0.8842, train_rmse-0.9403, valid_rmse-1.3789, valid_pr-0.6777
2022-11-25 08:05:00 - INFO - epoch-50, train_loss-0.8544, train_rmse-0.9243, valid_rmse-1.3861, valid_pr-0.6739
2022-11-25 08:05:18 - INFO - epoch-51, train_loss-0.8039, train_rmse-0.8966, valid_rmse-1.3915, valid_pr-0.6656
2022-11-25 08:05:36 - INFO - epoch-52, train_loss-0.8032, train_rmse-0.8962, valid_rmse-1.5670, valid_pr-0.6558
2022-11-25 08:05:55 - INFO - epoch-53, train_loss-0.7647, train_rmse-0.8745, valid_rmse-1.4494, valid_pr-0.6394
2022-11-25 08:06:13 - INFO - epoch-54, train_loss-0.7503, train_rmse-0.8662, valid_rmse-1.4570, valid_pr-0.6759
2022-11-25 08:06:31 - INFO - epoch-55, train_loss-0.6979, train_rmse-0.8354, valid_rmse-1.3952, valid_pr-0.6757
2022-11-25 08:06:49 - INFO - epoch-56, train_loss-0.6652, train_rmse-0.8156, valid_rmse-1.4587, valid_pr-0.6637
2022-11-25 08:07:07 - INFO - epoch-57, train_loss-0.6320, train_rmse-0.7950, valid_rmse-1.4480, valid_pr-0.6656
2022-11-25 08:07:26 - INFO - epoch-58, train_loss-0.6395, train_rmse-0.7997, valid_rmse-1.3897, valid_pr-0.6849
2022-11-25 08:07:44 - INFO - epoch-59, train_loss-0.6053, train_rmse-0.7780, valid_rmse-1.4796, valid_pr-0.6695
2022-11-25 08:08:02 - INFO - epoch-60, train_loss-0.5719, train_rmse-0.7563, valid_rmse-1.3982, valid_pr-0.6841
2022-11-25 08:08:20 - INFO - epoch-61, train_loss-0.5505, train_rmse-0.7420, valid_rmse-1.3844, valid_pr-0.6789
2022-11-25 08:08:38 - INFO - epoch-62, train_loss-0.5356, train_rmse-0.7319, valid_rmse-1.4275, valid_pr-0.6749
2022-11-25 08:08:56 - INFO - epoch-63, train_loss-0.5409, train_rmse-0.7355, valid_rmse-1.4034, valid_pr-0.6825
2022-11-25 08:09:15 - INFO - epoch-64, train_loss-0.5038, train_rmse-0.7098, valid_rmse-1.4452, valid_pr-0.6637
2022-11-25 08:09:33 - INFO - epoch-65, train_loss-0.4784, train_rmse-0.6917, valid_rmse-1.4166, valid_pr-0.6771
2022-11-25 08:09:51 - INFO - epoch-66, train_loss-0.4737, train_rmse-0.6883, valid_rmse-1.4586, valid_pr-0.6774
2022-11-25 08:10:09 - INFO - epoch-67, train_loss-0.4660, train_rmse-0.6826, valid_rmse-1.5778, valid_pr-0.6612
2022-11-25 08:10:27 - INFO - epoch-68, train_loss-0.4503, train_rmse-0.6710, valid_rmse-1.4274, valid_pr-0.6787
2022-11-25 08:10:45 - INFO - epoch-69, train_loss-0.4310, train_rmse-0.6565, valid_rmse-1.4117, valid_pr-0.6682
2022-11-25 08:11:03 - INFO - epoch-70, train_loss-0.4117, train_rmse-0.6416, valid_rmse-1.4008, valid_pr-0.6698
2022-11-25 08:11:21 - INFO - epoch-71, train_loss-0.3893, train_rmse-0.6240, valid_rmse-1.4470, valid_pr-0.6642
2022-11-25 08:11:40 - INFO - epoch-72, train_loss-0.3951, train_rmse-0.6286, valid_rmse-1.3793, valid_pr-0.6804
2022-11-25 08:11:58 - INFO - epoch-73, train_loss-0.3721, train_rmse-0.6100, valid_rmse-1.3984, valid_pr-0.6760
2022-11-25 08:12:17 - INFO - epoch-74, train_loss-0.3607, train_rmse-0.6006, valid_rmse-1.4165, valid_pr-0.6819
2022-11-25 08:12:35 - INFO - epoch-75, train_loss-0.3570, train_rmse-0.5975, valid_rmse-1.4488, valid_pr-0.6673
2022-11-25 08:12:53 - INFO - epoch-76, train_loss-0.3373, train_rmse-0.5807, valid_rmse-1.4304, valid_pr-0.6774
2022-11-25 08:13:11 - INFO - epoch-77, train_loss-0.3315, train_rmse-0.5758, valid_rmse-1.4282, valid_pr-0.6559
2022-11-25 08:13:29 - INFO - epoch-78, train_loss-0.3277, train_rmse-0.5725, valid_rmse-1.4057, valid_pr-0.6823
2022-11-25 08:13:47 - INFO - epoch-79, train_loss-0.3211, train_rmse-0.5667, valid_rmse-1.5025, valid_pr-0.6765
2022-11-25 08:14:05 - INFO - epoch-80, train_loss-0.3220, train_rmse-0.5675, valid_rmse-1.4810, valid_pr-0.6769
2022-11-25 08:14:24 - INFO - epoch-81, train_loss-0.2981, train_rmse-0.5460, valid_rmse-1.4266, valid_pr-0.6713
2022-11-25 08:14:42 - INFO - epoch-82, train_loss-0.2948, train_rmse-0.5430, valid_rmse-1.4343, valid_pr-0.6749
2022-11-25 08:15:00 - INFO - epoch-83, train_loss-0.3152, train_rmse-0.5614, valid_rmse-1.5249, valid_pr-0.6615
2022-11-25 08:15:18 - INFO - epoch-84, train_loss-0.2876, train_rmse-0.5363, valid_rmse-1.4567, valid_pr-0.6687
2022-11-25 08:15:36 - INFO - epoch-85, train_loss-0.2860, train_rmse-0.5348, valid_rmse-1.4056, valid_pr-0.6827
2022-11-25 08:15:54 - INFO - epoch-86, train_loss-0.2756, train_rmse-0.5249, valid_rmse-1.4697, valid_pr-0.6686
2022-11-25 08:16:12 - INFO - epoch-87, train_loss-0.2626, train_rmse-0.5124, valid_rmse-1.4777, valid_pr-0.6725
2022-11-25 08:16:29 - INFO - epoch-88, train_loss-0.2628, train_rmse-0.5127, valid_rmse-1.4593, valid_pr-0.6569
2022-11-25 08:16:47 - INFO - epoch-89, train_loss-0.2552, train_rmse-0.5051, valid_rmse-1.3905, valid_pr-0.6813
2022-11-25 08:17:06 - INFO - epoch-90, train_loss-0.2565, train_rmse-0.5064, valid_rmse-1.4605, valid_pr-0.6685
2022-11-25 08:17:24 - INFO - epoch-91, train_loss-0.2511, train_rmse-0.5011, valid_rmse-1.4208, valid_pr-0.6745
2022-11-25 08:17:41 - INFO - epoch-92, train_loss-0.2468, train_rmse-0.4968, valid_rmse-1.4222, valid_pr-0.6720
2022-11-25 08:18:00 - INFO - epoch-93, train_loss-0.2477, train_rmse-0.4977, valid_rmse-1.3900, valid_pr-0.6767
2022-11-25 08:18:18 - INFO - epoch-94, train_loss-0.2334, train_rmse-0.4832, valid_rmse-1.4009, valid_pr-0.6755
2022-11-25 08:18:36 - INFO - epoch-95, train_loss-0.2340, train_rmse-0.4837, valid_rmse-1.4547, valid_pr-0.6619
2022-11-25 08:18:54 - INFO - epoch-96, train_loss-0.2420, train_rmse-0.4919, valid_rmse-1.4119, valid_pr-0.6764
2022-11-25 08:19:12 - INFO - epoch-97, train_loss-0.2118, train_rmse-0.4602, valid_rmse-1.4135, valid_pr-0.6840
2022-11-25 08:19:30 - INFO - epoch-98, train_loss-0.2083, train_rmse-0.4564, valid_rmse-1.4619, valid_pr-0.6698
2022-11-25 08:19:48 - INFO - epoch-99, train_loss-0.2268, train_rmse-0.4763, valid_rmse-1.4011, valid_pr-0.6832
2022-11-25 08:20:06 - INFO - epoch-100, train_loss-0.2161, train_rmse-0.4648, valid_rmse-1.4190, valid_pr-0.6662
2022-11-25 08:20:24 - INFO - epoch-101, train_loss-0.2253, train_rmse-0.4746, valid_rmse-1.4043, valid_pr-0.6804
2022-11-25 08:20:42 - INFO - epoch-102, train_loss-0.2096, train_rmse-0.4578, valid_rmse-1.3809, valid_pr-0.6754
2022-11-25 08:21:00 - INFO - epoch-103, train_loss-0.2105, train_rmse-0.4588, valid_rmse-1.4011, valid_pr-0.6884
2022-11-25 08:21:18 - INFO - epoch-104, train_loss-0.2099, train_rmse-0.4581, valid_rmse-1.3906, valid_pr-0.6842
2022-11-25 08:21:35 - INFO - epoch-105, train_loss-0.2015, train_rmse-0.4489, valid_rmse-1.5355, valid_pr-0.6692
2022-11-25 08:21:53 - INFO - epoch-106, train_loss-0.2025, train_rmse-0.4500, valid_rmse-1.4789, valid_pr-0.6661
2022-11-25 08:22:12 - INFO - epoch-107, train_loss-0.1966, train_rmse-0.4434, valid_rmse-1.3966, valid_pr-0.6731
2022-11-25 08:22:30 - INFO - epoch-108, train_loss-0.1971, train_rmse-0.4439, valid_rmse-1.4395, valid_pr-0.6786
2022-11-25 08:23:01 - INFO - epoch-109, train_loss-0.2019, train_rmse-0.4493, valid_rmse-1.4227, valid_pr-0.6758
2022-11-25 08:23:45 - INFO - epoch-110, train_loss-0.2027, train_rmse-0.4502, valid_rmse-1.3995, valid_pr-0.6787
2022-11-25 08:24:03 - INFO - epoch-111, train_loss-0.1977, train_rmse-0.4446, valid_rmse-1.5130, valid_pr-0.6731
2022-11-25 08:24:22 - INFO - epoch-112, train_loss-0.1930, train_rmse-0.4393, valid_rmse-1.4749, valid_pr-0.6722
2022-11-25 08:24:41 - INFO - epoch-113, train_loss-0.1908, train_rmse-0.4368, valid_rmse-1.4465, valid_pr-0.6765
2022-11-25 08:24:59 - INFO - epoch-114, train_loss-0.1915, train_rmse-0.4377, valid_rmse-1.4209, valid_pr-0.6697
2022-11-25 08:25:18 - INFO - epoch-115, train_loss-0.1732, train_rmse-0.4161, valid_rmse-1.4729, valid_pr-0.6608
2022-11-25 08:25:36 - INFO - epoch-116, train_loss-0.1861, train_rmse-0.4314, valid_rmse-1.4071, valid_pr-0.6731
2022-11-25 08:25:54 - INFO - epoch-117, train_loss-0.1711, train_rmse-0.4136, valid_rmse-1.3752, valid_pr-0.6856
2022-11-25 08:26:13 - INFO - epoch-118, train_loss-0.1841, train_rmse-0.4291, valid_rmse-1.4323, valid_pr-0.6768
2022-11-25 08:26:32 - INFO - epoch-119, train_loss-0.1837, train_rmse-0.4286, valid_rmse-1.4401, valid_pr-0.6846
2022-11-25 08:26:50 - INFO - epoch-120, train_loss-0.1852, train_rmse-0.4304, valid_rmse-1.3676, valid_pr-0.6886
2022-11-25 08:27:08 - INFO - epoch-121, train_loss-0.1863, train_rmse-0.4317, valid_rmse-1.4067, valid_pr-0.6871
2022-11-25 08:27:27 - INFO - epoch-122, train_loss-0.1670, train_rmse-0.4087, valid_rmse-1.3872, valid_pr-0.6861
2022-11-25 08:27:45 - INFO - epoch-123, train_loss-0.1660, train_rmse-0.4074, valid_rmse-1.3583, valid_pr-0.6926
2022-11-25 08:28:04 - INFO - epoch-124, train_loss-0.1732, train_rmse-0.4162, valid_rmse-1.5102, valid_pr-0.6634
2022-11-25 08:28:22 - INFO - epoch-125, train_loss-0.1610, train_rmse-0.4012, valid_rmse-1.3920, valid_pr-0.6920
2022-11-25 08:28:41 - INFO - epoch-126, train_loss-0.1573, train_rmse-0.3966, valid_rmse-1.4620, valid_pr-0.6858
2022-11-25 08:29:00 - INFO - epoch-127, train_loss-0.1604, train_rmse-0.4004, valid_rmse-1.3927, valid_pr-0.6848
2022-11-25 08:29:18 - INFO - epoch-128, train_loss-0.1594, train_rmse-0.3992, valid_rmse-1.3897, valid_pr-0.6977
2022-11-25 08:29:37 - INFO - epoch-129, train_loss-0.1614, train_rmse-0.4017, valid_rmse-1.3744, valid_pr-0.6915
2022-11-25 08:29:55 - INFO - epoch-130, train_loss-0.1650, train_rmse-0.4063, valid_rmse-1.3678, valid_pr-0.6802
2022-11-25 08:30:14 - INFO - epoch-131, train_loss-0.1556, train_rmse-0.3944, valid_rmse-1.3799, valid_pr-0.6847
2022-11-25 08:30:32 - INFO - epoch-132, train_loss-0.1546, train_rmse-0.3932, valid_rmse-1.3669, valid_pr-0.6894
2022-11-25 08:30:32 - INFO - early stop in epoch 132
2022-11-25 08:30:32 - INFO - best_rmse: 1.3511
2022-11-25 08:30:49 - INFO - valid_rmse-1.3511, valid_pr-0.6838, test2013_rmse-1.5399, test2013_pr-0.7859, test2016_rmse-1.4017, test2016_pr-0.8057, test2019_rmse-1.4434, test2019_pr-0.5930,
