2022-11-27 04:37:34 - INFO - train_EGNN.py
2022-11-27 04:37:34 - INFO - train data: 11904
2022-11-27 04:37:34 - INFO - valid data: 1000
2022-11-27 04:37:34 - INFO - test2013 data: 107
2022-11-27 04:37:34 - INFO - test2016 data: 285
2022-11-27 04:37:34 - INFO - test2019 data: 4366
2022-11-27 04:37:47 - INFO - epoch-0, train_loss-39.4074, train_rmse-6.2775, valid_rmse-6.7396, valid_pr-0.4046
2022-11-27 04:38:01 - INFO - epoch-1, train_loss-24.4264, train_rmse-4.9423, valid_rmse-3.8856, valid_pr-0.2916
2022-11-27 04:38:14 - INFO - epoch-2, train_loss-7.6684, train_rmse-2.7692, valid_rmse-2.2948, valid_pr-0.3722
2022-11-27 04:38:28 - INFO - epoch-3, train_loss-3.6332, train_rmse-1.9061, valid_rmse-1.7890, valid_pr-0.4634
2022-11-27 04:38:41 - INFO - epoch-4, train_loss-3.4036, train_rmse-1.8449, valid_rmse-1.7663, valid_pr-0.4652
2022-11-27 04:38:54 - INFO - epoch-5, train_loss-3.2733, train_rmse-1.8092, valid_rmse-2.9700, valid_pr-0.3386
2022-11-27 04:39:07 - INFO - epoch-6, train_loss-3.2275, train_rmse-1.7965, valid_rmse-1.9273, valid_pr-0.2940
2022-11-27 04:39:21 - INFO - epoch-7, train_loss-3.1446, train_rmse-1.7733, valid_rmse-1.6251, valid_pr-0.5044
2022-11-27 04:39:34 - INFO - epoch-8, train_loss-3.1499, train_rmse-1.7748, valid_rmse-1.7632, valid_pr-0.4683
2022-11-27 04:39:48 - INFO - epoch-9, train_loss-3.0621, train_rmse-1.7499, valid_rmse-1.7488, valid_pr-0.5014
2022-11-27 04:40:02 - INFO - epoch-10, train_loss-2.9648, train_rmse-1.7219, valid_rmse-1.6580, valid_pr-0.5308
2022-11-27 04:40:15 - INFO - epoch-11, train_loss-2.9297, train_rmse-1.7116, valid_rmse-1.5898, valid_pr-0.5446
2022-11-27 04:40:29 - INFO - epoch-12, train_loss-2.9168, train_rmse-1.7079, valid_rmse-1.5335, valid_pr-0.5568
2022-11-27 04:40:42 - INFO - epoch-13, train_loss-2.8316, train_rmse-1.6827, valid_rmse-1.5985, valid_pr-0.5453
2022-11-27 04:40:56 - INFO - epoch-14, train_loss-2.8515, train_rmse-1.6886, valid_rmse-1.5183, valid_pr-0.5728
2022-11-27 04:41:09 - INFO - epoch-15, train_loss-2.8373, train_rmse-1.6844, valid_rmse-1.5487, valid_pr-0.5455
2022-11-27 04:41:22 - INFO - epoch-16, train_loss-2.7612, train_rmse-1.6617, valid_rmse-1.6163, valid_pr-0.5486
2022-11-27 04:41:36 - INFO - epoch-17, train_loss-2.7372, train_rmse-1.6544, valid_rmse-1.5270, valid_pr-0.5624
2022-11-27 04:41:49 - INFO - epoch-18, train_loss-2.6721, train_rmse-1.6346, valid_rmse-1.5037, valid_pr-0.5820
2022-11-27 04:42:01 - INFO - epoch-19, train_loss-2.6881, train_rmse-1.6396, valid_rmse-1.5902, valid_pr-0.5574
2022-11-27 04:42:15 - INFO - epoch-20, train_loss-2.6896, train_rmse-1.6400, valid_rmse-1.5485, valid_pr-0.5819
2022-11-27 04:42:28 - INFO - epoch-21, train_loss-2.6309, train_rmse-1.6220, valid_rmse-1.4801, valid_pr-0.5985
2022-11-27 04:42:42 - INFO - epoch-22, train_loss-2.6176, train_rmse-1.6179, valid_rmse-1.5737, valid_pr-0.5561
2022-11-27 04:42:56 - INFO - epoch-23, train_loss-2.5792, train_rmse-1.6060, valid_rmse-1.5734, valid_pr-0.5620
2022-11-27 04:43:09 - INFO - epoch-24, train_loss-2.5121, train_rmse-1.5850, valid_rmse-1.5863, valid_pr-0.5628
2022-11-27 04:43:23 - INFO - epoch-25, train_loss-2.5062, train_rmse-1.5831, valid_rmse-1.4873, valid_pr-0.6010
2022-11-27 04:43:36 - INFO - epoch-26, train_loss-2.4424, train_rmse-1.5628, valid_rmse-1.4860, valid_pr-0.6053
2022-11-27 04:43:50 - INFO - epoch-27, train_loss-2.4701, train_rmse-1.5717, valid_rmse-1.5217, valid_pr-0.5959
2022-11-27 04:44:04 - INFO - epoch-28, train_loss-2.4331, train_rmse-1.5598, valid_rmse-1.5044, valid_pr-0.6086
2022-11-27 04:44:17 - INFO - epoch-29, train_loss-2.4266, train_rmse-1.5578, valid_rmse-1.7834, valid_pr-0.5265
2022-11-27 04:44:30 - INFO - epoch-30, train_loss-2.3288, train_rmse-1.5260, valid_rmse-1.5360, valid_pr-0.6030
2022-11-27 04:44:44 - INFO - epoch-31, train_loss-2.3282, train_rmse-1.5258, valid_rmse-1.4891, valid_pr-0.6314
2022-11-27 04:44:57 - INFO - epoch-32, train_loss-2.2939, train_rmse-1.5146, valid_rmse-1.4589, valid_pr-0.6189
2022-11-27 04:45:11 - INFO - epoch-33, train_loss-2.3348, train_rmse-1.5280, valid_rmse-1.4265, valid_pr-0.6399
2022-11-27 04:45:24 - INFO - epoch-34, train_loss-2.2337, train_rmse-1.4945, valid_rmse-1.4274, valid_pr-0.6353
2022-11-27 04:45:38 - INFO - epoch-35, train_loss-2.2232, train_rmse-1.4910, valid_rmse-1.5226, valid_pr-0.6393
2022-11-27 04:45:51 - INFO - epoch-36, train_loss-2.2126, train_rmse-1.4875, valid_rmse-1.5309, valid_pr-0.6143
2022-11-27 04:46:05 - INFO - epoch-37, train_loss-2.1947, train_rmse-1.4815, valid_rmse-1.4012, valid_pr-0.6521
2022-11-27 04:46:18 - INFO - epoch-38, train_loss-2.1817, train_rmse-1.4770, valid_rmse-1.4844, valid_pr-0.6526
2022-11-27 04:46:31 - INFO - epoch-39, train_loss-2.1084, train_rmse-1.4520, valid_rmse-1.3828, valid_pr-0.6707
2022-11-27 04:46:45 - INFO - epoch-40, train_loss-2.0726, train_rmse-1.4396, valid_rmse-1.3897, valid_pr-0.6636
2022-11-27 04:46:58 - INFO - epoch-41, train_loss-2.0362, train_rmse-1.4270, valid_rmse-1.3903, valid_pr-0.6592
2022-11-27 04:47:12 - INFO - epoch-42, train_loss-2.0009, train_rmse-1.4145, valid_rmse-1.3373, valid_pr-0.6896
2022-11-27 04:47:25 - INFO - epoch-43, train_loss-1.9626, train_rmse-1.4009, valid_rmse-1.4507, valid_pr-0.6589
2022-11-27 04:47:38 - INFO - epoch-44, train_loss-1.9590, train_rmse-1.3996, valid_rmse-1.4767, valid_pr-0.6661
2022-11-27 04:47:52 - INFO - epoch-45, train_loss-1.9403, train_rmse-1.3929, valid_rmse-1.4350, valid_pr-0.6366
2022-11-27 04:48:05 - INFO - epoch-46, train_loss-1.8739, train_rmse-1.3689, valid_rmse-1.5969, valid_pr-0.6417
2022-11-27 04:48:18 - INFO - epoch-47, train_loss-1.8522, train_rmse-1.3609, valid_rmse-1.4055, valid_pr-0.6540
2022-11-27 04:48:31 - INFO - epoch-48, train_loss-1.7989, train_rmse-1.3412, valid_rmse-1.3500, valid_pr-0.6979
2022-11-27 04:48:45 - INFO - epoch-49, train_loss-1.7548, train_rmse-1.3247, valid_rmse-1.4828, valid_pr-0.6543
2022-11-27 04:48:59 - INFO - epoch-50, train_loss-1.7479, train_rmse-1.3221, valid_rmse-1.3478, valid_pr-0.7212
2022-11-27 04:49:13 - INFO - epoch-51, train_loss-1.7063, train_rmse-1.3063, valid_rmse-1.3379, valid_pr-0.6966
2022-11-27 04:49:26 - INFO - epoch-52, train_loss-1.6617, train_rmse-1.2891, valid_rmse-1.3386, valid_pr-0.6961
2022-11-27 04:49:39 - INFO - epoch-53, train_loss-1.6036, train_rmse-1.2663, valid_rmse-1.3683, valid_pr-0.6990
2022-11-27 04:49:52 - INFO - epoch-54, train_loss-1.5503, train_rmse-1.2451, valid_rmse-1.4863, valid_pr-0.6724
2022-11-27 04:50:05 - INFO - epoch-55, train_loss-1.4972, train_rmse-1.2236, valid_rmse-1.3877, valid_pr-0.6641
2022-11-27 04:50:19 - INFO - epoch-56, train_loss-1.4424, train_rmse-1.2010, valid_rmse-1.4053, valid_pr-0.6758
2022-11-27 04:50:32 - INFO - epoch-57, train_loss-1.3886, train_rmse-1.1784, valid_rmse-1.3908, valid_pr-0.6947
2022-11-27 04:50:46 - INFO - epoch-58, train_loss-1.3589, train_rmse-1.1657, valid_rmse-1.3476, valid_pr-0.6882
2022-11-27 04:50:59 - INFO - epoch-59, train_loss-1.3006, train_rmse-1.1404, valid_rmse-1.3404, valid_pr-0.6963
2022-11-27 04:51:13 - INFO - epoch-60, train_loss-1.2614, train_rmse-1.1231, valid_rmse-1.4687, valid_pr-0.6992
2022-11-27 04:51:27 - INFO - epoch-61, train_loss-1.1635, train_rmse-1.0787, valid_rmse-1.3221, valid_pr-0.7151
2022-11-27 04:51:41 - INFO - epoch-62, train_loss-1.1321, train_rmse-1.0640, valid_rmse-1.3855, valid_pr-0.6835
2022-11-27 04:51:54 - INFO - epoch-63, train_loss-1.1020, train_rmse-1.0498, valid_rmse-1.3663, valid_pr-0.7145
2022-11-27 04:52:08 - INFO - epoch-64, train_loss-1.0256, train_rmse-1.0127, valid_rmse-1.3426, valid_pr-0.7112
2022-11-27 04:52:21 - INFO - epoch-65, train_loss-0.9412, train_rmse-0.9702, valid_rmse-1.3107, valid_pr-0.7208
2022-11-27 04:52:34 - INFO - epoch-66, train_loss-0.8914, train_rmse-0.9442, valid_rmse-1.3340, valid_pr-0.7040
2022-11-27 04:52:47 - INFO - epoch-67, train_loss-0.8434, train_rmse-0.9184, valid_rmse-1.3879, valid_pr-0.6902
2022-11-27 04:53:01 - INFO - epoch-68, train_loss-0.7944, train_rmse-0.8913, valid_rmse-1.3343, valid_pr-0.7093
2022-11-27 04:53:15 - INFO - epoch-69, train_loss-0.7812, train_rmse-0.8839, valid_rmse-1.3632, valid_pr-0.7049
2022-11-27 04:53:28 - INFO - epoch-70, train_loss-0.7346, train_rmse-0.8571, valid_rmse-1.3331, valid_pr-0.7008
2022-11-27 04:53:42 - INFO - epoch-71, train_loss-0.6787, train_rmse-0.8239, valid_rmse-1.4605, valid_pr-0.7237
2022-11-27 04:53:55 - INFO - epoch-72, train_loss-0.6495, train_rmse-0.8059, valid_rmse-1.3923, valid_pr-0.7067
2022-11-27 04:54:08 - INFO - epoch-73, train_loss-0.6382, train_rmse-0.7989, valid_rmse-1.3223, valid_pr-0.7196
2022-11-27 04:54:21 - INFO - epoch-74, train_loss-0.5998, train_rmse-0.7744, valid_rmse-1.3343, valid_pr-0.7220
2022-11-27 04:54:35 - INFO - epoch-75, train_loss-0.5367, train_rmse-0.7326, valid_rmse-1.3542, valid_pr-0.7143
2022-11-27 04:54:48 - INFO - epoch-76, train_loss-0.5495, train_rmse-0.7413, valid_rmse-1.4170, valid_pr-0.6932
2022-11-27 04:55:01 - INFO - epoch-77, train_loss-0.5217, train_rmse-0.7223, valid_rmse-1.2869, valid_pr-0.7304
2022-11-27 04:55:14 - INFO - epoch-78, train_loss-0.4805, train_rmse-0.6932, valid_rmse-1.4043, valid_pr-0.7265
2022-11-27 04:55:28 - INFO - epoch-79, train_loss-0.4455, train_rmse-0.6675, valid_rmse-1.3858, valid_pr-0.6976
2022-11-27 04:55:41 - INFO - epoch-80, train_loss-0.4168, train_rmse-0.6456, valid_rmse-1.3998, valid_pr-0.7190
2022-11-27 04:55:55 - INFO - epoch-81, train_loss-0.4166, train_rmse-0.6455, valid_rmse-1.3043, valid_pr-0.7140
2022-11-27 04:56:08 - INFO - epoch-82, train_loss-0.3867, train_rmse-0.6218, valid_rmse-1.3008, valid_pr-0.7142
2022-11-27 04:56:22 - INFO - epoch-83, train_loss-0.3774, train_rmse-0.6143, valid_rmse-1.3043, valid_pr-0.7077
2022-11-27 04:56:35 - INFO - epoch-84, train_loss-0.3789, train_rmse-0.6155, valid_rmse-1.3011, valid_pr-0.7197
2022-11-27 04:56:49 - INFO - epoch-85, train_loss-0.3751, train_rmse-0.6125, valid_rmse-1.3173, valid_pr-0.7278
2022-11-27 04:57:02 - INFO - epoch-86, train_loss-0.3455, train_rmse-0.5878, valid_rmse-1.3697, valid_pr-0.7327
2022-11-27 04:57:15 - INFO - epoch-87, train_loss-0.3385, train_rmse-0.5818, valid_rmse-1.3186, valid_pr-0.7232
2022-11-27 04:57:29 - INFO - epoch-88, train_loss-0.3509, train_rmse-0.5924, valid_rmse-1.3374, valid_pr-0.7212
2022-11-27 04:57:42 - INFO - epoch-89, train_loss-0.3623, train_rmse-0.6019, valid_rmse-1.3635, valid_pr-0.7183
2022-11-27 04:57:55 - INFO - epoch-90, train_loss-0.3545, train_rmse-0.5954, valid_rmse-1.3103, valid_pr-0.7216
2022-11-27 04:58:08 - INFO - epoch-91, train_loss-0.3330, train_rmse-0.5771, valid_rmse-1.3258, valid_pr-0.7013
2022-11-27 04:58:22 - INFO - epoch-92, train_loss-0.3030, train_rmse-0.5504, valid_rmse-1.2843, valid_pr-0.7261
2022-11-27 04:58:36 - INFO - epoch-93, train_loss-0.2985, train_rmse-0.5463, valid_rmse-1.2980, valid_pr-0.7171
2022-11-27 04:58:49 - INFO - epoch-94, train_loss-0.2978, train_rmse-0.5457, valid_rmse-1.3038, valid_pr-0.7116
2022-11-27 04:59:02 - INFO - epoch-95, train_loss-0.2982, train_rmse-0.5461, valid_rmse-1.3049, valid_pr-0.7131
2022-11-27 04:59:16 - INFO - epoch-96, train_loss-0.2977, train_rmse-0.5456, valid_rmse-1.2935, valid_pr-0.7304
2022-11-27 04:59:30 - INFO - epoch-97, train_loss-0.2945, train_rmse-0.5427, valid_rmse-1.3247, valid_pr-0.7267
2022-11-27 04:59:43 - INFO - epoch-98, train_loss-0.2994, train_rmse-0.5472, valid_rmse-1.3105, valid_pr-0.7062
2022-11-27 04:59:56 - INFO - epoch-99, train_loss-0.3038, train_rmse-0.5512, valid_rmse-1.2845, valid_pr-0.7236
2022-11-27 05:00:10 - INFO - epoch-100, train_loss-0.2838, train_rmse-0.5328, valid_rmse-1.3065, valid_pr-0.7280
2022-11-27 05:00:23 - INFO - epoch-101, train_loss-0.2518, train_rmse-0.5018, valid_rmse-1.2770, valid_pr-0.7274
2022-11-27 05:00:36 - INFO - epoch-102, train_loss-0.2741, train_rmse-0.5236, valid_rmse-1.2765, valid_pr-0.7270
2022-11-27 05:00:50 - INFO - epoch-103, train_loss-0.2655, train_rmse-0.5153, valid_rmse-1.2827, valid_pr-0.7306
2022-11-27 05:01:03 - INFO - epoch-104, train_loss-0.2521, train_rmse-0.5021, valid_rmse-1.2797, valid_pr-0.7250
2022-11-27 05:01:17 - INFO - epoch-105, train_loss-0.2515, train_rmse-0.5015, valid_rmse-1.2941, valid_pr-0.7193
2022-11-27 05:01:30 - INFO - epoch-106, train_loss-0.2474, train_rmse-0.4974, valid_rmse-1.2851, valid_pr-0.7270
2022-11-27 05:01:44 - INFO - epoch-107, train_loss-0.2513, train_rmse-0.5013, valid_rmse-1.3234, valid_pr-0.7310
2022-11-27 05:01:57 - INFO - epoch-108, train_loss-0.2375, train_rmse-0.4874, valid_rmse-1.2705, valid_pr-0.7373
2022-11-27 05:02:11 - INFO - epoch-109, train_loss-0.2513, train_rmse-0.5013, valid_rmse-1.2807, valid_pr-0.7305
2022-11-27 05:02:25 - INFO - epoch-110, train_loss-0.2329, train_rmse-0.4826, valid_rmse-1.2845, valid_pr-0.7247
2022-11-27 05:02:38 - INFO - epoch-111, train_loss-0.2359, train_rmse-0.4857, valid_rmse-1.2809, valid_pr-0.7348
2022-11-27 05:02:52 - INFO - epoch-112, train_loss-0.2143, train_rmse-0.4629, valid_rmse-1.2709, valid_pr-0.7373
2022-11-27 05:03:05 - INFO - epoch-113, train_loss-0.2258, train_rmse-0.4752, valid_rmse-1.2954, valid_pr-0.7288
2022-11-27 05:03:19 - INFO - epoch-114, train_loss-0.2229, train_rmse-0.4721, valid_rmse-1.2683, valid_pr-0.7375
2022-11-27 05:03:32 - INFO - epoch-115, train_loss-0.2216, train_rmse-0.4707, valid_rmse-1.2792, valid_pr-0.7295
2022-11-27 05:03:46 - INFO - epoch-116, train_loss-0.2157, train_rmse-0.4644, valid_rmse-1.3068, valid_pr-0.7276
2022-11-27 05:03:59 - INFO - epoch-117, train_loss-0.2407, train_rmse-0.4906, valid_rmse-1.2805, valid_pr-0.7272
2022-11-27 05:04:12 - INFO - epoch-118, train_loss-0.2131, train_rmse-0.4617, valid_rmse-1.2661, valid_pr-0.7340
2022-11-27 05:04:25 - INFO - epoch-119, train_loss-0.2266, train_rmse-0.4761, valid_rmse-1.2906, valid_pr-0.7363
2022-11-27 05:04:39 - INFO - epoch-120, train_loss-0.2372, train_rmse-0.4870, valid_rmse-1.2678, valid_pr-0.7302
2022-11-27 05:04:52 - INFO - epoch-121, train_loss-0.2233, train_rmse-0.4725, valid_rmse-1.2550, valid_pr-0.7350
2022-11-27 05:05:06 - INFO - epoch-122, train_loss-0.2225, train_rmse-0.4717, valid_rmse-1.2902, valid_pr-0.7226
2022-11-27 05:05:19 - INFO - epoch-123, train_loss-0.2103, train_rmse-0.4586, valid_rmse-1.2752, valid_pr-0.7367
2022-11-27 05:05:32 - INFO - epoch-124, train_loss-0.2106, train_rmse-0.4589, valid_rmse-1.2433, valid_pr-0.7441
2022-11-27 05:05:46 - INFO - epoch-125, train_loss-0.1999, train_rmse-0.4471, valid_rmse-1.2768, valid_pr-0.7377
2022-11-27 05:06:00 - INFO - epoch-126, train_loss-0.2130, train_rmse-0.4615, valid_rmse-1.2901, valid_pr-0.7261
2022-11-27 05:06:12 - INFO - epoch-127, train_loss-0.2194, train_rmse-0.4684, valid_rmse-1.2516, valid_pr-0.7384
2022-11-27 05:06:23 - INFO - epoch-128, train_loss-0.2126, train_rmse-0.4611, valid_rmse-1.2697, valid_pr-0.7388
2022-11-27 05:06:34 - INFO - epoch-129, train_loss-0.2078, train_rmse-0.4559, valid_rmse-1.2542, valid_pr-0.7338
2022-11-27 05:06:47 - INFO - epoch-130, train_loss-0.1941, train_rmse-0.4406, valid_rmse-1.2585, valid_pr-0.7338
2022-11-27 05:07:00 - INFO - epoch-131, train_loss-0.2061, train_rmse-0.4539, valid_rmse-1.2680, valid_pr-0.7281
2022-11-27 05:07:13 - INFO - epoch-132, train_loss-0.1972, train_rmse-0.4440, valid_rmse-1.2474, valid_pr-0.7393
2022-11-27 05:07:26 - INFO - epoch-133, train_loss-0.1990, train_rmse-0.4461, valid_rmse-1.2751, valid_pr-0.7303
2022-11-27 05:07:40 - INFO - epoch-134, train_loss-0.2044, train_rmse-0.4522, valid_rmse-1.2866, valid_pr-0.7424
2022-11-27 05:07:52 - INFO - epoch-135, train_loss-0.1955, train_rmse-0.4422, valid_rmse-1.2726, valid_pr-0.7356
2022-11-27 05:08:05 - INFO - epoch-136, train_loss-0.1760, train_rmse-0.4195, valid_rmse-1.2685, valid_pr-0.7431
2022-11-27 05:08:18 - INFO - epoch-137, train_loss-0.1758, train_rmse-0.4193, valid_rmse-1.2542, valid_pr-0.7398
2022-11-27 05:08:31 - INFO - epoch-138, train_loss-0.1810, train_rmse-0.4254, valid_rmse-1.2686, valid_pr-0.7397
2022-11-27 05:08:44 - INFO - epoch-139, train_loss-0.1926, train_rmse-0.4389, valid_rmse-1.3070, valid_pr-0.7360
2022-11-27 05:08:58 - INFO - epoch-140, train_loss-0.1904, train_rmse-0.4364, valid_rmse-1.2502, valid_pr-0.7387
2022-11-27 05:09:10 - INFO - epoch-141, train_loss-0.1810, train_rmse-0.4254, valid_rmse-1.2558, valid_pr-0.7390
2022-11-27 05:09:23 - INFO - epoch-142, train_loss-0.1814, train_rmse-0.4259, valid_rmse-1.2812, valid_pr-0.7408
2022-11-27 05:09:36 - INFO - epoch-143, train_loss-0.1912, train_rmse-0.4373, valid_rmse-1.2926, valid_pr-0.7340
2022-11-27 05:09:49 - INFO - epoch-144, train_loss-0.1772, train_rmse-0.4209, valid_rmse-1.2524, valid_pr-0.7355
2022-11-27 05:10:01 - INFO - epoch-145, train_loss-0.1866, train_rmse-0.4320, valid_rmse-1.2371, valid_pr-0.7427
2022-11-27 05:10:14 - INFO - epoch-146, train_loss-0.1703, train_rmse-0.4127, valid_rmse-1.2543, valid_pr-0.7469
2022-11-27 05:10:27 - INFO - epoch-147, train_loss-0.1762, train_rmse-0.4198, valid_rmse-1.2540, valid_pr-0.7443
2022-11-27 05:10:41 - INFO - epoch-148, train_loss-0.1761, train_rmse-0.4197, valid_rmse-1.2594, valid_pr-0.7402
2022-11-27 05:10:55 - INFO - epoch-149, train_loss-0.1742, train_rmse-0.4174, valid_rmse-1.2223, valid_pr-0.7539
2022-11-27 05:11:08 - INFO - epoch-150, train_loss-0.1927, train_rmse-0.4390, valid_rmse-1.2248, valid_pr-0.7500
2022-11-27 05:11:21 - INFO - epoch-151, train_loss-0.1762, train_rmse-0.4198, valid_rmse-1.2460, valid_pr-0.7436
2022-11-27 05:11:35 - INFO - epoch-152, train_loss-0.1624, train_rmse-0.4030, valid_rmse-1.3093, valid_pr-0.7450
2022-11-27 05:11:48 - INFO - epoch-153, train_loss-0.1663, train_rmse-0.4077, valid_rmse-1.2274, valid_pr-0.7485
2022-11-27 05:12:01 - INFO - epoch-154, train_loss-0.1622, train_rmse-0.4027, valid_rmse-1.2487, valid_pr-0.7489
2022-11-27 05:12:15 - INFO - epoch-155, train_loss-0.1616, train_rmse-0.4020, valid_rmse-1.2208, valid_pr-0.7509
2022-11-27 05:12:28 - INFO - epoch-156, train_loss-0.1542, train_rmse-0.3927, valid_rmse-1.2291, valid_pr-0.7518
2022-11-27 05:12:41 - INFO - epoch-157, train_loss-0.1661, train_rmse-0.4075, valid_rmse-1.2473, valid_pr-0.7441
2022-11-27 05:12:55 - INFO - epoch-158, train_loss-0.1698, train_rmse-0.4120, valid_rmse-1.2398, valid_pr-0.7409
2022-11-27 05:13:08 - INFO - epoch-159, train_loss-0.1628, train_rmse-0.4035, valid_rmse-1.2569, valid_pr-0.7401
2022-11-27 05:13:21 - INFO - epoch-160, train_loss-0.1604, train_rmse-0.4005, valid_rmse-1.2258, valid_pr-0.7489
2022-11-27 05:13:34 - INFO - epoch-161, train_loss-0.1540, train_rmse-0.3924, valid_rmse-1.2231, valid_pr-0.7492
2022-11-27 05:13:47 - INFO - epoch-162, train_loss-0.1487, train_rmse-0.3856, valid_rmse-1.2495, valid_pr-0.7437
2022-11-27 05:14:00 - INFO - epoch-163, train_loss-0.1736, train_rmse-0.4167, valid_rmse-1.2562, valid_pr-0.7421
2022-11-27 05:14:14 - INFO - epoch-164, train_loss-0.1601, train_rmse-0.4001, valid_rmse-1.2402, valid_pr-0.7490
2022-11-27 05:14:27 - INFO - epoch-165, train_loss-0.1620, train_rmse-0.4025, valid_rmse-1.2637, valid_pr-0.7417
2022-11-27 05:14:41 - INFO - epoch-166, train_loss-0.1504, train_rmse-0.3878, valid_rmse-1.2395, valid_pr-0.7493
2022-11-27 05:14:55 - INFO - epoch-167, train_loss-0.1525, train_rmse-0.3906, valid_rmse-1.2352, valid_pr-0.7482
2022-11-27 05:15:08 - INFO - epoch-168, train_loss-0.1606, train_rmse-0.4008, valid_rmse-1.2123, valid_pr-0.7564
2022-11-27 05:15:22 - INFO - epoch-169, train_loss-0.1430, train_rmse-0.3781, valid_rmse-1.2491, valid_pr-0.7418
2022-11-27 05:15:35 - INFO - epoch-170, train_loss-0.1480, train_rmse-0.3847, valid_rmse-1.2488, valid_pr-0.7536
2022-11-27 05:15:49 - INFO - epoch-171, train_loss-0.1361, train_rmse-0.3689, valid_rmse-1.2916, valid_pr-0.7283
2022-11-27 05:16:03 - INFO - epoch-172, train_loss-0.1446, train_rmse-0.3802, valid_rmse-1.2393, valid_pr-0.7459
2022-11-27 05:16:17 - INFO - epoch-173, train_loss-0.1497, train_rmse-0.3869, valid_rmse-1.2250, valid_pr-0.7486
2022-11-27 05:16:31 - INFO - epoch-174, train_loss-0.1604, train_rmse-0.4005, valid_rmse-1.2460, valid_pr-0.7405
2022-11-27 05:16:44 - INFO - epoch-175, train_loss-0.1404, train_rmse-0.3747, valid_rmse-1.2353, valid_pr-0.7436
2022-11-27 05:16:58 - INFO - epoch-176, train_loss-0.1504, train_rmse-0.3878, valid_rmse-1.2519, valid_pr-0.7359
2022-11-27 05:17:11 - INFO - epoch-177, train_loss-0.1430, train_rmse-0.3782, valid_rmse-1.2461, valid_pr-0.7416
2022-11-27 05:17:24 - INFO - epoch-178, train_loss-0.1411, train_rmse-0.3756, valid_rmse-1.2423, valid_pr-0.7445
2022-11-27 05:17:38 - INFO - epoch-179, train_loss-0.1494, train_rmse-0.3866, valid_rmse-1.2547, valid_pr-0.7371
2022-11-27 05:17:52 - INFO - epoch-180, train_loss-0.1446, train_rmse-0.3803, valid_rmse-1.2202, valid_pr-0.7510
2022-11-27 05:18:05 - INFO - epoch-181, train_loss-0.1472, train_rmse-0.3836, valid_rmse-1.2393, valid_pr-0.7492
2022-11-27 05:18:18 - INFO - epoch-182, train_loss-0.1450, train_rmse-0.3808, valid_rmse-1.2237, valid_pr-0.7504
2022-11-27 05:18:32 - INFO - epoch-183, train_loss-0.1418, train_rmse-0.3765, valid_rmse-1.2060, valid_pr-0.7574
2022-11-27 05:18:46 - INFO - epoch-184, train_loss-0.1299, train_rmse-0.3604, valid_rmse-1.2324, valid_pr-0.7456
2022-11-27 05:18:59 - INFO - epoch-185, train_loss-0.1397, train_rmse-0.3738, valid_rmse-1.2252, valid_pr-0.7512
2022-11-27 05:19:13 - INFO - epoch-186, train_loss-0.1474, train_rmse-0.3839, valid_rmse-1.1942, valid_pr-0.7639
2022-11-27 05:19:26 - INFO - epoch-187, train_loss-0.1450, train_rmse-0.3808, valid_rmse-1.2588, valid_pr-0.7333
2022-11-27 05:19:40 - INFO - epoch-188, train_loss-0.1409, train_rmse-0.3753, valid_rmse-1.2425, valid_pr-0.7410
2022-11-27 05:19:54 - INFO - epoch-189, train_loss-0.1306, train_rmse-0.3614, valid_rmse-1.2247, valid_pr-0.7483
2022-11-27 05:20:07 - INFO - epoch-190, train_loss-0.1254, train_rmse-0.3542, valid_rmse-1.2490, valid_pr-0.7447
2022-11-27 05:20:21 - INFO - epoch-191, train_loss-0.1247, train_rmse-0.3531, valid_rmse-1.2231, valid_pr-0.7520
2022-11-27 05:20:35 - INFO - epoch-192, train_loss-0.1274, train_rmse-0.3570, valid_rmse-1.2287, valid_pr-0.7530
2022-11-27 05:20:49 - INFO - epoch-193, train_loss-0.1369, train_rmse-0.3700, valid_rmse-1.2166, valid_pr-0.7531
2022-11-27 05:21:02 - INFO - epoch-194, train_loss-0.1529, train_rmse-0.3910, valid_rmse-1.2332, valid_pr-0.7458
2022-11-27 05:21:16 - INFO - epoch-195, train_loss-0.1405, train_rmse-0.3748, valid_rmse-1.2459, valid_pr-0.7415
2022-11-27 05:21:29 - INFO - epoch-196, train_loss-0.1314, train_rmse-0.3624, valid_rmse-1.2705, valid_pr-0.7419
2022-11-27 05:21:43 - INFO - epoch-197, train_loss-0.1346, train_rmse-0.3669, valid_rmse-1.2313, valid_pr-0.7520
2022-11-27 05:21:57 - INFO - epoch-198, train_loss-0.1394, train_rmse-0.3734, valid_rmse-1.2238, valid_pr-0.7496
2022-11-27 05:22:11 - INFO - epoch-199, train_loss-0.1296, train_rmse-0.3600, valid_rmse-1.2129, valid_pr-0.7544
2022-11-27 05:22:24 - INFO - epoch-200, train_loss-0.1270, train_rmse-0.3564, valid_rmse-1.2503, valid_pr-0.7494
2022-11-27 05:22:38 - INFO - epoch-201, train_loss-0.1336, train_rmse-0.3655, valid_rmse-1.2481, valid_pr-0.7416
2022-11-27 05:22:51 - INFO - epoch-202, train_loss-0.1434, train_rmse-0.3787, valid_rmse-1.2568, valid_pr-0.7403
2022-11-27 05:23:05 - INFO - epoch-203, train_loss-0.1279, train_rmse-0.3577, valid_rmse-1.2335, valid_pr-0.7452
2022-11-27 05:23:18 - INFO - epoch-204, train_loss-0.1282, train_rmse-0.3580, valid_rmse-1.2101, valid_pr-0.7566
2022-11-27 05:23:31 - INFO - epoch-205, train_loss-0.1252, train_rmse-0.3538, valid_rmse-1.2457, valid_pr-0.7425
2022-11-27 05:23:45 - INFO - epoch-206, train_loss-0.1438, train_rmse-0.3792, valid_rmse-1.2370, valid_pr-0.7431
2022-11-27 05:23:58 - INFO - epoch-207, train_loss-0.1339, train_rmse-0.3659, valid_rmse-1.2324, valid_pr-0.7452
2022-11-27 05:24:12 - INFO - epoch-208, train_loss-0.1203, train_rmse-0.3469, valid_rmse-1.2275, valid_pr-0.7476
2022-11-27 05:24:25 - INFO - epoch-209, train_loss-0.1258, train_rmse-0.3547, valid_rmse-1.2177, valid_pr-0.7537
2022-11-27 05:24:39 - INFO - epoch-210, train_loss-0.1228, train_rmse-0.3504, valid_rmse-1.2160, valid_pr-0.7533
2022-11-27 05:24:52 - INFO - epoch-211, train_loss-0.1205, train_rmse-0.3471, valid_rmse-1.2108, valid_pr-0.7562
2022-11-27 05:25:05 - INFO - epoch-212, train_loss-0.1109, train_rmse-0.3330, valid_rmse-1.2415, valid_pr-0.7539
2022-11-27 05:25:19 - INFO - epoch-213, train_loss-0.1265, train_rmse-0.3557, valid_rmse-1.2330, valid_pr-0.7484
2022-11-27 05:25:32 - INFO - epoch-214, train_loss-0.1191, train_rmse-0.3451, valid_rmse-1.2489, valid_pr-0.7513
2022-11-27 05:25:46 - INFO - epoch-215, train_loss-0.1145, train_rmse-0.3383, valid_rmse-1.2348, valid_pr-0.7478
2022-11-27 05:25:59 - INFO - epoch-216, train_loss-0.1189, train_rmse-0.3449, valid_rmse-1.2184, valid_pr-0.7518
2022-11-27 05:26:13 - INFO - epoch-217, train_loss-0.1123, train_rmse-0.3351, valid_rmse-1.2218, valid_pr-0.7511
2022-11-27 05:26:26 - INFO - epoch-218, train_loss-0.1239, train_rmse-0.3519, valid_rmse-1.2264, valid_pr-0.7479
2022-11-27 05:26:40 - INFO - epoch-219, train_loss-0.1346, train_rmse-0.3669, valid_rmse-1.2413, valid_pr-0.7557
2022-11-27 05:26:53 - INFO - epoch-220, train_loss-0.1243, train_rmse-0.3526, valid_rmse-1.2051, valid_pr-0.7576
2022-11-27 05:27:07 - INFO - epoch-221, train_loss-0.1247, train_rmse-0.3532, valid_rmse-1.2381, valid_pr-0.7465
2022-11-27 05:27:21 - INFO - epoch-222, train_loss-0.1160, train_rmse-0.3405, valid_rmse-1.2335, valid_pr-0.7473
2022-11-27 05:27:34 - INFO - epoch-223, train_loss-0.1233, train_rmse-0.3511, valid_rmse-1.2252, valid_pr-0.7491
2022-11-27 05:27:47 - INFO - epoch-224, train_loss-0.1246, train_rmse-0.3530, valid_rmse-1.2334, valid_pr-0.7505
2022-11-27 05:28:01 - INFO - epoch-225, train_loss-0.1295, train_rmse-0.3599, valid_rmse-1.2195, valid_pr-0.7523
2022-11-27 05:28:13 - INFO - epoch-226, train_loss-0.1147, train_rmse-0.3387, valid_rmse-1.2334, valid_pr-0.7504
2022-11-27 05:28:26 - INFO - epoch-227, train_loss-0.1198, train_rmse-0.3461, valid_rmse-1.2021, valid_pr-0.7602
2022-11-27 05:28:39 - INFO - epoch-228, train_loss-0.1252, train_rmse-0.3539, valid_rmse-1.2491, valid_pr-0.7458
2022-11-27 05:28:53 - INFO - epoch-229, train_loss-0.1227, train_rmse-0.3503, valid_rmse-1.2256, valid_pr-0.7514
2022-11-27 05:29:06 - INFO - epoch-230, train_loss-0.1060, train_rmse-0.3256, valid_rmse-1.1981, valid_pr-0.7611
2022-11-27 05:29:20 - INFO - epoch-231, train_loss-0.1049, train_rmse-0.3238, valid_rmse-1.2103, valid_pr-0.7577
2022-11-27 05:29:33 - INFO - epoch-232, train_loss-0.1029, train_rmse-0.3207, valid_rmse-1.2325, valid_pr-0.7502
2022-11-27 05:29:46 - INFO - epoch-233, train_loss-0.1040, train_rmse-0.3226, valid_rmse-1.1996, valid_pr-0.7614
2022-11-27 05:30:00 - INFO - epoch-234, train_loss-0.1072, train_rmse-0.3275, valid_rmse-1.2074, valid_pr-0.7579
2022-11-27 05:30:13 - INFO - epoch-235, train_loss-0.1076, train_rmse-0.3280, valid_rmse-1.2117, valid_pr-0.7549
2022-11-27 05:30:27 - INFO - epoch-236, train_loss-0.1169, train_rmse-0.3419, valid_rmse-1.2135, valid_pr-0.7546
2022-11-27 05:30:40 - INFO - epoch-237, train_loss-0.1153, train_rmse-0.3395, valid_rmse-1.2100, valid_pr-0.7562
2022-11-27 05:30:53 - INFO - epoch-238, train_loss-0.1211, train_rmse-0.3480, valid_rmse-1.2225, valid_pr-0.7497
2022-11-27 05:31:06 - INFO - epoch-239, train_loss-0.1168, train_rmse-0.3418, valid_rmse-1.2416, valid_pr-0.7512
2022-11-27 05:31:20 - INFO - epoch-240, train_loss-0.1037, train_rmse-0.3221, valid_rmse-1.2136, valid_pr-0.7555
2022-11-27 05:31:34 - INFO - epoch-241, train_loss-0.1123, train_rmse-0.3351, valid_rmse-1.2263, valid_pr-0.7523
2022-11-27 05:31:47 - INFO - epoch-242, train_loss-0.1070, train_rmse-0.3271, valid_rmse-1.2124, valid_pr-0.7560
2022-11-27 05:32:00 - INFO - epoch-243, train_loss-0.1108, train_rmse-0.3328, valid_rmse-1.2205, valid_pr-0.7533
2022-11-27 05:32:14 - INFO - epoch-244, train_loss-0.1125, train_rmse-0.3354, valid_rmse-1.2145, valid_pr-0.7563
2022-11-27 05:32:28 - INFO - epoch-245, train_loss-0.1142, train_rmse-0.3379, valid_rmse-1.2044, valid_pr-0.7584
2022-11-27 05:32:41 - INFO - epoch-246, train_loss-0.1112, train_rmse-0.3334, valid_rmse-1.2137, valid_pr-0.7537
2022-11-27 05:32:55 - INFO - epoch-247, train_loss-0.1138, train_rmse-0.3373, valid_rmse-1.2323, valid_pr-0.7536
2022-11-27 05:33:08 - INFO - epoch-248, train_loss-0.1134, train_rmse-0.3368, valid_rmse-1.2197, valid_pr-0.7518
2022-11-27 05:33:22 - INFO - epoch-249, train_loss-0.1040, train_rmse-0.3225, valid_rmse-1.2164, valid_pr-0.7545
2022-11-27 05:33:35 - INFO - epoch-250, train_loss-0.1069, train_rmse-0.3270, valid_rmse-1.2204, valid_pr-0.7529
2022-11-27 05:33:48 - INFO - epoch-251, train_loss-0.1021, train_rmse-0.3195, valid_rmse-1.2311, valid_pr-0.7481
2022-11-27 05:34:02 - INFO - epoch-252, train_loss-0.1035, train_rmse-0.3217, valid_rmse-1.2137, valid_pr-0.7586
2022-11-27 05:34:15 - INFO - epoch-253, train_loss-0.0993, train_rmse-0.3152, valid_rmse-1.2216, valid_pr-0.7520
2022-11-27 05:34:28 - INFO - epoch-254, train_loss-0.1012, train_rmse-0.3181, valid_rmse-1.2015, valid_pr-0.7608
2022-11-27 05:34:42 - INFO - epoch-255, train_loss-0.1006, train_rmse-0.3171, valid_rmse-1.2061, valid_pr-0.7598
2022-11-27 05:34:55 - INFO - epoch-256, train_loss-0.0935, train_rmse-0.3058, valid_rmse-1.1865, valid_pr-0.7663
2022-11-27 05:35:09 - INFO - epoch-257, train_loss-0.1097, train_rmse-0.3312, valid_rmse-1.2167, valid_pr-0.7523
2022-11-27 05:35:22 - INFO - epoch-258, train_loss-0.1109, train_rmse-0.3330, valid_rmse-1.2233, valid_pr-0.7546
2022-11-27 05:35:36 - INFO - epoch-259, train_loss-0.1097, train_rmse-0.3312, valid_rmse-1.2017, valid_pr-0.7610
2022-11-27 05:35:49 - INFO - epoch-260, train_loss-0.0963, train_rmse-0.3103, valid_rmse-1.1902, valid_pr-0.7651
2022-11-27 05:36:03 - INFO - epoch-261, train_loss-0.0920, train_rmse-0.3033, valid_rmse-1.2119, valid_pr-0.7598
2022-11-27 05:36:16 - INFO - epoch-262, train_loss-0.0909, train_rmse-0.3015, valid_rmse-1.2032, valid_pr-0.7599
2022-11-27 05:36:29 - INFO - epoch-263, train_loss-0.0992, train_rmse-0.3150, valid_rmse-1.2178, valid_pr-0.7594
2022-11-27 05:36:43 - INFO - epoch-264, train_loss-0.0942, train_rmse-0.3068, valid_rmse-1.2123, valid_pr-0.7570
2022-11-27 05:36:56 - INFO - epoch-265, train_loss-0.1065, train_rmse-0.3263, valid_rmse-1.2298, valid_pr-0.7491
2022-11-27 05:37:10 - INFO - epoch-266, train_loss-0.1213, train_rmse-0.3483, valid_rmse-1.2182, valid_pr-0.7529
2022-11-27 05:37:23 - INFO - epoch-267, train_loss-0.1220, train_rmse-0.3493, valid_rmse-1.2157, valid_pr-0.7536
2022-11-27 05:37:37 - INFO - epoch-268, train_loss-0.1102, train_rmse-0.3319, valid_rmse-1.2182, valid_pr-0.7550
2022-11-27 05:37:51 - INFO - epoch-269, train_loss-0.1022, train_rmse-0.3197, valid_rmse-1.1940, valid_pr-0.7662
2022-11-27 05:38:04 - INFO - epoch-270, train_loss-0.0968, train_rmse-0.3112, valid_rmse-1.2047, valid_pr-0.7589
2022-11-27 05:38:17 - INFO - epoch-271, train_loss-0.1016, train_rmse-0.3188, valid_rmse-1.2148, valid_pr-0.7600
2022-11-27 05:38:31 - INFO - epoch-272, train_loss-0.0880, train_rmse-0.2966, valid_rmse-1.1985, valid_pr-0.7643
2022-11-27 05:38:44 - INFO - epoch-273, train_loss-0.0947, train_rmse-0.3078, valid_rmse-1.2030, valid_pr-0.7599
2022-11-27 05:38:58 - INFO - epoch-274, train_loss-0.1025, train_rmse-0.3202, valid_rmse-1.2067, valid_pr-0.7575
2022-11-27 05:39:11 - INFO - epoch-275, train_loss-0.0948, train_rmse-0.3079, valid_rmse-1.2048, valid_pr-0.7581
2022-11-27 05:39:24 - INFO - epoch-276, train_loss-0.0926, train_rmse-0.3042, valid_rmse-1.2057, valid_pr-0.7608
2022-11-27 05:39:38 - INFO - epoch-277, train_loss-0.0944, train_rmse-0.3073, valid_rmse-1.2062, valid_pr-0.7594
2022-11-27 05:39:51 - INFO - epoch-278, train_loss-0.1014, train_rmse-0.3184, valid_rmse-1.2365, valid_pr-0.7613
2022-11-27 05:40:05 - INFO - epoch-279, train_loss-0.0896, train_rmse-0.2994, valid_rmse-1.2545, valid_pr-0.7539
2022-11-27 05:40:18 - INFO - epoch-280, train_loss-0.0962, train_rmse-0.3101, valid_rmse-1.1955, valid_pr-0.7642
2022-11-27 05:40:31 - INFO - epoch-281, train_loss-0.0958, train_rmse-0.3094, valid_rmse-1.1849, valid_pr-0.7671
2022-11-27 05:40:45 - INFO - epoch-282, train_loss-0.0886, train_rmse-0.2977, valid_rmse-1.1887, valid_pr-0.7673
2022-11-27 05:40:58 - INFO - epoch-283, train_loss-0.0972, train_rmse-0.3117, valid_rmse-1.2014, valid_pr-0.7593
2022-11-27 05:41:12 - INFO - epoch-284, train_loss-0.1073, train_rmse-0.3276, valid_rmse-1.1960, valid_pr-0.7623
2022-11-27 05:41:26 - INFO - epoch-285, train_loss-0.0922, train_rmse-0.3036, valid_rmse-1.2154, valid_pr-0.7578
2022-11-27 05:41:39 - INFO - epoch-286, train_loss-0.0952, train_rmse-0.3085, valid_rmse-1.1816, valid_pr-0.7687
2022-11-27 05:41:53 - INFO - epoch-287, train_loss-0.0997, train_rmse-0.3158, valid_rmse-1.2206, valid_pr-0.7535
2022-11-27 05:42:06 - INFO - epoch-288, train_loss-0.1005, train_rmse-0.3171, valid_rmse-1.2070, valid_pr-0.7596
2022-11-27 05:42:19 - INFO - epoch-289, train_loss-0.0974, train_rmse-0.3121, valid_rmse-1.2080, valid_pr-0.7582
2022-11-27 05:42:32 - INFO - epoch-290, train_loss-0.1038, train_rmse-0.3223, valid_rmse-1.1998, valid_pr-0.7652
2022-11-27 05:42:45 - INFO - epoch-291, train_loss-0.0901, train_rmse-0.3002, valid_rmse-1.2078, valid_pr-0.7586
2022-11-27 05:42:58 - INFO - epoch-292, train_loss-0.1014, train_rmse-0.3184, valid_rmse-1.1976, valid_pr-0.7625
2022-11-27 05:43:12 - INFO - epoch-293, train_loss-0.0899, train_rmse-0.2998, valid_rmse-1.2100, valid_pr-0.7555
2022-11-27 05:43:26 - INFO - epoch-294, train_loss-0.0905, train_rmse-0.3008, valid_rmse-1.2220, valid_pr-0.7590
2022-11-27 05:43:39 - INFO - epoch-295, train_loss-0.1017, train_rmse-0.3190, valid_rmse-1.2062, valid_pr-0.7577
2022-11-27 05:43:53 - INFO - epoch-296, train_loss-0.0798, train_rmse-0.2825, valid_rmse-1.2161, valid_pr-0.7641
2022-11-27 05:44:07 - INFO - epoch-297, train_loss-0.0887, train_rmse-0.2978, valid_rmse-1.1840, valid_pr-0.7693
2022-11-27 05:44:20 - INFO - epoch-298, train_loss-0.0887, train_rmse-0.2979, valid_rmse-1.1875, valid_pr-0.7660
2022-11-27 05:44:33 - INFO - epoch-299, train_loss-0.0887, train_rmse-0.2978, valid_rmse-1.2103, valid_pr-0.7575
2022-11-27 05:44:47 - INFO - epoch-300, train_loss-0.0872, train_rmse-0.2954, valid_rmse-1.2177, valid_pr-0.7588
2022-11-27 05:45:00 - INFO - epoch-301, train_loss-0.0925, train_rmse-0.3042, valid_rmse-1.1824, valid_pr-0.7686
2022-11-27 05:45:13 - INFO - epoch-302, train_loss-0.1027, train_rmse-0.3205, valid_rmse-1.2165, valid_pr-0.7533
2022-11-27 05:45:27 - INFO - epoch-303, train_loss-0.0905, train_rmse-0.3008, valid_rmse-1.2039, valid_pr-0.7583
2022-11-27 05:45:41 - INFO - epoch-304, train_loss-0.0973, train_rmse-0.3118, valid_rmse-1.2238, valid_pr-0.7517
2022-11-27 05:45:54 - INFO - epoch-305, train_loss-0.0991, train_rmse-0.3147, valid_rmse-1.1921, valid_pr-0.7646
2022-11-27 05:46:08 - INFO - epoch-306, train_loss-0.0875, train_rmse-0.2958, valid_rmse-1.2079, valid_pr-0.7634
2022-11-27 05:46:21 - INFO - epoch-307, train_loss-0.0971, train_rmse-0.3116, valid_rmse-1.1975, valid_pr-0.7662
2022-11-27 05:46:35 - INFO - epoch-308, train_loss-0.0859, train_rmse-0.2931, valid_rmse-1.2250, valid_pr-0.7547
2022-11-27 05:46:48 - INFO - epoch-309, train_loss-0.0929, train_rmse-0.3047, valid_rmse-1.2127, valid_pr-0.7570
2022-11-27 05:47:01 - INFO - epoch-310, train_loss-0.0921, train_rmse-0.3034, valid_rmse-1.1953, valid_pr-0.7628
2022-11-27 05:47:15 - INFO - epoch-311, train_loss-0.0930, train_rmse-0.3050, valid_rmse-1.2085, valid_pr-0.7569
2022-11-27 05:47:28 - INFO - epoch-312, train_loss-0.0981, train_rmse-0.3132, valid_rmse-1.2016, valid_pr-0.7628
2022-11-27 05:47:42 - INFO - epoch-313, train_loss-0.0851, train_rmse-0.2918, valid_rmse-1.2136, valid_pr-0.7552
2022-11-27 05:47:55 - INFO - epoch-314, train_loss-0.0850, train_rmse-0.2915, valid_rmse-1.1943, valid_pr-0.7644
2022-11-27 05:48:08 - INFO - epoch-315, train_loss-0.0875, train_rmse-0.2957, valid_rmse-1.2009, valid_pr-0.7636
2022-11-27 05:48:22 - INFO - epoch-316, train_loss-0.0971, train_rmse-0.3116, valid_rmse-1.1986, valid_pr-0.7631
2022-11-27 05:48:36 - INFO - epoch-317, train_loss-0.0832, train_rmse-0.2885, valid_rmse-1.2186, valid_pr-0.7556
2022-11-27 05:48:50 - INFO - epoch-318, train_loss-0.0853, train_rmse-0.2920, valid_rmse-1.2102, valid_pr-0.7575
2022-11-27 05:49:04 - INFO - epoch-319, train_loss-0.0903, train_rmse-0.3004, valid_rmse-1.2293, valid_pr-0.7550
2022-11-27 05:49:17 - INFO - epoch-320, train_loss-0.0927, train_rmse-0.3045, valid_rmse-1.2249, valid_pr-0.7529
2022-11-27 05:49:30 - INFO - epoch-321, train_loss-0.0977, train_rmse-0.3126, valid_rmse-1.1927, valid_pr-0.7653
2022-11-27 05:49:44 - INFO - epoch-322, train_loss-0.0900, train_rmse-0.3000, valid_rmse-1.2019, valid_pr-0.7622
2022-11-27 05:49:57 - INFO - epoch-323, train_loss-0.0823, train_rmse-0.2869, valid_rmse-1.2138, valid_pr-0.7536
2022-11-27 05:50:11 - INFO - epoch-324, train_loss-0.0834, train_rmse-0.2888, valid_rmse-1.2081, valid_pr-0.7592
2022-11-27 05:50:25 - INFO - epoch-325, train_loss-0.1040, train_rmse-0.3225, valid_rmse-1.2141, valid_pr-0.7578
2022-11-27 05:50:38 - INFO - epoch-326, train_loss-0.1023, train_rmse-0.3199, valid_rmse-1.1948, valid_pr-0.7632
2022-11-27 05:50:51 - INFO - epoch-327, train_loss-0.0897, train_rmse-0.2996, valid_rmse-1.2139, valid_pr-0.7557
2022-11-27 05:51:05 - INFO - epoch-328, train_loss-0.0823, train_rmse-0.2870, valid_rmse-1.1812, valid_pr-0.7693
2022-11-27 05:51:18 - INFO - epoch-329, train_loss-0.0812, train_rmse-0.2849, valid_rmse-1.1918, valid_pr-0.7657
2022-11-27 05:51:32 - INFO - epoch-330, train_loss-0.0777, train_rmse-0.2787, valid_rmse-1.2012, valid_pr-0.7594
2022-11-27 05:51:45 - INFO - epoch-331, train_loss-0.0885, train_rmse-0.2975, valid_rmse-1.1811, valid_pr-0.7689
2022-11-27 05:51:59 - INFO - epoch-332, train_loss-0.0744, train_rmse-0.2728, valid_rmse-1.2037, valid_pr-0.7613
2022-11-27 05:52:13 - INFO - epoch-333, train_loss-0.0850, train_rmse-0.2916, valid_rmse-1.2018, valid_pr-0.7612
2022-11-27 05:52:26 - INFO - epoch-334, train_loss-0.0816, train_rmse-0.2857, valid_rmse-1.2058, valid_pr-0.7593
2022-11-27 05:52:40 - INFO - epoch-335, train_loss-0.0826, train_rmse-0.2874, valid_rmse-1.1960, valid_pr-0.7632
2022-11-27 05:52:53 - INFO - epoch-336, train_loss-0.0868, train_rmse-0.2946, valid_rmse-1.1926, valid_pr-0.7654
2022-11-27 05:53:07 - INFO - epoch-337, train_loss-0.0960, train_rmse-0.3099, valid_rmse-1.2244, valid_pr-0.7522
2022-11-27 05:53:21 - INFO - epoch-338, train_loss-0.0906, train_rmse-0.3010, valid_rmse-1.2224, valid_pr-0.7523
2022-11-27 05:53:34 - INFO - epoch-339, train_loss-0.0966, train_rmse-0.3109, valid_rmse-1.1872, valid_pr-0.7660
2022-11-27 05:53:48 - INFO - epoch-340, train_loss-0.0775, train_rmse-0.2783, valid_rmse-1.2107, valid_pr-0.7623
2022-11-27 05:54:01 - INFO - epoch-341, train_loss-0.0804, train_rmse-0.2836, valid_rmse-1.1945, valid_pr-0.7632
2022-11-27 05:54:14 - INFO - epoch-342, train_loss-0.0795, train_rmse-0.2819, valid_rmse-1.1969, valid_pr-0.7622
2022-11-27 05:54:28 - INFO - epoch-343, train_loss-0.0864, train_rmse-0.2939, valid_rmse-1.1934, valid_pr-0.7642
2022-11-27 05:54:41 - INFO - epoch-344, train_loss-0.0706, train_rmse-0.2657, valid_rmse-1.2084, valid_pr-0.7619
2022-11-27 05:54:54 - INFO - epoch-345, train_loss-0.0771, train_rmse-0.2777, valid_rmse-1.2123, valid_pr-0.7559
2022-11-27 05:55:08 - INFO - epoch-346, train_loss-0.0795, train_rmse-0.2820, valid_rmse-1.2130, valid_pr-0.7584
2022-11-27 05:55:22 - INFO - epoch-347, train_loss-0.0838, train_rmse-0.2894, valid_rmse-1.2047, valid_pr-0.7589
2022-11-27 05:55:35 - INFO - epoch-348, train_loss-0.0743, train_rmse-0.2725, valid_rmse-1.2054, valid_pr-0.7595
2022-11-27 05:55:48 - INFO - epoch-349, train_loss-0.0775, train_rmse-0.2784, valid_rmse-1.2101, valid_pr-0.7572
2022-11-27 05:56:02 - INFO - epoch-350, train_loss-0.0746, train_rmse-0.2731, valid_rmse-1.2051, valid_pr-0.7625
2022-11-27 05:56:15 - INFO - epoch-351, train_loss-0.0779, train_rmse-0.2790, valid_rmse-1.1985, valid_pr-0.7609
2022-11-27 05:56:29 - INFO - epoch-352, train_loss-0.0860, train_rmse-0.2932, valid_rmse-1.2005, valid_pr-0.7599
2022-11-27 05:56:42 - INFO - epoch-353, train_loss-0.0817, train_rmse-0.2858, valid_rmse-1.2136, valid_pr-0.7569
2022-11-27 05:56:55 - INFO - epoch-354, train_loss-0.0792, train_rmse-0.2815, valid_rmse-1.2230, valid_pr-0.7514
2022-11-27 05:57:09 - INFO - epoch-355, train_loss-0.0865, train_rmse-0.2941, valid_rmse-1.2071, valid_pr-0.7571
2022-11-27 05:57:22 - INFO - epoch-356, train_loss-0.0909, train_rmse-0.3014, valid_rmse-1.2057, valid_pr-0.7584
2022-11-27 05:57:35 - INFO - epoch-357, train_loss-0.0858, train_rmse-0.2929, valid_rmse-1.2110, valid_pr-0.7553
2022-11-27 05:57:49 - INFO - epoch-358, train_loss-0.0899, train_rmse-0.2998, valid_rmse-1.1995, valid_pr-0.7630
2022-11-27 05:58:02 - INFO - epoch-359, train_loss-0.1153, train_rmse-0.3395, valid_rmse-1.2320, valid_pr-0.7458
2022-11-27 05:58:16 - INFO - epoch-360, train_loss-0.5810, train_rmse-0.7622, valid_rmse-1.4161, valid_pr-0.6709
2022-11-27 05:58:30 - INFO - epoch-361, train_loss-0.9224, train_rmse-0.9604, valid_rmse-1.3278, valid_pr-0.7166
2022-11-27 05:58:43 - INFO - epoch-362, train_loss-0.3058, train_rmse-0.5530, valid_rmse-1.2549, valid_pr-0.7526
2022-11-27 05:58:57 - INFO - epoch-363, train_loss-0.1446, train_rmse-0.3803, valid_rmse-1.1953, valid_pr-0.7622
2022-11-27 05:59:10 - INFO - epoch-364, train_loss-0.0912, train_rmse-0.3020, valid_rmse-1.1990, valid_pr-0.7604
2022-11-27 05:59:23 - INFO - epoch-365, train_loss-0.0785, train_rmse-0.2802, valid_rmse-1.1945, valid_pr-0.7641
2022-11-27 05:59:37 - INFO - epoch-366, train_loss-0.0648, train_rmse-0.2545, valid_rmse-1.1885, valid_pr-0.7661
2022-11-27 05:59:50 - INFO - epoch-367, train_loss-0.0702, train_rmse-0.2649, valid_rmse-1.1929, valid_pr-0.7635
2022-11-27 06:00:04 - INFO - epoch-368, train_loss-0.0689, train_rmse-0.2626, valid_rmse-1.1877, valid_pr-0.7659
2022-11-27 06:00:17 - INFO - epoch-369, train_loss-0.0657, train_rmse-0.2564, valid_rmse-1.1903, valid_pr-0.7667
2022-11-27 06:00:31 - INFO - epoch-370, train_loss-0.0621, train_rmse-0.2493, valid_rmse-1.1820, valid_pr-0.7686
2022-11-27 06:00:45 - INFO - epoch-371, train_loss-0.0586, train_rmse-0.2420, valid_rmse-1.1845, valid_pr-0.7682
2022-11-27 06:00:59 - INFO - epoch-372, train_loss-0.0663, train_rmse-0.2575, valid_rmse-1.1871, valid_pr-0.7658
2022-11-27 06:01:12 - INFO - epoch-373, train_loss-0.0611, train_rmse-0.2471, valid_rmse-1.1830, valid_pr-0.7707
2022-11-27 06:01:25 - INFO - epoch-374, train_loss-0.0729, train_rmse-0.2700, valid_rmse-1.1857, valid_pr-0.7669
2022-11-27 06:01:39 - INFO - epoch-375, train_loss-0.0670, train_rmse-0.2589, valid_rmse-1.1836, valid_pr-0.7709
2022-11-27 06:01:51 - INFO - epoch-376, train_loss-0.0602, train_rmse-0.2454, valid_rmse-1.1758, valid_pr-0.7718
2022-11-27 06:02:02 - INFO - epoch-377, train_loss-0.0775, train_rmse-0.2785, valid_rmse-1.1843, valid_pr-0.7680
2022-11-27 06:02:14 - INFO - epoch-378, train_loss-0.0773, train_rmse-0.2780, valid_rmse-1.1739, valid_pr-0.7725
2022-11-27 06:02:28 - INFO - epoch-379, train_loss-0.0686, train_rmse-0.2618, valid_rmse-1.1794, valid_pr-0.7697
2022-11-27 06:02:41 - INFO - epoch-380, train_loss-0.0619, train_rmse-0.2489, valid_rmse-1.1862, valid_pr-0.7682
2022-11-27 06:02:54 - INFO - epoch-381, train_loss-0.0594, train_rmse-0.2438, valid_rmse-1.1902, valid_pr-0.7674
2022-11-27 06:03:08 - INFO - epoch-382, train_loss-0.0628, train_rmse-0.2505, valid_rmse-1.1879, valid_pr-0.7690
2022-11-27 06:03:21 - INFO - epoch-383, train_loss-0.0621, train_rmse-0.2491, valid_rmse-1.1801, valid_pr-0.7720
2022-11-27 06:03:34 - INFO - epoch-384, train_loss-0.0691, train_rmse-0.2629, valid_rmse-1.1853, valid_pr-0.7721
2022-11-27 06:03:47 - INFO - epoch-385, train_loss-0.0737, train_rmse-0.2714, valid_rmse-1.1982, valid_pr-0.7675
2022-11-27 06:04:00 - INFO - epoch-386, train_loss-0.0630, train_rmse-0.2509, valid_rmse-1.1859, valid_pr-0.7669
2022-11-27 06:04:14 - INFO - epoch-387, train_loss-0.0658, train_rmse-0.2565, valid_rmse-1.1881, valid_pr-0.7658
2022-11-27 06:04:27 - INFO - epoch-388, train_loss-0.0714, train_rmse-0.2672, valid_rmse-1.1887, valid_pr-0.7659
2022-11-27 06:04:40 - INFO - epoch-389, train_loss-0.0667, train_rmse-0.2583, valid_rmse-1.1884, valid_pr-0.7662
2022-11-27 06:04:54 - INFO - epoch-390, train_loss-0.0794, train_rmse-0.2818, valid_rmse-1.1878, valid_pr-0.7684
2022-11-27 06:05:08 - INFO - epoch-391, train_loss-0.0769, train_rmse-0.2773, valid_rmse-1.1823, valid_pr-0.7681
2022-11-27 06:05:21 - INFO - epoch-392, train_loss-0.0715, train_rmse-0.2673, valid_rmse-1.1873, valid_pr-0.7667
2022-11-27 06:05:34 - INFO - epoch-393, train_loss-0.0689, train_rmse-0.2625, valid_rmse-1.1911, valid_pr-0.7642
2022-11-27 06:05:47 - INFO - epoch-394, train_loss-0.0626, train_rmse-0.2501, valid_rmse-1.1913, valid_pr-0.7698
2022-11-27 06:06:01 - INFO - epoch-395, train_loss-0.0688, train_rmse-0.2622, valid_rmse-1.2069, valid_pr-0.7628
2022-11-27 06:06:13 - INFO - epoch-396, train_loss-0.0758, train_rmse-0.2753, valid_rmse-1.1807, valid_pr-0.7692
2022-11-27 06:06:26 - INFO - epoch-397, train_loss-0.0692, train_rmse-0.2630, valid_rmse-1.1748, valid_pr-0.7721
2022-11-27 06:06:40 - INFO - epoch-398, train_loss-0.0658, train_rmse-0.2564, valid_rmse-1.1858, valid_pr-0.7672
2022-11-27 06:06:53 - INFO - epoch-399, train_loss-0.0721, train_rmse-0.2686, valid_rmse-1.1796, valid_pr-0.7694
2022-11-27 06:07:06 - INFO - epoch-400, train_loss-0.0787, train_rmse-0.2805, valid_rmse-1.1752, valid_pr-0.7718
2022-11-27 06:07:19 - INFO - epoch-401, train_loss-0.0747, train_rmse-0.2732, valid_rmse-1.1689, valid_pr-0.7747
2022-11-27 06:07:32 - INFO - epoch-402, train_loss-0.0681, train_rmse-0.2609, valid_rmse-1.1891, valid_pr-0.7659
2022-11-27 06:07:45 - INFO - epoch-403, train_loss-0.0775, train_rmse-0.2784, valid_rmse-1.1857, valid_pr-0.7675
2022-11-27 06:07:58 - INFO - epoch-404, train_loss-0.0777, train_rmse-0.2787, valid_rmse-1.1892, valid_pr-0.7679
2022-11-27 06:08:11 - INFO - epoch-405, train_loss-0.0700, train_rmse-0.2645, valid_rmse-1.1716, valid_pr-0.7740
2022-11-27 06:08:24 - INFO - epoch-406, train_loss-0.0667, train_rmse-0.2582, valid_rmse-1.1768, valid_pr-0.7721
2022-11-27 06:08:37 - INFO - epoch-407, train_loss-0.0681, train_rmse-0.2609, valid_rmse-1.1855, valid_pr-0.7697
2022-11-27 06:08:50 - INFO - epoch-408, train_loss-0.0685, train_rmse-0.2617, valid_rmse-1.1780, valid_pr-0.7717
2022-11-27 06:09:03 - INFO - epoch-409, train_loss-0.0774, train_rmse-0.2783, valid_rmse-1.1985, valid_pr-0.7655
2022-11-27 06:09:17 - INFO - epoch-410, train_loss-0.0777, train_rmse-0.2787, valid_rmse-1.1885, valid_pr-0.7674
2022-11-27 06:09:30 - INFO - epoch-411, train_loss-0.0878, train_rmse-0.2963, valid_rmse-1.1869, valid_pr-0.7661
2022-11-27 06:09:43 - INFO - epoch-412, train_loss-0.0763, train_rmse-0.2763, valid_rmse-1.1967, valid_pr-0.7624
2022-11-27 06:09:57 - INFO - epoch-413, train_loss-0.0769, train_rmse-0.2773, valid_rmse-1.2031, valid_pr-0.7589
2022-11-27 06:10:10 - INFO - epoch-414, train_loss-0.0741, train_rmse-0.2723, valid_rmse-1.2085, valid_pr-0.7575
2022-11-27 06:10:23 - INFO - epoch-415, train_loss-0.0756, train_rmse-0.2750, valid_rmse-1.2029, valid_pr-0.7605
2022-11-27 06:10:36 - INFO - epoch-416, train_loss-0.0798, train_rmse-0.2825, valid_rmse-1.2073, valid_pr-0.7583
2022-11-27 06:10:49 - INFO - epoch-417, train_loss-0.0780, train_rmse-0.2793, valid_rmse-1.2064, valid_pr-0.7576
2022-11-27 06:11:02 - INFO - epoch-418, train_loss-0.0822, train_rmse-0.2867, valid_rmse-1.2061, valid_pr-0.7629
2022-11-27 06:11:15 - INFO - epoch-419, train_loss-0.0758, train_rmse-0.2754, valid_rmse-1.2377, valid_pr-0.7525
2022-11-27 06:11:28 - INFO - epoch-420, train_loss-0.0759, train_rmse-0.2754, valid_rmse-1.2153, valid_pr-0.7587
2022-11-27 06:11:42 - INFO - epoch-421, train_loss-0.0784, train_rmse-0.2800, valid_rmse-1.2053, valid_pr-0.7591
2022-11-27 06:11:54 - INFO - epoch-422, train_loss-0.0685, train_rmse-0.2618, valid_rmse-1.1909, valid_pr-0.7641
2022-11-27 06:12:07 - INFO - epoch-423, train_loss-0.0693, train_rmse-0.2633, valid_rmse-1.2117, valid_pr-0.7560
2022-11-27 06:12:20 - INFO - epoch-424, train_loss-0.0760, train_rmse-0.2757, valid_rmse-1.1913, valid_pr-0.7645
2022-11-27 06:12:33 - INFO - epoch-425, train_loss-0.0789, train_rmse-0.2809, valid_rmse-1.1918, valid_pr-0.7648
2022-11-27 06:12:45 - INFO - epoch-426, train_loss-0.0846, train_rmse-0.2909, valid_rmse-1.2065, valid_pr-0.7570
2022-11-27 06:12:58 - INFO - epoch-427, train_loss-0.0858, train_rmse-0.2928, valid_rmse-1.2632, valid_pr-0.7411
2022-11-27 06:13:12 - INFO - epoch-428, train_loss-0.1017, train_rmse-0.3189, valid_rmse-1.2155, valid_pr-0.7602
2022-11-27 06:13:25 - INFO - epoch-429, train_loss-0.1020, train_rmse-0.3194, valid_rmse-1.2386, valid_pr-0.7499
2022-11-27 06:13:39 - INFO - epoch-430, train_loss-0.1408, train_rmse-0.3753, valid_rmse-1.2217, valid_pr-0.7517
2022-11-27 06:13:53 - INFO - epoch-431, train_loss-0.4049, train_rmse-0.6363, valid_rmse-1.4340, valid_pr-0.6552
2022-11-27 06:14:06 - INFO - epoch-432, train_loss-0.8260, train_rmse-0.9089, valid_rmse-1.3103, valid_pr-0.7239
2022-11-27 06:14:19 - INFO - epoch-433, train_loss-0.2770, train_rmse-0.5263, valid_rmse-1.2501, valid_pr-0.7441
2022-11-27 06:14:33 - INFO - epoch-434, train_loss-0.1315, train_rmse-0.3626, valid_rmse-1.2177, valid_pr-0.7586
2022-11-27 06:14:47 - INFO - epoch-435, train_loss-0.0882, train_rmse-0.2970, valid_rmse-1.1967, valid_pr-0.7615
2022-11-27 06:15:00 - INFO - epoch-436, train_loss-0.0771, train_rmse-0.2777, valid_rmse-1.1940, valid_pr-0.7636
2022-11-27 06:15:13 - INFO - epoch-437, train_loss-0.0714, train_rmse-0.2673, valid_rmse-1.2021, valid_pr-0.7628
2022-11-27 06:15:27 - INFO - epoch-438, train_loss-0.0706, train_rmse-0.2658, valid_rmse-1.1992, valid_pr-0.7634
2022-11-27 06:15:40 - INFO - epoch-439, train_loss-0.0684, train_rmse-0.2615, valid_rmse-1.2027, valid_pr-0.7601
2022-11-27 06:15:53 - INFO - epoch-440, train_loss-0.0635, train_rmse-0.2519, valid_rmse-1.1983, valid_pr-0.7609
2022-11-27 06:16:06 - INFO - epoch-441, train_loss-0.0639, train_rmse-0.2529, valid_rmse-1.1971, valid_pr-0.7619
2022-11-27 06:16:20 - INFO - epoch-442, train_loss-0.0543, train_rmse-0.2330, valid_rmse-1.2037, valid_pr-0.7595
2022-11-27 06:16:34 - INFO - epoch-443, train_loss-0.0499, train_rmse-0.2235, valid_rmse-1.1899, valid_pr-0.7651
2022-11-27 06:16:48 - INFO - epoch-444, train_loss-0.0549, train_rmse-0.2343, valid_rmse-1.1857, valid_pr-0.7671
2022-11-27 06:17:02 - INFO - epoch-445, train_loss-0.0557, train_rmse-0.2359, valid_rmse-1.1931, valid_pr-0.7641
2022-11-27 06:17:15 - INFO - epoch-446, train_loss-0.0652, train_rmse-0.2554, valid_rmse-1.2148, valid_pr-0.7621
2022-11-27 06:17:29 - INFO - epoch-447, train_loss-0.0723, train_rmse-0.2689, valid_rmse-1.1866, valid_pr-0.7670
2022-11-27 06:17:42 - INFO - epoch-448, train_loss-0.0695, train_rmse-0.2635, valid_rmse-1.1905, valid_pr-0.7663
2022-11-27 06:17:56 - INFO - epoch-449, train_loss-0.0631, train_rmse-0.2511, valid_rmse-1.1892, valid_pr-0.7657
2022-11-27 06:18:09 - INFO - epoch-450, train_loss-0.0642, train_rmse-0.2534, valid_rmse-1.1734, valid_pr-0.7724
2022-11-27 06:18:23 - INFO - epoch-451, train_loss-0.0544, train_rmse-0.2332, valid_rmse-1.1789, valid_pr-0.7703
2022-11-27 06:18:36 - INFO - epoch-452, train_loss-0.0638, train_rmse-0.2526, valid_rmse-1.1839, valid_pr-0.7675
2022-11-27 06:18:49 - INFO - epoch-453, train_loss-0.0628, train_rmse-0.2506, valid_rmse-1.2034, valid_pr-0.7607
2022-11-27 06:19:02 - INFO - epoch-454, train_loss-0.0568, train_rmse-0.2383, valid_rmse-1.1842, valid_pr-0.7674
2022-11-27 06:19:16 - INFO - epoch-455, train_loss-0.0598, train_rmse-0.2445, valid_rmse-1.2014, valid_pr-0.7629
2022-11-27 06:19:30 - INFO - epoch-456, train_loss-0.0657, train_rmse-0.2564, valid_rmse-1.1846, valid_pr-0.7682
2022-11-27 06:19:43 - INFO - epoch-457, train_loss-0.0660, train_rmse-0.2569, valid_rmse-1.1953, valid_pr-0.7627
2022-11-27 06:19:57 - INFO - epoch-458, train_loss-0.0513, train_rmse-0.2265, valid_rmse-1.1937, valid_pr-0.7649
2022-11-27 06:20:10 - INFO - epoch-459, train_loss-0.0578, train_rmse-0.2405, valid_rmse-1.2077, valid_pr-0.7643
2022-11-27 06:20:24 - INFO - epoch-460, train_loss-0.0681, train_rmse-0.2610, valid_rmse-1.1857, valid_pr-0.7666
2022-11-27 06:20:37 - INFO - epoch-461, train_loss-0.0674, train_rmse-0.2597, valid_rmse-1.2104, valid_pr-0.7613
2022-11-27 06:20:50 - INFO - epoch-462, train_loss-0.0647, train_rmse-0.2544, valid_rmse-1.2015, valid_pr-0.7608
2022-11-27 06:21:03 - INFO - epoch-463, train_loss-0.0719, train_rmse-0.2682, valid_rmse-1.1828, valid_pr-0.7681
2022-11-27 06:21:17 - INFO - epoch-464, train_loss-0.0561, train_rmse-0.2369, valid_rmse-1.1955, valid_pr-0.7657
2022-11-27 06:21:30 - INFO - epoch-465, train_loss-0.0692, train_rmse-0.2631, valid_rmse-1.1994, valid_pr-0.7629
2022-11-27 06:21:43 - INFO - epoch-466, train_loss-0.0633, train_rmse-0.2515, valid_rmse-1.1899, valid_pr-0.7657
2022-11-27 06:21:56 - INFO - epoch-467, train_loss-0.0629, train_rmse-0.2509, valid_rmse-1.2163, valid_pr-0.7616
2022-11-27 06:22:09 - INFO - epoch-468, train_loss-0.0629, train_rmse-0.2507, valid_rmse-1.1802, valid_pr-0.7691
2022-11-27 06:22:22 - INFO - epoch-469, train_loss-0.0685, train_rmse-0.2617, valid_rmse-1.2213, valid_pr-0.7599
2022-11-27 06:22:35 - INFO - epoch-470, train_loss-0.0671, train_rmse-0.2590, valid_rmse-1.2053, valid_pr-0.7588
2022-11-27 06:22:48 - INFO - epoch-471, train_loss-0.0676, train_rmse-0.2600, valid_rmse-1.1991, valid_pr-0.7623
2022-11-27 06:23:02 - INFO - epoch-472, train_loss-0.0712, train_rmse-0.2667, valid_rmse-1.2237, valid_pr-0.7556
2022-11-27 06:23:15 - INFO - epoch-473, train_loss-0.0672, train_rmse-0.2592, valid_rmse-1.2002, valid_pr-0.7601
2022-11-27 06:23:29 - INFO - epoch-474, train_loss-0.0736, train_rmse-0.2714, valid_rmse-1.1970, valid_pr-0.7618
2022-11-27 06:23:42 - INFO - epoch-475, train_loss-0.0776, train_rmse-0.2785, valid_rmse-1.2077, valid_pr-0.7574
2022-11-27 06:23:56 - INFO - epoch-476, train_loss-0.0689, train_rmse-0.2624, valid_rmse-1.2252, valid_pr-0.7496
2022-11-27 06:24:08 - INFO - epoch-477, train_loss-0.0661, train_rmse-0.2571, valid_rmse-1.1953, valid_pr-0.7628
2022-11-27 06:24:21 - INFO - epoch-478, train_loss-0.0717, train_rmse-0.2678, valid_rmse-1.2098, valid_pr-0.7602
2022-11-27 06:24:35 - INFO - epoch-479, train_loss-0.0676, train_rmse-0.2599, valid_rmse-1.1926, valid_pr-0.7634
2022-11-27 06:24:48 - INFO - epoch-480, train_loss-0.0731, train_rmse-0.2704, valid_rmse-1.1989, valid_pr-0.7604
2022-11-27 06:25:01 - INFO - epoch-481, train_loss-0.0684, train_rmse-0.2615, valid_rmse-1.2119, valid_pr-0.7549
2022-11-27 06:25:14 - INFO - epoch-482, train_loss-0.0657, train_rmse-0.2563, valid_rmse-1.2040, valid_pr-0.7599
2022-11-27 06:25:27 - INFO - epoch-483, train_loss-0.0654, train_rmse-0.2557, valid_rmse-1.2055, valid_pr-0.7596
2022-11-27 06:25:39 - INFO - epoch-484, train_loss-0.0707, train_rmse-0.2658, valid_rmse-1.2125, valid_pr-0.7552
2022-11-27 06:25:52 - INFO - epoch-485, train_loss-0.0739, train_rmse-0.2718, valid_rmse-1.2269, valid_pr-0.7534
2022-11-27 06:26:06 - INFO - epoch-486, train_loss-0.0784, train_rmse-0.2800, valid_rmse-1.2156, valid_pr-0.7587
2022-11-27 06:26:19 - INFO - epoch-487, train_loss-0.0875, train_rmse-0.2957, valid_rmse-1.2071, valid_pr-0.7574
2022-11-27 06:26:32 - INFO - epoch-488, train_loss-0.0799, train_rmse-0.2826, valid_rmse-1.2170, valid_pr-0.7535
2022-11-27 06:26:45 - INFO - epoch-489, train_loss-0.0780, train_rmse-0.2793, valid_rmse-1.2128, valid_pr-0.7542
2022-11-27 06:26:59 - INFO - epoch-490, train_loss-0.0843, train_rmse-0.2903, valid_rmse-1.2080, valid_pr-0.7591
2022-11-27 06:27:12 - INFO - epoch-491, train_loss-0.0765, train_rmse-0.2766, valid_rmse-1.2219, valid_pr-0.7540
2022-11-27 06:27:25 - INFO - epoch-492, train_loss-0.0794, train_rmse-0.2818, valid_rmse-1.2154, valid_pr-0.7535
2022-11-27 06:27:38 - INFO - epoch-493, train_loss-0.0744, train_rmse-0.2728, valid_rmse-1.2307, valid_pr-0.7465
2022-11-27 06:27:51 - INFO - epoch-494, train_loss-0.0616, train_rmse-0.2482, valid_rmse-1.2264, valid_pr-0.7531
2022-11-27 06:28:05 - INFO - epoch-495, train_loss-0.0666, train_rmse-0.2580, valid_rmse-1.2134, valid_pr-0.7561
2022-11-27 06:28:18 - INFO - epoch-496, train_loss-0.0725, train_rmse-0.2693, valid_rmse-1.1888, valid_pr-0.7674
2022-11-27 06:28:31 - INFO - epoch-497, train_loss-0.0742, train_rmse-0.2725, valid_rmse-1.2106, valid_pr-0.7564
2022-11-27 06:28:43 - INFO - epoch-498, train_loss-0.0626, train_rmse-0.2502, valid_rmse-1.1980, valid_pr-0.7623
2022-11-27 06:28:57 - INFO - epoch-499, train_loss-0.0788, train_rmse-0.2807, valid_rmse-1.2291, valid_pr-0.7498
2022-11-27 06:29:10 - INFO - epoch-500, train_loss-0.0825, train_rmse-0.2873, valid_rmse-1.2322, valid_pr-0.7481
2022-11-27 06:29:23 - INFO - epoch-501, train_loss-0.0901, train_rmse-0.3002, valid_rmse-1.2742, valid_pr-0.7445
2022-11-27 06:29:36 - INFO - epoch-502, train_loss-0.0966, train_rmse-0.3108, valid_rmse-1.2952, valid_pr-0.7378
2022-11-27 06:29:36 - INFO - early stop in epoch 502
2022-11-27 06:29:36 - INFO - best_rmse: 1.1689
2022-11-27 06:29:44 - INFO - valid_rmse-1.1689, valid_pr-0.7747, test2013_rmse-1.5010, test2013_pr-0.7809, test2016_rmse-1.2906, test2016_pr-0.8177, test2019_rmse-1.4137, test2019_pr-0.6165,
