2022-11-27 06:29:47 - INFO - train_EGNN.py
2022-11-27 06:29:47 - INFO - train data: 11904
2022-11-27 06:29:47 - INFO - valid data: 1000
2022-11-27 06:29:47 - INFO - test2013 data: 107
2022-11-27 06:29:47 - INFO - test2016 data: 285
2022-11-27 06:29:47 - INFO - test2019 data: 4366
2022-11-27 06:30:00 - INFO - epoch-0, train_loss-39.8479, train_rmse-6.3125, valid_rmse-7.6407, valid_pr-0.1355
2022-11-27 06:30:14 - INFO - epoch-1, train_loss-24.6429, train_rmse-4.9642, valid_rmse-4.7710, valid_pr-0.2770
2022-11-27 06:30:27 - INFO - epoch-2, train_loss-7.6174, train_rmse-2.7600, valid_rmse-1.8358, valid_pr-0.4582
2022-11-27 06:30:40 - INFO - epoch-3, train_loss-3.5919, train_rmse-1.8952, valid_rmse-1.7948, valid_pr-0.4954
2022-11-27 06:30:54 - INFO - epoch-4, train_loss-3.4068, train_rmse-1.8458, valid_rmse-1.5470, valid_pr-0.5478
2022-11-27 06:31:07 - INFO - epoch-5, train_loss-3.2454, train_rmse-1.8015, valid_rmse-1.5869, valid_pr-0.5300
2022-11-27 06:31:20 - INFO - epoch-6, train_loss-3.1872, train_rmse-1.7853, valid_rmse-1.5388, valid_pr-0.5550
2022-11-27 06:31:33 - INFO - epoch-7, train_loss-3.0964, train_rmse-1.7597, valid_rmse-1.9050, valid_pr-0.4181
2022-11-27 06:31:46 - INFO - epoch-8, train_loss-3.0777, train_rmse-1.7543, valid_rmse-1.5587, valid_pr-0.5535
2022-11-27 06:32:00 - INFO - epoch-9, train_loss-2.9789, train_rmse-1.7259, valid_rmse-1.5695, valid_pr-0.5455
2022-11-27 06:32:13 - INFO - epoch-10, train_loss-2.9717, train_rmse-1.7239, valid_rmse-1.5502, valid_pr-0.5591
2022-11-27 06:32:26 - INFO - epoch-11, train_loss-2.8843, train_rmse-1.6983, valid_rmse-1.6258, valid_pr-0.5243
2022-11-27 06:32:38 - INFO - epoch-12, train_loss-2.8637, train_rmse-1.6922, valid_rmse-1.7787, valid_pr-0.5269
2022-11-27 06:32:52 - INFO - epoch-13, train_loss-2.8310, train_rmse-1.6826, valid_rmse-1.7468, valid_pr-0.5083
2022-11-27 06:33:04 - INFO - epoch-14, train_loss-2.7941, train_rmse-1.6716, valid_rmse-1.4967, valid_pr-0.5866
2022-11-27 06:33:18 - INFO - epoch-15, train_loss-2.7159, train_rmse-1.6480, valid_rmse-1.5777, valid_pr-0.5490
2022-11-27 06:33:32 - INFO - epoch-16, train_loss-2.7643, train_rmse-1.6626, valid_rmse-1.5252, valid_pr-0.5738
2022-11-27 06:33:45 - INFO - epoch-17, train_loss-2.6647, train_rmse-1.6324, valid_rmse-1.5822, valid_pr-0.5551
2022-11-27 06:33:59 - INFO - epoch-18, train_loss-2.6783, train_rmse-1.6366, valid_rmse-1.5509, valid_pr-0.5828
2022-11-27 06:34:12 - INFO - epoch-19, train_loss-2.6518, train_rmse-1.6284, valid_rmse-1.4986, valid_pr-0.5861
2022-11-27 06:34:25 - INFO - epoch-20, train_loss-2.6099, train_rmse-1.6155, valid_rmse-1.5488, valid_pr-0.5892
2022-11-27 06:34:39 - INFO - epoch-21, train_loss-2.5977, train_rmse-1.6117, valid_rmse-1.5225, valid_pr-0.5713
2022-11-27 06:34:52 - INFO - epoch-22, train_loss-2.5394, train_rmse-1.5935, valid_rmse-1.4829, valid_pr-0.5959
2022-11-27 06:35:06 - INFO - epoch-23, train_loss-2.5602, train_rmse-1.6001, valid_rmse-1.4714, valid_pr-0.6131
2022-11-27 06:35:19 - INFO - epoch-24, train_loss-2.5032, train_rmse-1.5821, valid_rmse-1.7266, valid_pr-0.5670
2022-11-27 06:35:32 - INFO - epoch-25, train_loss-2.4767, train_rmse-1.5737, valid_rmse-1.5331, valid_pr-0.5609
2022-11-27 06:35:45 - INFO - epoch-26, train_loss-2.4868, train_rmse-1.5770, valid_rmse-1.6732, valid_pr-0.5424
2022-11-27 06:35:58 - INFO - epoch-27, train_loss-2.4265, train_rmse-1.5577, valid_rmse-1.5878, valid_pr-0.5792
2022-11-27 06:36:11 - INFO - epoch-28, train_loss-2.4121, train_rmse-1.5531, valid_rmse-1.7884, valid_pr-0.5144
2022-11-27 06:36:24 - INFO - epoch-29, train_loss-2.3663, train_rmse-1.5383, valid_rmse-1.4539, valid_pr-0.6174
2022-11-27 06:36:38 - INFO - epoch-30, train_loss-2.3802, train_rmse-1.5428, valid_rmse-1.5579, valid_pr-0.5996
2022-11-27 06:36:50 - INFO - epoch-31, train_loss-2.3615, train_rmse-1.5367, valid_rmse-1.5880, valid_pr-0.6007
2022-11-27 06:37:03 - INFO - epoch-32, train_loss-2.3237, train_rmse-1.5244, valid_rmse-1.4584, valid_pr-0.6295
2022-11-27 06:37:16 - INFO - epoch-33, train_loss-2.2961, train_rmse-1.5153, valid_rmse-1.4942, valid_pr-0.5875
2022-11-27 06:37:29 - INFO - epoch-34, train_loss-2.2733, train_rmse-1.5078, valid_rmse-1.5428, valid_pr-0.6095
2022-11-27 06:37:43 - INFO - epoch-35, train_loss-2.2597, train_rmse-1.5032, valid_rmse-1.4104, valid_pr-0.6474
2022-11-27 06:37:56 - INFO - epoch-36, train_loss-2.2133, train_rmse-1.4877, valid_rmse-1.5986, valid_pr-0.6087
2022-11-27 06:38:09 - INFO - epoch-37, train_loss-2.1850, train_rmse-1.4782, valid_rmse-1.4488, valid_pr-0.6235
2022-11-27 06:38:23 - INFO - epoch-38, train_loss-2.1878, train_rmse-1.4791, valid_rmse-1.5898, valid_pr-0.6085
2022-11-27 06:38:36 - INFO - epoch-39, train_loss-2.1513, train_rmse-1.4667, valid_rmse-1.5036, valid_pr-0.6399
2022-11-27 06:38:49 - INFO - epoch-40, train_loss-2.1213, train_rmse-1.4565, valid_rmse-1.3870, valid_pr-0.6688
2022-11-27 06:39:02 - INFO - epoch-41, train_loss-2.1224, train_rmse-1.4569, valid_rmse-1.4293, valid_pr-0.6428
2022-11-27 06:39:16 - INFO - epoch-42, train_loss-2.0779, train_rmse-1.4415, valid_rmse-1.4184, valid_pr-0.6490
2022-11-27 06:39:29 - INFO - epoch-43, train_loss-2.0864, train_rmse-1.4444, valid_rmse-1.3999, valid_pr-0.6618
2022-11-27 06:39:42 - INFO - epoch-44, train_loss-2.0206, train_rmse-1.4215, valid_rmse-1.3722, valid_pr-0.6773
2022-11-27 06:39:55 - INFO - epoch-45, train_loss-2.0689, train_rmse-1.4384, valid_rmse-1.3901, valid_pr-0.6657
2022-11-27 06:40:07 - INFO - epoch-46, train_loss-1.9754, train_rmse-1.4055, valid_rmse-1.4806, valid_pr-0.6606
2022-11-27 06:40:21 - INFO - epoch-47, train_loss-1.9632, train_rmse-1.4012, valid_rmse-1.5621, valid_pr-0.6657
2022-11-27 06:40:34 - INFO - epoch-48, train_loss-1.9391, train_rmse-1.3925, valid_rmse-1.5791, valid_pr-0.6311
2022-11-27 06:40:47 - INFO - epoch-49, train_loss-1.8983, train_rmse-1.3778, valid_rmse-1.3712, valid_pr-0.6708
2022-11-27 06:41:00 - INFO - epoch-50, train_loss-1.8769, train_rmse-1.3700, valid_rmse-1.3929, valid_pr-0.6608
2022-11-27 06:41:14 - INFO - epoch-51, train_loss-1.8404, train_rmse-1.3566, valid_rmse-1.4462, valid_pr-0.6400
2022-11-27 06:41:27 - INFO - epoch-52, train_loss-1.7997, train_rmse-1.3415, valid_rmse-1.4539, valid_pr-0.6706
2022-11-27 06:41:40 - INFO - epoch-53, train_loss-1.8035, train_rmse-1.3429, valid_rmse-1.4896, valid_pr-0.6362
2022-11-27 06:41:53 - INFO - epoch-54, train_loss-1.7719, train_rmse-1.3311, valid_rmse-1.4486, valid_pr-0.6751
2022-11-27 06:42:07 - INFO - epoch-55, train_loss-1.7230, train_rmse-1.3126, valid_rmse-1.4054, valid_pr-0.6754
2022-11-27 06:42:20 - INFO - epoch-56, train_loss-1.6941, train_rmse-1.3016, valid_rmse-1.3954, valid_pr-0.6630
2022-11-27 06:42:34 - INFO - epoch-57, train_loss-1.6137, train_rmse-1.2703, valid_rmse-1.3641, valid_pr-0.6904
2022-11-27 06:42:47 - INFO - epoch-58, train_loss-1.5765, train_rmse-1.2556, valid_rmse-1.3241, valid_pr-0.7022
2022-11-27 06:43:00 - INFO - epoch-59, train_loss-1.5874, train_rmse-1.2599, valid_rmse-1.4129, valid_pr-0.6737
2022-11-27 06:43:14 - INFO - epoch-60, train_loss-1.5302, train_rmse-1.2370, valid_rmse-1.4341, valid_pr-0.6793
2022-11-27 06:43:27 - INFO - epoch-61, train_loss-1.4633, train_rmse-1.2097, valid_rmse-1.3283, valid_pr-0.6991
2022-11-27 06:43:40 - INFO - epoch-62, train_loss-1.4182, train_rmse-1.1909, valid_rmse-1.3893, valid_pr-0.6872
2022-11-27 06:43:53 - INFO - epoch-63, train_loss-1.4213, train_rmse-1.1922, valid_rmse-1.3823, valid_pr-0.6865
2022-11-27 06:44:07 - INFO - epoch-64, train_loss-1.3282, train_rmse-1.1525, valid_rmse-1.3438, valid_pr-0.7013
2022-11-27 06:44:20 - INFO - epoch-65, train_loss-1.3178, train_rmse-1.1479, valid_rmse-1.4846, valid_pr-0.6692
2022-11-27 06:44:34 - INFO - epoch-66, train_loss-1.2673, train_rmse-1.1257, valid_rmse-1.3325, valid_pr-0.7074
2022-11-27 06:44:47 - INFO - epoch-67, train_loss-1.2200, train_rmse-1.1045, valid_rmse-1.3530, valid_pr-0.6922
2022-11-27 06:45:00 - INFO - epoch-68, train_loss-1.1668, train_rmse-1.0802, valid_rmse-1.3763, valid_pr-0.6926
2022-11-27 06:45:14 - INFO - epoch-69, train_loss-1.1280, train_rmse-1.0621, valid_rmse-1.3494, valid_pr-0.6902
2022-11-27 06:45:27 - INFO - epoch-70, train_loss-1.0841, train_rmse-1.0412, valid_rmse-1.3628, valid_pr-0.7105
2022-11-27 06:45:40 - INFO - epoch-71, train_loss-1.0313, train_rmse-1.0155, valid_rmse-1.4786, valid_pr-0.6632
2022-11-27 06:45:54 - INFO - epoch-72, train_loss-1.0152, train_rmse-1.0076, valid_rmse-1.3350, valid_pr-0.7162
2022-11-27 06:46:07 - INFO - epoch-73, train_loss-0.9561, train_rmse-0.9778, valid_rmse-1.3586, valid_pr-0.7020
2022-11-27 06:46:20 - INFO - epoch-74, train_loss-0.9081, train_rmse-0.9529, valid_rmse-1.3939, valid_pr-0.7088
2022-11-27 06:46:33 - INFO - epoch-75, train_loss-0.8722, train_rmse-0.9339, valid_rmse-1.3769, valid_pr-0.6958
2022-11-27 06:46:47 - INFO - epoch-76, train_loss-0.8163, train_rmse-0.9035, valid_rmse-1.4268, valid_pr-0.7070
2022-11-27 06:47:01 - INFO - epoch-77, train_loss-0.7914, train_rmse-0.8896, valid_rmse-1.3490, valid_pr-0.7071
2022-11-27 06:47:13 - INFO - epoch-78, train_loss-0.7716, train_rmse-0.8784, valid_rmse-1.5074, valid_pr-0.7058
2022-11-27 06:47:26 - INFO - epoch-79, train_loss-0.7084, train_rmse-0.8417, valid_rmse-1.3532, valid_pr-0.7111
2022-11-27 06:47:40 - INFO - epoch-80, train_loss-0.6530, train_rmse-0.8081, valid_rmse-1.3871, valid_pr-0.7003
2022-11-27 06:47:53 - INFO - epoch-81, train_loss-0.6647, train_rmse-0.8153, valid_rmse-1.4069, valid_pr-0.6971
2022-11-27 06:48:06 - INFO - epoch-82, train_loss-0.6283, train_rmse-0.7927, valid_rmse-1.4010, valid_pr-0.7171
2022-11-27 06:48:19 - INFO - epoch-83, train_loss-0.5892, train_rmse-0.7676, valid_rmse-1.3554, valid_pr-0.7074
2022-11-27 06:48:32 - INFO - epoch-84, train_loss-0.5483, train_rmse-0.7405, valid_rmse-1.3622, valid_pr-0.7013
2022-11-27 06:48:45 - INFO - epoch-85, train_loss-0.5365, train_rmse-0.7325, valid_rmse-1.3445, valid_pr-0.7287
2022-11-27 06:48:58 - INFO - epoch-86, train_loss-0.5099, train_rmse-0.7141, valid_rmse-1.3039, valid_pr-0.7292
2022-11-27 06:49:12 - INFO - epoch-87, train_loss-0.4640, train_rmse-0.6812, valid_rmse-1.5079, valid_pr-0.7103
2022-11-27 06:49:25 - INFO - epoch-88, train_loss-0.4592, train_rmse-0.6776, valid_rmse-1.3328, valid_pr-0.7206
2022-11-27 06:49:37 - INFO - epoch-89, train_loss-0.4260, train_rmse-0.6527, valid_rmse-1.2928, valid_pr-0.7202
2022-11-27 06:49:50 - INFO - epoch-90, train_loss-0.4314, train_rmse-0.6568, valid_rmse-1.3108, valid_pr-0.7082
2022-11-27 06:50:04 - INFO - epoch-91, train_loss-0.4465, train_rmse-0.6682, valid_rmse-1.3571, valid_pr-0.7186
2022-11-27 06:50:17 - INFO - epoch-92, train_loss-0.3996, train_rmse-0.6321, valid_rmse-1.3358, valid_pr-0.7068
2022-11-27 06:50:30 - INFO - epoch-93, train_loss-0.3668, train_rmse-0.6056, valid_rmse-1.3286, valid_pr-0.7339
2022-11-27 06:50:44 - INFO - epoch-94, train_loss-0.3924, train_rmse-0.6264, valid_rmse-1.2819, valid_pr-0.7261
2022-11-27 06:50:57 - INFO - epoch-95, train_loss-0.3475, train_rmse-0.5895, valid_rmse-1.3085, valid_pr-0.7143
2022-11-27 06:51:10 - INFO - epoch-96, train_loss-0.3539, train_rmse-0.5949, valid_rmse-1.3011, valid_pr-0.7171
2022-11-27 06:51:23 - INFO - epoch-97, train_loss-0.3500, train_rmse-0.5916, valid_rmse-1.3234, valid_pr-0.7045
2022-11-27 06:51:35 - INFO - epoch-98, train_loss-0.3431, train_rmse-0.5857, valid_rmse-1.2810, valid_pr-0.7236
2022-11-27 06:51:48 - INFO - epoch-99, train_loss-0.3171, train_rmse-0.5631, valid_rmse-1.2822, valid_pr-0.7260
2022-11-27 06:52:01 - INFO - epoch-100, train_loss-0.3272, train_rmse-0.5720, valid_rmse-1.2994, valid_pr-0.7311
2022-11-27 06:52:13 - INFO - epoch-101, train_loss-0.3064, train_rmse-0.5536, valid_rmse-1.3466, valid_pr-0.7247
2022-11-27 06:52:26 - INFO - epoch-102, train_loss-0.2889, train_rmse-0.5375, valid_rmse-1.3250, valid_pr-0.7187
2022-11-27 06:52:39 - INFO - epoch-103, train_loss-0.3014, train_rmse-0.5490, valid_rmse-1.3121, valid_pr-0.7388
2022-11-27 06:52:52 - INFO - epoch-104, train_loss-0.2968, train_rmse-0.5448, valid_rmse-1.2950, valid_pr-0.7192
2022-11-27 06:53:04 - INFO - epoch-105, train_loss-0.2986, train_rmse-0.5465, valid_rmse-1.2894, valid_pr-0.7218
2022-11-27 06:53:17 - INFO - epoch-106, train_loss-0.2829, train_rmse-0.5319, valid_rmse-1.2681, valid_pr-0.7361
2022-11-27 06:53:30 - INFO - epoch-107, train_loss-0.2919, train_rmse-0.5403, valid_rmse-1.2897, valid_pr-0.7317
2022-11-27 06:53:43 - INFO - epoch-108, train_loss-0.2833, train_rmse-0.5323, valid_rmse-1.3054, valid_pr-0.7268
2022-11-27 06:53:56 - INFO - epoch-109, train_loss-0.2601, train_rmse-0.5100, valid_rmse-1.3065, valid_pr-0.7284
2022-11-27 06:54:08 - INFO - epoch-110, train_loss-0.2650, train_rmse-0.5148, valid_rmse-1.2628, valid_pr-0.7342
2022-11-27 06:54:21 - INFO - epoch-111, train_loss-0.2604, train_rmse-0.5103, valid_rmse-1.3011, valid_pr-0.7212
2022-11-27 06:54:34 - INFO - epoch-112, train_loss-0.2814, train_rmse-0.5305, valid_rmse-1.2714, valid_pr-0.7354
2022-11-27 06:54:47 - INFO - epoch-113, train_loss-0.2611, train_rmse-0.5110, valid_rmse-1.2670, valid_pr-0.7340
2022-11-27 06:55:01 - INFO - epoch-114, train_loss-0.2568, train_rmse-0.5068, valid_rmse-1.2798, valid_pr-0.7231
2022-11-27 06:55:13 - INFO - epoch-115, train_loss-0.2540, train_rmse-0.5040, valid_rmse-1.2932, valid_pr-0.7288
2022-11-27 06:55:26 - INFO - epoch-116, train_loss-0.2639, train_rmse-0.5137, valid_rmse-1.2678, valid_pr-0.7335
2022-11-27 06:55:39 - INFO - epoch-117, train_loss-0.2593, train_rmse-0.5092, valid_rmse-1.3728, valid_pr-0.7110
2022-11-27 06:55:52 - INFO - epoch-118, train_loss-0.2411, train_rmse-0.4910, valid_rmse-1.3396, valid_pr-0.7156
2022-11-27 06:56:06 - INFO - epoch-119, train_loss-0.2214, train_rmse-0.4705, valid_rmse-1.2653, valid_pr-0.7294
2022-11-27 06:56:19 - INFO - epoch-120, train_loss-0.2255, train_rmse-0.4749, valid_rmse-1.2672, valid_pr-0.7363
2022-11-27 06:56:31 - INFO - epoch-121, train_loss-0.2283, train_rmse-0.4778, valid_rmse-1.3345, valid_pr-0.7200
2022-11-27 06:56:44 - INFO - epoch-122, train_loss-0.2433, train_rmse-0.4933, valid_rmse-1.2733, valid_pr-0.7276
2022-11-27 06:56:57 - INFO - epoch-123, train_loss-0.2446, train_rmse-0.4945, valid_rmse-1.2882, valid_pr-0.7193
2022-11-27 06:57:11 - INFO - epoch-124, train_loss-0.2452, train_rmse-0.4952, valid_rmse-1.2961, valid_pr-0.7290
2022-11-27 06:57:24 - INFO - epoch-125, train_loss-0.2363, train_rmse-0.4861, valid_rmse-1.2491, valid_pr-0.7402
2022-11-27 06:57:37 - INFO - epoch-126, train_loss-0.2300, train_rmse-0.4796, valid_rmse-1.2874, valid_pr-0.7287
2022-11-27 06:57:51 - INFO - epoch-127, train_loss-0.2337, train_rmse-0.4835, valid_rmse-1.2936, valid_pr-0.7241
2022-11-27 06:58:04 - INFO - epoch-128, train_loss-0.2208, train_rmse-0.4699, valid_rmse-1.3032, valid_pr-0.7185
2022-11-27 06:58:17 - INFO - epoch-129, train_loss-0.2159, train_rmse-0.4647, valid_rmse-1.2966, valid_pr-0.7233
2022-11-27 06:58:30 - INFO - epoch-130, train_loss-0.2168, train_rmse-0.4657, valid_rmse-1.2587, valid_pr-0.7368
2022-11-27 06:58:43 - INFO - epoch-131, train_loss-0.2360, train_rmse-0.4858, valid_rmse-1.3153, valid_pr-0.7320
2022-11-27 06:58:56 - INFO - epoch-132, train_loss-0.2267, train_rmse-0.4761, valid_rmse-1.2537, valid_pr-0.7395
2022-11-27 06:59:08 - INFO - epoch-133, train_loss-0.2221, train_rmse-0.4713, valid_rmse-1.2937, valid_pr-0.7299
2022-11-27 06:59:21 - INFO - epoch-134, train_loss-0.2060, train_rmse-0.4539, valid_rmse-1.2804, valid_pr-0.7290
2022-11-27 06:59:35 - INFO - epoch-135, train_loss-0.2088, train_rmse-0.4570, valid_rmse-1.2796, valid_pr-0.7360
2022-11-27 06:59:48 - INFO - epoch-136, train_loss-0.1973, train_rmse-0.4442, valid_rmse-1.2784, valid_pr-0.7378
2022-11-27 07:00:01 - INFO - epoch-137, train_loss-0.2014, train_rmse-0.4488, valid_rmse-1.2510, valid_pr-0.7385
2022-11-27 07:00:14 - INFO - epoch-138, train_loss-0.2025, train_rmse-0.4501, valid_rmse-1.2656, valid_pr-0.7284
2022-11-27 07:00:27 - INFO - epoch-139, train_loss-0.2070, train_rmse-0.4550, valid_rmse-1.2630, valid_pr-0.7360
2022-11-27 07:00:40 - INFO - epoch-140, train_loss-0.1955, train_rmse-0.4422, valid_rmse-1.2570, valid_pr-0.7468
2022-11-27 07:00:53 - INFO - epoch-141, train_loss-0.2054, train_rmse-0.4532, valid_rmse-1.2493, valid_pr-0.7454
2022-11-27 07:01:06 - INFO - epoch-142, train_loss-0.1987, train_rmse-0.4457, valid_rmse-1.2798, valid_pr-0.7285
2022-11-27 07:01:19 - INFO - epoch-143, train_loss-0.1985, train_rmse-0.4456, valid_rmse-1.2808, valid_pr-0.7356
2022-11-27 07:01:32 - INFO - epoch-144, train_loss-0.1860, train_rmse-0.4313, valid_rmse-1.2486, valid_pr-0.7417
2022-11-27 07:01:45 - INFO - epoch-145, train_loss-0.1849, train_rmse-0.4301, valid_rmse-1.2704, valid_pr-0.7348
2022-11-27 07:01:58 - INFO - epoch-146, train_loss-0.2001, train_rmse-0.4473, valid_rmse-1.2694, valid_pr-0.7276
2022-11-27 07:02:11 - INFO - epoch-147, train_loss-0.1902, train_rmse-0.4361, valid_rmse-1.2931, valid_pr-0.7256
2022-11-27 07:02:24 - INFO - epoch-148, train_loss-0.1876, train_rmse-0.4331, valid_rmse-1.3069, valid_pr-0.7341
2022-11-27 07:02:36 - INFO - epoch-149, train_loss-0.1874, train_rmse-0.4329, valid_rmse-1.2512, valid_pr-0.7383
2022-11-27 07:02:48 - INFO - epoch-150, train_loss-0.1830, train_rmse-0.4278, valid_rmse-1.2783, valid_pr-0.7294
2022-11-27 07:02:59 - INFO - epoch-151, train_loss-0.1695, train_rmse-0.4117, valid_rmse-1.2603, valid_pr-0.7422
2022-11-27 07:03:11 - INFO - epoch-152, train_loss-0.1824, train_rmse-0.4271, valid_rmse-1.2798, valid_pr-0.7291
2022-11-27 07:03:23 - INFO - epoch-153, train_loss-0.1928, train_rmse-0.4391, valid_rmse-1.2462, valid_pr-0.7411
2022-11-27 07:03:36 - INFO - epoch-154, train_loss-0.1852, train_rmse-0.4304, valid_rmse-1.2738, valid_pr-0.7324
2022-11-27 07:03:50 - INFO - epoch-155, train_loss-0.1947, train_rmse-0.4413, valid_rmse-1.2607, valid_pr-0.7412
2022-11-27 07:04:03 - INFO - epoch-156, train_loss-0.1773, train_rmse-0.4211, valid_rmse-1.2918, valid_pr-0.7351
2022-11-27 07:04:16 - INFO - epoch-157, train_loss-0.1857, train_rmse-0.4310, valid_rmse-1.2557, valid_pr-0.7351
2022-11-27 07:04:29 - INFO - epoch-158, train_loss-0.1768, train_rmse-0.4205, valid_rmse-1.2809, valid_pr-0.7448
2022-11-27 07:04:41 - INFO - epoch-159, train_loss-0.1750, train_rmse-0.4183, valid_rmse-1.2970, valid_pr-0.7385
2022-11-27 07:04:54 - INFO - epoch-160, train_loss-0.1718, train_rmse-0.4144, valid_rmse-1.2521, valid_pr-0.7406
2022-11-27 07:05:08 - INFO - epoch-161, train_loss-0.1757, train_rmse-0.4192, valid_rmse-1.2588, valid_pr-0.7343
2022-11-27 07:05:20 - INFO - epoch-162, train_loss-0.1742, train_rmse-0.4174, valid_rmse-1.2885, valid_pr-0.7306
2022-11-27 07:05:33 - INFO - epoch-163, train_loss-0.1752, train_rmse-0.4186, valid_rmse-1.2476, valid_pr-0.7475
2022-11-27 07:05:46 - INFO - epoch-164, train_loss-0.1650, train_rmse-0.4061, valid_rmse-1.2723, valid_pr-0.7370
2022-11-27 07:05:59 - INFO - epoch-165, train_loss-0.1683, train_rmse-0.4102, valid_rmse-1.2441, valid_pr-0.7408
2022-11-27 07:06:12 - INFO - epoch-166, train_loss-0.1770, train_rmse-0.4207, valid_rmse-1.2561, valid_pr-0.7397
2022-11-27 07:06:26 - INFO - epoch-167, train_loss-0.1803, train_rmse-0.4246, valid_rmse-1.2494, valid_pr-0.7504
2022-11-27 07:06:39 - INFO - epoch-168, train_loss-0.1710, train_rmse-0.4135, valid_rmse-1.2487, valid_pr-0.7466
2022-11-27 07:06:52 - INFO - epoch-169, train_loss-0.1733, train_rmse-0.4163, valid_rmse-1.2437, valid_pr-0.7417
2022-11-27 07:07:05 - INFO - epoch-170, train_loss-0.1629, train_rmse-0.4036, valid_rmse-1.2606, valid_pr-0.7421
2022-11-27 07:07:18 - INFO - epoch-171, train_loss-0.1692, train_rmse-0.4113, valid_rmse-1.2225, valid_pr-0.7498
2022-11-27 07:07:32 - INFO - epoch-172, train_loss-0.1652, train_rmse-0.4065, valid_rmse-1.2590, valid_pr-0.7413
2022-11-27 07:07:45 - INFO - epoch-173, train_loss-0.1489, train_rmse-0.3858, valid_rmse-1.2502, valid_pr-0.7371
2022-11-27 07:07:58 - INFO - epoch-174, train_loss-0.1572, train_rmse-0.3965, valid_rmse-1.2185, valid_pr-0.7529
2022-11-27 07:08:12 - INFO - epoch-175, train_loss-0.1708, train_rmse-0.4132, valid_rmse-1.2784, valid_pr-0.7391
2022-11-27 07:08:25 - INFO - epoch-176, train_loss-0.1554, train_rmse-0.3942, valid_rmse-1.2389, valid_pr-0.7441
2022-11-27 07:08:38 - INFO - epoch-177, train_loss-0.1608, train_rmse-0.4010, valid_rmse-1.3020, valid_pr-0.7364
2022-11-27 07:08:51 - INFO - epoch-178, train_loss-0.1553, train_rmse-0.3941, valid_rmse-1.2309, valid_pr-0.7500
2022-11-27 07:09:05 - INFO - epoch-179, train_loss-0.1477, train_rmse-0.3843, valid_rmse-1.2510, valid_pr-0.7413
2022-11-27 07:09:19 - INFO - epoch-180, train_loss-0.1668, train_rmse-0.4084, valid_rmse-1.2742, valid_pr-0.7323
2022-11-27 07:09:32 - INFO - epoch-181, train_loss-0.1651, train_rmse-0.4063, valid_rmse-1.2470, valid_pr-0.7448
2022-11-27 07:09:45 - INFO - epoch-182, train_loss-0.1525, train_rmse-0.3905, valid_rmse-1.2248, valid_pr-0.7488
2022-11-27 07:09:59 - INFO - epoch-183, train_loss-0.1507, train_rmse-0.3883, valid_rmse-1.2694, valid_pr-0.7429
2022-11-27 07:10:12 - INFO - epoch-184, train_loss-0.1495, train_rmse-0.3867, valid_rmse-1.2797, valid_pr-0.7274
2022-11-27 07:10:25 - INFO - epoch-185, train_loss-0.1394, train_rmse-0.3734, valid_rmse-1.3235, valid_pr-0.7350
2022-11-27 07:10:38 - INFO - epoch-186, train_loss-0.1495, train_rmse-0.3867, valid_rmse-1.2361, valid_pr-0.7429
2022-11-27 07:10:51 - INFO - epoch-187, train_loss-0.1630, train_rmse-0.4037, valid_rmse-1.2731, valid_pr-0.7415
2022-11-27 07:11:05 - INFO - epoch-188, train_loss-0.1442, train_rmse-0.3798, valid_rmse-1.2665, valid_pr-0.7450
2022-11-27 07:11:19 - INFO - epoch-189, train_loss-0.1308, train_rmse-0.3616, valid_rmse-1.2541, valid_pr-0.7413
2022-11-27 07:11:33 - INFO - epoch-190, train_loss-0.1570, train_rmse-0.3963, valid_rmse-1.3306, valid_pr-0.7330
2022-11-27 07:11:47 - INFO - epoch-191, train_loss-0.1586, train_rmse-0.3982, valid_rmse-1.2446, valid_pr-0.7433
2022-11-27 07:12:00 - INFO - epoch-192, train_loss-0.1381, train_rmse-0.3716, valid_rmse-1.2379, valid_pr-0.7468
2022-11-27 07:12:14 - INFO - epoch-193, train_loss-0.1328, train_rmse-0.3644, valid_rmse-1.2429, valid_pr-0.7481
2022-11-27 07:12:27 - INFO - epoch-194, train_loss-0.1371, train_rmse-0.3702, valid_rmse-1.2458, valid_pr-0.7438
2022-11-27 07:12:41 - INFO - epoch-195, train_loss-0.1388, train_rmse-0.3726, valid_rmse-1.2366, valid_pr-0.7472
2022-11-27 07:12:54 - INFO - epoch-196, train_loss-0.1519, train_rmse-0.3897, valid_rmse-1.2467, valid_pr-0.7473
2022-11-27 07:13:07 - INFO - epoch-197, train_loss-0.1359, train_rmse-0.3687, valid_rmse-1.2214, valid_pr-0.7516
2022-11-27 07:13:21 - INFO - epoch-198, train_loss-0.1346, train_rmse-0.3668, valid_rmse-1.2784, valid_pr-0.7394
2022-11-27 07:13:34 - INFO - epoch-199, train_loss-0.1504, train_rmse-0.3878, valid_rmse-1.2524, valid_pr-0.7474
2022-11-27 07:13:48 - INFO - epoch-200, train_loss-0.1465, train_rmse-0.3827, valid_rmse-1.2543, valid_pr-0.7389
2022-11-27 07:14:01 - INFO - epoch-201, train_loss-0.1385, train_rmse-0.3722, valid_rmse-1.2347, valid_pr-0.7439
2022-11-27 07:14:14 - INFO - epoch-202, train_loss-0.1454, train_rmse-0.3813, valid_rmse-1.2220, valid_pr-0.7555
2022-11-27 07:14:27 - INFO - epoch-203, train_loss-0.1456, train_rmse-0.3816, valid_rmse-1.3022, valid_pr-0.7360
2022-11-27 07:14:41 - INFO - epoch-204, train_loss-0.1378, train_rmse-0.3712, valid_rmse-1.2746, valid_pr-0.7366
2022-11-27 07:14:54 - INFO - epoch-205, train_loss-0.1295, train_rmse-0.3599, valid_rmse-1.2487, valid_pr-0.7426
2022-11-27 07:15:07 - INFO - epoch-206, train_loss-0.1354, train_rmse-0.3680, valid_rmse-1.2552, valid_pr-0.7506
2022-11-27 07:15:21 - INFO - epoch-207, train_loss-0.1358, train_rmse-0.3686, valid_rmse-1.2773, valid_pr-0.7459
2022-11-27 07:15:35 - INFO - epoch-208, train_loss-0.1372, train_rmse-0.3704, valid_rmse-1.2223, valid_pr-0.7548
2022-11-27 07:15:48 - INFO - epoch-209, train_loss-0.1222, train_rmse-0.3496, valid_rmse-1.2337, valid_pr-0.7498
2022-11-27 07:16:01 - INFO - epoch-210, train_loss-0.1289, train_rmse-0.3590, valid_rmse-1.2325, valid_pr-0.7504
2022-11-27 07:16:16 - INFO - epoch-211, train_loss-0.1300, train_rmse-0.3605, valid_rmse-1.2422, valid_pr-0.7430
2022-11-27 07:17:04 - INFO - epoch-212, train_loss-0.1277, train_rmse-0.3574, valid_rmse-1.2316, valid_pr-0.7487
2022-11-27 07:17:17 - INFO - epoch-213, train_loss-0.1267, train_rmse-0.3559, valid_rmse-1.2415, valid_pr-0.7535
2022-11-27 07:17:31 - INFO - epoch-214, train_loss-0.1298, train_rmse-0.3603, valid_rmse-1.2229, valid_pr-0.7515
2022-11-27 07:17:44 - INFO - epoch-215, train_loss-0.1254, train_rmse-0.3542, valid_rmse-1.2056, valid_pr-0.7574
2022-11-27 07:17:58 - INFO - epoch-216, train_loss-0.1257, train_rmse-0.3545, valid_rmse-1.2487, valid_pr-0.7500
2022-11-27 07:18:11 - INFO - epoch-217, train_loss-0.1315, train_rmse-0.3627, valid_rmse-1.2250, valid_pr-0.7508
2022-11-27 07:18:25 - INFO - epoch-218, train_loss-0.1313, train_rmse-0.3624, valid_rmse-1.2705, valid_pr-0.7437
2022-11-27 07:18:39 - INFO - epoch-219, train_loss-0.1213, train_rmse-0.3483, valid_rmse-1.2709, valid_pr-0.7489
2022-11-27 07:18:53 - INFO - epoch-220, train_loss-0.1269, train_rmse-0.3563, valid_rmse-1.2267, valid_pr-0.7527
2022-11-27 07:19:07 - INFO - epoch-221, train_loss-0.1252, train_rmse-0.3538, valid_rmse-1.2367, valid_pr-0.7564
2022-11-27 07:19:20 - INFO - epoch-222, train_loss-0.1309, train_rmse-0.3619, valid_rmse-1.2252, valid_pr-0.7512
2022-11-27 07:19:34 - INFO - epoch-223, train_loss-0.1296, train_rmse-0.3599, valid_rmse-1.2437, valid_pr-0.7451
2022-11-27 07:19:48 - INFO - epoch-224, train_loss-0.1199, train_rmse-0.3462, valid_rmse-1.2108, valid_pr-0.7560
2022-11-27 07:20:02 - INFO - epoch-225, train_loss-0.1217, train_rmse-0.3488, valid_rmse-1.2339, valid_pr-0.7445
2022-11-27 07:20:16 - INFO - epoch-226, train_loss-0.1246, train_rmse-0.3530, valid_rmse-1.2138, valid_pr-0.7571
2022-11-27 07:20:31 - INFO - epoch-227, train_loss-0.1147, train_rmse-0.3387, valid_rmse-1.2191, valid_pr-0.7528
2022-11-27 07:20:47 - INFO - epoch-228, train_loss-0.1119, train_rmse-0.3345, valid_rmse-1.2202, valid_pr-0.7554
2022-11-27 07:21:01 - INFO - epoch-229, train_loss-0.1191, train_rmse-0.3452, valid_rmse-1.2284, valid_pr-0.7511
2022-11-27 07:21:15 - INFO - epoch-230, train_loss-0.1246, train_rmse-0.3529, valid_rmse-1.2233, valid_pr-0.7493
2022-11-27 07:21:29 - INFO - epoch-231, train_loss-0.1278, train_rmse-0.3575, valid_rmse-1.2268, valid_pr-0.7526
2022-11-27 07:21:42 - INFO - epoch-232, train_loss-0.1144, train_rmse-0.3382, valid_rmse-1.2247, valid_pr-0.7552
2022-11-27 07:22:03 - INFO - epoch-233, train_loss-0.1175, train_rmse-0.3428, valid_rmse-1.2208, valid_pr-0.7512
2022-11-27 07:22:37 - INFO - epoch-234, train_loss-0.1111, train_rmse-0.3333, valid_rmse-1.2347, valid_pr-0.7470
2022-11-27 07:22:51 - INFO - epoch-235, train_loss-0.1357, train_rmse-0.3684, valid_rmse-1.2155, valid_pr-0.7530
2022-11-27 07:23:04 - INFO - epoch-236, train_loss-0.1243, train_rmse-0.3526, valid_rmse-1.2144, valid_pr-0.7548
2022-11-27 07:23:17 - INFO - epoch-237, train_loss-0.1164, train_rmse-0.3411, valid_rmse-1.2343, valid_pr-0.7483
2022-11-27 07:23:32 - INFO - epoch-238, train_loss-0.1057, train_rmse-0.3251, valid_rmse-1.2412, valid_pr-0.7484
2022-11-27 07:23:47 - INFO - epoch-239, train_loss-0.1136, train_rmse-0.3370, valid_rmse-1.2151, valid_pr-0.7541
2022-11-27 07:24:01 - INFO - epoch-240, train_loss-0.1186, train_rmse-0.3444, valid_rmse-1.2319, valid_pr-0.7517
2022-11-27 07:24:14 - INFO - epoch-241, train_loss-0.1232, train_rmse-0.3510, valid_rmse-1.2269, valid_pr-0.7496
2022-11-27 07:24:29 - INFO - epoch-242, train_loss-0.1161, train_rmse-0.3407, valid_rmse-1.2251, valid_pr-0.7514
2022-11-27 07:24:42 - INFO - epoch-243, train_loss-0.1252, train_rmse-0.3539, valid_rmse-1.2320, valid_pr-0.7462
2022-11-27 07:24:56 - INFO - epoch-244, train_loss-0.1141, train_rmse-0.3378, valid_rmse-1.2340, valid_pr-0.7523
2022-11-27 07:25:10 - INFO - epoch-245, train_loss-0.1194, train_rmse-0.3455, valid_rmse-1.2224, valid_pr-0.7512
2022-11-27 07:25:23 - INFO - epoch-246, train_loss-0.1138, train_rmse-0.3374, valid_rmse-1.2314, valid_pr-0.7462
2022-11-27 07:25:37 - INFO - epoch-247, train_loss-0.1184, train_rmse-0.3440, valid_rmse-1.2475, valid_pr-0.7440
2022-11-27 07:25:50 - INFO - epoch-248, train_loss-0.1098, train_rmse-0.3314, valid_rmse-1.2258, valid_pr-0.7499
2022-11-27 07:26:04 - INFO - epoch-249, train_loss-0.1152, train_rmse-0.3395, valid_rmse-1.2355, valid_pr-0.7487
2022-11-27 07:26:18 - INFO - epoch-250, train_loss-0.1127, train_rmse-0.3357, valid_rmse-1.2272, valid_pr-0.7480
2022-11-27 07:26:31 - INFO - epoch-251, train_loss-0.1158, train_rmse-0.3403, valid_rmse-1.2576, valid_pr-0.7396
2022-11-27 07:26:45 - INFO - epoch-252, train_loss-0.1133, train_rmse-0.3366, valid_rmse-1.2296, valid_pr-0.7509
2022-11-27 07:26:58 - INFO - epoch-253, train_loss-0.1088, train_rmse-0.3299, valid_rmse-1.2470, valid_pr-0.7406
2022-11-27 07:27:12 - INFO - epoch-254, train_loss-0.1011, train_rmse-0.3180, valid_rmse-1.2350, valid_pr-0.7459
2022-11-27 07:27:26 - INFO - epoch-255, train_loss-0.1186, train_rmse-0.3444, valid_rmse-1.2416, valid_pr-0.7441
2022-11-27 07:27:40 - INFO - epoch-256, train_loss-0.1065, train_rmse-0.3264, valid_rmse-1.2328, valid_pr-0.7445
2022-11-27 07:27:54 - INFO - epoch-257, train_loss-0.1184, train_rmse-0.3441, valid_rmse-1.2421, valid_pr-0.7462
2022-11-27 07:28:07 - INFO - epoch-258, train_loss-0.1030, train_rmse-0.3209, valid_rmse-1.2293, valid_pr-0.7485
2022-11-27 07:28:20 - INFO - epoch-259, train_loss-0.0982, train_rmse-0.3134, valid_rmse-1.2398, valid_pr-0.7417
2022-11-27 07:28:33 - INFO - epoch-260, train_loss-0.1131, train_rmse-0.3363, valid_rmse-1.2355, valid_pr-0.7451
2022-11-27 07:28:47 - INFO - epoch-261, train_loss-0.1049, train_rmse-0.3239, valid_rmse-1.2334, valid_pr-0.7467
2022-11-27 07:29:00 - INFO - epoch-262, train_loss-0.1030, train_rmse-0.3210, valid_rmse-1.2494, valid_pr-0.7467
2022-11-27 07:29:13 - INFO - epoch-263, train_loss-0.0998, train_rmse-0.3159, valid_rmse-1.2368, valid_pr-0.7452
2022-11-27 07:29:27 - INFO - epoch-264, train_loss-0.1110, train_rmse-0.3332, valid_rmse-1.2275, valid_pr-0.7496
2022-11-27 07:29:40 - INFO - epoch-265, train_loss-0.1121, train_rmse-0.3348, valid_rmse-1.2661, valid_pr-0.7474
2022-11-27 07:29:53 - INFO - epoch-266, train_loss-0.1033, train_rmse-0.3213, valid_rmse-1.2351, valid_pr-0.7500
2022-11-27 07:30:07 - INFO - epoch-267, train_loss-0.1071, train_rmse-0.3272, valid_rmse-1.2277, valid_pr-0.7474
2022-11-27 07:30:20 - INFO - epoch-268, train_loss-0.1141, train_rmse-0.3378, valid_rmse-1.2251, valid_pr-0.7496
2022-11-27 07:30:34 - INFO - epoch-269, train_loss-0.0932, train_rmse-0.3053, valid_rmse-1.2202, valid_pr-0.7524
2022-11-27 07:30:48 - INFO - epoch-270, train_loss-0.1025, train_rmse-0.3201, valid_rmse-1.2324, valid_pr-0.7448
2022-11-27 07:31:01 - INFO - epoch-271, train_loss-0.1201, train_rmse-0.3466, valid_rmse-1.2395, valid_pr-0.7427
2022-11-27 07:31:15 - INFO - epoch-272, train_loss-0.1128, train_rmse-0.3359, valid_rmse-1.2290, valid_pr-0.7478
2022-11-27 07:31:29 - INFO - epoch-273, train_loss-0.1147, train_rmse-0.3387, valid_rmse-1.2154, valid_pr-0.7537
2022-11-27 07:31:43 - INFO - epoch-274, train_loss-0.0954, train_rmse-0.3088, valid_rmse-1.2328, valid_pr-0.7494
2022-11-27 07:31:56 - INFO - epoch-275, train_loss-0.1069, train_rmse-0.3270, valid_rmse-1.2108, valid_pr-0.7554
2022-11-27 07:32:10 - INFO - epoch-276, train_loss-0.0919, train_rmse-0.3031, valid_rmse-1.2205, valid_pr-0.7514
2022-11-27 07:32:24 - INFO - epoch-277, train_loss-0.0929, train_rmse-0.3047, valid_rmse-1.2074, valid_pr-0.7575
2022-11-27 07:32:38 - INFO - epoch-278, train_loss-0.0971, train_rmse-0.3115, valid_rmse-1.2479, valid_pr-0.7521
2022-11-27 07:32:53 - INFO - epoch-279, train_loss-0.1021, train_rmse-0.3195, valid_rmse-1.2287, valid_pr-0.7546
2022-11-27 07:33:10 - INFO - epoch-280, train_loss-0.1012, train_rmse-0.3182, valid_rmse-1.2469, valid_pr-0.7486
2022-11-27 07:33:24 - INFO - epoch-281, train_loss-0.0955, train_rmse-0.3090, valid_rmse-1.2538, valid_pr-0.7477
2022-11-27 07:33:38 - INFO - epoch-282, train_loss-0.0917, train_rmse-0.3028, valid_rmse-1.2898, valid_pr-0.7382
2022-11-27 07:33:51 - INFO - epoch-283, train_loss-0.1052, train_rmse-0.3243, valid_rmse-1.2207, valid_pr-0.7504
2022-11-27 07:34:05 - INFO - epoch-284, train_loss-0.1034, train_rmse-0.3216, valid_rmse-1.2144, valid_pr-0.7551
2022-11-27 07:34:18 - INFO - epoch-285, train_loss-0.0959, train_rmse-0.3097, valid_rmse-1.2404, valid_pr-0.7475
2022-11-27 07:34:31 - INFO - epoch-286, train_loss-0.0948, train_rmse-0.3079, valid_rmse-1.2313, valid_pr-0.7465
2022-11-27 07:34:45 - INFO - epoch-287, train_loss-0.0911, train_rmse-0.3018, valid_rmse-1.2377, valid_pr-0.7500
2022-11-27 07:34:58 - INFO - epoch-288, train_loss-0.0897, train_rmse-0.2995, valid_rmse-1.2354, valid_pr-0.7444
2022-11-27 07:35:12 - INFO - epoch-289, train_loss-0.0991, train_rmse-0.3148, valid_rmse-1.2373, valid_pr-0.7450
2022-11-27 07:35:25 - INFO - epoch-290, train_loss-0.0954, train_rmse-0.3089, valid_rmse-1.2355, valid_pr-0.7436
2022-11-27 07:35:39 - INFO - epoch-291, train_loss-0.1029, train_rmse-0.3208, valid_rmse-1.2906, valid_pr-0.7373
2022-11-27 07:35:53 - INFO - epoch-292, train_loss-0.1081, train_rmse-0.3288, valid_rmse-1.2259, valid_pr-0.7545
2022-11-27 07:36:06 - INFO - epoch-293, train_loss-0.1040, train_rmse-0.3225, valid_rmse-1.2676, valid_pr-0.7400
2022-11-27 07:36:20 - INFO - epoch-294, train_loss-0.0988, train_rmse-0.3143, valid_rmse-1.2320, valid_pr-0.7453
2022-11-27 07:36:33 - INFO - epoch-295, train_loss-0.1113, train_rmse-0.3336, valid_rmse-1.2293, valid_pr-0.7476
2022-11-27 07:36:47 - INFO - epoch-296, train_loss-0.1042, train_rmse-0.3229, valid_rmse-1.2277, valid_pr-0.7511
2022-11-27 07:37:00 - INFO - epoch-297, train_loss-0.1037, train_rmse-0.3220, valid_rmse-1.2258, valid_pr-0.7507
2022-11-27 07:37:14 - INFO - epoch-298, train_loss-0.1025, train_rmse-0.3201, valid_rmse-1.2562, valid_pr-0.7447
2022-11-27 07:37:27 - INFO - epoch-299, train_loss-0.0861, train_rmse-0.2935, valid_rmse-1.2190, valid_pr-0.7567
2022-11-27 07:37:41 - INFO - epoch-300, train_loss-0.0898, train_rmse-0.2997, valid_rmse-1.2367, valid_pr-0.7458
2022-11-27 07:37:54 - INFO - epoch-301, train_loss-0.0939, train_rmse-0.3064, valid_rmse-1.2390, valid_pr-0.7452
2022-11-27 07:38:07 - INFO - epoch-302, train_loss-0.1062, train_rmse-0.3259, valid_rmse-1.2247, valid_pr-0.7494
2022-11-27 07:38:21 - INFO - epoch-303, train_loss-0.0984, train_rmse-0.3136, valid_rmse-1.2438, valid_pr-0.7437
2022-11-27 07:38:35 - INFO - epoch-304, train_loss-0.1004, train_rmse-0.3169, valid_rmse-1.2730, valid_pr-0.7267
2022-11-27 07:38:48 - INFO - epoch-305, train_loss-0.1163, train_rmse-0.3411, valid_rmse-1.2583, valid_pr-0.7357
2022-11-27 07:39:02 - INFO - epoch-306, train_loss-0.1081, train_rmse-0.3287, valid_rmse-1.2327, valid_pr-0.7458
2022-11-27 07:39:15 - INFO - epoch-307, train_loss-0.1211, train_rmse-0.3479, valid_rmse-1.2529, valid_pr-0.7419
2022-11-27 07:39:29 - INFO - epoch-308, train_loss-0.1241, train_rmse-0.3523, valid_rmse-1.2307, valid_pr-0.7490
2022-11-27 07:39:42 - INFO - epoch-309, train_loss-0.1042, train_rmse-0.3228, valid_rmse-1.2187, valid_pr-0.7526
2022-11-27 07:39:56 - INFO - epoch-310, train_loss-0.0886, train_rmse-0.2977, valid_rmse-1.2212, valid_pr-0.7500
2022-11-27 07:40:10 - INFO - epoch-311, train_loss-0.0943, train_rmse-0.3071, valid_rmse-1.2312, valid_pr-0.7491
2022-11-27 07:40:23 - INFO - epoch-312, train_loss-0.0827, train_rmse-0.2876, valid_rmse-1.2324, valid_pr-0.7477
2022-11-27 07:40:37 - INFO - epoch-313, train_loss-0.0848, train_rmse-0.2913, valid_rmse-1.2380, valid_pr-0.7493
2022-11-27 07:40:50 - INFO - epoch-314, train_loss-0.0904, train_rmse-0.3007, valid_rmse-1.2428, valid_pr-0.7466
2022-11-27 07:41:04 - INFO - epoch-315, train_loss-0.0872, train_rmse-0.2953, valid_rmse-1.2502, valid_pr-0.7403
2022-11-27 07:41:17 - INFO - epoch-316, train_loss-0.0812, train_rmse-0.2850, valid_rmse-1.2326, valid_pr-0.7481
2022-11-27 07:41:17 - INFO - early stop in epoch 316
2022-11-27 07:41:17 - INFO - best_rmse: 1.2056
2022-11-27 07:41:28 - INFO - valid_rmse-1.2056, valid_pr-0.7574, test2013_rmse-1.5216, test2013_pr-0.7680, test2016_rmse-1.3087, test2016_pr-0.8052, test2019_rmse-1.3881, test2019_pr-0.6367,
