2022-11-21 08:57:11 - INFO - /home/yangziduo/project/drug/GIGN_git/train_GIGN.py
2022-11-21 08:57:11 - INFO - train data: 11904
2022-11-21 08:57:11 - INFO - valid data: 1000
2022-11-21 08:57:11 - INFO - test2013 data: 107
2022-11-21 08:57:11 - INFO - test2016 data: 285
2022-11-21 08:57:11 - INFO - test2019 data: 4366
2022-11-21 08:57:18 - INFO - epoch-0, train_loss-39.6000, train_rmse-6.2929, valid_rmse-4.2983, valid_pr-0.4856
2022-11-21 08:57:25 - INFO - epoch-1, train_loss-24.0234, train_rmse-4.9014, valid_rmse-3.1742, valid_pr-0.4651
2022-11-21 08:57:32 - INFO - epoch-2, train_loss-7.0776, train_rmse-2.6604, valid_rmse-1.7194, valid_pr-0.5206
2022-11-21 08:57:39 - INFO - epoch-3, train_loss-3.2213, train_rmse-1.7948, valid_rmse-1.5648, valid_pr-0.5441
2022-11-21 08:57:46 - INFO - epoch-4, train_loss-2.9860, train_rmse-1.7280, valid_rmse-1.5029, valid_pr-0.5946
2022-11-21 08:57:53 - INFO - epoch-5, train_loss-2.7705, train_rmse-1.6645, valid_rmse-1.5040, valid_pr-0.5882
2022-11-21 08:58:00 - INFO - epoch-6, train_loss-2.6598, train_rmse-1.6309, valid_rmse-1.4386, valid_pr-0.6462
2022-11-21 08:58:07 - INFO - epoch-7, train_loss-2.5900, train_rmse-1.6094, valid_rmse-1.4191, valid_pr-0.6426
2022-11-21 08:58:14 - INFO - epoch-8, train_loss-2.5773, train_rmse-1.6054, valid_rmse-1.3741, valid_pr-0.6729
2022-11-21 08:58:21 - INFO - epoch-9, train_loss-2.4884, train_rmse-1.5775, valid_rmse-1.4321, valid_pr-0.6446
2022-11-21 08:58:28 - INFO - epoch-10, train_loss-2.4433, train_rmse-1.5631, valid_rmse-1.3691, valid_pr-0.6726
2022-11-21 08:58:35 - INFO - epoch-11, train_loss-2.3616, train_rmse-1.5368, valid_rmse-1.4013, valid_pr-0.6535
2022-11-21 08:58:42 - INFO - epoch-12, train_loss-2.2513, train_rmse-1.5004, valid_rmse-1.3511, valid_pr-0.6815
2022-11-21 08:58:49 - INFO - epoch-13, train_loss-2.2546, train_rmse-1.5015, valid_rmse-1.3471, valid_pr-0.7014
2022-11-21 08:58:56 - INFO - epoch-14, train_loss-2.1313, train_rmse-1.4599, valid_rmse-1.3851, valid_pr-0.6809
2022-11-21 08:59:03 - INFO - epoch-15, train_loss-2.1678, train_rmse-1.4724, valid_rmse-1.3740, valid_pr-0.6818
2022-11-21 08:59:10 - INFO - epoch-16, train_loss-2.0846, train_rmse-1.4438, valid_rmse-1.3120, valid_pr-0.7047
2022-11-21 08:59:16 - INFO - epoch-17, train_loss-2.0343, train_rmse-1.4263, valid_rmse-1.3659, valid_pr-0.6824
2022-11-21 08:59:23 - INFO - epoch-18, train_loss-1.9698, train_rmse-1.4035, valid_rmse-1.3258, valid_pr-0.6974
2022-11-21 08:59:31 - INFO - epoch-19, train_loss-1.9255, train_rmse-1.3876, valid_rmse-1.3344, valid_pr-0.6951
2022-11-21 08:59:37 - INFO - epoch-20, train_loss-1.9257, train_rmse-1.3877, valid_rmse-1.3447, valid_pr-0.6885
2022-11-21 08:59:44 - INFO - epoch-21, train_loss-1.8955, train_rmse-1.3768, valid_rmse-1.3120, valid_pr-0.7149
2022-11-21 08:59:51 - INFO - epoch-22, train_loss-1.8095, train_rmse-1.3452, valid_rmse-1.3267, valid_pr-0.6980
2022-11-21 08:59:58 - INFO - epoch-23, train_loss-1.8043, train_rmse-1.3433, valid_rmse-1.2649, valid_pr-0.7323
2022-11-21 09:00:05 - INFO - epoch-24, train_loss-1.7984, train_rmse-1.3410, valid_rmse-1.2853, valid_pr-0.7275
2022-11-21 09:00:12 - INFO - epoch-25, train_loss-1.7144, train_rmse-1.3094, valid_rmse-1.2982, valid_pr-0.7180
2022-11-21 09:00:19 - INFO - epoch-26, train_loss-1.6257, train_rmse-1.2750, valid_rmse-1.3271, valid_pr-0.7155
2022-11-21 09:00:26 - INFO - epoch-27, train_loss-1.6449, train_rmse-1.2825, valid_rmse-1.2796, valid_pr-0.7226
2022-11-21 09:00:33 - INFO - epoch-28, train_loss-1.6384, train_rmse-1.2800, valid_rmse-1.2751, valid_pr-0.7285
2022-11-21 09:00:40 - INFO - epoch-29, train_loss-1.5641, train_rmse-1.2506, valid_rmse-1.2501, valid_pr-0.7365
2022-11-21 09:00:47 - INFO - epoch-30, train_loss-1.5310, train_rmse-1.2373, valid_rmse-1.2674, valid_pr-0.7313
2022-11-21 09:00:54 - INFO - epoch-31, train_loss-1.4818, train_rmse-1.2173, valid_rmse-1.2961, valid_pr-0.7155
2022-11-21 09:01:00 - INFO - epoch-32, train_loss-1.4997, train_rmse-1.2246, valid_rmse-1.3468, valid_pr-0.7105
2022-11-21 09:01:08 - INFO - epoch-33, train_loss-1.4580, train_rmse-1.2075, valid_rmse-1.2765, valid_pr-0.7269
2022-11-21 09:01:15 - INFO - epoch-34, train_loss-1.4022, train_rmse-1.1841, valid_rmse-1.2621, valid_pr-0.7342
2022-11-21 09:01:22 - INFO - epoch-35, train_loss-1.3317, train_rmse-1.1540, valid_rmse-1.2632, valid_pr-0.7350
2022-11-21 09:01:29 - INFO - epoch-36, train_loss-1.3497, train_rmse-1.1618, valid_rmse-1.2778, valid_pr-0.7367
2022-11-21 09:01:36 - INFO - epoch-37, train_loss-1.3176, train_rmse-1.1479, valid_rmse-1.2767, valid_pr-0.7355
2022-11-21 09:01:42 - INFO - epoch-38, train_loss-1.2855, train_rmse-1.1338, valid_rmse-1.2992, valid_pr-0.7333
2022-11-21 09:01:49 - INFO - epoch-39, train_loss-1.2883, train_rmse-1.1351, valid_rmse-1.2564, valid_pr-0.7348
2022-11-21 09:01:56 - INFO - epoch-40, train_loss-1.2222, train_rmse-1.1055, valid_rmse-1.2717, valid_pr-0.7378
2022-11-21 09:02:03 - INFO - epoch-41, train_loss-1.2125, train_rmse-1.1012, valid_rmse-1.2599, valid_pr-0.7409
2022-11-21 09:02:10 - INFO - epoch-42, train_loss-1.1819, train_rmse-1.0871, valid_rmse-1.2625, valid_pr-0.7353
2022-11-21 09:02:17 - INFO - epoch-43, train_loss-1.1508, train_rmse-1.0727, valid_rmse-1.2714, valid_pr-0.7347
2022-11-21 09:02:24 - INFO - epoch-44, train_loss-1.1463, train_rmse-1.0706, valid_rmse-1.2330, valid_pr-0.7528
2022-11-21 09:02:31 - INFO - epoch-45, train_loss-1.1310, train_rmse-1.0635, valid_rmse-1.2527, valid_pr-0.7433
2022-11-21 09:02:38 - INFO - epoch-46, train_loss-1.1033, train_rmse-1.0504, valid_rmse-1.2586, valid_pr-0.7431
2022-11-21 09:02:45 - INFO - epoch-47, train_loss-1.0612, train_rmse-1.0302, valid_rmse-1.2568, valid_pr-0.7493
2022-11-21 09:02:52 - INFO - epoch-48, train_loss-1.0227, train_rmse-1.0113, valid_rmse-1.2781, valid_pr-0.7346
2022-11-21 09:02:59 - INFO - epoch-49, train_loss-1.0124, train_rmse-1.0062, valid_rmse-1.2548, valid_pr-0.7468
2022-11-21 09:03:06 - INFO - epoch-50, train_loss-1.0147, train_rmse-1.0073, valid_rmse-1.2467, valid_pr-0.7487
2022-11-21 09:03:13 - INFO - epoch-51, train_loss-0.9772, train_rmse-0.9886, valid_rmse-1.2116, valid_pr-0.7583
2022-11-21 09:03:20 - INFO - epoch-52, train_loss-0.9616, train_rmse-0.9806, valid_rmse-1.2441, valid_pr-0.7475
2022-11-21 09:03:27 - INFO - epoch-53, train_loss-0.9482, train_rmse-0.9737, valid_rmse-1.2387, valid_pr-0.7511
2022-11-21 09:03:34 - INFO - epoch-54, train_loss-0.9197, train_rmse-0.9590, valid_rmse-1.2675, valid_pr-0.7431
2022-11-21 09:03:41 - INFO - epoch-55, train_loss-0.8981, train_rmse-0.9477, valid_rmse-1.2254, valid_pr-0.7518
2022-11-21 09:03:48 - INFO - epoch-56, train_loss-0.9044, train_rmse-0.9510, valid_rmse-1.2298, valid_pr-0.7500
2022-11-21 09:03:55 - INFO - epoch-57, train_loss-0.8769, train_rmse-0.9364, valid_rmse-1.2921, valid_pr-0.7345
2022-11-21 09:04:02 - INFO - epoch-58, train_loss-0.8461, train_rmse-0.9198, valid_rmse-1.2433, valid_pr-0.7578
2022-11-21 09:04:09 - INFO - epoch-59, train_loss-0.8438, train_rmse-0.9186, valid_rmse-1.2963, valid_pr-0.7354
2022-11-21 09:04:16 - INFO - epoch-60, train_loss-0.8371, train_rmse-0.9149, valid_rmse-1.2495, valid_pr-0.7494
2022-11-21 09:04:22 - INFO - epoch-61, train_loss-0.8001, train_rmse-0.8945, valid_rmse-1.2891, valid_pr-0.7317
2022-11-21 09:04:29 - INFO - epoch-62, train_loss-0.7781, train_rmse-0.8821, valid_rmse-1.2350, valid_pr-0.7502
2022-11-21 09:04:36 - INFO - epoch-63, train_loss-0.7616, train_rmse-0.8727, valid_rmse-1.2475, valid_pr-0.7497
2022-11-21 09:04:43 - INFO - epoch-64, train_loss-0.7538, train_rmse-0.8682, valid_rmse-1.2940, valid_pr-0.7299
2022-11-21 09:04:50 - INFO - epoch-65, train_loss-0.7540, train_rmse-0.8683, valid_rmse-1.2708, valid_pr-0.7358
2022-11-21 09:04:57 - INFO - epoch-66, train_loss-0.7542, train_rmse-0.8685, valid_rmse-1.2562, valid_pr-0.7449
2022-11-21 09:05:04 - INFO - epoch-67, train_loss-0.7206, train_rmse-0.8489, valid_rmse-1.2670, valid_pr-0.7397
2022-11-21 09:05:11 - INFO - epoch-68, train_loss-0.7024, train_rmse-0.8381, valid_rmse-1.2391, valid_pr-0.7506
2022-11-21 09:05:18 - INFO - epoch-69, train_loss-0.7113, train_rmse-0.8434, valid_rmse-1.2723, valid_pr-0.7346
2022-11-21 09:05:25 - INFO - epoch-70, train_loss-0.7172, train_rmse-0.8469, valid_rmse-1.2364, valid_pr-0.7459
2022-11-21 09:05:32 - INFO - epoch-71, train_loss-0.6732, train_rmse-0.8205, valid_rmse-1.2821, valid_pr-0.7442
2022-11-21 09:05:39 - INFO - epoch-72, train_loss-0.6750, train_rmse-0.8216, valid_rmse-1.2516, valid_pr-0.7489
2022-11-21 09:05:46 - INFO - epoch-73, train_loss-0.6542, train_rmse-0.8088, valid_rmse-1.2381, valid_pr-0.7516
2022-11-21 09:05:53 - INFO - epoch-74, train_loss-0.6401, train_rmse-0.8000, valid_rmse-1.2556, valid_pr-0.7484
2022-11-21 09:05:59 - INFO - epoch-75, train_loss-0.6281, train_rmse-0.7925, valid_rmse-1.2933, valid_pr-0.7442
2022-11-21 09:06:06 - INFO - epoch-76, train_loss-0.6324, train_rmse-0.7952, valid_rmse-1.2480, valid_pr-0.7462
2022-11-21 09:06:13 - INFO - epoch-77, train_loss-0.6309, train_rmse-0.7943, valid_rmse-1.2360, valid_pr-0.7527
2022-11-21 09:06:20 - INFO - epoch-78, train_loss-0.6198, train_rmse-0.7873, valid_rmse-1.2419, valid_pr-0.7621
2022-11-21 09:06:27 - INFO - epoch-79, train_loss-0.6053, train_rmse-0.7780, valid_rmse-1.2512, valid_pr-0.7506
2022-11-21 09:06:34 - INFO - epoch-80, train_loss-0.5934, train_rmse-0.7703, valid_rmse-1.2283, valid_pr-0.7579
2022-11-21 09:06:41 - INFO - epoch-81, train_loss-0.5827, train_rmse-0.7633, valid_rmse-1.2423, valid_pr-0.7558
2022-11-21 09:06:48 - INFO - epoch-82, train_loss-0.5783, train_rmse-0.7605, valid_rmse-1.2580, valid_pr-0.7422
2022-11-21 09:06:55 - INFO - epoch-83, train_loss-0.5462, train_rmse-0.7391, valid_rmse-1.2357, valid_pr-0.7541
2022-11-21 09:07:02 - INFO - epoch-84, train_loss-0.5376, train_rmse-0.7332, valid_rmse-1.2572, valid_pr-0.7516
2022-11-21 09:07:09 - INFO - epoch-85, train_loss-0.5450, train_rmse-0.7382, valid_rmse-1.2701, valid_pr-0.7430
2022-11-21 09:07:16 - INFO - epoch-86, train_loss-0.5582, train_rmse-0.7471, valid_rmse-1.2461, valid_pr-0.7534
2022-11-21 09:07:22 - INFO - epoch-87, train_loss-0.5320, train_rmse-0.7294, valid_rmse-1.2371, valid_pr-0.7520
2022-11-21 09:07:29 - INFO - epoch-88, train_loss-0.5305, train_rmse-0.7283, valid_rmse-1.2390, valid_pr-0.7563
2022-11-21 09:07:36 - INFO - epoch-89, train_loss-0.5383, train_rmse-0.7337, valid_rmse-1.2448, valid_pr-0.7468
2022-11-21 09:07:43 - INFO - epoch-90, train_loss-0.5118, train_rmse-0.7154, valid_rmse-1.2463, valid_pr-0.7509
2022-11-21 09:07:50 - INFO - epoch-91, train_loss-0.5135, train_rmse-0.7166, valid_rmse-1.2244, valid_pr-0.7592
2022-11-21 09:07:57 - INFO - epoch-92, train_loss-0.5025, train_rmse-0.7089, valid_rmse-1.2531, valid_pr-0.7474
2022-11-21 09:08:04 - INFO - epoch-93, train_loss-0.5078, train_rmse-0.7126, valid_rmse-1.2494, valid_pr-0.7537
2022-11-21 09:08:11 - INFO - epoch-94, train_loss-0.5062, train_rmse-0.7115, valid_rmse-1.2518, valid_pr-0.7492
2022-11-21 09:08:18 - INFO - epoch-95, train_loss-0.4969, train_rmse-0.7049, valid_rmse-1.2210, valid_pr-0.7576
2022-11-21 09:08:25 - INFO - epoch-96, train_loss-0.4736, train_rmse-0.6882, valid_rmse-1.2246, valid_pr-0.7588
2022-11-21 09:08:32 - INFO - epoch-97, train_loss-0.4500, train_rmse-0.6708, valid_rmse-1.2446, valid_pr-0.7535
2022-11-21 09:08:38 - INFO - epoch-98, train_loss-0.4686, train_rmse-0.6846, valid_rmse-1.2336, valid_pr-0.7557
2022-11-21 09:08:45 - INFO - epoch-99, train_loss-0.4670, train_rmse-0.6834, valid_rmse-1.2186, valid_pr-0.7593
2022-11-21 09:08:52 - INFO - epoch-100, train_loss-0.4493, train_rmse-0.6703, valid_rmse-1.2171, valid_pr-0.7582
2022-11-21 09:08:59 - INFO - epoch-101, train_loss-0.4581, train_rmse-0.6769, valid_rmse-1.2164, valid_pr-0.7581
2022-11-21 09:09:06 - INFO - epoch-102, train_loss-0.4690, train_rmse-0.6848, valid_rmse-1.2330, valid_pr-0.7549
2022-11-21 09:09:13 - INFO - epoch-103, train_loss-0.4547, train_rmse-0.6743, valid_rmse-1.2020, valid_pr-0.7717
2022-11-21 09:09:20 - INFO - epoch-104, train_loss-0.4350, train_rmse-0.6595, valid_rmse-1.2231, valid_pr-0.7601
2022-11-21 09:09:27 - INFO - epoch-105, train_loss-0.4281, train_rmse-0.6543, valid_rmse-1.1895, valid_pr-0.7731
2022-11-21 09:09:34 - INFO - epoch-106, train_loss-0.4512, train_rmse-0.6717, valid_rmse-1.2237, valid_pr-0.7583
2022-11-21 09:09:41 - INFO - epoch-107, train_loss-0.4257, train_rmse-0.6525, valid_rmse-1.1927, valid_pr-0.7702
2022-11-21 09:09:48 - INFO - epoch-108, train_loss-0.4132, train_rmse-0.6428, valid_rmse-1.2206, valid_pr-0.7592
2022-11-21 09:09:55 - INFO - epoch-109, train_loss-0.4305, train_rmse-0.6561, valid_rmse-1.2506, valid_pr-0.7502
2022-11-21 09:10:02 - INFO - epoch-110, train_loss-0.4132, train_rmse-0.6428, valid_rmse-1.2224, valid_pr-0.7608
2022-11-21 09:10:09 - INFO - epoch-111, train_loss-0.3981, train_rmse-0.6310, valid_rmse-1.2430, valid_pr-0.7510
2022-11-21 09:10:15 - INFO - epoch-112, train_loss-0.3979, train_rmse-0.6308, valid_rmse-1.2233, valid_pr-0.7592
2022-11-21 09:10:22 - INFO - epoch-113, train_loss-0.4021, train_rmse-0.6341, valid_rmse-1.2084, valid_pr-0.7639
2022-11-21 09:10:29 - INFO - epoch-114, train_loss-0.3881, train_rmse-0.6230, valid_rmse-1.1951, valid_pr-0.7688
2022-11-21 09:10:36 - INFO - epoch-115, train_loss-0.3969, train_rmse-0.6300, valid_rmse-1.2147, valid_pr-0.7621
2022-11-21 09:10:43 - INFO - epoch-116, train_loss-0.3955, train_rmse-0.6289, valid_rmse-1.2177, valid_pr-0.7669
2022-11-21 09:10:50 - INFO - epoch-117, train_loss-0.3912, train_rmse-0.6255, valid_rmse-1.2367, valid_pr-0.7570
2022-11-21 09:10:57 - INFO - epoch-118, train_loss-0.3953, train_rmse-0.6287, valid_rmse-1.2065, valid_pr-0.7658
2022-11-21 09:11:04 - INFO - epoch-119, train_loss-0.3925, train_rmse-0.6265, valid_rmse-1.2205, valid_pr-0.7575
2022-11-21 09:11:10 - INFO - epoch-120, train_loss-0.3742, train_rmse-0.6117, valid_rmse-1.2226, valid_pr-0.7554
2022-11-21 09:11:17 - INFO - epoch-121, train_loss-0.3772, train_rmse-0.6142, valid_rmse-1.2121, valid_pr-0.7617
2022-11-21 09:11:24 - INFO - epoch-122, train_loss-0.3613, train_rmse-0.6011, valid_rmse-1.2105, valid_pr-0.7643
2022-11-21 09:11:31 - INFO - epoch-123, train_loss-0.3663, train_rmse-0.6052, valid_rmse-1.2154, valid_pr-0.7627
2022-11-21 09:11:38 - INFO - epoch-124, train_loss-0.3591, train_rmse-0.5993, valid_rmse-1.2178, valid_pr-0.7622
2022-11-21 09:11:45 - INFO - epoch-125, train_loss-0.3605, train_rmse-0.6004, valid_rmse-1.2172, valid_pr-0.7603
2022-11-21 09:11:52 - INFO - epoch-126, train_loss-0.3457, train_rmse-0.5880, valid_rmse-1.2275, valid_pr-0.7571
2022-11-21 09:11:59 - INFO - epoch-127, train_loss-0.3690, train_rmse-0.6075, valid_rmse-1.2151, valid_pr-0.7597
2022-11-21 09:12:06 - INFO - epoch-128, train_loss-0.3683, train_rmse-0.6069, valid_rmse-1.2157, valid_pr-0.7621
2022-11-21 09:12:13 - INFO - epoch-129, train_loss-0.3549, train_rmse-0.5957, valid_rmse-1.2051, valid_pr-0.7655
2022-11-21 09:12:20 - INFO - epoch-130, train_loss-0.3428, train_rmse-0.5855, valid_rmse-1.2343, valid_pr-0.7515
2022-11-21 09:12:27 - INFO - epoch-131, train_loss-0.3323, train_rmse-0.5764, valid_rmse-1.2143, valid_pr-0.7638
2022-11-21 09:12:34 - INFO - epoch-132, train_loss-0.3410, train_rmse-0.5840, valid_rmse-1.2169, valid_pr-0.7598
2022-11-21 09:12:40 - INFO - epoch-133, train_loss-0.3398, train_rmse-0.5829, valid_rmse-1.2019, valid_pr-0.7658
2022-11-21 09:12:47 - INFO - epoch-134, train_loss-0.3440, train_rmse-0.5865, valid_rmse-1.2127, valid_pr-0.7615
2022-11-21 09:12:54 - INFO - epoch-135, train_loss-0.3267, train_rmse-0.5716, valid_rmse-1.2395, valid_pr-0.7552
2022-11-21 09:13:01 - INFO - epoch-136, train_loss-0.3337, train_rmse-0.5777, valid_rmse-1.2298, valid_pr-0.7610
2022-11-21 09:13:08 - INFO - epoch-137, train_loss-0.3222, train_rmse-0.5676, valid_rmse-1.2348, valid_pr-0.7577
2022-11-21 09:13:15 - INFO - epoch-138, train_loss-0.3276, train_rmse-0.5724, valid_rmse-1.2241, valid_pr-0.7641
2022-11-21 09:13:22 - INFO - epoch-139, train_loss-0.3130, train_rmse-0.5594, valid_rmse-1.2239, valid_pr-0.7616
2022-11-21 09:13:29 - INFO - epoch-140, train_loss-0.3368, train_rmse-0.5803, valid_rmse-1.2074, valid_pr-0.7648
2022-11-21 09:13:36 - INFO - epoch-141, train_loss-0.3134, train_rmse-0.5598, valid_rmse-1.1873, valid_pr-0.7708
2022-11-21 09:13:43 - INFO - epoch-142, train_loss-0.3174, train_rmse-0.5634, valid_rmse-1.2154, valid_pr-0.7606
2022-11-21 09:13:50 - INFO - epoch-143, train_loss-0.3235, train_rmse-0.5687, valid_rmse-1.2022, valid_pr-0.7635
2022-11-21 09:13:56 - INFO - epoch-144, train_loss-0.3162, train_rmse-0.5623, valid_rmse-1.2044, valid_pr-0.7675
2022-11-21 09:14:03 - INFO - epoch-145, train_loss-0.3100, train_rmse-0.5568, valid_rmse-1.2190, valid_pr-0.7594
2022-11-21 09:14:10 - INFO - epoch-146, train_loss-0.3238, train_rmse-0.5691, valid_rmse-1.2002, valid_pr-0.7688
2022-11-21 09:14:17 - INFO - epoch-147, train_loss-0.3156, train_rmse-0.5618, valid_rmse-1.1871, valid_pr-0.7726
2022-11-21 09:14:24 - INFO - epoch-148, train_loss-0.2864, train_rmse-0.5352, valid_rmse-1.1898, valid_pr-0.7728
2022-11-21 09:14:31 - INFO - epoch-149, train_loss-0.2923, train_rmse-0.5407, valid_rmse-1.2315, valid_pr-0.7600
2022-11-21 09:14:38 - INFO - epoch-150, train_loss-0.2929, train_rmse-0.5412, valid_rmse-1.1907, valid_pr-0.7712
2022-11-21 09:14:44 - INFO - epoch-151, train_loss-0.2947, train_rmse-0.5428, valid_rmse-1.1975, valid_pr-0.7718
2022-11-21 09:14:51 - INFO - epoch-152, train_loss-0.2945, train_rmse-0.5427, valid_rmse-1.2006, valid_pr-0.7677
2022-11-21 09:14:58 - INFO - epoch-153, train_loss-0.2879, train_rmse-0.5366, valid_rmse-1.2039, valid_pr-0.7682
2022-11-21 09:15:05 - INFO - epoch-154, train_loss-0.2908, train_rmse-0.5393, valid_rmse-1.1794, valid_pr-0.7770
2022-11-21 09:15:12 - INFO - epoch-155, train_loss-0.2923, train_rmse-0.5406, valid_rmse-1.2030, valid_pr-0.7681
2022-11-21 09:15:19 - INFO - epoch-156, train_loss-0.2994, train_rmse-0.5471, valid_rmse-1.1855, valid_pr-0.7728
2022-11-21 09:15:26 - INFO - epoch-157, train_loss-0.2906, train_rmse-0.5390, valid_rmse-1.2009, valid_pr-0.7714
2022-11-21 09:15:33 - INFO - epoch-158, train_loss-0.2977, train_rmse-0.5456, valid_rmse-1.2029, valid_pr-0.7612
2022-11-21 09:15:40 - INFO - epoch-159, train_loss-0.2819, train_rmse-0.5310, valid_rmse-1.2023, valid_pr-0.7643
2022-11-21 09:15:46 - INFO - epoch-160, train_loss-0.2682, train_rmse-0.5179, valid_rmse-1.1780, valid_pr-0.7789
2022-11-21 09:15:53 - INFO - epoch-161, train_loss-0.2885, train_rmse-0.5371, valid_rmse-1.2162, valid_pr-0.7610
2022-11-21 09:16:00 - INFO - epoch-162, train_loss-0.2676, train_rmse-0.5173, valid_rmse-1.1957, valid_pr-0.7710
2022-11-21 09:16:08 - INFO - epoch-163, train_loss-0.2794, train_rmse-0.5286, valid_rmse-1.1774, valid_pr-0.7767
2022-11-21 09:16:14 - INFO - epoch-164, train_loss-0.2815, train_rmse-0.5306, valid_rmse-1.2129, valid_pr-0.7625
2022-11-21 09:16:21 - INFO - epoch-165, train_loss-0.2738, train_rmse-0.5232, valid_rmse-1.2006, valid_pr-0.7668
2022-11-21 09:16:28 - INFO - epoch-166, train_loss-0.2727, train_rmse-0.5222, valid_rmse-1.1977, valid_pr-0.7677
2022-11-21 09:16:35 - INFO - epoch-167, train_loss-0.2597, train_rmse-0.5096, valid_rmse-1.2032, valid_pr-0.7619
2022-11-21 09:16:42 - INFO - epoch-168, train_loss-0.2657, train_rmse-0.5155, valid_rmse-1.1793, valid_pr-0.7764
2022-11-21 09:16:49 - INFO - epoch-169, train_loss-0.2623, train_rmse-0.5121, valid_rmse-1.2004, valid_pr-0.7667
2022-11-21 09:16:56 - INFO - epoch-170, train_loss-0.2668, train_rmse-0.5165, valid_rmse-1.1899, valid_pr-0.7709
2022-11-21 09:17:03 - INFO - epoch-171, train_loss-0.2664, train_rmse-0.5162, valid_rmse-1.1926, valid_pr-0.7702
2022-11-21 09:17:10 - INFO - epoch-172, train_loss-0.2602, train_rmse-0.5101, valid_rmse-1.2021, valid_pr-0.7667
2022-11-21 09:17:17 - INFO - epoch-173, train_loss-0.2622, train_rmse-0.5120, valid_rmse-1.2041, valid_pr-0.7632
2022-11-21 09:17:24 - INFO - epoch-174, train_loss-0.2658, train_rmse-0.5155, valid_rmse-1.1902, valid_pr-0.7701
2022-11-21 09:17:31 - INFO - epoch-175, train_loss-0.2608, train_rmse-0.5107, valid_rmse-1.1922, valid_pr-0.7701
2022-11-21 09:17:38 - INFO - epoch-176, train_loss-0.2511, train_rmse-0.5011, valid_rmse-1.2038, valid_pr-0.7653
2022-11-21 09:17:44 - INFO - epoch-177, train_loss-0.2616, train_rmse-0.5115, valid_rmse-1.2068, valid_pr-0.7620
2022-11-21 09:17:51 - INFO - epoch-178, train_loss-0.2584, train_rmse-0.5083, valid_rmse-1.1926, valid_pr-0.7714
2022-11-21 09:17:58 - INFO - epoch-179, train_loss-0.2593, train_rmse-0.5092, valid_rmse-1.1991, valid_pr-0.7689
2022-11-21 09:18:05 - INFO - epoch-180, train_loss-0.2515, train_rmse-0.5015, valid_rmse-1.2105, valid_pr-0.7659
2022-11-21 09:18:12 - INFO - epoch-181, train_loss-0.2420, train_rmse-0.4920, valid_rmse-1.2144, valid_pr-0.7634
2022-11-21 09:18:19 - INFO - epoch-182, train_loss-0.2414, train_rmse-0.4913, valid_rmse-1.1941, valid_pr-0.7715
2022-11-21 09:18:26 - INFO - epoch-183, train_loss-0.2401, train_rmse-0.4900, valid_rmse-1.2156, valid_pr-0.7642
2022-11-21 09:18:33 - INFO - epoch-184, train_loss-0.2604, train_rmse-0.5103, valid_rmse-1.1890, valid_pr-0.7716
2022-11-21 09:18:40 - INFO - epoch-185, train_loss-0.2524, train_rmse-0.5024, valid_rmse-1.1957, valid_pr-0.7705
2022-11-21 09:18:47 - INFO - epoch-186, train_loss-0.2514, train_rmse-0.5014, valid_rmse-1.1804, valid_pr-0.7737
2022-11-21 09:18:53 - INFO - epoch-187, train_loss-0.2401, train_rmse-0.4900, valid_rmse-1.1900, valid_pr-0.7734
2022-11-21 09:19:00 - INFO - epoch-188, train_loss-0.2404, train_rmse-0.4903, valid_rmse-1.1670, valid_pr-0.7786
2022-11-21 09:19:07 - INFO - epoch-189, train_loss-0.2494, train_rmse-0.4994, valid_rmse-1.1856, valid_pr-0.7719
2022-11-21 09:19:14 - INFO - epoch-190, train_loss-0.2338, train_rmse-0.4835, valid_rmse-1.2007, valid_pr-0.7664
2022-11-21 09:19:21 - INFO - epoch-191, train_loss-0.2449, train_rmse-0.4949, valid_rmse-1.1879, valid_pr-0.7718
2022-11-21 09:19:28 - INFO - epoch-192, train_loss-0.2290, train_rmse-0.4786, valid_rmse-1.1900, valid_pr-0.7720
2022-11-21 09:19:35 - INFO - epoch-193, train_loss-0.2311, train_rmse-0.4807, valid_rmse-1.1792, valid_pr-0.7749
2022-11-21 09:19:42 - INFO - epoch-194, train_loss-0.2313, train_rmse-0.4809, valid_rmse-1.1726, valid_pr-0.7747
2022-11-21 09:19:49 - INFO - epoch-195, train_loss-0.2402, train_rmse-0.4901, valid_rmse-1.1970, valid_pr-0.7655
2022-11-21 09:19:56 - INFO - epoch-196, train_loss-0.2301, train_rmse-0.4797, valid_rmse-1.2142, valid_pr-0.7626
2022-11-21 09:20:03 - INFO - epoch-197, train_loss-0.2432, train_rmse-0.4931, valid_rmse-1.1850, valid_pr-0.7736
2022-11-21 09:20:10 - INFO - epoch-198, train_loss-0.2256, train_rmse-0.4749, valid_rmse-1.1748, valid_pr-0.7775
2022-11-21 09:20:17 - INFO - epoch-199, train_loss-0.2261, train_rmse-0.4755, valid_rmse-1.1911, valid_pr-0.7712
2022-11-21 09:20:24 - INFO - epoch-200, train_loss-0.2278, train_rmse-0.4773, valid_rmse-1.1959, valid_pr-0.7696
2022-11-21 09:20:31 - INFO - epoch-201, train_loss-0.2205, train_rmse-0.4696, valid_rmse-1.1682, valid_pr-0.7785
2022-11-21 09:20:38 - INFO - epoch-202, train_loss-0.2366, train_rmse-0.4865, valid_rmse-1.1917, valid_pr-0.7675
2022-11-21 09:20:44 - INFO - epoch-203, train_loss-0.2259, train_rmse-0.4753, valid_rmse-1.1935, valid_pr-0.7712
2022-11-21 09:20:51 - INFO - epoch-204, train_loss-0.2254, train_rmse-0.4748, valid_rmse-1.1772, valid_pr-0.7723
2022-11-21 09:20:58 - INFO - epoch-205, train_loss-0.2134, train_rmse-0.4619, valid_rmse-1.1923, valid_pr-0.7704
2022-11-21 09:21:05 - INFO - epoch-206, train_loss-0.2299, train_rmse-0.4795, valid_rmse-1.2043, valid_pr-0.7643
2022-11-21 09:21:12 - INFO - epoch-207, train_loss-0.2482, train_rmse-0.4982, valid_rmse-1.2028, valid_pr-0.7648
2022-11-21 09:21:19 - INFO - epoch-208, train_loss-0.2467, train_rmse-0.4967, valid_rmse-1.1974, valid_pr-0.7662
2022-11-21 09:21:26 - INFO - epoch-209, train_loss-0.2294, train_rmse-0.4790, valid_rmse-1.1942, valid_pr-0.7692
2022-11-21 09:21:33 - INFO - epoch-210, train_loss-0.2207, train_rmse-0.4698, valid_rmse-1.1966, valid_pr-0.7680
2022-11-21 09:21:40 - INFO - epoch-211, train_loss-0.2225, train_rmse-0.4717, valid_rmse-1.1893, valid_pr-0.7713
2022-11-21 09:21:46 - INFO - epoch-212, train_loss-0.2297, train_rmse-0.4793, valid_rmse-1.1921, valid_pr-0.7661
2022-11-21 09:21:53 - INFO - epoch-213, train_loss-0.2143, train_rmse-0.4629, valid_rmse-1.1997, valid_pr-0.7662
2022-11-21 09:22:00 - INFO - epoch-214, train_loss-0.2066, train_rmse-0.4545, valid_rmse-1.1993, valid_pr-0.7680
2022-11-21 09:22:07 - INFO - epoch-215, train_loss-0.2128, train_rmse-0.4613, valid_rmse-1.2128, valid_pr-0.7617
2022-11-21 09:22:14 - INFO - epoch-216, train_loss-0.2078, train_rmse-0.4558, valid_rmse-1.1974, valid_pr-0.7680
2022-11-21 09:22:21 - INFO - epoch-217, train_loss-0.2166, train_rmse-0.4654, valid_rmse-1.1907, valid_pr-0.7678
2022-11-21 09:22:28 - INFO - epoch-218, train_loss-0.2109, train_rmse-0.4592, valid_rmse-1.2067, valid_pr-0.7648
2022-11-21 09:22:34 - INFO - epoch-219, train_loss-0.2152, train_rmse-0.4639, valid_rmse-1.1916, valid_pr-0.7716
2022-11-21 09:22:41 - INFO - epoch-220, train_loss-0.2156, train_rmse-0.4643, valid_rmse-1.1902, valid_pr-0.7705
2022-11-21 09:22:48 - INFO - epoch-221, train_loss-0.2194, train_rmse-0.4684, valid_rmse-1.1968, valid_pr-0.7685
2022-11-21 09:22:55 - INFO - epoch-222, train_loss-0.2104, train_rmse-0.4587, valid_rmse-1.2032, valid_pr-0.7626
2022-11-21 09:23:02 - INFO - epoch-223, train_loss-0.2211, train_rmse-0.4703, valid_rmse-1.2044, valid_pr-0.7670
2022-11-21 09:23:09 - INFO - epoch-224, train_loss-0.2013, train_rmse-0.4486, valid_rmse-1.1896, valid_pr-0.7711
2022-11-21 09:23:15 - INFO - epoch-225, train_loss-0.2067, train_rmse-0.4546, valid_rmse-1.1926, valid_pr-0.7702
2022-11-21 09:23:22 - INFO - epoch-226, train_loss-0.2046, train_rmse-0.4523, valid_rmse-1.1827, valid_pr-0.7732
2022-11-21 09:23:29 - INFO - epoch-227, train_loss-0.1991, train_rmse-0.4462, valid_rmse-1.1989, valid_pr-0.7675
2022-11-21 09:23:36 - INFO - epoch-228, train_loss-0.2008, train_rmse-0.4482, valid_rmse-1.1975, valid_pr-0.7665
2022-11-21 09:23:43 - INFO - epoch-229, train_loss-0.1956, train_rmse-0.4423, valid_rmse-1.1957, valid_pr-0.7708
2022-11-21 09:23:50 - INFO - epoch-230, train_loss-0.1978, train_rmse-0.4447, valid_rmse-1.2119, valid_pr-0.7635
2022-11-21 09:23:57 - INFO - epoch-231, train_loss-0.2014, train_rmse-0.4487, valid_rmse-1.1961, valid_pr-0.7679
2022-11-21 09:24:04 - INFO - epoch-232, train_loss-0.2073, train_rmse-0.4553, valid_rmse-1.1859, valid_pr-0.7715
2022-11-21 09:24:10 - INFO - epoch-233, train_loss-0.2018, train_rmse-0.4492, valid_rmse-1.1774, valid_pr-0.7759
2022-11-21 09:24:17 - INFO - epoch-234, train_loss-0.2050, train_rmse-0.4528, valid_rmse-1.1715, valid_pr-0.7775
2022-11-21 09:24:24 - INFO - epoch-235, train_loss-0.1949, train_rmse-0.4414, valid_rmse-1.1820, valid_pr-0.7723
2022-11-21 09:24:31 - INFO - epoch-236, train_loss-0.1875, train_rmse-0.4331, valid_rmse-1.1818, valid_pr-0.7728
2022-11-21 09:24:38 - INFO - epoch-237, train_loss-0.2022, train_rmse-0.4496, valid_rmse-1.1784, valid_pr-0.7765
2022-11-21 09:24:45 - INFO - epoch-238, train_loss-0.1973, train_rmse-0.4442, valid_rmse-1.1786, valid_pr-0.7783
2022-11-21 09:24:52 - INFO - epoch-239, train_loss-0.1956, train_rmse-0.4423, valid_rmse-1.1708, valid_pr-0.7778
2022-11-21 09:24:58 - INFO - epoch-240, train_loss-0.1952, train_rmse-0.4418, valid_rmse-1.1872, valid_pr-0.7689
2022-11-21 09:25:05 - INFO - epoch-241, train_loss-0.1907, train_rmse-0.4367, valid_rmse-1.1721, valid_pr-0.7772
2022-11-21 09:25:12 - INFO - epoch-242, train_loss-0.1911, train_rmse-0.4372, valid_rmse-1.1837, valid_pr-0.7714
2022-11-21 09:25:19 - INFO - epoch-243, train_loss-0.2011, train_rmse-0.4485, valid_rmse-1.1625, valid_pr-0.7783
2022-11-21 09:25:26 - INFO - epoch-244, train_loss-0.1985, train_rmse-0.4455, valid_rmse-1.1666, valid_pr-0.7779
2022-11-21 09:25:33 - INFO - epoch-245, train_loss-0.1903, train_rmse-0.4362, valid_rmse-1.1750, valid_pr-0.7765
2022-11-21 09:25:40 - INFO - epoch-246, train_loss-0.1980, train_rmse-0.4449, valid_rmse-1.1693, valid_pr-0.7777
2022-11-21 09:25:47 - INFO - epoch-247, train_loss-0.1939, train_rmse-0.4403, valid_rmse-1.1694, valid_pr-0.7762
2022-11-21 09:25:54 - INFO - epoch-248, train_loss-0.1950, train_rmse-0.4416, valid_rmse-1.1597, valid_pr-0.7805
2022-11-21 09:26:01 - INFO - epoch-249, train_loss-0.1823, train_rmse-0.4269, valid_rmse-1.1623, valid_pr-0.7795
2022-11-21 09:26:08 - INFO - epoch-250, train_loss-0.1977, train_rmse-0.4446, valid_rmse-1.1717, valid_pr-0.7745
2022-11-21 09:26:15 - INFO - epoch-251, train_loss-0.1849, train_rmse-0.4300, valid_rmse-1.1990, valid_pr-0.7713
2022-11-21 09:26:21 - INFO - epoch-252, train_loss-0.1941, train_rmse-0.4406, valid_rmse-1.1731, valid_pr-0.7770
2022-11-21 09:26:28 - INFO - epoch-253, train_loss-0.1851, train_rmse-0.4302, valid_rmse-1.1693, valid_pr-0.7754
2022-11-21 09:26:35 - INFO - epoch-254, train_loss-0.1938, train_rmse-0.4402, valid_rmse-1.1640, valid_pr-0.7809
2022-11-21 09:26:42 - INFO - epoch-255, train_loss-0.1872, train_rmse-0.4327, valid_rmse-1.1851, valid_pr-0.7715
2022-11-21 09:26:49 - INFO - epoch-256, train_loss-0.1965, train_rmse-0.4433, valid_rmse-1.1890, valid_pr-0.7716
2022-11-21 09:26:56 - INFO - epoch-257, train_loss-0.1850, train_rmse-0.4301, valid_rmse-1.1930, valid_pr-0.7716
2022-11-21 09:27:03 - INFO - epoch-258, train_loss-0.1925, train_rmse-0.4387, valid_rmse-1.1865, valid_pr-0.7694
2022-11-21 09:27:10 - INFO - epoch-259, train_loss-0.1917, train_rmse-0.4378, valid_rmse-1.1999, valid_pr-0.7678
2022-11-21 09:27:17 - INFO - epoch-260, train_loss-0.1835, train_rmse-0.4283, valid_rmse-1.1822, valid_pr-0.7735
2022-11-21 09:27:24 - INFO - epoch-261, train_loss-0.1822, train_rmse-0.4269, valid_rmse-1.1925, valid_pr-0.7687
2022-11-21 09:27:31 - INFO - epoch-262, train_loss-0.1852, train_rmse-0.4303, valid_rmse-1.1878, valid_pr-0.7686
2022-11-21 09:27:38 - INFO - epoch-263, train_loss-0.1751, train_rmse-0.4185, valid_rmse-1.1845, valid_pr-0.7729
2022-11-21 09:27:45 - INFO - epoch-264, train_loss-0.1746, train_rmse-0.4178, valid_rmse-1.1792, valid_pr-0.7713
2022-11-21 09:27:52 - INFO - epoch-265, train_loss-0.1809, train_rmse-0.4253, valid_rmse-1.2073, valid_pr-0.7610
2022-11-21 09:27:59 - INFO - epoch-266, train_loss-0.1864, train_rmse-0.4318, valid_rmse-1.1935, valid_pr-0.7699
2022-11-21 09:28:06 - INFO - epoch-267, train_loss-0.1853, train_rmse-0.4305, valid_rmse-1.1777, valid_pr-0.7721
2022-11-21 09:28:15 - INFO - epoch-268, train_loss-0.1885, train_rmse-0.4341, valid_rmse-1.1847, valid_pr-0.7721
2022-11-21 09:28:22 - INFO - epoch-269, train_loss-0.1733, train_rmse-0.4163, valid_rmse-1.1830, valid_pr-0.7694
2022-11-21 09:28:29 - INFO - epoch-270, train_loss-0.1804, train_rmse-0.4248, valid_rmse-1.1944, valid_pr-0.7698
2022-11-21 09:28:37 - INFO - epoch-271, train_loss-0.1826, train_rmse-0.4273, valid_rmse-1.1770, valid_pr-0.7740
2022-11-21 09:28:44 - INFO - epoch-272, train_loss-0.1782, train_rmse-0.4222, valid_rmse-1.1801, valid_pr-0.7743
2022-11-21 09:28:51 - INFO - epoch-273, train_loss-0.1690, train_rmse-0.4111, valid_rmse-1.1608, valid_pr-0.7806
2022-11-21 09:28:59 - INFO - epoch-274, train_loss-0.1760, train_rmse-0.4195, valid_rmse-1.1836, valid_pr-0.7734
2022-11-21 09:29:06 - INFO - epoch-275, train_loss-0.1810, train_rmse-0.4254, valid_rmse-1.1731, valid_pr-0.7762
2022-11-21 09:29:13 - INFO - epoch-276, train_loss-0.1800, train_rmse-0.4243, valid_rmse-1.1935, valid_pr-0.7678
2022-11-21 09:29:21 - INFO - epoch-277, train_loss-0.1783, train_rmse-0.4223, valid_rmse-1.1677, valid_pr-0.7773
2022-11-21 09:29:28 - INFO - epoch-278, train_loss-0.1816, train_rmse-0.4262, valid_rmse-1.1885, valid_pr-0.7687
2022-11-21 09:29:35 - INFO - epoch-279, train_loss-0.1645, train_rmse-0.4056, valid_rmse-1.1935, valid_pr-0.7668
2022-11-21 09:29:42 - INFO - epoch-280, train_loss-0.1677, train_rmse-0.4095, valid_rmse-1.2008, valid_pr-0.7685
2022-11-21 09:29:50 - INFO - epoch-281, train_loss-0.1800, train_rmse-0.4243, valid_rmse-1.1518, valid_pr-0.7847
2022-11-21 09:29:57 - INFO - epoch-282, train_loss-0.1829, train_rmse-0.4276, valid_rmse-1.1946, valid_pr-0.7716
2022-11-21 09:30:04 - INFO - epoch-283, train_loss-0.1750, train_rmse-0.4184, valid_rmse-1.1696, valid_pr-0.7759
2022-11-21 09:30:11 - INFO - epoch-284, train_loss-0.1724, train_rmse-0.4152, valid_rmse-1.1699, valid_pr-0.7773
2022-11-21 09:30:19 - INFO - epoch-285, train_loss-0.1650, train_rmse-0.4061, valid_rmse-1.1890, valid_pr-0.7731
2022-11-21 09:30:26 - INFO - epoch-286, train_loss-0.1663, train_rmse-0.4078, valid_rmse-1.1743, valid_pr-0.7733
2022-11-21 09:30:33 - INFO - epoch-287, train_loss-0.1719, train_rmse-0.4146, valid_rmse-1.1762, valid_pr-0.7748
2022-11-21 09:30:41 - INFO - epoch-288, train_loss-0.1654, train_rmse-0.4067, valid_rmse-1.1870, valid_pr-0.7683
2022-11-21 09:30:48 - INFO - epoch-289, train_loss-0.1767, train_rmse-0.4204, valid_rmse-1.1707, valid_pr-0.7760
2022-11-21 09:30:56 - INFO - epoch-290, train_loss-0.1679, train_rmse-0.4097, valid_rmse-1.1851, valid_pr-0.7698
2022-11-21 09:31:03 - INFO - epoch-291, train_loss-0.1820, train_rmse-0.4267, valid_rmse-1.1730, valid_pr-0.7734
2022-11-21 09:31:10 - INFO - epoch-292, train_loss-0.1682, train_rmse-0.4102, valid_rmse-1.1898, valid_pr-0.7679
2022-11-21 09:31:18 - INFO - epoch-293, train_loss-0.1703, train_rmse-0.4126, valid_rmse-1.1955, valid_pr-0.7664
2022-11-21 09:31:25 - INFO - epoch-294, train_loss-0.1731, train_rmse-0.4161, valid_rmse-1.2044, valid_pr-0.7657
2022-11-21 09:31:33 - INFO - epoch-295, train_loss-0.1642, train_rmse-0.4052, valid_rmse-1.1836, valid_pr-0.7722
2022-11-21 09:31:40 - INFO - epoch-296, train_loss-0.1798, train_rmse-0.4240, valid_rmse-1.1955, valid_pr-0.7671
2022-11-21 09:31:47 - INFO - epoch-297, train_loss-0.1593, train_rmse-0.3991, valid_rmse-1.1975, valid_pr-0.7673
2022-11-21 09:31:54 - INFO - epoch-298, train_loss-0.1750, train_rmse-0.4184, valid_rmse-1.1790, valid_pr-0.7712
2022-11-21 09:32:02 - INFO - epoch-299, train_loss-0.1610, train_rmse-0.4013, valid_rmse-1.1887, valid_pr-0.7695
2022-11-21 09:32:09 - INFO - epoch-300, train_loss-0.1728, train_rmse-0.4157, valid_rmse-1.1685, valid_pr-0.7766
2022-11-21 09:32:16 - INFO - epoch-301, train_loss-0.1697, train_rmse-0.4119, valid_rmse-1.1912, valid_pr-0.7687
2022-11-21 09:32:23 - INFO - epoch-302, train_loss-0.1626, train_rmse-0.4032, valid_rmse-1.1946, valid_pr-0.7657
2022-11-21 09:32:31 - INFO - epoch-303, train_loss-0.1655, train_rmse-0.4068, valid_rmse-1.1942, valid_pr-0.7684
2022-11-21 09:32:38 - INFO - epoch-304, train_loss-0.1594, train_rmse-0.3992, valid_rmse-1.1709, valid_pr-0.7774
2022-11-21 09:32:45 - INFO - epoch-305, train_loss-0.1562, train_rmse-0.3952, valid_rmse-1.1892, valid_pr-0.7715
2022-11-21 09:32:52 - INFO - epoch-306, train_loss-0.1626, train_rmse-0.4033, valid_rmse-1.1755, valid_pr-0.7753
2022-11-21 09:33:00 - INFO - epoch-307, train_loss-0.1677, train_rmse-0.4095, valid_rmse-1.1811, valid_pr-0.7703
2022-11-21 09:33:07 - INFO - epoch-308, train_loss-0.1693, train_rmse-0.4115, valid_rmse-1.1930, valid_pr-0.7698
2022-11-21 09:33:14 - INFO - epoch-309, train_loss-0.1542, train_rmse-0.3926, valid_rmse-1.1852, valid_pr-0.7694
2022-11-21 09:33:21 - INFO - epoch-310, train_loss-0.1609, train_rmse-0.4011, valid_rmse-1.1773, valid_pr-0.7736
2022-11-21 09:33:28 - INFO - epoch-311, train_loss-0.1625, train_rmse-0.4031, valid_rmse-1.1874, valid_pr-0.7703
2022-11-21 09:33:36 - INFO - epoch-312, train_loss-0.1729, train_rmse-0.4158, valid_rmse-1.1988, valid_pr-0.7681
2022-11-21 09:33:43 - INFO - epoch-313, train_loss-0.1641, train_rmse-0.4050, valid_rmse-1.1821, valid_pr-0.7702
2022-11-21 09:33:50 - INFO - epoch-314, train_loss-0.1582, train_rmse-0.3977, valid_rmse-1.1954, valid_pr-0.7661
2022-11-21 09:33:58 - INFO - epoch-315, train_loss-0.1715, train_rmse-0.4142, valid_rmse-1.1840, valid_pr-0.7767
2022-11-21 09:34:05 - INFO - epoch-316, train_loss-0.1626, train_rmse-0.4032, valid_rmse-1.1830, valid_pr-0.7702
2022-11-21 09:34:12 - INFO - epoch-317, train_loss-0.1510, train_rmse-0.3885, valid_rmse-1.1780, valid_pr-0.7718
2022-11-21 09:34:19 - INFO - epoch-318, train_loss-0.1549, train_rmse-0.3936, valid_rmse-1.1851, valid_pr-0.7701
2022-11-21 09:34:26 - INFO - epoch-319, train_loss-0.1664, train_rmse-0.4080, valid_rmse-1.1752, valid_pr-0.7739
2022-11-21 09:34:33 - INFO - epoch-320, train_loss-0.1533, train_rmse-0.3916, valid_rmse-1.1738, valid_pr-0.7754
2022-11-21 09:34:40 - INFO - epoch-321, train_loss-0.1625, train_rmse-0.4032, valid_rmse-1.1689, valid_pr-0.7745
2022-11-21 09:34:47 - INFO - epoch-322, train_loss-0.1600, train_rmse-0.3999, valid_rmse-1.1754, valid_pr-0.7753
2022-11-21 09:34:53 - INFO - epoch-323, train_loss-0.1470, train_rmse-0.3834, valid_rmse-1.1783, valid_pr-0.7727
2022-11-21 09:35:00 - INFO - epoch-324, train_loss-0.1504, train_rmse-0.3878, valid_rmse-1.1591, valid_pr-0.7793
2022-11-21 09:35:07 - INFO - epoch-325, train_loss-0.1537, train_rmse-0.3920, valid_rmse-1.1874, valid_pr-0.7717
2022-11-21 09:35:14 - INFO - epoch-326, train_loss-0.1574, train_rmse-0.3968, valid_rmse-1.1662, valid_pr-0.7769
2022-11-21 09:35:21 - INFO - epoch-327, train_loss-0.1617, train_rmse-0.4021, valid_rmse-1.1664, valid_pr-0.7786
2022-11-21 09:35:28 - INFO - epoch-328, train_loss-0.1497, train_rmse-0.3869, valid_rmse-1.1734, valid_pr-0.7760
2022-11-21 09:35:35 - INFO - epoch-329, train_loss-0.1635, train_rmse-0.4043, valid_rmse-1.1562, valid_pr-0.7844
2022-11-21 09:35:42 - INFO - epoch-330, train_loss-0.1466, train_rmse-0.3828, valid_rmse-1.1662, valid_pr-0.7797
2022-11-21 09:35:49 - INFO - epoch-331, train_loss-0.1523, train_rmse-0.3902, valid_rmse-1.1777, valid_pr-0.7738
2022-11-21 09:35:56 - INFO - epoch-332, train_loss-0.1478, train_rmse-0.3845, valid_rmse-1.1691, valid_pr-0.7770
2022-11-21 09:36:03 - INFO - epoch-333, train_loss-0.1476, train_rmse-0.3842, valid_rmse-1.1747, valid_pr-0.7758
2022-11-21 09:36:10 - INFO - epoch-334, train_loss-0.1495, train_rmse-0.3867, valid_rmse-1.1714, valid_pr-0.7753
2022-11-21 09:36:17 - INFO - epoch-335, train_loss-0.1622, train_rmse-0.4028, valid_rmse-1.1719, valid_pr-0.7769
2022-11-21 09:36:24 - INFO - epoch-336, train_loss-0.1564, train_rmse-0.3955, valid_rmse-1.1642, valid_pr-0.7783
2022-11-21 09:36:31 - INFO - epoch-337, train_loss-0.1592, train_rmse-0.3990, valid_rmse-1.1644, valid_pr-0.7808
2022-11-21 09:36:38 - INFO - epoch-338, train_loss-0.1491, train_rmse-0.3861, valid_rmse-1.1674, valid_pr-0.7781
2022-11-21 09:36:45 - INFO - epoch-339, train_loss-0.1576, train_rmse-0.3970, valid_rmse-1.1636, valid_pr-0.7792
2022-11-21 09:36:51 - INFO - epoch-340, train_loss-0.1541, train_rmse-0.3925, valid_rmse-1.1777, valid_pr-0.7740
2022-11-21 09:36:58 - INFO - epoch-341, train_loss-0.1545, train_rmse-0.3931, valid_rmse-1.1733, valid_pr-0.7767
2022-11-21 09:37:06 - INFO - epoch-342, train_loss-0.1483, train_rmse-0.3851, valid_rmse-1.1621, valid_pr-0.7804
2022-11-21 09:37:13 - INFO - epoch-343, train_loss-0.1455, train_rmse-0.3815, valid_rmse-1.1763, valid_pr-0.7730
2022-11-21 09:37:20 - INFO - epoch-344, train_loss-0.1533, train_rmse-0.3915, valid_rmse-1.1735, valid_pr-0.7763
2022-11-21 09:37:26 - INFO - epoch-345, train_loss-0.1360, train_rmse-0.3687, valid_rmse-1.1700, valid_pr-0.7751
2022-11-21 09:37:33 - INFO - epoch-346, train_loss-0.1492, train_rmse-0.3862, valid_rmse-1.1591, valid_pr-0.7792
2022-11-21 09:37:40 - INFO - epoch-347, train_loss-0.1511, train_rmse-0.3888, valid_rmse-1.1564, valid_pr-0.7821
2022-11-21 09:37:47 - INFO - epoch-348, train_loss-0.1449, train_rmse-0.3806, valid_rmse-1.1637, valid_pr-0.7786
2022-11-21 09:37:54 - INFO - epoch-349, train_loss-0.1601, train_rmse-0.4002, valid_rmse-1.1727, valid_pr-0.7741
2022-11-21 09:38:01 - INFO - epoch-350, train_loss-0.1408, train_rmse-0.3752, valid_rmse-1.1660, valid_pr-0.7782
2022-11-21 09:38:08 - INFO - epoch-351, train_loss-0.1639, train_rmse-0.4048, valid_rmse-1.1572, valid_pr-0.7809
2022-11-21 09:38:15 - INFO - epoch-352, train_loss-0.1466, train_rmse-0.3828, valid_rmse-1.1796, valid_pr-0.7719
2022-11-21 09:38:22 - INFO - epoch-353, train_loss-0.1508, train_rmse-0.3883, valid_rmse-1.1634, valid_pr-0.7804
2022-11-21 09:38:29 - INFO - epoch-354, train_loss-0.1506, train_rmse-0.3880, valid_rmse-1.1844, valid_pr-0.7745
2022-11-21 09:38:36 - INFO - epoch-355, train_loss-0.1449, train_rmse-0.3807, valid_rmse-1.1661, valid_pr-0.7762
2022-11-21 09:38:43 - INFO - epoch-356, train_loss-0.1441, train_rmse-0.3796, valid_rmse-1.1597, valid_pr-0.7812
2022-11-21 09:38:50 - INFO - epoch-357, train_loss-0.1455, train_rmse-0.3814, valid_rmse-1.1736, valid_pr-0.7772
2022-11-21 09:38:57 - INFO - epoch-358, train_loss-0.1452, train_rmse-0.3810, valid_rmse-1.1779, valid_pr-0.7751
2022-11-21 09:39:03 - INFO - epoch-359, train_loss-0.1447, train_rmse-0.3804, valid_rmse-1.1641, valid_pr-0.7773
2022-11-21 09:39:10 - INFO - epoch-360, train_loss-0.1487, train_rmse-0.3856, valid_rmse-1.1824, valid_pr-0.7770
2022-11-21 09:39:17 - INFO - epoch-361, train_loss-0.1474, train_rmse-0.3839, valid_rmse-1.1549, valid_pr-0.7822
2022-11-21 09:39:24 - INFO - epoch-362, train_loss-0.1367, train_rmse-0.3697, valid_rmse-1.1657, valid_pr-0.7777
2022-11-21 09:39:31 - INFO - epoch-363, train_loss-0.1478, train_rmse-0.3845, valid_rmse-1.1648, valid_pr-0.7779
2022-11-21 09:39:38 - INFO - epoch-364, train_loss-0.1535, train_rmse-0.3918, valid_rmse-1.1682, valid_pr-0.7750
2022-11-21 09:39:46 - INFO - epoch-365, train_loss-0.1427, train_rmse-0.3778, valid_rmse-1.1720, valid_pr-0.7752
2022-11-21 09:39:54 - INFO - epoch-366, train_loss-0.1510, train_rmse-0.3886, valid_rmse-1.1717, valid_pr-0.7769
2022-11-21 09:40:01 - INFO - epoch-367, train_loss-0.1499, train_rmse-0.3872, valid_rmse-1.1687, valid_pr-0.7780
2022-11-21 09:40:08 - INFO - epoch-368, train_loss-0.1436, train_rmse-0.3790, valid_rmse-1.1727, valid_pr-0.7750
2022-11-21 09:40:16 - INFO - epoch-369, train_loss-0.1453, train_rmse-0.3812, valid_rmse-1.1818, valid_pr-0.7716
2022-11-21 09:40:23 - INFO - epoch-370, train_loss-0.1483, train_rmse-0.3851, valid_rmse-1.1634, valid_pr-0.7807
2022-11-21 09:40:30 - INFO - epoch-371, train_loss-0.1451, train_rmse-0.3809, valid_rmse-1.1694, valid_pr-0.7764
2022-11-21 09:40:37 - INFO - epoch-372, train_loss-0.1444, train_rmse-0.3799, valid_rmse-1.1796, valid_pr-0.7693
2022-11-21 09:40:44 - INFO - epoch-373, train_loss-0.1402, train_rmse-0.3744, valid_rmse-1.1548, valid_pr-0.7841
2022-11-21 09:40:51 - INFO - epoch-374, train_loss-0.1527, train_rmse-0.3908, valid_rmse-1.1590, valid_pr-0.7798
2022-11-21 09:40:58 - INFO - epoch-375, train_loss-0.1272, train_rmse-0.3566, valid_rmse-1.1512, valid_pr-0.7834
2022-11-21 09:41:05 - INFO - epoch-376, train_loss-0.1343, train_rmse-0.3665, valid_rmse-1.1539, valid_pr-0.7855
2022-11-21 09:41:12 - INFO - epoch-377, train_loss-0.1488, train_rmse-0.3858, valid_rmse-1.1550, valid_pr-0.7856
2022-11-21 09:41:19 - INFO - epoch-378, train_loss-0.1455, train_rmse-0.3815, valid_rmse-1.1588, valid_pr-0.7822
2022-11-21 09:41:26 - INFO - epoch-379, train_loss-0.1472, train_rmse-0.3836, valid_rmse-1.1660, valid_pr-0.7800
2022-11-21 09:41:32 - INFO - epoch-380, train_loss-0.1438, train_rmse-0.3792, valid_rmse-1.1546, valid_pr-0.7815
2022-11-21 09:41:39 - INFO - epoch-381, train_loss-0.1369, train_rmse-0.3700, valid_rmse-1.1567, valid_pr-0.7821
2022-11-21 09:41:46 - INFO - epoch-382, train_loss-0.1430, train_rmse-0.3781, valid_rmse-1.1698, valid_pr-0.7752
2022-11-21 09:41:53 - INFO - epoch-383, train_loss-0.1428, train_rmse-0.3779, valid_rmse-1.1514, valid_pr-0.7829
2022-11-21 09:42:00 - INFO - epoch-384, train_loss-0.1350, train_rmse-0.3675, valid_rmse-1.1544, valid_pr-0.7826
2022-11-21 09:42:07 - INFO - epoch-385, train_loss-0.1352, train_rmse-0.3677, valid_rmse-1.1714, valid_pr-0.7755
2022-11-21 09:42:14 - INFO - epoch-386, train_loss-0.1291, train_rmse-0.3594, valid_rmse-1.1484, valid_pr-0.7850
2022-11-21 09:42:21 - INFO - epoch-387, train_loss-0.1371, train_rmse-0.3702, valid_rmse-1.1569, valid_pr-0.7817
2022-11-21 09:42:28 - INFO - epoch-388, train_loss-0.1414, train_rmse-0.3760, valid_rmse-1.1482, valid_pr-0.7867
2022-11-21 09:42:35 - INFO - epoch-389, train_loss-0.1353, train_rmse-0.3678, valid_rmse-1.1658, valid_pr-0.7761
2022-11-21 09:42:42 - INFO - epoch-390, train_loss-0.1590, train_rmse-0.3988, valid_rmse-1.1759, valid_pr-0.7746
2022-11-21 09:42:49 - INFO - epoch-391, train_loss-0.1344, train_rmse-0.3666, valid_rmse-1.1779, valid_pr-0.7736
2022-11-21 09:42:56 - INFO - epoch-392, train_loss-0.1412, train_rmse-0.3758, valid_rmse-1.1655, valid_pr-0.7772
2022-11-21 09:43:03 - INFO - epoch-393, train_loss-0.1383, train_rmse-0.3719, valid_rmse-1.1886, valid_pr-0.7717
2022-11-21 09:43:10 - INFO - epoch-394, train_loss-0.1294, train_rmse-0.3598, valid_rmse-1.1532, valid_pr-0.7826
2022-11-21 09:43:17 - INFO - epoch-395, train_loss-0.1371, train_rmse-0.3703, valid_rmse-1.1565, valid_pr-0.7817
2022-11-21 09:43:24 - INFO - epoch-396, train_loss-0.1435, train_rmse-0.3789, valid_rmse-1.1548, valid_pr-0.7812
2022-11-21 09:43:31 - INFO - epoch-397, train_loss-0.1344, train_rmse-0.3665, valid_rmse-1.1509, valid_pr-0.7832
2022-11-21 09:43:38 - INFO - epoch-398, train_loss-0.1354, train_rmse-0.3679, valid_rmse-1.1608, valid_pr-0.7810
2022-11-21 09:43:45 - INFO - epoch-399, train_loss-0.1366, train_rmse-0.3696, valid_rmse-1.1820, valid_pr-0.7768
2022-11-21 09:43:52 - INFO - epoch-400, train_loss-0.1354, train_rmse-0.3680, valid_rmse-1.1813, valid_pr-0.7697
2022-11-21 09:43:59 - INFO - epoch-401, train_loss-0.1457, train_rmse-0.3817, valid_rmse-1.1616, valid_pr-0.7789
2022-11-21 09:44:06 - INFO - epoch-402, train_loss-0.1276, train_rmse-0.3572, valid_rmse-1.1679, valid_pr-0.7765
2022-11-21 09:44:13 - INFO - epoch-403, train_loss-0.1404, train_rmse-0.3746, valid_rmse-1.1501, valid_pr-0.7836
2022-11-21 09:44:20 - INFO - epoch-404, train_loss-0.1400, train_rmse-0.3742, valid_rmse-1.1694, valid_pr-0.7759
2022-11-21 09:44:28 - INFO - epoch-405, train_loss-0.1381, train_rmse-0.3716, valid_rmse-1.1527, valid_pr-0.7842
2022-11-21 09:44:35 - INFO - epoch-406, train_loss-0.1485, train_rmse-0.3853, valid_rmse-1.1560, valid_pr-0.7813
2022-11-21 09:44:42 - INFO - epoch-407, train_loss-0.1441, train_rmse-0.3796, valid_rmse-1.1648, valid_pr-0.7770
2022-11-21 09:44:49 - INFO - epoch-408, train_loss-0.1303, train_rmse-0.3610, valid_rmse-1.1549, valid_pr-0.7819
2022-11-21 09:44:56 - INFO - epoch-409, train_loss-0.1373, train_rmse-0.3706, valid_rmse-1.1709, valid_pr-0.7775
2022-11-21 09:45:03 - INFO - epoch-410, train_loss-0.1372, train_rmse-0.3704, valid_rmse-1.1654, valid_pr-0.7813
2022-11-21 09:45:10 - INFO - epoch-411, train_loss-0.1453, train_rmse-0.3811, valid_rmse-1.1614, valid_pr-0.7783
2022-11-21 09:45:18 - INFO - epoch-412, train_loss-0.1415, train_rmse-0.3762, valid_rmse-1.1497, valid_pr-0.7845
2022-11-21 09:45:25 - INFO - epoch-413, train_loss-0.1293, train_rmse-0.3595, valid_rmse-1.1655, valid_pr-0.7782
2022-11-21 09:45:32 - INFO - epoch-414, train_loss-0.1297, train_rmse-0.3601, valid_rmse-1.1630, valid_pr-0.7791
2022-11-21 09:45:39 - INFO - epoch-415, train_loss-0.1357, train_rmse-0.3684, valid_rmse-1.1650, valid_pr-0.7788
2022-11-21 09:45:46 - INFO - epoch-416, train_loss-0.1325, train_rmse-0.3640, valid_rmse-1.1634, valid_pr-0.7822
2022-11-21 09:45:54 - INFO - epoch-417, train_loss-0.1292, train_rmse-0.3594, valid_rmse-1.1525, valid_pr-0.7835
2022-11-21 09:46:01 - INFO - epoch-418, train_loss-0.1271, train_rmse-0.3566, valid_rmse-1.1479, valid_pr-0.7858
2022-11-21 09:46:08 - INFO - epoch-419, train_loss-0.1287, train_rmse-0.3588, valid_rmse-1.1507, valid_pr-0.7845
2022-11-21 09:46:15 - INFO - epoch-420, train_loss-0.1321, train_rmse-0.3635, valid_rmse-1.1526, valid_pr-0.7834
2022-11-21 09:46:23 - INFO - epoch-421, train_loss-0.1385, train_rmse-0.3721, valid_rmse-1.1621, valid_pr-0.7785
2022-11-21 09:46:30 - INFO - epoch-422, train_loss-0.1361, train_rmse-0.3689, valid_rmse-1.1609, valid_pr-0.7798
2022-11-21 09:46:37 - INFO - epoch-423, train_loss-0.1408, train_rmse-0.3752, valid_rmse-1.1763, valid_pr-0.7764
2022-11-21 09:46:44 - INFO - epoch-424, train_loss-0.1320, train_rmse-0.3633, valid_rmse-1.1587, valid_pr-0.7798
2022-11-21 09:46:52 - INFO - epoch-425, train_loss-0.1413, train_rmse-0.3759, valid_rmse-1.1708, valid_pr-0.7758
2022-11-21 09:46:59 - INFO - epoch-426, train_loss-0.1349, train_rmse-0.3673, valid_rmse-1.1756, valid_pr-0.7742
2022-11-21 09:47:07 - INFO - epoch-427, train_loss-0.1234, train_rmse-0.3512, valid_rmse-1.1677, valid_pr-0.7755
2022-11-21 09:47:14 - INFO - epoch-428, train_loss-0.1405, train_rmse-0.3748, valid_rmse-1.1723, valid_pr-0.7736
2022-11-21 09:47:21 - INFO - epoch-429, train_loss-0.1354, train_rmse-0.3680, valid_rmse-1.1881, valid_pr-0.7725
2022-11-21 09:47:28 - INFO - epoch-430, train_loss-0.1331, train_rmse-0.3649, valid_rmse-1.1574, valid_pr-0.7833
2022-11-21 09:47:35 - INFO - epoch-431, train_loss-0.1482, train_rmse-0.3849, valid_rmse-1.1686, valid_pr-0.7787
2022-11-21 09:47:42 - INFO - epoch-432, train_loss-0.1330, train_rmse-0.3647, valid_rmse-1.1596, valid_pr-0.7794
2022-11-21 09:47:49 - INFO - epoch-433, train_loss-0.1295, train_rmse-0.3599, valid_rmse-1.1577, valid_pr-0.7801
2022-11-21 09:47:56 - INFO - epoch-434, train_loss-0.1312, train_rmse-0.3623, valid_rmse-1.1544, valid_pr-0.7829
2022-11-21 09:48:03 - INFO - epoch-435, train_loss-0.1290, train_rmse-0.3592, valid_rmse-1.1618, valid_pr-0.7786
2022-11-21 09:48:09 - INFO - epoch-436, train_loss-0.1346, train_rmse-0.3669, valid_rmse-1.1637, valid_pr-0.7791
2022-11-21 09:48:16 - INFO - epoch-437, train_loss-0.1325, train_rmse-0.3640, valid_rmse-1.1536, valid_pr-0.7812
2022-11-21 09:48:23 - INFO - epoch-438, train_loss-0.1285, train_rmse-0.3584, valid_rmse-1.1676, valid_pr-0.7750
2022-11-21 09:48:30 - INFO - epoch-439, train_loss-0.1277, train_rmse-0.3573, valid_rmse-1.1700, valid_pr-0.7774
2022-11-21 09:48:37 - INFO - epoch-440, train_loss-0.1244, train_rmse-0.3528, valid_rmse-1.1656, valid_pr-0.7772
2022-11-21 09:48:44 - INFO - epoch-441, train_loss-0.1315, train_rmse-0.3626, valid_rmse-1.1696, valid_pr-0.7759
2022-11-21 09:48:51 - INFO - epoch-442, train_loss-0.1291, train_rmse-0.3593, valid_rmse-1.1724, valid_pr-0.7781
2022-11-21 09:48:58 - INFO - epoch-443, train_loss-0.1313, train_rmse-0.3624, valid_rmse-1.1689, valid_pr-0.7767
2022-11-21 09:49:05 - INFO - epoch-444, train_loss-0.1205, train_rmse-0.3471, valid_rmse-1.1607, valid_pr-0.7784
2022-11-21 09:49:12 - INFO - epoch-445, train_loss-0.1350, train_rmse-0.3675, valid_rmse-1.1629, valid_pr-0.7809
2022-11-21 09:49:19 - INFO - epoch-446, train_loss-0.1211, train_rmse-0.3481, valid_rmse-1.1709, valid_pr-0.7799
2022-11-21 09:49:26 - INFO - epoch-447, train_loss-0.1353, train_rmse-0.3679, valid_rmse-1.1599, valid_pr-0.7811
2022-11-21 09:49:33 - INFO - epoch-448, train_loss-0.1236, train_rmse-0.3516, valid_rmse-1.1599, valid_pr-0.7819
2022-11-21 09:49:40 - INFO - epoch-449, train_loss-0.1290, train_rmse-0.3592, valid_rmse-1.1661, valid_pr-0.7767
2022-11-21 09:49:47 - INFO - epoch-450, train_loss-0.1266, train_rmse-0.3558, valid_rmse-1.1800, valid_pr-0.7707
2022-11-21 09:49:54 - INFO - epoch-451, train_loss-0.1364, train_rmse-0.3693, valid_rmse-1.1702, valid_pr-0.7768
2022-11-21 09:50:01 - INFO - epoch-452, train_loss-0.1341, train_rmse-0.3661, valid_rmse-1.1720, valid_pr-0.7749
2022-11-21 09:50:08 - INFO - epoch-453, train_loss-0.1205, train_rmse-0.3471, valid_rmse-1.1624, valid_pr-0.7798
2022-11-21 09:50:15 - INFO - epoch-454, train_loss-0.1373, train_rmse-0.3705, valid_rmse-1.1768, valid_pr-0.7738
2022-11-21 09:50:22 - INFO - epoch-455, train_loss-0.1287, train_rmse-0.3588, valid_rmse-1.1676, valid_pr-0.7791
2022-11-21 09:50:29 - INFO - epoch-456, train_loss-0.1271, train_rmse-0.3565, valid_rmse-1.1807, valid_pr-0.7758
2022-11-21 09:50:36 - INFO - epoch-457, train_loss-0.1216, train_rmse-0.3488, valid_rmse-1.1683, valid_pr-0.7759
2022-11-21 09:50:43 - INFO - epoch-458, train_loss-0.1400, train_rmse-0.3742, valid_rmse-1.1790, valid_pr-0.7773
2022-11-21 09:50:50 - INFO - epoch-459, train_loss-0.1352, train_rmse-0.3677, valid_rmse-1.1630, valid_pr-0.7804
2022-11-21 09:50:57 - INFO - epoch-460, train_loss-0.1382, train_rmse-0.3718, valid_rmse-1.1768, valid_pr-0.7752
2022-11-21 09:51:04 - INFO - epoch-461, train_loss-0.1386, train_rmse-0.3722, valid_rmse-1.1681, valid_pr-0.7768
2022-11-21 09:51:11 - INFO - epoch-462, train_loss-0.1253, train_rmse-0.3539, valid_rmse-1.1738, valid_pr-0.7779
2022-11-21 09:51:18 - INFO - epoch-463, train_loss-0.1354, train_rmse-0.3680, valid_rmse-1.1784, valid_pr-0.7735
2022-11-21 09:51:25 - INFO - epoch-464, train_loss-0.1245, train_rmse-0.3529, valid_rmse-1.1727, valid_pr-0.7743
2022-11-21 09:51:32 - INFO - epoch-465, train_loss-0.1287, train_rmse-0.3587, valid_rmse-1.1670, valid_pr-0.7777
2022-11-21 09:51:39 - INFO - epoch-466, train_loss-0.1245, train_rmse-0.3529, valid_rmse-1.1666, valid_pr-0.7790
2022-11-21 09:51:46 - INFO - epoch-467, train_loss-0.1275, train_rmse-0.3571, valid_rmse-1.1567, valid_pr-0.7807
2022-11-21 09:51:52 - INFO - epoch-468, train_loss-0.1199, train_rmse-0.3463, valid_rmse-1.1625, valid_pr-0.7831
2022-11-21 09:51:59 - INFO - epoch-469, train_loss-0.1172, train_rmse-0.3423, valid_rmse-1.1729, valid_pr-0.7732
2022-11-21 09:52:06 - INFO - epoch-470, train_loss-0.1245, train_rmse-0.3528, valid_rmse-1.1656, valid_pr-0.7778
2022-11-21 09:52:13 - INFO - epoch-471, train_loss-0.1217, train_rmse-0.3489, valid_rmse-1.1780, valid_pr-0.7711
2022-11-21 09:52:20 - INFO - epoch-472, train_loss-0.1252, train_rmse-0.3538, valid_rmse-1.1756, valid_pr-0.7729
2022-11-21 09:52:27 - INFO - epoch-473, train_loss-0.1232, train_rmse-0.3510, valid_rmse-1.1894, valid_pr-0.7712
2022-11-21 09:52:34 - INFO - epoch-474, train_loss-0.1270, train_rmse-0.3564, valid_rmse-1.1657, valid_pr-0.7766
2022-11-21 09:52:41 - INFO - epoch-475, train_loss-0.1301, train_rmse-0.3607, valid_rmse-1.1876, valid_pr-0.7683
2022-11-21 09:52:48 - INFO - epoch-476, train_loss-0.1227, train_rmse-0.3503, valid_rmse-1.1826, valid_pr-0.7694
2022-11-21 09:52:55 - INFO - epoch-477, train_loss-0.1275, train_rmse-0.3571, valid_rmse-1.1888, valid_pr-0.7683
2022-11-21 09:53:02 - INFO - epoch-478, train_loss-0.1287, train_rmse-0.3587, valid_rmse-1.1799, valid_pr-0.7698
2022-11-21 09:53:09 - INFO - epoch-479, train_loss-0.1215, train_rmse-0.3486, valid_rmse-1.1832, valid_pr-0.7724
2022-11-21 09:53:16 - INFO - epoch-480, train_loss-0.1204, train_rmse-0.3470, valid_rmse-1.1871, valid_pr-0.7685
2022-11-21 09:53:23 - INFO - epoch-481, train_loss-0.1224, train_rmse-0.3498, valid_rmse-1.1705, valid_pr-0.7765
2022-11-21 09:53:30 - INFO - epoch-482, train_loss-0.1196, train_rmse-0.3458, valid_rmse-1.1919, valid_pr-0.7657
2022-11-21 09:53:37 - INFO - epoch-483, train_loss-0.1221, train_rmse-0.3494, valid_rmse-1.1829, valid_pr-0.7717
2022-11-21 09:53:44 - INFO - epoch-484, train_loss-0.1211, train_rmse-0.3480, valid_rmse-1.1787, valid_pr-0.7718
2022-11-21 09:53:51 - INFO - epoch-485, train_loss-0.1229, train_rmse-0.3505, valid_rmse-1.1863, valid_pr-0.7712
2022-11-21 09:53:58 - INFO - epoch-486, train_loss-0.1180, train_rmse-0.3434, valid_rmse-1.1655, valid_pr-0.7773
2022-11-21 09:54:05 - INFO - epoch-487, train_loss-0.1332, train_rmse-0.3650, valid_rmse-1.1714, valid_pr-0.7746
2022-11-21 09:54:12 - INFO - epoch-488, train_loss-0.1224, train_rmse-0.3499, valid_rmse-1.1779, valid_pr-0.7705
2022-11-21 09:54:19 - INFO - epoch-489, train_loss-0.1174, train_rmse-0.3426, valid_rmse-1.1669, valid_pr-0.7776
2022-11-21 09:54:26 - INFO - epoch-490, train_loss-0.1270, train_rmse-0.3564, valid_rmse-1.1769, valid_pr-0.7733
2022-11-21 09:54:33 - INFO - epoch-491, train_loss-0.1238, train_rmse-0.3518, valid_rmse-1.1749, valid_pr-0.7743
2022-11-21 09:54:40 - INFO - epoch-492, train_loss-0.1235, train_rmse-0.3514, valid_rmse-1.1901, valid_pr-0.7658
2022-11-21 09:54:47 - INFO - epoch-493, train_loss-0.1353, train_rmse-0.3679, valid_rmse-1.1778, valid_pr-0.7734
2022-11-21 09:54:54 - INFO - epoch-494, train_loss-0.1211, train_rmse-0.3479, valid_rmse-1.1715, valid_pr-0.7752
2022-11-21 09:55:01 - INFO - epoch-495, train_loss-0.1216, train_rmse-0.3487, valid_rmse-1.1796, valid_pr-0.7719
2022-11-21 09:55:08 - INFO - epoch-496, train_loss-0.1166, train_rmse-0.3414, valid_rmse-1.1775, valid_pr-0.7730
2022-11-21 09:55:15 - INFO - epoch-497, train_loss-0.1218, train_rmse-0.3490, valid_rmse-1.1701, valid_pr-0.7751
2022-11-21 09:55:22 - INFO - epoch-498, train_loss-0.1268, train_rmse-0.3560, valid_rmse-1.1726, valid_pr-0.7735
2022-11-21 09:55:29 - INFO - epoch-499, train_loss-0.1232, train_rmse-0.3511, valid_rmse-1.1607, valid_pr-0.7791
2022-11-21 09:55:36 - INFO - epoch-500, train_loss-0.1274, train_rmse-0.3569, valid_rmse-1.1742, valid_pr-0.7778
2022-11-21 09:55:43 - INFO - epoch-501, train_loss-0.1165, train_rmse-0.3414, valid_rmse-1.1780, valid_pr-0.7762
2022-11-21 09:55:50 - INFO - epoch-502, train_loss-0.1206, train_rmse-0.3473, valid_rmse-1.1643, valid_pr-0.7796
2022-11-21 09:55:57 - INFO - epoch-503, train_loss-0.1262, train_rmse-0.3553, valid_rmse-1.1599, valid_pr-0.7791
2022-11-21 09:56:04 - INFO - epoch-504, train_loss-0.1186, train_rmse-0.3444, valid_rmse-1.1646, valid_pr-0.7771
2022-11-21 09:56:11 - INFO - epoch-505, train_loss-0.1138, train_rmse-0.3373, valid_rmse-1.1681, valid_pr-0.7771
2022-11-21 09:56:18 - INFO - epoch-506, train_loss-0.1217, train_rmse-0.3488, valid_rmse-1.1818, valid_pr-0.7712
2022-11-21 09:56:25 - INFO - epoch-507, train_loss-0.1119, train_rmse-0.3345, valid_rmse-1.1848, valid_pr-0.7694
2022-11-21 09:56:32 - INFO - epoch-508, train_loss-0.1122, train_rmse-0.3350, valid_rmse-1.1784, valid_pr-0.7725
2022-11-21 09:56:39 - INFO - epoch-509, train_loss-0.1229, train_rmse-0.3506, valid_rmse-1.1773, valid_pr-0.7728
2022-11-21 09:56:46 - INFO - epoch-510, train_loss-0.1200, train_rmse-0.3465, valid_rmse-1.1856, valid_pr-0.7698
2022-11-21 09:56:53 - INFO - epoch-511, train_loss-0.1215, train_rmse-0.3486, valid_rmse-1.1835, valid_pr-0.7686
2022-11-21 09:57:00 - INFO - epoch-512, train_loss-0.1135, train_rmse-0.3368, valid_rmse-1.1866, valid_pr-0.7697
2022-11-21 09:57:07 - INFO - epoch-513, train_loss-0.1147, train_rmse-0.3387, valid_rmse-1.1709, valid_pr-0.7748
2022-11-21 09:57:13 - INFO - epoch-514, train_loss-0.1190, train_rmse-0.3449, valid_rmse-1.1742, valid_pr-0.7725
2022-11-21 09:57:20 - INFO - epoch-515, train_loss-0.1130, train_rmse-0.3361, valid_rmse-1.1847, valid_pr-0.7727
2022-11-21 09:57:27 - INFO - epoch-516, train_loss-0.1080, train_rmse-0.3286, valid_rmse-1.1678, valid_pr-0.7780
2022-11-21 09:57:34 - INFO - epoch-517, train_loss-0.1105, train_rmse-0.3324, valid_rmse-1.1706, valid_pr-0.7766
2022-11-21 09:57:41 - INFO - epoch-518, train_loss-0.1123, train_rmse-0.3352, valid_rmse-1.1650, valid_pr-0.7772
2022-11-21 09:57:48 - INFO - epoch-519, train_loss-0.1120, train_rmse-0.3347, valid_rmse-1.1728, valid_pr-0.7728
2022-11-21 09:57:48 - INFO - early stop in epoch 519
2022-11-21 09:57:48 - INFO - best_rmse: 1.1479
2022-11-21 09:57:51 - INFO - valid_rmse-1.1479, valid_pr-0.7858, test2013_rmse-1.3820, test2013_pr-0.8173, test2016_rmse-1.1782, test2016_pr-0.8432, test2019_rmse-1.3849, test2019_pr-0.6445,
