2022-11-21 12:42:23 - INFO - /data2/yzd/project/Baselines/train_IGN.py
2022-11-21 12:42:23 - INFO - train data: 11904
2022-11-21 12:42:23 - INFO - valid data: 1000
2022-11-21 12:42:23 - INFO - test2013 data: 107
2022-11-21 12:42:23 - INFO - test2016 data: 285
2022-11-21 12:42:23 - INFO - test2019 data: 4366
2022-11-21 12:42:33 - INFO - epoch-0, train_loss-39.9139, train_rmse-6.3177, valid_rmse-5.8484, valid_pr-0.4100
2022-11-21 12:42:42 - INFO - epoch-1, train_loss-26.4460, train_rmse-5.1426, valid_rmse-3.5763, valid_pr-0.4668
2022-11-21 12:42:52 - INFO - epoch-2, train_loss-9.6050, train_rmse-3.0992, valid_rmse-1.8601, valid_pr-0.5567
2022-11-21 12:43:01 - INFO - epoch-3, train_loss-3.7129, train_rmse-1.9269, valid_rmse-1.8280, valid_pr-0.4624
2022-11-21 12:43:11 - INFO - epoch-4, train_loss-3.0930, train_rmse-1.7587, valid_rmse-1.7035, valid_pr-0.5031
2022-11-21 12:43:21 - INFO - epoch-5, train_loss-3.1231, train_rmse-1.7672, valid_rmse-1.5507, valid_pr-0.5548
2022-11-21 12:43:31 - INFO - epoch-6, train_loss-2.9179, train_rmse-1.7082, valid_rmse-1.5261, valid_pr-0.5764
2022-11-21 12:43:40 - INFO - epoch-7, train_loss-2.7926, train_rmse-1.6711, valid_rmse-1.4802, valid_pr-0.5998
2022-11-21 12:43:51 - INFO - epoch-8, train_loss-2.6766, train_rmse-1.6360, valid_rmse-1.4467, valid_pr-0.6246
2022-11-21 12:44:00 - INFO - epoch-9, train_loss-2.6532, train_rmse-1.6289, valid_rmse-1.4876, valid_pr-0.6126
2022-11-21 12:44:10 - INFO - epoch-10, train_loss-2.5671, train_rmse-1.6022, valid_rmse-1.4276, valid_pr-0.6407
2022-11-21 12:44:20 - INFO - epoch-11, train_loss-2.5275, train_rmse-1.5898, valid_rmse-1.5005, valid_pr-0.6030
2022-11-21 12:44:30 - INFO - epoch-12, train_loss-2.4487, train_rmse-1.5648, valid_rmse-1.5608, valid_pr-0.5740
2022-11-21 12:44:40 - INFO - epoch-13, train_loss-2.4520, train_rmse-1.5659, valid_rmse-1.4892, valid_pr-0.6016
2022-11-21 12:44:50 - INFO - epoch-14, train_loss-2.4326, train_rmse-1.5597, valid_rmse-1.4866, valid_pr-0.6466
2022-11-21 12:45:00 - INFO - epoch-15, train_loss-2.3588, train_rmse-1.5358, valid_rmse-1.3956, valid_pr-0.6547
2022-11-21 12:45:10 - INFO - epoch-16, train_loss-2.2372, train_rmse-1.4957, valid_rmse-1.3966, valid_pr-0.6617
2022-11-21 12:45:21 - INFO - epoch-17, train_loss-2.2199, train_rmse-1.4899, valid_rmse-1.3891, valid_pr-0.6635
2022-11-21 12:45:31 - INFO - epoch-18, train_loss-2.1878, train_rmse-1.4791, valid_rmse-1.4215, valid_pr-0.6774
2022-11-21 12:45:41 - INFO - epoch-19, train_loss-2.1267, train_rmse-1.4583, valid_rmse-1.4756, valid_pr-0.6537
2022-11-21 12:45:52 - INFO - epoch-20, train_loss-2.1302, train_rmse-1.4595, valid_rmse-1.4763, valid_pr-0.6487
2022-11-21 12:46:03 - INFO - epoch-21, train_loss-2.1238, train_rmse-1.4573, valid_rmse-1.3942, valid_pr-0.6625
2022-11-21 12:46:14 - INFO - epoch-22, train_loss-2.0401, train_rmse-1.4283, valid_rmse-1.4307, valid_pr-0.6719
2022-11-21 12:46:25 - INFO - epoch-23, train_loss-1.9986, train_rmse-1.4137, valid_rmse-1.4131, valid_pr-0.6554
2022-11-21 12:46:36 - INFO - epoch-24, train_loss-2.0236, train_rmse-1.4225, valid_rmse-1.3494, valid_pr-0.6879
2022-11-21 12:46:47 - INFO - epoch-25, train_loss-1.8801, train_rmse-1.3712, valid_rmse-1.3657, valid_pr-0.6774
2022-11-21 12:46:58 - INFO - epoch-26, train_loss-1.8803, train_rmse-1.3712, valid_rmse-1.3729, valid_pr-0.6758
2022-11-21 12:47:08 - INFO - epoch-27, train_loss-1.8556, train_rmse-1.3622, valid_rmse-1.3519, valid_pr-0.6961
2022-11-21 12:47:18 - INFO - epoch-28, train_loss-1.7917, train_rmse-1.3386, valid_rmse-1.3856, valid_pr-0.6831
2022-11-21 12:47:28 - INFO - epoch-29, train_loss-1.8367, train_rmse-1.3553, valid_rmse-1.3479, valid_pr-0.6877
2022-11-21 12:47:38 - INFO - epoch-30, train_loss-1.8023, train_rmse-1.3425, valid_rmse-1.3783, valid_pr-0.6707
2022-11-21 12:47:48 - INFO - epoch-31, train_loss-1.6555, train_rmse-1.2867, valid_rmse-1.3464, valid_pr-0.6922
2022-11-21 12:47:58 - INFO - epoch-32, train_loss-1.6401, train_rmse-1.2807, valid_rmse-1.3194, valid_pr-0.7092
2022-11-21 12:48:08 - INFO - epoch-33, train_loss-1.6370, train_rmse-1.2794, valid_rmse-1.3091, valid_pr-0.7065
2022-11-21 12:48:19 - INFO - epoch-34, train_loss-1.6011, train_rmse-1.2654, valid_rmse-1.3379, valid_pr-0.6959
2022-11-21 12:48:29 - INFO - epoch-35, train_loss-1.5832, train_rmse-1.2582, valid_rmse-1.3676, valid_pr-0.6868
2022-11-21 12:48:40 - INFO - epoch-36, train_loss-1.5767, train_rmse-1.2557, valid_rmse-1.3529, valid_pr-0.6829
2022-11-21 12:48:51 - INFO - epoch-37, train_loss-1.4954, train_rmse-1.2229, valid_rmse-1.3147, valid_pr-0.7102
2022-11-21 12:49:02 - INFO - epoch-38, train_loss-1.4919, train_rmse-1.2214, valid_rmse-1.3371, valid_pr-0.6931
2022-11-21 12:49:13 - INFO - epoch-39, train_loss-1.4263, train_rmse-1.1943, valid_rmse-1.3393, valid_pr-0.6986
2022-11-21 12:49:24 - INFO - epoch-40, train_loss-1.3699, train_rmse-1.1704, valid_rmse-1.3189, valid_pr-0.7066
2022-11-21 12:49:35 - INFO - epoch-41, train_loss-1.3966, train_rmse-1.1818, valid_rmse-1.3092, valid_pr-0.7097
2022-11-21 12:49:46 - INFO - epoch-42, train_loss-1.3652, train_rmse-1.1684, valid_rmse-1.3382, valid_pr-0.7024
2022-11-21 12:49:57 - INFO - epoch-43, train_loss-1.3391, train_rmse-1.1572, valid_rmse-1.3578, valid_pr-0.6929
2022-11-21 12:50:08 - INFO - epoch-44, train_loss-1.2595, train_rmse-1.1223, valid_rmse-1.3709, valid_pr-0.6832
2022-11-21 12:50:18 - INFO - epoch-45, train_loss-1.2579, train_rmse-1.1216, valid_rmse-1.3649, valid_pr-0.6884
2022-11-21 12:50:30 - INFO - epoch-46, train_loss-1.2081, train_rmse-1.0992, valid_rmse-1.3249, valid_pr-0.7024
2022-11-21 12:50:40 - INFO - epoch-47, train_loss-1.2366, train_rmse-1.1120, valid_rmse-1.3685, valid_pr-0.6845
2022-11-21 12:50:51 - INFO - epoch-48, train_loss-1.1980, train_rmse-1.0945, valid_rmse-1.3360, valid_pr-0.7075
2022-11-21 12:51:02 - INFO - epoch-49, train_loss-1.1311, train_rmse-1.0635, valid_rmse-1.3211, valid_pr-0.7105
2022-11-21 12:51:13 - INFO - epoch-50, train_loss-1.1572, train_rmse-1.0757, valid_rmse-1.3259, valid_pr-0.6975
2022-11-21 12:51:24 - INFO - epoch-51, train_loss-1.0959, train_rmse-1.0469, valid_rmse-1.3555, valid_pr-0.6884
2022-11-21 12:51:35 - INFO - epoch-52, train_loss-1.0834, train_rmse-1.0409, valid_rmse-1.3432, valid_pr-0.6953
2022-11-21 12:51:46 - INFO - epoch-53, train_loss-1.0644, train_rmse-1.0317, valid_rmse-1.3069, valid_pr-0.7080
2022-11-21 12:51:57 - INFO - epoch-54, train_loss-1.0284, train_rmse-1.0141, valid_rmse-1.3738, valid_pr-0.6849
2022-11-21 12:52:08 - INFO - epoch-55, train_loss-0.9968, train_rmse-0.9984, valid_rmse-1.3087, valid_pr-0.7095
2022-11-21 12:52:19 - INFO - epoch-56, train_loss-0.9703, train_rmse-0.9851, valid_rmse-1.3325, valid_pr-0.7050
2022-11-21 12:52:30 - INFO - epoch-57, train_loss-0.9476, train_rmse-0.9735, valid_rmse-1.3149, valid_pr-0.7150
2022-11-21 12:52:40 - INFO - epoch-58, train_loss-0.9431, train_rmse-0.9711, valid_rmse-1.2880, valid_pr-0.7226
2022-11-21 12:52:51 - INFO - epoch-59, train_loss-0.9105, train_rmse-0.9542, valid_rmse-1.3389, valid_pr-0.7154
2022-11-21 12:53:02 - INFO - epoch-60, train_loss-0.9048, train_rmse-0.9512, valid_rmse-1.3382, valid_pr-0.7289
2022-11-21 12:53:13 - INFO - epoch-61, train_loss-0.8582, train_rmse-0.9264, valid_rmse-1.2867, valid_pr-0.7248
2022-11-21 12:53:24 - INFO - epoch-62, train_loss-0.8343, train_rmse-0.9134, valid_rmse-1.3086, valid_pr-0.7166
2022-11-21 12:53:35 - INFO - epoch-63, train_loss-0.8251, train_rmse-0.9083, valid_rmse-1.3008, valid_pr-0.7162
2022-11-21 12:53:46 - INFO - epoch-64, train_loss-0.7944, train_rmse-0.8913, valid_rmse-1.3004, valid_pr-0.7127
2022-11-21 12:53:56 - INFO - epoch-65, train_loss-0.8080, train_rmse-0.8989, valid_rmse-1.2859, valid_pr-0.7309
2022-11-21 12:54:08 - INFO - epoch-66, train_loss-0.7617, train_rmse-0.8728, valid_rmse-1.3054, valid_pr-0.7150
2022-11-21 12:54:19 - INFO - epoch-67, train_loss-0.7273, train_rmse-0.8528, valid_rmse-1.2806, valid_pr-0.7330
2022-11-21 12:54:30 - INFO - epoch-68, train_loss-0.7328, train_rmse-0.8560, valid_rmse-1.3097, valid_pr-0.7114
2022-11-21 12:54:41 - INFO - epoch-69, train_loss-0.7263, train_rmse-0.8522, valid_rmse-1.2931, valid_pr-0.7220
2022-11-21 12:54:52 - INFO - epoch-70, train_loss-0.7302, train_rmse-0.8545, valid_rmse-1.3031, valid_pr-0.7217
2022-11-21 12:55:03 - INFO - epoch-71, train_loss-0.7150, train_rmse-0.8456, valid_rmse-1.3148, valid_pr-0.7204
2022-11-21 12:55:14 - INFO - epoch-72, train_loss-0.6783, train_rmse-0.8236, valid_rmse-1.2779, valid_pr-0.7285
2022-11-21 12:55:25 - INFO - epoch-73, train_loss-0.6753, train_rmse-0.8217, valid_rmse-1.2712, valid_pr-0.7278
2022-11-21 12:55:36 - INFO - epoch-74, train_loss-0.6659, train_rmse-0.8161, valid_rmse-1.3008, valid_pr-0.7214
2022-11-21 12:55:46 - INFO - epoch-75, train_loss-0.6493, train_rmse-0.8058, valid_rmse-1.2867, valid_pr-0.7256
2022-11-21 12:55:57 - INFO - epoch-76, train_loss-0.6516, train_rmse-0.8072, valid_rmse-1.3064, valid_pr-0.7285
2022-11-21 12:56:08 - INFO - epoch-77, train_loss-0.6182, train_rmse-0.7863, valid_rmse-1.3040, valid_pr-0.7189
2022-11-21 12:56:20 - INFO - epoch-78, train_loss-0.6322, train_rmse-0.7951, valid_rmse-1.2746, valid_pr-0.7397
2022-11-21 12:56:31 - INFO - epoch-79, train_loss-0.6058, train_rmse-0.7783, valid_rmse-1.2659, valid_pr-0.7335
2022-11-21 12:56:42 - INFO - epoch-80, train_loss-0.5826, train_rmse-0.7633, valid_rmse-1.2966, valid_pr-0.7159
2022-11-21 12:56:53 - INFO - epoch-81, train_loss-0.5831, train_rmse-0.7636, valid_rmse-1.3094, valid_pr-0.7207
2022-11-21 12:57:05 - INFO - epoch-82, train_loss-0.5743, train_rmse-0.7579, valid_rmse-1.2822, valid_pr-0.7310
2022-11-21 12:57:16 - INFO - epoch-83, train_loss-0.5561, train_rmse-0.7457, valid_rmse-1.2953, valid_pr-0.7193
2022-11-21 12:57:27 - INFO - epoch-84, train_loss-0.5470, train_rmse-0.7396, valid_rmse-1.2481, valid_pr-0.7449
2022-11-21 12:57:38 - INFO - epoch-85, train_loss-0.5626, train_rmse-0.7501, valid_rmse-1.3108, valid_pr-0.7162
2022-11-21 12:57:49 - INFO - epoch-86, train_loss-0.5236, train_rmse-0.7236, valid_rmse-1.2672, valid_pr-0.7321
2022-11-21 12:58:00 - INFO - epoch-87, train_loss-0.5308, train_rmse-0.7285, valid_rmse-1.2721, valid_pr-0.7361
2022-11-21 12:58:11 - INFO - epoch-88, train_loss-0.5149, train_rmse-0.7176, valid_rmse-1.2907, valid_pr-0.7258
2022-11-21 12:58:23 - INFO - epoch-89, train_loss-0.5023, train_rmse-0.7087, valid_rmse-1.2788, valid_pr-0.7295
2022-11-21 12:58:35 - INFO - epoch-90, train_loss-0.4990, train_rmse-0.7064, valid_rmse-1.2859, valid_pr-0.7374
2022-11-21 12:58:46 - INFO - epoch-91, train_loss-0.4894, train_rmse-0.6996, valid_rmse-1.3033, valid_pr-0.7275
2022-11-21 12:58:57 - INFO - epoch-92, train_loss-0.4878, train_rmse-0.6984, valid_rmse-1.2915, valid_pr-0.7279
2022-11-21 12:59:08 - INFO - epoch-93, train_loss-0.4962, train_rmse-0.7044, valid_rmse-1.2757, valid_pr-0.7396
2022-11-21 12:59:19 - INFO - epoch-94, train_loss-0.4782, train_rmse-0.6915, valid_rmse-1.3164, valid_pr-0.7198
2022-11-21 12:59:31 - INFO - epoch-95, train_loss-0.4718, train_rmse-0.6869, valid_rmse-1.2904, valid_pr-0.7208
2022-11-21 12:59:42 - INFO - epoch-96, train_loss-0.4540, train_rmse-0.6738, valid_rmse-1.3237, valid_pr-0.7173
2022-11-21 12:59:53 - INFO - epoch-97, train_loss-0.4472, train_rmse-0.6687, valid_rmse-1.2819, valid_pr-0.7370
2022-11-21 13:00:04 - INFO - epoch-98, train_loss-0.4607, train_rmse-0.6788, valid_rmse-1.2655, valid_pr-0.7396
2022-11-21 13:00:15 - INFO - epoch-99, train_loss-0.4481, train_rmse-0.6694, valid_rmse-1.2539, valid_pr-0.7454
2022-11-21 13:00:26 - INFO - epoch-100, train_loss-0.4320, train_rmse-0.6573, valid_rmse-1.2880, valid_pr-0.7308
2022-11-21 13:00:37 - INFO - epoch-101, train_loss-0.4326, train_rmse-0.6577, valid_rmse-1.2531, valid_pr-0.7358
2022-11-21 13:00:49 - INFO - epoch-102, train_loss-0.4352, train_rmse-0.6597, valid_rmse-1.2811, valid_pr-0.7271
2022-11-21 13:01:00 - INFO - epoch-103, train_loss-0.4290, train_rmse-0.6550, valid_rmse-1.2705, valid_pr-0.7416
2022-11-21 13:01:11 - INFO - epoch-104, train_loss-0.4261, train_rmse-0.6528, valid_rmse-1.2990, valid_pr-0.7257
2022-11-21 13:01:22 - INFO - epoch-105, train_loss-0.4085, train_rmse-0.6391, valid_rmse-1.2601, valid_pr-0.7387
2022-11-21 13:01:33 - INFO - epoch-106, train_loss-0.4128, train_rmse-0.6425, valid_rmse-1.2929, valid_pr-0.7270
2022-11-21 13:01:44 - INFO - epoch-107, train_loss-0.4073, train_rmse-0.6382, valid_rmse-1.2557, valid_pr-0.7444
2022-11-21 13:01:55 - INFO - epoch-108, train_loss-0.3924, train_rmse-0.6264, valid_rmse-1.2784, valid_pr-0.7424
2022-11-21 13:02:06 - INFO - epoch-109, train_loss-0.4011, train_rmse-0.6333, valid_rmse-1.2993, valid_pr-0.7302
2022-11-21 13:02:16 - INFO - epoch-110, train_loss-0.3919, train_rmse-0.6260, valid_rmse-1.2375, valid_pr-0.7487
2022-11-21 13:02:27 - INFO - epoch-111, train_loss-0.4004, train_rmse-0.6328, valid_rmse-1.2566, valid_pr-0.7408
2022-11-21 13:02:39 - INFO - epoch-112, train_loss-0.3826, train_rmse-0.6185, valid_rmse-1.3018, valid_pr-0.7343
2022-11-21 13:02:49 - INFO - epoch-113, train_loss-0.3754, train_rmse-0.6127, valid_rmse-1.2850, valid_pr-0.7421
2022-11-21 13:03:00 - INFO - epoch-114, train_loss-0.3800, train_rmse-0.6164, valid_rmse-1.2655, valid_pr-0.7437
2022-11-21 13:03:11 - INFO - epoch-115, train_loss-0.3583, train_rmse-0.5986, valid_rmse-1.2589, valid_pr-0.7482
2022-11-21 13:03:22 - INFO - epoch-116, train_loss-0.3657, train_rmse-0.6047, valid_rmse-1.2898, valid_pr-0.7435
2022-11-21 13:03:33 - INFO - epoch-117, train_loss-0.3666, train_rmse-0.6055, valid_rmse-1.2596, valid_pr-0.7447
2022-11-21 13:03:44 - INFO - epoch-118, train_loss-0.3575, train_rmse-0.5979, valid_rmse-1.2743, valid_pr-0.7326
2022-11-21 13:03:55 - INFO - epoch-119, train_loss-0.3498, train_rmse-0.5914, valid_rmse-1.2298, valid_pr-0.7537
2022-11-21 13:04:06 - INFO - epoch-120, train_loss-0.3631, train_rmse-0.6026, valid_rmse-1.2861, valid_pr-0.7402
2022-11-21 13:04:17 - INFO - epoch-121, train_loss-0.3510, train_rmse-0.5925, valid_rmse-1.2734, valid_pr-0.7300
2022-11-21 13:04:28 - INFO - epoch-122, train_loss-0.3607, train_rmse-0.6006, valid_rmse-1.2763, valid_pr-0.7465
2022-11-21 13:04:39 - INFO - epoch-123, train_loss-0.3453, train_rmse-0.5876, valid_rmse-1.2384, valid_pr-0.7438
2022-11-21 13:04:50 - INFO - epoch-124, train_loss-0.3366, train_rmse-0.5801, valid_rmse-1.2449, valid_pr-0.7444
2022-11-21 13:05:01 - INFO - epoch-125, train_loss-0.3325, train_rmse-0.5766, valid_rmse-1.2875, valid_pr-0.7327
2022-11-21 13:05:12 - INFO - epoch-126, train_loss-0.3353, train_rmse-0.5790, valid_rmse-1.2505, valid_pr-0.7398
2022-11-21 13:05:23 - INFO - epoch-127, train_loss-0.3283, train_rmse-0.5729, valid_rmse-1.2813, valid_pr-0.7425
2022-11-21 13:05:34 - INFO - epoch-128, train_loss-0.3280, train_rmse-0.5727, valid_rmse-1.2828, valid_pr-0.7331
2022-11-21 13:05:44 - INFO - epoch-129, train_loss-0.3137, train_rmse-0.5601, valid_rmse-1.2696, valid_pr-0.7417
2022-11-21 13:05:55 - INFO - epoch-130, train_loss-0.3145, train_rmse-0.5608, valid_rmse-1.2581, valid_pr-0.7540
2022-11-21 13:06:06 - INFO - epoch-131, train_loss-0.3148, train_rmse-0.5611, valid_rmse-1.2687, valid_pr-0.7344
2022-11-21 13:06:17 - INFO - epoch-132, train_loss-0.3210, train_rmse-0.5666, valid_rmse-1.2400, valid_pr-0.7457
2022-11-21 13:06:28 - INFO - epoch-133, train_loss-0.3302, train_rmse-0.5747, valid_rmse-1.2756, valid_pr-0.7407
2022-11-21 13:06:39 - INFO - epoch-134, train_loss-0.3109, train_rmse-0.5576, valid_rmse-1.2632, valid_pr-0.7404
2022-11-21 13:06:49 - INFO - epoch-135, train_loss-0.3040, train_rmse-0.5514, valid_rmse-1.2643, valid_pr-0.7383
2022-11-21 13:07:00 - INFO - epoch-136, train_loss-0.2992, train_rmse-0.5470, valid_rmse-1.2609, valid_pr-0.7473
2022-11-21 13:07:11 - INFO - epoch-137, train_loss-0.2969, train_rmse-0.5449, valid_rmse-1.2643, valid_pr-0.7381
2022-11-21 13:07:23 - INFO - epoch-138, train_loss-0.2993, train_rmse-0.5471, valid_rmse-1.2542, valid_pr-0.7460
2022-11-21 13:07:33 - INFO - epoch-139, train_loss-0.2982, train_rmse-0.5461, valid_rmse-1.2785, valid_pr-0.7410
2022-11-21 13:07:44 - INFO - epoch-140, train_loss-0.2915, train_rmse-0.5399, valid_rmse-1.2515, valid_pr-0.7408
2022-11-21 13:07:55 - INFO - epoch-141, train_loss-0.2961, train_rmse-0.5441, valid_rmse-1.2582, valid_pr-0.7445
2022-11-21 13:08:06 - INFO - epoch-142, train_loss-0.2895, train_rmse-0.5380, valid_rmse-1.2662, valid_pr-0.7411
2022-11-21 13:08:17 - INFO - epoch-143, train_loss-0.2904, train_rmse-0.5389, valid_rmse-1.2911, valid_pr-0.7429
2022-11-21 13:08:27 - INFO - epoch-144, train_loss-0.2952, train_rmse-0.5433, valid_rmse-1.2684, valid_pr-0.7388
2022-11-21 13:08:39 - INFO - epoch-145, train_loss-0.2944, train_rmse-0.5426, valid_rmse-1.2351, valid_pr-0.7456
2022-11-21 13:08:49 - INFO - epoch-146, train_loss-0.2867, train_rmse-0.5354, valid_rmse-1.2457, valid_pr-0.7469
2022-11-21 13:09:00 - INFO - epoch-147, train_loss-0.2819, train_rmse-0.5309, valid_rmse-1.2453, valid_pr-0.7460
2022-11-21 13:09:11 - INFO - epoch-148, train_loss-0.2797, train_rmse-0.5288, valid_rmse-1.2660, valid_pr-0.7346
2022-11-21 13:09:22 - INFO - epoch-149, train_loss-0.2813, train_rmse-0.5304, valid_rmse-1.2588, valid_pr-0.7517
2022-11-21 13:09:33 - INFO - epoch-150, train_loss-0.2751, train_rmse-0.5245, valid_rmse-1.2369, valid_pr-0.7471
2022-11-21 13:09:44 - INFO - epoch-151, train_loss-0.2705, train_rmse-0.5201, valid_rmse-1.2520, valid_pr-0.7436
2022-11-21 13:09:55 - INFO - epoch-152, train_loss-0.2701, train_rmse-0.5197, valid_rmse-1.2476, valid_pr-0.7427
2022-11-21 13:10:06 - INFO - epoch-153, train_loss-0.2779, train_rmse-0.5272, valid_rmse-1.3040, valid_pr-0.7391
2022-11-21 13:10:17 - INFO - epoch-154, train_loss-0.2707, train_rmse-0.5203, valid_rmse-1.2588, valid_pr-0.7412
2022-11-21 13:10:28 - INFO - epoch-155, train_loss-0.2570, train_rmse-0.5070, valid_rmse-1.2372, valid_pr-0.7535
2022-11-21 13:10:38 - INFO - epoch-156, train_loss-0.2577, train_rmse-0.5076, valid_rmse-1.3147, valid_pr-0.7314
2022-11-21 13:10:49 - INFO - epoch-157, train_loss-0.2768, train_rmse-0.5261, valid_rmse-1.2599, valid_pr-0.7418
2022-11-21 13:11:00 - INFO - epoch-158, train_loss-0.2634, train_rmse-0.5132, valid_rmse-1.2634, valid_pr-0.7441
2022-11-21 13:11:11 - INFO - epoch-159, train_loss-0.2550, train_rmse-0.5050, valid_rmse-1.2604, valid_pr-0.7402
2022-11-21 13:11:22 - INFO - epoch-160, train_loss-0.2676, train_rmse-0.5173, valid_rmse-1.2747, valid_pr-0.7348
2022-11-21 13:11:33 - INFO - epoch-161, train_loss-0.2560, train_rmse-0.5060, valid_rmse-1.2510, valid_pr-0.7426
2022-11-21 13:11:44 - INFO - epoch-162, train_loss-0.2620, train_rmse-0.5119, valid_rmse-1.2593, valid_pr-0.7442
2022-11-21 13:11:55 - INFO - epoch-163, train_loss-0.2580, train_rmse-0.5080, valid_rmse-1.2440, valid_pr-0.7477
2022-11-21 13:12:05 - INFO - epoch-164, train_loss-0.2534, train_rmse-0.5034, valid_rmse-1.2468, valid_pr-0.7433
2022-11-21 13:12:17 - INFO - epoch-165, train_loss-0.2419, train_rmse-0.4918, valid_rmse-1.2537, valid_pr-0.7505
2022-11-21 13:12:28 - INFO - epoch-166, train_loss-0.2573, train_rmse-0.5073, valid_rmse-1.2895, valid_pr-0.7264
2022-11-21 13:12:38 - INFO - epoch-167, train_loss-0.2547, train_rmse-0.5047, valid_rmse-1.2691, valid_pr-0.7320
2022-11-21 13:12:49 - INFO - epoch-168, train_loss-0.2594, train_rmse-0.5093, valid_rmse-1.2539, valid_pr-0.7422
2022-11-21 13:13:01 - INFO - epoch-169, train_loss-0.2416, train_rmse-0.4915, valid_rmse-1.2444, valid_pr-0.7481
2022-11-21 13:13:12 - INFO - epoch-170, train_loss-0.2448, train_rmse-0.4948, valid_rmse-1.2517, valid_pr-0.7453
2022-11-21 13:13:23 - INFO - epoch-171, train_loss-0.2400, train_rmse-0.4899, valid_rmse-1.2490, valid_pr-0.7460
2022-11-21 13:13:34 - INFO - epoch-172, train_loss-0.2391, train_rmse-0.4890, valid_rmse-1.2241, valid_pr-0.7547
2022-11-21 13:13:45 - INFO - epoch-173, train_loss-0.2493, train_rmse-0.4993, valid_rmse-1.2771, valid_pr-0.7320
2022-11-21 13:13:56 - INFO - epoch-174, train_loss-0.2331, train_rmse-0.4828, valid_rmse-1.2316, valid_pr-0.7486
2022-11-21 13:14:07 - INFO - epoch-175, train_loss-0.2297, train_rmse-0.4793, valid_rmse-1.2370, valid_pr-0.7515
2022-11-21 13:14:18 - INFO - epoch-176, train_loss-0.2222, train_rmse-0.4714, valid_rmse-1.2354, valid_pr-0.7567
2022-11-21 13:14:29 - INFO - epoch-177, train_loss-0.2261, train_rmse-0.4755, valid_rmse-1.2384, valid_pr-0.7512
2022-11-21 13:14:40 - INFO - epoch-178, train_loss-0.2304, train_rmse-0.4800, valid_rmse-1.2500, valid_pr-0.7537
2022-11-21 13:14:51 - INFO - epoch-179, train_loss-0.2262, train_rmse-0.4756, valid_rmse-1.2446, valid_pr-0.7441
2022-11-21 13:15:02 - INFO - epoch-180, train_loss-0.2387, train_rmse-0.4886, valid_rmse-1.2550, valid_pr-0.7449
2022-11-21 13:15:13 - INFO - epoch-181, train_loss-0.2366, train_rmse-0.4864, valid_rmse-1.2632, valid_pr-0.7398
2022-11-21 13:15:24 - INFO - epoch-182, train_loss-0.2235, train_rmse-0.4728, valid_rmse-1.2532, valid_pr-0.7423
2022-11-21 13:15:35 - INFO - epoch-183, train_loss-0.2324, train_rmse-0.4821, valid_rmse-1.2726, valid_pr-0.7358
2022-11-21 13:15:46 - INFO - epoch-184, train_loss-0.2252, train_rmse-0.4746, valid_rmse-1.2471, valid_pr-0.7490
2022-11-21 13:15:57 - INFO - epoch-185, train_loss-0.2206, train_rmse-0.4697, valid_rmse-1.2551, valid_pr-0.7510
2022-11-21 13:16:08 - INFO - epoch-186, train_loss-0.2294, train_rmse-0.4789, valid_rmse-1.2847, valid_pr-0.7361
2022-11-21 13:16:19 - INFO - epoch-187, train_loss-0.2134, train_rmse-0.4620, valid_rmse-1.2466, valid_pr-0.7448
2022-11-21 13:16:30 - INFO - epoch-188, train_loss-0.2213, train_rmse-0.4704, valid_rmse-1.2633, valid_pr-0.7463
2022-11-21 13:16:40 - INFO - epoch-189, train_loss-0.2153, train_rmse-0.4640, valid_rmse-1.2485, valid_pr-0.7467
2022-11-21 13:16:51 - INFO - epoch-190, train_loss-0.2304, train_rmse-0.4800, valid_rmse-1.2863, valid_pr-0.7371
2022-11-21 13:17:02 - INFO - epoch-191, train_loss-0.2203, train_rmse-0.4693, valid_rmse-1.2827, valid_pr-0.7317
2022-11-21 13:17:13 - INFO - epoch-192, train_loss-0.2220, train_rmse-0.4712, valid_rmse-1.2614, valid_pr-0.7363
2022-11-21 13:17:24 - INFO - epoch-193, train_loss-0.2191, train_rmse-0.4681, valid_rmse-1.2511, valid_pr-0.7461
2022-11-21 13:17:35 - INFO - epoch-194, train_loss-0.2320, train_rmse-0.4817, valid_rmse-1.2721, valid_pr-0.7454
2022-11-21 13:17:45 - INFO - epoch-195, train_loss-0.2381, train_rmse-0.4880, valid_rmse-1.2663, valid_pr-0.7461
2022-11-21 13:17:56 - INFO - epoch-196, train_loss-0.2063, train_rmse-0.4542, valid_rmse-1.2661, valid_pr-0.7416
2022-11-21 13:18:07 - INFO - epoch-197, train_loss-0.2139, train_rmse-0.4625, valid_rmse-1.2398, valid_pr-0.7447
2022-11-21 13:18:18 - INFO - epoch-198, train_loss-0.2204, train_rmse-0.4695, valid_rmse-1.2386, valid_pr-0.7507
2022-11-21 13:18:28 - INFO - epoch-199, train_loss-0.2278, train_rmse-0.4773, valid_rmse-1.2741, valid_pr-0.7364
2022-11-21 13:18:39 - INFO - epoch-200, train_loss-0.1975, train_rmse-0.4444, valid_rmse-1.2549, valid_pr-0.7433
2022-11-21 13:18:50 - INFO - epoch-201, train_loss-0.2028, train_rmse-0.4503, valid_rmse-1.2445, valid_pr-0.7539
2022-11-21 13:19:01 - INFO - epoch-202, train_loss-0.2054, train_rmse-0.4532, valid_rmse-1.2449, valid_pr-0.7506
2022-11-21 13:19:12 - INFO - epoch-203, train_loss-0.2016, train_rmse-0.4490, valid_rmse-1.2747, valid_pr-0.7387
2022-11-21 13:19:23 - INFO - epoch-204, train_loss-0.2104, train_rmse-0.4587, valid_rmse-1.2426, valid_pr-0.7438
2022-11-21 13:19:34 - INFO - epoch-205, train_loss-0.2059, train_rmse-0.4537, valid_rmse-1.2467, valid_pr-0.7451
2022-11-21 13:19:45 - INFO - epoch-206, train_loss-0.2034, train_rmse-0.4510, valid_rmse-1.2502, valid_pr-0.7431
2022-11-21 13:19:56 - INFO - epoch-207, train_loss-0.2124, train_rmse-0.4609, valid_rmse-1.2331, valid_pr-0.7534
2022-11-21 13:20:06 - INFO - epoch-208, train_loss-0.2063, train_rmse-0.4542, valid_rmse-1.2636, valid_pr-0.7433
2022-11-21 13:20:17 - INFO - epoch-209, train_loss-0.2054, train_rmse-0.4532, valid_rmse-1.2319, valid_pr-0.7535
2022-11-21 13:20:28 - INFO - epoch-210, train_loss-0.1917, train_rmse-0.4378, valid_rmse-1.2608, valid_pr-0.7466
2022-11-21 13:20:39 - INFO - epoch-211, train_loss-0.2016, train_rmse-0.4490, valid_rmse-1.2575, valid_pr-0.7458
2022-11-21 13:20:50 - INFO - epoch-212, train_loss-0.2171, train_rmse-0.4659, valid_rmse-1.2520, valid_pr-0.7425
2022-11-21 13:21:01 - INFO - epoch-213, train_loss-0.1967, train_rmse-0.4435, valid_rmse-1.2502, valid_pr-0.7530
2022-11-21 13:21:12 - INFO - epoch-214, train_loss-0.1955, train_rmse-0.4421, valid_rmse-1.2310, valid_pr-0.7502
2022-11-21 13:21:23 - INFO - epoch-215, train_loss-0.1974, train_rmse-0.4443, valid_rmse-1.2438, valid_pr-0.7540
2022-11-21 13:21:34 - INFO - epoch-216, train_loss-0.1935, train_rmse-0.4399, valid_rmse-1.2570, valid_pr-0.7553
2022-11-21 13:21:45 - INFO - epoch-217, train_loss-0.1938, train_rmse-0.4402, valid_rmse-1.2437, valid_pr-0.7450
2022-11-21 13:21:56 - INFO - epoch-218, train_loss-0.2007, train_rmse-0.4480, valid_rmse-1.2641, valid_pr-0.7418
2022-11-21 13:22:07 - INFO - epoch-219, train_loss-0.1886, train_rmse-0.4342, valid_rmse-1.2660, valid_pr-0.7427
2022-11-21 13:22:18 - INFO - epoch-220, train_loss-0.1998, train_rmse-0.4470, valid_rmse-1.2473, valid_pr-0.7433
2022-11-21 13:22:29 - INFO - epoch-221, train_loss-0.1860, train_rmse-0.4313, valid_rmse-1.2658, valid_pr-0.7501
2022-11-21 13:22:40 - INFO - epoch-222, train_loss-0.1877, train_rmse-0.4333, valid_rmse-1.2405, valid_pr-0.7450
2022-11-21 13:22:51 - INFO - epoch-223, train_loss-0.1999, train_rmse-0.4471, valid_rmse-1.2461, valid_pr-0.7455
2022-11-21 13:23:02 - INFO - epoch-224, train_loss-0.1893, train_rmse-0.4350, valid_rmse-1.2590, valid_pr-0.7392
2022-11-21 13:23:13 - INFO - epoch-225, train_loss-0.1835, train_rmse-0.4284, valid_rmse-1.2853, valid_pr-0.7340
2022-11-21 13:23:23 - INFO - epoch-226, train_loss-0.1806, train_rmse-0.4250, valid_rmse-1.2283, valid_pr-0.7522
2022-11-21 13:23:34 - INFO - epoch-227, train_loss-0.1840, train_rmse-0.4289, valid_rmse-1.2759, valid_pr-0.7467
2022-11-21 13:23:45 - INFO - epoch-228, train_loss-0.1775, train_rmse-0.4213, valid_rmse-1.2489, valid_pr-0.7544
2022-11-21 13:23:56 - INFO - epoch-229, train_loss-0.1856, train_rmse-0.4308, valid_rmse-1.2249, valid_pr-0.7518
2022-11-21 13:24:07 - INFO - epoch-230, train_loss-0.1903, train_rmse-0.4362, valid_rmse-1.2483, valid_pr-0.7501
2022-11-21 13:24:18 - INFO - epoch-231, train_loss-0.1878, train_rmse-0.4334, valid_rmse-1.2492, valid_pr-0.7429
2022-11-21 13:24:29 - INFO - epoch-232, train_loss-0.1833, train_rmse-0.4281, valid_rmse-1.2802, valid_pr-0.7423
2022-11-21 13:24:40 - INFO - epoch-233, train_loss-0.1899, train_rmse-0.4358, valid_rmse-1.2799, valid_pr-0.7471
2022-11-21 13:24:51 - INFO - epoch-234, train_loss-0.1948, train_rmse-0.4414, valid_rmse-1.2484, valid_pr-0.7500
2022-11-21 13:25:02 - INFO - epoch-235, train_loss-0.1862, train_rmse-0.4315, valid_rmse-1.2486, valid_pr-0.7437
2022-11-21 13:25:13 - INFO - epoch-236, train_loss-0.1793, train_rmse-0.4235, valid_rmse-1.2410, valid_pr-0.7477
2022-11-21 13:25:24 - INFO - epoch-237, train_loss-0.1837, train_rmse-0.4286, valid_rmse-1.2694, valid_pr-0.7422
2022-11-21 13:25:35 - INFO - epoch-238, train_loss-0.1922, train_rmse-0.4384, valid_rmse-1.2474, valid_pr-0.7495
2022-11-21 13:25:46 - INFO - epoch-239, train_loss-0.1855, train_rmse-0.4307, valid_rmse-1.2348, valid_pr-0.7501
2022-11-21 13:25:57 - INFO - epoch-240, train_loss-0.1819, train_rmse-0.4265, valid_rmse-1.2683, valid_pr-0.7519
2022-11-21 13:26:07 - INFO - epoch-241, train_loss-0.1778, train_rmse-0.4217, valid_rmse-1.2324, valid_pr-0.7517
2022-11-21 13:26:18 - INFO - epoch-242, train_loss-0.1801, train_rmse-0.4244, valid_rmse-1.2441, valid_pr-0.7508
2022-11-21 13:26:30 - INFO - epoch-243, train_loss-0.1765, train_rmse-0.4202, valid_rmse-1.2290, valid_pr-0.7534
2022-11-21 13:26:41 - INFO - epoch-244, train_loss-0.1725, train_rmse-0.4153, valid_rmse-1.2587, valid_pr-0.7524
2022-11-21 13:26:52 - INFO - epoch-245, train_loss-0.1826, train_rmse-0.4273, valid_rmse-1.2355, valid_pr-0.7505
2022-11-21 13:27:03 - INFO - epoch-246, train_loss-0.1716, train_rmse-0.4143, valid_rmse-1.2508, valid_pr-0.7481
2022-11-21 13:27:15 - INFO - epoch-247, train_loss-0.1669, train_rmse-0.4085, valid_rmse-1.2372, valid_pr-0.7511
2022-11-21 13:27:26 - INFO - epoch-248, train_loss-0.1776, train_rmse-0.4214, valid_rmse-1.2406, valid_pr-0.7526
2022-11-21 13:27:37 - INFO - epoch-249, train_loss-0.1742, train_rmse-0.4173, valid_rmse-1.2287, valid_pr-0.7602
2022-11-21 13:27:48 - INFO - epoch-250, train_loss-0.1742, train_rmse-0.4174, valid_rmse-1.2387, valid_pr-0.7510
2022-11-21 13:27:59 - INFO - epoch-251, train_loss-0.1744, train_rmse-0.4176, valid_rmse-1.2512, valid_pr-0.7521
2022-11-21 13:28:11 - INFO - epoch-252, train_loss-0.1635, train_rmse-0.4044, valid_rmse-1.2804, valid_pr-0.7470
2022-11-21 13:28:22 - INFO - epoch-253, train_loss-0.1679, train_rmse-0.4097, valid_rmse-1.2417, valid_pr-0.7491
2022-11-21 13:28:34 - INFO - epoch-254, train_loss-0.1699, train_rmse-0.4122, valid_rmse-1.2293, valid_pr-0.7512
2022-11-21 13:28:45 - INFO - epoch-255, train_loss-0.1679, train_rmse-0.4098, valid_rmse-1.2489, valid_pr-0.7509
2022-11-21 13:28:56 - INFO - epoch-256, train_loss-0.1688, train_rmse-0.4109, valid_rmse-1.2507, valid_pr-0.7459
2022-11-21 13:29:08 - INFO - epoch-257, train_loss-0.1679, train_rmse-0.4098, valid_rmse-1.2360, valid_pr-0.7512
2022-11-21 13:29:19 - INFO - epoch-258, train_loss-0.1708, train_rmse-0.4132, valid_rmse-1.2533, valid_pr-0.7492
2022-11-21 13:29:30 - INFO - epoch-259, train_loss-0.1751, train_rmse-0.4184, valid_rmse-1.2617, valid_pr-0.7452
2022-11-21 13:29:41 - INFO - epoch-260, train_loss-0.1655, train_rmse-0.4068, valid_rmse-1.2413, valid_pr-0.7508
2022-11-21 13:29:52 - INFO - epoch-261, train_loss-0.1727, train_rmse-0.4156, valid_rmse-1.2382, valid_pr-0.7540
2022-11-21 13:30:03 - INFO - epoch-262, train_loss-0.1638, train_rmse-0.4047, valid_rmse-1.2450, valid_pr-0.7545
2022-11-21 13:30:14 - INFO - epoch-263, train_loss-0.1696, train_rmse-0.4118, valid_rmse-1.2378, valid_pr-0.7531
2022-11-21 13:30:25 - INFO - epoch-264, train_loss-0.1683, train_rmse-0.4102, valid_rmse-1.2317, valid_pr-0.7495
2022-11-21 13:30:36 - INFO - epoch-265, train_loss-0.1651, train_rmse-0.4063, valid_rmse-1.2577, valid_pr-0.7506
2022-11-21 13:30:47 - INFO - epoch-266, train_loss-0.1634, train_rmse-0.4043, valid_rmse-1.2618, valid_pr-0.7475
2022-11-21 13:30:58 - INFO - epoch-267, train_loss-0.1688, train_rmse-0.4109, valid_rmse-1.2255, valid_pr-0.7567
2022-11-21 13:31:09 - INFO - epoch-268, train_loss-0.1748, train_rmse-0.4180, valid_rmse-1.2282, valid_pr-0.7505
2022-11-21 13:31:20 - INFO - epoch-269, train_loss-0.1671, train_rmse-0.4088, valid_rmse-1.2355, valid_pr-0.7509
2022-11-21 13:31:30 - INFO - epoch-270, train_loss-0.1638, train_rmse-0.4048, valid_rmse-1.2239, valid_pr-0.7566
2022-11-21 13:31:41 - INFO - epoch-271, train_loss-0.1659, train_rmse-0.4074, valid_rmse-1.2302, valid_pr-0.7557
2022-11-21 13:31:52 - INFO - epoch-272, train_loss-0.1581, train_rmse-0.3976, valid_rmse-1.2316, valid_pr-0.7512
2022-11-21 13:32:03 - INFO - epoch-273, train_loss-0.1571, train_rmse-0.3964, valid_rmse-1.2351, valid_pr-0.7494
2022-11-21 13:32:14 - INFO - epoch-274, train_loss-0.1728, train_rmse-0.4157, valid_rmse-1.2554, valid_pr-0.7472
2022-11-21 13:32:25 - INFO - epoch-275, train_loss-0.1648, train_rmse-0.4060, valid_rmse-1.2731, valid_pr-0.7438
2022-11-21 13:32:36 - INFO - epoch-276, train_loss-0.1541, train_rmse-0.3926, valid_rmse-1.2162, valid_pr-0.7562
2022-11-21 13:32:47 - INFO - epoch-277, train_loss-0.1557, train_rmse-0.3946, valid_rmse-1.2450, valid_pr-0.7501
2022-11-21 13:32:58 - INFO - epoch-278, train_loss-0.1566, train_rmse-0.3957, valid_rmse-1.2178, valid_pr-0.7605
2022-11-21 13:33:09 - INFO - epoch-279, train_loss-0.1618, train_rmse-0.4022, valid_rmse-1.2541, valid_pr-0.7486
2022-11-21 13:33:20 - INFO - epoch-280, train_loss-0.1647, train_rmse-0.4058, valid_rmse-1.2498, valid_pr-0.7500
2022-11-21 13:33:31 - INFO - epoch-281, train_loss-0.1677, train_rmse-0.4095, valid_rmse-1.2346, valid_pr-0.7565
2022-11-21 13:33:42 - INFO - epoch-282, train_loss-0.1638, train_rmse-0.4047, valid_rmse-1.2336, valid_pr-0.7530
2022-11-21 13:33:53 - INFO - epoch-283, train_loss-0.1550, train_rmse-0.3937, valid_rmse-1.2461, valid_pr-0.7478
2022-11-21 13:34:04 - INFO - epoch-284, train_loss-0.1569, train_rmse-0.3962, valid_rmse-1.2370, valid_pr-0.7463
2022-11-21 13:34:15 - INFO - epoch-285, train_loss-0.1550, train_rmse-0.3937, valid_rmse-1.2554, valid_pr-0.7472
2022-11-21 13:34:25 - INFO - epoch-286, train_loss-0.1557, train_rmse-0.3946, valid_rmse-1.2170, valid_pr-0.7577
2022-11-21 13:34:37 - INFO - epoch-287, train_loss-0.1620, train_rmse-0.4025, valid_rmse-1.2188, valid_pr-0.7579
2022-11-21 13:34:48 - INFO - epoch-288, train_loss-0.1569, train_rmse-0.3961, valid_rmse-1.2335, valid_pr-0.7540
2022-11-21 13:34:58 - INFO - epoch-289, train_loss-0.1563, train_rmse-0.3954, valid_rmse-1.2282, valid_pr-0.7523
2022-11-21 13:35:09 - INFO - epoch-290, train_loss-0.1523, train_rmse-0.3903, valid_rmse-1.2398, valid_pr-0.7505
2022-11-21 13:35:20 - INFO - epoch-291, train_loss-0.1495, train_rmse-0.3866, valid_rmse-1.2324, valid_pr-0.7540
2022-11-21 13:35:31 - INFO - epoch-292, train_loss-0.1581, train_rmse-0.3976, valid_rmse-1.2203, valid_pr-0.7544
2022-11-21 13:35:42 - INFO - epoch-293, train_loss-0.1582, train_rmse-0.3978, valid_rmse-1.2254, valid_pr-0.7582
2022-11-21 13:35:53 - INFO - epoch-294, train_loss-0.1516, train_rmse-0.3893, valid_rmse-1.2152, valid_pr-0.7614
2022-11-21 13:36:04 - INFO - epoch-295, train_loss-0.1557, train_rmse-0.3946, valid_rmse-1.2208, valid_pr-0.7545
2022-11-21 13:36:15 - INFO - epoch-296, train_loss-0.1650, train_rmse-0.4061, valid_rmse-1.2607, valid_pr-0.7498
2022-11-21 13:36:25 - INFO - epoch-297, train_loss-0.1568, train_rmse-0.3959, valid_rmse-1.2410, valid_pr-0.7537
2022-11-21 13:36:36 - INFO - epoch-298, train_loss-0.1597, train_rmse-0.3997, valid_rmse-1.2547, valid_pr-0.7456
2022-11-21 13:36:46 - INFO - epoch-299, train_loss-0.1575, train_rmse-0.3968, valid_rmse-1.2713, valid_pr-0.7495
2022-11-21 13:36:57 - INFO - epoch-300, train_loss-0.1501, train_rmse-0.3875, valid_rmse-1.2515, valid_pr-0.7458
2022-11-21 13:37:08 - INFO - epoch-301, train_loss-0.1578, train_rmse-0.3973, valid_rmse-1.2411, valid_pr-0.7497
2022-11-21 13:37:20 - INFO - epoch-302, train_loss-0.1533, train_rmse-0.3915, valid_rmse-1.2279, valid_pr-0.7549
2022-11-21 13:37:31 - INFO - epoch-303, train_loss-0.1492, train_rmse-0.3862, valid_rmse-1.2312, valid_pr-0.7484
2022-11-21 13:37:42 - INFO - epoch-304, train_loss-0.1518, train_rmse-0.3896, valid_rmse-1.2265, valid_pr-0.7535
2022-11-21 13:37:53 - INFO - epoch-305, train_loss-0.1542, train_rmse-0.3927, valid_rmse-1.2316, valid_pr-0.7570
2022-11-21 13:38:04 - INFO - epoch-306, train_loss-0.1566, train_rmse-0.3957, valid_rmse-1.2261, valid_pr-0.7541
2022-11-21 13:38:14 - INFO - epoch-307, train_loss-0.1485, train_rmse-0.3854, valid_rmse-1.2550, valid_pr-0.7420
2022-11-21 13:38:25 - INFO - epoch-308, train_loss-0.1518, train_rmse-0.3896, valid_rmse-1.2355, valid_pr-0.7516
2022-11-21 13:38:36 - INFO - epoch-309, train_loss-0.1430, train_rmse-0.3782, valid_rmse-1.2330, valid_pr-0.7573
2022-11-21 13:38:47 - INFO - epoch-310, train_loss-0.1488, train_rmse-0.3857, valid_rmse-1.2527, valid_pr-0.7483
2022-11-21 13:38:58 - INFO - epoch-311, train_loss-0.1363, train_rmse-0.3692, valid_rmse-1.2867, valid_pr-0.7471
2022-11-21 13:39:09 - INFO - epoch-312, train_loss-0.1390, train_rmse-0.3728, valid_rmse-1.2221, valid_pr-0.7550
2022-11-21 13:39:20 - INFO - epoch-313, train_loss-0.1462, train_rmse-0.3823, valid_rmse-1.2225, valid_pr-0.7524
2022-11-21 13:39:30 - INFO - epoch-314, train_loss-0.1506, train_rmse-0.3881, valid_rmse-1.2392, valid_pr-0.7455
2022-11-21 13:39:41 - INFO - epoch-315, train_loss-0.1513, train_rmse-0.3889, valid_rmse-1.2535, valid_pr-0.7538
2022-11-21 13:39:52 - INFO - epoch-316, train_loss-0.1423, train_rmse-0.3772, valid_rmse-1.2270, valid_pr-0.7502
2022-11-21 13:40:03 - INFO - epoch-317, train_loss-0.1435, train_rmse-0.3788, valid_rmse-1.2390, valid_pr-0.7510
2022-11-21 13:40:15 - INFO - epoch-318, train_loss-0.1418, train_rmse-0.3766, valid_rmse-1.2524, valid_pr-0.7524
2022-11-21 13:40:26 - INFO - epoch-319, train_loss-0.1383, train_rmse-0.3719, valid_rmse-1.2368, valid_pr-0.7503
2022-11-21 13:40:37 - INFO - epoch-320, train_loss-0.1500, train_rmse-0.3873, valid_rmse-1.2520, valid_pr-0.7526
2022-11-21 13:40:48 - INFO - epoch-321, train_loss-0.1435, train_rmse-0.3788, valid_rmse-1.2274, valid_pr-0.7551
2022-11-21 13:40:59 - INFO - epoch-322, train_loss-0.1446, train_rmse-0.3802, valid_rmse-1.2227, valid_pr-0.7586
2022-11-21 13:41:10 - INFO - epoch-323, train_loss-0.1393, train_rmse-0.3732, valid_rmse-1.2695, valid_pr-0.7499
2022-11-21 13:41:21 - INFO - epoch-324, train_loss-0.1438, train_rmse-0.3792, valid_rmse-1.2697, valid_pr-0.7521
2022-11-21 13:41:32 - INFO - epoch-325, train_loss-0.1355, train_rmse-0.3681, valid_rmse-1.2374, valid_pr-0.7523
2022-11-21 13:41:43 - INFO - epoch-326, train_loss-0.1505, train_rmse-0.3879, valid_rmse-1.2677, valid_pr-0.7528
2022-11-21 13:41:54 - INFO - epoch-327, train_loss-0.1480, train_rmse-0.3847, valid_rmse-1.2369, valid_pr-0.7562
2022-11-21 13:42:05 - INFO - epoch-328, train_loss-0.1473, train_rmse-0.3838, valid_rmse-1.2454, valid_pr-0.7494
2022-11-21 13:42:16 - INFO - epoch-329, train_loss-0.1461, train_rmse-0.3822, valid_rmse-1.2529, valid_pr-0.7452
2022-11-21 13:42:27 - INFO - epoch-330, train_loss-0.1486, train_rmse-0.3855, valid_rmse-1.2216, valid_pr-0.7533
2022-11-21 13:42:38 - INFO - epoch-331, train_loss-0.1489, train_rmse-0.3859, valid_rmse-1.2567, valid_pr-0.7456
2022-11-21 13:42:49 - INFO - epoch-332, train_loss-0.1468, train_rmse-0.3831, valid_rmse-1.2369, valid_pr-0.7534
2022-11-21 13:43:01 - INFO - epoch-333, train_loss-0.1387, train_rmse-0.3724, valid_rmse-1.2194, valid_pr-0.7635
2022-11-21 13:43:12 - INFO - epoch-334, train_loss-0.1335, train_rmse-0.3653, valid_rmse-1.2706, valid_pr-0.7486
2022-11-21 13:43:22 - INFO - epoch-335, train_loss-0.1459, train_rmse-0.3820, valid_rmse-1.2711, valid_pr-0.7468
2022-11-21 13:43:33 - INFO - epoch-336, train_loss-0.1484, train_rmse-0.3852, valid_rmse-1.2172, valid_pr-0.7569
2022-11-21 13:43:44 - INFO - epoch-337, train_loss-0.1354, train_rmse-0.3679, valid_rmse-1.2169, valid_pr-0.7576
2022-11-21 13:43:55 - INFO - epoch-338, train_loss-0.1444, train_rmse-0.3799, valid_rmse-1.2563, valid_pr-0.7485
2022-11-21 13:44:06 - INFO - epoch-339, train_loss-0.1417, train_rmse-0.3765, valid_rmse-1.2404, valid_pr-0.7432
2022-11-21 13:44:17 - INFO - epoch-340, train_loss-0.1439, train_rmse-0.3793, valid_rmse-1.2315, valid_pr-0.7546
2022-11-21 13:44:27 - INFO - epoch-341, train_loss-0.1383, train_rmse-0.3719, valid_rmse-1.2548, valid_pr-0.7497
2022-11-21 13:44:38 - INFO - epoch-342, train_loss-0.1331, train_rmse-0.3648, valid_rmse-1.2519, valid_pr-0.7542
2022-11-21 13:44:48 - INFO - epoch-343, train_loss-0.1460, train_rmse-0.3821, valid_rmse-1.2309, valid_pr-0.7552
2022-11-21 13:44:59 - INFO - epoch-344, train_loss-0.1507, train_rmse-0.3882, valid_rmse-1.2142, valid_pr-0.7570
2022-11-21 13:45:10 - INFO - epoch-345, train_loss-0.1409, train_rmse-0.3754, valid_rmse-1.2334, valid_pr-0.7568
2022-11-21 13:45:20 - INFO - epoch-346, train_loss-0.1395, train_rmse-0.3735, valid_rmse-1.2342, valid_pr-0.7542
2022-11-21 13:45:31 - INFO - epoch-347, train_loss-0.1377, train_rmse-0.3711, valid_rmse-1.2518, valid_pr-0.7477
2022-11-21 13:45:41 - INFO - epoch-348, train_loss-0.1353, train_rmse-0.3679, valid_rmse-1.2315, valid_pr-0.7492
2022-11-21 13:45:51 - INFO - epoch-349, train_loss-0.1407, train_rmse-0.3751, valid_rmse-1.2414, valid_pr-0.7541
2022-11-21 13:46:01 - INFO - epoch-350, train_loss-0.1354, train_rmse-0.3679, valid_rmse-1.2557, valid_pr-0.7518
2022-11-21 13:46:12 - INFO - epoch-351, train_loss-0.1384, train_rmse-0.3720, valid_rmse-1.2174, valid_pr-0.7575
2022-11-21 13:46:22 - INFO - epoch-352, train_loss-0.1404, train_rmse-0.3748, valid_rmse-1.2350, valid_pr-0.7565
2022-11-21 13:46:32 - INFO - epoch-353, train_loss-0.1382, train_rmse-0.3717, valid_rmse-1.2306, valid_pr-0.7550
2022-11-21 13:46:43 - INFO - epoch-354, train_loss-0.1386, train_rmse-0.3723, valid_rmse-1.2223, valid_pr-0.7609
2022-11-21 13:46:54 - INFO - epoch-355, train_loss-0.1268, train_rmse-0.3561, valid_rmse-1.2195, valid_pr-0.7593
2022-11-21 13:47:04 - INFO - epoch-356, train_loss-0.1302, train_rmse-0.3609, valid_rmse-1.2455, valid_pr-0.7516
2022-11-21 13:47:15 - INFO - epoch-357, train_loss-0.1256, train_rmse-0.3543, valid_rmse-1.2214, valid_pr-0.7560
2022-11-21 13:47:25 - INFO - epoch-358, train_loss-0.1463, train_rmse-0.3825, valid_rmse-1.2480, valid_pr-0.7512
2022-11-21 13:47:36 - INFO - epoch-359, train_loss-0.1300, train_rmse-0.3605, valid_rmse-1.2338, valid_pr-0.7554
2022-11-21 13:47:46 - INFO - epoch-360, train_loss-0.1296, train_rmse-0.3600, valid_rmse-1.2121, valid_pr-0.7589
2022-11-21 13:47:57 - INFO - epoch-361, train_loss-0.1341, train_rmse-0.3661, valid_rmse-1.2026, valid_pr-0.7613
2022-11-21 13:48:07 - INFO - epoch-362, train_loss-0.1266, train_rmse-0.3559, valid_rmse-1.2256, valid_pr-0.7538
2022-11-21 13:48:17 - INFO - epoch-363, train_loss-0.1305, train_rmse-0.3613, valid_rmse-1.2457, valid_pr-0.7541
2022-11-21 13:48:28 - INFO - epoch-364, train_loss-0.1280, train_rmse-0.3578, valid_rmse-1.2103, valid_pr-0.7583
2022-11-21 13:48:39 - INFO - epoch-365, train_loss-0.1322, train_rmse-0.3636, valid_rmse-1.2445, valid_pr-0.7532
2022-11-21 13:48:49 - INFO - epoch-366, train_loss-0.1327, train_rmse-0.3642, valid_rmse-1.2358, valid_pr-0.7574
2022-11-21 13:49:00 - INFO - epoch-367, train_loss-0.1354, train_rmse-0.3679, valid_rmse-1.2302, valid_pr-0.7539
2022-11-21 13:49:10 - INFO - epoch-368, train_loss-0.1440, train_rmse-0.3795, valid_rmse-1.2215, valid_pr-0.7541
2022-11-21 13:49:20 - INFO - epoch-369, train_loss-0.1399, train_rmse-0.3740, valid_rmse-1.2137, valid_pr-0.7560
2022-11-21 13:49:31 - INFO - epoch-370, train_loss-0.1290, train_rmse-0.3592, valid_rmse-1.2366, valid_pr-0.7591
2022-11-21 13:49:42 - INFO - epoch-371, train_loss-0.1317, train_rmse-0.3628, valid_rmse-1.2313, valid_pr-0.7520
2022-11-21 13:49:52 - INFO - epoch-372, train_loss-0.1345, train_rmse-0.3667, valid_rmse-1.2491, valid_pr-0.7526
2022-11-21 13:50:02 - INFO - epoch-373, train_loss-0.1341, train_rmse-0.3663, valid_rmse-1.2093, valid_pr-0.7598
2022-11-21 13:50:12 - INFO - epoch-374, train_loss-0.1338, train_rmse-0.3658, valid_rmse-1.2244, valid_pr-0.7637
2022-11-21 13:50:23 - INFO - epoch-375, train_loss-0.1437, train_rmse-0.3791, valid_rmse-1.2226, valid_pr-0.7541
2022-11-21 13:50:34 - INFO - epoch-376, train_loss-0.1352, train_rmse-0.3676, valid_rmse-1.2253, valid_pr-0.7587
2022-11-21 13:50:44 - INFO - epoch-377, train_loss-0.1258, train_rmse-0.3547, valid_rmse-1.2280, valid_pr-0.7555
2022-11-21 13:50:54 - INFO - epoch-378, train_loss-0.1371, train_rmse-0.3703, valid_rmse-1.2296, valid_pr-0.7528
2022-11-21 13:51:04 - INFO - epoch-379, train_loss-0.1351, train_rmse-0.3676, valid_rmse-1.2237, valid_pr-0.7537
2022-11-21 13:51:15 - INFO - epoch-380, train_loss-0.1223, train_rmse-0.3497, valid_rmse-1.2331, valid_pr-0.7538
2022-11-21 13:51:25 - INFO - epoch-381, train_loss-0.1480, train_rmse-0.3848, valid_rmse-1.2011, valid_pr-0.7628
2022-11-21 13:51:36 - INFO - epoch-382, train_loss-0.1279, train_rmse-0.3576, valid_rmse-1.2179, valid_pr-0.7592
2022-11-21 13:51:47 - INFO - epoch-383, train_loss-0.1324, train_rmse-0.3639, valid_rmse-1.2174, valid_pr-0.7593
2022-11-21 13:51:58 - INFO - epoch-384, train_loss-0.1280, train_rmse-0.3577, valid_rmse-1.2883, valid_pr-0.7514
2022-11-21 13:52:08 - INFO - epoch-385, train_loss-0.1305, train_rmse-0.3612, valid_rmse-1.2049, valid_pr-0.7634
2022-11-21 13:52:19 - INFO - epoch-386, train_loss-0.1304, train_rmse-0.3611, valid_rmse-1.2357, valid_pr-0.7527
2022-11-21 13:52:30 - INFO - epoch-387, train_loss-0.1352, train_rmse-0.3678, valid_rmse-1.2408, valid_pr-0.7537
2022-11-21 13:52:41 - INFO - epoch-388, train_loss-0.1293, train_rmse-0.3596, valid_rmse-1.2180, valid_pr-0.7586
2022-11-21 13:52:51 - INFO - epoch-389, train_loss-0.1395, train_rmse-0.3736, valid_rmse-1.2542, valid_pr-0.7528
2022-11-21 13:53:01 - INFO - epoch-390, train_loss-0.1289, train_rmse-0.3591, valid_rmse-1.2260, valid_pr-0.7531
2022-11-21 13:53:12 - INFO - epoch-391, train_loss-0.1274, train_rmse-0.3570, valid_rmse-1.2626, valid_pr-0.7457
2022-11-21 13:53:23 - INFO - epoch-392, train_loss-0.1227, train_rmse-0.3503, valid_rmse-1.2543, valid_pr-0.7484
2022-11-21 13:53:33 - INFO - epoch-393, train_loss-0.1252, train_rmse-0.3538, valid_rmse-1.2297, valid_pr-0.7508
2022-11-21 13:53:44 - INFO - epoch-394, train_loss-0.1186, train_rmse-0.3444, valid_rmse-1.2304, valid_pr-0.7552
2022-11-21 13:53:54 - INFO - epoch-395, train_loss-0.1310, train_rmse-0.3620, valid_rmse-1.2204, valid_pr-0.7569
2022-11-21 13:54:05 - INFO - epoch-396, train_loss-0.1342, train_rmse-0.3663, valid_rmse-1.2075, valid_pr-0.7618
2022-11-21 13:54:15 - INFO - epoch-397, train_loss-0.1251, train_rmse-0.3538, valid_rmse-1.2202, valid_pr-0.7577
2022-11-21 13:54:26 - INFO - epoch-398, train_loss-0.1365, train_rmse-0.3695, valid_rmse-1.2118, valid_pr-0.7658
2022-11-21 13:54:37 - INFO - epoch-399, train_loss-0.1353, train_rmse-0.3678, valid_rmse-1.2428, valid_pr-0.7565
2022-11-21 13:54:48 - INFO - epoch-400, train_loss-0.1373, train_rmse-0.3705, valid_rmse-1.2135, valid_pr-0.7590
2022-11-21 13:54:59 - INFO - epoch-401, train_loss-0.1273, train_rmse-0.3568, valid_rmse-1.2046, valid_pr-0.7615
2022-11-21 13:55:10 - INFO - epoch-402, train_loss-0.1291, train_rmse-0.3593, valid_rmse-1.2197, valid_pr-0.7592
2022-11-21 13:55:21 - INFO - epoch-403, train_loss-0.1220, train_rmse-0.3493, valid_rmse-1.2288, valid_pr-0.7616
2022-11-21 13:55:31 - INFO - epoch-404, train_loss-0.1186, train_rmse-0.3444, valid_rmse-1.2073, valid_pr-0.7596
2022-11-21 13:55:42 - INFO - epoch-405, train_loss-0.1269, train_rmse-0.3563, valid_rmse-1.2222, valid_pr-0.7555
2022-11-21 13:55:53 - INFO - epoch-406, train_loss-0.1273, train_rmse-0.3567, valid_rmse-1.2420, valid_pr-0.7601
2022-11-21 13:56:04 - INFO - epoch-407, train_loss-0.1286, train_rmse-0.3587, valid_rmse-1.2294, valid_pr-0.7577
2022-11-21 13:56:15 - INFO - epoch-408, train_loss-0.1221, train_rmse-0.3495, valid_rmse-1.2147, valid_pr-0.7559
2022-11-21 13:56:26 - INFO - epoch-409, train_loss-0.1202, train_rmse-0.3467, valid_rmse-1.2335, valid_pr-0.7599
2022-11-21 13:56:36 - INFO - epoch-410, train_loss-0.1213, train_rmse-0.3483, valid_rmse-1.2199, valid_pr-0.7577
2022-11-21 13:56:47 - INFO - epoch-411, train_loss-0.1263, train_rmse-0.3554, valid_rmse-1.2083, valid_pr-0.7593
2022-11-21 13:56:57 - INFO - epoch-412, train_loss-0.1268, train_rmse-0.3561, valid_rmse-1.2107, valid_pr-0.7622
2022-11-21 13:57:08 - INFO - epoch-413, train_loss-0.1341, train_rmse-0.3662, valid_rmse-1.2230, valid_pr-0.7592
2022-11-21 13:57:19 - INFO - epoch-414, train_loss-0.1264, train_rmse-0.3555, valid_rmse-1.2160, valid_pr-0.7592
2022-11-21 13:57:30 - INFO - epoch-415, train_loss-0.1186, train_rmse-0.3444, valid_rmse-1.2114, valid_pr-0.7609
2022-11-21 13:57:40 - INFO - epoch-416, train_loss-0.1218, train_rmse-0.3490, valid_rmse-1.2105, valid_pr-0.7620
2022-11-21 13:57:50 - INFO - epoch-417, train_loss-0.1217, train_rmse-0.3488, valid_rmse-1.2226, valid_pr-0.7646
2022-11-21 13:58:00 - INFO - epoch-418, train_loss-0.1311, train_rmse-0.3621, valid_rmse-1.2309, valid_pr-0.7596
2022-11-21 13:58:10 - INFO - epoch-419, train_loss-0.1227, train_rmse-0.3503, valid_rmse-1.2235, valid_pr-0.7559
2022-11-21 13:58:20 - INFO - epoch-420, train_loss-0.1267, train_rmse-0.3560, valid_rmse-1.2294, valid_pr-0.7588
2022-11-21 13:58:31 - INFO - epoch-421, train_loss-0.1278, train_rmse-0.3576, valid_rmse-1.2293, valid_pr-0.7563
2022-11-21 13:58:41 - INFO - epoch-422, train_loss-0.1231, train_rmse-0.3508, valid_rmse-1.2162, valid_pr-0.7602
2022-11-21 13:58:51 - INFO - epoch-423, train_loss-0.1228, train_rmse-0.3504, valid_rmse-1.2109, valid_pr-0.7640
2022-11-21 13:59:01 - INFO - epoch-424, train_loss-0.1321, train_rmse-0.3635, valid_rmse-1.2154, valid_pr-0.7609
2022-11-21 13:59:11 - INFO - epoch-425, train_loss-0.1220, train_rmse-0.3493, valid_rmse-1.2365, valid_pr-0.7558
2022-11-21 13:59:22 - INFO - epoch-426, train_loss-0.1303, train_rmse-0.3610, valid_rmse-1.2275, valid_pr-0.7626
2022-11-21 13:59:32 - INFO - epoch-427, train_loss-0.1167, train_rmse-0.3417, valid_rmse-1.2032, valid_pr-0.7640
2022-11-21 13:59:42 - INFO - epoch-428, train_loss-0.1237, train_rmse-0.3517, valid_rmse-1.2511, valid_pr-0.7556
2022-11-21 13:59:52 - INFO - epoch-429, train_loss-0.1196, train_rmse-0.3458, valid_rmse-1.2171, valid_pr-0.7600
2022-11-21 14:00:03 - INFO - epoch-430, train_loss-0.1266, train_rmse-0.3558, valid_rmse-1.2301, valid_pr-0.7591
2022-11-21 14:00:13 - INFO - epoch-431, train_loss-0.1179, train_rmse-0.3434, valid_rmse-1.2601, valid_pr-0.7513
2022-11-21 14:00:24 - INFO - epoch-432, train_loss-0.1302, train_rmse-0.3608, valid_rmse-1.2222, valid_pr-0.7580
2022-11-21 14:00:34 - INFO - epoch-433, train_loss-0.1217, train_rmse-0.3488, valid_rmse-1.2437, valid_pr-0.7524
2022-11-21 14:00:46 - INFO - epoch-434, train_loss-0.1214, train_rmse-0.3484, valid_rmse-1.2487, valid_pr-0.7510
2022-11-21 14:00:56 - INFO - epoch-435, train_loss-0.1283, train_rmse-0.3581, valid_rmse-1.2337, valid_pr-0.7507
2022-11-21 14:01:07 - INFO - epoch-436, train_loss-0.1254, train_rmse-0.3541, valid_rmse-1.2255, valid_pr-0.7585
2022-11-21 14:01:18 - INFO - epoch-437, train_loss-0.1213, train_rmse-0.3483, valid_rmse-1.2170, valid_pr-0.7596
2022-11-21 14:01:28 - INFO - epoch-438, train_loss-0.1066, train_rmse-0.3264, valid_rmse-1.2160, valid_pr-0.7591
2022-11-21 14:01:39 - INFO - epoch-439, train_loss-0.1181, train_rmse-0.3437, valid_rmse-1.2446, valid_pr-0.7517
2022-11-21 14:01:49 - INFO - epoch-440, train_loss-0.1241, train_rmse-0.3523, valid_rmse-1.2284, valid_pr-0.7612
2022-11-21 14:01:59 - INFO - epoch-441, train_loss-0.1276, train_rmse-0.3572, valid_rmse-1.2239, valid_pr-0.7552
2022-11-21 14:02:10 - INFO - epoch-442, train_loss-0.1270, train_rmse-0.3563, valid_rmse-1.2036, valid_pr-0.7620
2022-11-21 14:02:20 - INFO - epoch-443, train_loss-0.1226, train_rmse-0.3501, valid_rmse-1.2196, valid_pr-0.7585
2022-11-21 14:02:30 - INFO - epoch-444, train_loss-0.1143, train_rmse-0.3380, valid_rmse-1.2185, valid_pr-0.7590
2022-11-21 14:02:41 - INFO - epoch-445, train_loss-0.1252, train_rmse-0.3538, valid_rmse-1.2257, valid_pr-0.7592
2022-11-21 14:02:51 - INFO - epoch-446, train_loss-0.1103, train_rmse-0.3322, valid_rmse-1.2328, valid_pr-0.7531
2022-11-21 14:03:01 - INFO - epoch-447, train_loss-0.1233, train_rmse-0.3511, valid_rmse-1.2304, valid_pr-0.7538
2022-11-21 14:03:11 - INFO - epoch-448, train_loss-0.1283, train_rmse-0.3582, valid_rmse-1.2194, valid_pr-0.7571
2022-11-21 14:03:22 - INFO - epoch-449, train_loss-0.1239, train_rmse-0.3520, valid_rmse-1.2316, valid_pr-0.7508
2022-11-21 14:03:32 - INFO - epoch-450, train_loss-0.1148, train_rmse-0.3388, valid_rmse-1.2228, valid_pr-0.7549
2022-11-21 14:03:42 - INFO - epoch-451, train_loss-0.1211, train_rmse-0.3480, valid_rmse-1.2207, valid_pr-0.7570
2022-11-21 14:03:53 - INFO - epoch-452, train_loss-0.1181, train_rmse-0.3437, valid_rmse-1.2482, valid_pr-0.7501
2022-11-21 14:04:03 - INFO - epoch-453, train_loss-0.1224, train_rmse-0.3499, valid_rmse-1.2206, valid_pr-0.7550
2022-11-21 14:04:14 - INFO - epoch-454, train_loss-0.1198, train_rmse-0.3461, valid_rmse-1.2166, valid_pr-0.7562
2022-11-21 14:04:24 - INFO - epoch-455, train_loss-0.1164, train_rmse-0.3411, valid_rmse-1.2447, valid_pr-0.7557
2022-11-21 14:04:34 - INFO - epoch-456, train_loss-0.1226, train_rmse-0.3502, valid_rmse-1.2378, valid_pr-0.7530
2022-11-21 14:04:44 - INFO - epoch-457, train_loss-0.1265, train_rmse-0.3557, valid_rmse-1.2145, valid_pr-0.7579
2022-11-21 14:04:54 - INFO - epoch-458, train_loss-0.1184, train_rmse-0.3440, valid_rmse-1.2172, valid_pr-0.7599
2022-11-21 14:05:04 - INFO - epoch-459, train_loss-0.1111, train_rmse-0.3333, valid_rmse-1.2224, valid_pr-0.7571
2022-11-21 14:05:14 - INFO - epoch-460, train_loss-0.1180, train_rmse-0.3436, valid_rmse-1.2455, valid_pr-0.7526
2022-11-21 14:05:25 - INFO - epoch-461, train_loss-0.1175, train_rmse-0.3428, valid_rmse-1.2090, valid_pr-0.7605
2022-11-21 14:05:35 - INFO - epoch-462, train_loss-0.1127, train_rmse-0.3357, valid_rmse-1.2370, valid_pr-0.7518
2022-11-21 14:05:46 - INFO - epoch-463, train_loss-0.1192, train_rmse-0.3452, valid_rmse-1.2514, valid_pr-0.7458
2022-11-21 14:05:56 - INFO - epoch-464, train_loss-0.1193, train_rmse-0.3454, valid_rmse-1.2133, valid_pr-0.7591
2022-11-21 14:06:06 - INFO - epoch-465, train_loss-0.1079, train_rmse-0.3284, valid_rmse-1.2066, valid_pr-0.7612
2022-11-21 14:06:17 - INFO - epoch-466, train_loss-0.1163, train_rmse-0.3410, valid_rmse-1.2278, valid_pr-0.7537
2022-11-21 14:06:27 - INFO - epoch-467, train_loss-0.1194, train_rmse-0.3455, valid_rmse-1.2121, valid_pr-0.7592
2022-11-21 14:06:37 - INFO - epoch-468, train_loss-0.1111, train_rmse-0.3333, valid_rmse-1.2258, valid_pr-0.7542
2022-11-21 14:06:48 - INFO - epoch-469, train_loss-0.1127, train_rmse-0.3357, valid_rmse-1.2318, valid_pr-0.7568
2022-11-21 14:06:59 - INFO - epoch-470, train_loss-0.1231, train_rmse-0.3508, valid_rmse-1.2570, valid_pr-0.7596
2022-11-21 14:07:10 - INFO - epoch-471, train_loss-0.1321, train_rmse-0.3635, valid_rmse-1.2400, valid_pr-0.7505
2022-11-21 14:07:21 - INFO - epoch-472, train_loss-0.1257, train_rmse-0.3546, valid_rmse-1.2511, valid_pr-0.7476
2022-11-21 14:07:31 - INFO - epoch-473, train_loss-0.1126, train_rmse-0.3355, valid_rmse-1.2342, valid_pr-0.7535
2022-11-21 14:07:42 - INFO - epoch-474, train_loss-0.1121, train_rmse-0.3348, valid_rmse-1.2291, valid_pr-0.7497
2022-11-21 14:07:52 - INFO - epoch-475, train_loss-0.1237, train_rmse-0.3518, valid_rmse-1.2262, valid_pr-0.7553
2022-11-21 14:08:02 - INFO - epoch-476, train_loss-0.1136, train_rmse-0.3371, valid_rmse-1.2475, valid_pr-0.7537
2022-11-21 14:08:12 - INFO - epoch-477, train_loss-0.1123, train_rmse-0.3352, valid_rmse-1.2133, valid_pr-0.7565
2022-11-21 14:08:22 - INFO - epoch-478, train_loss-0.1271, train_rmse-0.3565, valid_rmse-1.2021, valid_pr-0.7603
2022-11-21 14:08:33 - INFO - epoch-479, train_loss-0.1131, train_rmse-0.3363, valid_rmse-1.2250, valid_pr-0.7540
2022-11-21 14:08:43 - INFO - epoch-480, train_loss-0.1165, train_rmse-0.3413, valid_rmse-1.2257, valid_pr-0.7538
2022-11-21 14:08:53 - INFO - epoch-481, train_loss-0.1036, train_rmse-0.3218, valid_rmse-1.2244, valid_pr-0.7602
2022-11-21 14:09:03 - INFO - epoch-482, train_loss-0.1114, train_rmse-0.3338, valid_rmse-1.2179, valid_pr-0.7576
2022-11-21 14:09:03 - INFO - early stop in epoch 482
2022-11-21 14:09:03 - INFO - best_rmse: 1.2011
2022-11-21 14:09:12 - INFO - valid_rmse-1.2011, valid_pr-0.7628, test2013_rmse-1.4192, test2013_pr-0.8079, test2016_rmse-1.2997, test2016_pr-0.8068, test2019_rmse-1.3962, test2019_pr-0.6389,
