2022-11-21 11:13:41 - INFO - /data2/yzd/project/Baselines/train_IGN.py
2022-11-21 11:13:41 - INFO - train data: 11904
2022-11-21 11:13:41 - INFO - valid data: 1000
2022-11-21 11:13:41 - INFO - test2013 data: 107
2022-11-21 11:13:41 - INFO - test2016 data: 285
2022-11-21 11:13:41 - INFO - test2019 data: 4366
2022-11-21 11:13:50 - INFO - epoch-0, train_loss-39.8015, train_rmse-6.3088, valid_rmse-5.8213, valid_pr-0.5324
2022-11-21 11:13:59 - INFO - epoch-1, train_loss-26.1757, train_rmse-5.1162, valid_rmse-4.2644, valid_pr-0.4777
2022-11-21 11:14:08 - INFO - epoch-2, train_loss-9.3243, train_rmse-3.0536, valid_rmse-2.6357, valid_pr-0.4400
2022-11-21 11:14:17 - INFO - epoch-3, train_loss-3.5928, train_rmse-1.8955, valid_rmse-1.6556, valid_pr-0.4891
2022-11-21 11:14:27 - INFO - epoch-4, train_loss-3.0389, train_rmse-1.7432, valid_rmse-1.5841, valid_pr-0.5679
2022-11-21 11:14:36 - INFO - epoch-5, train_loss-2.9609, train_rmse-1.7207, valid_rmse-1.7015, valid_pr-0.5374
2022-11-21 11:14:45 - INFO - epoch-6, train_loss-2.8048, train_rmse-1.6748, valid_rmse-1.5305, valid_pr-0.5659
2022-11-21 11:14:54 - INFO - epoch-7, train_loss-2.7306, train_rmse-1.6525, valid_rmse-1.4366, valid_pr-0.6296
2022-11-21 11:15:03 - INFO - epoch-8, train_loss-2.7439, train_rmse-1.6565, valid_rmse-1.4600, valid_pr-0.6274
2022-11-21 11:15:12 - INFO - epoch-9, train_loss-2.6269, train_rmse-1.6208, valid_rmse-1.4271, valid_pr-0.6348
2022-11-21 11:15:22 - INFO - epoch-10, train_loss-2.5394, train_rmse-1.5935, valid_rmse-1.4456, valid_pr-0.6276
2022-11-21 11:15:31 - INFO - epoch-11, train_loss-2.5681, train_rmse-1.6025, valid_rmse-1.4100, valid_pr-0.6524
2022-11-21 11:15:40 - INFO - epoch-12, train_loss-2.4924, train_rmse-1.5787, valid_rmse-1.4234, valid_pr-0.6419
2022-11-21 11:15:49 - INFO - epoch-13, train_loss-2.4432, train_rmse-1.5631, valid_rmse-1.4452, valid_pr-0.6266
2022-11-21 11:15:58 - INFO - epoch-14, train_loss-2.3849, train_rmse-1.5443, valid_rmse-1.4070, valid_pr-0.6520
2022-11-21 11:16:07 - INFO - epoch-15, train_loss-2.3543, train_rmse-1.5344, valid_rmse-1.3975, valid_pr-0.6577
2022-11-21 11:16:17 - INFO - epoch-16, train_loss-2.2705, train_rmse-1.5068, valid_rmse-1.4770, valid_pr-0.6351
2022-11-21 11:16:26 - INFO - epoch-17, train_loss-2.3044, train_rmse-1.5180, valid_rmse-1.4120, valid_pr-0.6541
2022-11-21 11:16:35 - INFO - epoch-18, train_loss-2.2124, train_rmse-1.4874, valid_rmse-1.4261, valid_pr-0.6356
2022-11-21 11:16:44 - INFO - epoch-19, train_loss-2.1576, train_rmse-1.4689, valid_rmse-1.3835, valid_pr-0.6768
2022-11-21 11:16:53 - INFO - epoch-20, train_loss-2.1409, train_rmse-1.4632, valid_rmse-1.4861, valid_pr-0.6510
2022-11-21 11:17:02 - INFO - epoch-21, train_loss-2.1157, train_rmse-1.4545, valid_rmse-1.4566, valid_pr-0.6204
2022-11-21 11:17:12 - INFO - epoch-22, train_loss-2.0482, train_rmse-1.4311, valid_rmse-1.3345, valid_pr-0.6918
2022-11-21 11:17:21 - INFO - epoch-23, train_loss-2.0070, train_rmse-1.4167, valid_rmse-1.3626, valid_pr-0.6818
2022-11-21 11:17:30 - INFO - epoch-24, train_loss-1.9776, train_rmse-1.4063, valid_rmse-1.3825, valid_pr-0.6963
2022-11-21 11:17:39 - INFO - epoch-25, train_loss-1.9529, train_rmse-1.3975, valid_rmse-1.3660, valid_pr-0.6805
2022-11-21 11:17:49 - INFO - epoch-26, train_loss-1.9022, train_rmse-1.3792, valid_rmse-1.3435, valid_pr-0.6925
2022-11-21 11:17:58 - INFO - epoch-27, train_loss-1.9324, train_rmse-1.3901, valid_rmse-1.3936, valid_pr-0.6628
2022-11-21 11:18:07 - INFO - epoch-28, train_loss-1.8703, train_rmse-1.3676, valid_rmse-1.4291, valid_pr-0.6595
2022-11-21 11:18:16 - INFO - epoch-29, train_loss-1.8081, train_rmse-1.3447, valid_rmse-1.3399, valid_pr-0.6901
2022-11-21 11:18:26 - INFO - epoch-30, train_loss-1.7623, train_rmse-1.3275, valid_rmse-1.3550, valid_pr-0.6810
2022-11-21 11:18:35 - INFO - epoch-31, train_loss-1.7433, train_rmse-1.3203, valid_rmse-1.3307, valid_pr-0.6989
2022-11-21 11:18:44 - INFO - epoch-32, train_loss-1.6721, train_rmse-1.2931, valid_rmse-1.3387, valid_pr-0.6905
2022-11-21 11:18:53 - INFO - epoch-33, train_loss-1.6493, train_rmse-1.2843, valid_rmse-1.3911, valid_pr-0.6762
2022-11-21 11:19:03 - INFO - epoch-34, train_loss-1.6002, train_rmse-1.2650, valid_rmse-1.3080, valid_pr-0.7149
2022-11-21 11:19:12 - INFO - epoch-35, train_loss-1.6122, train_rmse-1.2697, valid_rmse-1.3583, valid_pr-0.6844
2022-11-21 11:19:21 - INFO - epoch-36, train_loss-1.5423, train_rmse-1.2419, valid_rmse-1.3635, valid_pr-0.6852
2022-11-21 11:19:31 - INFO - epoch-37, train_loss-1.5127, train_rmse-1.2299, valid_rmse-1.3312, valid_pr-0.6981
2022-11-21 11:19:40 - INFO - epoch-38, train_loss-1.4965, train_rmse-1.2233, valid_rmse-1.4446, valid_pr-0.6758
2022-11-21 11:19:49 - INFO - epoch-39, train_loss-1.4770, train_rmse-1.2153, valid_rmse-1.3601, valid_pr-0.7029
2022-11-21 11:19:59 - INFO - epoch-40, train_loss-1.3949, train_rmse-1.1811, valid_rmse-1.3130, valid_pr-0.7098
2022-11-21 11:20:08 - INFO - epoch-41, train_loss-1.3861, train_rmse-1.1773, valid_rmse-1.3482, valid_pr-0.6892
2022-11-21 11:20:18 - INFO - epoch-42, train_loss-1.3570, train_rmse-1.1649, valid_rmse-1.2957, valid_pr-0.7192
2022-11-21 11:20:27 - INFO - epoch-43, train_loss-1.3159, train_rmse-1.1471, valid_rmse-1.3999, valid_pr-0.6990
2022-11-21 11:20:37 - INFO - epoch-44, train_loss-1.2964, train_rmse-1.1386, valid_rmse-1.3153, valid_pr-0.7076
2022-11-21 11:20:46 - INFO - epoch-45, train_loss-1.2094, train_rmse-1.0997, valid_rmse-1.3107, valid_pr-0.7214
2022-11-21 11:20:55 - INFO - epoch-46, train_loss-1.2241, train_rmse-1.1064, valid_rmse-1.2621, valid_pr-0.7302
2022-11-21 11:21:05 - INFO - epoch-47, train_loss-1.1607, train_rmse-1.0774, valid_rmse-1.3299, valid_pr-0.7201
2022-11-21 11:21:14 - INFO - epoch-48, train_loss-1.1448, train_rmse-1.0699, valid_rmse-1.4475, valid_pr-0.6587
2022-11-21 11:21:24 - INFO - epoch-49, train_loss-1.1524, train_rmse-1.0735, valid_rmse-1.3186, valid_pr-0.7044
2022-11-21 11:21:33 - INFO - epoch-50, train_loss-1.1276, train_rmse-1.0619, valid_rmse-1.3050, valid_pr-0.7302
2022-11-21 11:21:42 - INFO - epoch-51, train_loss-1.0935, train_rmse-1.0457, valid_rmse-1.2682, valid_pr-0.7276
2022-11-21 11:21:51 - INFO - epoch-52, train_loss-1.0741, train_rmse-1.0364, valid_rmse-1.2972, valid_pr-0.7123
2022-11-21 11:22:00 - INFO - epoch-53, train_loss-1.0449, train_rmse-1.0222, valid_rmse-1.3574, valid_pr-0.6984
2022-11-21 11:22:09 - INFO - epoch-54, train_loss-1.0170, train_rmse-1.0085, valid_rmse-1.3125, valid_pr-0.7132
2022-11-21 11:22:18 - INFO - epoch-55, train_loss-0.9723, train_rmse-0.9860, valid_rmse-1.3009, valid_pr-0.7255
2022-11-21 11:22:27 - INFO - epoch-56, train_loss-0.9972, train_rmse-0.9986, valid_rmse-1.2998, valid_pr-0.7206
2022-11-21 11:22:36 - INFO - epoch-57, train_loss-0.9343, train_rmse-0.9666, valid_rmse-1.3103, valid_pr-0.7158
2022-11-21 11:22:45 - INFO - epoch-58, train_loss-0.9448, train_rmse-0.9720, valid_rmse-1.2794, valid_pr-0.7243
2022-11-21 11:22:54 - INFO - epoch-59, train_loss-0.8930, train_rmse-0.9450, valid_rmse-1.3364, valid_pr-0.7177
2022-11-21 11:23:03 - INFO - epoch-60, train_loss-0.8825, train_rmse-0.9394, valid_rmse-1.2998, valid_pr-0.7193
2022-11-21 11:23:12 - INFO - epoch-61, train_loss-0.8872, train_rmse-0.9419, valid_rmse-1.2577, valid_pr-0.7379
2022-11-21 11:23:21 - INFO - epoch-62, train_loss-0.8602, train_rmse-0.9274, valid_rmse-1.3034, valid_pr-0.7108
2022-11-21 11:23:30 - INFO - epoch-63, train_loss-0.8075, train_rmse-0.8986, valid_rmse-1.2866, valid_pr-0.7276
2022-11-21 11:23:39 - INFO - epoch-64, train_loss-0.8226, train_rmse-0.9070, valid_rmse-1.3290, valid_pr-0.7153
2022-11-21 11:23:48 - INFO - epoch-65, train_loss-0.7724, train_rmse-0.8788, valid_rmse-1.3049, valid_pr-0.7228
2022-11-21 11:23:57 - INFO - epoch-66, train_loss-0.7744, train_rmse-0.8800, valid_rmse-1.2888, valid_pr-0.7249
2022-11-21 11:24:07 - INFO - epoch-67, train_loss-0.7305, train_rmse-0.8547, valid_rmse-1.2800, valid_pr-0.7228
2022-11-21 11:24:16 - INFO - epoch-68, train_loss-0.7213, train_rmse-0.8493, valid_rmse-1.2842, valid_pr-0.7293
2022-11-21 11:24:25 - INFO - epoch-69, train_loss-0.7232, train_rmse-0.8504, valid_rmse-1.2976, valid_pr-0.7236
2022-11-21 11:24:34 - INFO - epoch-70, train_loss-0.7196, train_rmse-0.8483, valid_rmse-1.2614, valid_pr-0.7377
2022-11-21 11:24:43 - INFO - epoch-71, train_loss-0.6919, train_rmse-0.8318, valid_rmse-1.3414, valid_pr-0.7185
2022-11-21 11:24:52 - INFO - epoch-72, train_loss-0.6746, train_rmse-0.8214, valid_rmse-1.2660, valid_pr-0.7297
2022-11-21 11:25:01 - INFO - epoch-73, train_loss-0.6701, train_rmse-0.8186, valid_rmse-1.2928, valid_pr-0.7265
2022-11-21 11:25:10 - INFO - epoch-74, train_loss-0.6797, train_rmse-0.8245, valid_rmse-1.2729, valid_pr-0.7356
2022-11-21 11:25:19 - INFO - epoch-75, train_loss-0.6383, train_rmse-0.7989, valid_rmse-1.2673, valid_pr-0.7351
2022-11-21 11:25:28 - INFO - epoch-76, train_loss-0.6184, train_rmse-0.7864, valid_rmse-1.2765, valid_pr-0.7357
2022-11-21 11:25:37 - INFO - epoch-77, train_loss-0.6211, train_rmse-0.7881, valid_rmse-1.2797, valid_pr-0.7329
2022-11-21 11:25:46 - INFO - epoch-78, train_loss-0.6018, train_rmse-0.7758, valid_rmse-1.3005, valid_pr-0.7193
2022-11-21 11:25:56 - INFO - epoch-79, train_loss-0.5899, train_rmse-0.7681, valid_rmse-1.2355, valid_pr-0.7481
2022-11-21 11:26:05 - INFO - epoch-80, train_loss-0.5906, train_rmse-0.7685, valid_rmse-1.2630, valid_pr-0.7360
2022-11-21 11:26:14 - INFO - epoch-81, train_loss-0.5806, train_rmse-0.7620, valid_rmse-1.2691, valid_pr-0.7318
2022-11-21 11:26:23 - INFO - epoch-82, train_loss-0.5632, train_rmse-0.7505, valid_rmse-1.2619, valid_pr-0.7410
2022-11-21 11:26:32 - INFO - epoch-83, train_loss-0.5490, train_rmse-0.7410, valid_rmse-1.2536, valid_pr-0.7426
2022-11-21 11:26:41 - INFO - epoch-84, train_loss-0.5372, train_rmse-0.7330, valid_rmse-1.2692, valid_pr-0.7333
2022-11-21 11:26:51 - INFO - epoch-85, train_loss-0.5442, train_rmse-0.7377, valid_rmse-1.2643, valid_pr-0.7322
2022-11-21 11:27:00 - INFO - epoch-86, train_loss-0.5332, train_rmse-0.7302, valid_rmse-1.2792, valid_pr-0.7295
2022-11-21 11:27:09 - INFO - epoch-87, train_loss-0.5455, train_rmse-0.7386, valid_rmse-1.3016, valid_pr-0.7379
2022-11-21 11:27:18 - INFO - epoch-88, train_loss-0.5098, train_rmse-0.7140, valid_rmse-1.2900, valid_pr-0.7245
2022-11-21 11:27:27 - INFO - epoch-89, train_loss-0.4967, train_rmse-0.7048, valid_rmse-1.2691, valid_pr-0.7419
2022-11-21 11:27:36 - INFO - epoch-90, train_loss-0.4983, train_rmse-0.7059, valid_rmse-1.3397, valid_pr-0.7277
2022-11-21 11:27:45 - INFO - epoch-91, train_loss-0.5097, train_rmse-0.7140, valid_rmse-1.2368, valid_pr-0.7478
2022-11-21 11:27:54 - INFO - epoch-92, train_loss-0.4979, train_rmse-0.7056, valid_rmse-1.2989, valid_pr-0.7403
2022-11-21 11:28:04 - INFO - epoch-93, train_loss-0.4547, train_rmse-0.6743, valid_rmse-1.2758, valid_pr-0.7418
2022-11-21 11:28:13 - INFO - epoch-94, train_loss-0.4578, train_rmse-0.6766, valid_rmse-1.2885, valid_pr-0.7318
2022-11-21 11:28:22 - INFO - epoch-95, train_loss-0.4701, train_rmse-0.6857, valid_rmse-1.2906, valid_pr-0.7225
2022-11-21 11:28:31 - INFO - epoch-96, train_loss-0.4678, train_rmse-0.6840, valid_rmse-1.3100, valid_pr-0.7285
2022-11-21 11:28:40 - INFO - epoch-97, train_loss-0.4594, train_rmse-0.6778, valid_rmse-1.2943, valid_pr-0.7275
2022-11-21 11:28:49 - INFO - epoch-98, train_loss-0.4504, train_rmse-0.6711, valid_rmse-1.2677, valid_pr-0.7334
2022-11-21 11:28:58 - INFO - epoch-99, train_loss-0.4353, train_rmse-0.6597, valid_rmse-1.2867, valid_pr-0.7327
2022-11-21 11:29:07 - INFO - epoch-100, train_loss-0.4370, train_rmse-0.6611, valid_rmse-1.2824, valid_pr-0.7270
2022-11-21 11:29:16 - INFO - epoch-101, train_loss-0.4196, train_rmse-0.6478, valid_rmse-1.2757, valid_pr-0.7286
2022-11-21 11:29:25 - INFO - epoch-102, train_loss-0.4283, train_rmse-0.6544, valid_rmse-1.2637, valid_pr-0.7398
2022-11-21 11:29:35 - INFO - epoch-103, train_loss-0.4271, train_rmse-0.6536, valid_rmse-1.2597, valid_pr-0.7360
2022-11-21 11:29:44 - INFO - epoch-104, train_loss-0.4114, train_rmse-0.6414, valid_rmse-1.3018, valid_pr-0.7274
2022-11-21 11:29:53 - INFO - epoch-105, train_loss-0.4144, train_rmse-0.6437, valid_rmse-1.2566, valid_pr-0.7343
2022-11-21 11:30:02 - INFO - epoch-106, train_loss-0.4146, train_rmse-0.6439, valid_rmse-1.3064, valid_pr-0.7273
2022-11-21 11:30:11 - INFO - epoch-107, train_loss-0.3922, train_rmse-0.6263, valid_rmse-1.3035, valid_pr-0.7244
2022-11-21 11:30:20 - INFO - epoch-108, train_loss-0.3911, train_rmse-0.6254, valid_rmse-1.2811, valid_pr-0.7341
2022-11-21 11:30:29 - INFO - epoch-109, train_loss-0.3841, train_rmse-0.6198, valid_rmse-1.2351, valid_pr-0.7550
2022-11-21 11:30:38 - INFO - epoch-110, train_loss-0.3860, train_rmse-0.6213, valid_rmse-1.2636, valid_pr-0.7350
2022-11-21 11:30:47 - INFO - epoch-111, train_loss-0.3910, train_rmse-0.6253, valid_rmse-1.2913, valid_pr-0.7249
2022-11-21 11:30:57 - INFO - epoch-112, train_loss-0.3963, train_rmse-0.6296, valid_rmse-1.3010, valid_pr-0.7378
2022-11-21 11:31:06 - INFO - epoch-113, train_loss-0.3737, train_rmse-0.6113, valid_rmse-1.2477, valid_pr-0.7472
2022-11-21 11:31:15 - INFO - epoch-114, train_loss-0.3767, train_rmse-0.6138, valid_rmse-1.2549, valid_pr-0.7502
2022-11-21 11:31:24 - INFO - epoch-115, train_loss-0.3733, train_rmse-0.6110, valid_rmse-1.2830, valid_pr-0.7325
2022-11-21 11:31:33 - INFO - epoch-116, train_loss-0.3525, train_rmse-0.5937, valid_rmse-1.2390, valid_pr-0.7472
2022-11-21 11:31:42 - INFO - epoch-117, train_loss-0.3604, train_rmse-0.6003, valid_rmse-1.3198, valid_pr-0.7194
2022-11-21 11:31:51 - INFO - epoch-118, train_loss-0.3545, train_rmse-0.5954, valid_rmse-1.2623, valid_pr-0.7403
2022-11-21 11:32:00 - INFO - epoch-119, train_loss-0.3709, train_rmse-0.6090, valid_rmse-1.2841, valid_pr-0.7391
2022-11-21 11:32:09 - INFO - epoch-120, train_loss-0.3541, train_rmse-0.5951, valid_rmse-1.2642, valid_pr-0.7357
2022-11-21 11:32:18 - INFO - epoch-121, train_loss-0.3430, train_rmse-0.5856, valid_rmse-1.2679, valid_pr-0.7445
2022-11-21 11:32:28 - INFO - epoch-122, train_loss-0.3561, train_rmse-0.5967, valid_rmse-1.2894, valid_pr-0.7326
2022-11-21 11:32:36 - INFO - epoch-123, train_loss-0.3354, train_rmse-0.5792, valid_rmse-1.2979, valid_pr-0.7289
2022-11-21 11:32:46 - INFO - epoch-124, train_loss-0.3296, train_rmse-0.5741, valid_rmse-1.2874, valid_pr-0.7463
2022-11-21 11:32:55 - INFO - epoch-125, train_loss-0.3428, train_rmse-0.5855, valid_rmse-1.2405, valid_pr-0.7500
2022-11-21 11:33:04 - INFO - epoch-126, train_loss-0.3351, train_rmse-0.5789, valid_rmse-1.2469, valid_pr-0.7440
2022-11-21 11:33:13 - INFO - epoch-127, train_loss-0.3506, train_rmse-0.5921, valid_rmse-1.2452, valid_pr-0.7462
2022-11-21 11:33:22 - INFO - epoch-128, train_loss-0.3098, train_rmse-0.5566, valid_rmse-1.2693, valid_pr-0.7307
2022-11-21 11:33:31 - INFO - epoch-129, train_loss-0.3225, train_rmse-0.5679, valid_rmse-1.2956, valid_pr-0.7459
2022-11-21 11:33:40 - INFO - epoch-130, train_loss-0.3293, train_rmse-0.5738, valid_rmse-1.2618, valid_pr-0.7376
2022-11-21 11:33:49 - INFO - epoch-131, train_loss-0.3081, train_rmse-0.5551, valid_rmse-1.2926, valid_pr-0.7316
2022-11-21 11:33:58 - INFO - epoch-132, train_loss-0.3105, train_rmse-0.5572, valid_rmse-1.2848, valid_pr-0.7419
2022-11-21 11:34:08 - INFO - epoch-133, train_loss-0.3224, train_rmse-0.5678, valid_rmse-1.2880, valid_pr-0.7396
2022-11-21 11:34:17 - INFO - epoch-134, train_loss-0.3229, train_rmse-0.5682, valid_rmse-1.2864, valid_pr-0.7470
2022-11-21 11:34:26 - INFO - epoch-135, train_loss-0.3167, train_rmse-0.5627, valid_rmse-1.2475, valid_pr-0.7463
2022-11-21 11:34:35 - INFO - epoch-136, train_loss-0.3052, train_rmse-0.5524, valid_rmse-1.2429, valid_pr-0.7551
2022-11-21 11:34:44 - INFO - epoch-137, train_loss-0.2934, train_rmse-0.5417, valid_rmse-1.2434, valid_pr-0.7419
2022-11-21 11:34:53 - INFO - epoch-138, train_loss-0.2949, train_rmse-0.5430, valid_rmse-1.2765, valid_pr-0.7330
2022-11-21 11:35:02 - INFO - epoch-139, train_loss-0.2943, train_rmse-0.5425, valid_rmse-1.2734, valid_pr-0.7341
2022-11-21 11:35:11 - INFO - epoch-140, train_loss-0.3000, train_rmse-0.5477, valid_rmse-1.2468, valid_pr-0.7439
2022-11-21 11:35:20 - INFO - epoch-141, train_loss-0.2838, train_rmse-0.5328, valid_rmse-1.2697, valid_pr-0.7371
2022-11-21 11:35:30 - INFO - epoch-142, train_loss-0.3039, train_rmse-0.5513, valid_rmse-1.2776, valid_pr-0.7448
2022-11-21 11:35:39 - INFO - epoch-143, train_loss-0.2956, train_rmse-0.5437, valid_rmse-1.2827, valid_pr-0.7395
2022-11-21 11:35:48 - INFO - epoch-144, train_loss-0.2770, train_rmse-0.5263, valid_rmse-1.2302, valid_pr-0.7486
2022-11-21 11:35:57 - INFO - epoch-145, train_loss-0.2934, train_rmse-0.5416, valid_rmse-1.3174, valid_pr-0.7161
2022-11-21 11:36:06 - INFO - epoch-146, train_loss-0.2900, train_rmse-0.5385, valid_rmse-1.2500, valid_pr-0.7470
2022-11-21 11:36:15 - INFO - epoch-147, train_loss-0.2812, train_rmse-0.5303, valid_rmse-1.2571, valid_pr-0.7468
2022-11-21 11:36:24 - INFO - epoch-148, train_loss-0.2722, train_rmse-0.5218, valid_rmse-1.2703, valid_pr-0.7416
2022-11-21 11:36:33 - INFO - epoch-149, train_loss-0.2845, train_rmse-0.5334, valid_rmse-1.2805, valid_pr-0.7393
2022-11-21 11:36:42 - INFO - epoch-150, train_loss-0.2682, train_rmse-0.5179, valid_rmse-1.2512, valid_pr-0.7455
2022-11-21 11:36:51 - INFO - epoch-151, train_loss-0.2766, train_rmse-0.5259, valid_rmse-1.2513, valid_pr-0.7521
2022-11-21 11:37:00 - INFO - epoch-152, train_loss-0.2704, train_rmse-0.5200, valid_rmse-1.2651, valid_pr-0.7430
2022-11-21 11:37:10 - INFO - epoch-153, train_loss-0.2642, train_rmse-0.5140, valid_rmse-1.2656, valid_pr-0.7437
2022-11-21 11:37:19 - INFO - epoch-154, train_loss-0.2707, train_rmse-0.5203, valid_rmse-1.2875, valid_pr-0.7380
2022-11-21 11:37:28 - INFO - epoch-155, train_loss-0.2609, train_rmse-0.5107, valid_rmse-1.2660, valid_pr-0.7424
2022-11-21 11:37:37 - INFO - epoch-156, train_loss-0.2787, train_rmse-0.5279, valid_rmse-1.2977, valid_pr-0.7357
2022-11-21 11:37:46 - INFO - epoch-157, train_loss-0.2684, train_rmse-0.5181, valid_rmse-1.2745, valid_pr-0.7418
2022-11-21 11:37:56 - INFO - epoch-158, train_loss-0.2621, train_rmse-0.5119, valid_rmse-1.2639, valid_pr-0.7373
2022-11-21 11:38:05 - INFO - epoch-159, train_loss-0.2642, train_rmse-0.5140, valid_rmse-1.2610, valid_pr-0.7436
2022-11-21 11:38:14 - INFO - epoch-160, train_loss-0.2605, train_rmse-0.5104, valid_rmse-1.2503, valid_pr-0.7450
2022-11-21 11:38:23 - INFO - epoch-161, train_loss-0.2510, train_rmse-0.5010, valid_rmse-1.2468, valid_pr-0.7509
2022-11-21 11:38:32 - INFO - epoch-162, train_loss-0.2551, train_rmse-0.5051, valid_rmse-1.2617, valid_pr-0.7453
2022-11-21 11:38:41 - INFO - epoch-163, train_loss-0.2421, train_rmse-0.4920, valid_rmse-1.2404, valid_pr-0.7570
2022-11-21 11:38:50 - INFO - epoch-164, train_loss-0.2494, train_rmse-0.4994, valid_rmse-1.2582, valid_pr-0.7488
2022-11-21 11:39:00 - INFO - epoch-165, train_loss-0.2376, train_rmse-0.4874, valid_rmse-1.2324, valid_pr-0.7485
2022-11-21 11:39:09 - INFO - epoch-166, train_loss-0.2416, train_rmse-0.4915, valid_rmse-1.2413, valid_pr-0.7459
2022-11-21 11:39:18 - INFO - epoch-167, train_loss-0.2437, train_rmse-0.4937, valid_rmse-1.2559, valid_pr-0.7467
2022-11-21 11:39:27 - INFO - epoch-168, train_loss-0.2508, train_rmse-0.5008, valid_rmse-1.2612, valid_pr-0.7413
2022-11-21 11:39:37 - INFO - epoch-169, train_loss-0.2499, train_rmse-0.4999, valid_rmse-1.2795, valid_pr-0.7376
2022-11-21 11:39:46 - INFO - epoch-170, train_loss-0.2427, train_rmse-0.4926, valid_rmse-1.2711, valid_pr-0.7354
2022-11-21 11:39:55 - INFO - epoch-171, train_loss-0.2393, train_rmse-0.4892, valid_rmse-1.2766, valid_pr-0.7464
2022-11-21 11:40:04 - INFO - epoch-172, train_loss-0.2444, train_rmse-0.4944, valid_rmse-1.2791, valid_pr-0.7320
2022-11-21 11:40:14 - INFO - epoch-173, train_loss-0.2328, train_rmse-0.4825, valid_rmse-1.2586, valid_pr-0.7446
2022-11-21 11:40:23 - INFO - epoch-174, train_loss-0.2407, train_rmse-0.4906, valid_rmse-1.2988, valid_pr-0.7436
2022-11-21 11:40:32 - INFO - epoch-175, train_loss-0.2451, train_rmse-0.4951, valid_rmse-1.2602, valid_pr-0.7377
2022-11-21 11:40:41 - INFO - epoch-176, train_loss-0.2347, train_rmse-0.4845, valid_rmse-1.2487, valid_pr-0.7459
2022-11-21 11:40:50 - INFO - epoch-177, train_loss-0.2290, train_rmse-0.4786, valid_rmse-1.2697, valid_pr-0.7497
2022-11-21 11:40:59 - INFO - epoch-178, train_loss-0.2435, train_rmse-0.4935, valid_rmse-1.2559, valid_pr-0.7422
2022-11-21 11:41:08 - INFO - epoch-179, train_loss-0.2249, train_rmse-0.4743, valid_rmse-1.2615, valid_pr-0.7442
2022-11-21 11:41:18 - INFO - epoch-180, train_loss-0.2269, train_rmse-0.4763, valid_rmse-1.2626, valid_pr-0.7509
2022-11-21 11:41:27 - INFO - epoch-181, train_loss-0.2377, train_rmse-0.4876, valid_rmse-1.2334, valid_pr-0.7516
2022-11-21 11:41:37 - INFO - epoch-182, train_loss-0.2190, train_rmse-0.4679, valid_rmse-1.2414, valid_pr-0.7464
2022-11-21 11:41:46 - INFO - epoch-183, train_loss-0.2223, train_rmse-0.4715, valid_rmse-1.2250, valid_pr-0.7549
2022-11-21 11:41:56 - INFO - epoch-184, train_loss-0.2220, train_rmse-0.4712, valid_rmse-1.2556, valid_pr-0.7406
2022-11-21 11:42:05 - INFO - epoch-185, train_loss-0.2199, train_rmse-0.4689, valid_rmse-1.2528, valid_pr-0.7460
2022-11-21 11:42:14 - INFO - epoch-186, train_loss-0.2172, train_rmse-0.4661, valid_rmse-1.2685, valid_pr-0.7448
2022-11-21 11:42:24 - INFO - epoch-187, train_loss-0.2316, train_rmse-0.4812, valid_rmse-1.2765, valid_pr-0.7534
2022-11-21 11:42:33 - INFO - epoch-188, train_loss-0.2232, train_rmse-0.4724, valid_rmse-1.2634, valid_pr-0.7363
2022-11-21 11:42:43 - INFO - epoch-189, train_loss-0.2146, train_rmse-0.4632, valid_rmse-1.2420, valid_pr-0.7472
2022-11-21 11:42:52 - INFO - epoch-190, train_loss-0.2265, train_rmse-0.4760, valid_rmse-1.2837, valid_pr-0.7328
2022-11-21 11:43:02 - INFO - epoch-191, train_loss-0.2168, train_rmse-0.4657, valid_rmse-1.3005, valid_pr-0.7447
2022-11-21 11:43:11 - INFO - epoch-192, train_loss-0.2152, train_rmse-0.4639, valid_rmse-1.2590, valid_pr-0.7398
2022-11-21 11:43:21 - INFO - epoch-193, train_loss-0.2165, train_rmse-0.4653, valid_rmse-1.2417, valid_pr-0.7519
2022-11-21 11:43:30 - INFO - epoch-194, train_loss-0.2165, train_rmse-0.4653, valid_rmse-1.2380, valid_pr-0.7485
2022-11-21 11:43:39 - INFO - epoch-195, train_loss-0.2044, train_rmse-0.4521, valid_rmse-1.2232, valid_pr-0.7564
2022-11-21 11:43:49 - INFO - epoch-196, train_loss-0.2231, train_rmse-0.4724, valid_rmse-1.2677, valid_pr-0.7418
2022-11-21 11:43:59 - INFO - epoch-197, train_loss-0.2105, train_rmse-0.4588, valid_rmse-1.2341, valid_pr-0.7509
2022-11-21 11:44:08 - INFO - epoch-198, train_loss-0.2123, train_rmse-0.4607, valid_rmse-1.2710, valid_pr-0.7475
2022-11-21 11:44:18 - INFO - epoch-199, train_loss-0.2089, train_rmse-0.4571, valid_rmse-1.2702, valid_pr-0.7433
2022-11-21 11:44:27 - INFO - epoch-200, train_loss-0.2024, train_rmse-0.4499, valid_rmse-1.2426, valid_pr-0.7476
2022-11-21 11:44:37 - INFO - epoch-201, train_loss-0.2095, train_rmse-0.4577, valid_rmse-1.2445, valid_pr-0.7487
2022-11-21 11:44:46 - INFO - epoch-202, train_loss-0.2068, train_rmse-0.4548, valid_rmse-1.2742, valid_pr-0.7397
2022-11-21 11:44:56 - INFO - epoch-203, train_loss-0.2259, train_rmse-0.4753, valid_rmse-1.2326, valid_pr-0.7485
2022-11-21 11:45:05 - INFO - epoch-204, train_loss-0.2068, train_rmse-0.4547, valid_rmse-1.2686, valid_pr-0.7442
2022-11-21 11:45:14 - INFO - epoch-205, train_loss-0.2040, train_rmse-0.4517, valid_rmse-1.2620, valid_pr-0.7346
2022-11-21 11:45:23 - INFO - epoch-206, train_loss-0.2063, train_rmse-0.4542, valid_rmse-1.2274, valid_pr-0.7556
2022-11-21 11:45:32 - INFO - epoch-207, train_loss-0.2025, train_rmse-0.4500, valid_rmse-1.2457, valid_pr-0.7485
2022-11-21 11:45:42 - INFO - epoch-208, train_loss-0.2066, train_rmse-0.4545, valid_rmse-1.2357, valid_pr-0.7569
2022-11-21 11:45:51 - INFO - epoch-209, train_loss-0.2026, train_rmse-0.4501, valid_rmse-1.2583, valid_pr-0.7466
2022-11-21 11:46:00 - INFO - epoch-210, train_loss-0.2053, train_rmse-0.4531, valid_rmse-1.2648, valid_pr-0.7459
2022-11-21 11:46:09 - INFO - epoch-211, train_loss-0.2087, train_rmse-0.4568, valid_rmse-1.2501, valid_pr-0.7501
2022-11-21 11:46:18 - INFO - epoch-212, train_loss-0.1919, train_rmse-0.4381, valid_rmse-1.2478, valid_pr-0.7482
2022-11-21 11:46:27 - INFO - epoch-213, train_loss-0.1919, train_rmse-0.4381, valid_rmse-1.2199, valid_pr-0.7574
2022-11-21 11:46:36 - INFO - epoch-214, train_loss-0.1886, train_rmse-0.4343, valid_rmse-1.2595, valid_pr-0.7491
2022-11-21 11:46:45 - INFO - epoch-215, train_loss-0.2111, train_rmse-0.4595, valid_rmse-1.2361, valid_pr-0.7509
2022-11-21 11:46:54 - INFO - epoch-216, train_loss-0.1871, train_rmse-0.4325, valid_rmse-1.2262, valid_pr-0.7588
2022-11-21 11:47:03 - INFO - epoch-217, train_loss-0.1905, train_rmse-0.4365, valid_rmse-1.2513, valid_pr-0.7468
2022-11-21 11:47:12 - INFO - epoch-218, train_loss-0.1959, train_rmse-0.4426, valid_rmse-1.2223, valid_pr-0.7564
2022-11-21 11:47:21 - INFO - epoch-219, train_loss-0.1916, train_rmse-0.4377, valid_rmse-1.2665, valid_pr-0.7463
2022-11-21 11:47:30 - INFO - epoch-220, train_loss-0.1983, train_rmse-0.4453, valid_rmse-1.2629, valid_pr-0.7522
2022-11-21 11:47:39 - INFO - epoch-221, train_loss-0.2008, train_rmse-0.4481, valid_rmse-1.2378, valid_pr-0.7494
2022-11-21 11:47:48 - INFO - epoch-222, train_loss-0.1930, train_rmse-0.4394, valid_rmse-1.2099, valid_pr-0.7586
2022-11-21 11:47:57 - INFO - epoch-223, train_loss-0.1884, train_rmse-0.4340, valid_rmse-1.2544, valid_pr-0.7464
2022-11-21 11:48:06 - INFO - epoch-224, train_loss-0.1839, train_rmse-0.4288, valid_rmse-1.2085, valid_pr-0.7620
2022-11-21 11:48:15 - INFO - epoch-225, train_loss-0.1837, train_rmse-0.4285, valid_rmse-1.2150, valid_pr-0.7568
2022-11-21 11:48:24 - INFO - epoch-226, train_loss-0.1803, train_rmse-0.4246, valid_rmse-1.2121, valid_pr-0.7613
2022-11-21 11:48:33 - INFO - epoch-227, train_loss-0.1840, train_rmse-0.4290, valid_rmse-1.2116, valid_pr-0.7563
2022-11-21 11:48:42 - INFO - epoch-228, train_loss-0.1894, train_rmse-0.4352, valid_rmse-1.2571, valid_pr-0.7506
2022-11-21 11:48:51 - INFO - epoch-229, train_loss-0.1924, train_rmse-0.4386, valid_rmse-1.2516, valid_pr-0.7479
2022-11-21 11:49:00 - INFO - epoch-230, train_loss-0.1837, train_rmse-0.4286, valid_rmse-1.2314, valid_pr-0.7537
2022-11-21 11:49:10 - INFO - epoch-231, train_loss-0.1818, train_rmse-0.4263, valid_rmse-1.2279, valid_pr-0.7534
2022-11-21 11:49:19 - INFO - epoch-232, train_loss-0.1781, train_rmse-0.4220, valid_rmse-1.2225, valid_pr-0.7547
2022-11-21 11:49:28 - INFO - epoch-233, train_loss-0.1825, train_rmse-0.4272, valid_rmse-1.2413, valid_pr-0.7542
2022-11-21 11:49:37 - INFO - epoch-234, train_loss-0.1842, train_rmse-0.4292, valid_rmse-1.2247, valid_pr-0.7596
2022-11-21 11:49:46 - INFO - epoch-235, train_loss-0.1948, train_rmse-0.4414, valid_rmse-1.2199, valid_pr-0.7566
2022-11-21 11:49:55 - INFO - epoch-236, train_loss-0.1860, train_rmse-0.4313, valid_rmse-1.2179, valid_pr-0.7546
2022-11-21 11:50:04 - INFO - epoch-237, train_loss-0.1871, train_rmse-0.4326, valid_rmse-1.2145, valid_pr-0.7547
2022-11-21 11:50:13 - INFO - epoch-238, train_loss-0.1826, train_rmse-0.4274, valid_rmse-1.2227, valid_pr-0.7518
2022-11-21 11:50:22 - INFO - epoch-239, train_loss-0.1792, train_rmse-0.4234, valid_rmse-1.2217, valid_pr-0.7532
2022-11-21 11:50:31 - INFO - epoch-240, train_loss-0.1854, train_rmse-0.4306, valid_rmse-1.2330, valid_pr-0.7506
2022-11-21 11:50:40 - INFO - epoch-241, train_loss-0.1955, train_rmse-0.4422, valid_rmse-1.2350, valid_pr-0.7509
2022-11-21 11:50:49 - INFO - epoch-242, train_loss-0.1841, train_rmse-0.4290, valid_rmse-1.2597, valid_pr-0.7500
2022-11-21 11:50:58 - INFO - epoch-243, train_loss-0.1776, train_rmse-0.4214, valid_rmse-1.2445, valid_pr-0.7464
2022-11-21 11:51:07 - INFO - epoch-244, train_loss-0.1867, train_rmse-0.4321, valid_rmse-1.2628, valid_pr-0.7443
2022-11-21 11:51:16 - INFO - epoch-245, train_loss-0.1765, train_rmse-0.4201, valid_rmse-1.2244, valid_pr-0.7561
2022-11-21 11:51:26 - INFO - epoch-246, train_loss-0.1813, train_rmse-0.4258, valid_rmse-1.2419, valid_pr-0.7541
2022-11-21 11:51:35 - INFO - epoch-247, train_loss-0.1788, train_rmse-0.4228, valid_rmse-1.2627, valid_pr-0.7449
2022-11-21 11:51:44 - INFO - epoch-248, train_loss-0.1756, train_rmse-0.4190, valid_rmse-1.2318, valid_pr-0.7552
2022-11-21 11:51:52 - INFO - epoch-249, train_loss-0.1800, train_rmse-0.4243, valid_rmse-1.2362, valid_pr-0.7487
2022-11-21 11:52:01 - INFO - epoch-250, train_loss-0.1649, train_rmse-0.4061, valid_rmse-1.2308, valid_pr-0.7536
2022-11-21 11:52:10 - INFO - epoch-251, train_loss-0.1663, train_rmse-0.4078, valid_rmse-1.2323, valid_pr-0.7539
2022-11-21 11:52:19 - INFO - epoch-252, train_loss-0.1632, train_rmse-0.4040, valid_rmse-1.2528, valid_pr-0.7452
2022-11-21 11:52:28 - INFO - epoch-253, train_loss-0.1740, train_rmse-0.4171, valid_rmse-1.2368, valid_pr-0.7554
2022-11-21 11:52:37 - INFO - epoch-254, train_loss-0.1826, train_rmse-0.4274, valid_rmse-1.2893, valid_pr-0.7450
2022-11-21 11:52:46 - INFO - epoch-255, train_loss-0.1791, train_rmse-0.4232, valid_rmse-1.2197, valid_pr-0.7525
2022-11-21 11:52:55 - INFO - epoch-256, train_loss-0.1799, train_rmse-0.4242, valid_rmse-1.2515, valid_pr-0.7411
2022-11-21 11:53:04 - INFO - epoch-257, train_loss-0.1779, train_rmse-0.4218, valid_rmse-1.2423, valid_pr-0.7523
2022-11-21 11:53:14 - INFO - epoch-258, train_loss-0.1701, train_rmse-0.4124, valid_rmse-1.2324, valid_pr-0.7552
2022-11-21 11:53:23 - INFO - epoch-259, train_loss-0.1771, train_rmse-0.4209, valid_rmse-1.2063, valid_pr-0.7586
2022-11-21 11:53:32 - INFO - epoch-260, train_loss-0.1703, train_rmse-0.4127, valid_rmse-1.2542, valid_pr-0.7475
2022-11-21 11:53:41 - INFO - epoch-261, train_loss-0.1633, train_rmse-0.4041, valid_rmse-1.2619, valid_pr-0.7493
2022-11-21 11:53:50 - INFO - epoch-262, train_loss-0.1685, train_rmse-0.4105, valid_rmse-1.2216, valid_pr-0.7535
2022-11-21 11:53:59 - INFO - epoch-263, train_loss-0.1616, train_rmse-0.4020, valid_rmse-1.2437, valid_pr-0.7510
2022-11-21 11:54:08 - INFO - epoch-264, train_loss-0.1606, train_rmse-0.4007, valid_rmse-1.2456, valid_pr-0.7472
2022-11-21 11:54:17 - INFO - epoch-265, train_loss-0.1784, train_rmse-0.4224, valid_rmse-1.2418, valid_pr-0.7486
2022-11-21 11:54:26 - INFO - epoch-266, train_loss-0.1659, train_rmse-0.4073, valid_rmse-1.2031, valid_pr-0.7615
2022-11-21 11:54:35 - INFO - epoch-267, train_loss-0.1718, train_rmse-0.4145, valid_rmse-1.2331, valid_pr-0.7520
2022-11-21 11:54:44 - INFO - epoch-268, train_loss-0.1679, train_rmse-0.4098, valid_rmse-1.2421, valid_pr-0.7483
2022-11-21 11:54:53 - INFO - epoch-269, train_loss-0.1764, train_rmse-0.4200, valid_rmse-1.2167, valid_pr-0.7560
2022-11-21 11:55:02 - INFO - epoch-270, train_loss-0.1750, train_rmse-0.4184, valid_rmse-1.2296, valid_pr-0.7529
2022-11-21 11:55:12 - INFO - epoch-271, train_loss-0.1676, train_rmse-0.4093, valid_rmse-1.2206, valid_pr-0.7564
2022-11-21 11:55:21 - INFO - epoch-272, train_loss-0.1650, train_rmse-0.4062, valid_rmse-1.2128, valid_pr-0.7629
2022-11-21 11:55:30 - INFO - epoch-273, train_loss-0.1641, train_rmse-0.4051, valid_rmse-1.2261, valid_pr-0.7541
2022-11-21 11:55:39 - INFO - epoch-274, train_loss-0.1595, train_rmse-0.3993, valid_rmse-1.2353, valid_pr-0.7518
2022-11-21 11:55:48 - INFO - epoch-275, train_loss-0.1667, train_rmse-0.4083, valid_rmse-1.2324, valid_pr-0.7518
2022-11-21 11:55:57 - INFO - epoch-276, train_loss-0.1707, train_rmse-0.4132, valid_rmse-1.2487, valid_pr-0.7563
2022-11-21 11:56:06 - INFO - epoch-277, train_loss-0.1691, train_rmse-0.4112, valid_rmse-1.2641, valid_pr-0.7581
2022-11-21 11:56:15 - INFO - epoch-278, train_loss-0.1604, train_rmse-0.4005, valid_rmse-1.2107, valid_pr-0.7593
2022-11-21 11:56:24 - INFO - epoch-279, train_loss-0.1594, train_rmse-0.3992, valid_rmse-1.2237, valid_pr-0.7565
2022-11-21 11:56:33 - INFO - epoch-280, train_loss-0.1517, train_rmse-0.3894, valid_rmse-1.2447, valid_pr-0.7562
2022-11-21 11:56:42 - INFO - epoch-281, train_loss-0.1549, train_rmse-0.3935, valid_rmse-1.2046, valid_pr-0.7602
2022-11-21 11:56:51 - INFO - epoch-282, train_loss-0.1506, train_rmse-0.3881, valid_rmse-1.2468, valid_pr-0.7483
2022-11-21 11:57:00 - INFO - epoch-283, train_loss-0.1605, train_rmse-0.4006, valid_rmse-1.2412, valid_pr-0.7601
2022-11-21 11:57:09 - INFO - epoch-284, train_loss-0.1493, train_rmse-0.3863, valid_rmse-1.2377, valid_pr-0.7468
2022-11-21 11:57:18 - INFO - epoch-285, train_loss-0.1635, train_rmse-0.4043, valid_rmse-1.2310, valid_pr-0.7579
2022-11-21 11:57:28 - INFO - epoch-286, train_loss-0.1559, train_rmse-0.3948, valid_rmse-1.2340, valid_pr-0.7517
2022-11-21 11:57:37 - INFO - epoch-287, train_loss-0.1602, train_rmse-0.4002, valid_rmse-1.2241, valid_pr-0.7600
2022-11-21 11:57:46 - INFO - epoch-288, train_loss-0.1591, train_rmse-0.3989, valid_rmse-1.2173, valid_pr-0.7573
2022-11-21 11:57:55 - INFO - epoch-289, train_loss-0.1613, train_rmse-0.4016, valid_rmse-1.2226, valid_pr-0.7515
2022-11-21 11:58:04 - INFO - epoch-290, train_loss-0.1554, train_rmse-0.3942, valid_rmse-1.2179, valid_pr-0.7595
2022-11-21 11:58:13 - INFO - epoch-291, train_loss-0.1624, train_rmse-0.4030, valid_rmse-1.2289, valid_pr-0.7568
2022-11-21 11:58:22 - INFO - epoch-292, train_loss-0.1599, train_rmse-0.3999, valid_rmse-1.2235, valid_pr-0.7541
2022-11-21 11:58:31 - INFO - epoch-293, train_loss-0.1608, train_rmse-0.4010, valid_rmse-1.2382, valid_pr-0.7479
2022-11-21 11:58:40 - INFO - epoch-294, train_loss-0.1664, train_rmse-0.4080, valid_rmse-1.2385, valid_pr-0.7486
2022-11-21 11:58:50 - INFO - epoch-295, train_loss-0.1562, train_rmse-0.3952, valid_rmse-1.2289, valid_pr-0.7494
2022-11-21 11:58:59 - INFO - epoch-296, train_loss-0.1604, train_rmse-0.4006, valid_rmse-1.2382, valid_pr-0.7510
2022-11-21 11:59:08 - INFO - epoch-297, train_loss-0.1543, train_rmse-0.3928, valid_rmse-1.2322, valid_pr-0.7522
2022-11-21 11:59:17 - INFO - epoch-298, train_loss-0.1585, train_rmse-0.3981, valid_rmse-1.2162, valid_pr-0.7601
2022-11-21 11:59:26 - INFO - epoch-299, train_loss-0.1423, train_rmse-0.3773, valid_rmse-1.2396, valid_pr-0.7532
2022-11-21 11:59:35 - INFO - epoch-300, train_loss-0.1623, train_rmse-0.4028, valid_rmse-1.2333, valid_pr-0.7517
2022-11-21 11:59:44 - INFO - epoch-301, train_loss-0.1526, train_rmse-0.3906, valid_rmse-1.2045, valid_pr-0.7652
2022-11-21 11:59:53 - INFO - epoch-302, train_loss-0.1450, train_rmse-0.3808, valid_rmse-1.2266, valid_pr-0.7569
2022-11-21 12:00:02 - INFO - epoch-303, train_loss-0.1482, train_rmse-0.3850, valid_rmse-1.2411, valid_pr-0.7603
2022-11-21 12:00:11 - INFO - epoch-304, train_loss-0.1488, train_rmse-0.3858, valid_rmse-1.2318, valid_pr-0.7558
2022-11-21 12:00:20 - INFO - epoch-305, train_loss-0.1499, train_rmse-0.3872, valid_rmse-1.2381, valid_pr-0.7502
2022-11-21 12:00:30 - INFO - epoch-306, train_loss-0.1566, train_rmse-0.3957, valid_rmse-1.2348, valid_pr-0.7532
2022-11-21 12:00:38 - INFO - epoch-307, train_loss-0.1510, train_rmse-0.3885, valid_rmse-1.2256, valid_pr-0.7517
2022-11-21 12:00:48 - INFO - epoch-308, train_loss-0.1447, train_rmse-0.3804, valid_rmse-1.2235, valid_pr-0.7578
2022-11-21 12:00:57 - INFO - epoch-309, train_loss-0.1537, train_rmse-0.3920, valid_rmse-1.1995, valid_pr-0.7627
2022-11-21 12:01:06 - INFO - epoch-310, train_loss-0.1471, train_rmse-0.3835, valid_rmse-1.2231, valid_pr-0.7551
2022-11-21 12:01:15 - INFO - epoch-311, train_loss-0.1526, train_rmse-0.3907, valid_rmse-1.2171, valid_pr-0.7598
2022-11-21 12:01:24 - INFO - epoch-312, train_loss-0.1415, train_rmse-0.3762, valid_rmse-1.2243, valid_pr-0.7508
2022-11-21 12:01:33 - INFO - epoch-313, train_loss-0.1425, train_rmse-0.3775, valid_rmse-1.2569, valid_pr-0.7457
2022-11-21 12:01:42 - INFO - epoch-314, train_loss-0.1545, train_rmse-0.3930, valid_rmse-1.2271, valid_pr-0.7531
2022-11-21 12:01:52 - INFO - epoch-315, train_loss-0.1651, train_rmse-0.4064, valid_rmse-1.2340, valid_pr-0.7516
2022-11-21 12:02:01 - INFO - epoch-316, train_loss-0.1488, train_rmse-0.3858, valid_rmse-1.2317, valid_pr-0.7544
2022-11-21 12:02:10 - INFO - epoch-317, train_loss-0.1506, train_rmse-0.3881, valid_rmse-1.2485, valid_pr-0.7540
2022-11-21 12:02:19 - INFO - epoch-318, train_loss-0.1459, train_rmse-0.3820, valid_rmse-1.2224, valid_pr-0.7566
2022-11-21 12:02:28 - INFO - epoch-319, train_loss-0.1559, train_rmse-0.3948, valid_rmse-1.2323, valid_pr-0.7520
2022-11-21 12:02:38 - INFO - epoch-320, train_loss-0.1561, train_rmse-0.3950, valid_rmse-1.2262, valid_pr-0.7536
2022-11-21 12:02:47 - INFO - epoch-321, train_loss-0.1452, train_rmse-0.3810, valid_rmse-1.2013, valid_pr-0.7613
2022-11-21 12:02:56 - INFO - epoch-322, train_loss-0.1441, train_rmse-0.3796, valid_rmse-1.2334, valid_pr-0.7556
2022-11-21 12:03:05 - INFO - epoch-323, train_loss-0.1546, train_rmse-0.3932, valid_rmse-1.2336, valid_pr-0.7566
2022-11-21 12:03:14 - INFO - epoch-324, train_loss-0.1529, train_rmse-0.3910, valid_rmse-1.2219, valid_pr-0.7578
2022-11-21 12:03:23 - INFO - epoch-325, train_loss-0.1522, train_rmse-0.3901, valid_rmse-1.2266, valid_pr-0.7613
2022-11-21 12:03:32 - INFO - epoch-326, train_loss-0.1365, train_rmse-0.3694, valid_rmse-1.2167, valid_pr-0.7622
2022-11-21 12:03:42 - INFO - epoch-327, train_loss-0.1378, train_rmse-0.3712, valid_rmse-1.2426, valid_pr-0.7598
2022-11-21 12:03:51 - INFO - epoch-328, train_loss-0.1352, train_rmse-0.3677, valid_rmse-1.2340, valid_pr-0.7516
2022-11-21 12:04:00 - INFO - epoch-329, train_loss-0.1400, train_rmse-0.3742, valid_rmse-1.2395, valid_pr-0.7524
2022-11-21 12:04:09 - INFO - epoch-330, train_loss-0.1368, train_rmse-0.3699, valid_rmse-1.2255, valid_pr-0.7571
2022-11-21 12:04:19 - INFO - epoch-331, train_loss-0.1408, train_rmse-0.3752, valid_rmse-1.2225, valid_pr-0.7567
2022-11-21 12:04:28 - INFO - epoch-332, train_loss-0.1411, train_rmse-0.3757, valid_rmse-1.2323, valid_pr-0.7513
2022-11-21 12:04:37 - INFO - epoch-333, train_loss-0.1523, train_rmse-0.3903, valid_rmse-1.2242, valid_pr-0.7606
2022-11-21 12:04:46 - INFO - epoch-334, train_loss-0.1439, train_rmse-0.3793, valid_rmse-1.2283, valid_pr-0.7606
2022-11-21 12:04:55 - INFO - epoch-335, train_loss-0.1442, train_rmse-0.3798, valid_rmse-1.2141, valid_pr-0.7574
2022-11-21 12:05:05 - INFO - epoch-336, train_loss-0.1458, train_rmse-0.3819, valid_rmse-1.2222, valid_pr-0.7561
2022-11-21 12:05:14 - INFO - epoch-337, train_loss-0.1360, train_rmse-0.3687, valid_rmse-1.2533, valid_pr-0.7547
2022-11-21 12:05:23 - INFO - epoch-338, train_loss-0.1378, train_rmse-0.3712, valid_rmse-1.2200, valid_pr-0.7608
2022-11-21 12:05:32 - INFO - epoch-339, train_loss-0.1540, train_rmse-0.3925, valid_rmse-1.2191, valid_pr-0.7544
2022-11-21 12:05:41 - INFO - epoch-340, train_loss-0.1380, train_rmse-0.3715, valid_rmse-1.2278, valid_pr-0.7585
2022-11-21 12:05:51 - INFO - epoch-341, train_loss-0.1363, train_rmse-0.3692, valid_rmse-1.2340, valid_pr-0.7595
2022-11-21 12:06:00 - INFO - epoch-342, train_loss-0.1446, train_rmse-0.3802, valid_rmse-1.2369, valid_pr-0.7531
2022-11-21 12:06:09 - INFO - epoch-343, train_loss-0.1398, train_rmse-0.3739, valid_rmse-1.2163, valid_pr-0.7558
2022-11-21 12:06:18 - INFO - epoch-344, train_loss-0.1357, train_rmse-0.3684, valid_rmse-1.2415, valid_pr-0.7560
2022-11-21 12:06:27 - INFO - epoch-345, train_loss-0.1370, train_rmse-0.3701, valid_rmse-1.2248, valid_pr-0.7546
2022-11-21 12:06:37 - INFO - epoch-346, train_loss-0.1350, train_rmse-0.3674, valid_rmse-1.2211, valid_pr-0.7543
2022-11-21 12:06:46 - INFO - epoch-347, train_loss-0.1560, train_rmse-0.3949, valid_rmse-1.2217, valid_pr-0.7556
2022-11-21 12:06:55 - INFO - epoch-348, train_loss-0.1473, train_rmse-0.3838, valid_rmse-1.2343, valid_pr-0.7499
2022-11-21 12:07:05 - INFO - epoch-349, train_loss-0.1252, train_rmse-0.3538, valid_rmse-1.2470, valid_pr-0.7561
2022-11-21 12:07:14 - INFO - epoch-350, train_loss-0.1382, train_rmse-0.3718, valid_rmse-1.2123, valid_pr-0.7606
2022-11-21 12:07:24 - INFO - epoch-351, train_loss-0.1409, train_rmse-0.3754, valid_rmse-1.2427, valid_pr-0.7543
2022-11-21 12:07:33 - INFO - epoch-352, train_loss-0.1355, train_rmse-0.3681, valid_rmse-1.2197, valid_pr-0.7594
2022-11-21 12:07:43 - INFO - epoch-353, train_loss-0.1458, train_rmse-0.3818, valid_rmse-1.2102, valid_pr-0.7607
2022-11-21 12:07:52 - INFO - epoch-354, train_loss-0.1524, train_rmse-0.3904, valid_rmse-1.2088, valid_pr-0.7642
2022-11-21 12:08:01 - INFO - epoch-355, train_loss-0.1313, train_rmse-0.3623, valid_rmse-1.2245, valid_pr-0.7574
2022-11-21 12:08:11 - INFO - epoch-356, train_loss-0.1302, train_rmse-0.3608, valid_rmse-1.2274, valid_pr-0.7568
2022-11-21 12:08:20 - INFO - epoch-357, train_loss-0.1355, train_rmse-0.3682, valid_rmse-1.2564, valid_pr-0.7521
2022-11-21 12:08:30 - INFO - epoch-358, train_loss-0.1242, train_rmse-0.3524, valid_rmse-1.2082, valid_pr-0.7614
2022-11-21 12:08:39 - INFO - epoch-359, train_loss-0.1410, train_rmse-0.3756, valid_rmse-1.2210, valid_pr-0.7600
2022-11-21 12:08:49 - INFO - epoch-360, train_loss-0.1421, train_rmse-0.3769, valid_rmse-1.2091, valid_pr-0.7597
2022-11-21 12:08:58 - INFO - epoch-361, train_loss-0.1376, train_rmse-0.3709, valid_rmse-1.2556, valid_pr-0.7495
2022-11-21 12:09:07 - INFO - epoch-362, train_loss-0.1327, train_rmse-0.3643, valid_rmse-1.2066, valid_pr-0.7622
2022-11-21 12:09:16 - INFO - epoch-363, train_loss-0.1323, train_rmse-0.3637, valid_rmse-1.2184, valid_pr-0.7581
2022-11-21 12:09:25 - INFO - epoch-364, train_loss-0.1349, train_rmse-0.3673, valid_rmse-1.2594, valid_pr-0.7573
2022-11-21 12:09:34 - INFO - epoch-365, train_loss-0.1438, train_rmse-0.3792, valid_rmse-1.2357, valid_pr-0.7511
2022-11-21 12:09:44 - INFO - epoch-366, train_loss-0.1441, train_rmse-0.3797, valid_rmse-1.2312, valid_pr-0.7502
2022-11-21 12:09:53 - INFO - epoch-367, train_loss-0.1421, train_rmse-0.3770, valid_rmse-1.2108, valid_pr-0.7616
2022-11-21 12:10:02 - INFO - epoch-368, train_loss-0.1344, train_rmse-0.3665, valid_rmse-1.2393, valid_pr-0.7572
2022-11-21 12:10:11 - INFO - epoch-369, train_loss-0.1319, train_rmse-0.3631, valid_rmse-1.2054, valid_pr-0.7595
2022-11-21 12:10:20 - INFO - epoch-370, train_loss-0.1388, train_rmse-0.3725, valid_rmse-1.2371, valid_pr-0.7579
2022-11-21 12:10:29 - INFO - epoch-371, train_loss-0.1332, train_rmse-0.3649, valid_rmse-1.2356, valid_pr-0.7547
2022-11-21 12:10:38 - INFO - epoch-372, train_loss-0.1362, train_rmse-0.3691, valid_rmse-1.2265, valid_pr-0.7547
2022-11-21 12:10:47 - INFO - epoch-373, train_loss-0.1371, train_rmse-0.3702, valid_rmse-1.2479, valid_pr-0.7502
2022-11-21 12:10:56 - INFO - epoch-374, train_loss-0.1300, train_rmse-0.3606, valid_rmse-1.2189, valid_pr-0.7631
2022-11-21 12:11:05 - INFO - epoch-375, train_loss-0.1337, train_rmse-0.3657, valid_rmse-1.2062, valid_pr-0.7625
2022-11-21 12:11:15 - INFO - epoch-376, train_loss-0.1327, train_rmse-0.3643, valid_rmse-1.2208, valid_pr-0.7579
2022-11-21 12:11:24 - INFO - epoch-377, train_loss-0.1304, train_rmse-0.3612, valid_rmse-1.2175, valid_pr-0.7606
2022-11-21 12:11:33 - INFO - epoch-378, train_loss-0.1322, train_rmse-0.3636, valid_rmse-1.2358, valid_pr-0.7596
2022-11-21 12:11:42 - INFO - epoch-379, train_loss-0.1233, train_rmse-0.3511, valid_rmse-1.2239, valid_pr-0.7533
2022-11-21 12:11:51 - INFO - epoch-380, train_loss-0.1316, train_rmse-0.3627, valid_rmse-1.2370, valid_pr-0.7561
2022-11-21 12:12:00 - INFO - epoch-381, train_loss-0.1362, train_rmse-0.3691, valid_rmse-1.2259, valid_pr-0.7526
2022-11-21 12:12:10 - INFO - epoch-382, train_loss-0.1323, train_rmse-0.3637, valid_rmse-1.2371, valid_pr-0.7545
2022-11-21 12:12:19 - INFO - epoch-383, train_loss-0.1277, train_rmse-0.3573, valid_rmse-1.1987, valid_pr-0.7671
2022-11-21 12:12:28 - INFO - epoch-384, train_loss-0.1409, train_rmse-0.3753, valid_rmse-1.2356, valid_pr-0.7599
2022-11-21 12:12:37 - INFO - epoch-385, train_loss-0.1278, train_rmse-0.3574, valid_rmse-1.2123, valid_pr-0.7581
2022-11-21 12:12:46 - INFO - epoch-386, train_loss-0.1282, train_rmse-0.3581, valid_rmse-1.2139, valid_pr-0.7594
2022-11-21 12:12:56 - INFO - epoch-387, train_loss-0.1270, train_rmse-0.3564, valid_rmse-1.2185, valid_pr-0.7581
2022-11-21 12:13:05 - INFO - epoch-388, train_loss-0.1236, train_rmse-0.3516, valid_rmse-1.2350, valid_pr-0.7546
2022-11-21 12:13:14 - INFO - epoch-389, train_loss-0.1324, train_rmse-0.3639, valid_rmse-1.2056, valid_pr-0.7676
2022-11-21 12:13:24 - INFO - epoch-390, train_loss-0.1251, train_rmse-0.3537, valid_rmse-1.2077, valid_pr-0.7616
2022-11-21 12:13:33 - INFO - epoch-391, train_loss-0.1329, train_rmse-0.3646, valid_rmse-1.2363, valid_pr-0.7569
2022-11-21 12:13:42 - INFO - epoch-392, train_loss-0.1340, train_rmse-0.3660, valid_rmse-1.2439, valid_pr-0.7453
2022-11-21 12:13:51 - INFO - epoch-393, train_loss-0.1313, train_rmse-0.3623, valid_rmse-1.2206, valid_pr-0.7546
2022-11-21 12:14:01 - INFO - epoch-394, train_loss-0.1310, train_rmse-0.3620, valid_rmse-1.2495, valid_pr-0.7491
2022-11-21 12:14:10 - INFO - epoch-395, train_loss-0.1503, train_rmse-0.3877, valid_rmse-1.2269, valid_pr-0.7535
2022-11-21 12:14:19 - INFO - epoch-396, train_loss-0.1306, train_rmse-0.3614, valid_rmse-1.2444, valid_pr-0.7583
2022-11-21 12:14:29 - INFO - epoch-397, train_loss-0.1152, train_rmse-0.3394, valid_rmse-1.2132, valid_pr-0.7597
2022-11-21 12:14:39 - INFO - epoch-398, train_loss-0.1297, train_rmse-0.3602, valid_rmse-1.2086, valid_pr-0.7595
2022-11-21 12:14:48 - INFO - epoch-399, train_loss-0.1269, train_rmse-0.3562, valid_rmse-1.2175, valid_pr-0.7589
2022-11-21 12:14:58 - INFO - epoch-400, train_loss-0.1321, train_rmse-0.3634, valid_rmse-1.2096, valid_pr-0.7580
2022-11-21 12:15:08 - INFO - epoch-401, train_loss-0.1256, train_rmse-0.3544, valid_rmse-1.2252, valid_pr-0.7581
2022-11-21 12:15:17 - INFO - epoch-402, train_loss-0.1294, train_rmse-0.3597, valid_rmse-1.2580, valid_pr-0.7506
2022-11-21 12:15:27 - INFO - epoch-403, train_loss-0.1355, train_rmse-0.3681, valid_rmse-1.2158, valid_pr-0.7584
2022-11-21 12:15:37 - INFO - epoch-404, train_loss-0.1210, train_rmse-0.3479, valid_rmse-1.2124, valid_pr-0.7611
2022-11-21 12:15:46 - INFO - epoch-405, train_loss-0.1200, train_rmse-0.3464, valid_rmse-1.2247, valid_pr-0.7596
2022-11-21 12:15:56 - INFO - epoch-406, train_loss-0.1242, train_rmse-0.3524, valid_rmse-1.2255, valid_pr-0.7567
2022-11-21 12:16:05 - INFO - epoch-407, train_loss-0.1319, train_rmse-0.3631, valid_rmse-1.2353, valid_pr-0.7557
2022-11-21 12:16:15 - INFO - epoch-408, train_loss-0.1318, train_rmse-0.3630, valid_rmse-1.2433, valid_pr-0.7540
2022-11-21 12:16:25 - INFO - epoch-409, train_loss-0.1332, train_rmse-0.3649, valid_rmse-1.2043, valid_pr-0.7609
2022-11-21 12:16:35 - INFO - epoch-410, train_loss-0.1212, train_rmse-0.3482, valid_rmse-1.2258, valid_pr-0.7574
2022-11-21 12:16:44 - INFO - epoch-411, train_loss-0.1239, train_rmse-0.3520, valid_rmse-1.2565, valid_pr-0.7553
2022-11-21 12:16:54 - INFO - epoch-412, train_loss-0.1379, train_rmse-0.3713, valid_rmse-1.2270, valid_pr-0.7613
2022-11-21 12:17:04 - INFO - epoch-413, train_loss-0.1245, train_rmse-0.3529, valid_rmse-1.2381, valid_pr-0.7608
2022-11-21 12:17:14 - INFO - epoch-414, train_loss-0.1235, train_rmse-0.3515, valid_rmse-1.2384, valid_pr-0.7562
2022-11-21 12:17:24 - INFO - epoch-415, train_loss-0.1380, train_rmse-0.3715, valid_rmse-1.2254, valid_pr-0.7605
2022-11-21 12:17:34 - INFO - epoch-416, train_loss-0.1301, train_rmse-0.3607, valid_rmse-1.2146, valid_pr-0.7574
2022-11-21 12:17:44 - INFO - epoch-417, train_loss-0.1339, train_rmse-0.3660, valid_rmse-1.2110, valid_pr-0.7598
2022-11-21 12:17:53 - INFO - epoch-418, train_loss-0.1254, train_rmse-0.3542, valid_rmse-1.2174, valid_pr-0.7629
2022-11-21 12:18:03 - INFO - epoch-419, train_loss-0.1104, train_rmse-0.3323, valid_rmse-1.2197, valid_pr-0.7580
2022-11-21 12:18:13 - INFO - epoch-420, train_loss-0.1274, train_rmse-0.3569, valid_rmse-1.2079, valid_pr-0.7593
2022-11-21 12:18:23 - INFO - epoch-421, train_loss-0.1260, train_rmse-0.3549, valid_rmse-1.2322, valid_pr-0.7531
2022-11-21 12:18:33 - INFO - epoch-422, train_loss-0.1417, train_rmse-0.3765, valid_rmse-1.1954, valid_pr-0.7639
2022-11-21 12:18:42 - INFO - epoch-423, train_loss-0.1368, train_rmse-0.3699, valid_rmse-1.2151, valid_pr-0.7609
2022-11-21 12:18:52 - INFO - epoch-424, train_loss-0.1317, train_rmse-0.3629, valid_rmse-1.2248, valid_pr-0.7550
2022-11-21 12:19:02 - INFO - epoch-425, train_loss-0.1345, train_rmse-0.3668, valid_rmse-1.2287, valid_pr-0.7557
2022-11-21 12:19:11 - INFO - epoch-426, train_loss-0.1279, train_rmse-0.3577, valid_rmse-1.2396, valid_pr-0.7541
2022-11-21 12:19:21 - INFO - epoch-427, train_loss-0.1259, train_rmse-0.3548, valid_rmse-1.2143, valid_pr-0.7583
2022-11-21 12:19:31 - INFO - epoch-428, train_loss-0.1330, train_rmse-0.3647, valid_rmse-1.2527, valid_pr-0.7604
2022-11-21 12:19:40 - INFO - epoch-429, train_loss-0.1267, train_rmse-0.3560, valid_rmse-1.2147, valid_pr-0.7581
2022-11-21 12:19:50 - INFO - epoch-430, train_loss-0.1219, train_rmse-0.3491, valid_rmse-1.2296, valid_pr-0.7543
2022-11-21 12:20:00 - INFO - epoch-431, train_loss-0.1155, train_rmse-0.3399, valid_rmse-1.2254, valid_pr-0.7558
2022-11-21 12:20:10 - INFO - epoch-432, train_loss-0.1140, train_rmse-0.3376, valid_rmse-1.2339, valid_pr-0.7522
2022-11-21 12:20:20 - INFO - epoch-433, train_loss-0.1180, train_rmse-0.3435, valid_rmse-1.2078, valid_pr-0.7598
2022-11-21 12:20:29 - INFO - epoch-434, train_loss-0.1248, train_rmse-0.3533, valid_rmse-1.2276, valid_pr-0.7507
2022-11-21 12:20:39 - INFO - epoch-435, train_loss-0.1213, train_rmse-0.3482, valid_rmse-1.2293, valid_pr-0.7539
2022-11-21 12:20:49 - INFO - epoch-436, train_loss-0.1157, train_rmse-0.3401, valid_rmse-1.2237, valid_pr-0.7575
2022-11-21 12:20:58 - INFO - epoch-437, train_loss-0.1113, train_rmse-0.3336, valid_rmse-1.2146, valid_pr-0.7596
2022-11-21 12:21:08 - INFO - epoch-438, train_loss-0.1238, train_rmse-0.3519, valid_rmse-1.2183, valid_pr-0.7569
2022-11-21 12:21:18 - INFO - epoch-439, train_loss-0.1168, train_rmse-0.3418, valid_rmse-1.2279, valid_pr-0.7629
2022-11-21 12:21:27 - INFO - epoch-440, train_loss-0.1207, train_rmse-0.3474, valid_rmse-1.2203, valid_pr-0.7606
2022-11-21 12:21:37 - INFO - epoch-441, train_loss-0.1260, train_rmse-0.3549, valid_rmse-1.2299, valid_pr-0.7569
2022-11-21 12:21:46 - INFO - epoch-442, train_loss-0.1213, train_rmse-0.3483, valid_rmse-1.2150, valid_pr-0.7572
2022-11-21 12:21:56 - INFO - epoch-443, train_loss-0.1260, train_rmse-0.3549, valid_rmse-1.2428, valid_pr-0.7531
2022-11-21 12:22:06 - INFO - epoch-444, train_loss-0.1236, train_rmse-0.3515, valid_rmse-1.2272, valid_pr-0.7601
2022-11-21 12:22:15 - INFO - epoch-445, train_loss-0.1165, train_rmse-0.3414, valid_rmse-1.2354, valid_pr-0.7609
2022-11-21 12:22:25 - INFO - epoch-446, train_loss-0.1196, train_rmse-0.3458, valid_rmse-1.2365, valid_pr-0.7581
2022-11-21 12:22:35 - INFO - epoch-447, train_loss-0.1104, train_rmse-0.3323, valid_rmse-1.2149, valid_pr-0.7605
2022-11-21 12:22:44 - INFO - epoch-448, train_loss-0.1144, train_rmse-0.3382, valid_rmse-1.2288, valid_pr-0.7539
2022-11-21 12:22:55 - INFO - epoch-449, train_loss-0.1244, train_rmse-0.3527, valid_rmse-1.2059, valid_pr-0.7622
2022-11-21 12:23:04 - INFO - epoch-450, train_loss-0.1291, train_rmse-0.3593, valid_rmse-1.2205, valid_pr-0.7564
2022-11-21 12:23:14 - INFO - epoch-451, train_loss-0.1358, train_rmse-0.3685, valid_rmse-1.2269, valid_pr-0.7572
2022-11-21 12:23:24 - INFO - epoch-452, train_loss-0.1273, train_rmse-0.3569, valid_rmse-1.2222, valid_pr-0.7548
2022-11-21 12:23:34 - INFO - epoch-453, train_loss-0.1269, train_rmse-0.3563, valid_rmse-1.2149, valid_pr-0.7543
2022-11-21 12:23:43 - INFO - epoch-454, train_loss-0.1260, train_rmse-0.3549, valid_rmse-1.2206, valid_pr-0.7569
2022-11-21 12:23:53 - INFO - epoch-455, train_loss-0.1173, train_rmse-0.3425, valid_rmse-1.2155, valid_pr-0.7588
2022-11-21 12:24:03 - INFO - epoch-456, train_loss-0.1151, train_rmse-0.3393, valid_rmse-1.2401, valid_pr-0.7530
2022-11-21 12:24:13 - INFO - epoch-457, train_loss-0.1233, train_rmse-0.3512, valid_rmse-1.2117, valid_pr-0.7631
2022-11-21 12:24:23 - INFO - epoch-458, train_loss-0.1128, train_rmse-0.3359, valid_rmse-1.2246, valid_pr-0.7557
2022-11-21 12:24:33 - INFO - epoch-459, train_loss-0.1175, train_rmse-0.3427, valid_rmse-1.2118, valid_pr-0.7594
2022-11-21 12:24:42 - INFO - epoch-460, train_loss-0.1144, train_rmse-0.3382, valid_rmse-1.2178, valid_pr-0.7635
2022-11-21 12:24:52 - INFO - epoch-461, train_loss-0.1234, train_rmse-0.3513, valid_rmse-1.2167, valid_pr-0.7613
2022-11-21 12:25:02 - INFO - epoch-462, train_loss-0.1221, train_rmse-0.3494, valid_rmse-1.2015, valid_pr-0.7668
2022-11-21 12:25:11 - INFO - epoch-463, train_loss-0.1162, train_rmse-0.3409, valid_rmse-1.1935, valid_pr-0.7681
2022-11-21 12:25:21 - INFO - epoch-464, train_loss-0.1063, train_rmse-0.3260, valid_rmse-1.1883, valid_pr-0.7703
2022-11-21 12:25:31 - INFO - epoch-465, train_loss-0.1054, train_rmse-0.3247, valid_rmse-1.2268, valid_pr-0.7597
2022-11-21 12:25:41 - INFO - epoch-466, train_loss-0.1154, train_rmse-0.3397, valid_rmse-1.2068, valid_pr-0.7649
2022-11-21 12:25:50 - INFO - epoch-467, train_loss-0.1218, train_rmse-0.3491, valid_rmse-1.2289, valid_pr-0.7578
2022-11-21 12:26:00 - INFO - epoch-468, train_loss-0.1189, train_rmse-0.3449, valid_rmse-1.2151, valid_pr-0.7568
2022-11-21 12:26:10 - INFO - epoch-469, train_loss-0.1149, train_rmse-0.3389, valid_rmse-1.1998, valid_pr-0.7618
2022-11-21 12:26:20 - INFO - epoch-470, train_loss-0.1267, train_rmse-0.3559, valid_rmse-1.2121, valid_pr-0.7616
2022-11-21 12:26:30 - INFO - epoch-471, train_loss-0.1250, train_rmse-0.3535, valid_rmse-1.2048, valid_pr-0.7653
2022-11-21 12:26:40 - INFO - epoch-472, train_loss-0.1235, train_rmse-0.3514, valid_rmse-1.2203, valid_pr-0.7587
2022-11-21 12:26:49 - INFO - epoch-473, train_loss-0.1207, train_rmse-0.3475, valid_rmse-1.2010, valid_pr-0.7657
2022-11-21 12:26:59 - INFO - epoch-474, train_loss-0.1096, train_rmse-0.3311, valid_rmse-1.2078, valid_pr-0.7658
2022-11-21 12:27:09 - INFO - epoch-475, train_loss-0.1166, train_rmse-0.3414, valid_rmse-1.2175, valid_pr-0.7574
2022-11-21 12:27:19 - INFO - epoch-476, train_loss-0.1273, train_rmse-0.3568, valid_rmse-1.2321, valid_pr-0.7530
2022-11-21 12:27:29 - INFO - epoch-477, train_loss-0.1213, train_rmse-0.3483, valid_rmse-1.2224, valid_pr-0.7636
2022-11-21 12:27:39 - INFO - epoch-478, train_loss-0.1150, train_rmse-0.3391, valid_rmse-1.2046, valid_pr-0.7610
2022-11-21 12:27:48 - INFO - epoch-479, train_loss-0.1179, train_rmse-0.3434, valid_rmse-1.2700, valid_pr-0.7570
2022-11-21 12:27:58 - INFO - epoch-480, train_loss-0.1100, train_rmse-0.3316, valid_rmse-1.2244, valid_pr-0.7591
2022-11-21 12:28:08 - INFO - epoch-481, train_loss-0.1127, train_rmse-0.3358, valid_rmse-1.2198, valid_pr-0.7574
2022-11-21 12:28:17 - INFO - epoch-482, train_loss-0.1140, train_rmse-0.3377, valid_rmse-1.2167, valid_pr-0.7567
2022-11-21 12:28:27 - INFO - epoch-483, train_loss-0.1138, train_rmse-0.3373, valid_rmse-1.2212, valid_pr-0.7561
2022-11-21 12:28:37 - INFO - epoch-484, train_loss-0.1127, train_rmse-0.3358, valid_rmse-1.2203, valid_pr-0.7610
2022-11-21 12:28:46 - INFO - epoch-485, train_loss-0.1124, train_rmse-0.3353, valid_rmse-1.2726, valid_pr-0.7496
2022-11-21 12:28:56 - INFO - epoch-486, train_loss-0.1135, train_rmse-0.3369, valid_rmse-1.2296, valid_pr-0.7569
2022-11-21 12:29:06 - INFO - epoch-487, train_loss-0.1228, train_rmse-0.3505, valid_rmse-1.2283, valid_pr-0.7553
2022-11-21 12:29:16 - INFO - epoch-488, train_loss-0.1156, train_rmse-0.3400, valid_rmse-1.2154, valid_pr-0.7623
2022-11-21 12:29:26 - INFO - epoch-489, train_loss-0.1151, train_rmse-0.3393, valid_rmse-1.2213, valid_pr-0.7595
2022-11-21 12:29:35 - INFO - epoch-490, train_loss-0.1106, train_rmse-0.3326, valid_rmse-1.2349, valid_pr-0.7557
2022-11-21 12:29:45 - INFO - epoch-491, train_loss-0.1198, train_rmse-0.3461, valid_rmse-1.2121, valid_pr-0.7618
2022-11-21 12:29:55 - INFO - epoch-492, train_loss-0.1089, train_rmse-0.3300, valid_rmse-1.2138, valid_pr-0.7593
2022-11-21 12:30:05 - INFO - epoch-493, train_loss-0.1167, train_rmse-0.3416, valid_rmse-1.2217, valid_pr-0.7581
2022-11-21 12:30:15 - INFO - epoch-494, train_loss-0.1195, train_rmse-0.3457, valid_rmse-1.2162, valid_pr-0.7615
2022-11-21 12:30:25 - INFO - epoch-495, train_loss-0.1192, train_rmse-0.3452, valid_rmse-1.2138, valid_pr-0.7612
2022-11-21 12:30:34 - INFO - epoch-496, train_loss-0.1082, train_rmse-0.3289, valid_rmse-1.1989, valid_pr-0.7666
2022-11-21 12:30:45 - INFO - epoch-497, train_loss-0.1086, train_rmse-0.3295, valid_rmse-1.1898, valid_pr-0.7686
2022-11-21 12:30:55 - INFO - epoch-498, train_loss-0.1041, train_rmse-0.3226, valid_rmse-1.2255, valid_pr-0.7619
2022-11-21 12:31:04 - INFO - epoch-499, train_loss-0.1076, train_rmse-0.3279, valid_rmse-1.1938, valid_pr-0.7661
2022-11-21 12:31:14 - INFO - epoch-500, train_loss-0.1115, train_rmse-0.3339, valid_rmse-1.2011, valid_pr-0.7643
2022-11-21 12:31:24 - INFO - epoch-501, train_loss-0.1198, train_rmse-0.3461, valid_rmse-1.2133, valid_pr-0.7625
2022-11-21 12:31:34 - INFO - epoch-502, train_loss-0.1175, train_rmse-0.3428, valid_rmse-1.2047, valid_pr-0.7648
2022-11-21 12:31:45 - INFO - epoch-503, train_loss-0.1178, train_rmse-0.3432, valid_rmse-1.2432, valid_pr-0.7583
2022-11-21 12:31:55 - INFO - epoch-504, train_loss-0.1059, train_rmse-0.3255, valid_rmse-1.2149, valid_pr-0.7594
2022-11-21 12:32:05 - INFO - epoch-505, train_loss-0.1113, train_rmse-0.3336, valid_rmse-1.2145, valid_pr-0.7641
2022-11-21 12:32:15 - INFO - epoch-506, train_loss-0.1068, train_rmse-0.3268, valid_rmse-1.2132, valid_pr-0.7596
2022-11-21 12:32:25 - INFO - epoch-507, train_loss-0.1233, train_rmse-0.3511, valid_rmse-1.2037, valid_pr-0.7633
2022-11-21 12:32:35 - INFO - epoch-508, train_loss-0.1092, train_rmse-0.3304, valid_rmse-1.2279, valid_pr-0.7601
2022-11-21 12:32:45 - INFO - epoch-509, train_loss-0.1127, train_rmse-0.3358, valid_rmse-1.2258, valid_pr-0.7587
2022-11-21 12:32:55 - INFO - epoch-510, train_loss-0.1130, train_rmse-0.3362, valid_rmse-1.2056, valid_pr-0.7603
2022-11-21 12:33:05 - INFO - epoch-511, train_loss-0.1120, train_rmse-0.3346, valid_rmse-1.2114, valid_pr-0.7609
2022-11-21 12:33:16 - INFO - epoch-512, train_loss-0.1083, train_rmse-0.3290, valid_rmse-1.2073, valid_pr-0.7608
2022-11-21 12:33:26 - INFO - epoch-513, train_loss-0.1084, train_rmse-0.3293, valid_rmse-1.2101, valid_pr-0.7568
2022-11-21 12:33:36 - INFO - epoch-514, train_loss-0.1138, train_rmse-0.3374, valid_rmse-1.2082, valid_pr-0.7596
2022-11-21 12:33:46 - INFO - epoch-515, train_loss-0.1081, train_rmse-0.3288, valid_rmse-1.1951, valid_pr-0.7676
2022-11-21 12:33:57 - INFO - epoch-516, train_loss-0.1175, train_rmse-0.3428, valid_rmse-1.2170, valid_pr-0.7553
2022-11-21 12:34:07 - INFO - epoch-517, train_loss-0.1102, train_rmse-0.3319, valid_rmse-1.2272, valid_pr-0.7556
2022-11-21 12:34:17 - INFO - epoch-518, train_loss-0.1134, train_rmse-0.3367, valid_rmse-1.2315, valid_pr-0.7567
2022-11-21 12:34:26 - INFO - epoch-519, train_loss-0.1193, train_rmse-0.3454, valid_rmse-1.2239, valid_pr-0.7575
2022-11-21 12:34:36 - INFO - epoch-520, train_loss-0.1129, train_rmse-0.3359, valid_rmse-1.2069, valid_pr-0.7617
2022-11-21 12:34:46 - INFO - epoch-521, train_loss-0.1161, train_rmse-0.3408, valid_rmse-1.2148, valid_pr-0.7570
2022-11-21 12:34:56 - INFO - epoch-522, train_loss-0.1114, train_rmse-0.3337, valid_rmse-1.2381, valid_pr-0.7518
2022-11-21 12:35:05 - INFO - epoch-523, train_loss-0.1146, train_rmse-0.3386, valid_rmse-1.2227, valid_pr-0.7566
2022-11-21 12:35:15 - INFO - epoch-524, train_loss-0.1044, train_rmse-0.3231, valid_rmse-1.2355, valid_pr-0.7583
2022-11-21 12:35:25 - INFO - epoch-525, train_loss-0.1153, train_rmse-0.3395, valid_rmse-1.2105, valid_pr-0.7612
2022-11-21 12:35:34 - INFO - epoch-526, train_loss-0.1119, train_rmse-0.3345, valid_rmse-1.2082, valid_pr-0.7617
2022-11-21 12:35:44 - INFO - epoch-527, train_loss-0.1050, train_rmse-0.3240, valid_rmse-1.2106, valid_pr-0.7615
2022-11-21 12:35:54 - INFO - epoch-528, train_loss-0.1049, train_rmse-0.3238, valid_rmse-1.2120, valid_pr-0.7641
2022-11-21 12:36:03 - INFO - epoch-529, train_loss-0.1124, train_rmse-0.3352, valid_rmse-1.2096, valid_pr-0.7599
2022-11-21 12:36:13 - INFO - epoch-530, train_loss-0.1078, train_rmse-0.3283, valid_rmse-1.2106, valid_pr-0.7616
2022-11-21 12:36:23 - INFO - epoch-531, train_loss-0.1102, train_rmse-0.3319, valid_rmse-1.2215, valid_pr-0.7577
2022-11-21 12:36:33 - INFO - epoch-532, train_loss-0.1037, train_rmse-0.3220, valid_rmse-1.2180, valid_pr-0.7616
2022-11-21 12:36:43 - INFO - epoch-533, train_loss-0.1159, train_rmse-0.3404, valid_rmse-1.2282, valid_pr-0.7551
2022-11-21 12:36:53 - INFO - epoch-534, train_loss-0.1055, train_rmse-0.3249, valid_rmse-1.2140, valid_pr-0.7631
2022-11-21 12:37:02 - INFO - epoch-535, train_loss-0.1131, train_rmse-0.3363, valid_rmse-1.2216, valid_pr-0.7661
2022-11-21 12:37:13 - INFO - epoch-536, train_loss-0.1043, train_rmse-0.3229, valid_rmse-1.1966, valid_pr-0.7680
2022-11-21 12:37:22 - INFO - epoch-537, train_loss-0.1010, train_rmse-0.3178, valid_rmse-1.2138, valid_pr-0.7663
2022-11-21 12:37:32 - INFO - epoch-538, train_loss-0.1136, train_rmse-0.3370, valid_rmse-1.2213, valid_pr-0.7636
2022-11-21 12:37:42 - INFO - epoch-539, train_loss-0.0964, train_rmse-0.3105, valid_rmse-1.2327, valid_pr-0.7615
2022-11-21 12:37:52 - INFO - epoch-540, train_loss-0.1093, train_rmse-0.3306, valid_rmse-1.2067, valid_pr-0.7638
2022-11-21 12:38:02 - INFO - epoch-541, train_loss-0.1032, train_rmse-0.3212, valid_rmse-1.2167, valid_pr-0.7638
2022-11-21 12:38:11 - INFO - epoch-542, train_loss-0.1180, train_rmse-0.3435, valid_rmse-1.1951, valid_pr-0.7682
2022-11-21 12:38:21 - INFO - epoch-543, train_loss-0.1082, train_rmse-0.3290, valid_rmse-1.1968, valid_pr-0.7646
2022-11-21 12:38:32 - INFO - epoch-544, train_loss-0.1084, train_rmse-0.3292, valid_rmse-1.1951, valid_pr-0.7647
2022-11-21 12:38:42 - INFO - epoch-545, train_loss-0.1055, train_rmse-0.3248, valid_rmse-1.2016, valid_pr-0.7640
2022-11-21 12:38:52 - INFO - epoch-546, train_loss-0.1102, train_rmse-0.3320, valid_rmse-1.2110, valid_pr-0.7645
2022-11-21 12:39:03 - INFO - epoch-547, train_loss-0.1026, train_rmse-0.3203, valid_rmse-1.2267, valid_pr-0.7571
2022-11-21 12:39:13 - INFO - epoch-548, train_loss-0.1181, train_rmse-0.3436, valid_rmse-1.2291, valid_pr-0.7598
2022-11-21 12:39:23 - INFO - epoch-549, train_loss-0.1148, train_rmse-0.3388, valid_rmse-1.2115, valid_pr-0.7629
2022-11-21 12:39:33 - INFO - epoch-550, train_loss-0.1056, train_rmse-0.3250, valid_rmse-1.1942, valid_pr-0.7663
2022-11-21 12:39:44 - INFO - epoch-551, train_loss-0.1063, train_rmse-0.3260, valid_rmse-1.2089, valid_pr-0.7623
2022-11-21 12:39:54 - INFO - epoch-552, train_loss-0.1079, train_rmse-0.3285, valid_rmse-1.2198, valid_pr-0.7592
2022-11-21 12:40:05 - INFO - epoch-553, train_loss-0.1127, train_rmse-0.3358, valid_rmse-1.2035, valid_pr-0.7623
2022-11-21 12:40:15 - INFO - epoch-554, train_loss-0.0986, train_rmse-0.3139, valid_rmse-1.2135, valid_pr-0.7562
2022-11-21 12:40:25 - INFO - epoch-555, train_loss-0.1119, train_rmse-0.3346, valid_rmse-1.2189, valid_pr-0.7625
2022-11-21 12:40:35 - INFO - epoch-556, train_loss-0.1080, train_rmse-0.3286, valid_rmse-1.1992, valid_pr-0.7658
2022-11-21 12:40:45 - INFO - epoch-557, train_loss-0.1112, train_rmse-0.3335, valid_rmse-1.2076, valid_pr-0.7626
2022-11-21 12:40:56 - INFO - epoch-558, train_loss-0.1056, train_rmse-0.3249, valid_rmse-1.2147, valid_pr-0.7601
2022-11-21 12:41:06 - INFO - epoch-559, train_loss-0.1043, train_rmse-0.3229, valid_rmse-1.2090, valid_pr-0.7636
2022-11-21 12:41:17 - INFO - epoch-560, train_loss-0.0963, train_rmse-0.3104, valid_rmse-1.2070, valid_pr-0.7646
2022-11-21 12:41:27 - INFO - epoch-561, train_loss-0.1059, train_rmse-0.3254, valid_rmse-1.2238, valid_pr-0.7572
2022-11-21 12:41:37 - INFO - epoch-562, train_loss-0.0992, train_rmse-0.3149, valid_rmse-1.1995, valid_pr-0.7654
2022-11-21 12:41:48 - INFO - epoch-563, train_loss-0.1020, train_rmse-0.3194, valid_rmse-1.1932, valid_pr-0.7652
2022-11-21 12:41:58 - INFO - epoch-564, train_loss-0.1059, train_rmse-0.3255, valid_rmse-1.2024, valid_pr-0.7641
2022-11-21 12:42:08 - INFO - epoch-565, train_loss-0.1032, train_rmse-0.3212, valid_rmse-1.2043, valid_pr-0.7630
2022-11-21 12:42:08 - INFO - early stop in epoch 565
2022-11-21 12:42:08 - INFO - best_rmse: 1.1883
2022-11-21 12:42:21 - INFO - valid_rmse-1.1883, valid_pr-0.7703, test2013_rmse-1.4513, test2013_pr-0.8061, test2016_rmse-1.2660, test2016_pr-0.8238, test2019_rmse-1.4258, test2019_pr-0.6246,
