2022-11-21 11:03:21 - INFO - /data2/yzd/project/PotentialNet/train_PN.py
2022-11-21 11:03:21 - INFO - train data: 11904
2022-11-21 11:03:21 - INFO - valid data: 1000
2022-11-21 11:03:21 - INFO - test2013 data: 107
2022-11-21 11:03:21 - INFO - test2016 data: 285
2022-11-21 11:03:21 - INFO - test2019 data: 4366
2022-11-21 11:03:39 - INFO - epoch-0, train_loss-13.0281, train_rmse-3.6094, valid_rmse-2.8720, valid_pr-0.2865
2022-11-21 11:03:49 - INFO - epoch-1, train_loss-7.4066, train_rmse-2.7215, valid_rmse-2.3966, valid_pr-0.3502
2022-11-21 11:03:59 - INFO - epoch-2, train_loss-5.8878, train_rmse-2.4265, valid_rmse-2.1441, valid_pr-0.3914
2022-11-21 11:04:09 - INFO - epoch-3, train_loss-5.1466, train_rmse-2.2686, valid_rmse-2.0969, valid_pr-0.4200
2022-11-21 11:04:20 - INFO - epoch-4, train_loss-4.6259, train_rmse-2.1508, valid_rmse-2.0816, valid_pr-0.3896
2022-11-21 11:04:30 - INFO - epoch-5, train_loss-4.1940, train_rmse-2.0479, valid_rmse-1.9917, valid_pr-0.4420
2022-11-21 11:04:40 - INFO - epoch-6, train_loss-3.9062, train_rmse-1.9764, valid_rmse-1.8210, valid_pr-0.4311
2022-11-21 11:04:50 - INFO - epoch-7, train_loss-3.6086, train_rmse-1.8996, valid_rmse-1.7615, valid_pr-0.4426
2022-11-21 11:05:00 - INFO - epoch-8, train_loss-3.4500, train_rmse-1.8574, valid_rmse-1.6828, valid_pr-0.4813
2022-11-21 11:05:11 - INFO - epoch-9, train_loss-3.2566, train_rmse-1.8046, valid_rmse-1.6461, valid_pr-0.4832
2022-11-21 11:05:21 - INFO - epoch-10, train_loss-3.2078, train_rmse-1.7910, valid_rmse-1.6620, valid_pr-0.4887
2022-11-21 11:05:31 - INFO - epoch-11, train_loss-2.9943, train_rmse-1.7304, valid_rmse-1.6300, valid_pr-0.4982
2022-11-21 11:05:40 - INFO - epoch-12, train_loss-2.8961, train_rmse-1.7018, valid_rmse-1.6144, valid_pr-0.5204
2022-11-21 11:05:51 - INFO - epoch-13, train_loss-2.9123, train_rmse-1.7065, valid_rmse-1.6476, valid_pr-0.5149
2022-11-21 11:06:01 - INFO - epoch-14, train_loss-2.8979, train_rmse-1.7023, valid_rmse-1.6583, valid_pr-0.4704
2022-11-21 11:06:10 - INFO - epoch-15, train_loss-2.8364, train_rmse-1.6842, valid_rmse-1.5724, valid_pr-0.5325
2022-11-21 11:06:20 - INFO - epoch-16, train_loss-2.7545, train_rmse-1.6597, valid_rmse-1.7509, valid_pr-0.5393
2022-11-21 11:06:30 - INFO - epoch-17, train_loss-2.7805, train_rmse-1.6675, valid_rmse-1.5894, valid_pr-0.5314
2022-11-21 11:06:40 - INFO - epoch-18, train_loss-2.7384, train_rmse-1.6548, valid_rmse-1.7926, valid_pr-0.5430
2022-11-21 11:06:50 - INFO - epoch-19, train_loss-2.6873, train_rmse-1.6393, valid_rmse-1.6498, valid_pr-0.5479
2022-11-21 11:07:00 - INFO - epoch-20, train_loss-2.6755, train_rmse-1.6357, valid_rmse-1.6514, valid_pr-0.5447
2022-11-21 11:07:10 - INFO - epoch-21, train_loss-2.6479, train_rmse-1.6272, valid_rmse-1.7286, valid_pr-0.5443
2022-11-21 11:07:20 - INFO - epoch-22, train_loss-2.6192, train_rmse-1.6184, valid_rmse-1.7663, valid_pr-0.5464
2022-11-21 11:07:30 - INFO - epoch-23, train_loss-2.6108, train_rmse-1.6158, valid_rmse-1.6937, valid_pr-0.5372
2022-11-21 11:07:40 - INFO - epoch-24, train_loss-2.5978, train_rmse-1.6118, valid_rmse-1.5918, valid_pr-0.5411
2022-11-21 11:07:50 - INFO - epoch-25, train_loss-2.5466, train_rmse-1.5958, valid_rmse-1.6324, valid_pr-0.5448
2022-11-21 11:08:00 - INFO - epoch-26, train_loss-2.5479, train_rmse-1.5962, valid_rmse-1.6301, valid_pr-0.5608
2022-11-21 11:08:10 - INFO - epoch-27, train_loss-2.5149, train_rmse-1.5858, valid_rmse-1.6289, valid_pr-0.5413
2022-11-21 11:08:20 - INFO - epoch-28, train_loss-2.5140, train_rmse-1.5856, valid_rmse-1.8335, valid_pr-0.5576
2022-11-21 11:08:29 - INFO - epoch-29, train_loss-2.5071, train_rmse-1.5834, valid_rmse-1.7247, valid_pr-0.5746
2022-11-21 11:08:40 - INFO - epoch-30, train_loss-2.4805, train_rmse-1.5749, valid_rmse-1.6642, valid_pr-0.5598
2022-11-21 11:08:50 - INFO - epoch-31, train_loss-2.4639, train_rmse-1.5697, valid_rmse-1.7128, valid_pr-0.5764
2022-11-21 11:09:00 - INFO - epoch-32, train_loss-2.4298, train_rmse-1.5588, valid_rmse-1.7387, valid_pr-0.5709
2022-11-21 11:09:09 - INFO - epoch-33, train_loss-2.4045, train_rmse-1.5506, valid_rmse-1.6507, valid_pr-0.5761
2022-11-21 11:09:20 - INFO - epoch-34, train_loss-2.4208, train_rmse-1.5559, valid_rmse-1.7117, valid_pr-0.5718
2022-11-21 11:09:30 - INFO - epoch-35, train_loss-2.3996, train_rmse-1.5491, valid_rmse-1.7653, valid_pr-0.5878
2022-11-21 11:09:40 - INFO - epoch-36, train_loss-2.3679, train_rmse-1.5388, valid_rmse-1.6716, valid_pr-0.5883
2022-11-21 11:09:50 - INFO - epoch-37, train_loss-2.3686, train_rmse-1.5390, valid_rmse-1.7178, valid_pr-0.5644
2022-11-21 11:10:00 - INFO - epoch-38, train_loss-2.3190, train_rmse-1.5228, valid_rmse-1.7279, valid_pr-0.5856
2022-11-21 11:10:09 - INFO - epoch-39, train_loss-2.3483, train_rmse-1.5324, valid_rmse-1.7327, valid_pr-0.5808
2022-11-21 11:10:20 - INFO - epoch-40, train_loss-2.3186, train_rmse-1.5227, valid_rmse-1.7568, valid_pr-0.5724
2022-11-21 11:10:30 - INFO - epoch-41, train_loss-2.3220, train_rmse-1.5238, valid_rmse-1.6228, valid_pr-0.5849
2022-11-21 11:10:40 - INFO - epoch-42, train_loss-2.3060, train_rmse-1.5186, valid_rmse-1.5983, valid_pr-0.5891
2022-11-21 11:10:50 - INFO - epoch-43, train_loss-2.2827, train_rmse-1.5109, valid_rmse-1.5992, valid_pr-0.5972
2022-11-21 11:10:59 - INFO - epoch-44, train_loss-2.2742, train_rmse-1.5080, valid_rmse-1.5553, valid_pr-0.5906
2022-11-21 11:11:09 - INFO - epoch-45, train_loss-2.2624, train_rmse-1.5041, valid_rmse-1.6307, valid_pr-0.6015
2022-11-21 11:11:19 - INFO - epoch-46, train_loss-2.2283, train_rmse-1.4928, valid_rmse-1.6578, valid_pr-0.6019
2022-11-21 11:11:29 - INFO - epoch-47, train_loss-2.2361, train_rmse-1.4954, valid_rmse-1.7054, valid_pr-0.5642
2022-11-21 11:11:39 - INFO - epoch-48, train_loss-2.2076, train_rmse-1.4858, valid_rmse-1.7098, valid_pr-0.5963
2022-11-21 11:11:49 - INFO - epoch-49, train_loss-2.1934, train_rmse-1.4810, valid_rmse-1.5658, valid_pr-0.6087
2022-11-21 11:11:59 - INFO - epoch-50, train_loss-2.2319, train_rmse-1.4940, valid_rmse-1.6455, valid_pr-0.5567
2022-11-21 11:12:09 - INFO - epoch-51, train_loss-2.2019, train_rmse-1.4839, valid_rmse-1.7596, valid_pr-0.6087
2022-11-21 11:12:18 - INFO - epoch-52, train_loss-2.1919, train_rmse-1.4805, valid_rmse-1.7290, valid_pr-0.6143
2022-11-21 11:12:28 - INFO - epoch-53, train_loss-2.1753, train_rmse-1.4749, valid_rmse-1.6981, valid_pr-0.6155
2022-11-21 11:12:38 - INFO - epoch-54, train_loss-2.1506, train_rmse-1.4665, valid_rmse-1.5246, valid_pr-0.6163
2022-11-21 11:12:48 - INFO - epoch-55, train_loss-2.1384, train_rmse-1.4623, valid_rmse-1.5971, valid_pr-0.6130
2022-11-21 11:12:58 - INFO - epoch-56, train_loss-2.1328, train_rmse-1.4604, valid_rmse-1.7561, valid_pr-0.5737
2022-11-21 11:13:08 - INFO - epoch-57, train_loss-2.1192, train_rmse-1.4557, valid_rmse-1.7478, valid_pr-0.6206
2022-11-21 11:13:18 - INFO - epoch-58, train_loss-2.0947, train_rmse-1.4473, valid_rmse-1.5919, valid_pr-0.6162
2022-11-21 11:13:27 - INFO - epoch-59, train_loss-2.0836, train_rmse-1.4435, valid_rmse-1.5963, valid_pr-0.6251
2022-11-21 11:13:37 - INFO - epoch-60, train_loss-2.0913, train_rmse-1.4461, valid_rmse-1.5976, valid_pr-0.6237
2022-11-21 11:13:47 - INFO - epoch-61, train_loss-2.0592, train_rmse-1.4350, valid_rmse-1.5773, valid_pr-0.6238
2022-11-21 11:13:57 - INFO - epoch-62, train_loss-2.0646, train_rmse-1.4369, valid_rmse-1.6238, valid_pr-0.6224
2022-11-21 11:14:07 - INFO - epoch-63, train_loss-2.0597, train_rmse-1.4352, valid_rmse-1.6691, valid_pr-0.6020
2022-11-21 11:14:17 - INFO - epoch-64, train_loss-2.0733, train_rmse-1.4399, valid_rmse-1.6531, valid_pr-0.6091
2022-11-21 11:14:27 - INFO - epoch-65, train_loss-2.0355, train_rmse-1.4267, valid_rmse-1.6152, valid_pr-0.6190
2022-11-21 11:14:37 - INFO - epoch-66, train_loss-2.0366, train_rmse-1.4271, valid_rmse-1.5925, valid_pr-0.6305
2022-11-21 11:14:47 - INFO - epoch-67, train_loss-2.0176, train_rmse-1.4204, valid_rmse-1.6107, valid_pr-0.6367
2022-11-21 11:14:56 - INFO - epoch-68, train_loss-2.0130, train_rmse-1.4188, valid_rmse-1.5703, valid_pr-0.6301
2022-11-21 11:15:06 - INFO - epoch-69, train_loss-1.9892, train_rmse-1.4104, valid_rmse-1.6300, valid_pr-0.5845
2022-11-21 11:15:15 - INFO - epoch-70, train_loss-1.9868, train_rmse-1.4095, valid_rmse-1.7306, valid_pr-0.6058
2022-11-21 11:15:25 - INFO - epoch-71, train_loss-2.0073, train_rmse-1.4168, valid_rmse-1.6146, valid_pr-0.6373
2022-11-21 11:15:35 - INFO - epoch-72, train_loss-1.9341, train_rmse-1.3907, valid_rmse-1.6770, valid_pr-0.6088
2022-11-21 11:15:45 - INFO - epoch-73, train_loss-1.9761, train_rmse-1.4057, valid_rmse-1.6771, valid_pr-0.6096
2022-11-21 11:15:55 - INFO - epoch-74, train_loss-1.9597, train_rmse-1.3999, valid_rmse-1.6742, valid_pr-0.6303
2022-11-21 11:16:04 - INFO - epoch-75, train_loss-1.9506, train_rmse-1.3966, valid_rmse-1.7529, valid_pr-0.6251
2022-11-21 11:16:14 - INFO - epoch-76, train_loss-1.9407, train_rmse-1.3931, valid_rmse-1.6057, valid_pr-0.6349
2022-11-21 11:16:24 - INFO - epoch-77, train_loss-1.9270, train_rmse-1.3881, valid_rmse-1.5772, valid_pr-0.6225
2022-11-21 11:16:35 - INFO - epoch-78, train_loss-1.9205, train_rmse-1.3858, valid_rmse-1.5864, valid_pr-0.6333
2022-11-21 11:16:45 - INFO - epoch-79, train_loss-1.9110, train_rmse-1.3824, valid_rmse-1.5936, valid_pr-0.6311
2022-11-21 11:16:55 - INFO - epoch-80, train_loss-1.8770, train_rmse-1.3700, valid_rmse-1.5991, valid_pr-0.6481
2022-11-21 11:17:05 - INFO - epoch-81, train_loss-1.8964, train_rmse-1.3771, valid_rmse-1.6383, valid_pr-0.6410
2022-11-21 11:17:15 - INFO - epoch-82, train_loss-1.8875, train_rmse-1.3739, valid_rmse-1.6035, valid_pr-0.6346
2022-11-21 11:17:25 - INFO - epoch-83, train_loss-1.8863, train_rmse-1.3734, valid_rmse-1.6127, valid_pr-0.6330
2022-11-21 11:17:35 - INFO - epoch-84, train_loss-1.8674, train_rmse-1.3665, valid_rmse-1.6377, valid_pr-0.6260
2022-11-21 11:17:45 - INFO - epoch-85, train_loss-1.8334, train_rmse-1.3540, valid_rmse-1.5183, valid_pr-0.6363
2022-11-21 11:17:55 - INFO - epoch-86, train_loss-1.8684, train_rmse-1.3669, valid_rmse-1.6158, valid_pr-0.6453
2022-11-21 11:18:05 - INFO - epoch-87, train_loss-1.8384, train_rmse-1.3559, valid_rmse-1.6027, valid_pr-0.6256
2022-11-21 11:18:15 - INFO - epoch-88, train_loss-1.8306, train_rmse-1.3530, valid_rmse-1.6114, valid_pr-0.6425
2022-11-21 11:18:25 - INFO - epoch-89, train_loss-1.8442, train_rmse-1.3580, valid_rmse-1.5274, valid_pr-0.6471
2022-11-21 11:18:35 - INFO - epoch-90, train_loss-1.8110, train_rmse-1.3457, valid_rmse-1.6183, valid_pr-0.6367
2022-11-21 11:18:46 - INFO - epoch-91, train_loss-1.8200, train_rmse-1.3491, valid_rmse-1.6400, valid_pr-0.6364
2022-11-21 11:18:56 - INFO - epoch-92, train_loss-1.7856, train_rmse-1.3362, valid_rmse-1.5514, valid_pr-0.6183
2022-11-21 11:19:06 - INFO - epoch-93, train_loss-1.7772, train_rmse-1.3331, valid_rmse-1.5495, valid_pr-0.6498
2022-11-21 11:19:17 - INFO - epoch-94, train_loss-1.7760, train_rmse-1.3327, valid_rmse-1.5619, valid_pr-0.6410
2022-11-21 11:19:26 - INFO - epoch-95, train_loss-1.7559, train_rmse-1.3251, valid_rmse-1.5975, valid_pr-0.6500
2022-11-21 11:19:36 - INFO - epoch-96, train_loss-1.7773, train_rmse-1.3332, valid_rmse-1.5586, valid_pr-0.6551
2022-11-21 11:19:47 - INFO - epoch-97, train_loss-1.7450, train_rmse-1.3210, valid_rmse-1.6512, valid_pr-0.6479
2022-11-21 11:19:57 - INFO - epoch-98, train_loss-1.7641, train_rmse-1.3282, valid_rmse-1.5017, valid_pr-0.6425
2022-11-21 11:20:07 - INFO - epoch-99, train_loss-1.7412, train_rmse-1.3195, valid_rmse-1.5776, valid_pr-0.6423
2022-11-21 11:20:18 - INFO - epoch-100, train_loss-1.7352, train_rmse-1.3173, valid_rmse-1.5041, valid_pr-0.6461
2022-11-21 11:20:28 - INFO - epoch-101, train_loss-1.7280, train_rmse-1.3145, valid_rmse-1.5505, valid_pr-0.6526
2022-11-21 11:20:38 - INFO - epoch-102, train_loss-1.7148, train_rmse-1.3095, valid_rmse-1.5612, valid_pr-0.6508
2022-11-21 11:20:48 - INFO - epoch-103, train_loss-1.6995, train_rmse-1.3036, valid_rmse-1.5764, valid_pr-0.6604
2022-11-21 11:20:57 - INFO - epoch-104, train_loss-1.7056, train_rmse-1.3060, valid_rmse-1.5425, valid_pr-0.6557
2022-11-21 11:21:07 - INFO - epoch-105, train_loss-1.7055, train_rmse-1.3059, valid_rmse-1.5827, valid_pr-0.6348
2022-11-21 11:21:18 - INFO - epoch-106, train_loss-1.6913, train_rmse-1.3005, valid_rmse-1.6182, valid_pr-0.6278
2022-11-21 11:21:27 - INFO - epoch-107, train_loss-1.6884, train_rmse-1.2994, valid_rmse-1.5893, valid_pr-0.6469
2022-11-21 11:21:37 - INFO - epoch-108, train_loss-1.6793, train_rmse-1.2959, valid_rmse-1.5710, valid_pr-0.6451
2022-11-21 11:21:47 - INFO - epoch-109, train_loss-1.6707, train_rmse-1.2926, valid_rmse-1.5328, valid_pr-0.6331
2022-11-21 11:21:57 - INFO - epoch-110, train_loss-1.6721, train_rmse-1.2931, valid_rmse-1.4956, valid_pr-0.6555
2022-11-21 11:22:07 - INFO - epoch-111, train_loss-1.6517, train_rmse-1.2852, valid_rmse-1.5233, valid_pr-0.6492
2022-11-21 11:22:17 - INFO - epoch-112, train_loss-1.6463, train_rmse-1.2831, valid_rmse-1.5520, valid_pr-0.6527
2022-11-21 11:22:27 - INFO - epoch-113, train_loss-1.6397, train_rmse-1.2805, valid_rmse-1.5513, valid_pr-0.6519
2022-11-21 11:22:37 - INFO - epoch-114, train_loss-1.6280, train_rmse-1.2759, valid_rmse-1.5316, valid_pr-0.6530
2022-11-21 11:22:47 - INFO - epoch-115, train_loss-1.6400, train_rmse-1.2806, valid_rmse-1.5109, valid_pr-0.6605
2022-11-21 11:22:57 - INFO - epoch-116, train_loss-1.6060, train_rmse-1.2673, valid_rmse-1.5538, valid_pr-0.6528
2022-11-21 11:23:07 - INFO - epoch-117, train_loss-1.6239, train_rmse-1.2743, valid_rmse-1.5712, valid_pr-0.6372
2022-11-21 11:23:17 - INFO - epoch-118, train_loss-1.6021, train_rmse-1.2657, valid_rmse-1.5307, valid_pr-0.6477
2022-11-21 11:23:27 - INFO - epoch-119, train_loss-1.6134, train_rmse-1.2702, valid_rmse-1.5736, valid_pr-0.6521
2022-11-21 11:23:36 - INFO - epoch-120, train_loss-1.5844, train_rmse-1.2587, valid_rmse-1.5654, valid_pr-0.6361
2022-11-21 11:23:47 - INFO - epoch-121, train_loss-1.5588, train_rmse-1.2485, valid_rmse-1.5685, valid_pr-0.6371
2022-11-21 11:23:56 - INFO - epoch-122, train_loss-1.5786, train_rmse-1.2564, valid_rmse-1.5302, valid_pr-0.6385
2022-11-21 11:24:06 - INFO - epoch-123, train_loss-1.5818, train_rmse-1.2577, valid_rmse-1.5369, valid_pr-0.6656
2022-11-21 11:24:16 - INFO - epoch-124, train_loss-1.5736, train_rmse-1.2544, valid_rmse-1.5148, valid_pr-0.6556
2022-11-21 11:24:25 - INFO - epoch-125, train_loss-1.5534, train_rmse-1.2464, valid_rmse-1.5558, valid_pr-0.6631
2022-11-21 11:24:35 - INFO - epoch-126, train_loss-1.5407, train_rmse-1.2412, valid_rmse-1.5555, valid_pr-0.6599
2022-11-21 11:24:45 - INFO - epoch-127, train_loss-1.5473, train_rmse-1.2439, valid_rmse-1.5206, valid_pr-0.6684
2022-11-21 11:24:55 - INFO - epoch-128, train_loss-1.5424, train_rmse-1.2419, valid_rmse-1.5993, valid_pr-0.6558
2022-11-21 11:25:05 - INFO - epoch-129, train_loss-1.5420, train_rmse-1.2418, valid_rmse-1.5599, valid_pr-0.6418
2022-11-21 11:25:15 - INFO - epoch-130, train_loss-1.5299, train_rmse-1.2369, valid_rmse-1.5637, valid_pr-0.6485
2022-11-21 11:25:25 - INFO - epoch-131, train_loss-1.5084, train_rmse-1.2282, valid_rmse-1.5460, valid_pr-0.6541
2022-11-21 11:25:35 - INFO - epoch-132, train_loss-1.5234, train_rmse-1.2342, valid_rmse-1.5808, valid_pr-0.6436
2022-11-21 11:25:44 - INFO - epoch-133, train_loss-1.5438, train_rmse-1.2425, valid_rmse-1.5933, valid_pr-0.6540
2022-11-21 11:25:54 - INFO - epoch-134, train_loss-1.5221, train_rmse-1.2337, valid_rmse-1.4883, valid_pr-0.6681
2022-11-21 11:26:04 - INFO - epoch-135, train_loss-1.4987, train_rmse-1.2242, valid_rmse-1.5781, valid_pr-0.6594
2022-11-21 11:26:14 - INFO - epoch-136, train_loss-1.5057, train_rmse-1.2271, valid_rmse-1.5278, valid_pr-0.6682
2022-11-21 11:26:24 - INFO - epoch-137, train_loss-1.4806, train_rmse-1.2168, valid_rmse-1.5129, valid_pr-0.6686
2022-11-21 11:26:34 - INFO - epoch-138, train_loss-1.4711, train_rmse-1.2129, valid_rmse-1.5532, valid_pr-0.6474
2022-11-21 11:26:44 - INFO - epoch-139, train_loss-1.4834, train_rmse-1.2180, valid_rmse-1.4603, valid_pr-0.6659
2022-11-21 11:26:54 - INFO - epoch-140, train_loss-1.4876, train_rmse-1.2197, valid_rmse-1.5462, valid_pr-0.6638
2022-11-21 11:27:04 - INFO - epoch-141, train_loss-1.4816, train_rmse-1.2172, valid_rmse-1.4770, valid_pr-0.6710
2022-11-21 11:27:13 - INFO - epoch-142, train_loss-1.4819, train_rmse-1.2173, valid_rmse-1.5074, valid_pr-0.6685
2022-11-21 11:27:23 - INFO - epoch-143, train_loss-1.4768, train_rmse-1.2152, valid_rmse-1.5326, valid_pr-0.6623
2022-11-21 11:27:33 - INFO - epoch-144, train_loss-1.4455, train_rmse-1.2023, valid_rmse-1.4819, valid_pr-0.6526
2022-11-21 11:27:44 - INFO - epoch-145, train_loss-1.4636, train_rmse-1.2098, valid_rmse-1.4403, valid_pr-0.6684
2022-11-21 11:27:54 - INFO - epoch-146, train_loss-1.4686, train_rmse-1.2119, valid_rmse-1.5124, valid_pr-0.6628
2022-11-21 11:28:04 - INFO - epoch-147, train_loss-1.4343, train_rmse-1.1976, valid_rmse-1.5565, valid_pr-0.6583
2022-11-21 11:28:14 - INFO - epoch-148, train_loss-1.4197, train_rmse-1.1915, valid_rmse-1.4359, valid_pr-0.6757
2022-11-21 11:28:24 - INFO - epoch-149, train_loss-1.4246, train_rmse-1.1936, valid_rmse-1.5225, valid_pr-0.6590
2022-11-21 11:28:34 - INFO - epoch-150, train_loss-1.4357, train_rmse-1.1982, valid_rmse-1.4644, valid_pr-0.6729
2022-11-21 11:28:43 - INFO - epoch-151, train_loss-1.4186, train_rmse-1.1911, valid_rmse-1.4992, valid_pr-0.6542
2022-11-21 11:28:53 - INFO - epoch-152, train_loss-1.4225, train_rmse-1.1927, valid_rmse-1.5334, valid_pr-0.6648
2022-11-21 11:29:03 - INFO - epoch-153, train_loss-1.4155, train_rmse-1.1898, valid_rmse-1.5280, valid_pr-0.6524
2022-11-21 11:29:13 - INFO - epoch-154, train_loss-1.4096, train_rmse-1.1873, valid_rmse-1.4929, valid_pr-0.6705
2022-11-21 11:29:23 - INFO - epoch-155, train_loss-1.4035, train_rmse-1.1847, valid_rmse-1.5155, valid_pr-0.6618
2022-11-21 11:29:33 - INFO - epoch-156, train_loss-1.4046, train_rmse-1.1852, valid_rmse-1.5812, valid_pr-0.6739
2022-11-21 11:29:43 - INFO - epoch-157, train_loss-1.3892, train_rmse-1.1787, valid_rmse-1.5585, valid_pr-0.6706
2022-11-21 11:29:52 - INFO - epoch-158, train_loss-1.3931, train_rmse-1.1803, valid_rmse-1.5083, valid_pr-0.6547
2022-11-21 11:30:03 - INFO - epoch-159, train_loss-1.3943, train_rmse-1.1808, valid_rmse-1.4982, valid_pr-0.6740
2022-11-21 11:30:13 - INFO - epoch-160, train_loss-1.3615, train_rmse-1.1669, valid_rmse-1.4713, valid_pr-0.6733
2022-11-21 11:30:23 - INFO - epoch-161, train_loss-1.3613, train_rmse-1.1667, valid_rmse-1.5466, valid_pr-0.6761
2022-11-21 11:30:32 - INFO - epoch-162, train_loss-1.4031, train_rmse-1.1845, valid_rmse-1.5349, valid_pr-0.6585
2022-11-21 11:30:43 - INFO - epoch-163, train_loss-1.3668, train_rmse-1.1691, valid_rmse-1.4902, valid_pr-0.6744
2022-11-21 11:30:53 - INFO - epoch-164, train_loss-1.3625, train_rmse-1.1672, valid_rmse-1.4834, valid_pr-0.6720
2022-11-21 11:31:03 - INFO - epoch-165, train_loss-1.3551, train_rmse-1.1641, valid_rmse-1.4701, valid_pr-0.6768
2022-11-21 11:31:13 - INFO - epoch-166, train_loss-1.3703, train_rmse-1.1706, valid_rmse-1.5232, valid_pr-0.6588
2022-11-21 11:31:23 - INFO - epoch-167, train_loss-1.3440, train_rmse-1.1593, valid_rmse-1.5200, valid_pr-0.6852
2022-11-21 11:31:33 - INFO - epoch-168, train_loss-1.3293, train_rmse-1.1529, valid_rmse-1.5061, valid_pr-0.6702
2022-11-21 11:31:43 - INFO - epoch-169, train_loss-1.3583, train_rmse-1.1654, valid_rmse-1.5272, valid_pr-0.6602
2022-11-21 11:31:53 - INFO - epoch-170, train_loss-1.3460, train_rmse-1.1602, valid_rmse-1.4626, valid_pr-0.6785
2022-11-21 11:32:03 - INFO - epoch-171, train_loss-1.3449, train_rmse-1.1597, valid_rmse-1.4951, valid_pr-0.6694
2022-11-21 11:32:13 - INFO - epoch-172, train_loss-1.3222, train_rmse-1.1499, valid_rmse-1.4896, valid_pr-0.6709
2022-11-21 11:32:24 - INFO - epoch-173, train_loss-1.3307, train_rmse-1.1535, valid_rmse-1.4639, valid_pr-0.6735
2022-11-21 11:32:34 - INFO - epoch-174, train_loss-1.3183, train_rmse-1.1482, valid_rmse-1.4571, valid_pr-0.6706
2022-11-21 11:32:44 - INFO - epoch-175, train_loss-1.3400, train_rmse-1.1576, valid_rmse-1.4943, valid_pr-0.6703
2022-11-21 11:32:54 - INFO - epoch-176, train_loss-1.3188, train_rmse-1.1484, valid_rmse-1.5700, valid_pr-0.6678
2022-11-21 11:33:04 - INFO - epoch-177, train_loss-1.3284, train_rmse-1.1525, valid_rmse-1.4615, valid_pr-0.6681
2022-11-21 11:33:14 - INFO - epoch-178, train_loss-1.3048, train_rmse-1.1423, valid_rmse-1.4988, valid_pr-0.6736
2022-11-21 11:33:25 - INFO - epoch-179, train_loss-1.3028, train_rmse-1.1414, valid_rmse-1.4839, valid_pr-0.6800
2022-11-21 11:33:35 - INFO - epoch-180, train_loss-1.2797, train_rmse-1.1312, valid_rmse-1.4734, valid_pr-0.6643
2022-11-21 11:33:45 - INFO - epoch-181, train_loss-1.3016, train_rmse-1.1409, valid_rmse-1.4801, valid_pr-0.6766
2022-11-21 11:33:55 - INFO - epoch-182, train_loss-1.2975, train_rmse-1.1391, valid_rmse-1.4561, valid_pr-0.6799
2022-11-21 11:34:05 - INFO - epoch-183, train_loss-1.2832, train_rmse-1.1328, valid_rmse-1.4590, valid_pr-0.6701
2022-11-21 11:34:15 - INFO - epoch-184, train_loss-1.2866, train_rmse-1.1343, valid_rmse-1.5012, valid_pr-0.6706
2022-11-21 11:34:26 - INFO - epoch-185, train_loss-1.2656, train_rmse-1.1250, valid_rmse-1.4500, valid_pr-0.6760
2022-11-21 11:34:36 - INFO - epoch-186, train_loss-1.2827, train_rmse-1.1325, valid_rmse-1.4543, valid_pr-0.6833
2022-11-21 11:34:46 - INFO - epoch-187, train_loss-1.2753, train_rmse-1.1293, valid_rmse-1.5206, valid_pr-0.6837
2022-11-21 11:34:56 - INFO - epoch-188, train_loss-1.2721, train_rmse-1.1279, valid_rmse-1.5300, valid_pr-0.6726
2022-11-21 11:35:07 - INFO - epoch-189, train_loss-1.2769, train_rmse-1.1300, valid_rmse-1.5078, valid_pr-0.6679
2022-11-21 11:35:17 - INFO - epoch-190, train_loss-1.2630, train_rmse-1.1239, valid_rmse-1.5206, valid_pr-0.6576
2022-11-21 11:35:27 - INFO - epoch-191, train_loss-1.2706, train_rmse-1.1272, valid_rmse-1.5047, valid_pr-0.6788
2022-11-21 11:35:38 - INFO - epoch-192, train_loss-1.2646, train_rmse-1.1245, valid_rmse-1.5088, valid_pr-0.6726
2022-11-21 11:35:48 - INFO - epoch-193, train_loss-1.2626, train_rmse-1.1237, valid_rmse-1.4904, valid_pr-0.6737
2022-11-21 11:35:58 - INFO - epoch-194, train_loss-1.2475, train_rmse-1.1169, valid_rmse-1.5170, valid_pr-0.6854
2022-11-21 11:36:08 - INFO - epoch-195, train_loss-1.2383, train_rmse-1.1128, valid_rmse-1.4614, valid_pr-0.6829
2022-11-21 11:36:18 - INFO - epoch-196, train_loss-1.2477, train_rmse-1.1170, valid_rmse-1.5563, valid_pr-0.6645
2022-11-21 11:36:28 - INFO - epoch-197, train_loss-1.2426, train_rmse-1.1147, valid_rmse-1.4697, valid_pr-0.6840
2022-11-21 11:36:38 - INFO - epoch-198, train_loss-1.2438, train_rmse-1.1153, valid_rmse-1.5431, valid_pr-0.6818
2022-11-21 11:36:48 - INFO - epoch-199, train_loss-1.2635, train_rmse-1.1241, valid_rmse-1.4051, valid_pr-0.6857
2022-11-21 11:36:58 - INFO - epoch-200, train_loss-1.2445, train_rmse-1.1156, valid_rmse-1.4318, valid_pr-0.6849
2022-11-21 11:37:08 - INFO - epoch-201, train_loss-1.2325, train_rmse-1.1102, valid_rmse-1.4567, valid_pr-0.6786
2022-11-21 11:37:17 - INFO - epoch-202, train_loss-1.2293, train_rmse-1.1088, valid_rmse-1.4773, valid_pr-0.6790
2022-11-21 11:37:28 - INFO - epoch-203, train_loss-1.2226, train_rmse-1.1057, valid_rmse-1.4417, valid_pr-0.6834
2022-11-21 11:37:38 - INFO - epoch-204, train_loss-1.2196, train_rmse-1.1043, valid_rmse-1.5460, valid_pr-0.6586
2022-11-21 11:37:49 - INFO - epoch-205, train_loss-1.2100, train_rmse-1.1000, valid_rmse-1.4391, valid_pr-0.6810
2022-11-21 11:37:58 - INFO - epoch-206, train_loss-1.2105, train_rmse-1.1002, valid_rmse-1.4826, valid_pr-0.6865
2022-11-21 11:38:08 - INFO - epoch-207, train_loss-1.1986, train_rmse-1.0948, valid_rmse-1.5551, valid_pr-0.6722
2022-11-21 11:38:19 - INFO - epoch-208, train_loss-1.2126, train_rmse-1.1012, valid_rmse-1.4557, valid_pr-0.6861
2022-11-21 11:38:29 - INFO - epoch-209, train_loss-1.2086, train_rmse-1.0994, valid_rmse-1.4044, valid_pr-0.6878
2022-11-21 11:38:39 - INFO - epoch-210, train_loss-1.2123, train_rmse-1.1011, valid_rmse-1.4427, valid_pr-0.6787
2022-11-21 11:38:49 - INFO - epoch-211, train_loss-1.2046, train_rmse-1.0975, valid_rmse-1.5157, valid_pr-0.6699
2022-11-21 11:38:59 - INFO - epoch-212, train_loss-1.2036, train_rmse-1.0971, valid_rmse-1.4741, valid_pr-0.6849
2022-11-21 11:39:09 - INFO - epoch-213, train_loss-1.1822, train_rmse-1.0873, valid_rmse-1.4445, valid_pr-0.6789
2022-11-21 11:39:19 - INFO - epoch-214, train_loss-1.1874, train_rmse-1.0897, valid_rmse-1.4284, valid_pr-0.6783
2022-11-21 11:39:29 - INFO - epoch-215, train_loss-1.1820, train_rmse-1.0872, valid_rmse-1.4989, valid_pr-0.6694
2022-11-21 11:39:39 - INFO - epoch-216, train_loss-1.1790, train_rmse-1.0858, valid_rmse-1.5122, valid_pr-0.6824
2022-11-21 11:39:49 - INFO - epoch-217, train_loss-1.1682, train_rmse-1.0808, valid_rmse-1.4998, valid_pr-0.6843
2022-11-21 11:39:59 - INFO - epoch-218, train_loss-1.1904, train_rmse-1.0911, valid_rmse-1.4465, valid_pr-0.6719
2022-11-21 11:40:09 - INFO - epoch-219, train_loss-1.1508, train_rmse-1.0728, valid_rmse-1.4869, valid_pr-0.6810
2022-11-21 11:40:19 - INFO - epoch-220, train_loss-1.1697, train_rmse-1.0815, valid_rmse-1.4699, valid_pr-0.6852
2022-11-21 11:40:29 - INFO - epoch-221, train_loss-1.1643, train_rmse-1.0790, valid_rmse-1.4314, valid_pr-0.6845
2022-11-21 11:40:39 - INFO - epoch-222, train_loss-1.1606, train_rmse-1.0773, valid_rmse-1.4654, valid_pr-0.6850
2022-11-21 11:40:49 - INFO - epoch-223, train_loss-1.1603, train_rmse-1.0772, valid_rmse-1.4721, valid_pr-0.6807
2022-11-21 11:41:00 - INFO - epoch-224, train_loss-1.1703, train_rmse-1.0818, valid_rmse-1.4112, valid_pr-0.6829
2022-11-21 11:41:10 - INFO - epoch-225, train_loss-1.1702, train_rmse-1.0818, valid_rmse-1.4722, valid_pr-0.6843
2022-11-21 11:41:19 - INFO - epoch-226, train_loss-1.1495, train_rmse-1.0721, valid_rmse-1.4938, valid_pr-0.6854
2022-11-21 11:41:29 - INFO - epoch-227, train_loss-1.1643, train_rmse-1.0790, valid_rmse-1.4914, valid_pr-0.6908
2022-11-21 11:41:39 - INFO - epoch-228, train_loss-1.1743, train_rmse-1.0836, valid_rmse-1.4643, valid_pr-0.6804
2022-11-21 11:41:49 - INFO - epoch-229, train_loss-1.1597, train_rmse-1.0769, valid_rmse-1.4504, valid_pr-0.6885
2022-11-21 11:41:59 - INFO - epoch-230, train_loss-1.1541, train_rmse-1.0743, valid_rmse-1.4285, valid_pr-0.6782
2022-11-21 11:42:09 - INFO - epoch-231, train_loss-1.1345, train_rmse-1.0651, valid_rmse-1.4589, valid_pr-0.6884
2022-11-21 11:42:19 - INFO - epoch-232, train_loss-1.1331, train_rmse-1.0645, valid_rmse-1.4638, valid_pr-0.6780
2022-11-21 11:42:29 - INFO - epoch-233, train_loss-1.1348, train_rmse-1.0653, valid_rmse-1.4130, valid_pr-0.6855
2022-11-21 11:42:39 - INFO - epoch-234, train_loss-1.1329, train_rmse-1.0644, valid_rmse-1.4728, valid_pr-0.6862
2022-11-21 11:42:49 - INFO - epoch-235, train_loss-1.1150, train_rmse-1.0559, valid_rmse-1.4248, valid_pr-0.6770
2022-11-21 11:42:59 - INFO - epoch-236, train_loss-1.1232, train_rmse-1.0598, valid_rmse-1.4798, valid_pr-0.6887
2022-11-21 11:43:10 - INFO - epoch-237, train_loss-1.1338, train_rmse-1.0648, valid_rmse-1.5112, valid_pr-0.6721
2022-11-21 11:43:20 - INFO - epoch-238, train_loss-1.1138, train_rmse-1.0554, valid_rmse-1.4917, valid_pr-0.6765
2022-11-21 11:43:30 - INFO - epoch-239, train_loss-1.1161, train_rmse-1.0564, valid_rmse-1.4456, valid_pr-0.6864
2022-11-21 11:43:40 - INFO - epoch-240, train_loss-1.1274, train_rmse-1.0618, valid_rmse-1.4544, valid_pr-0.6835
2022-11-21 11:43:50 - INFO - epoch-241, train_loss-1.1264, train_rmse-1.0613, valid_rmse-1.5268, valid_pr-0.6674
2022-11-21 11:44:01 - INFO - epoch-242, train_loss-1.1394, train_rmse-1.0674, valid_rmse-1.3985, valid_pr-0.6956
2022-11-21 11:44:11 - INFO - epoch-243, train_loss-1.1020, train_rmse-1.0497, valid_rmse-1.4575, valid_pr-0.6906
2022-11-21 11:44:21 - INFO - epoch-244, train_loss-1.1127, train_rmse-1.0548, valid_rmse-1.4595, valid_pr-0.6806
2022-11-21 11:44:31 - INFO - epoch-245, train_loss-1.1174, train_rmse-1.0571, valid_rmse-1.4727, valid_pr-0.6781
2022-11-21 11:44:41 - INFO - epoch-246, train_loss-1.1261, train_rmse-1.0612, valid_rmse-1.4934, valid_pr-0.6913
2022-11-21 11:44:51 - INFO - epoch-247, train_loss-1.0933, train_rmse-1.0456, valid_rmse-1.4358, valid_pr-0.6796
2022-11-21 11:45:01 - INFO - epoch-248, train_loss-1.0993, train_rmse-1.0485, valid_rmse-1.4049, valid_pr-0.6942
2022-11-21 11:45:12 - INFO - epoch-249, train_loss-1.1120, train_rmse-1.0545, valid_rmse-1.4320, valid_pr-0.6997
2022-11-21 11:45:22 - INFO - epoch-250, train_loss-1.0911, train_rmse-1.0446, valid_rmse-1.3863, valid_pr-0.6933
2022-11-21 11:45:31 - INFO - epoch-251, train_loss-1.1018, train_rmse-1.0497, valid_rmse-1.4934, valid_pr-0.6898
2022-11-21 11:45:41 - INFO - epoch-252, train_loss-1.0919, train_rmse-1.0450, valid_rmse-1.4733, valid_pr-0.6749
2022-11-21 11:45:51 - INFO - epoch-253, train_loss-1.0918, train_rmse-1.0449, valid_rmse-1.4628, valid_pr-0.6862
2022-11-21 11:46:02 - INFO - epoch-254, train_loss-1.0661, train_rmse-1.0325, valid_rmse-1.4625, valid_pr-0.6966
2022-11-21 11:46:12 - INFO - epoch-255, train_loss-1.0780, train_rmse-1.0383, valid_rmse-1.4314, valid_pr-0.6934
2022-11-21 11:46:22 - INFO - epoch-256, train_loss-1.0870, train_rmse-1.0426, valid_rmse-1.4394, valid_pr-0.6914
2022-11-21 11:46:32 - INFO - epoch-257, train_loss-1.0803, train_rmse-1.0394, valid_rmse-1.4597, valid_pr-0.6922
2022-11-21 11:46:42 - INFO - epoch-258, train_loss-1.0845, train_rmse-1.0414, valid_rmse-1.5009, valid_pr-0.6777
2022-11-21 11:46:51 - INFO - epoch-259, train_loss-1.0535, train_rmse-1.0264, valid_rmse-1.4278, valid_pr-0.6955
2022-11-21 11:47:01 - INFO - epoch-260, train_loss-1.0793, train_rmse-1.0389, valid_rmse-1.4060, valid_pr-0.6936
2022-11-21 11:47:11 - INFO - epoch-261, train_loss-1.0682, train_rmse-1.0336, valid_rmse-1.4316, valid_pr-0.6935
2022-11-21 11:47:21 - INFO - epoch-262, train_loss-1.0750, train_rmse-1.0368, valid_rmse-1.5078, valid_pr-0.6889
2022-11-21 11:47:31 - INFO - epoch-263, train_loss-1.0677, train_rmse-1.0333, valid_rmse-1.4356, valid_pr-0.6994
2022-11-21 11:47:42 - INFO - epoch-264, train_loss-1.0760, train_rmse-1.0373, valid_rmse-1.4360, valid_pr-0.6946
2022-11-21 11:47:51 - INFO - epoch-265, train_loss-1.0671, train_rmse-1.0330, valid_rmse-1.4831, valid_pr-0.6889
2022-11-21 11:48:01 - INFO - epoch-266, train_loss-1.0696, train_rmse-1.0342, valid_rmse-1.4534, valid_pr-0.6903
2022-11-21 11:48:11 - INFO - epoch-267, train_loss-1.0532, train_rmse-1.0263, valid_rmse-1.4388, valid_pr-0.6896
2022-11-21 11:48:21 - INFO - epoch-268, train_loss-1.0570, train_rmse-1.0281, valid_rmse-1.4179, valid_pr-0.6955
2022-11-21 11:48:31 - INFO - epoch-269, train_loss-1.0489, train_rmse-1.0242, valid_rmse-1.4433, valid_pr-0.6899
2022-11-21 11:48:41 - INFO - epoch-270, train_loss-1.0487, train_rmse-1.0241, valid_rmse-1.3930, valid_pr-0.6914
2022-11-21 11:48:51 - INFO - epoch-271, train_loss-1.0694, train_rmse-1.0341, valid_rmse-1.4212, valid_pr-0.6927
2022-11-21 11:49:01 - INFO - epoch-272, train_loss-1.0288, train_rmse-1.0143, valid_rmse-1.4177, valid_pr-0.6905
2022-11-21 11:49:11 - INFO - epoch-273, train_loss-1.0498, train_rmse-1.0246, valid_rmse-1.4763, valid_pr-0.6854
2022-11-21 11:49:21 - INFO - epoch-274, train_loss-1.0647, train_rmse-1.0319, valid_rmse-1.4406, valid_pr-0.6827
2022-11-21 11:49:31 - INFO - epoch-275, train_loss-1.0547, train_rmse-1.0270, valid_rmse-1.4499, valid_pr-0.6789
2022-11-21 11:49:41 - INFO - epoch-276, train_loss-1.0401, train_rmse-1.0199, valid_rmse-1.4090, valid_pr-0.6913
2022-11-21 11:49:51 - INFO - epoch-277, train_loss-1.0528, train_rmse-1.0261, valid_rmse-1.4261, valid_pr-0.6953
2022-11-21 11:50:02 - INFO - epoch-278, train_loss-1.0522, train_rmse-1.0257, valid_rmse-1.4529, valid_pr-0.6875
2022-11-21 11:50:12 - INFO - epoch-279, train_loss-1.0553, train_rmse-1.0273, valid_rmse-1.3874, valid_pr-0.6949
2022-11-21 11:50:22 - INFO - epoch-280, train_loss-1.0376, train_rmse-1.0187, valid_rmse-1.4221, valid_pr-0.6948
2022-11-21 11:50:33 - INFO - epoch-281, train_loss-1.0467, train_rmse-1.0231, valid_rmse-1.4880, valid_pr-0.6975
2022-11-21 11:50:43 - INFO - epoch-282, train_loss-1.0342, train_rmse-1.0170, valid_rmse-1.3909, valid_pr-0.7012
2022-11-21 11:50:52 - INFO - epoch-283, train_loss-1.0225, train_rmse-1.0112, valid_rmse-1.4910, valid_pr-0.6822
2022-11-21 11:51:02 - INFO - epoch-284, train_loss-1.0379, train_rmse-1.0188, valid_rmse-1.4435, valid_pr-0.6927
2022-11-21 11:51:12 - INFO - epoch-285, train_loss-1.0384, train_rmse-1.0190, valid_rmse-1.4117, valid_pr-0.6925
2022-11-21 11:51:22 - INFO - epoch-286, train_loss-1.0307, train_rmse-1.0152, valid_rmse-1.4681, valid_pr-0.6926
2022-11-21 11:51:32 - INFO - epoch-287, train_loss-1.0327, train_rmse-1.0162, valid_rmse-1.4238, valid_pr-0.6884
2022-11-21 11:51:42 - INFO - epoch-288, train_loss-1.0402, train_rmse-1.0199, valid_rmse-1.4586, valid_pr-0.6913
2022-11-21 11:51:53 - INFO - epoch-289, train_loss-1.0299, train_rmse-1.0149, valid_rmse-1.4122, valid_pr-0.6908
2022-11-21 11:52:03 - INFO - epoch-290, train_loss-1.0347, train_rmse-1.0172, valid_rmse-1.4596, valid_pr-0.6915
2022-11-21 11:52:12 - INFO - epoch-291, train_loss-1.0125, train_rmse-1.0062, valid_rmse-1.4757, valid_pr-0.6882
2022-11-21 11:52:22 - INFO - epoch-292, train_loss-1.0179, train_rmse-1.0089, valid_rmse-1.4215, valid_pr-0.6965
2022-11-21 11:52:32 - INFO - epoch-293, train_loss-1.0201, train_rmse-1.0100, valid_rmse-1.4175, valid_pr-0.6933
2022-11-21 11:52:42 - INFO - epoch-294, train_loss-0.9918, train_rmse-0.9959, valid_rmse-1.4599, valid_pr-0.6987
2022-11-21 11:52:52 - INFO - epoch-295, train_loss-1.0104, train_rmse-1.0052, valid_rmse-1.4482, valid_pr-0.6908
2022-11-21 11:53:02 - INFO - epoch-296, train_loss-0.9959, train_rmse-0.9980, valid_rmse-1.4371, valid_pr-0.6844
2022-11-21 11:53:12 - INFO - epoch-297, train_loss-1.0160, train_rmse-1.0080, valid_rmse-1.4006, valid_pr-0.6988
2022-11-21 11:53:21 - INFO - epoch-298, train_loss-0.9980, train_rmse-0.9990, valid_rmse-1.3892, valid_pr-0.6971
2022-11-21 11:53:31 - INFO - epoch-299, train_loss-0.9883, train_rmse-0.9941, valid_rmse-1.4194, valid_pr-0.6911
2022-11-21 11:53:42 - INFO - epoch-300, train_loss-0.9942, train_rmse-0.9971, valid_rmse-1.4271, valid_pr-0.6900
2022-11-21 11:53:51 - INFO - epoch-301, train_loss-1.0092, train_rmse-1.0046, valid_rmse-1.4636, valid_pr-0.6892
2022-11-21 11:54:01 - INFO - epoch-302, train_loss-1.0104, train_rmse-1.0052, valid_rmse-1.4087, valid_pr-0.7071
2022-11-21 11:54:11 - INFO - epoch-303, train_loss-1.0139, train_rmse-1.0069, valid_rmse-1.4135, valid_pr-0.6975
2022-11-21 11:54:21 - INFO - epoch-304, train_loss-0.9989, train_rmse-0.9994, valid_rmse-1.3961, valid_pr-0.6988
2022-11-21 11:54:31 - INFO - epoch-305, train_loss-0.9753, train_rmse-0.9876, valid_rmse-1.4475, valid_pr-0.6935
2022-11-21 11:54:41 - INFO - epoch-306, train_loss-0.9727, train_rmse-0.9863, valid_rmse-1.4305, valid_pr-0.6943
2022-11-21 11:54:51 - INFO - epoch-307, train_loss-0.9850, train_rmse-0.9925, valid_rmse-1.3921, valid_pr-0.7023
2022-11-21 11:55:01 - INFO - epoch-308, train_loss-0.9973, train_rmse-0.9987, valid_rmse-1.4967, valid_pr-0.6859
2022-11-21 11:55:11 - INFO - epoch-309, train_loss-0.9819, train_rmse-0.9909, valid_rmse-1.4262, valid_pr-0.6792
2022-11-21 11:55:21 - INFO - epoch-310, train_loss-0.9758, train_rmse-0.9878, valid_rmse-1.4562, valid_pr-0.6905
2022-11-21 11:55:31 - INFO - epoch-311, train_loss-0.9828, train_rmse-0.9914, valid_rmse-1.3890, valid_pr-0.6967
2022-11-21 11:55:41 - INFO - epoch-312, train_loss-0.9917, train_rmse-0.9958, valid_rmse-1.4055, valid_pr-0.7070
2022-11-21 11:55:50 - INFO - epoch-313, train_loss-0.9786, train_rmse-0.9892, valid_rmse-1.3867, valid_pr-0.6992
2022-11-21 11:56:00 - INFO - epoch-314, train_loss-0.9714, train_rmse-0.9856, valid_rmse-1.4253, valid_pr-0.6998
2022-11-21 11:56:10 - INFO - epoch-315, train_loss-0.9899, train_rmse-0.9950, valid_rmse-1.4414, valid_pr-0.6929
2022-11-21 11:56:20 - INFO - epoch-316, train_loss-0.9639, train_rmse-0.9818, valid_rmse-1.3844, valid_pr-0.7022
2022-11-21 11:56:30 - INFO - epoch-317, train_loss-0.9863, train_rmse-0.9931, valid_rmse-1.4734, valid_pr-0.6892
2022-11-21 11:56:40 - INFO - epoch-318, train_loss-0.9780, train_rmse-0.9890, valid_rmse-1.4301, valid_pr-0.6974
2022-11-21 11:56:50 - INFO - epoch-319, train_loss-0.9571, train_rmse-0.9783, valid_rmse-1.4085, valid_pr-0.6937
2022-11-21 11:57:00 - INFO - epoch-320, train_loss-0.9439, train_rmse-0.9715, valid_rmse-1.3968, valid_pr-0.6958
2022-11-21 11:57:09 - INFO - epoch-321, train_loss-0.9634, train_rmse-0.9816, valid_rmse-1.3547, valid_pr-0.7030
2022-11-21 11:57:19 - INFO - epoch-322, train_loss-0.9717, train_rmse-0.9857, valid_rmse-1.4523, valid_pr-0.6901
2022-11-21 11:57:29 - INFO - epoch-323, train_loss-0.9858, train_rmse-0.9929, valid_rmse-1.4262, valid_pr-0.6985
2022-11-21 11:57:39 - INFO - epoch-324, train_loss-0.9790, train_rmse-0.9895, valid_rmse-1.3754, valid_pr-0.7000
2022-11-21 11:57:49 - INFO - epoch-325, train_loss-0.9851, train_rmse-0.9925, valid_rmse-1.4495, valid_pr-0.6872
2022-11-21 11:57:58 - INFO - epoch-326, train_loss-0.9578, train_rmse-0.9787, valid_rmse-1.4575, valid_pr-0.6973
2022-11-21 11:58:08 - INFO - epoch-327, train_loss-0.9699, train_rmse-0.9848, valid_rmse-1.4416, valid_pr-0.6874
2022-11-21 11:58:18 - INFO - epoch-328, train_loss-0.9544, train_rmse-0.9769, valid_rmse-1.4074, valid_pr-0.6943
2022-11-21 11:58:28 - INFO - epoch-329, train_loss-0.9544, train_rmse-0.9769, valid_rmse-1.4160, valid_pr-0.6913
2022-11-21 11:58:38 - INFO - epoch-330, train_loss-0.9527, train_rmse-0.9761, valid_rmse-1.4266, valid_pr-0.6967
2022-11-21 11:58:47 - INFO - epoch-331, train_loss-0.9551, train_rmse-0.9773, valid_rmse-1.4321, valid_pr-0.6841
2022-11-21 11:58:57 - INFO - epoch-332, train_loss-0.9582, train_rmse-0.9789, valid_rmse-1.4219, valid_pr-0.6928
2022-11-21 11:59:07 - INFO - epoch-333, train_loss-0.9756, train_rmse-0.9877, valid_rmse-1.4010, valid_pr-0.6994
2022-11-21 11:59:17 - INFO - epoch-334, train_loss-0.9530, train_rmse-0.9762, valid_rmse-1.4657, valid_pr-0.6852
2022-11-21 11:59:27 - INFO - epoch-335, train_loss-0.9487, train_rmse-0.9740, valid_rmse-1.4168, valid_pr-0.6832
2022-11-21 11:59:37 - INFO - epoch-336, train_loss-0.9575, train_rmse-0.9785, valid_rmse-1.4218, valid_pr-0.6910
2022-11-21 11:59:46 - INFO - epoch-337, train_loss-0.9678, train_rmse-0.9838, valid_rmse-1.4557, valid_pr-0.6775
2022-11-21 11:59:56 - INFO - epoch-338, train_loss-0.9508, train_rmse-0.9751, valid_rmse-1.4430, valid_pr-0.6899
2022-11-21 12:00:06 - INFO - epoch-339, train_loss-0.9605, train_rmse-0.9801, valid_rmse-1.4283, valid_pr-0.6851
2022-11-21 12:00:16 - INFO - epoch-340, train_loss-0.9437, train_rmse-0.9715, valid_rmse-1.4031, valid_pr-0.6980
2022-11-21 12:00:26 - INFO - epoch-341, train_loss-0.9545, train_rmse-0.9770, valid_rmse-1.4268, valid_pr-0.6855
2022-11-21 12:00:35 - INFO - epoch-342, train_loss-0.9442, train_rmse-0.9717, valid_rmse-1.3821, valid_pr-0.7014
2022-11-21 12:00:45 - INFO - epoch-343, train_loss-0.9442, train_rmse-0.9717, valid_rmse-1.3668, valid_pr-0.6989
2022-11-21 12:00:55 - INFO - epoch-344, train_loss-0.9375, train_rmse-0.9683, valid_rmse-1.4278, valid_pr-0.6905
2022-11-21 12:01:05 - INFO - epoch-345, train_loss-0.9599, train_rmse-0.9798, valid_rmse-1.4079, valid_pr-0.6983
2022-11-21 12:01:15 - INFO - epoch-346, train_loss-0.9461, train_rmse-0.9727, valid_rmse-1.4074, valid_pr-0.6996
2022-11-21 12:01:25 - INFO - epoch-347, train_loss-0.9265, train_rmse-0.9626, valid_rmse-1.4727, valid_pr-0.6796
2022-11-21 12:01:35 - INFO - epoch-348, train_loss-0.9336, train_rmse-0.9662, valid_rmse-1.4599, valid_pr-0.6844
2022-11-21 12:01:45 - INFO - epoch-349, train_loss-0.9245, train_rmse-0.9615, valid_rmse-1.3825, valid_pr-0.6981
2022-11-21 12:01:55 - INFO - epoch-350, train_loss-0.9189, train_rmse-0.9586, valid_rmse-1.4302, valid_pr-0.6894
2022-11-21 12:02:04 - INFO - epoch-351, train_loss-0.9101, train_rmse-0.9540, valid_rmse-1.4267, valid_pr-0.6781
2022-11-21 12:02:14 - INFO - epoch-352, train_loss-0.9312, train_rmse-0.9650, valid_rmse-1.4257, valid_pr-0.6877
2022-11-21 12:02:25 - INFO - epoch-353, train_loss-0.9197, train_rmse-0.9590, valid_rmse-1.4817, valid_pr-0.6861
2022-11-21 12:02:35 - INFO - epoch-354, train_loss-0.9273, train_rmse-0.9630, valid_rmse-1.4317, valid_pr-0.6934
2022-11-21 12:02:45 - INFO - epoch-355, train_loss-0.9466, train_rmse-0.9729, valid_rmse-1.3716, valid_pr-0.7021
2022-11-21 12:02:55 - INFO - epoch-356, train_loss-0.9157, train_rmse-0.9569, valid_rmse-1.4234, valid_pr-0.6984
2022-11-21 12:03:05 - INFO - epoch-357, train_loss-0.9381, train_rmse-0.9686, valid_rmse-1.3954, valid_pr-0.6923
2022-11-21 12:03:15 - INFO - epoch-358, train_loss-0.9207, train_rmse-0.9595, valid_rmse-1.4524, valid_pr-0.6866
2022-11-21 12:03:26 - INFO - epoch-359, train_loss-0.9134, train_rmse-0.9557, valid_rmse-1.4310, valid_pr-0.6903
2022-11-21 12:03:36 - INFO - epoch-360, train_loss-0.9242, train_rmse-0.9613, valid_rmse-1.4367, valid_pr-0.6888
2022-11-21 12:03:46 - INFO - epoch-361, train_loss-0.9172, train_rmse-0.9577, valid_rmse-1.3954, valid_pr-0.6931
2022-11-21 12:03:56 - INFO - epoch-362, train_loss-0.8997, train_rmse-0.9485, valid_rmse-1.4387, valid_pr-0.6834
2022-11-21 12:04:06 - INFO - epoch-363, train_loss-0.9478, train_rmse-0.9736, valid_rmse-1.4212, valid_pr-0.6876
2022-11-21 12:04:16 - INFO - epoch-364, train_loss-0.9162, train_rmse-0.9572, valid_rmse-1.4121, valid_pr-0.6941
2022-11-21 12:04:26 - INFO - epoch-365, train_loss-0.9168, train_rmse-0.9575, valid_rmse-1.4474, valid_pr-0.6858
2022-11-21 12:04:36 - INFO - epoch-366, train_loss-0.9205, train_rmse-0.9594, valid_rmse-1.3925, valid_pr-0.6945
2022-11-21 12:04:47 - INFO - epoch-367, train_loss-0.9088, train_rmse-0.9533, valid_rmse-1.4391, valid_pr-0.6855
2022-11-21 12:04:57 - INFO - epoch-368, train_loss-0.9138, train_rmse-0.9559, valid_rmse-1.3920, valid_pr-0.6988
2022-11-21 12:05:07 - INFO - epoch-369, train_loss-0.9142, train_rmse-0.9561, valid_rmse-1.4596, valid_pr-0.6913
2022-11-21 12:05:17 - INFO - epoch-370, train_loss-0.8994, train_rmse-0.9484, valid_rmse-1.3723, valid_pr-0.7000
2022-11-21 12:05:27 - INFO - epoch-371, train_loss-0.9053, train_rmse-0.9515, valid_rmse-1.4060, valid_pr-0.6868
2022-11-21 12:05:37 - INFO - epoch-372, train_loss-0.8932, train_rmse-0.9451, valid_rmse-1.4015, valid_pr-0.7054
2022-11-21 12:05:47 - INFO - epoch-373, train_loss-0.8998, train_rmse-0.9486, valid_rmse-1.3938, valid_pr-0.6859
2022-11-21 12:05:57 - INFO - epoch-374, train_loss-0.9235, train_rmse-0.9610, valid_rmse-1.4186, valid_pr-0.6884
2022-11-21 12:06:07 - INFO - epoch-375, train_loss-0.9162, train_rmse-0.9572, valid_rmse-1.4162, valid_pr-0.6994
2022-11-21 12:06:18 - INFO - epoch-376, train_loss-0.8944, train_rmse-0.9457, valid_rmse-1.4371, valid_pr-0.6849
2022-11-21 12:06:28 - INFO - epoch-377, train_loss-0.9020, train_rmse-0.9497, valid_rmse-1.3762, valid_pr-0.6976
2022-11-21 12:06:37 - INFO - epoch-378, train_loss-0.8848, train_rmse-0.9407, valid_rmse-1.3967, valid_pr-0.6948
2022-11-21 12:06:47 - INFO - epoch-379, train_loss-0.9120, train_rmse-0.9550, valid_rmse-1.3887, valid_pr-0.7025
2022-11-21 12:06:57 - INFO - epoch-380, train_loss-0.8940, train_rmse-0.9455, valid_rmse-1.4947, valid_pr-0.6811
2022-11-21 12:07:07 - INFO - epoch-381, train_loss-0.8913, train_rmse-0.9441, valid_rmse-1.4312, valid_pr-0.6865
2022-11-21 12:07:17 - INFO - epoch-382, train_loss-0.8785, train_rmse-0.9373, valid_rmse-1.4100, valid_pr-0.6945
2022-11-21 12:07:27 - INFO - epoch-383, train_loss-0.8906, train_rmse-0.9437, valid_rmse-1.4557, valid_pr-0.6786
2022-11-21 12:07:37 - INFO - epoch-384, train_loss-0.8966, train_rmse-0.9469, valid_rmse-1.4098, valid_pr-0.6816
2022-11-21 12:07:47 - INFO - epoch-385, train_loss-0.8905, train_rmse-0.9437, valid_rmse-1.4244, valid_pr-0.6878
2022-11-21 12:07:57 - INFO - epoch-386, train_loss-0.8735, train_rmse-0.9346, valid_rmse-1.4327, valid_pr-0.6957
2022-11-21 12:08:07 - INFO - epoch-387, train_loss-0.8952, train_rmse-0.9462, valid_rmse-1.4463, valid_pr-0.6916
2022-11-21 12:08:17 - INFO - epoch-388, train_loss-0.8981, train_rmse-0.9477, valid_rmse-1.4306, valid_pr-0.6879
2022-11-21 12:08:27 - INFO - epoch-389, train_loss-0.8855, train_rmse-0.9410, valid_rmse-1.3944, valid_pr-0.6910
2022-11-21 12:08:37 - INFO - epoch-390, train_loss-0.8684, train_rmse-0.9319, valid_rmse-1.4109, valid_pr-0.6973
2022-11-21 12:08:47 - INFO - epoch-391, train_loss-0.8945, train_rmse-0.9458, valid_rmse-1.4383, valid_pr-0.6946
2022-11-21 12:08:58 - INFO - epoch-392, train_loss-0.8818, train_rmse-0.9390, valid_rmse-1.4073, valid_pr-0.7019
2022-11-21 12:09:07 - INFO - epoch-393, train_loss-0.8812, train_rmse-0.9387, valid_rmse-1.4155, valid_pr-0.7009
2022-11-21 12:09:17 - INFO - epoch-394, train_loss-0.8832, train_rmse-0.9398, valid_rmse-1.3598, valid_pr-0.7073
2022-11-21 12:09:27 - INFO - epoch-395, train_loss-0.8836, train_rmse-0.9400, valid_rmse-1.3773, valid_pr-0.7043
2022-11-21 12:09:37 - INFO - epoch-396, train_loss-0.8704, train_rmse-0.9330, valid_rmse-1.4252, valid_pr-0.6943
2022-11-21 12:09:47 - INFO - epoch-397, train_loss-0.8852, train_rmse-0.9408, valid_rmse-1.4136, valid_pr-0.6833
2022-11-21 12:09:57 - INFO - epoch-398, train_loss-0.8866, train_rmse-0.9416, valid_rmse-1.4207, valid_pr-0.6903
2022-11-21 12:10:07 - INFO - epoch-399, train_loss-0.8736, train_rmse-0.9347, valid_rmse-1.3854, valid_pr-0.6981
2022-11-21 12:10:17 - INFO - epoch-400, train_loss-0.8790, train_rmse-0.9375, valid_rmse-1.4364, valid_pr-0.6897
2022-11-21 12:10:27 - INFO - epoch-401, train_loss-0.8788, train_rmse-0.9374, valid_rmse-1.4267, valid_pr-0.6934
2022-11-21 12:10:37 - INFO - epoch-402, train_loss-0.8686, train_rmse-0.9320, valid_rmse-1.4055, valid_pr-0.7029
2022-11-21 12:10:47 - INFO - epoch-403, train_loss-0.8759, train_rmse-0.9359, valid_rmse-1.3990, valid_pr-0.6993
2022-11-21 12:10:57 - INFO - epoch-404, train_loss-0.8771, train_rmse-0.9366, valid_rmse-1.3519, valid_pr-0.7052
2022-11-21 12:11:07 - INFO - epoch-405, train_loss-0.8871, train_rmse-0.9419, valid_rmse-1.3671, valid_pr-0.7068
2022-11-21 12:11:17 - INFO - epoch-406, train_loss-0.8785, train_rmse-0.9373, valid_rmse-1.4146, valid_pr-0.6934
2022-11-21 12:11:27 - INFO - epoch-407, train_loss-0.8553, train_rmse-0.9248, valid_rmse-1.3884, valid_pr-0.7003
2022-11-21 12:11:37 - INFO - epoch-408, train_loss-0.8676, train_rmse-0.9315, valid_rmse-1.4166, valid_pr-0.6895
2022-11-21 12:11:47 - INFO - epoch-409, train_loss-0.8598, train_rmse-0.9273, valid_rmse-1.4307, valid_pr-0.6975
2022-11-21 12:11:57 - INFO - epoch-410, train_loss-0.8899, train_rmse-0.9434, valid_rmse-1.4001, valid_pr-0.7024
2022-11-21 12:12:07 - INFO - epoch-411, train_loss-0.8518, train_rmse-0.9230, valid_rmse-1.4050, valid_pr-0.6971
2022-11-21 12:12:17 - INFO - epoch-412, train_loss-0.8741, train_rmse-0.9349, valid_rmse-1.4106, valid_pr-0.7028
2022-11-21 12:12:27 - INFO - epoch-413, train_loss-0.8652, train_rmse-0.9302, valid_rmse-1.4179, valid_pr-0.6920
2022-11-21 12:12:37 - INFO - epoch-414, train_loss-0.8769, train_rmse-0.9364, valid_rmse-1.4171, valid_pr-0.6919
2022-11-21 12:12:47 - INFO - epoch-415, train_loss-0.8638, train_rmse-0.9294, valid_rmse-1.3758, valid_pr-0.7007
2022-11-21 12:12:57 - INFO - epoch-416, train_loss-0.8572, train_rmse-0.9259, valid_rmse-1.4078, valid_pr-0.6979
2022-11-21 12:13:07 - INFO - epoch-417, train_loss-0.8528, train_rmse-0.9235, valid_rmse-1.3754, valid_pr-0.6947
2022-11-21 12:13:17 - INFO - epoch-418, train_loss-0.8529, train_rmse-0.9235, valid_rmse-1.3600, valid_pr-0.6994
2022-11-21 12:13:27 - INFO - epoch-419, train_loss-0.8723, train_rmse-0.9340, valid_rmse-1.4164, valid_pr-0.6973
2022-11-21 12:13:36 - INFO - epoch-420, train_loss-0.8493, train_rmse-0.9216, valid_rmse-1.3961, valid_pr-0.6958
2022-11-21 12:13:47 - INFO - epoch-421, train_loss-0.8510, train_rmse-0.9225, valid_rmse-1.4168, valid_pr-0.6966
2022-11-21 12:13:58 - INFO - epoch-422, train_loss-0.8532, train_rmse-0.9237, valid_rmse-1.4009, valid_pr-0.6978
2022-11-21 12:14:08 - INFO - epoch-423, train_loss-0.8629, train_rmse-0.9289, valid_rmse-1.3822, valid_pr-0.7044
2022-11-21 12:14:19 - INFO - epoch-424, train_loss-0.8438, train_rmse-0.9186, valid_rmse-1.4564, valid_pr-0.6983
2022-11-21 12:14:29 - INFO - epoch-425, train_loss-0.8740, train_rmse-0.9349, valid_rmse-1.4753, valid_pr-0.6890
2022-11-21 12:14:39 - INFO - epoch-426, train_loss-0.8456, train_rmse-0.9196, valid_rmse-1.4237, valid_pr-0.6915
2022-11-21 12:14:50 - INFO - epoch-427, train_loss-0.8503, train_rmse-0.9221, valid_rmse-1.4142, valid_pr-0.7010
2022-11-21 12:15:00 - INFO - epoch-428, train_loss-0.8456, train_rmse-0.9195, valid_rmse-1.3794, valid_pr-0.6960
2022-11-21 12:15:10 - INFO - epoch-429, train_loss-0.8402, train_rmse-0.9166, valid_rmse-1.4058, valid_pr-0.6951
2022-11-21 12:15:20 - INFO - epoch-430, train_loss-0.8550, train_rmse-0.9247, valid_rmse-1.3781, valid_pr-0.6966
2022-11-21 12:15:31 - INFO - epoch-431, train_loss-0.8445, train_rmse-0.9190, valid_rmse-1.3873, valid_pr-0.6958
2022-11-21 12:15:41 - INFO - epoch-432, train_loss-0.8481, train_rmse-0.9209, valid_rmse-1.4178, valid_pr-0.6955
2022-11-21 12:15:51 - INFO - epoch-433, train_loss-0.8416, train_rmse-0.9174, valid_rmse-1.4196, valid_pr-0.6968
2022-11-21 12:16:02 - INFO - epoch-434, train_loss-0.8432, train_rmse-0.9182, valid_rmse-1.3929, valid_pr-0.7031
2022-11-21 12:16:13 - INFO - epoch-435, train_loss-0.8583, train_rmse-0.9264, valid_rmse-1.4185, valid_pr-0.6921
2022-11-21 12:16:23 - INFO - epoch-436, train_loss-0.8270, train_rmse-0.9094, valid_rmse-1.4208, valid_pr-0.6916
2022-11-21 12:16:34 - INFO - epoch-437, train_loss-0.8463, train_rmse-0.9199, valid_rmse-1.3898, valid_pr-0.7009
2022-11-21 12:16:44 - INFO - epoch-438, train_loss-0.8459, train_rmse-0.9197, valid_rmse-1.4217, valid_pr-0.6761
2022-11-21 12:16:55 - INFO - epoch-439, train_loss-0.8349, train_rmse-0.9138, valid_rmse-1.3981, valid_pr-0.7030
2022-11-21 12:17:05 - INFO - epoch-440, train_loss-0.8325, train_rmse-0.9124, valid_rmse-1.3871, valid_pr-0.6986
2022-11-21 12:17:16 - INFO - epoch-441, train_loss-0.8328, train_rmse-0.9126, valid_rmse-1.4116, valid_pr-0.6993
2022-11-21 12:17:26 - INFO - epoch-442, train_loss-0.8447, train_rmse-0.9191, valid_rmse-1.4177, valid_pr-0.6964
2022-11-21 12:17:37 - INFO - epoch-443, train_loss-0.8242, train_rmse-0.9079, valid_rmse-1.4120, valid_pr-0.6981
2022-11-21 12:17:47 - INFO - epoch-444, train_loss-0.8369, train_rmse-0.9148, valid_rmse-1.4180, valid_pr-0.6971
2022-11-21 12:17:58 - INFO - epoch-445, train_loss-0.8425, train_rmse-0.9179, valid_rmse-1.3967, valid_pr-0.6949
2022-11-21 12:18:09 - INFO - epoch-446, train_loss-0.8514, train_rmse-0.9227, valid_rmse-1.3898, valid_pr-0.6948
2022-11-21 12:18:20 - INFO - epoch-447, train_loss-0.8213, train_rmse-0.9063, valid_rmse-1.3662, valid_pr-0.7084
2022-11-21 12:18:31 - INFO - epoch-448, train_loss-0.8408, train_rmse-0.9169, valid_rmse-1.3827, valid_pr-0.6984
2022-11-21 12:18:41 - INFO - epoch-449, train_loss-0.8270, train_rmse-0.9094, valid_rmse-1.3928, valid_pr-0.6942
2022-11-21 12:18:51 - INFO - epoch-450, train_loss-0.8172, train_rmse-0.9040, valid_rmse-1.3799, valid_pr-0.6977
2022-11-21 12:19:02 - INFO - epoch-451, train_loss-0.8337, train_rmse-0.9131, valid_rmse-1.3962, valid_pr-0.6847
2022-11-21 12:19:13 - INFO - epoch-452, train_loss-0.8343, train_rmse-0.9134, valid_rmse-1.4472, valid_pr-0.6875
2022-11-21 12:19:23 - INFO - epoch-453, train_loss-0.8285, train_rmse-0.9102, valid_rmse-1.3777, valid_pr-0.6991
2022-11-21 12:19:34 - INFO - epoch-454, train_loss-0.8272, train_rmse-0.9095, valid_rmse-1.3906, valid_pr-0.7026
2022-11-21 12:19:45 - INFO - epoch-455, train_loss-0.8204, train_rmse-0.9058, valid_rmse-1.4319, valid_pr-0.6879
2022-11-21 12:19:55 - INFO - epoch-456, train_loss-0.8311, train_rmse-0.9116, valid_rmse-1.4201, valid_pr-0.6853
2022-11-21 12:20:06 - INFO - epoch-457, train_loss-0.8052, train_rmse-0.8973, valid_rmse-1.4097, valid_pr-0.6883
2022-11-21 12:20:17 - INFO - epoch-458, train_loss-0.8234, train_rmse-0.9074, valid_rmse-1.3867, valid_pr-0.7042
2022-11-21 12:20:27 - INFO - epoch-459, train_loss-0.8312, train_rmse-0.9117, valid_rmse-1.3904, valid_pr-0.7013
2022-11-21 12:20:38 - INFO - epoch-460, train_loss-0.8268, train_rmse-0.9093, valid_rmse-1.3722, valid_pr-0.7010
2022-11-21 12:20:48 - INFO - epoch-461, train_loss-0.8202, train_rmse-0.9056, valid_rmse-1.3683, valid_pr-0.7067
2022-11-21 12:20:58 - INFO - epoch-462, train_loss-0.8216, train_rmse-0.9064, valid_rmse-1.4151, valid_pr-0.7003
2022-11-21 12:21:09 - INFO - epoch-463, train_loss-0.8092, train_rmse-0.8995, valid_rmse-1.4102, valid_pr-0.6989
2022-11-21 12:21:19 - INFO - epoch-464, train_loss-0.8262, train_rmse-0.9089, valid_rmse-1.4003, valid_pr-0.7005
2022-11-21 12:21:30 - INFO - epoch-465, train_loss-0.8122, train_rmse-0.9012, valid_rmse-1.3866, valid_pr-0.6998
2022-11-21 12:21:40 - INFO - epoch-466, train_loss-0.8222, train_rmse-0.9068, valid_rmse-1.3819, valid_pr-0.7023
2022-11-21 12:21:51 - INFO - epoch-467, train_loss-0.8032, train_rmse-0.8962, valid_rmse-1.4048, valid_pr-0.7001
2022-11-21 12:22:01 - INFO - epoch-468, train_loss-0.8116, train_rmse-0.9009, valid_rmse-1.3868, valid_pr-0.6920
2022-11-21 12:22:11 - INFO - epoch-469, train_loss-0.8218, train_rmse-0.9065, valid_rmse-1.3905, valid_pr-0.6941
2022-11-21 12:22:22 - INFO - epoch-470, train_loss-0.8239, train_rmse-0.9077, valid_rmse-1.3636, valid_pr-0.6997
2022-11-21 12:22:32 - INFO - epoch-471, train_loss-0.8058, train_rmse-0.8977, valid_rmse-1.3833, valid_pr-0.6976
2022-11-21 12:22:43 - INFO - epoch-472, train_loss-0.8176, train_rmse-0.9042, valid_rmse-1.3783, valid_pr-0.7047
2022-11-21 12:22:53 - INFO - epoch-473, train_loss-0.8083, train_rmse-0.8991, valid_rmse-1.4546, valid_pr-0.6901
2022-11-21 12:23:03 - INFO - epoch-474, train_loss-0.8250, train_rmse-0.9083, valid_rmse-1.4359, valid_pr-0.6898
2022-11-21 12:23:13 - INFO - epoch-475, train_loss-0.8150, train_rmse-0.9028, valid_rmse-1.4172, valid_pr-0.6870
2022-11-21 12:23:23 - INFO - epoch-476, train_loss-0.7981, train_rmse-0.8934, valid_rmse-1.3880, valid_pr-0.6988
2022-11-21 12:23:33 - INFO - epoch-477, train_loss-0.8104, train_rmse-0.9002, valid_rmse-1.4404, valid_pr-0.6917
2022-11-21 12:23:44 - INFO - epoch-478, train_loss-0.8098, train_rmse-0.8999, valid_rmse-1.3802, valid_pr-0.6959
2022-11-21 12:23:54 - INFO - epoch-479, train_loss-0.8129, train_rmse-0.9016, valid_rmse-1.4033, valid_pr-0.6931
2022-11-21 12:24:04 - INFO - epoch-480, train_loss-0.7934, train_rmse-0.8907, valid_rmse-1.3689, valid_pr-0.7023
2022-11-21 12:24:15 - INFO - epoch-481, train_loss-0.8163, train_rmse-0.9035, valid_rmse-1.3896, valid_pr-0.6963
2022-11-21 12:24:25 - INFO - epoch-482, train_loss-0.7926, train_rmse-0.8903, valid_rmse-1.4002, valid_pr-0.6978
2022-11-21 12:24:35 - INFO - epoch-483, train_loss-0.8030, train_rmse-0.8961, valid_rmse-1.4029, valid_pr-0.6968
2022-11-21 12:24:45 - INFO - epoch-484, train_loss-0.8024, train_rmse-0.8958, valid_rmse-1.3702, valid_pr-0.6993
2022-11-21 12:24:55 - INFO - epoch-485, train_loss-0.8056, train_rmse-0.8976, valid_rmse-1.4308, valid_pr-0.6925
2022-11-21 12:25:06 - INFO - epoch-486, train_loss-0.8170, train_rmse-0.9039, valid_rmse-1.4088, valid_pr-0.6937
2022-11-21 12:25:16 - INFO - epoch-487, train_loss-0.8173, train_rmse-0.9040, valid_rmse-1.4643, valid_pr-0.6897
2022-11-21 12:25:26 - INFO - epoch-488, train_loss-0.8037, train_rmse-0.8965, valid_rmse-1.4073, valid_pr-0.6987
2022-11-21 12:25:37 - INFO - epoch-489, train_loss-0.8003, train_rmse-0.8946, valid_rmse-1.4096, valid_pr-0.6953
2022-11-21 12:25:47 - INFO - epoch-490, train_loss-0.7961, train_rmse-0.8923, valid_rmse-1.4511, valid_pr-0.6925
2022-11-21 12:25:57 - INFO - epoch-491, train_loss-0.7999, train_rmse-0.8943, valid_rmse-1.3776, valid_pr-0.6953
2022-11-21 12:26:07 - INFO - epoch-492, train_loss-0.7925, train_rmse-0.8902, valid_rmse-1.3887, valid_pr-0.7014
2022-11-21 12:26:18 - INFO - epoch-493, train_loss-0.8077, train_rmse-0.8987, valid_rmse-1.4003, valid_pr-0.7000
2022-11-21 12:26:28 - INFO - epoch-494, train_loss-0.7982, train_rmse-0.8934, valid_rmse-1.4276, valid_pr-0.6941
2022-11-21 12:26:38 - INFO - epoch-495, train_loss-0.8094, train_rmse-0.8997, valid_rmse-1.3706, valid_pr-0.7023
2022-11-21 12:26:49 - INFO - epoch-496, train_loss-0.7868, train_rmse-0.8870, valid_rmse-1.3948, valid_pr-0.6949
2022-11-21 12:26:59 - INFO - epoch-497, train_loss-0.7757, train_rmse-0.8808, valid_rmse-1.4117, valid_pr-0.6873
2022-11-21 12:27:10 - INFO - epoch-498, train_loss-0.8039, train_rmse-0.8966, valid_rmse-1.3788, valid_pr-0.6970
2022-11-21 12:27:20 - INFO - epoch-499, train_loss-0.7987, train_rmse-0.8937, valid_rmse-1.3934, valid_pr-0.7004
2022-11-21 12:27:30 - INFO - epoch-500, train_loss-0.7929, train_rmse-0.8905, valid_rmse-1.3572, valid_pr-0.7068
2022-11-21 12:27:40 - INFO - epoch-501, train_loss-0.7990, train_rmse-0.8939, valid_rmse-1.3926, valid_pr-0.6999
2022-11-21 12:27:51 - INFO - epoch-502, train_loss-0.7795, train_rmse-0.8829, valid_rmse-1.4161, valid_pr-0.7022
2022-11-21 12:28:02 - INFO - epoch-503, train_loss-0.7714, train_rmse-0.8783, valid_rmse-1.3958, valid_pr-0.6908
2022-11-21 12:28:12 - INFO - epoch-504, train_loss-0.7889, train_rmse-0.8882, valid_rmse-1.4419, valid_pr-0.6993
2022-11-21 12:28:22 - INFO - epoch-505, train_loss-0.7772, train_rmse-0.8816, valid_rmse-1.4158, valid_pr-0.6975
2022-11-21 12:28:22 - INFO - early stop in epoch 505
2022-11-21 12:28:22 - INFO - best_rmse: 1.3519
2022-11-21 12:28:36 - INFO - valid_rmse-1.3519, valid_pr-0.7052, test2013_rmse-1.5763, test2013_pr-0.7834, test2016_rmse-1.4759, test2016_pr-0.7790, test2019_rmse-1.5054, test2019_pr-0.5652,
