2022-11-27 02:34:33 - INFO - train_EGNN.py
2022-11-27 02:34:33 - INFO - train data: 11904
2022-11-27 02:34:33 - INFO - valid data: 1000
2022-11-27 02:34:33 - INFO - test2013 data: 107
2022-11-27 02:34:33 - INFO - test2016 data: 285
2022-11-27 02:34:33 - INFO - test2019 data: 4366
2022-11-27 02:34:57 - INFO - epoch-0, train_loss-40.1883, train_rmse-6.3394, valid_rmse-7.4097, valid_pr-0.4020
2022-11-27 02:35:11 - INFO - epoch-1, train_loss-25.0339, train_rmse-5.0034, valid_rmse-3.9707, valid_pr-0.3829
2022-11-27 02:35:25 - INFO - epoch-2, train_loss-7.7936, train_rmse-2.7917, valid_rmse-1.8400, valid_pr-0.4768
2022-11-27 02:35:39 - INFO - epoch-3, train_loss-3.6328, train_rmse-1.9060, valid_rmse-2.9817, valid_pr-0.3954
2022-11-27 02:35:53 - INFO - epoch-4, train_loss-3.4505, train_rmse-1.8576, valid_rmse-1.6751, valid_pr-0.4662
2022-11-27 02:36:07 - INFO - epoch-5, train_loss-3.3875, train_rmse-1.8405, valid_rmse-3.3066, valid_pr-0.0614
2022-11-27 02:36:20 - INFO - epoch-6, train_loss-3.3278, train_rmse-1.8242, valid_rmse-1.6870, valid_pr-0.4574
2022-11-27 02:36:34 - INFO - epoch-7, train_loss-3.2168, train_rmse-1.7935, valid_rmse-1.8095, valid_pr-0.4789
2022-11-27 02:36:48 - INFO - epoch-8, train_loss-3.0683, train_rmse-1.7517, valid_rmse-1.5604, valid_pr-0.5374
2022-11-27 02:37:01 - INFO - epoch-9, train_loss-3.0228, train_rmse-1.7386, valid_rmse-1.5543, valid_pr-0.5453
2022-11-27 02:37:16 - INFO - epoch-10, train_loss-2.9967, train_rmse-1.7311, valid_rmse-1.6576, valid_pr-0.4842
2022-11-27 02:37:30 - INFO - epoch-11, train_loss-2.9125, train_rmse-1.7066, valid_rmse-1.5311, valid_pr-0.5596
2022-11-27 02:37:44 - INFO - epoch-12, train_loss-2.8867, train_rmse-1.6990, valid_rmse-1.5142, valid_pr-0.5744
2022-11-27 02:37:58 - INFO - epoch-13, train_loss-2.8282, train_rmse-1.6817, valid_rmse-1.6110, valid_pr-0.5299
2022-11-27 02:38:12 - INFO - epoch-14, train_loss-2.8305, train_rmse-1.6824, valid_rmse-1.5199, valid_pr-0.5755
2022-11-27 02:38:26 - INFO - epoch-15, train_loss-2.7963, train_rmse-1.6722, valid_rmse-1.5357, valid_pr-0.5626
2022-11-27 02:38:40 - INFO - epoch-16, train_loss-2.7360, train_rmse-1.6541, valid_rmse-1.5139, valid_pr-0.5897
2022-11-27 02:38:53 - INFO - epoch-17, train_loss-2.7065, train_rmse-1.6451, valid_rmse-1.5141, valid_pr-0.5830
2022-11-27 02:39:07 - INFO - epoch-18, train_loss-2.6711, train_rmse-1.6344, valid_rmse-1.5602, valid_pr-0.5842
2022-11-27 02:39:22 - INFO - epoch-19, train_loss-2.7604, train_rmse-1.6615, valid_rmse-1.7385, valid_pr-0.4624
2022-11-27 02:39:36 - INFO - epoch-20, train_loss-2.7330, train_rmse-1.6532, valid_rmse-1.6364, valid_pr-0.5396
2022-11-27 02:39:50 - INFO - epoch-21, train_loss-2.6511, train_rmse-1.6282, valid_rmse-1.5268, valid_pr-0.5787
2022-11-27 02:40:04 - INFO - epoch-22, train_loss-2.6228, train_rmse-1.6195, valid_rmse-1.4923, valid_pr-0.5936
2022-11-27 02:40:18 - INFO - epoch-23, train_loss-2.5778, train_rmse-1.6056, valid_rmse-1.8866, valid_pr-0.4784
2022-11-27 02:40:32 - INFO - epoch-24, train_loss-2.4853, train_rmse-1.5765, valid_rmse-1.4878, valid_pr-0.5931
2022-11-27 02:40:46 - INFO - epoch-25, train_loss-2.4833, train_rmse-1.5758, valid_rmse-1.4536, valid_pr-0.6221
2022-11-27 02:41:00 - INFO - epoch-26, train_loss-2.5262, train_rmse-1.5894, valid_rmse-1.6954, valid_pr-0.4815
2022-11-27 02:41:13 - INFO - epoch-27, train_loss-2.4953, train_rmse-1.5797, valid_rmse-1.5610, valid_pr-0.5729
2022-11-27 02:41:27 - INFO - epoch-28, train_loss-2.4236, train_rmse-1.5568, valid_rmse-1.4840, valid_pr-0.6286
2022-11-27 02:41:42 - INFO - epoch-29, train_loss-2.4080, train_rmse-1.5518, valid_rmse-1.4300, valid_pr-0.6379
2022-11-27 02:41:56 - INFO - epoch-30, train_loss-2.3772, train_rmse-1.5418, valid_rmse-1.4660, valid_pr-0.6278
2022-11-27 02:42:10 - INFO - epoch-31, train_loss-2.3698, train_rmse-1.5394, valid_rmse-1.4741, valid_pr-0.6237
2022-11-27 02:42:24 - INFO - epoch-32, train_loss-2.3243, train_rmse-1.5246, valid_rmse-1.4657, valid_pr-0.6335
2022-11-27 02:42:39 - INFO - epoch-33, train_loss-2.3232, train_rmse-1.5242, valid_rmse-1.4487, valid_pr-0.6297
2022-11-27 02:42:53 - INFO - epoch-34, train_loss-2.3194, train_rmse-1.5230, valid_rmse-1.4157, valid_pr-0.6474
2022-11-27 02:43:07 - INFO - epoch-35, train_loss-2.2228, train_rmse-1.4909, valid_rmse-1.4118, valid_pr-0.6443
2022-11-27 02:43:21 - INFO - epoch-36, train_loss-2.2171, train_rmse-1.4890, valid_rmse-1.5059, valid_pr-0.5944
2022-11-27 02:43:35 - INFO - epoch-37, train_loss-2.2332, train_rmse-1.4944, valid_rmse-1.4276, valid_pr-0.6380
2022-11-27 02:43:49 - INFO - epoch-38, train_loss-2.2346, train_rmse-1.4949, valid_rmse-1.3948, valid_pr-0.6562
2022-11-27 02:44:03 - INFO - epoch-39, train_loss-2.1894, train_rmse-1.4797, valid_rmse-1.4596, valid_pr-0.6205
2022-11-27 02:44:16 - INFO - epoch-40, train_loss-2.1639, train_rmse-1.4710, valid_rmse-1.4452, valid_pr-0.6495
2022-11-27 02:44:29 - INFO - epoch-41, train_loss-2.1438, train_rmse-1.4642, valid_rmse-1.4376, valid_pr-0.6509
2022-11-27 02:44:43 - INFO - epoch-42, train_loss-2.1617, train_rmse-1.4703, valid_rmse-1.4134, valid_pr-0.6477
2022-11-27 02:44:56 - INFO - epoch-43, train_loss-2.0872, train_rmse-1.4447, valid_rmse-1.3724, valid_pr-0.6721
2022-11-27 02:45:10 - INFO - epoch-44, train_loss-2.0476, train_rmse-1.4309, valid_rmse-1.4530, valid_pr-0.6437
2022-11-27 02:45:23 - INFO - epoch-45, train_loss-2.0209, train_rmse-1.4216, valid_rmse-1.3869, valid_pr-0.6736
2022-11-27 02:45:37 - INFO - epoch-46, train_loss-2.0271, train_rmse-1.4238, valid_rmse-1.3888, valid_pr-0.6691
2022-11-27 02:45:51 - INFO - epoch-47, train_loss-1.9908, train_rmse-1.4109, valid_rmse-1.3538, valid_pr-0.6822
2022-11-27 02:46:04 - INFO - epoch-48, train_loss-2.0011, train_rmse-1.4146, valid_rmse-1.3968, valid_pr-0.6748
2022-11-27 02:46:18 - INFO - epoch-49, train_loss-1.9548, train_rmse-1.3981, valid_rmse-1.3519, valid_pr-0.6831
2022-11-27 02:46:31 - INFO - epoch-50, train_loss-1.8461, train_rmse-1.3587, valid_rmse-1.3282, valid_pr-0.6946
2022-11-27 02:46:44 - INFO - epoch-51, train_loss-1.8581, train_rmse-1.3631, valid_rmse-1.5179, valid_pr-0.6519
2022-11-27 02:46:57 - INFO - epoch-52, train_loss-1.8258, train_rmse-1.3512, valid_rmse-1.6662, valid_pr-0.6696
2022-11-27 02:47:10 - INFO - epoch-53, train_loss-1.7595, train_rmse-1.3265, valid_rmse-1.3571, valid_pr-0.6793
2022-11-27 02:47:23 - INFO - epoch-54, train_loss-1.7383, train_rmse-1.3185, valid_rmse-1.3838, valid_pr-0.6740
2022-11-27 02:47:36 - INFO - epoch-55, train_loss-1.7052, train_rmse-1.3058, valid_rmse-1.4018, valid_pr-0.6857
2022-11-27 02:47:49 - INFO - epoch-56, train_loss-1.6791, train_rmse-1.2958, valid_rmse-1.3427, valid_pr-0.6982
2022-11-27 02:48:03 - INFO - epoch-57, train_loss-1.6243, train_rmse-1.2745, valid_rmse-1.3894, valid_pr-0.6748
2022-11-27 02:48:16 - INFO - epoch-58, train_loss-1.5661, train_rmse-1.2515, valid_rmse-1.4868, valid_pr-0.6879
2022-11-27 02:48:29 - INFO - epoch-59, train_loss-1.5535, train_rmse-1.2464, valid_rmse-1.4068, valid_pr-0.6813
2022-11-27 02:48:42 - INFO - epoch-60, train_loss-1.4703, train_rmse-1.2125, valid_rmse-1.3317, valid_pr-0.7149
2022-11-27 02:48:55 - INFO - epoch-61, train_loss-1.4428, train_rmse-1.2012, valid_rmse-1.3475, valid_pr-0.7003
2022-11-27 02:49:08 - INFO - epoch-62, train_loss-1.3729, train_rmse-1.1717, valid_rmse-1.3356, valid_pr-0.7098
2022-11-27 02:49:21 - INFO - epoch-63, train_loss-1.3446, train_rmse-1.1596, valid_rmse-1.4456, valid_pr-0.6828
2022-11-27 02:49:34 - INFO - epoch-64, train_loss-1.2994, train_rmse-1.1399, valid_rmse-1.3447, valid_pr-0.7041
2022-11-27 02:49:47 - INFO - epoch-65, train_loss-1.2078, train_rmse-1.0990, valid_rmse-1.3172, valid_pr-0.7073
2022-11-27 02:50:00 - INFO - epoch-66, train_loss-1.1928, train_rmse-1.0922, valid_rmse-1.3407, valid_pr-0.7069
2022-11-27 02:50:13 - INFO - epoch-67, train_loss-1.1297, train_rmse-1.0629, valid_rmse-1.3464, valid_pr-0.6939
2022-11-27 02:50:27 - INFO - epoch-68, train_loss-1.0867, train_rmse-1.0424, valid_rmse-1.3510, valid_pr-0.6973
2022-11-27 02:50:41 - INFO - epoch-69, train_loss-1.0028, train_rmse-1.0014, valid_rmse-1.3338, valid_pr-0.7202
2022-11-27 02:50:55 - INFO - epoch-70, train_loss-0.9871, train_rmse-0.9935, valid_rmse-1.3360, valid_pr-0.7125
2022-11-27 02:51:08 - INFO - epoch-71, train_loss-0.9607, train_rmse-0.9801, valid_rmse-1.4679, valid_pr-0.6759
2022-11-27 02:51:20 - INFO - epoch-72, train_loss-0.8963, train_rmse-0.9467, valid_rmse-1.3254, valid_pr-0.7077
2022-11-27 02:51:33 - INFO - epoch-73, train_loss-0.8206, train_rmse-0.9059, valid_rmse-1.3176, valid_pr-0.7099
2022-11-27 02:51:46 - INFO - epoch-74, train_loss-0.7590, train_rmse-0.8712, valid_rmse-1.3156, valid_pr-0.7206
2022-11-27 02:52:00 - INFO - epoch-75, train_loss-0.7437, train_rmse-0.8624, valid_rmse-1.3268, valid_pr-0.7064
2022-11-27 02:52:14 - INFO - epoch-76, train_loss-0.7081, train_rmse-0.8415, valid_rmse-1.3746, valid_pr-0.6944
2022-11-27 02:52:27 - INFO - epoch-77, train_loss-0.6614, train_rmse-0.8132, valid_rmse-1.3214, valid_pr-0.7199
2022-11-27 02:52:41 - INFO - epoch-78, train_loss-0.6131, train_rmse-0.7830, valid_rmse-1.3798, valid_pr-0.7086
2022-11-27 02:52:54 - INFO - epoch-79, train_loss-0.5906, train_rmse-0.7685, valid_rmse-1.3214, valid_pr-0.7096
2022-11-27 02:53:08 - INFO - epoch-80, train_loss-0.5750, train_rmse-0.7583, valid_rmse-1.3400, valid_pr-0.6989
2022-11-27 02:53:22 - INFO - epoch-81, train_loss-0.5338, train_rmse-0.7306, valid_rmse-1.3479, valid_pr-0.7118
2022-11-27 02:53:35 - INFO - epoch-82, train_loss-0.5302, train_rmse-0.7282, valid_rmse-1.3644, valid_pr-0.6956
2022-11-27 02:53:49 - INFO - epoch-83, train_loss-0.5113, train_rmse-0.7150, valid_rmse-1.3321, valid_pr-0.7089
2022-11-27 02:54:02 - INFO - epoch-84, train_loss-0.4607, train_rmse-0.6787, valid_rmse-1.3498, valid_pr-0.7193
2022-11-27 02:54:15 - INFO - epoch-85, train_loss-0.4483, train_rmse-0.6695, valid_rmse-1.3407, valid_pr-0.7096
2022-11-27 02:54:28 - INFO - epoch-86, train_loss-0.4191, train_rmse-0.6474, valid_rmse-1.3519, valid_pr-0.7073
2022-11-27 02:54:41 - INFO - epoch-87, train_loss-0.3936, train_rmse-0.6274, valid_rmse-1.3958, valid_pr-0.7252
2022-11-27 02:54:55 - INFO - epoch-88, train_loss-0.3833, train_rmse-0.6191, valid_rmse-1.3449, valid_pr-0.7234
2022-11-27 02:55:09 - INFO - epoch-89, train_loss-0.3812, train_rmse-0.6174, valid_rmse-1.3545, valid_pr-0.6932
2022-11-27 02:55:23 - INFO - epoch-90, train_loss-0.3660, train_rmse-0.6050, valid_rmse-1.3855, valid_pr-0.7081
2022-11-27 02:55:36 - INFO - epoch-91, train_loss-0.3506, train_rmse-0.5921, valid_rmse-1.3563, valid_pr-0.7158
2022-11-27 02:55:49 - INFO - epoch-92, train_loss-0.3388, train_rmse-0.5820, valid_rmse-1.3081, valid_pr-0.7058
2022-11-27 02:56:02 - INFO - epoch-93, train_loss-0.3331, train_rmse-0.5772, valid_rmse-1.2955, valid_pr-0.7214
2022-11-27 02:56:16 - INFO - epoch-94, train_loss-0.3548, train_rmse-0.5956, valid_rmse-1.3536, valid_pr-0.6949
2022-11-27 02:56:29 - INFO - epoch-95, train_loss-0.3345, train_rmse-0.5784, valid_rmse-1.3811, valid_pr-0.7233
2022-11-27 02:56:43 - INFO - epoch-96, train_loss-0.3253, train_rmse-0.5704, valid_rmse-1.3324, valid_pr-0.7112
2022-11-27 02:56:56 - INFO - epoch-97, train_loss-0.3185, train_rmse-0.5644, valid_rmse-1.3308, valid_pr-0.7072
2022-11-27 02:57:09 - INFO - epoch-98, train_loss-0.3040, train_rmse-0.5514, valid_rmse-1.3197, valid_pr-0.7240
2022-11-27 02:57:23 - INFO - epoch-99, train_loss-0.2950, train_rmse-0.5431, valid_rmse-1.2716, valid_pr-0.7273
2022-11-27 02:57:36 - INFO - epoch-100, train_loss-0.2807, train_rmse-0.5298, valid_rmse-1.2655, valid_pr-0.7305
2022-11-27 02:57:50 - INFO - epoch-101, train_loss-0.2888, train_rmse-0.5374, valid_rmse-1.2813, valid_pr-0.7292
2022-11-27 02:58:03 - INFO - epoch-102, train_loss-0.2795, train_rmse-0.5287, valid_rmse-1.3144, valid_pr-0.7104
2022-11-27 02:58:17 - INFO - epoch-103, train_loss-0.2859, train_rmse-0.5347, valid_rmse-1.3328, valid_pr-0.7114
2022-11-27 02:58:31 - INFO - epoch-104, train_loss-0.2924, train_rmse-0.5407, valid_rmse-1.3352, valid_pr-0.7176
2022-11-27 02:58:45 - INFO - epoch-105, train_loss-0.2755, train_rmse-0.5249, valid_rmse-1.3083, valid_pr-0.7209
2022-11-27 02:58:58 - INFO - epoch-106, train_loss-0.2733, train_rmse-0.5228, valid_rmse-1.3301, valid_pr-0.7158
2022-11-27 02:59:11 - INFO - epoch-107, train_loss-0.2664, train_rmse-0.5162, valid_rmse-1.3224, valid_pr-0.7248
2022-11-27 02:59:24 - INFO - epoch-108, train_loss-0.2716, train_rmse-0.5211, valid_rmse-1.2982, valid_pr-0.7276
2022-11-27 02:59:37 - INFO - epoch-109, train_loss-0.2441, train_rmse-0.4940, valid_rmse-1.3158, valid_pr-0.7218
2022-11-27 02:59:51 - INFO - epoch-110, train_loss-0.2578, train_rmse-0.5078, valid_rmse-1.3250, valid_pr-0.7314
2022-11-27 03:00:03 - INFO - epoch-111, train_loss-0.2428, train_rmse-0.4927, valid_rmse-1.2755, valid_pr-0.7297
2022-11-27 03:00:17 - INFO - epoch-112, train_loss-0.2383, train_rmse-0.4882, valid_rmse-1.3192, valid_pr-0.7219
2022-11-27 03:00:30 - INFO - epoch-113, train_loss-0.2439, train_rmse-0.4938, valid_rmse-1.3124, valid_pr-0.7247
2022-11-27 03:00:43 - INFO - epoch-114, train_loss-0.2297, train_rmse-0.4792, valid_rmse-1.2987, valid_pr-0.7298
2022-11-27 03:00:56 - INFO - epoch-115, train_loss-0.2594, train_rmse-0.5093, valid_rmse-1.3220, valid_pr-0.7202
2022-11-27 03:01:09 - INFO - epoch-116, train_loss-0.2443, train_rmse-0.4943, valid_rmse-1.2874, valid_pr-0.7255
2022-11-27 03:01:23 - INFO - epoch-117, train_loss-0.2519, train_rmse-0.5019, valid_rmse-1.2625, valid_pr-0.7394
2022-11-27 03:01:37 - INFO - epoch-118, train_loss-0.2336, train_rmse-0.4833, valid_rmse-1.3310, valid_pr-0.7319
2022-11-27 03:01:51 - INFO - epoch-119, train_loss-0.2422, train_rmse-0.4921, valid_rmse-1.2910, valid_pr-0.7353
2022-11-27 03:02:05 - INFO - epoch-120, train_loss-0.2489, train_rmse-0.4989, valid_rmse-1.2755, valid_pr-0.7305
2022-11-27 03:02:19 - INFO - epoch-121, train_loss-0.2391, train_rmse-0.4890, valid_rmse-1.2766, valid_pr-0.7286
2022-11-27 03:02:32 - INFO - epoch-122, train_loss-0.2145, train_rmse-0.4632, valid_rmse-1.2769, valid_pr-0.7306
2022-11-27 03:02:45 - INFO - epoch-123, train_loss-0.2198, train_rmse-0.4688, valid_rmse-1.3420, valid_pr-0.7293
2022-11-27 03:02:58 - INFO - epoch-124, train_loss-0.2295, train_rmse-0.4790, valid_rmse-1.2808, valid_pr-0.7310
2022-11-27 03:03:11 - INFO - epoch-125, train_loss-0.2299, train_rmse-0.4795, valid_rmse-1.2642, valid_pr-0.7300
2022-11-27 03:03:24 - INFO - epoch-126, train_loss-0.2191, train_rmse-0.4681, valid_rmse-1.2695, valid_pr-0.7326
2022-11-27 03:03:37 - INFO - epoch-127, train_loss-0.2201, train_rmse-0.4692, valid_rmse-1.2557, valid_pr-0.7372
2022-11-27 03:03:50 - INFO - epoch-128, train_loss-0.2049, train_rmse-0.4527, valid_rmse-1.2718, valid_pr-0.7362
2022-11-27 03:04:03 - INFO - epoch-129, train_loss-0.2095, train_rmse-0.4578, valid_rmse-1.2933, valid_pr-0.7386
2022-11-27 03:04:16 - INFO - epoch-130, train_loss-0.2230, train_rmse-0.4722, valid_rmse-1.2771, valid_pr-0.7269
2022-11-27 03:04:29 - INFO - epoch-131, train_loss-0.2118, train_rmse-0.4602, valid_rmse-1.3123, valid_pr-0.7356
2022-11-27 03:04:42 - INFO - epoch-132, train_loss-0.2123, train_rmse-0.4608, valid_rmse-1.2816, valid_pr-0.7258
2022-11-27 03:04:57 - INFO - epoch-133, train_loss-0.1952, train_rmse-0.4418, valid_rmse-1.2554, valid_pr-0.7390
2022-11-27 03:05:10 - INFO - epoch-134, train_loss-0.2091, train_rmse-0.4572, valid_rmse-1.2843, valid_pr-0.7376
2022-11-27 03:05:23 - INFO - epoch-135, train_loss-0.2043, train_rmse-0.4520, valid_rmse-1.2631, valid_pr-0.7389
2022-11-27 03:05:37 - INFO - epoch-136, train_loss-0.1941, train_rmse-0.4405, valid_rmse-1.2634, valid_pr-0.7355
2022-11-27 03:05:50 - INFO - epoch-137, train_loss-0.1940, train_rmse-0.4404, valid_rmse-1.2691, valid_pr-0.7297
2022-11-27 03:06:03 - INFO - epoch-138, train_loss-0.2024, train_rmse-0.4499, valid_rmse-1.2695, valid_pr-0.7352
2022-11-27 03:06:16 - INFO - epoch-139, train_loss-0.1917, train_rmse-0.4378, valid_rmse-1.2629, valid_pr-0.7378
2022-11-27 03:06:29 - INFO - epoch-140, train_loss-0.2024, train_rmse-0.4499, valid_rmse-1.3156, valid_pr-0.7434
2022-11-27 03:06:42 - INFO - epoch-141, train_loss-0.1889, train_rmse-0.4346, valid_rmse-1.3001, valid_pr-0.7298
2022-11-27 03:06:56 - INFO - epoch-142, train_loss-0.1900, train_rmse-0.4358, valid_rmse-1.3316, valid_pr-0.7316
2022-11-27 03:07:09 - INFO - epoch-143, train_loss-0.1953, train_rmse-0.4419, valid_rmse-1.2601, valid_pr-0.7398
2022-11-27 03:07:22 - INFO - epoch-144, train_loss-0.1985, train_rmse-0.4455, valid_rmse-1.3328, valid_pr-0.7396
2022-11-27 03:07:37 - INFO - epoch-145, train_loss-0.1832, train_rmse-0.4280, valid_rmse-1.2596, valid_pr-0.7458
2022-11-27 03:07:50 - INFO - epoch-146, train_loss-0.1821, train_rmse-0.4268, valid_rmse-1.2616, valid_pr-0.7417
2022-11-27 03:08:04 - INFO - epoch-147, train_loss-0.1725, train_rmse-0.4153, valid_rmse-1.2910, valid_pr-0.7411
2022-11-27 03:08:17 - INFO - epoch-148, train_loss-0.1854, train_rmse-0.4305, valid_rmse-1.2575, valid_pr-0.7359
2022-11-27 03:08:30 - INFO - epoch-149, train_loss-0.1882, train_rmse-0.4339, valid_rmse-1.2780, valid_pr-0.7326
2022-11-27 03:08:43 - INFO - epoch-150, train_loss-0.1785, train_rmse-0.4225, valid_rmse-1.2614, valid_pr-0.7368
2022-11-27 03:08:56 - INFO - epoch-151, train_loss-0.1824, train_rmse-0.4271, valid_rmse-1.2600, valid_pr-0.7318
2022-11-27 03:09:09 - INFO - epoch-152, train_loss-0.1840, train_rmse-0.4290, valid_rmse-1.2735, valid_pr-0.7461
2022-11-27 03:09:22 - INFO - epoch-153, train_loss-0.1988, train_rmse-0.4459, valid_rmse-1.2710, valid_pr-0.7312
2022-11-27 03:09:36 - INFO - epoch-154, train_loss-0.1853, train_rmse-0.4305, valid_rmse-1.2614, valid_pr-0.7361
2022-11-27 03:09:49 - INFO - epoch-155, train_loss-0.1869, train_rmse-0.4323, valid_rmse-1.2697, valid_pr-0.7318
2022-11-27 03:10:03 - INFO - epoch-156, train_loss-0.1863, train_rmse-0.4316, valid_rmse-1.2534, valid_pr-0.7372
2022-11-27 03:10:16 - INFO - epoch-157, train_loss-0.1673, train_rmse-0.4090, valid_rmse-1.3258, valid_pr-0.7332
2022-11-27 03:10:30 - INFO - epoch-158, train_loss-0.1796, train_rmse-0.4237, valid_rmse-1.2738, valid_pr-0.7397
2022-11-27 03:10:44 - INFO - epoch-159, train_loss-0.1780, train_rmse-0.4219, valid_rmse-1.2686, valid_pr-0.7404
2022-11-27 03:10:58 - INFO - epoch-160, train_loss-0.1701, train_rmse-0.4125, valid_rmse-1.2753, valid_pr-0.7311
2022-11-27 03:11:11 - INFO - epoch-161, train_loss-0.1650, train_rmse-0.4062, valid_rmse-1.3118, valid_pr-0.7388
2022-11-27 03:11:25 - INFO - epoch-162, train_loss-0.1795, train_rmse-0.4236, valid_rmse-1.2512, valid_pr-0.7365
2022-11-27 03:11:38 - INFO - epoch-163, train_loss-0.1752, train_rmse-0.4185, valid_rmse-1.2729, valid_pr-0.7421
2022-11-27 03:11:52 - INFO - epoch-164, train_loss-0.1821, train_rmse-0.4268, valid_rmse-1.2639, valid_pr-0.7494
2022-11-27 03:12:05 - INFO - epoch-165, train_loss-0.1656, train_rmse-0.4070, valid_rmse-1.2477, valid_pr-0.7375
2022-11-27 03:12:19 - INFO - epoch-166, train_loss-0.1667, train_rmse-0.4082, valid_rmse-1.2455, valid_pr-0.7484
2022-11-27 03:12:33 - INFO - epoch-167, train_loss-0.1618, train_rmse-0.4023, valid_rmse-1.2974, valid_pr-0.7410
2022-11-27 03:12:47 - INFO - epoch-168, train_loss-0.1654, train_rmse-0.4067, valid_rmse-1.2629, valid_pr-0.7443
2022-11-27 03:13:00 - INFO - epoch-169, train_loss-0.1682, train_rmse-0.4101, valid_rmse-1.2321, valid_pr-0.7456
2022-11-27 03:13:11 - INFO - epoch-170, train_loss-0.1570, train_rmse-0.3962, valid_rmse-1.2839, valid_pr-0.7338
2022-11-27 03:13:22 - INFO - epoch-171, train_loss-0.1555, train_rmse-0.3944, valid_rmse-1.2502, valid_pr-0.7395
2022-11-27 03:13:35 - INFO - epoch-172, train_loss-0.1490, train_rmse-0.3860, valid_rmse-1.2499, valid_pr-0.7375
2022-11-27 03:13:48 - INFO - epoch-173, train_loss-0.1623, train_rmse-0.4029, valid_rmse-1.2526, valid_pr-0.7416
2022-11-27 03:14:01 - INFO - epoch-174, train_loss-0.1482, train_rmse-0.3850, valid_rmse-1.2340, valid_pr-0.7457
2022-11-27 03:14:14 - INFO - epoch-175, train_loss-0.1582, train_rmse-0.3978, valid_rmse-1.2482, valid_pr-0.7419
2022-11-27 03:14:28 - INFO - epoch-176, train_loss-0.1489, train_rmse-0.3859, valid_rmse-1.2689, valid_pr-0.7290
2022-11-27 03:14:41 - INFO - epoch-177, train_loss-0.1384, train_rmse-0.3721, valid_rmse-1.2429, valid_pr-0.7450
2022-11-27 03:14:55 - INFO - epoch-178, train_loss-0.1477, train_rmse-0.3844, valid_rmse-1.2594, valid_pr-0.7395
2022-11-27 03:15:08 - INFO - epoch-179, train_loss-0.1462, train_rmse-0.3823, valid_rmse-1.2402, valid_pr-0.7444
2022-11-27 03:15:21 - INFO - epoch-180, train_loss-0.1577, train_rmse-0.3971, valid_rmse-1.2769, valid_pr-0.7326
2022-11-27 03:15:34 - INFO - epoch-181, train_loss-0.1484, train_rmse-0.3852, valid_rmse-1.2484, valid_pr-0.7424
2022-11-27 03:15:48 - INFO - epoch-182, train_loss-0.1545, train_rmse-0.3931, valid_rmse-1.2543, valid_pr-0.7389
2022-11-27 03:16:01 - INFO - epoch-183, train_loss-0.1375, train_rmse-0.3708, valid_rmse-1.2398, valid_pr-0.7428
2022-11-27 03:16:14 - INFO - epoch-184, train_loss-0.1479, train_rmse-0.3846, valid_rmse-1.3055, valid_pr-0.7428
2022-11-27 03:16:27 - INFO - epoch-185, train_loss-0.1592, train_rmse-0.3990, valid_rmse-1.2380, valid_pr-0.7430
2022-11-27 03:16:40 - INFO - epoch-186, train_loss-0.1392, train_rmse-0.3731, valid_rmse-1.2729, valid_pr-0.7413
2022-11-27 03:16:53 - INFO - epoch-187, train_loss-0.1480, train_rmse-0.3847, valid_rmse-1.2424, valid_pr-0.7403
2022-11-27 03:17:06 - INFO - epoch-188, train_loss-0.1455, train_rmse-0.3815, valid_rmse-1.2538, valid_pr-0.7393
2022-11-27 03:17:19 - INFO - epoch-189, train_loss-0.1570, train_rmse-0.3962, valid_rmse-1.2657, valid_pr-0.7365
2022-11-27 03:17:32 - INFO - epoch-190, train_loss-0.1446, train_rmse-0.3802, valid_rmse-1.2373, valid_pr-0.7423
2022-11-27 03:17:46 - INFO - epoch-191, train_loss-0.1373, train_rmse-0.3706, valid_rmse-1.2976, valid_pr-0.7367
2022-11-27 03:18:00 - INFO - epoch-192, train_loss-0.1386, train_rmse-0.3723, valid_rmse-1.2624, valid_pr-0.7392
2022-11-27 03:18:14 - INFO - epoch-193, train_loss-0.1362, train_rmse-0.3690, valid_rmse-1.2771, valid_pr-0.7329
2022-11-27 03:18:28 - INFO - epoch-194, train_loss-0.1386, train_rmse-0.3724, valid_rmse-1.2574, valid_pr-0.7337
2022-11-27 03:18:41 - INFO - epoch-195, train_loss-0.1305, train_rmse-0.3613, valid_rmse-1.2259, valid_pr-0.7511
2022-11-27 03:18:55 - INFO - epoch-196, train_loss-0.1386, train_rmse-0.3723, valid_rmse-1.2375, valid_pr-0.7444
2022-11-27 03:19:09 - INFO - epoch-197, train_loss-0.1461, train_rmse-0.3822, valid_rmse-1.2501, valid_pr-0.7363
2022-11-27 03:19:22 - INFO - epoch-198, train_loss-0.1480, train_rmse-0.3847, valid_rmse-1.2281, valid_pr-0.7474
2022-11-27 03:19:36 - INFO - epoch-199, train_loss-0.1487, train_rmse-0.3856, valid_rmse-1.2690, valid_pr-0.7362
2022-11-27 03:19:49 - INFO - epoch-200, train_loss-0.1384, train_rmse-0.3721, valid_rmse-1.2476, valid_pr-0.7447
2022-11-27 03:20:03 - INFO - epoch-201, train_loss-0.1513, train_rmse-0.3890, valid_rmse-1.2493, valid_pr-0.7364
2022-11-27 03:20:16 - INFO - epoch-202, train_loss-0.1325, train_rmse-0.3641, valid_rmse-1.2905, valid_pr-0.7405
2022-11-27 03:20:30 - INFO - epoch-203, train_loss-0.1325, train_rmse-0.3640, valid_rmse-1.2655, valid_pr-0.7356
2022-11-27 03:20:43 - INFO - epoch-204, train_loss-0.1342, train_rmse-0.3663, valid_rmse-1.2278, valid_pr-0.7495
2022-11-27 03:20:57 - INFO - epoch-205, train_loss-0.1328, train_rmse-0.3644, valid_rmse-1.2635, valid_pr-0.7346
2022-11-27 03:21:10 - INFO - epoch-206, train_loss-0.1258, train_rmse-0.3546, valid_rmse-1.2683, valid_pr-0.7392
2022-11-27 03:21:23 - INFO - epoch-207, train_loss-0.1215, train_rmse-0.3486, valid_rmse-1.2640, valid_pr-0.7379
2022-11-27 03:21:37 - INFO - epoch-208, train_loss-0.1189, train_rmse-0.3448, valid_rmse-1.2328, valid_pr-0.7498
2022-11-27 03:21:50 - INFO - epoch-209, train_loss-0.1491, train_rmse-0.3861, valid_rmse-1.2367, valid_pr-0.7436
2022-11-27 03:22:04 - INFO - epoch-210, train_loss-0.1250, train_rmse-0.3535, valid_rmse-1.2620, valid_pr-0.7453
2022-11-27 03:22:16 - INFO - epoch-211, train_loss-0.1256, train_rmse-0.3544, valid_rmse-1.2463, valid_pr-0.7458
2022-11-27 03:22:30 - INFO - epoch-212, train_loss-0.1252, train_rmse-0.3539, valid_rmse-1.2428, valid_pr-0.7478
2022-11-27 03:22:43 - INFO - epoch-213, train_loss-0.1275, train_rmse-0.3570, valid_rmse-1.2305, valid_pr-0.7485
2022-11-27 03:22:57 - INFO - epoch-214, train_loss-0.1231, train_rmse-0.3509, valid_rmse-1.2483, valid_pr-0.7426
2022-11-27 03:23:10 - INFO - epoch-215, train_loss-0.1140, train_rmse-0.3376, valid_rmse-1.2471, valid_pr-0.7421
2022-11-27 03:23:23 - INFO - epoch-216, train_loss-0.1267, train_rmse-0.3560, valid_rmse-1.2778, valid_pr-0.7386
2022-11-27 03:23:36 - INFO - epoch-217, train_loss-0.1264, train_rmse-0.3556, valid_rmse-1.2169, valid_pr-0.7525
2022-11-27 03:23:50 - INFO - epoch-218, train_loss-0.1384, train_rmse-0.3721, valid_rmse-1.2450, valid_pr-0.7426
2022-11-27 03:24:03 - INFO - epoch-219, train_loss-0.1402, train_rmse-0.3744, valid_rmse-1.2286, valid_pr-0.7480
2022-11-27 03:24:15 - INFO - epoch-220, train_loss-0.1145, train_rmse-0.3384, valid_rmse-1.2285, valid_pr-0.7490
2022-11-27 03:24:28 - INFO - epoch-221, train_loss-0.1224, train_rmse-0.3499, valid_rmse-1.2266, valid_pr-0.7483
2022-11-27 03:24:41 - INFO - epoch-222, train_loss-0.1246, train_rmse-0.3531, valid_rmse-1.2398, valid_pr-0.7456
2022-11-27 03:24:54 - INFO - epoch-223, train_loss-0.1180, train_rmse-0.3435, valid_rmse-1.2237, valid_pr-0.7500
2022-11-27 03:25:08 - INFO - epoch-224, train_loss-0.1295, train_rmse-0.3599, valid_rmse-1.2601, valid_pr-0.7352
2022-11-27 03:25:22 - INFO - epoch-225, train_loss-0.1277, train_rmse-0.3573, valid_rmse-1.2654, valid_pr-0.7441
2022-11-27 03:25:35 - INFO - epoch-226, train_loss-0.1203, train_rmse-0.3469, valid_rmse-1.2377, valid_pr-0.7457
2022-11-27 03:25:49 - INFO - epoch-227, train_loss-0.1374, train_rmse-0.3706, valid_rmse-1.2326, valid_pr-0.7534
2022-11-27 03:26:02 - INFO - epoch-228, train_loss-0.1113, train_rmse-0.3336, valid_rmse-1.2436, valid_pr-0.7416
2022-11-27 03:26:15 - INFO - epoch-229, train_loss-0.1122, train_rmse-0.3350, valid_rmse-1.2425, valid_pr-0.7454
2022-11-27 03:26:28 - INFO - epoch-230, train_loss-0.1054, train_rmse-0.3247, valid_rmse-1.2360, valid_pr-0.7450
2022-11-27 03:26:42 - INFO - epoch-231, train_loss-0.1062, train_rmse-0.3259, valid_rmse-1.2666, valid_pr-0.7448
2022-11-27 03:26:56 - INFO - epoch-232, train_loss-0.1191, train_rmse-0.3451, valid_rmse-1.2589, valid_pr-0.7401
2022-11-27 03:27:09 - INFO - epoch-233, train_loss-0.1180, train_rmse-0.3435, valid_rmse-1.2367, valid_pr-0.7456
2022-11-27 03:27:23 - INFO - epoch-234, train_loss-0.1269, train_rmse-0.3562, valid_rmse-1.2454, valid_pr-0.7412
2022-11-27 03:27:36 - INFO - epoch-235, train_loss-0.1265, train_rmse-0.3557, valid_rmse-1.2535, valid_pr-0.7407
2022-11-27 03:27:50 - INFO - epoch-236, train_loss-0.1130, train_rmse-0.3361, valid_rmse-1.2431, valid_pr-0.7480
2022-11-27 03:28:03 - INFO - epoch-237, train_loss-0.1086, train_rmse-0.3296, valid_rmse-1.2351, valid_pr-0.7472
2022-11-27 03:28:16 - INFO - epoch-238, train_loss-0.1107, train_rmse-0.3328, valid_rmse-1.2325, valid_pr-0.7455
2022-11-27 03:28:30 - INFO - epoch-239, train_loss-0.1081, train_rmse-0.3288, valid_rmse-1.2533, valid_pr-0.7404
2022-11-27 03:28:43 - INFO - epoch-240, train_loss-0.1103, train_rmse-0.3321, valid_rmse-1.2412, valid_pr-0.7446
2022-11-27 03:28:56 - INFO - epoch-241, train_loss-0.1129, train_rmse-0.3360, valid_rmse-1.2405, valid_pr-0.7432
2022-11-27 03:29:09 - INFO - epoch-242, train_loss-0.1096, train_rmse-0.3311, valid_rmse-1.2351, valid_pr-0.7505
2022-11-27 03:29:23 - INFO - epoch-243, train_loss-0.1214, train_rmse-0.3484, valid_rmse-1.2796, valid_pr-0.7316
2022-11-27 03:29:36 - INFO - epoch-244, train_loss-0.1111, train_rmse-0.3333, valid_rmse-1.2384, valid_pr-0.7429
2022-11-27 03:29:49 - INFO - epoch-245, train_loss-0.1156, train_rmse-0.3400, valid_rmse-1.2451, valid_pr-0.7423
2022-11-27 03:30:02 - INFO - epoch-246, train_loss-0.1221, train_rmse-0.3494, valid_rmse-1.2641, valid_pr-0.7381
2022-11-27 03:30:15 - INFO - epoch-247, train_loss-0.1139, train_rmse-0.3375, valid_rmse-1.2366, valid_pr-0.7464
2022-11-27 03:30:29 - INFO - epoch-248, train_loss-0.1326, train_rmse-0.3642, valid_rmse-1.2405, valid_pr-0.7417
2022-11-27 03:30:43 - INFO - epoch-249, train_loss-0.1142, train_rmse-0.3379, valid_rmse-1.2399, valid_pr-0.7427
2022-11-27 03:30:56 - INFO - epoch-250, train_loss-0.1079, train_rmse-0.3285, valid_rmse-1.2507, valid_pr-0.7426
2022-11-27 03:31:10 - INFO - epoch-251, train_loss-0.1098, train_rmse-0.3314, valid_rmse-1.2332, valid_pr-0.7443
2022-11-27 03:31:23 - INFO - epoch-252, train_loss-0.1122, train_rmse-0.3349, valid_rmse-1.2596, valid_pr-0.7377
2022-11-27 03:31:35 - INFO - epoch-253, train_loss-0.1113, train_rmse-0.3337, valid_rmse-1.2408, valid_pr-0.7430
2022-11-27 03:31:49 - INFO - epoch-254, train_loss-0.1017, train_rmse-0.3188, valid_rmse-1.2395, valid_pr-0.7412
2022-11-27 03:32:02 - INFO - epoch-255, train_loss-0.1025, train_rmse-0.3202, valid_rmse-1.2421, valid_pr-0.7416
2022-11-27 03:32:16 - INFO - epoch-256, train_loss-0.0982, train_rmse-0.3133, valid_rmse-1.2384, valid_pr-0.7461
2022-11-27 03:32:29 - INFO - epoch-257, train_loss-0.1081, train_rmse-0.3287, valid_rmse-1.2488, valid_pr-0.7417
2022-11-27 03:32:42 - INFO - epoch-258, train_loss-0.1222, train_rmse-0.3496, valid_rmse-1.2306, valid_pr-0.7454
2022-11-27 03:32:55 - INFO - epoch-259, train_loss-0.1057, train_rmse-0.3252, valid_rmse-1.2432, valid_pr-0.7416
2022-11-27 03:33:08 - INFO - epoch-260, train_loss-0.1104, train_rmse-0.3323, valid_rmse-1.2401, valid_pr-0.7456
2022-11-27 03:33:21 - INFO - epoch-261, train_loss-0.1078, train_rmse-0.3283, valid_rmse-1.2526, valid_pr-0.7357
2022-11-27 03:33:34 - INFO - epoch-262, train_loss-0.0972, train_rmse-0.3118, valid_rmse-1.2576, valid_pr-0.7390
2022-11-27 03:33:47 - INFO - epoch-263, train_loss-0.1103, train_rmse-0.3321, valid_rmse-1.2436, valid_pr-0.7458
2022-11-27 03:34:00 - INFO - epoch-264, train_loss-0.1044, train_rmse-0.3231, valid_rmse-1.2465, valid_pr-0.7451
2022-11-27 03:34:13 - INFO - epoch-265, train_loss-0.1078, train_rmse-0.3284, valid_rmse-1.2393, valid_pr-0.7418
2022-11-27 03:34:26 - INFO - epoch-266, train_loss-0.1142, train_rmse-0.3380, valid_rmse-1.2605, valid_pr-0.7409
2022-11-27 03:34:39 - INFO - epoch-267, train_loss-0.1057, train_rmse-0.3251, valid_rmse-1.2566, valid_pr-0.7477
2022-11-27 03:34:53 - INFO - epoch-268, train_loss-0.1049, train_rmse-0.3239, valid_rmse-1.2450, valid_pr-0.7444
2022-11-27 03:35:06 - INFO - epoch-269, train_loss-0.1118, train_rmse-0.3344, valid_rmse-1.2374, valid_pr-0.7437
2022-11-27 03:35:19 - INFO - epoch-270, train_loss-0.1137, train_rmse-0.3373, valid_rmse-1.2302, valid_pr-0.7456
2022-11-27 03:35:32 - INFO - epoch-271, train_loss-0.1019, train_rmse-0.3192, valid_rmse-1.2434, valid_pr-0.7448
2022-11-27 03:35:46 - INFO - epoch-272, train_loss-0.1041, train_rmse-0.3226, valid_rmse-1.2431, valid_pr-0.7400
2022-11-27 03:35:59 - INFO - epoch-273, train_loss-0.1055, train_rmse-0.3248, valid_rmse-1.2405, valid_pr-0.7418
2022-11-27 03:36:13 - INFO - epoch-274, train_loss-0.1002, train_rmse-0.3166, valid_rmse-1.2394, valid_pr-0.7425
2022-11-27 03:36:25 - INFO - epoch-275, train_loss-0.1069, train_rmse-0.3270, valid_rmse-1.2421, valid_pr-0.7473
2022-11-27 03:36:38 - INFO - epoch-276, train_loss-0.0927, train_rmse-0.3044, valid_rmse-1.2833, valid_pr-0.7341
2022-11-27 03:36:51 - INFO - epoch-277, train_loss-0.1044, train_rmse-0.3231, valid_rmse-1.2237, valid_pr-0.7494
2022-11-27 03:37:04 - INFO - epoch-278, train_loss-0.0947, train_rmse-0.3078, valid_rmse-1.2374, valid_pr-0.7442
2022-11-27 03:37:18 - INFO - epoch-279, train_loss-0.1080, train_rmse-0.3286, valid_rmse-1.2214, valid_pr-0.7521
2022-11-27 03:37:31 - INFO - epoch-280, train_loss-0.1168, train_rmse-0.3417, valid_rmse-1.2477, valid_pr-0.7383
2022-11-27 03:37:44 - INFO - epoch-281, train_loss-0.0990, train_rmse-0.3147, valid_rmse-1.2370, valid_pr-0.7439
2022-11-27 03:37:57 - INFO - epoch-282, train_loss-0.0898, train_rmse-0.2997, valid_rmse-1.2273, valid_pr-0.7477
2022-11-27 03:38:11 - INFO - epoch-283, train_loss-0.0982, train_rmse-0.3134, valid_rmse-1.2382, valid_pr-0.7443
2022-11-27 03:38:24 - INFO - epoch-284, train_loss-0.0928, train_rmse-0.3046, valid_rmse-1.2312, valid_pr-0.7455
2022-11-27 03:38:38 - INFO - epoch-285, train_loss-0.0964, train_rmse-0.3105, valid_rmse-1.2501, valid_pr-0.7368
2022-11-27 03:38:51 - INFO - epoch-286, train_loss-0.0956, train_rmse-0.3092, valid_rmse-1.2485, valid_pr-0.7385
2022-11-27 03:39:04 - INFO - epoch-287, train_loss-0.0884, train_rmse-0.2973, valid_rmse-1.2572, valid_pr-0.7366
2022-11-27 03:39:17 - INFO - epoch-288, train_loss-0.1023, train_rmse-0.3198, valid_rmse-1.2520, valid_pr-0.7418
2022-11-27 03:39:31 - INFO - epoch-289, train_loss-0.1140, train_rmse-0.3376, valid_rmse-1.2239, valid_pr-0.7503
2022-11-27 03:39:45 - INFO - epoch-290, train_loss-0.0991, train_rmse-0.3147, valid_rmse-1.2635, valid_pr-0.7443
2022-11-27 03:39:58 - INFO - epoch-291, train_loss-0.0934, train_rmse-0.3056, valid_rmse-1.2414, valid_pr-0.7446
2022-11-27 03:40:12 - INFO - epoch-292, train_loss-0.1143, train_rmse-0.3381, valid_rmse-1.2364, valid_pr-0.7454
2022-11-27 03:40:25 - INFO - epoch-293, train_loss-0.1052, train_rmse-0.3243, valid_rmse-1.2451, valid_pr-0.7396
2022-11-27 03:40:38 - INFO - epoch-294, train_loss-0.0900, train_rmse-0.3001, valid_rmse-1.2387, valid_pr-0.7448
2022-11-27 03:40:52 - INFO - epoch-295, train_loss-0.0963, train_rmse-0.3103, valid_rmse-1.2295, valid_pr-0.7481
2022-11-27 03:41:05 - INFO - epoch-296, train_loss-0.0972, train_rmse-0.3118, valid_rmse-1.2227, valid_pr-0.7502
2022-11-27 03:41:18 - INFO - epoch-297, train_loss-0.0834, train_rmse-0.2888, valid_rmse-1.2590, valid_pr-0.7411
2022-11-27 03:41:32 - INFO - epoch-298, train_loss-0.0959, train_rmse-0.3097, valid_rmse-1.2559, valid_pr-0.7370
2022-11-27 03:41:45 - INFO - epoch-299, train_loss-0.0971, train_rmse-0.3116, valid_rmse-1.2381, valid_pr-0.7438
2022-11-27 03:41:58 - INFO - epoch-300, train_loss-0.0977, train_rmse-0.3126, valid_rmse-1.2393, valid_pr-0.7465
2022-11-27 03:42:11 - INFO - epoch-301, train_loss-0.0859, train_rmse-0.2931, valid_rmse-1.2430, valid_pr-0.7429
2022-11-27 03:42:25 - INFO - epoch-302, train_loss-0.0924, train_rmse-0.3040, valid_rmse-1.2194, valid_pr-0.7517
2022-11-27 03:42:38 - INFO - epoch-303, train_loss-0.0893, train_rmse-0.2989, valid_rmse-1.2499, valid_pr-0.7428
2022-11-27 03:42:51 - INFO - epoch-304, train_loss-0.0909, train_rmse-0.3014, valid_rmse-1.2532, valid_pr-0.7386
2022-11-27 03:43:05 - INFO - epoch-305, train_loss-0.1024, train_rmse-0.3199, valid_rmse-1.2386, valid_pr-0.7434
2022-11-27 03:43:18 - INFO - epoch-306, train_loss-0.0888, train_rmse-0.2980, valid_rmse-1.2407, valid_pr-0.7475
2022-11-27 03:43:31 - INFO - epoch-307, train_loss-0.0949, train_rmse-0.3080, valid_rmse-1.2429, valid_pr-0.7401
2022-11-27 03:43:44 - INFO - epoch-308, train_loss-0.0983, train_rmse-0.3136, valid_rmse-1.2382, valid_pr-0.7428
2022-11-27 03:43:58 - INFO - epoch-309, train_loss-0.0905, train_rmse-0.3008, valid_rmse-1.2356, valid_pr-0.7446
2022-11-27 03:44:11 - INFO - epoch-310, train_loss-0.0816, train_rmse-0.2856, valid_rmse-1.2100, valid_pr-0.7553
2022-11-27 03:44:25 - INFO - epoch-311, train_loss-0.0858, train_rmse-0.2929, valid_rmse-1.2348, valid_pr-0.7459
2022-11-27 03:44:39 - INFO - epoch-312, train_loss-0.0910, train_rmse-0.3017, valid_rmse-1.2186, valid_pr-0.7526
2022-11-27 03:44:52 - INFO - epoch-313, train_loss-0.0948, train_rmse-0.3079, valid_rmse-1.2161, valid_pr-0.7539
2022-11-27 03:45:06 - INFO - epoch-314, train_loss-0.0932, train_rmse-0.3052, valid_rmse-1.2236, valid_pr-0.7509
2022-11-27 03:45:19 - INFO - epoch-315, train_loss-0.0851, train_rmse-0.2916, valid_rmse-1.2163, valid_pr-0.7525
2022-11-27 03:45:33 - INFO - epoch-316, train_loss-0.0838, train_rmse-0.2894, valid_rmse-1.2239, valid_pr-0.7494
2022-11-27 03:45:46 - INFO - epoch-317, train_loss-0.0859, train_rmse-0.2930, valid_rmse-1.2172, valid_pr-0.7529
2022-11-27 03:46:00 - INFO - epoch-318, train_loss-0.0844, train_rmse-0.2905, valid_rmse-1.2205, valid_pr-0.7523
2022-11-27 03:46:13 - INFO - epoch-319, train_loss-0.0799, train_rmse-0.2827, valid_rmse-1.2402, valid_pr-0.7442
2022-11-27 03:46:27 - INFO - epoch-320, train_loss-0.0955, train_rmse-0.3090, valid_rmse-1.2234, valid_pr-0.7504
2022-11-27 03:46:41 - INFO - epoch-321, train_loss-0.0993, train_rmse-0.3152, valid_rmse-1.2332, valid_pr-0.7464
2022-11-27 03:46:55 - INFO - epoch-322, train_loss-0.0921, train_rmse-0.3034, valid_rmse-1.2363, valid_pr-0.7437
2022-11-27 03:47:08 - INFO - epoch-323, train_loss-0.0922, train_rmse-0.3036, valid_rmse-1.2533, valid_pr-0.7437
2022-11-27 03:47:22 - INFO - epoch-324, train_loss-0.0923, train_rmse-0.3038, valid_rmse-1.2434, valid_pr-0.7445
2022-11-27 03:47:35 - INFO - epoch-325, train_loss-0.0920, train_rmse-0.3033, valid_rmse-1.2268, valid_pr-0.7499
2022-11-27 03:47:48 - INFO - epoch-326, train_loss-0.0847, train_rmse-0.2910, valid_rmse-1.2179, valid_pr-0.7524
2022-11-27 03:48:01 - INFO - epoch-327, train_loss-0.0923, train_rmse-0.3039, valid_rmse-1.2379, valid_pr-0.7437
2022-11-27 03:48:15 - INFO - epoch-328, train_loss-0.0883, train_rmse-0.2971, valid_rmse-1.2502, valid_pr-0.7411
2022-11-27 03:48:28 - INFO - epoch-329, train_loss-0.0935, train_rmse-0.3058, valid_rmse-1.2302, valid_pr-0.7484
2022-11-27 03:48:43 - INFO - epoch-330, train_loss-0.0761, train_rmse-0.2758, valid_rmse-1.2234, valid_pr-0.7558
2022-11-27 03:48:57 - INFO - epoch-331, train_loss-0.0882, train_rmse-0.2970, valid_rmse-1.2346, valid_pr-0.7494
2022-11-27 03:49:11 - INFO - epoch-332, train_loss-0.0969, train_rmse-0.3113, valid_rmse-1.2359, valid_pr-0.7429
2022-11-27 03:49:25 - INFO - epoch-333, train_loss-0.0957, train_rmse-0.3093, valid_rmse-1.2402, valid_pr-0.7413
2022-11-27 03:49:39 - INFO - epoch-334, train_loss-0.0816, train_rmse-0.2857, valid_rmse-1.2303, valid_pr-0.7462
2022-11-27 03:49:53 - INFO - epoch-335, train_loss-0.0839, train_rmse-0.2897, valid_rmse-1.2445, valid_pr-0.7477
2022-11-27 03:50:07 - INFO - epoch-336, train_loss-0.0884, train_rmse-0.2973, valid_rmse-1.2302, valid_pr-0.7501
2022-11-27 03:50:20 - INFO - epoch-337, train_loss-0.0955, train_rmse-0.3090, valid_rmse-1.2492, valid_pr-0.7390
2022-11-27 03:50:34 - INFO - epoch-338, train_loss-0.0942, train_rmse-0.3069, valid_rmse-1.2372, valid_pr-0.7445
2022-11-27 03:50:48 - INFO - epoch-339, train_loss-0.0954, train_rmse-0.3088, valid_rmse-1.2698, valid_pr-0.7268
2022-11-27 03:51:01 - INFO - epoch-340, train_loss-0.0990, train_rmse-0.3147, valid_rmse-1.2396, valid_pr-0.7412
2022-11-27 03:51:15 - INFO - epoch-341, train_loss-0.0959, train_rmse-0.3097, valid_rmse-1.2614, valid_pr-0.7377
2022-11-27 03:51:28 - INFO - epoch-342, train_loss-0.0916, train_rmse-0.3026, valid_rmse-1.2462, valid_pr-0.7400
2022-11-27 03:51:42 - INFO - epoch-343, train_loss-0.0906, train_rmse-0.3010, valid_rmse-1.2460, valid_pr-0.7436
2022-11-27 03:51:56 - INFO - epoch-344, train_loss-0.0813, train_rmse-0.2852, valid_rmse-1.2297, valid_pr-0.7468
2022-11-27 03:52:09 - INFO - epoch-345, train_loss-0.0811, train_rmse-0.2847, valid_rmse-1.2358, valid_pr-0.7438
2022-11-27 03:52:23 - INFO - epoch-346, train_loss-0.0709, train_rmse-0.2662, valid_rmse-1.2363, valid_pr-0.7434
2022-11-27 03:52:37 - INFO - epoch-347, train_loss-0.0766, train_rmse-0.2767, valid_rmse-1.2648, valid_pr-0.7355
2022-11-27 03:52:50 - INFO - epoch-348, train_loss-0.0774, train_rmse-0.2781, valid_rmse-1.2380, valid_pr-0.7452
2022-11-27 03:53:04 - INFO - epoch-349, train_loss-0.0807, train_rmse-0.2841, valid_rmse-1.2463, valid_pr-0.7406
2022-11-27 03:53:17 - INFO - epoch-350, train_loss-0.0785, train_rmse-0.2801, valid_rmse-1.2284, valid_pr-0.7465
2022-11-27 03:53:31 - INFO - epoch-351, train_loss-0.0820, train_rmse-0.2864, valid_rmse-1.2286, valid_pr-0.7471
2022-11-27 03:53:45 - INFO - epoch-352, train_loss-0.0798, train_rmse-0.2824, valid_rmse-1.2371, valid_pr-0.7464
2022-11-27 03:53:58 - INFO - epoch-353, train_loss-0.0717, train_rmse-0.2677, valid_rmse-1.2332, valid_pr-0.7473
2022-11-27 03:54:11 - INFO - epoch-354, train_loss-0.0807, train_rmse-0.2841, valid_rmse-1.2444, valid_pr-0.7392
2022-11-27 03:54:25 - INFO - epoch-355, train_loss-0.0899, train_rmse-0.2999, valid_rmse-1.2629, valid_pr-0.7352
2022-11-27 03:54:38 - INFO - epoch-356, train_loss-0.0869, train_rmse-0.2947, valid_rmse-1.2509, valid_pr-0.7364
2022-11-27 03:54:52 - INFO - epoch-357, train_loss-0.0925, train_rmse-0.3042, valid_rmse-1.2742, valid_pr-0.7318
2022-11-27 03:55:05 - INFO - epoch-358, train_loss-0.0905, train_rmse-0.3008, valid_rmse-1.2603, valid_pr-0.7439
2022-11-27 03:55:18 - INFO - epoch-359, train_loss-0.0875, train_rmse-0.2958, valid_rmse-1.2879, valid_pr-0.7288
2022-11-27 03:55:32 - INFO - epoch-360, train_loss-0.0950, train_rmse-0.3082, valid_rmse-1.2435, valid_pr-0.7404
2022-11-27 03:55:46 - INFO - epoch-361, train_loss-0.0869, train_rmse-0.2948, valid_rmse-1.2397, valid_pr-0.7440
2022-11-27 03:55:59 - INFO - epoch-362, train_loss-0.0917, train_rmse-0.3028, valid_rmse-1.2437, valid_pr-0.7422
2022-11-27 03:56:13 - INFO - epoch-363, train_loss-0.0781, train_rmse-0.2795, valid_rmse-1.2226, valid_pr-0.7526
2022-11-27 03:56:27 - INFO - epoch-364, train_loss-0.0771, train_rmse-0.2776, valid_rmse-1.2414, valid_pr-0.7416
2022-11-27 03:56:39 - INFO - epoch-365, train_loss-0.0755, train_rmse-0.2748, valid_rmse-1.2550, valid_pr-0.7365
2022-11-27 03:56:53 - INFO - epoch-366, train_loss-0.0799, train_rmse-0.2827, valid_rmse-1.2512, valid_pr-0.7397
2022-11-27 03:57:06 - INFO - epoch-367, train_loss-0.0834, train_rmse-0.2888, valid_rmse-1.2678, valid_pr-0.7388
2022-11-27 03:57:20 - INFO - epoch-368, train_loss-0.0982, train_rmse-0.3133, valid_rmse-1.2664, valid_pr-0.7346
2022-11-27 03:57:33 - INFO - epoch-369, train_loss-0.1625, train_rmse-0.4032, valid_rmse-1.2946, valid_pr-0.7153
2022-11-27 03:57:47 - INFO - epoch-370, train_loss-0.2981, train_rmse-0.5460, valid_rmse-1.4576, valid_pr-0.6852
2022-11-27 03:58:00 - INFO - epoch-371, train_loss-0.6139, train_rmse-0.7835, valid_rmse-1.3187, valid_pr-0.7139
2022-11-27 03:58:13 - INFO - epoch-372, train_loss-0.3605, train_rmse-0.6004, valid_rmse-1.2623, valid_pr-0.7370
2022-11-27 03:58:27 - INFO - epoch-373, train_loss-0.1685, train_rmse-0.4105, valid_rmse-1.2409, valid_pr-0.7461
2022-11-27 03:58:41 - INFO - epoch-374, train_loss-0.1058, train_rmse-0.3252, valid_rmse-1.2176, valid_pr-0.7535
2022-11-27 03:58:54 - INFO - epoch-375, train_loss-0.0855, train_rmse-0.2924, valid_rmse-1.2335, valid_pr-0.7471
2022-11-27 03:59:08 - INFO - epoch-376, train_loss-0.0743, train_rmse-0.2726, valid_rmse-1.2186, valid_pr-0.7528
2022-11-27 03:59:21 - INFO - epoch-377, train_loss-0.0718, train_rmse-0.2679, valid_rmse-1.2237, valid_pr-0.7492
2022-11-27 03:59:35 - INFO - epoch-378, train_loss-0.0584, train_rmse-0.2416, valid_rmse-1.2357, valid_pr-0.7493
2022-11-27 03:59:48 - INFO - epoch-379, train_loss-0.0538, train_rmse-0.2320, valid_rmse-1.2211, valid_pr-0.7520
2022-11-27 04:00:02 - INFO - epoch-380, train_loss-0.0650, train_rmse-0.2550, valid_rmse-1.2209, valid_pr-0.7526
2022-11-27 04:00:15 - INFO - epoch-381, train_loss-0.0557, train_rmse-0.2360, valid_rmse-1.2220, valid_pr-0.7551
2022-11-27 04:00:29 - INFO - epoch-382, train_loss-0.0568, train_rmse-0.2384, valid_rmse-1.2273, valid_pr-0.7557
2022-11-27 04:00:42 - INFO - epoch-383, train_loss-0.0579, train_rmse-0.2407, valid_rmse-1.2072, valid_pr-0.7568
2022-11-27 04:00:56 - INFO - epoch-384, train_loss-0.0662, train_rmse-0.2573, valid_rmse-1.2245, valid_pr-0.7499
2022-11-27 04:01:10 - INFO - epoch-385, train_loss-0.0637, train_rmse-0.2524, valid_rmse-1.2193, valid_pr-0.7517
2022-11-27 04:01:23 - INFO - epoch-386, train_loss-0.0655, train_rmse-0.2559, valid_rmse-1.2215, valid_pr-0.7528
2022-11-27 04:01:37 - INFO - epoch-387, train_loss-0.0551, train_rmse-0.2348, valid_rmse-1.2168, valid_pr-0.7529
2022-11-27 04:01:50 - INFO - epoch-388, train_loss-0.0657, train_rmse-0.2564, valid_rmse-1.2219, valid_pr-0.7516
2022-11-27 04:02:04 - INFO - epoch-389, train_loss-0.0660, train_rmse-0.2569, valid_rmse-1.2255, valid_pr-0.7495
2022-11-27 04:02:18 - INFO - epoch-390, train_loss-0.0583, train_rmse-0.2414, valid_rmse-1.2318, valid_pr-0.7486
2022-11-27 04:02:31 - INFO - epoch-391, train_loss-0.0654, train_rmse-0.2557, valid_rmse-1.2195, valid_pr-0.7525
2022-11-27 04:02:45 - INFO - epoch-392, train_loss-0.0558, train_rmse-0.2362, valid_rmse-1.2347, valid_pr-0.7467
2022-11-27 04:02:58 - INFO - epoch-393, train_loss-0.0667, train_rmse-0.2582, valid_rmse-1.2258, valid_pr-0.7501
2022-11-27 04:03:11 - INFO - epoch-394, train_loss-0.0649, train_rmse-0.2548, valid_rmse-1.2255, valid_pr-0.7489
2022-11-27 04:03:25 - INFO - epoch-395, train_loss-0.0667, train_rmse-0.2582, valid_rmse-1.2200, valid_pr-0.7526
2022-11-27 04:03:38 - INFO - epoch-396, train_loss-0.0644, train_rmse-0.2537, valid_rmse-1.2312, valid_pr-0.7476
2022-11-27 04:03:52 - INFO - epoch-397, train_loss-0.0560, train_rmse-0.2366, valid_rmse-1.2300, valid_pr-0.7531
2022-11-27 04:04:05 - INFO - epoch-398, train_loss-0.0656, train_rmse-0.2562, valid_rmse-1.2278, valid_pr-0.7523
2022-11-27 04:04:19 - INFO - epoch-399, train_loss-0.0594, train_rmse-0.2438, valid_rmse-1.2230, valid_pr-0.7507
2022-11-27 04:04:32 - INFO - epoch-400, train_loss-0.0655, train_rmse-0.2560, valid_rmse-1.2284, valid_pr-0.7469
2022-11-27 04:04:46 - INFO - epoch-401, train_loss-0.0712, train_rmse-0.2669, valid_rmse-1.2109, valid_pr-0.7555
2022-11-27 04:04:58 - INFO - epoch-402, train_loss-0.0767, train_rmse-0.2770, valid_rmse-1.2201, valid_pr-0.7514
2022-11-27 04:05:11 - INFO - epoch-403, train_loss-0.0649, train_rmse-0.2548, valid_rmse-1.2211, valid_pr-0.7507
2022-11-27 04:05:24 - INFO - epoch-404, train_loss-0.0670, train_rmse-0.2589, valid_rmse-1.2181, valid_pr-0.7521
2022-11-27 04:05:38 - INFO - epoch-405, train_loss-0.0688, train_rmse-0.2623, valid_rmse-1.2162, valid_pr-0.7525
2022-11-27 04:05:52 - INFO - epoch-406, train_loss-0.0761, train_rmse-0.2758, valid_rmse-1.2459, valid_pr-0.7504
2022-11-27 04:06:05 - INFO - epoch-407, train_loss-0.0801, train_rmse-0.2830, valid_rmse-1.2153, valid_pr-0.7546
2022-11-27 04:06:18 - INFO - epoch-408, train_loss-0.0673, train_rmse-0.2594, valid_rmse-1.2132, valid_pr-0.7539
2022-11-27 04:06:32 - INFO - epoch-409, train_loss-0.0730, train_rmse-0.2702, valid_rmse-1.2417, valid_pr-0.7420
2022-11-27 04:06:45 - INFO - epoch-410, train_loss-0.0784, train_rmse-0.2800, valid_rmse-1.2468, valid_pr-0.7413
2022-11-27 04:06:59 - INFO - epoch-411, train_loss-0.0700, train_rmse-0.2646, valid_rmse-1.2566, valid_pr-0.7390
2022-11-27 04:07:12 - INFO - epoch-412, train_loss-0.0746, train_rmse-0.2730, valid_rmse-1.2477, valid_pr-0.7458
2022-11-27 04:07:26 - INFO - epoch-413, train_loss-0.0830, train_rmse-0.2882, valid_rmse-1.2087, valid_pr-0.7592
2022-11-27 04:07:40 - INFO - epoch-414, train_loss-0.0753, train_rmse-0.2744, valid_rmse-1.2203, valid_pr-0.7519
2022-11-27 04:07:53 - INFO - epoch-415, train_loss-0.0773, train_rmse-0.2781, valid_rmse-1.2267, valid_pr-0.7522
2022-11-27 04:08:06 - INFO - epoch-416, train_loss-0.0781, train_rmse-0.2795, valid_rmse-1.2312, valid_pr-0.7463
2022-11-27 04:08:20 - INFO - epoch-417, train_loss-0.0706, train_rmse-0.2658, valid_rmse-1.2232, valid_pr-0.7490
2022-11-27 04:08:33 - INFO - epoch-418, train_loss-0.0768, train_rmse-0.2772, valid_rmse-1.2246, valid_pr-0.7523
2022-11-27 04:08:47 - INFO - epoch-419, train_loss-0.0733, train_rmse-0.2707, valid_rmse-1.2160, valid_pr-0.7556
2022-11-27 04:09:00 - INFO - epoch-420, train_loss-0.0832, train_rmse-0.2884, valid_rmse-1.2643, valid_pr-0.7413
2022-11-27 04:09:14 - INFO - epoch-421, train_loss-0.0947, train_rmse-0.3077, valid_rmse-1.2474, valid_pr-0.7389
2022-11-27 04:09:28 - INFO - epoch-422, train_loss-0.0753, train_rmse-0.2743, valid_rmse-1.2364, valid_pr-0.7432
2022-11-27 04:09:41 - INFO - epoch-423, train_loss-0.0836, train_rmse-0.2891, valid_rmse-1.2463, valid_pr-0.7410
2022-11-27 04:09:55 - INFO - epoch-424, train_loss-0.0832, train_rmse-0.2885, valid_rmse-1.2878, valid_pr-0.7250
2022-11-27 04:10:08 - INFO - epoch-425, train_loss-0.0870, train_rmse-0.2949, valid_rmse-1.2228, valid_pr-0.7496
2022-11-27 04:10:21 - INFO - epoch-426, train_loss-0.1012, train_rmse-0.3181, valid_rmse-1.2309, valid_pr-0.7491
2022-11-27 04:10:35 - INFO - epoch-427, train_loss-0.0964, train_rmse-0.3105, valid_rmse-1.2143, valid_pr-0.7552
2022-11-27 04:10:48 - INFO - epoch-428, train_loss-0.0847, train_rmse-0.2910, valid_rmse-1.2205, valid_pr-0.7505
2022-11-27 04:11:02 - INFO - epoch-429, train_loss-0.0709, train_rmse-0.2662, valid_rmse-1.2468, valid_pr-0.7394
2022-11-27 04:11:15 - INFO - epoch-430, train_loss-0.0625, train_rmse-0.2500, valid_rmse-1.2244, valid_pr-0.7495
2022-11-27 04:11:29 - INFO - epoch-431, train_loss-0.0756, train_rmse-0.2750, valid_rmse-1.2310, valid_pr-0.7459
2022-11-27 04:11:42 - INFO - epoch-432, train_loss-0.0690, train_rmse-0.2627, valid_rmse-1.2151, valid_pr-0.7536
2022-11-27 04:11:53 - INFO - epoch-433, train_loss-0.0742, train_rmse-0.2724, valid_rmse-1.2392, valid_pr-0.7457
2022-11-27 04:12:05 - INFO - epoch-434, train_loss-0.0689, train_rmse-0.2625, valid_rmse-1.2396, valid_pr-0.7466
2022-11-27 04:12:17 - INFO - epoch-435, train_loss-0.0706, train_rmse-0.2657, valid_rmse-1.2142, valid_pr-0.7541
2022-11-27 04:12:30 - INFO - epoch-436, train_loss-0.0698, train_rmse-0.2641, valid_rmse-1.2188, valid_pr-0.7515
2022-11-27 04:12:44 - INFO - epoch-437, train_loss-0.0842, train_rmse-0.2901, valid_rmse-1.2205, valid_pr-0.7503
2022-11-27 04:12:57 - INFO - epoch-438, train_loss-0.0854, train_rmse-0.2922, valid_rmse-1.2606, valid_pr-0.7407
2022-11-27 04:13:10 - INFO - epoch-439, train_loss-0.0752, train_rmse-0.2742, valid_rmse-1.2054, valid_pr-0.7592
2022-11-27 04:13:24 - INFO - epoch-440, train_loss-0.0743, train_rmse-0.2725, valid_rmse-1.2569, valid_pr-0.7442
2022-11-27 04:13:37 - INFO - epoch-441, train_loss-0.0746, train_rmse-0.2731, valid_rmse-1.2202, valid_pr-0.7593
2022-11-27 04:13:50 - INFO - epoch-442, train_loss-0.0684, train_rmse-0.2615, valid_rmse-1.2217, valid_pr-0.7502
2022-11-27 04:14:03 - INFO - epoch-443, train_loss-0.0629, train_rmse-0.2507, valid_rmse-1.2336, valid_pr-0.7468
2022-11-27 04:14:16 - INFO - epoch-444, train_loss-0.0704, train_rmse-0.2654, valid_rmse-1.2290, valid_pr-0.7488
2022-11-27 04:14:30 - INFO - epoch-445, train_loss-0.0671, train_rmse-0.2591, valid_rmse-1.2292, valid_pr-0.7495
2022-11-27 04:14:43 - INFO - epoch-446, train_loss-0.0816, train_rmse-0.2857, valid_rmse-1.2204, valid_pr-0.7514
2022-11-27 04:14:56 - INFO - epoch-447, train_loss-0.0733, train_rmse-0.2708, valid_rmse-1.2519, valid_pr-0.7412
2022-11-27 04:15:09 - INFO - epoch-448, train_loss-0.0787, train_rmse-0.2806, valid_rmse-1.2033, valid_pr-0.7585
2022-11-27 04:15:23 - INFO - epoch-449, train_loss-0.0620, train_rmse-0.2489, valid_rmse-1.2324, valid_pr-0.7452
2022-11-27 04:15:36 - INFO - epoch-450, train_loss-0.0691, train_rmse-0.2630, valid_rmse-1.2247, valid_pr-0.7512
2022-11-27 04:15:49 - INFO - epoch-451, train_loss-0.0622, train_rmse-0.2495, valid_rmse-1.2323, valid_pr-0.7453
2022-11-27 04:16:02 - INFO - epoch-452, train_loss-0.0798, train_rmse-0.2824, valid_rmse-1.2179, valid_pr-0.7527
2022-11-27 04:16:15 - INFO - epoch-453, train_loss-0.0707, train_rmse-0.2660, valid_rmse-1.2406, valid_pr-0.7418
2022-11-27 04:16:29 - INFO - epoch-454, train_loss-0.0761, train_rmse-0.2759, valid_rmse-1.2402, valid_pr-0.7411
2022-11-27 04:16:42 - INFO - epoch-455, train_loss-0.0669, train_rmse-0.2586, valid_rmse-1.2382, valid_pr-0.7424
2022-11-27 04:16:55 - INFO - epoch-456, train_loss-0.0726, train_rmse-0.2695, valid_rmse-1.2594, valid_pr-0.7361
2022-11-27 04:17:08 - INFO - epoch-457, train_loss-0.0858, train_rmse-0.2930, valid_rmse-1.2607, valid_pr-0.7333
2022-11-27 04:17:22 - INFO - epoch-458, train_loss-0.3263, train_rmse-0.5712, valid_rmse-1.4838, valid_pr-0.6120
2022-11-27 04:17:35 - INFO - epoch-459, train_loss-1.2256, train_rmse-1.1071, valid_rmse-1.3209, valid_pr-0.6992
2022-11-27 04:17:47 - INFO - epoch-460, train_loss-0.5301, train_rmse-0.7280, valid_rmse-1.2915, valid_pr-0.7226
2022-11-27 04:18:01 - INFO - epoch-461, train_loss-0.2222, train_rmse-0.4713, valid_rmse-1.2763, valid_pr-0.7307
2022-11-27 04:18:14 - INFO - epoch-462, train_loss-0.1207, train_rmse-0.3474, valid_rmse-1.2698, valid_pr-0.7319
2022-11-27 04:18:27 - INFO - epoch-463, train_loss-0.0922, train_rmse-0.3036, valid_rmse-1.2423, valid_pr-0.7407
2022-11-27 04:18:40 - INFO - epoch-464, train_loss-0.0746, train_rmse-0.2731, valid_rmse-1.2476, valid_pr-0.7392
2022-11-27 04:18:54 - INFO - epoch-465, train_loss-0.0678, train_rmse-0.2605, valid_rmse-1.2411, valid_pr-0.7435
2022-11-27 04:19:07 - INFO - epoch-466, train_loss-0.0545, train_rmse-0.2335, valid_rmse-1.2481, valid_pr-0.7371
2022-11-27 04:19:20 - INFO - epoch-467, train_loss-0.0685, train_rmse-0.2617, valid_rmse-1.2406, valid_pr-0.7426
2022-11-27 04:19:34 - INFO - epoch-468, train_loss-0.0636, train_rmse-0.2523, valid_rmse-1.2422, valid_pr-0.7442
2022-11-27 04:19:47 - INFO - epoch-469, train_loss-0.0642, train_rmse-0.2534, valid_rmse-1.2425, valid_pr-0.7417
2022-11-27 04:20:00 - INFO - epoch-470, train_loss-0.0623, train_rmse-0.2497, valid_rmse-1.2360, valid_pr-0.7440
2022-11-27 04:20:13 - INFO - epoch-471, train_loss-0.0583, train_rmse-0.2414, valid_rmse-1.2358, valid_pr-0.7435
2022-11-27 04:20:27 - INFO - epoch-472, train_loss-0.0531, train_rmse-0.2304, valid_rmse-1.2350, valid_pr-0.7434
2022-11-27 04:20:40 - INFO - epoch-473, train_loss-0.0552, train_rmse-0.2349, valid_rmse-1.2326, valid_pr-0.7453
2022-11-27 04:20:53 - INFO - epoch-474, train_loss-0.0587, train_rmse-0.2423, valid_rmse-1.2360, valid_pr-0.7439
2022-11-27 04:21:06 - INFO - epoch-475, train_loss-0.0519, train_rmse-0.2278, valid_rmse-1.2363, valid_pr-0.7443
2022-11-27 04:21:19 - INFO - epoch-476, train_loss-0.0589, train_rmse-0.2427, valid_rmse-1.2377, valid_pr-0.7459
2022-11-27 04:21:32 - INFO - epoch-477, train_loss-0.0777, train_rmse-0.2788, valid_rmse-1.2327, valid_pr-0.7448
2022-11-27 04:21:46 - INFO - epoch-478, train_loss-0.0545, train_rmse-0.2335, valid_rmse-1.2268, valid_pr-0.7491
2022-11-27 04:21:59 - INFO - epoch-479, train_loss-0.0604, train_rmse-0.2458, valid_rmse-1.2315, valid_pr-0.7489
2022-11-27 04:22:12 - INFO - epoch-480, train_loss-0.0582, train_rmse-0.2412, valid_rmse-1.2474, valid_pr-0.7485
2022-11-27 04:22:26 - INFO - epoch-481, train_loss-0.0586, train_rmse-0.2420, valid_rmse-1.2430, valid_pr-0.7407
2022-11-27 04:22:39 - INFO - epoch-482, train_loss-0.0624, train_rmse-0.2498, valid_rmse-1.2432, valid_pr-0.7434
2022-11-27 04:22:52 - INFO - epoch-483, train_loss-0.0597, train_rmse-0.2443, valid_rmse-1.2390, valid_pr-0.7420
2022-11-27 04:23:06 - INFO - epoch-484, train_loss-0.0680, train_rmse-0.2608, valid_rmse-1.2303, valid_pr-0.7465
2022-11-27 04:23:20 - INFO - epoch-485, train_loss-0.0644, train_rmse-0.2538, valid_rmse-1.2336, valid_pr-0.7462
2022-11-27 04:23:33 - INFO - epoch-486, train_loss-0.0625, train_rmse-0.2500, valid_rmse-1.2526, valid_pr-0.7433
2022-11-27 04:23:46 - INFO - epoch-487, train_loss-0.0627, train_rmse-0.2503, valid_rmse-1.2351, valid_pr-0.7481
2022-11-27 04:23:59 - INFO - epoch-488, train_loss-0.0723, train_rmse-0.2688, valid_rmse-1.2342, valid_pr-0.7457
2022-11-27 04:24:13 - INFO - epoch-489, train_loss-0.0591, train_rmse-0.2432, valid_rmse-1.2645, valid_pr-0.7403
2022-11-27 04:24:26 - INFO - epoch-490, train_loss-0.0630, train_rmse-0.2510, valid_rmse-1.2300, valid_pr-0.7481
2022-11-27 04:24:40 - INFO - epoch-491, train_loss-0.0680, train_rmse-0.2607, valid_rmse-1.2392, valid_pr-0.7461
2022-11-27 04:24:53 - INFO - epoch-492, train_loss-0.0685, train_rmse-0.2618, valid_rmse-1.2375, valid_pr-0.7441
2022-11-27 04:25:06 - INFO - epoch-493, train_loss-0.0679, train_rmse-0.2606, valid_rmse-1.2417, valid_pr-0.7412
2022-11-27 04:25:19 - INFO - epoch-494, train_loss-0.0746, train_rmse-0.2731, valid_rmse-1.2287, valid_pr-0.7469
2022-11-27 04:25:32 - INFO - epoch-495, train_loss-0.0614, train_rmse-0.2479, valid_rmse-1.2493, valid_pr-0.7381
2022-11-27 04:25:46 - INFO - epoch-496, train_loss-0.0613, train_rmse-0.2476, valid_rmse-1.2430, valid_pr-0.7424
2022-11-27 04:25:59 - INFO - epoch-497, train_loss-0.0674, train_rmse-0.2596, valid_rmse-1.2477, valid_pr-0.7411
2022-11-27 04:26:12 - INFO - epoch-498, train_loss-0.0645, train_rmse-0.2539, valid_rmse-1.2375, valid_pr-0.7436
2022-11-27 04:26:25 - INFO - epoch-499, train_loss-0.0642, train_rmse-0.2534, valid_rmse-1.2400, valid_pr-0.7433
2022-11-27 04:26:39 - INFO - epoch-500, train_loss-0.0604, train_rmse-0.2458, valid_rmse-1.2481, valid_pr-0.7415
2022-11-27 04:26:53 - INFO - epoch-501, train_loss-0.0707, train_rmse-0.2659, valid_rmse-1.2308, valid_pr-0.7455
2022-11-27 04:27:06 - INFO - epoch-502, train_loss-0.0661, train_rmse-0.2571, valid_rmse-1.2380, valid_pr-0.7430
2022-11-27 04:27:19 - INFO - epoch-503, train_loss-0.0702, train_rmse-0.2650, valid_rmse-1.2280, valid_pr-0.7489
2022-11-27 04:27:33 - INFO - epoch-504, train_loss-0.0676, train_rmse-0.2600, valid_rmse-1.2314, valid_pr-0.7474
2022-11-27 04:27:46 - INFO - epoch-505, train_loss-0.0788, train_rmse-0.2807, valid_rmse-1.2888, valid_pr-0.7225
2022-11-27 04:27:59 - INFO - epoch-506, train_loss-0.3332, train_rmse-0.5772, valid_rmse-1.3445, valid_pr-0.6862
2022-11-27 04:28:13 - INFO - epoch-507, train_loss-0.8811, train_rmse-0.9387, valid_rmse-1.4327, valid_pr-0.6797
2022-11-27 04:28:26 - INFO - epoch-508, train_loss-0.4750, train_rmse-0.6892, valid_rmse-1.3333, valid_pr-0.6988
2022-11-27 04:28:39 - INFO - epoch-509, train_loss-0.1931, train_rmse-0.4395, valid_rmse-1.2457, valid_pr-0.7422
2022-11-27 04:28:53 - INFO - epoch-510, train_loss-0.1125, train_rmse-0.3355, valid_rmse-1.2495, valid_pr-0.7375
2022-11-27 04:29:06 - INFO - epoch-511, train_loss-0.0884, train_rmse-0.2973, valid_rmse-1.2361, valid_pr-0.7441
2022-11-27 04:29:20 - INFO - epoch-512, train_loss-0.0749, train_rmse-0.2737, valid_rmse-1.2427, valid_pr-0.7403
2022-11-27 04:29:33 - INFO - epoch-513, train_loss-0.0653, train_rmse-0.2556, valid_rmse-1.2341, valid_pr-0.7443
2022-11-27 04:29:47 - INFO - epoch-514, train_loss-0.0687, train_rmse-0.2622, valid_rmse-1.2406, valid_pr-0.7454
2022-11-27 04:30:00 - INFO - epoch-515, train_loss-0.0704, train_rmse-0.2653, valid_rmse-1.2299, valid_pr-0.7467
2022-11-27 04:30:13 - INFO - epoch-516, train_loss-0.0607, train_rmse-0.2464, valid_rmse-1.2356, valid_pr-0.7472
2022-11-27 04:30:26 - INFO - epoch-517, train_loss-0.0519, train_rmse-0.2278, valid_rmse-1.2344, valid_pr-0.7468
2022-11-27 04:30:40 - INFO - epoch-518, train_loss-0.0518, train_rmse-0.2276, valid_rmse-1.2265, valid_pr-0.7494
2022-11-27 04:30:52 - INFO - epoch-519, train_loss-0.0635, train_rmse-0.2520, valid_rmse-1.2245, valid_pr-0.7484
2022-11-27 04:31:06 - INFO - epoch-520, train_loss-0.0577, train_rmse-0.2402, valid_rmse-1.2320, valid_pr-0.7481
2022-11-27 04:31:19 - INFO - epoch-521, train_loss-0.0514, train_rmse-0.2267, valid_rmse-1.2253, valid_pr-0.7508
2022-11-27 04:31:32 - INFO - epoch-522, train_loss-0.0609, train_rmse-0.2469, valid_rmse-1.2249, valid_pr-0.7517
2022-11-27 04:31:45 - INFO - epoch-523, train_loss-0.0628, train_rmse-0.2507, valid_rmse-1.2232, valid_pr-0.7493
2022-11-27 04:31:57 - INFO - epoch-524, train_loss-0.0526, train_rmse-0.2293, valid_rmse-1.2229, valid_pr-0.7513
2022-11-27 04:32:10 - INFO - epoch-525, train_loss-0.0497, train_rmse-0.2230, valid_rmse-1.2157, valid_pr-0.7539
2022-11-27 04:32:24 - INFO - epoch-526, train_loss-0.0640, train_rmse-0.2529, valid_rmse-1.2172, valid_pr-0.7536
2022-11-27 04:32:37 - INFO - epoch-527, train_loss-0.0566, train_rmse-0.2379, valid_rmse-1.2206, valid_pr-0.7516
2022-11-27 04:32:50 - INFO - epoch-528, train_loss-0.0590, train_rmse-0.2429, valid_rmse-1.2173, valid_pr-0.7533
2022-11-27 04:33:03 - INFO - epoch-529, train_loss-0.0674, train_rmse-0.2596, valid_rmse-1.2250, valid_pr-0.7485
2022-11-27 04:33:16 - INFO - epoch-530, train_loss-0.0582, train_rmse-0.2413, valid_rmse-1.2179, valid_pr-0.7540
2022-11-27 04:33:29 - INFO - epoch-531, train_loss-0.0588, train_rmse-0.2426, valid_rmse-1.2282, valid_pr-0.7512
2022-11-27 04:33:41 - INFO - epoch-532, train_loss-0.0602, train_rmse-0.2453, valid_rmse-1.2273, valid_pr-0.7475
2022-11-27 04:33:55 - INFO - epoch-533, train_loss-0.0619, train_rmse-0.2488, valid_rmse-1.2319, valid_pr-0.7467
2022-11-27 04:34:08 - INFO - epoch-534, train_loss-0.0687, train_rmse-0.2621, valid_rmse-1.2208, valid_pr-0.7526
2022-11-27 04:34:21 - INFO - epoch-535, train_loss-0.0647, train_rmse-0.2544, valid_rmse-1.2282, valid_pr-0.7485
2022-11-27 04:34:34 - INFO - epoch-536, train_loss-0.0603, train_rmse-0.2457, valid_rmse-1.2126, valid_pr-0.7548
2022-11-27 04:34:47 - INFO - epoch-537, train_loss-0.0603, train_rmse-0.2456, valid_rmse-1.2345, valid_pr-0.7497
2022-11-27 04:34:59 - INFO - epoch-538, train_loss-0.0670, train_rmse-0.2588, valid_rmse-1.2230, valid_pr-0.7496
2022-11-27 04:35:12 - INFO - epoch-539, train_loss-0.0654, train_rmse-0.2557, valid_rmse-1.2159, valid_pr-0.7529
2022-11-27 04:35:26 - INFO - epoch-540, train_loss-0.0671, train_rmse-0.2591, valid_rmse-1.2184, valid_pr-0.7514
2022-11-27 04:35:38 - INFO - epoch-541, train_loss-0.0548, train_rmse-0.2340, valid_rmse-1.2393, valid_pr-0.7480
2022-11-27 04:35:52 - INFO - epoch-542, train_loss-0.0664, train_rmse-0.2577, valid_rmse-1.2108, valid_pr-0.7562
2022-11-27 04:36:05 - INFO - epoch-543, train_loss-0.0586, train_rmse-0.2421, valid_rmse-1.2094, valid_pr-0.7568
2022-11-27 04:36:18 - INFO - epoch-544, train_loss-0.0585, train_rmse-0.2418, valid_rmse-1.2528, valid_pr-0.7472
2022-11-27 04:36:31 - INFO - epoch-545, train_loss-0.0559, train_rmse-0.2365, valid_rmse-1.2084, valid_pr-0.7564
2022-11-27 04:36:43 - INFO - epoch-546, train_loss-0.0704, train_rmse-0.2654, valid_rmse-1.2264, valid_pr-0.7485
2022-11-27 04:36:56 - INFO - epoch-547, train_loss-0.0701, train_rmse-0.2648, valid_rmse-1.2220, valid_pr-0.7516
2022-11-27 04:37:09 - INFO - epoch-548, train_loss-0.0772, train_rmse-0.2779, valid_rmse-1.2320, valid_pr-0.7547
2022-11-27 04:37:23 - INFO - epoch-549, train_loss-0.0704, train_rmse-0.2654, valid_rmse-1.2137, valid_pr-0.7568
2022-11-27 04:37:23 - INFO - early stop in epoch 549
2022-11-27 04:37:23 - INFO - best_rmse: 1.2033
2022-11-27 04:37:32 - INFO - valid_rmse-1.2033, valid_pr-0.7585, test2013_rmse-1.4719, test2013_pr-0.7975, test2016_rmse-1.2669, test2016_pr-0.8263, test2019_rmse-1.3943, test2019_pr-0.6303,
