2022-11-21 09:44:01 - INFO - /data2/yzd/project/Baselines/train_IGN.py
2022-11-21 09:44:01 - INFO - train data: 11904
2022-11-21 09:44:01 - INFO - valid data: 1000
2022-11-21 09:44:01 - INFO - test2013 data: 107
2022-11-21 09:44:01 - INFO - test2016 data: 285
2022-11-21 09:44:01 - INFO - test2019 data: 4366
2022-11-21 09:44:16 - INFO - epoch-0, train_loss-39.5944, train_rmse-6.2924, valid_rmse-5.3706, valid_pr-0.5394
2022-11-21 09:44:25 - INFO - epoch-1, train_loss-26.3355, train_rmse-5.1318, valid_rmse-4.3461, valid_pr-0.4786
2022-11-21 09:44:34 - INFO - epoch-2, train_loss-9.5857, train_rmse-3.0961, valid_rmse-2.0796, valid_pr-0.3878
2022-11-21 09:44:43 - INFO - epoch-3, train_loss-3.6336, train_rmse-1.9062, valid_rmse-1.6125, valid_pr-0.5223
2022-11-21 09:44:52 - INFO - epoch-4, train_loss-3.1158, train_rmse-1.7652, valid_rmse-1.5056, valid_pr-0.5884
2022-11-21 09:45:01 - INFO - epoch-5, train_loss-2.9644, train_rmse-1.7217, valid_rmse-1.4946, valid_pr-0.6003
2022-11-21 09:45:10 - INFO - epoch-6, train_loss-2.8763, train_rmse-1.6960, valid_rmse-1.4690, valid_pr-0.6121
2022-11-21 09:45:19 - INFO - epoch-7, train_loss-2.7017, train_rmse-1.6437, valid_rmse-1.5157, valid_pr-0.5894
2022-11-21 09:45:29 - INFO - epoch-8, train_loss-2.6749, train_rmse-1.6355, valid_rmse-1.6313, valid_pr-0.5929
2022-11-21 09:45:38 - INFO - epoch-9, train_loss-2.6440, train_rmse-1.6260, valid_rmse-1.4740, valid_pr-0.6262
2022-11-21 09:45:47 - INFO - epoch-10, train_loss-2.6470, train_rmse-1.6270, valid_rmse-1.5484, valid_pr-0.6219
2022-11-21 09:45:56 - INFO - epoch-11, train_loss-2.4711, train_rmse-1.5720, valid_rmse-1.4159, valid_pr-0.6481
2022-11-21 09:46:05 - INFO - epoch-12, train_loss-2.4451, train_rmse-1.5637, valid_rmse-1.4401, valid_pr-0.6517
2022-11-21 09:46:14 - INFO - epoch-13, train_loss-2.3691, train_rmse-1.5392, valid_rmse-1.4384, valid_pr-0.6346
2022-11-21 09:46:23 - INFO - epoch-14, train_loss-2.3751, train_rmse-1.5411, valid_rmse-1.4434, valid_pr-0.6244
2022-11-21 09:46:32 - INFO - epoch-15, train_loss-2.3026, train_rmse-1.5174, valid_rmse-1.4267, valid_pr-0.6443
2022-11-21 09:46:41 - INFO - epoch-16, train_loss-2.2765, train_rmse-1.5088, valid_rmse-1.4854, valid_pr-0.5940
2022-11-21 09:46:49 - INFO - epoch-17, train_loss-2.2619, train_rmse-1.5040, valid_rmse-1.3707, valid_pr-0.6731
2022-11-21 09:46:59 - INFO - epoch-18, train_loss-2.1615, train_rmse-1.4702, valid_rmse-1.3888, valid_pr-0.6605
2022-11-21 09:47:07 - INFO - epoch-19, train_loss-2.1013, train_rmse-1.4496, valid_rmse-1.3876, valid_pr-0.6694
2022-11-21 09:47:16 - INFO - epoch-20, train_loss-2.0507, train_rmse-1.4320, valid_rmse-1.3951, valid_pr-0.6887
2022-11-21 09:47:25 - INFO - epoch-21, train_loss-2.0674, train_rmse-1.4378, valid_rmse-1.4885, valid_pr-0.6412
2022-11-21 09:47:34 - INFO - epoch-22, train_loss-2.0140, train_rmse-1.4191, valid_rmse-1.3488, valid_pr-0.6886
2022-11-21 09:47:43 - INFO - epoch-23, train_loss-1.9972, train_rmse-1.4132, valid_rmse-1.3575, valid_pr-0.6817
2022-11-21 09:47:51 - INFO - epoch-24, train_loss-1.9502, train_rmse-1.3965, valid_rmse-1.4016, valid_pr-0.6665
2022-11-21 09:48:00 - INFO - epoch-25, train_loss-1.9120, train_rmse-1.3827, valid_rmse-1.3877, valid_pr-0.6689
2022-11-21 09:48:09 - INFO - epoch-26, train_loss-1.8683, train_rmse-1.3669, valid_rmse-1.3479, valid_pr-0.6881
2022-11-21 09:48:18 - INFO - epoch-27, train_loss-1.8007, train_rmse-1.3419, valid_rmse-1.3377, valid_pr-0.6952
2022-11-21 09:48:27 - INFO - epoch-28, train_loss-1.7784, train_rmse-1.3336, valid_rmse-1.3857, valid_pr-0.6729
2022-11-21 09:48:35 - INFO - epoch-29, train_loss-1.7262, train_rmse-1.3138, valid_rmse-1.3586, valid_pr-0.6794
2022-11-21 09:48:44 - INFO - epoch-30, train_loss-1.7380, train_rmse-1.3183, valid_rmse-1.3428, valid_pr-0.6914
2022-11-21 09:48:53 - INFO - epoch-31, train_loss-1.7393, train_rmse-1.3188, valid_rmse-1.3739, valid_pr-0.6697
2022-11-21 09:49:02 - INFO - epoch-32, train_loss-1.6204, train_rmse-1.2729, valid_rmse-1.3386, valid_pr-0.6974
2022-11-21 09:49:10 - INFO - epoch-33, train_loss-1.6527, train_rmse-1.2856, valid_rmse-1.3441, valid_pr-0.6859
2022-11-21 09:49:19 - INFO - epoch-34, train_loss-1.5747, train_rmse-1.2549, valid_rmse-1.3359, valid_pr-0.6931
2022-11-21 09:49:28 - INFO - epoch-35, train_loss-1.5629, train_rmse-1.2502, valid_rmse-1.3170, valid_pr-0.7064
2022-11-21 09:49:37 - INFO - epoch-36, train_loss-1.5432, train_rmse-1.2423, valid_rmse-1.3958, valid_pr-0.6590
2022-11-21 09:49:46 - INFO - epoch-37, train_loss-1.5226, train_rmse-1.2339, valid_rmse-1.3528, valid_pr-0.6881
2022-11-21 09:49:55 - INFO - epoch-38, train_loss-1.4240, train_rmse-1.1933, valid_rmse-1.3279, valid_pr-0.7061
2022-11-21 09:50:03 - INFO - epoch-39, train_loss-1.4464, train_rmse-1.2026, valid_rmse-1.3578, valid_pr-0.7084
2022-11-21 09:50:12 - INFO - epoch-40, train_loss-1.3744, train_rmse-1.1723, valid_rmse-1.4455, valid_pr-0.6626
2022-11-21 09:50:21 - INFO - epoch-41, train_loss-1.3764, train_rmse-1.1732, valid_rmse-1.2992, valid_pr-0.7169
2022-11-21 09:50:30 - INFO - epoch-42, train_loss-1.3081, train_rmse-1.1437, valid_rmse-1.2848, valid_pr-0.7217
2022-11-21 09:50:38 - INFO - epoch-43, train_loss-1.2612, train_rmse-1.1230, valid_rmse-1.3839, valid_pr-0.6897
2022-11-21 09:50:47 - INFO - epoch-44, train_loss-1.2246, train_rmse-1.1066, valid_rmse-1.3816, valid_pr-0.6983
2022-11-21 09:50:56 - INFO - epoch-45, train_loss-1.2085, train_rmse-1.0993, valid_rmse-1.3029, valid_pr-0.7113
2022-11-21 09:51:05 - INFO - epoch-46, train_loss-1.1482, train_rmse-1.0715, valid_rmse-1.3440, valid_pr-0.6942
2022-11-21 09:51:14 - INFO - epoch-47, train_loss-1.1187, train_rmse-1.0577, valid_rmse-1.2625, valid_pr-0.7371
2022-11-21 09:51:22 - INFO - epoch-48, train_loss-1.1187, train_rmse-1.0577, valid_rmse-1.3186, valid_pr-0.7104
2022-11-21 09:51:31 - INFO - epoch-49, train_loss-1.1358, train_rmse-1.0657, valid_rmse-1.3469, valid_pr-0.6976
2022-11-21 09:51:40 - INFO - epoch-50, train_loss-1.0492, train_rmse-1.0243, valid_rmse-1.2756, valid_pr-0.7280
2022-11-21 09:51:49 - INFO - epoch-51, train_loss-1.0469, train_rmse-1.0232, valid_rmse-1.3029, valid_pr-0.7126
2022-11-21 09:51:58 - INFO - epoch-52, train_loss-1.0269, train_rmse-1.0134, valid_rmse-1.3105, valid_pr-0.7163
2022-11-21 09:52:07 - INFO - epoch-53, train_loss-1.0026, train_rmse-1.0013, valid_rmse-1.2986, valid_pr-0.7238
2022-11-21 09:52:15 - INFO - epoch-54, train_loss-0.9660, train_rmse-0.9828, valid_rmse-1.3357, valid_pr-0.6998
2022-11-21 09:52:24 - INFO - epoch-55, train_loss-0.9612, train_rmse-0.9804, valid_rmse-1.3147, valid_pr-0.7213
2022-11-21 09:52:33 - INFO - epoch-56, train_loss-0.9317, train_rmse-0.9653, valid_rmse-1.4051, valid_pr-0.7001
2022-11-21 09:52:42 - INFO - epoch-57, train_loss-0.9019, train_rmse-0.9497, valid_rmse-1.2825, valid_pr-0.7231
2022-11-21 09:52:51 - INFO - epoch-58, train_loss-0.8740, train_rmse-0.9349, valid_rmse-1.3077, valid_pr-0.7180
2022-11-21 09:53:00 - INFO - epoch-59, train_loss-0.8351, train_rmse-0.9138, valid_rmse-1.2987, valid_pr-0.7215
2022-11-21 09:53:08 - INFO - epoch-60, train_loss-0.8401, train_rmse-0.9166, valid_rmse-1.3865, valid_pr-0.7268
2022-11-21 09:53:17 - INFO - epoch-61, train_loss-0.8401, train_rmse-0.9166, valid_rmse-1.2857, valid_pr-0.7282
2022-11-21 09:53:26 - INFO - epoch-62, train_loss-0.8059, train_rmse-0.8977, valid_rmse-1.2951, valid_pr-0.7221
2022-11-21 09:53:35 - INFO - epoch-63, train_loss-0.7771, train_rmse-0.8815, valid_rmse-1.3323, valid_pr-0.7202
2022-11-21 09:53:44 - INFO - epoch-64, train_loss-0.7814, train_rmse-0.8840, valid_rmse-1.2684, valid_pr-0.7395
2022-11-21 09:53:52 - INFO - epoch-65, train_loss-0.7598, train_rmse-0.8717, valid_rmse-1.2903, valid_pr-0.7237
2022-11-21 09:54:01 - INFO - epoch-66, train_loss-0.7466, train_rmse-0.8640, valid_rmse-1.2914, valid_pr-0.7284
2022-11-21 09:54:10 - INFO - epoch-67, train_loss-0.7206, train_rmse-0.8489, valid_rmse-1.2779, valid_pr-0.7332
2022-11-21 09:54:19 - INFO - epoch-68, train_loss-0.7349, train_rmse-0.8573, valid_rmse-1.2803, valid_pr-0.7323
2022-11-21 09:54:28 - INFO - epoch-69, train_loss-0.6977, train_rmse-0.8353, valid_rmse-1.3309, valid_pr-0.7105
2022-11-21 09:54:37 - INFO - epoch-70, train_loss-0.6961, train_rmse-0.8343, valid_rmse-1.2707, valid_pr-0.7293
2022-11-21 09:54:46 - INFO - epoch-71, train_loss-0.6703, train_rmse-0.8187, valid_rmse-1.2944, valid_pr-0.7230
2022-11-21 09:54:55 - INFO - epoch-72, train_loss-0.6750, train_rmse-0.8216, valid_rmse-1.2921, valid_pr-0.7306
2022-11-21 09:55:03 - INFO - epoch-73, train_loss-0.6501, train_rmse-0.8063, valid_rmse-1.3060, valid_pr-0.7219
2022-11-21 09:55:12 - INFO - epoch-74, train_loss-0.6348, train_rmse-0.7968, valid_rmse-1.2949, valid_pr-0.7228
2022-11-21 09:55:21 - INFO - epoch-75, train_loss-0.6120, train_rmse-0.7823, valid_rmse-1.2804, valid_pr-0.7275
2022-11-21 09:55:30 - INFO - epoch-76, train_loss-0.6106, train_rmse-0.7814, valid_rmse-1.2946, valid_pr-0.7306
2022-11-21 09:55:39 - INFO - epoch-77, train_loss-0.5901, train_rmse-0.7682, valid_rmse-1.2863, valid_pr-0.7293
2022-11-21 09:55:48 - INFO - epoch-78, train_loss-0.5752, train_rmse-0.7584, valid_rmse-1.2982, valid_pr-0.7235
2022-11-21 09:55:57 - INFO - epoch-79, train_loss-0.5780, train_rmse-0.7603, valid_rmse-1.2721, valid_pr-0.7325
2022-11-21 09:56:05 - INFO - epoch-80, train_loss-0.5780, train_rmse-0.7603, valid_rmse-1.2889, valid_pr-0.7227
2022-11-21 09:56:14 - INFO - epoch-81, train_loss-0.5630, train_rmse-0.7504, valid_rmse-1.2727, valid_pr-0.7323
2022-11-21 09:56:23 - INFO - epoch-82, train_loss-0.5501, train_rmse-0.7417, valid_rmse-1.2663, valid_pr-0.7323
2022-11-21 09:56:32 - INFO - epoch-83, train_loss-0.5268, train_rmse-0.7258, valid_rmse-1.2764, valid_pr-0.7336
2022-11-21 09:56:41 - INFO - epoch-84, train_loss-0.5160, train_rmse-0.7184, valid_rmse-1.2653, valid_pr-0.7356
2022-11-21 09:56:49 - INFO - epoch-85, train_loss-0.5195, train_rmse-0.7208, valid_rmse-1.2997, valid_pr-0.7314
2022-11-21 09:56:58 - INFO - epoch-86, train_loss-0.5409, train_rmse-0.7355, valid_rmse-1.2958, valid_pr-0.7345
2022-11-21 09:57:07 - INFO - epoch-87, train_loss-0.5225, train_rmse-0.7229, valid_rmse-1.3172, valid_pr-0.7321
2022-11-21 09:57:16 - INFO - epoch-88, train_loss-0.5212, train_rmse-0.7220, valid_rmse-1.3132, valid_pr-0.7096
2022-11-21 09:57:25 - INFO - epoch-89, train_loss-0.5132, train_rmse-0.7164, valid_rmse-1.2903, valid_pr-0.7406
2022-11-21 09:57:34 - INFO - epoch-90, train_loss-0.5062, train_rmse-0.7115, valid_rmse-1.2910, valid_pr-0.7351
2022-11-21 09:57:42 - INFO - epoch-91, train_loss-0.4790, train_rmse-0.6921, valid_rmse-1.2806, valid_pr-0.7278
2022-11-21 09:57:52 - INFO - epoch-92, train_loss-0.4660, train_rmse-0.6826, valid_rmse-1.2834, valid_pr-0.7288
2022-11-21 09:58:00 - INFO - epoch-93, train_loss-0.4801, train_rmse-0.6929, valid_rmse-1.2979, valid_pr-0.7286
2022-11-21 09:58:09 - INFO - epoch-94, train_loss-0.4431, train_rmse-0.6656, valid_rmse-1.3040, valid_pr-0.7342
2022-11-21 09:58:18 - INFO - epoch-95, train_loss-0.4586, train_rmse-0.6772, valid_rmse-1.2878, valid_pr-0.7245
2022-11-21 09:58:27 - INFO - epoch-96, train_loss-0.4630, train_rmse-0.6804, valid_rmse-1.2774, valid_pr-0.7278
2022-11-21 09:58:36 - INFO - epoch-97, train_loss-0.4491, train_rmse-0.6701, valid_rmse-1.3184, valid_pr-0.7306
2022-11-21 09:58:45 - INFO - epoch-98, train_loss-0.4573, train_rmse-0.6763, valid_rmse-1.3053, valid_pr-0.7367
2022-11-21 09:58:54 - INFO - epoch-99, train_loss-0.4260, train_rmse-0.6527, valid_rmse-1.2506, valid_pr-0.7416
2022-11-21 09:59:03 - INFO - epoch-100, train_loss-0.4310, train_rmse-0.6565, valid_rmse-1.2849, valid_pr-0.7334
2022-11-21 09:59:11 - INFO - epoch-101, train_loss-0.4491, train_rmse-0.6702, valid_rmse-1.2795, valid_pr-0.7319
2022-11-21 09:59:20 - INFO - epoch-102, train_loss-0.4194, train_rmse-0.6476, valid_rmse-1.2701, valid_pr-0.7364
2022-11-21 09:59:29 - INFO - epoch-103, train_loss-0.4133, train_rmse-0.6429, valid_rmse-1.2658, valid_pr-0.7498
2022-11-21 09:59:38 - INFO - epoch-104, train_loss-0.3962, train_rmse-0.6294, valid_rmse-1.2856, valid_pr-0.7263
2022-11-21 09:59:47 - INFO - epoch-105, train_loss-0.4077, train_rmse-0.6385, valid_rmse-1.2943, valid_pr-0.7341
2022-11-21 09:59:56 - INFO - epoch-106, train_loss-0.4118, train_rmse-0.6417, valid_rmse-1.2598, valid_pr-0.7406
2022-11-21 10:00:05 - INFO - epoch-107, train_loss-0.3951, train_rmse-0.6286, valid_rmse-1.2862, valid_pr-0.7328
2022-11-21 10:00:14 - INFO - epoch-108, train_loss-0.4012, train_rmse-0.6334, valid_rmse-1.2735, valid_pr-0.7288
2022-11-21 10:00:23 - INFO - epoch-109, train_loss-0.3923, train_rmse-0.6263, valid_rmse-1.3162, valid_pr-0.7209
2022-11-21 10:00:32 - INFO - epoch-110, train_loss-0.3853, train_rmse-0.6207, valid_rmse-1.3061, valid_pr-0.7237
2022-11-21 10:00:40 - INFO - epoch-111, train_loss-0.3758, train_rmse-0.6130, valid_rmse-1.2525, valid_pr-0.7451
2022-11-21 10:00:49 - INFO - epoch-112, train_loss-0.3830, train_rmse-0.6189, valid_rmse-1.2837, valid_pr-0.7351
2022-11-21 10:00:58 - INFO - epoch-113, train_loss-0.3866, train_rmse-0.6218, valid_rmse-1.2670, valid_pr-0.7357
2022-11-21 10:01:07 - INFO - epoch-114, train_loss-0.3642, train_rmse-0.6035, valid_rmse-1.2916, valid_pr-0.7226
2022-11-21 10:01:16 - INFO - epoch-115, train_loss-0.3848, train_rmse-0.6204, valid_rmse-1.2674, valid_pr-0.7442
2022-11-21 10:01:25 - INFO - epoch-116, train_loss-0.3600, train_rmse-0.6000, valid_rmse-1.2609, valid_pr-0.7504
2022-11-21 10:01:33 - INFO - epoch-117, train_loss-0.3547, train_rmse-0.5956, valid_rmse-1.2671, valid_pr-0.7386
2022-11-21 10:01:42 - INFO - epoch-118, train_loss-0.3587, train_rmse-0.5989, valid_rmse-1.2670, valid_pr-0.7394
2022-11-21 10:01:51 - INFO - epoch-119, train_loss-0.3402, train_rmse-0.5833, valid_rmse-1.2482, valid_pr-0.7478
2022-11-21 10:02:00 - INFO - epoch-120, train_loss-0.3358, train_rmse-0.5795, valid_rmse-1.2729, valid_pr-0.7316
2022-11-21 10:02:09 - INFO - epoch-121, train_loss-0.3392, train_rmse-0.5824, valid_rmse-1.2812, valid_pr-0.7387
2022-11-21 10:02:18 - INFO - epoch-122, train_loss-0.3383, train_rmse-0.5816, valid_rmse-1.2635, valid_pr-0.7402
2022-11-21 10:02:27 - INFO - epoch-123, train_loss-0.3109, train_rmse-0.5576, valid_rmse-1.2829, valid_pr-0.7347
2022-11-21 10:02:36 - INFO - epoch-124, train_loss-0.3318, train_rmse-0.5760, valid_rmse-1.2886, valid_pr-0.7281
2022-11-21 10:02:45 - INFO - epoch-125, train_loss-0.3348, train_rmse-0.5786, valid_rmse-1.2844, valid_pr-0.7363
2022-11-21 10:02:54 - INFO - epoch-126, train_loss-0.3323, train_rmse-0.5765, valid_rmse-1.2763, valid_pr-0.7423
2022-11-21 10:03:02 - INFO - epoch-127, train_loss-0.3219, train_rmse-0.5674, valid_rmse-1.2635, valid_pr-0.7395
2022-11-21 10:03:11 - INFO - epoch-128, train_loss-0.3316, train_rmse-0.5758, valid_rmse-1.2469, valid_pr-0.7435
2022-11-21 10:03:21 - INFO - epoch-129, train_loss-0.3140, train_rmse-0.5604, valid_rmse-1.2793, valid_pr-0.7364
2022-11-21 10:03:30 - INFO - epoch-130, train_loss-0.3205, train_rmse-0.5661, valid_rmse-1.2757, valid_pr-0.7314
2022-11-21 10:03:38 - INFO - epoch-131, train_loss-0.3254, train_rmse-0.5705, valid_rmse-1.2744, valid_pr-0.7383
2022-11-21 10:03:47 - INFO - epoch-132, train_loss-0.3034, train_rmse-0.5508, valid_rmse-1.3091, valid_pr-0.7236
2022-11-21 10:03:56 - INFO - epoch-133, train_loss-0.2955, train_rmse-0.5436, valid_rmse-1.2862, valid_pr-0.7324
2022-11-21 10:04:05 - INFO - epoch-134, train_loss-0.3071, train_rmse-0.5542, valid_rmse-1.2671, valid_pr-0.7333
2022-11-21 10:04:14 - INFO - epoch-135, train_loss-0.3073, train_rmse-0.5543, valid_rmse-1.2849, valid_pr-0.7406
2022-11-21 10:04:23 - INFO - epoch-136, train_loss-0.3042, train_rmse-0.5515, valid_rmse-1.2839, valid_pr-0.7348
2022-11-21 10:04:32 - INFO - epoch-137, train_loss-0.2888, train_rmse-0.5374, valid_rmse-1.2771, valid_pr-0.7400
2022-11-21 10:04:41 - INFO - epoch-138, train_loss-0.3063, train_rmse-0.5534, valid_rmse-1.3040, valid_pr-0.7294
2022-11-21 10:04:50 - INFO - epoch-139, train_loss-0.3045, train_rmse-0.5518, valid_rmse-1.2553, valid_pr-0.7437
2022-11-21 10:04:59 - INFO - epoch-140, train_loss-0.2935, train_rmse-0.5418, valid_rmse-1.2457, valid_pr-0.7463
2022-11-21 10:05:08 - INFO - epoch-141, train_loss-0.2820, train_rmse-0.5311, valid_rmse-1.2878, valid_pr-0.7276
2022-11-21 10:05:17 - INFO - epoch-142, train_loss-0.2992, train_rmse-0.5470, valid_rmse-1.2966, valid_pr-0.7394
2022-11-21 10:05:26 - INFO - epoch-143, train_loss-0.2965, train_rmse-0.5445, valid_rmse-1.2714, valid_pr-0.7380
2022-11-21 10:05:35 - INFO - epoch-144, train_loss-0.2846, train_rmse-0.5335, valid_rmse-1.2776, valid_pr-0.7374
2022-11-21 10:05:43 - INFO - epoch-145, train_loss-0.2828, train_rmse-0.5318, valid_rmse-1.2806, valid_pr-0.7273
2022-11-21 10:05:53 - INFO - epoch-146, train_loss-0.2759, train_rmse-0.5253, valid_rmse-1.2569, valid_pr-0.7403
2022-11-21 10:06:01 - INFO - epoch-147, train_loss-0.2850, train_rmse-0.5339, valid_rmse-1.2522, valid_pr-0.7410
2022-11-21 10:06:10 - INFO - epoch-148, train_loss-0.2727, train_rmse-0.5223, valid_rmse-1.2479, valid_pr-0.7496
2022-11-21 10:06:19 - INFO - epoch-149, train_loss-0.2639, train_rmse-0.5137, valid_rmse-1.2966, valid_pr-0.7406
2022-11-21 10:06:28 - INFO - epoch-150, train_loss-0.2757, train_rmse-0.5251, valid_rmse-1.2393, valid_pr-0.7448
2022-11-21 10:06:37 - INFO - epoch-151, train_loss-0.2722, train_rmse-0.5218, valid_rmse-1.2652, valid_pr-0.7404
2022-11-21 10:06:46 - INFO - epoch-152, train_loss-0.2674, train_rmse-0.5171, valid_rmse-1.2667, valid_pr-0.7362
2022-11-21 10:06:54 - INFO - epoch-153, train_loss-0.2536, train_rmse-0.5036, valid_rmse-1.2574, valid_pr-0.7434
2022-11-21 10:07:04 - INFO - epoch-154, train_loss-0.2529, train_rmse-0.5029, valid_rmse-1.2721, valid_pr-0.7390
2022-11-21 10:07:13 - INFO - epoch-155, train_loss-0.2719, train_rmse-0.5215, valid_rmse-1.2793, valid_pr-0.7379
2022-11-21 10:07:21 - INFO - epoch-156, train_loss-0.2601, train_rmse-0.5100, valid_rmse-1.3044, valid_pr-0.7290
2022-11-21 10:07:30 - INFO - epoch-157, train_loss-0.2705, train_rmse-0.5201, valid_rmse-1.2763, valid_pr-0.7351
2022-11-21 10:07:40 - INFO - epoch-158, train_loss-0.2656, train_rmse-0.5153, valid_rmse-1.2580, valid_pr-0.7445
2022-11-21 10:07:49 - INFO - epoch-159, train_loss-0.2510, train_rmse-0.5010, valid_rmse-1.2447, valid_pr-0.7427
2022-11-21 10:07:58 - INFO - epoch-160, train_loss-0.2584, train_rmse-0.5083, valid_rmse-1.2611, valid_pr-0.7399
2022-11-21 10:08:07 - INFO - epoch-161, train_loss-0.2571, train_rmse-0.5070, valid_rmse-1.2373, valid_pr-0.7499
2022-11-21 10:08:16 - INFO - epoch-162, train_loss-0.2477, train_rmse-0.4977, valid_rmse-1.2516, valid_pr-0.7471
2022-11-21 10:08:25 - INFO - epoch-163, train_loss-0.2397, train_rmse-0.4896, valid_rmse-1.2705, valid_pr-0.7360
2022-11-21 10:08:34 - INFO - epoch-164, train_loss-0.2606, train_rmse-0.5105, valid_rmse-1.2582, valid_pr-0.7381
2022-11-21 10:08:44 - INFO - epoch-165, train_loss-0.2523, train_rmse-0.5023, valid_rmse-1.2376, valid_pr-0.7474
2022-11-21 10:08:53 - INFO - epoch-166, train_loss-0.2500, train_rmse-0.5000, valid_rmse-1.2672, valid_pr-0.7363
2022-11-21 10:09:02 - INFO - epoch-167, train_loss-0.2501, train_rmse-0.5001, valid_rmse-1.2379, valid_pr-0.7517
2022-11-21 10:09:11 - INFO - epoch-168, train_loss-0.2485, train_rmse-0.4985, valid_rmse-1.2806, valid_pr-0.7468
2022-11-21 10:09:20 - INFO - epoch-169, train_loss-0.2397, train_rmse-0.4896, valid_rmse-1.2707, valid_pr-0.7436
2022-11-21 10:09:29 - INFO - epoch-170, train_loss-0.2395, train_rmse-0.4894, valid_rmse-1.2572, valid_pr-0.7441
2022-11-21 10:09:38 - INFO - epoch-171, train_loss-0.2376, train_rmse-0.4875, valid_rmse-1.2882, valid_pr-0.7417
2022-11-21 10:09:48 - INFO - epoch-172, train_loss-0.2390, train_rmse-0.4889, valid_rmse-1.2632, valid_pr-0.7385
2022-11-21 10:09:57 - INFO - epoch-173, train_loss-0.2323, train_rmse-0.4820, valid_rmse-1.2633, valid_pr-0.7454
2022-11-21 10:10:06 - INFO - epoch-174, train_loss-0.2323, train_rmse-0.4820, valid_rmse-1.2663, valid_pr-0.7428
2022-11-21 10:10:15 - INFO - epoch-175, train_loss-0.2311, train_rmse-0.4808, valid_rmse-1.2792, valid_pr-0.7377
2022-11-21 10:10:24 - INFO - epoch-176, train_loss-0.2271, train_rmse-0.4766, valid_rmse-1.2446, valid_pr-0.7463
2022-11-21 10:10:33 - INFO - epoch-177, train_loss-0.2269, train_rmse-0.4763, valid_rmse-1.2325, valid_pr-0.7528
2022-11-21 10:10:42 - INFO - epoch-178, train_loss-0.2245, train_rmse-0.4739, valid_rmse-1.2645, valid_pr-0.7376
2022-11-21 10:10:51 - INFO - epoch-179, train_loss-0.2364, train_rmse-0.4862, valid_rmse-1.2547, valid_pr-0.7411
2022-11-21 10:10:59 - INFO - epoch-180, train_loss-0.2262, train_rmse-0.4756, valid_rmse-1.2569, valid_pr-0.7461
2022-11-21 10:11:08 - INFO - epoch-181, train_loss-0.2176, train_rmse-0.4664, valid_rmse-1.2614, valid_pr-0.7444
2022-11-21 10:11:17 - INFO - epoch-182, train_loss-0.2212, train_rmse-0.4703, valid_rmse-1.2755, valid_pr-0.7386
2022-11-21 10:11:26 - INFO - epoch-183, train_loss-0.2123, train_rmse-0.4608, valid_rmse-1.2500, valid_pr-0.7466
2022-11-21 10:11:35 - INFO - epoch-184, train_loss-0.2162, train_rmse-0.4649, valid_rmse-1.2700, valid_pr-0.7367
2022-11-21 10:11:44 - INFO - epoch-185, train_loss-0.2293, train_rmse-0.4789, valid_rmse-1.2473, valid_pr-0.7402
2022-11-21 10:11:53 - INFO - epoch-186, train_loss-0.2197, train_rmse-0.4687, valid_rmse-1.2699, valid_pr-0.7412
2022-11-21 10:12:02 - INFO - epoch-187, train_loss-0.2131, train_rmse-0.4616, valid_rmse-1.2565, valid_pr-0.7432
2022-11-21 10:12:10 - INFO - epoch-188, train_loss-0.2145, train_rmse-0.4631, valid_rmse-1.2577, valid_pr-0.7450
2022-11-21 10:12:19 - INFO - epoch-189, train_loss-0.2226, train_rmse-0.4718, valid_rmse-1.2464, valid_pr-0.7498
2022-11-21 10:12:28 - INFO - epoch-190, train_loss-0.2192, train_rmse-0.4681, valid_rmse-1.2515, valid_pr-0.7437
2022-11-21 10:12:37 - INFO - epoch-191, train_loss-0.2098, train_rmse-0.4581, valid_rmse-1.2493, valid_pr-0.7470
2022-11-21 10:12:46 - INFO - epoch-192, train_loss-0.2142, train_rmse-0.4628, valid_rmse-1.2572, valid_pr-0.7495
2022-11-21 10:12:55 - INFO - epoch-193, train_loss-0.2125, train_rmse-0.4609, valid_rmse-1.2904, valid_pr-0.7362
2022-11-21 10:13:03 - INFO - epoch-194, train_loss-0.2367, train_rmse-0.4865, valid_rmse-1.2552, valid_pr-0.7481
2022-11-21 10:13:12 - INFO - epoch-195, train_loss-0.2044, train_rmse-0.4521, valid_rmse-1.2500, valid_pr-0.7489
2022-11-21 10:13:21 - INFO - epoch-196, train_loss-0.2218, train_rmse-0.4709, valid_rmse-1.3076, valid_pr-0.7264
2022-11-21 10:13:30 - INFO - epoch-197, train_loss-0.2156, train_rmse-0.4644, valid_rmse-1.2645, valid_pr-0.7457
2022-11-21 10:13:39 - INFO - epoch-198, train_loss-0.2189, train_rmse-0.4679, valid_rmse-1.2466, valid_pr-0.7442
2022-11-21 10:13:48 - INFO - epoch-199, train_loss-0.2111, train_rmse-0.4595, valid_rmse-1.2566, valid_pr-0.7384
2022-11-21 10:13:56 - INFO - epoch-200, train_loss-0.2076, train_rmse-0.4556, valid_rmse-1.2688, valid_pr-0.7404
2022-11-21 10:14:05 - INFO - epoch-201, train_loss-0.2124, train_rmse-0.4609, valid_rmse-1.2461, valid_pr-0.7491
2022-11-21 10:14:14 - INFO - epoch-202, train_loss-0.2067, train_rmse-0.4546, valid_rmse-1.2435, valid_pr-0.7451
2022-11-21 10:14:23 - INFO - epoch-203, train_loss-0.2003, train_rmse-0.4476, valid_rmse-1.2825, valid_pr-0.7411
2022-11-21 10:14:32 - INFO - epoch-204, train_loss-0.2133, train_rmse-0.4619, valid_rmse-1.2420, valid_pr-0.7487
2022-11-21 10:14:41 - INFO - epoch-205, train_loss-0.2009, train_rmse-0.4482, valid_rmse-1.2694, valid_pr-0.7463
2022-11-21 10:14:49 - INFO - epoch-206, train_loss-0.1910, train_rmse-0.4370, valid_rmse-1.2513, valid_pr-0.7432
2022-11-21 10:14:58 - INFO - epoch-207, train_loss-0.1897, train_rmse-0.4355, valid_rmse-1.2479, valid_pr-0.7446
2022-11-21 10:15:07 - INFO - epoch-208, train_loss-0.2077, train_rmse-0.4557, valid_rmse-1.2600, valid_pr-0.7448
2022-11-21 10:15:16 - INFO - epoch-209, train_loss-0.1942, train_rmse-0.4407, valid_rmse-1.2366, valid_pr-0.7548
2022-11-21 10:15:25 - INFO - epoch-210, train_loss-0.2040, train_rmse-0.4517, valid_rmse-1.2495, valid_pr-0.7487
2022-11-21 10:15:34 - INFO - epoch-211, train_loss-0.1922, train_rmse-0.4384, valid_rmse-1.2410, valid_pr-0.7451
2022-11-21 10:15:42 - INFO - epoch-212, train_loss-0.1960, train_rmse-0.4427, valid_rmse-1.2570, valid_pr-0.7448
2022-11-21 10:15:51 - INFO - epoch-213, train_loss-0.2029, train_rmse-0.4505, valid_rmse-1.2699, valid_pr-0.7443
2022-11-21 10:16:00 - INFO - epoch-214, train_loss-0.2013, train_rmse-0.4486, valid_rmse-1.2518, valid_pr-0.7408
2022-11-21 10:16:09 - INFO - epoch-215, train_loss-0.2042, train_rmse-0.4519, valid_rmse-1.2605, valid_pr-0.7452
2022-11-21 10:16:18 - INFO - epoch-216, train_loss-0.2013, train_rmse-0.4487, valid_rmse-1.2428, valid_pr-0.7469
2022-11-21 10:16:26 - INFO - epoch-217, train_loss-0.2032, train_rmse-0.4507, valid_rmse-1.2338, valid_pr-0.7542
2022-11-21 10:16:35 - INFO - epoch-218, train_loss-0.1928, train_rmse-0.4391, valid_rmse-1.2504, valid_pr-0.7400
2022-11-21 10:16:44 - INFO - epoch-219, train_loss-0.2010, train_rmse-0.4483, valid_rmse-1.2504, valid_pr-0.7450
2022-11-21 10:16:53 - INFO - epoch-220, train_loss-0.1864, train_rmse-0.4317, valid_rmse-1.2376, valid_pr-0.7531
2022-11-21 10:17:02 - INFO - epoch-221, train_loss-0.1939, train_rmse-0.4403, valid_rmse-1.2461, valid_pr-0.7456
2022-11-21 10:17:11 - INFO - epoch-222, train_loss-0.1817, train_rmse-0.4263, valid_rmse-1.2354, valid_pr-0.7492
2022-11-21 10:17:20 - INFO - epoch-223, train_loss-0.1880, train_rmse-0.4336, valid_rmse-1.2401, valid_pr-0.7456
2022-11-21 10:17:28 - INFO - epoch-224, train_loss-0.1930, train_rmse-0.4393, valid_rmse-1.2605, valid_pr-0.7443
2022-11-21 10:17:37 - INFO - epoch-225, train_loss-0.1800, train_rmse-0.4243, valid_rmse-1.2315, valid_pr-0.7500
2022-11-21 10:17:46 - INFO - epoch-226, train_loss-0.1761, train_rmse-0.4197, valid_rmse-1.2409, valid_pr-0.7471
2022-11-21 10:17:55 - INFO - epoch-227, train_loss-0.1886, train_rmse-0.4343, valid_rmse-1.2781, valid_pr-0.7406
2022-11-21 10:18:04 - INFO - epoch-228, train_loss-0.1841, train_rmse-0.4290, valid_rmse-1.2358, valid_pr-0.7488
2022-11-21 10:18:12 - INFO - epoch-229, train_loss-0.1852, train_rmse-0.4303, valid_rmse-1.2426, valid_pr-0.7443
2022-11-21 10:18:21 - INFO - epoch-230, train_loss-0.1901, train_rmse-0.4360, valid_rmse-1.2553, valid_pr-0.7476
2022-11-21 10:18:30 - INFO - epoch-231, train_loss-0.1815, train_rmse-0.4260, valid_rmse-1.2356, valid_pr-0.7479
2022-11-21 10:18:39 - INFO - epoch-232, train_loss-0.1852, train_rmse-0.4303, valid_rmse-1.2446, valid_pr-0.7432
2022-11-21 10:18:48 - INFO - epoch-233, train_loss-0.1911, train_rmse-0.4372, valid_rmse-1.2357, valid_pr-0.7472
2022-11-21 10:18:57 - INFO - epoch-234, train_loss-0.1855, train_rmse-0.4308, valid_rmse-1.2629, valid_pr-0.7433
2022-11-21 10:19:06 - INFO - epoch-235, train_loss-0.1724, train_rmse-0.4153, valid_rmse-1.2516, valid_pr-0.7480
2022-11-21 10:19:14 - INFO - epoch-236, train_loss-0.1869, train_rmse-0.4324, valid_rmse-1.2400, valid_pr-0.7487
2022-11-21 10:19:23 - INFO - epoch-237, train_loss-0.1735, train_rmse-0.4166, valid_rmse-1.2540, valid_pr-0.7418
2022-11-21 10:19:32 - INFO - epoch-238, train_loss-0.1762, train_rmse-0.4198, valid_rmse-1.2414, valid_pr-0.7492
2022-11-21 10:19:41 - INFO - epoch-239, train_loss-0.1861, train_rmse-0.4314, valid_rmse-1.2491, valid_pr-0.7402
2022-11-21 10:19:50 - INFO - epoch-240, train_loss-0.1924, train_rmse-0.4386, valid_rmse-1.2212, valid_pr-0.7513
2022-11-21 10:19:59 - INFO - epoch-241, train_loss-0.1791, train_rmse-0.4233, valid_rmse-1.2583, valid_pr-0.7512
2022-11-21 10:20:08 - INFO - epoch-242, train_loss-0.1821, train_rmse-0.4267, valid_rmse-1.2441, valid_pr-0.7427
2022-11-21 10:20:16 - INFO - epoch-243, train_loss-0.1801, train_rmse-0.4244, valid_rmse-1.2720, valid_pr-0.7381
2022-11-21 10:20:25 - INFO - epoch-244, train_loss-0.1740, train_rmse-0.4171, valid_rmse-1.2381, valid_pr-0.7470
2022-11-21 10:20:34 - INFO - epoch-245, train_loss-0.1701, train_rmse-0.4125, valid_rmse-1.2398, valid_pr-0.7445
2022-11-21 10:20:43 - INFO - epoch-246, train_loss-0.1776, train_rmse-0.4214, valid_rmse-1.2708, valid_pr-0.7442
2022-11-21 10:20:52 - INFO - epoch-247, train_loss-0.1884, train_rmse-0.4340, valid_rmse-1.2365, valid_pr-0.7447
2022-11-21 10:21:01 - INFO - epoch-248, train_loss-0.1734, train_rmse-0.4164, valid_rmse-1.2363, valid_pr-0.7470
2022-11-21 10:21:09 - INFO - epoch-249, train_loss-0.1699, train_rmse-0.4122, valid_rmse-1.2365, valid_pr-0.7468
2022-11-21 10:21:18 - INFO - epoch-250, train_loss-0.1697, train_rmse-0.4120, valid_rmse-1.2365, valid_pr-0.7495
2022-11-21 10:21:27 - INFO - epoch-251, train_loss-0.1712, train_rmse-0.4138, valid_rmse-1.2402, valid_pr-0.7474
2022-11-21 10:21:36 - INFO - epoch-252, train_loss-0.1736, train_rmse-0.4166, valid_rmse-1.2494, valid_pr-0.7455
2022-11-21 10:21:44 - INFO - epoch-253, train_loss-0.1727, train_rmse-0.4155, valid_rmse-1.2278, valid_pr-0.7507
2022-11-21 10:21:53 - INFO - epoch-254, train_loss-0.1771, train_rmse-0.4208, valid_rmse-1.2692, valid_pr-0.7460
2022-11-21 10:22:02 - INFO - epoch-255, train_loss-0.1802, train_rmse-0.4245, valid_rmse-1.2557, valid_pr-0.7472
2022-11-21 10:22:11 - INFO - epoch-256, train_loss-0.1684, train_rmse-0.4103, valid_rmse-1.2578, valid_pr-0.7471
2022-11-21 10:22:20 - INFO - epoch-257, train_loss-0.1732, train_rmse-0.4162, valid_rmse-1.2569, valid_pr-0.7491
2022-11-21 10:22:29 - INFO - epoch-258, train_loss-0.1648, train_rmse-0.4059, valid_rmse-1.2581, valid_pr-0.7502
2022-11-21 10:22:38 - INFO - epoch-259, train_loss-0.1709, train_rmse-0.4134, valid_rmse-1.2588, valid_pr-0.7460
2022-11-21 10:22:47 - INFO - epoch-260, train_loss-0.1659, train_rmse-0.4073, valid_rmse-1.2305, valid_pr-0.7507
2022-11-21 10:22:55 - INFO - epoch-261, train_loss-0.1721, train_rmse-0.4148, valid_rmse-1.2254, valid_pr-0.7558
2022-11-21 10:23:04 - INFO - epoch-262, train_loss-0.1657, train_rmse-0.4071, valid_rmse-1.2564, valid_pr-0.7469
2022-11-21 10:23:13 - INFO - epoch-263, train_loss-0.1574, train_rmse-0.3967, valid_rmse-1.2288, valid_pr-0.7539
2022-11-21 10:23:22 - INFO - epoch-264, train_loss-0.1712, train_rmse-0.4138, valid_rmse-1.2553, valid_pr-0.7477
2022-11-21 10:23:31 - INFO - epoch-265, train_loss-0.1705, train_rmse-0.4129, valid_rmse-1.2582, valid_pr-0.7485
2022-11-21 10:23:40 - INFO - epoch-266, train_loss-0.1742, train_rmse-0.4174, valid_rmse-1.2753, valid_pr-0.7506
2022-11-21 10:23:48 - INFO - epoch-267, train_loss-0.1614, train_rmse-0.4017, valid_rmse-1.2209, valid_pr-0.7559
2022-11-21 10:23:57 - INFO - epoch-268, train_loss-0.1567, train_rmse-0.3958, valid_rmse-1.2575, valid_pr-0.7469
2022-11-21 10:24:06 - INFO - epoch-269, train_loss-0.1591, train_rmse-0.3989, valid_rmse-1.2489, valid_pr-0.7420
2022-11-21 10:24:15 - INFO - epoch-270, train_loss-0.1642, train_rmse-0.4052, valid_rmse-1.2477, valid_pr-0.7514
2022-11-21 10:24:24 - INFO - epoch-271, train_loss-0.1706, train_rmse-0.4130, valid_rmse-1.2466, valid_pr-0.7473
2022-11-21 10:24:33 - INFO - epoch-272, train_loss-0.1676, train_rmse-0.4094, valid_rmse-1.2613, valid_pr-0.7424
2022-11-21 10:24:42 - INFO - epoch-273, train_loss-0.1547, train_rmse-0.3933, valid_rmse-1.2179, valid_pr-0.7576
2022-11-21 10:24:51 - INFO - epoch-274, train_loss-0.1682, train_rmse-0.4102, valid_rmse-1.2361, valid_pr-0.7469
2022-11-21 10:24:59 - INFO - epoch-275, train_loss-0.1611, train_rmse-0.4014, valid_rmse-1.2380, valid_pr-0.7484
2022-11-21 10:25:09 - INFO - epoch-276, train_loss-0.1653, train_rmse-0.4065, valid_rmse-1.2549, valid_pr-0.7455
2022-11-21 10:25:17 - INFO - epoch-277, train_loss-0.1522, train_rmse-0.3902, valid_rmse-1.2533, valid_pr-0.7494
2022-11-21 10:25:26 - INFO - epoch-278, train_loss-0.1568, train_rmse-0.3960, valid_rmse-1.2241, valid_pr-0.7560
2022-11-21 10:25:35 - INFO - epoch-279, train_loss-0.1718, train_rmse-0.4145, valid_rmse-1.2336, valid_pr-0.7496
2022-11-21 10:25:44 - INFO - epoch-280, train_loss-0.1494, train_rmse-0.3865, valid_rmse-1.2567, valid_pr-0.7512
2022-11-21 10:25:53 - INFO - epoch-281, train_loss-0.1551, train_rmse-0.3938, valid_rmse-1.2376, valid_pr-0.7465
2022-11-21 10:26:02 - INFO - epoch-282, train_loss-0.1555, train_rmse-0.3944, valid_rmse-1.2410, valid_pr-0.7532
2022-11-21 10:26:10 - INFO - epoch-283, train_loss-0.1456, train_rmse-0.3815, valid_rmse-1.2546, valid_pr-0.7410
2022-11-21 10:26:19 - INFO - epoch-284, train_loss-0.1586, train_rmse-0.3982, valid_rmse-1.2284, valid_pr-0.7535
2022-11-21 10:26:28 - INFO - epoch-285, train_loss-0.1590, train_rmse-0.3988, valid_rmse-1.2416, valid_pr-0.7530
2022-11-21 10:26:37 - INFO - epoch-286, train_loss-0.1540, train_rmse-0.3925, valid_rmse-1.2371, valid_pr-0.7494
2022-11-21 10:26:46 - INFO - epoch-287, train_loss-0.1529, train_rmse-0.3910, valid_rmse-1.2205, valid_pr-0.7533
2022-11-21 10:26:55 - INFO - epoch-288, train_loss-0.1490, train_rmse-0.3860, valid_rmse-1.2426, valid_pr-0.7521
2022-11-21 10:27:04 - INFO - epoch-289, train_loss-0.1623, train_rmse-0.4028, valid_rmse-1.2488, valid_pr-0.7529
2022-11-21 10:27:13 - INFO - epoch-290, train_loss-0.1544, train_rmse-0.3929, valid_rmse-1.2516, valid_pr-0.7454
2022-11-21 10:27:22 - INFO - epoch-291, train_loss-0.1508, train_rmse-0.3883, valid_rmse-1.2516, valid_pr-0.7456
2022-11-21 10:27:31 - INFO - epoch-292, train_loss-0.1519, train_rmse-0.3897, valid_rmse-1.2599, valid_pr-0.7439
2022-11-21 10:27:40 - INFO - epoch-293, train_loss-0.1548, train_rmse-0.3935, valid_rmse-1.2421, valid_pr-0.7463
2022-11-21 10:27:49 - INFO - epoch-294, train_loss-0.1583, train_rmse-0.3979, valid_rmse-1.2245, valid_pr-0.7522
2022-11-21 10:27:58 - INFO - epoch-295, train_loss-0.1559, train_rmse-0.3949, valid_rmse-1.2560, valid_pr-0.7476
2022-11-21 10:28:06 - INFO - epoch-296, train_loss-0.1525, train_rmse-0.3906, valid_rmse-1.2404, valid_pr-0.7497
2022-11-21 10:28:15 - INFO - epoch-297, train_loss-0.1505, train_rmse-0.3880, valid_rmse-1.2383, valid_pr-0.7484
2022-11-21 10:28:24 - INFO - epoch-298, train_loss-0.1508, train_rmse-0.3883, valid_rmse-1.2425, valid_pr-0.7451
2022-11-21 10:28:33 - INFO - epoch-299, train_loss-0.1521, train_rmse-0.3900, valid_rmse-1.2466, valid_pr-0.7479
2022-11-21 10:28:42 - INFO - epoch-300, train_loss-0.1553, train_rmse-0.3941, valid_rmse-1.2347, valid_pr-0.7485
2022-11-21 10:28:51 - INFO - epoch-301, train_loss-0.1508, train_rmse-0.3883, valid_rmse-1.2519, valid_pr-0.7488
2022-11-21 10:29:00 - INFO - epoch-302, train_loss-0.1561, train_rmse-0.3951, valid_rmse-1.2455, valid_pr-0.7523
2022-11-21 10:29:08 - INFO - epoch-303, train_loss-0.1498, train_rmse-0.3870, valid_rmse-1.2259, valid_pr-0.7519
2022-11-21 10:29:17 - INFO - epoch-304, train_loss-0.1465, train_rmse-0.3827, valid_rmse-1.2301, valid_pr-0.7491
2022-11-21 10:29:26 - INFO - epoch-305, train_loss-0.1449, train_rmse-0.3807, valid_rmse-1.2401, valid_pr-0.7499
2022-11-21 10:29:35 - INFO - epoch-306, train_loss-0.1566, train_rmse-0.3957, valid_rmse-1.2482, valid_pr-0.7536
2022-11-21 10:29:44 - INFO - epoch-307, train_loss-0.1526, train_rmse-0.3906, valid_rmse-1.2290, valid_pr-0.7510
2022-11-21 10:29:53 - INFO - epoch-308, train_loss-0.1588, train_rmse-0.3986, valid_rmse-1.2657, valid_pr-0.7530
2022-11-21 10:30:02 - INFO - epoch-309, train_loss-0.1520, train_rmse-0.3899, valid_rmse-1.2280, valid_pr-0.7539
2022-11-21 10:30:10 - INFO - epoch-310, train_loss-0.1464, train_rmse-0.3826, valid_rmse-1.2599, valid_pr-0.7498
2022-11-21 10:30:19 - INFO - epoch-311, train_loss-0.1591, train_rmse-0.3989, valid_rmse-1.2506, valid_pr-0.7481
2022-11-21 10:30:28 - INFO - epoch-312, train_loss-0.1589, train_rmse-0.3986, valid_rmse-1.2317, valid_pr-0.7514
2022-11-21 10:30:37 - INFO - epoch-313, train_loss-0.1610, train_rmse-0.4012, valid_rmse-1.2274, valid_pr-0.7560
2022-11-21 10:30:46 - INFO - epoch-314, train_loss-0.1466, train_rmse-0.3829, valid_rmse-1.2688, valid_pr-0.7487
2022-11-21 10:30:54 - INFO - epoch-315, train_loss-0.1530, train_rmse-0.3911, valid_rmse-1.2336, valid_pr-0.7499
2022-11-21 10:31:03 - INFO - epoch-316, train_loss-0.1364, train_rmse-0.3693, valid_rmse-1.2384, valid_pr-0.7538
2022-11-21 10:31:12 - INFO - epoch-317, train_loss-0.1528, train_rmse-0.3909, valid_rmse-1.2401, valid_pr-0.7457
2022-11-21 10:31:21 - INFO - epoch-318, train_loss-0.1407, train_rmse-0.3752, valid_rmse-1.2641, valid_pr-0.7487
2022-11-21 10:31:30 - INFO - epoch-319, train_loss-0.1479, train_rmse-0.3845, valid_rmse-1.2313, valid_pr-0.7486
2022-11-21 10:31:39 - INFO - epoch-320, train_loss-0.1456, train_rmse-0.3816, valid_rmse-1.2437, valid_pr-0.7464
2022-11-21 10:31:48 - INFO - epoch-321, train_loss-0.1368, train_rmse-0.3698, valid_rmse-1.2474, valid_pr-0.7477
2022-11-21 10:31:57 - INFO - epoch-322, train_loss-0.1385, train_rmse-0.3722, valid_rmse-1.2257, valid_pr-0.7506
2022-11-21 10:32:06 - INFO - epoch-323, train_loss-0.1519, train_rmse-0.3897, valid_rmse-1.2339, valid_pr-0.7480
2022-11-21 10:32:16 - INFO - epoch-324, train_loss-0.1478, train_rmse-0.3845, valid_rmse-1.2311, valid_pr-0.7489
2022-11-21 10:32:25 - INFO - epoch-325, train_loss-0.1516, train_rmse-0.3893, valid_rmse-1.2754, valid_pr-0.7506
2022-11-21 10:32:34 - INFO - epoch-326, train_loss-0.1434, train_rmse-0.3787, valid_rmse-1.2328, valid_pr-0.7517
2022-11-21 10:32:44 - INFO - epoch-327, train_loss-0.1381, train_rmse-0.3717, valid_rmse-1.2296, valid_pr-0.7514
2022-11-21 10:32:53 - INFO - epoch-328, train_loss-0.1477, train_rmse-0.3843, valid_rmse-1.2349, valid_pr-0.7558
2022-11-21 10:33:02 - INFO - epoch-329, train_loss-0.1482, train_rmse-0.3850, valid_rmse-1.2220, valid_pr-0.7570
2022-11-21 10:33:12 - INFO - epoch-330, train_loss-0.1481, train_rmse-0.3849, valid_rmse-1.2191, valid_pr-0.7578
2022-11-21 10:33:21 - INFO - epoch-331, train_loss-0.1529, train_rmse-0.3910, valid_rmse-1.2264, valid_pr-0.7502
2022-11-21 10:33:30 - INFO - epoch-332, train_loss-0.1419, train_rmse-0.3766, valid_rmse-1.2340, valid_pr-0.7497
2022-11-21 10:33:40 - INFO - epoch-333, train_loss-0.1409, train_rmse-0.3753, valid_rmse-1.2482, valid_pr-0.7492
2022-11-21 10:33:49 - INFO - epoch-334, train_loss-0.1431, train_rmse-0.3782, valid_rmse-1.2581, valid_pr-0.7455
2022-11-21 10:33:58 - INFO - epoch-335, train_loss-0.1458, train_rmse-0.3819, valid_rmse-1.2067, valid_pr-0.7582
2022-11-21 10:34:08 - INFO - epoch-336, train_loss-0.1397, train_rmse-0.3738, valid_rmse-1.2432, valid_pr-0.7470
2022-11-21 10:34:16 - INFO - epoch-337, train_loss-0.1597, train_rmse-0.3996, valid_rmse-1.2227, valid_pr-0.7541
2022-11-21 10:34:25 - INFO - epoch-338, train_loss-0.1406, train_rmse-0.3750, valid_rmse-1.2311, valid_pr-0.7572
2022-11-21 10:34:34 - INFO - epoch-339, train_loss-0.1411, train_rmse-0.3756, valid_rmse-1.2292, valid_pr-0.7552
2022-11-21 10:34:43 - INFO - epoch-340, train_loss-0.1415, train_rmse-0.3761, valid_rmse-1.2273, valid_pr-0.7557
2022-11-21 10:34:52 - INFO - epoch-341, train_loss-0.1412, train_rmse-0.3758, valid_rmse-1.2722, valid_pr-0.7571
2022-11-21 10:35:01 - INFO - epoch-342, train_loss-0.1418, train_rmse-0.3765, valid_rmse-1.2322, valid_pr-0.7500
2022-11-21 10:35:10 - INFO - epoch-343, train_loss-0.1492, train_rmse-0.3863, valid_rmse-1.2240, valid_pr-0.7551
2022-11-21 10:35:19 - INFO - epoch-344, train_loss-0.1450, train_rmse-0.3807, valid_rmse-1.2270, valid_pr-0.7538
2022-11-21 10:35:28 - INFO - epoch-345, train_loss-0.1350, train_rmse-0.3674, valid_rmse-1.2170, valid_pr-0.7572
2022-11-21 10:35:37 - INFO - epoch-346, train_loss-0.1421, train_rmse-0.3769, valid_rmse-1.2443, valid_pr-0.7494
2022-11-21 10:35:46 - INFO - epoch-347, train_loss-0.1400, train_rmse-0.3741, valid_rmse-1.2282, valid_pr-0.7507
2022-11-21 10:35:55 - INFO - epoch-348, train_loss-0.1444, train_rmse-0.3801, valid_rmse-1.2423, valid_pr-0.7456
2022-11-21 10:36:04 - INFO - epoch-349, train_loss-0.1382, train_rmse-0.3718, valid_rmse-1.2405, valid_pr-0.7469
2022-11-21 10:36:13 - INFO - epoch-350, train_loss-0.1441, train_rmse-0.3796, valid_rmse-1.2326, valid_pr-0.7509
2022-11-21 10:36:22 - INFO - epoch-351, train_loss-0.1386, train_rmse-0.3722, valid_rmse-1.2335, valid_pr-0.7489
2022-11-21 10:36:31 - INFO - epoch-352, train_loss-0.1383, train_rmse-0.3718, valid_rmse-1.2488, valid_pr-0.7479
2022-11-21 10:36:40 - INFO - epoch-353, train_loss-0.1492, train_rmse-0.3862, valid_rmse-1.2298, valid_pr-0.7547
2022-11-21 10:36:49 - INFO - epoch-354, train_loss-0.1399, train_rmse-0.3740, valid_rmse-1.2362, valid_pr-0.7529
2022-11-21 10:36:58 - INFO - epoch-355, train_loss-0.1330, train_rmse-0.3648, valid_rmse-1.2064, valid_pr-0.7602
2022-11-21 10:37:07 - INFO - epoch-356, train_loss-0.1351, train_rmse-0.3676, valid_rmse-1.2332, valid_pr-0.7533
2022-11-21 10:37:15 - INFO - epoch-357, train_loss-0.1432, train_rmse-0.3784, valid_rmse-1.2253, valid_pr-0.7568
2022-11-21 10:37:24 - INFO - epoch-358, train_loss-0.1279, train_rmse-0.3576, valid_rmse-1.2291, valid_pr-0.7542
2022-11-21 10:37:33 - INFO - epoch-359, train_loss-0.1326, train_rmse-0.3642, valid_rmse-1.2187, valid_pr-0.7523
2022-11-21 10:37:42 - INFO - epoch-360, train_loss-0.1378, train_rmse-0.3712, valid_rmse-1.2224, valid_pr-0.7583
2022-11-21 10:37:51 - INFO - epoch-361, train_loss-0.1387, train_rmse-0.3724, valid_rmse-1.2438, valid_pr-0.7565
2022-11-21 10:38:00 - INFO - epoch-362, train_loss-0.1297, train_rmse-0.3602, valid_rmse-1.2284, valid_pr-0.7573
2022-11-21 10:38:09 - INFO - epoch-363, train_loss-0.1274, train_rmse-0.3569, valid_rmse-1.2168, valid_pr-0.7630
2022-11-21 10:38:18 - INFO - epoch-364, train_loss-0.1343, train_rmse-0.3665, valid_rmse-1.2332, valid_pr-0.7534
2022-11-21 10:38:27 - INFO - epoch-365, train_loss-0.1449, train_rmse-0.3806, valid_rmse-1.2262, valid_pr-0.7537
2022-11-21 10:38:36 - INFO - epoch-366, train_loss-0.1319, train_rmse-0.3632, valid_rmse-1.2267, valid_pr-0.7608
2022-11-21 10:38:45 - INFO - epoch-367, train_loss-0.1321, train_rmse-0.3635, valid_rmse-1.2363, valid_pr-0.7540
2022-11-21 10:38:53 - INFO - epoch-368, train_loss-0.1375, train_rmse-0.3708, valid_rmse-1.2391, valid_pr-0.7535
2022-11-21 10:39:02 - INFO - epoch-369, train_loss-0.1416, train_rmse-0.3763, valid_rmse-1.2356, valid_pr-0.7532
2022-11-21 10:39:11 - INFO - epoch-370, train_loss-0.1366, train_rmse-0.3696, valid_rmse-1.2069, valid_pr-0.7578
2022-11-21 10:39:20 - INFO - epoch-371, train_loss-0.1408, train_rmse-0.3752, valid_rmse-1.2179, valid_pr-0.7570
2022-11-21 10:39:29 - INFO - epoch-372, train_loss-0.1431, train_rmse-0.3783, valid_rmse-1.2195, valid_pr-0.7540
2022-11-21 10:39:38 - INFO - epoch-373, train_loss-0.1292, train_rmse-0.3595, valid_rmse-1.2104, valid_pr-0.7595
2022-11-21 10:39:47 - INFO - epoch-374, train_loss-0.1370, train_rmse-0.3701, valid_rmse-1.2184, valid_pr-0.7527
2022-11-21 10:39:56 - INFO - epoch-375, train_loss-0.1361, train_rmse-0.3689, valid_rmse-1.2389, valid_pr-0.7602
2022-11-21 10:40:05 - INFO - epoch-376, train_loss-0.1383, train_rmse-0.3719, valid_rmse-1.2152, valid_pr-0.7556
2022-11-21 10:40:14 - INFO - epoch-377, train_loss-0.1395, train_rmse-0.3735, valid_rmse-1.2361, valid_pr-0.7519
2022-11-21 10:40:22 - INFO - epoch-378, train_loss-0.1392, train_rmse-0.3730, valid_rmse-1.2260, valid_pr-0.7588
2022-11-21 10:40:31 - INFO - epoch-379, train_loss-0.1314, train_rmse-0.3625, valid_rmse-1.2158, valid_pr-0.7568
2022-11-21 10:40:40 - INFO - epoch-380, train_loss-0.1401, train_rmse-0.3743, valid_rmse-1.2153, valid_pr-0.7562
2022-11-21 10:40:49 - INFO - epoch-381, train_loss-0.1322, train_rmse-0.3635, valid_rmse-1.2310, valid_pr-0.7525
2022-11-21 10:40:58 - INFO - epoch-382, train_loss-0.1300, train_rmse-0.3605, valid_rmse-1.2318, valid_pr-0.7525
2022-11-21 10:41:07 - INFO - epoch-383, train_loss-0.1271, train_rmse-0.3565, valid_rmse-1.2433, valid_pr-0.7489
2022-11-21 10:41:16 - INFO - epoch-384, train_loss-0.1350, train_rmse-0.3674, valid_rmse-1.2457, valid_pr-0.7546
2022-11-21 10:41:25 - INFO - epoch-385, train_loss-0.1288, train_rmse-0.3589, valid_rmse-1.2323, valid_pr-0.7495
2022-11-21 10:41:34 - INFO - epoch-386, train_loss-0.1344, train_rmse-0.3666, valid_rmse-1.2548, valid_pr-0.7427
2022-11-21 10:41:43 - INFO - epoch-387, train_loss-0.1379, train_rmse-0.3713, valid_rmse-1.2325, valid_pr-0.7484
2022-11-21 10:41:51 - INFO - epoch-388, train_loss-0.1398, train_rmse-0.3739, valid_rmse-1.2318, valid_pr-0.7539
2022-11-21 10:42:00 - INFO - epoch-389, train_loss-0.1226, train_rmse-0.3501, valid_rmse-1.2212, valid_pr-0.7528
2022-11-21 10:42:09 - INFO - epoch-390, train_loss-0.1383, train_rmse-0.3718, valid_rmse-1.2497, valid_pr-0.7501
2022-11-21 10:42:18 - INFO - epoch-391, train_loss-0.1337, train_rmse-0.3656, valid_rmse-1.2298, valid_pr-0.7532
2022-11-21 10:42:27 - INFO - epoch-392, train_loss-0.1214, train_rmse-0.3484, valid_rmse-1.2412, valid_pr-0.7519
2022-11-21 10:42:36 - INFO - epoch-393, train_loss-0.1273, train_rmse-0.3568, valid_rmse-1.2330, valid_pr-0.7496
2022-11-21 10:42:45 - INFO - epoch-394, train_loss-0.1141, train_rmse-0.3378, valid_rmse-1.2330, valid_pr-0.7540
2022-11-21 10:42:54 - INFO - epoch-395, train_loss-0.1257, train_rmse-0.3545, valid_rmse-1.2250, valid_pr-0.7543
2022-11-21 10:43:03 - INFO - epoch-396, train_loss-0.1340, train_rmse-0.3660, valid_rmse-1.2408, valid_pr-0.7491
2022-11-21 10:43:12 - INFO - epoch-397, train_loss-0.1197, train_rmse-0.3459, valid_rmse-1.2324, valid_pr-0.7563
2022-11-21 10:43:21 - INFO - epoch-398, train_loss-0.1328, train_rmse-0.3644, valid_rmse-1.2158, valid_pr-0.7595
2022-11-21 10:43:30 - INFO - epoch-399, train_loss-0.1301, train_rmse-0.3608, valid_rmse-1.2165, valid_pr-0.7549
2022-11-21 10:43:38 - INFO - epoch-400, train_loss-0.1300, train_rmse-0.3606, valid_rmse-1.2254, valid_pr-0.7536
2022-11-21 10:43:47 - INFO - epoch-401, train_loss-0.1238, train_rmse-0.3518, valid_rmse-1.2398, valid_pr-0.7558
2022-11-21 10:43:56 - INFO - epoch-402, train_loss-0.1251, train_rmse-0.3537, valid_rmse-1.2291, valid_pr-0.7585
2022-11-21 10:44:05 - INFO - epoch-403, train_loss-0.1325, train_rmse-0.3640, valid_rmse-1.2379, valid_pr-0.7528
2022-11-21 10:44:14 - INFO - epoch-404, train_loss-0.1272, train_rmse-0.3566, valid_rmse-1.2242, valid_pr-0.7577
2022-11-21 10:44:23 - INFO - epoch-405, train_loss-0.1226, train_rmse-0.3502, valid_rmse-1.2221, valid_pr-0.7552
2022-11-21 10:44:32 - INFO - epoch-406, train_loss-0.1291, train_rmse-0.3592, valid_rmse-1.2197, valid_pr-0.7557
2022-11-21 10:44:41 - INFO - epoch-407, train_loss-0.1394, train_rmse-0.3734, valid_rmse-1.2219, valid_pr-0.7541
2022-11-21 10:44:50 - INFO - epoch-408, train_loss-0.1280, train_rmse-0.3577, valid_rmse-1.2174, valid_pr-0.7600
2022-11-21 10:44:58 - INFO - epoch-409, train_loss-0.1171, train_rmse-0.3422, valid_rmse-1.2321, valid_pr-0.7566
2022-11-21 10:45:07 - INFO - epoch-410, train_loss-0.1252, train_rmse-0.3538, valid_rmse-1.2590, valid_pr-0.7533
2022-11-21 10:45:16 - INFO - epoch-411, train_loss-0.1167, train_rmse-0.3416, valid_rmse-1.2231, valid_pr-0.7537
2022-11-21 10:45:25 - INFO - epoch-412, train_loss-0.1251, train_rmse-0.3537, valid_rmse-1.2112, valid_pr-0.7578
2022-11-21 10:45:34 - INFO - epoch-413, train_loss-0.1235, train_rmse-0.3515, valid_rmse-1.2409, valid_pr-0.7554
2022-11-21 10:45:43 - INFO - epoch-414, train_loss-0.1256, train_rmse-0.3544, valid_rmse-1.2196, valid_pr-0.7563
2022-11-21 10:45:52 - INFO - epoch-415, train_loss-0.1225, train_rmse-0.3499, valid_rmse-1.2363, valid_pr-0.7520
2022-11-21 10:46:01 - INFO - epoch-416, train_loss-0.1193, train_rmse-0.3453, valid_rmse-1.2336, valid_pr-0.7508
2022-11-21 10:46:10 - INFO - epoch-417, train_loss-0.1280, train_rmse-0.3577, valid_rmse-1.2174, valid_pr-0.7575
2022-11-21 10:46:19 - INFO - epoch-418, train_loss-0.1137, train_rmse-0.3372, valid_rmse-1.2162, valid_pr-0.7566
2022-11-21 10:46:27 - INFO - epoch-419, train_loss-0.1245, train_rmse-0.3529, valid_rmse-1.2269, valid_pr-0.7538
2022-11-21 10:46:36 - INFO - epoch-420, train_loss-0.1300, train_rmse-0.3605, valid_rmse-1.2136, valid_pr-0.7604
2022-11-21 10:46:45 - INFO - epoch-421, train_loss-0.1265, train_rmse-0.3556, valid_rmse-1.2181, valid_pr-0.7592
2022-11-21 10:46:54 - INFO - epoch-422, train_loss-0.1157, train_rmse-0.3401, valid_rmse-1.2233, valid_pr-0.7534
2022-11-21 10:47:03 - INFO - epoch-423, train_loss-0.1248, train_rmse-0.3533, valid_rmse-1.2288, valid_pr-0.7596
2022-11-21 10:47:12 - INFO - epoch-424, train_loss-0.1290, train_rmse-0.3592, valid_rmse-1.2113, valid_pr-0.7599
2022-11-21 10:47:21 - INFO - epoch-425, train_loss-0.1251, train_rmse-0.3537, valid_rmse-1.2400, valid_pr-0.7532
2022-11-21 10:47:30 - INFO - epoch-426, train_loss-0.1131, train_rmse-0.3363, valid_rmse-1.2441, valid_pr-0.7550
2022-11-21 10:47:39 - INFO - epoch-427, train_loss-0.1224, train_rmse-0.3499, valid_rmse-1.2254, valid_pr-0.7552
2022-11-21 10:47:48 - INFO - epoch-428, train_loss-0.1340, train_rmse-0.3660, valid_rmse-1.2249, valid_pr-0.7600
2022-11-21 10:47:56 - INFO - epoch-429, train_loss-0.1273, train_rmse-0.3568, valid_rmse-1.2197, valid_pr-0.7560
2022-11-21 10:48:05 - INFO - epoch-430, train_loss-0.1210, train_rmse-0.3479, valid_rmse-1.2145, valid_pr-0.7572
2022-11-21 10:48:14 - INFO - epoch-431, train_loss-0.1217, train_rmse-0.3489, valid_rmse-1.2226, valid_pr-0.7573
2022-11-21 10:48:23 - INFO - epoch-432, train_loss-0.1197, train_rmse-0.3460, valid_rmse-1.2346, valid_pr-0.7543
2022-11-21 10:48:32 - INFO - epoch-433, train_loss-0.1188, train_rmse-0.3446, valid_rmse-1.2252, valid_pr-0.7553
2022-11-21 10:48:41 - INFO - epoch-434, train_loss-0.1220, train_rmse-0.3493, valid_rmse-1.2502, valid_pr-0.7542
2022-11-21 10:48:50 - INFO - epoch-435, train_loss-0.1206, train_rmse-0.3473, valid_rmse-1.2211, valid_pr-0.7563
2022-11-21 10:48:59 - INFO - epoch-436, train_loss-0.1137, train_rmse-0.3372, valid_rmse-1.2243, valid_pr-0.7563
2022-11-21 10:49:08 - INFO - epoch-437, train_loss-0.1232, train_rmse-0.3510, valid_rmse-1.2547, valid_pr-0.7522
2022-11-21 10:49:17 - INFO - epoch-438, train_loss-0.1223, train_rmse-0.3497, valid_rmse-1.2354, valid_pr-0.7579
2022-11-21 10:49:25 - INFO - epoch-439, train_loss-0.1192, train_rmse-0.3452, valid_rmse-1.2180, valid_pr-0.7555
2022-11-21 10:49:34 - INFO - epoch-440, train_loss-0.1239, train_rmse-0.3520, valid_rmse-1.2196, valid_pr-0.7561
2022-11-21 10:49:43 - INFO - epoch-441, train_loss-0.1165, train_rmse-0.3413, valid_rmse-1.2185, valid_pr-0.7570
2022-11-21 10:49:52 - INFO - epoch-442, train_loss-0.1186, train_rmse-0.3445, valid_rmse-1.2347, valid_pr-0.7586
2022-11-21 10:50:01 - INFO - epoch-443, train_loss-0.1197, train_rmse-0.3460, valid_rmse-1.2322, valid_pr-0.7523
2022-11-21 10:50:10 - INFO - epoch-444, train_loss-0.1236, train_rmse-0.3515, valid_rmse-1.2144, valid_pr-0.7605
2022-11-21 10:50:19 - INFO - epoch-445, train_loss-0.1261, train_rmse-0.3551, valid_rmse-1.2050, valid_pr-0.7594
2022-11-21 10:50:28 - INFO - epoch-446, train_loss-0.1188, train_rmse-0.3447, valid_rmse-1.2148, valid_pr-0.7619
2022-11-21 10:50:37 - INFO - epoch-447, train_loss-0.1174, train_rmse-0.3426, valid_rmse-1.2059, valid_pr-0.7586
2022-11-21 10:50:46 - INFO - epoch-448, train_loss-0.1157, train_rmse-0.3401, valid_rmse-1.1987, valid_pr-0.7636
2022-11-21 10:50:55 - INFO - epoch-449, train_loss-0.1143, train_rmse-0.3380, valid_rmse-1.2211, valid_pr-0.7533
2022-11-21 10:51:04 - INFO - epoch-450, train_loss-0.1153, train_rmse-0.3395, valid_rmse-1.2103, valid_pr-0.7618
2022-11-21 10:51:13 - INFO - epoch-451, train_loss-0.1133, train_rmse-0.3366, valid_rmse-1.2245, valid_pr-0.7599
2022-11-21 10:51:22 - INFO - epoch-452, train_loss-0.1106, train_rmse-0.3326, valid_rmse-1.2308, valid_pr-0.7568
2022-11-21 10:51:31 - INFO - epoch-453, train_loss-0.1227, train_rmse-0.3503, valid_rmse-1.1975, valid_pr-0.7642
2022-11-21 10:51:40 - INFO - epoch-454, train_loss-0.1169, train_rmse-0.3419, valid_rmse-1.1955, valid_pr-0.7650
2022-11-21 10:51:49 - INFO - epoch-455, train_loss-0.1168, train_rmse-0.3418, valid_rmse-1.2217, valid_pr-0.7591
2022-11-21 10:51:58 - INFO - epoch-456, train_loss-0.1166, train_rmse-0.3415, valid_rmse-1.2028, valid_pr-0.7615
2022-11-21 10:52:07 - INFO - epoch-457, train_loss-0.1238, train_rmse-0.3519, valid_rmse-1.2051, valid_pr-0.7589
2022-11-21 10:52:16 - INFO - epoch-458, train_loss-0.1175, train_rmse-0.3428, valid_rmse-1.2081, valid_pr-0.7623
2022-11-21 10:52:25 - INFO - epoch-459, train_loss-0.1242, train_rmse-0.3524, valid_rmse-1.2058, valid_pr-0.7582
2022-11-21 10:52:34 - INFO - epoch-460, train_loss-0.1230, train_rmse-0.3507, valid_rmse-1.2301, valid_pr-0.7591
2022-11-21 10:52:43 - INFO - epoch-461, train_loss-0.1199, train_rmse-0.3463, valid_rmse-1.2104, valid_pr-0.7581
2022-11-21 10:52:52 - INFO - epoch-462, train_loss-0.1166, train_rmse-0.3415, valid_rmse-1.2146, valid_pr-0.7614
2022-11-21 10:53:01 - INFO - epoch-463, train_loss-0.1182, train_rmse-0.3438, valid_rmse-1.2327, valid_pr-0.7625
2022-11-21 10:53:10 - INFO - epoch-464, train_loss-0.1229, train_rmse-0.3506, valid_rmse-1.2200, valid_pr-0.7586
2022-11-21 10:53:19 - INFO - epoch-465, train_loss-0.1191, train_rmse-0.3451, valid_rmse-1.2134, valid_pr-0.7575
2022-11-21 10:53:28 - INFO - epoch-466, train_loss-0.1234, train_rmse-0.3513, valid_rmse-1.2218, valid_pr-0.7568
2022-11-21 10:53:37 - INFO - epoch-467, train_loss-0.1064, train_rmse-0.3263, valid_rmse-1.2257, valid_pr-0.7585
2022-11-21 10:53:46 - INFO - epoch-468, train_loss-0.1126, train_rmse-0.3355, valid_rmse-1.2032, valid_pr-0.7634
2022-11-21 10:53:55 - INFO - epoch-469, train_loss-0.1167, train_rmse-0.3416, valid_rmse-1.2178, valid_pr-0.7609
2022-11-21 10:54:04 - INFO - epoch-470, train_loss-0.1147, train_rmse-0.3386, valid_rmse-1.2148, valid_pr-0.7573
2022-11-21 10:54:13 - INFO - epoch-471, train_loss-0.1225, train_rmse-0.3500, valid_rmse-1.2180, valid_pr-0.7539
2022-11-21 10:54:22 - INFO - epoch-472, train_loss-0.1163, train_rmse-0.3411, valid_rmse-1.2224, valid_pr-0.7574
2022-11-21 10:54:31 - INFO - epoch-473, train_loss-0.1257, train_rmse-0.3545, valid_rmse-1.2003, valid_pr-0.7633
2022-11-21 10:54:40 - INFO - epoch-474, train_loss-0.1166, train_rmse-0.3415, valid_rmse-1.2254, valid_pr-0.7575
2022-11-21 10:54:50 - INFO - epoch-475, train_loss-0.1164, train_rmse-0.3412, valid_rmse-1.2224, valid_pr-0.7570
2022-11-21 10:54:59 - INFO - epoch-476, train_loss-0.1146, train_rmse-0.3385, valid_rmse-1.1935, valid_pr-0.7639
2022-11-21 10:55:08 - INFO - epoch-477, train_loss-0.1191, train_rmse-0.3452, valid_rmse-1.2148, valid_pr-0.7582
2022-11-21 10:55:17 - INFO - epoch-478, train_loss-0.1188, train_rmse-0.3446, valid_rmse-1.2204, valid_pr-0.7548
2022-11-21 10:55:26 - INFO - epoch-479, train_loss-0.1284, train_rmse-0.3583, valid_rmse-1.1915, valid_pr-0.7643
2022-11-21 10:55:35 - INFO - epoch-480, train_loss-0.1085, train_rmse-0.3295, valid_rmse-1.2249, valid_pr-0.7562
2022-11-21 10:55:45 - INFO - epoch-481, train_loss-0.1086, train_rmse-0.3296, valid_rmse-1.2203, valid_pr-0.7608
2022-11-21 10:55:54 - INFO - epoch-482, train_loss-0.1137, train_rmse-0.3372, valid_rmse-1.2200, valid_pr-0.7585
2022-11-21 10:56:03 - INFO - epoch-483, train_loss-0.1164, train_rmse-0.3412, valid_rmse-1.2088, valid_pr-0.7618
2022-11-21 10:56:12 - INFO - epoch-484, train_loss-0.1128, train_rmse-0.3358, valid_rmse-1.2084, valid_pr-0.7624
2022-11-21 10:56:22 - INFO - epoch-485, train_loss-0.1139, train_rmse-0.3375, valid_rmse-1.2167, valid_pr-0.7579
2022-11-21 10:56:31 - INFO - epoch-486, train_loss-0.1132, train_rmse-0.3365, valid_rmse-1.2134, valid_pr-0.7604
2022-11-21 10:56:40 - INFO - epoch-487, train_loss-0.1113, train_rmse-0.3337, valid_rmse-1.2159, valid_pr-0.7600
2022-11-21 10:56:49 - INFO - epoch-488, train_loss-0.1167, train_rmse-0.3416, valid_rmse-1.2240, valid_pr-0.7555
2022-11-21 10:56:59 - INFO - epoch-489, train_loss-0.1071, train_rmse-0.3273, valid_rmse-1.2052, valid_pr-0.7629
2022-11-21 10:57:08 - INFO - epoch-490, train_loss-0.1147, train_rmse-0.3387, valid_rmse-1.2099, valid_pr-0.7571
2022-11-21 10:57:17 - INFO - epoch-491, train_loss-0.1164, train_rmse-0.3411, valid_rmse-1.2090, valid_pr-0.7591
2022-11-21 10:57:26 - INFO - epoch-492, train_loss-0.1068, train_rmse-0.3268, valid_rmse-1.2402, valid_pr-0.7621
2022-11-21 10:57:35 - INFO - epoch-493, train_loss-0.1081, train_rmse-0.3288, valid_rmse-1.2121, valid_pr-0.7593
2022-11-21 10:57:44 - INFO - epoch-494, train_loss-0.1112, train_rmse-0.3334, valid_rmse-1.2321, valid_pr-0.7534
2022-11-21 10:57:54 - INFO - epoch-495, train_loss-0.1161, train_rmse-0.3408, valid_rmse-1.2377, valid_pr-0.7583
2022-11-21 10:58:03 - INFO - epoch-496, train_loss-0.1152, train_rmse-0.3394, valid_rmse-1.2169, valid_pr-0.7555
2022-11-21 10:58:12 - INFO - epoch-497, train_loss-0.1131, train_rmse-0.3364, valid_rmse-1.2009, valid_pr-0.7630
2022-11-21 10:58:21 - INFO - epoch-498, train_loss-0.0984, train_rmse-0.3137, valid_rmse-1.1979, valid_pr-0.7625
2022-11-21 10:58:30 - INFO - epoch-499, train_loss-0.1180, train_rmse-0.3435, valid_rmse-1.2105, valid_pr-0.7619
2022-11-21 10:58:38 - INFO - epoch-500, train_loss-0.0985, train_rmse-0.3139, valid_rmse-1.2284, valid_pr-0.7557
2022-11-21 10:58:47 - INFO - epoch-501, train_loss-0.1034, train_rmse-0.3215, valid_rmse-1.2058, valid_pr-0.7603
2022-11-21 10:58:56 - INFO - epoch-502, train_loss-0.1125, train_rmse-0.3354, valid_rmse-1.2001, valid_pr-0.7652
2022-11-21 10:59:05 - INFO - epoch-503, train_loss-0.1178, train_rmse-0.3432, valid_rmse-1.2063, valid_pr-0.7643
2022-11-21 10:59:14 - INFO - epoch-504, train_loss-0.1199, train_rmse-0.3463, valid_rmse-1.2114, valid_pr-0.7583
2022-11-21 10:59:23 - INFO - epoch-505, train_loss-0.1106, train_rmse-0.3326, valid_rmse-1.2220, valid_pr-0.7588
2022-11-21 10:59:32 - INFO - epoch-506, train_loss-0.1156, train_rmse-0.3400, valid_rmse-1.1986, valid_pr-0.7640
2022-11-21 10:59:41 - INFO - epoch-507, train_loss-0.1193, train_rmse-0.3455, valid_rmse-1.2183, valid_pr-0.7582
2022-11-21 10:59:50 - INFO - epoch-508, train_loss-0.1144, train_rmse-0.3383, valid_rmse-1.2231, valid_pr-0.7585
2022-11-21 10:59:59 - INFO - epoch-509, train_loss-0.1074, train_rmse-0.3278, valid_rmse-1.2357, valid_pr-0.7558
2022-11-21 11:00:07 - INFO - epoch-510, train_loss-0.1085, train_rmse-0.3293, valid_rmse-1.2289, valid_pr-0.7581
2022-11-21 11:00:16 - INFO - epoch-511, train_loss-0.1151, train_rmse-0.3393, valid_rmse-1.2290, valid_pr-0.7582
2022-11-21 11:00:25 - INFO - epoch-512, train_loss-0.1072, train_rmse-0.3274, valid_rmse-1.2102, valid_pr-0.7606
2022-11-21 11:00:34 - INFO - epoch-513, train_loss-0.1126, train_rmse-0.3355, valid_rmse-1.2391, valid_pr-0.7554
2022-11-21 11:00:43 - INFO - epoch-514, train_loss-0.0991, train_rmse-0.3148, valid_rmse-1.2126, valid_pr-0.7616
2022-11-21 11:00:52 - INFO - epoch-515, train_loss-0.1135, train_rmse-0.3369, valid_rmse-1.2028, valid_pr-0.7607
2022-11-21 11:01:01 - INFO - epoch-516, train_loss-0.1233, train_rmse-0.3512, valid_rmse-1.2006, valid_pr-0.7650
2022-11-21 11:01:09 - INFO - epoch-517, train_loss-0.1122, train_rmse-0.3350, valid_rmse-1.2257, valid_pr-0.7615
2022-11-21 11:01:19 - INFO - epoch-518, train_loss-0.1102, train_rmse-0.3320, valid_rmse-1.2161, valid_pr-0.7557
2022-11-21 11:01:27 - INFO - epoch-519, train_loss-0.1206, train_rmse-0.3473, valid_rmse-1.2277, valid_pr-0.7555
2022-11-21 11:01:36 - INFO - epoch-520, train_loss-0.1088, train_rmse-0.3298, valid_rmse-1.2223, valid_pr-0.7584
2022-11-21 11:01:46 - INFO - epoch-521, train_loss-0.1120, train_rmse-0.3347, valid_rmse-1.2270, valid_pr-0.7567
2022-11-21 11:01:54 - INFO - epoch-522, train_loss-0.1136, train_rmse-0.3370, valid_rmse-1.2130, valid_pr-0.7588
2022-11-21 11:02:04 - INFO - epoch-523, train_loss-0.1135, train_rmse-0.3369, valid_rmse-1.2054, valid_pr-0.7629
2022-11-21 11:02:12 - INFO - epoch-524, train_loss-0.1088, train_rmse-0.3299, valid_rmse-1.2110, valid_pr-0.7587
2022-11-21 11:02:21 - INFO - epoch-525, train_loss-0.1207, train_rmse-0.3474, valid_rmse-1.2190, valid_pr-0.7597
2022-11-21 11:02:30 - INFO - epoch-526, train_loss-0.1052, train_rmse-0.3244, valid_rmse-1.2103, valid_pr-0.7577
2022-11-21 11:02:39 - INFO - epoch-527, train_loss-0.1020, train_rmse-0.3194, valid_rmse-1.2018, valid_pr-0.7622
2022-11-21 11:02:48 - INFO - epoch-528, train_loss-0.1090, train_rmse-0.3302, valid_rmse-1.2104, valid_pr-0.7656
2022-11-21 11:02:57 - INFO - epoch-529, train_loss-0.1024, train_rmse-0.3200, valid_rmse-1.2123, valid_pr-0.7627
2022-11-21 11:03:06 - INFO - epoch-530, train_loss-0.1142, train_rmse-0.3379, valid_rmse-1.2032, valid_pr-0.7675
2022-11-21 11:03:15 - INFO - epoch-531, train_loss-0.1177, train_rmse-0.3431, valid_rmse-1.2185, valid_pr-0.7628
2022-11-21 11:03:24 - INFO - epoch-532, train_loss-0.1075, train_rmse-0.3279, valid_rmse-1.2114, valid_pr-0.7561
2022-11-21 11:03:34 - INFO - epoch-533, train_loss-0.1121, train_rmse-0.3348, valid_rmse-1.2006, valid_pr-0.7619
2022-11-21 11:03:43 - INFO - epoch-534, train_loss-0.1075, train_rmse-0.3279, valid_rmse-1.2142, valid_pr-0.7599
2022-11-21 11:03:52 - INFO - epoch-535, train_loss-0.1142, train_rmse-0.3379, valid_rmse-1.2067, valid_pr-0.7631
2022-11-21 11:04:01 - INFO - epoch-536, train_loss-0.1112, train_rmse-0.3335, valid_rmse-1.2082, valid_pr-0.7620
2022-11-21 11:04:10 - INFO - epoch-537, train_loss-0.1070, train_rmse-0.3271, valid_rmse-1.2177, valid_pr-0.7578
2022-11-21 11:04:19 - INFO - epoch-538, train_loss-0.1151, train_rmse-0.3392, valid_rmse-1.2363, valid_pr-0.7545
2022-11-21 11:04:28 - INFO - epoch-539, train_loss-0.1107, train_rmse-0.3328, valid_rmse-1.2370, valid_pr-0.7620
2022-11-21 11:04:37 - INFO - epoch-540, train_loss-0.1154, train_rmse-0.3396, valid_rmse-1.2188, valid_pr-0.7572
2022-11-21 11:04:46 - INFO - epoch-541, train_loss-0.1049, train_rmse-0.3239, valid_rmse-1.2080, valid_pr-0.7592
2022-11-21 11:04:55 - INFO - epoch-542, train_loss-0.1060, train_rmse-0.3255, valid_rmse-1.2196, valid_pr-0.7599
2022-11-21 11:05:04 - INFO - epoch-543, train_loss-0.1157, train_rmse-0.3401, valid_rmse-1.2073, valid_pr-0.7616
2022-11-21 11:05:13 - INFO - epoch-544, train_loss-0.1089, train_rmse-0.3300, valid_rmse-1.2351, valid_pr-0.7587
2022-11-21 11:05:22 - INFO - epoch-545, train_loss-0.1090, train_rmse-0.3301, valid_rmse-1.2111, valid_pr-0.7608
2022-11-21 11:05:31 - INFO - epoch-546, train_loss-0.1136, train_rmse-0.3370, valid_rmse-1.1913, valid_pr-0.7644
2022-11-21 11:05:40 - INFO - epoch-547, train_loss-0.1154, train_rmse-0.3396, valid_rmse-1.2163, valid_pr-0.7611
2022-11-21 11:05:50 - INFO - epoch-548, train_loss-0.1036, train_rmse-0.3219, valid_rmse-1.2238, valid_pr-0.7556
2022-11-21 11:05:59 - INFO - epoch-549, train_loss-0.1049, train_rmse-0.3238, valid_rmse-1.2159, valid_pr-0.7573
2022-11-21 11:06:08 - INFO - epoch-550, train_loss-0.1072, train_rmse-0.3275, valid_rmse-1.2192, valid_pr-0.7584
2022-11-21 11:06:17 - INFO - epoch-551, train_loss-0.1099, train_rmse-0.3315, valid_rmse-1.2159, valid_pr-0.7572
2022-11-21 11:06:26 - INFO - epoch-552, train_loss-0.1137, train_rmse-0.3373, valid_rmse-1.1988, valid_pr-0.7656
2022-11-21 11:06:35 - INFO - epoch-553, train_loss-0.1119, train_rmse-0.3346, valid_rmse-1.2017, valid_pr-0.7608
2022-11-21 11:06:44 - INFO - epoch-554, train_loss-0.1084, train_rmse-0.3293, valid_rmse-1.2093, valid_pr-0.7595
2022-11-21 11:06:53 - INFO - epoch-555, train_loss-0.1058, train_rmse-0.3252, valid_rmse-1.2238, valid_pr-0.7599
2022-11-21 11:07:02 - INFO - epoch-556, train_loss-0.1178, train_rmse-0.3432, valid_rmse-1.1999, valid_pr-0.7647
2022-11-21 11:07:12 - INFO - epoch-557, train_loss-0.1013, train_rmse-0.3182, valid_rmse-1.2060, valid_pr-0.7634
2022-11-21 11:07:21 - INFO - epoch-558, train_loss-0.1122, train_rmse-0.3350, valid_rmse-1.2320, valid_pr-0.7603
2022-11-21 11:07:30 - INFO - epoch-559, train_loss-0.0994, train_rmse-0.3153, valid_rmse-1.2042, valid_pr-0.7634
2022-11-21 11:07:39 - INFO - epoch-560, train_loss-0.1046, train_rmse-0.3235, valid_rmse-1.2097, valid_pr-0.7590
2022-11-21 11:07:48 - INFO - epoch-561, train_loss-0.1044, train_rmse-0.3231, valid_rmse-1.2176, valid_pr-0.7564
2022-11-21 11:07:57 - INFO - epoch-562, train_loss-0.1086, train_rmse-0.3295, valid_rmse-1.2228, valid_pr-0.7571
2022-11-21 11:08:06 - INFO - epoch-563, train_loss-0.1066, train_rmse-0.3266, valid_rmse-1.2281, valid_pr-0.7553
2022-11-21 11:08:15 - INFO - epoch-564, train_loss-0.1054, train_rmse-0.3247, valid_rmse-1.2414, valid_pr-0.7576
2022-11-21 11:08:24 - INFO - epoch-565, train_loss-0.1079, train_rmse-0.3285, valid_rmse-1.2128, valid_pr-0.7569
2022-11-21 11:08:33 - INFO - epoch-566, train_loss-0.1163, train_rmse-0.3410, valid_rmse-1.2070, valid_pr-0.7597
2022-11-21 11:08:43 - INFO - epoch-567, train_loss-0.1117, train_rmse-0.3343, valid_rmse-1.2149, valid_pr-0.7612
2022-11-21 11:08:52 - INFO - epoch-568, train_loss-0.1031, train_rmse-0.3210, valid_rmse-1.2492, valid_pr-0.7578
2022-11-21 11:09:01 - INFO - epoch-569, train_loss-0.1125, train_rmse-0.3354, valid_rmse-1.2173, valid_pr-0.7590
2022-11-21 11:09:10 - INFO - epoch-570, train_loss-0.0976, train_rmse-0.3124, valid_rmse-1.2056, valid_pr-0.7594
2022-11-21 11:09:19 - INFO - epoch-571, train_loss-0.1064, train_rmse-0.3262, valid_rmse-1.2243, valid_pr-0.7583
2022-11-21 11:09:28 - INFO - epoch-572, train_loss-0.1155, train_rmse-0.3399, valid_rmse-1.2068, valid_pr-0.7616
2022-11-21 11:09:37 - INFO - epoch-573, train_loss-0.1055, train_rmse-0.3249, valid_rmse-1.1962, valid_pr-0.7660
2022-11-21 11:09:46 - INFO - epoch-574, train_loss-0.1048, train_rmse-0.3237, valid_rmse-1.1994, valid_pr-0.7619
2022-11-21 11:09:55 - INFO - epoch-575, train_loss-0.1045, train_rmse-0.3233, valid_rmse-1.1998, valid_pr-0.7655
2022-11-21 11:10:04 - INFO - epoch-576, train_loss-0.1068, train_rmse-0.3269, valid_rmse-1.2199, valid_pr-0.7618
2022-11-21 11:10:13 - INFO - epoch-577, train_loss-0.1076, train_rmse-0.3280, valid_rmse-1.2334, valid_pr-0.7554
2022-11-21 11:10:22 - INFO - epoch-578, train_loss-0.1133, train_rmse-0.3366, valid_rmse-1.2333, valid_pr-0.7663
2022-11-21 11:10:31 - INFO - epoch-579, train_loss-0.1067, train_rmse-0.3266, valid_rmse-1.2088, valid_pr-0.7577
2022-11-21 11:10:40 - INFO - epoch-580, train_loss-0.1005, train_rmse-0.3170, valid_rmse-1.2135, valid_pr-0.7563
2022-11-21 11:10:49 - INFO - epoch-581, train_loss-0.0984, train_rmse-0.3137, valid_rmse-1.1995, valid_pr-0.7624
2022-11-21 11:10:58 - INFO - epoch-582, train_loss-0.1012, train_rmse-0.3182, valid_rmse-1.2139, valid_pr-0.7625
2022-11-21 11:11:07 - INFO - epoch-583, train_loss-0.1008, train_rmse-0.3175, valid_rmse-1.2109, valid_pr-0.7593
2022-11-21 11:11:16 - INFO - epoch-584, train_loss-0.1135, train_rmse-0.3369, valid_rmse-1.2090, valid_pr-0.7612
2022-11-21 11:11:26 - INFO - epoch-585, train_loss-0.1009, train_rmse-0.3177, valid_rmse-1.2117, valid_pr-0.7613
2022-11-21 11:11:35 - INFO - epoch-586, train_loss-0.1015, train_rmse-0.3187, valid_rmse-1.2303, valid_pr-0.7581
2022-11-21 11:11:44 - INFO - epoch-587, train_loss-0.0927, train_rmse-0.3045, valid_rmse-1.2116, valid_pr-0.7595
2022-11-21 11:11:53 - INFO - epoch-588, train_loss-0.1051, train_rmse-0.3242, valid_rmse-1.1930, valid_pr-0.7675
2022-11-21 11:12:02 - INFO - epoch-589, train_loss-0.1033, train_rmse-0.3214, valid_rmse-1.2082, valid_pr-0.7600
2022-11-21 11:12:11 - INFO - epoch-590, train_loss-0.1042, train_rmse-0.3228, valid_rmse-1.1941, valid_pr-0.7683
2022-11-21 11:12:20 - INFO - epoch-591, train_loss-0.1000, train_rmse-0.3162, valid_rmse-1.2017, valid_pr-0.7643
2022-11-21 11:12:29 - INFO - epoch-592, train_loss-0.1003, train_rmse-0.3167, valid_rmse-1.2133, valid_pr-0.7605
2022-11-21 11:12:38 - INFO - epoch-593, train_loss-0.0989, train_rmse-0.3145, valid_rmse-1.2389, valid_pr-0.7521
2022-11-21 11:12:47 - INFO - epoch-594, train_loss-0.0983, train_rmse-0.3136, valid_rmse-1.2147, valid_pr-0.7614
2022-11-21 11:12:56 - INFO - epoch-595, train_loss-0.1092, train_rmse-0.3304, valid_rmse-1.1986, valid_pr-0.7631
2022-11-21 11:13:06 - INFO - epoch-596, train_loss-0.1018, train_rmse-0.3191, valid_rmse-1.2074, valid_pr-0.7612
2022-11-21 11:13:15 - INFO - epoch-597, train_loss-0.1081, train_rmse-0.3287, valid_rmse-1.2161, valid_pr-0.7584
2022-11-21 11:13:24 - INFO - epoch-598, train_loss-0.0960, train_rmse-0.3098, valid_rmse-1.2107, valid_pr-0.7636
2022-11-21 11:13:33 - INFO - epoch-599, train_loss-0.1006, train_rmse-0.3172, valid_rmse-1.2183, valid_pr-0.7579
2022-11-21 11:13:39 - INFO - valid_rmse-1.1913, valid_pr-0.7644, test2013_rmse-1.4145, test2013_pr-0.8075, test2016_rmse-1.2403, test2016_pr-0.8325, test2019_rmse-1.4092, test2019_pr-0.6254,
