2022-11-21 12:28:38 - INFO - /data2/yzd/project/PotentialNet/train_PN.py
2022-11-21 12:28:38 - INFO - train data: 11904
2022-11-21 12:28:38 - INFO - valid data: 1000
2022-11-21 12:28:38 - INFO - test2013 data: 107
2022-11-21 12:28:38 - INFO - test2016 data: 285
2022-11-21 12:28:38 - INFO - test2019 data: 4366
2022-11-21 12:28:48 - INFO - epoch-0, train_loss-17.9306, train_rmse-4.2345, valid_rmse-3.0509, valid_pr-0.2794
2022-11-21 12:28:59 - INFO - epoch-1, train_loss-8.7078, train_rmse-2.9509, valid_rmse-2.6489, valid_pr-0.3380
2022-11-21 12:29:09 - INFO - epoch-2, train_loss-6.7633, train_rmse-2.6006, valid_rmse-2.4564, valid_pr-0.3736
2022-11-21 12:29:20 - INFO - epoch-3, train_loss-6.1141, train_rmse-2.4727, valid_rmse-2.3100, valid_pr-0.3563
2022-11-21 12:29:30 - INFO - epoch-4, train_loss-5.7347, train_rmse-2.3947, valid_rmse-2.3611, valid_pr-0.3982
2022-11-21 12:29:41 - INFO - epoch-5, train_loss-5.3092, train_rmse-2.3042, valid_rmse-2.4212, valid_pr-0.4165
2022-11-21 12:29:51 - INFO - epoch-6, train_loss-4.9674, train_rmse-2.2288, valid_rmse-2.2208, valid_pr-0.4107
2022-11-21 12:30:01 - INFO - epoch-7, train_loss-4.6619, train_rmse-2.1592, valid_rmse-2.0495, valid_pr-0.3999
2022-11-21 12:30:11 - INFO - epoch-8, train_loss-4.5067, train_rmse-2.1229, valid_rmse-1.9878, valid_pr-0.4356
2022-11-21 12:30:21 - INFO - epoch-9, train_loss-4.3176, train_rmse-2.0779, valid_rmse-2.2308, valid_pr-0.4449
2022-11-21 12:30:31 - INFO - epoch-10, train_loss-4.1447, train_rmse-2.0359, valid_rmse-2.3461, valid_pr-0.4460
2022-11-21 12:30:42 - INFO - epoch-11, train_loss-3.9170, train_rmse-1.9792, valid_rmse-2.0564, valid_pr-0.4547
2022-11-21 12:30:52 - INFO - epoch-12, train_loss-3.6518, train_rmse-1.9110, valid_rmse-1.8466, valid_pr-0.4732
2022-11-21 12:31:02 - INFO - epoch-13, train_loss-3.4750, train_rmse-1.8641, valid_rmse-2.1019, valid_pr-0.4557
2022-11-21 12:31:13 - INFO - epoch-14, train_loss-3.4332, train_rmse-1.8529, valid_rmse-1.7519, valid_pr-0.4916
2022-11-21 12:31:24 - INFO - epoch-15, train_loss-3.3746, train_rmse-1.8370, valid_rmse-1.9251, valid_pr-0.4751
2022-11-21 12:31:34 - INFO - epoch-16, train_loss-3.2094, train_rmse-1.7915, valid_rmse-1.9462, valid_pr-0.4713
2022-11-21 12:31:44 - INFO - epoch-17, train_loss-3.1329, train_rmse-1.7700, valid_rmse-1.6792, valid_pr-0.5129
2022-11-21 12:31:54 - INFO - epoch-18, train_loss-3.0484, train_rmse-1.7460, valid_rmse-1.7290, valid_pr-0.4966
2022-11-21 12:32:05 - INFO - epoch-19, train_loss-2.9425, train_rmse-1.7154, valid_rmse-1.6789, valid_pr-0.4991
2022-11-21 12:32:16 - INFO - epoch-20, train_loss-2.9162, train_rmse-1.7077, valid_rmse-1.7105, valid_pr-0.4689
2022-11-21 12:32:26 - INFO - epoch-21, train_loss-2.9046, train_rmse-1.7043, valid_rmse-1.6310, valid_pr-0.5319
2022-11-21 12:32:36 - INFO - epoch-22, train_loss-2.8297, train_rmse-1.6822, valid_rmse-1.6703, valid_pr-0.5225
2022-11-21 12:32:47 - INFO - epoch-23, train_loss-2.7361, train_rmse-1.6541, valid_rmse-1.5656, valid_pr-0.5476
2022-11-21 12:32:58 - INFO - epoch-24, train_loss-2.7049, train_rmse-1.6446, valid_rmse-1.6882, valid_pr-0.5449
2022-11-21 12:33:08 - INFO - epoch-25, train_loss-2.6649, train_rmse-1.6324, valid_rmse-1.7510, valid_pr-0.5236
2022-11-21 12:33:19 - INFO - epoch-26, train_loss-2.6437, train_rmse-1.6259, valid_rmse-1.6511, valid_pr-0.5482
2022-11-21 12:33:29 - INFO - epoch-27, train_loss-2.6018, train_rmse-1.6130, valid_rmse-1.7148, valid_pr-0.5561
2022-11-21 12:33:40 - INFO - epoch-28, train_loss-2.6020, train_rmse-1.6131, valid_rmse-1.6911, valid_pr-0.5596
2022-11-21 12:33:51 - INFO - epoch-29, train_loss-2.5865, train_rmse-1.6083, valid_rmse-1.6862, valid_pr-0.5561
2022-11-21 12:34:01 - INFO - epoch-30, train_loss-2.5286, train_rmse-1.5902, valid_rmse-1.7481, valid_pr-0.5665
2022-11-21 12:34:12 - INFO - epoch-31, train_loss-2.5144, train_rmse-1.5857, valid_rmse-1.7024, valid_pr-0.5439
2022-11-21 12:34:23 - INFO - epoch-32, train_loss-2.5104, train_rmse-1.5844, valid_rmse-1.6894, valid_pr-0.5608
2022-11-21 12:34:33 - INFO - epoch-33, train_loss-2.4601, train_rmse-1.5685, valid_rmse-1.6198, valid_pr-0.5672
2022-11-21 12:34:44 - INFO - epoch-34, train_loss-2.4526, train_rmse-1.5661, valid_rmse-1.7344, valid_pr-0.5704
2022-11-21 12:34:55 - INFO - epoch-35, train_loss-2.4495, train_rmse-1.5651, valid_rmse-1.6467, valid_pr-0.5723
2022-11-21 12:35:05 - INFO - epoch-36, train_loss-2.4479, train_rmse-1.5646, valid_rmse-1.6728, valid_pr-0.5715
2022-11-21 12:35:16 - INFO - epoch-37, train_loss-2.4478, train_rmse-1.5645, valid_rmse-1.7444, valid_pr-0.5665
2022-11-21 12:35:27 - INFO - epoch-38, train_loss-2.4105, train_rmse-1.5526, valid_rmse-1.6341, valid_pr-0.5763
2022-11-21 12:35:37 - INFO - epoch-39, train_loss-2.3892, train_rmse-1.5457, valid_rmse-1.7099, valid_pr-0.5830
2022-11-21 12:35:48 - INFO - epoch-40, train_loss-2.3738, train_rmse-1.5407, valid_rmse-1.7191, valid_pr-0.5760
2022-11-21 12:35:58 - INFO - epoch-41, train_loss-2.3570, train_rmse-1.5353, valid_rmse-1.8039, valid_pr-0.5844
2022-11-21 12:36:09 - INFO - epoch-42, train_loss-2.3622, train_rmse-1.5370, valid_rmse-1.6633, valid_pr-0.5773
2022-11-21 12:36:19 - INFO - epoch-43, train_loss-2.3608, train_rmse-1.5365, valid_rmse-1.7185, valid_pr-0.5896
2022-11-21 12:36:29 - INFO - epoch-44, train_loss-2.3467, train_rmse-1.5319, valid_rmse-1.6684, valid_pr-0.5534
2022-11-21 12:36:39 - INFO - epoch-45, train_loss-2.3321, train_rmse-1.5271, valid_rmse-1.6952, valid_pr-0.5893
2022-11-21 12:36:50 - INFO - epoch-46, train_loss-2.3118, train_rmse-1.5205, valid_rmse-1.7041, valid_pr-0.5799
2022-11-21 12:37:00 - INFO - epoch-47, train_loss-2.3309, train_rmse-1.5267, valid_rmse-1.7659, valid_pr-0.5882
2022-11-21 12:37:11 - INFO - epoch-48, train_loss-2.2815, train_rmse-1.5104, valid_rmse-1.7094, valid_pr-0.5900
2022-11-21 12:37:21 - INFO - epoch-49, train_loss-2.2740, train_rmse-1.5080, valid_rmse-1.7591, valid_pr-0.5881
2022-11-21 12:37:32 - INFO - epoch-50, train_loss-2.2801, train_rmse-1.5100, valid_rmse-1.7117, valid_pr-0.5772
2022-11-21 12:37:42 - INFO - epoch-51, train_loss-2.2508, train_rmse-1.5003, valid_rmse-1.7243, valid_pr-0.5918
2022-11-21 12:37:53 - INFO - epoch-52, train_loss-2.2414, train_rmse-1.4971, valid_rmse-1.6839, valid_pr-0.5719
2022-11-21 12:38:04 - INFO - epoch-53, train_loss-2.2467, train_rmse-1.4989, valid_rmse-1.6246, valid_pr-0.5994
2022-11-21 12:38:14 - INFO - epoch-54, train_loss-2.2319, train_rmse-1.4940, valid_rmse-1.6699, valid_pr-0.5912
2022-11-21 12:38:29 - INFO - epoch-55, train_loss-2.2285, train_rmse-1.4928, valid_rmse-1.6766, valid_pr-0.5888
2022-11-21 12:38:44 - INFO - epoch-56, train_loss-2.2198, train_rmse-1.4899, valid_rmse-1.6902, valid_pr-0.6043
2022-11-21 12:38:58 - INFO - epoch-57, train_loss-2.1869, train_rmse-1.4788, valid_rmse-1.6287, valid_pr-0.5865
2022-11-21 12:39:12 - INFO - epoch-58, train_loss-2.1691, train_rmse-1.4728, valid_rmse-1.7050, valid_pr-0.6039
2022-11-21 12:39:25 - INFO - epoch-59, train_loss-2.1921, train_rmse-1.4806, valid_rmse-1.7212, valid_pr-0.5920
2022-11-21 12:39:40 - INFO - epoch-60, train_loss-2.1783, train_rmse-1.4759, valid_rmse-1.7114, valid_pr-0.5909
2022-11-21 12:39:54 - INFO - epoch-61, train_loss-2.1553, train_rmse-1.4681, valid_rmse-1.6579, valid_pr-0.6135
2022-11-21 12:40:10 - INFO - epoch-62, train_loss-2.1319, train_rmse-1.4601, valid_rmse-1.6204, valid_pr-0.6056
2022-11-21 12:40:24 - INFO - epoch-63, train_loss-2.1579, train_rmse-1.4690, valid_rmse-1.7142, valid_pr-0.6146
2022-11-21 12:40:39 - INFO - epoch-64, train_loss-2.1590, train_rmse-1.4694, valid_rmse-1.6382, valid_pr-0.6025
2022-11-21 12:40:53 - INFO - epoch-65, train_loss-2.1239, train_rmse-1.4574, valid_rmse-1.6314, valid_pr-0.5835
2022-11-21 12:41:07 - INFO - epoch-66, train_loss-2.1410, train_rmse-1.4632, valid_rmse-1.6929, valid_pr-0.6069
2022-11-21 12:41:22 - INFO - epoch-67, train_loss-2.0939, train_rmse-1.4470, valid_rmse-1.7161, valid_pr-0.5795
2022-11-21 12:41:36 - INFO - epoch-68, train_loss-2.0797, train_rmse-1.4421, valid_rmse-1.5935, valid_pr-0.6257
2022-11-21 12:41:49 - INFO - epoch-69, train_loss-2.0970, train_rmse-1.4481, valid_rmse-1.6354, valid_pr-0.5720
2022-11-21 12:42:04 - INFO - epoch-70, train_loss-2.1004, train_rmse-1.4493, valid_rmse-1.6740, valid_pr-0.6117
2022-11-21 12:42:16 - INFO - epoch-71, train_loss-2.0387, train_rmse-1.4278, valid_rmse-1.6869, valid_pr-0.6066
2022-11-21 12:42:26 - INFO - epoch-72, train_loss-2.0633, train_rmse-1.4364, valid_rmse-1.7006, valid_pr-0.6122
2022-11-21 12:42:36 - INFO - epoch-73, train_loss-2.0411, train_rmse-1.4287, valid_rmse-1.6787, valid_pr-0.6247
2022-11-21 12:42:47 - INFO - epoch-74, train_loss-2.0512, train_rmse-1.4322, valid_rmse-1.7124, valid_pr-0.6039
2022-11-21 12:42:58 - INFO - epoch-75, train_loss-2.0177, train_rmse-1.4205, valid_rmse-1.6109, valid_pr-0.6180
2022-11-21 12:43:08 - INFO - epoch-76, train_loss-2.0288, train_rmse-1.4244, valid_rmse-1.6816, valid_pr-0.6274
2022-11-21 12:43:18 - INFO - epoch-77, train_loss-2.0011, train_rmse-1.4146, valid_rmse-1.6183, valid_pr-0.6144
2022-11-21 12:43:29 - INFO - epoch-78, train_loss-2.0062, train_rmse-1.4164, valid_rmse-1.6866, valid_pr-0.6211
2022-11-21 12:43:39 - INFO - epoch-79, train_loss-1.9885, train_rmse-1.4102, valid_rmse-1.6283, valid_pr-0.6171
2022-11-21 12:43:50 - INFO - epoch-80, train_loss-2.0037, train_rmse-1.4155, valid_rmse-1.6065, valid_pr-0.6329
2022-11-21 12:44:00 - INFO - epoch-81, train_loss-1.9865, train_rmse-1.4094, valid_rmse-1.6073, valid_pr-0.5957
2022-11-21 12:44:11 - INFO - epoch-82, train_loss-1.9786, train_rmse-1.4066, valid_rmse-1.7120, valid_pr-0.6023
2022-11-21 12:44:22 - INFO - epoch-83, train_loss-1.9627, train_rmse-1.4010, valid_rmse-1.7007, valid_pr-0.6275
2022-11-21 12:44:36 - INFO - epoch-84, train_loss-1.9631, train_rmse-1.4011, valid_rmse-1.7536, valid_pr-0.6203
2022-11-21 12:44:51 - INFO - epoch-85, train_loss-1.9642, train_rmse-1.4015, valid_rmse-1.6852, valid_pr-0.6285
2022-11-21 12:45:07 - INFO - epoch-86, train_loss-1.9275, train_rmse-1.3883, valid_rmse-1.5997, valid_pr-0.6256
2022-11-21 12:45:19 - INFO - epoch-87, train_loss-1.9236, train_rmse-1.3869, valid_rmse-1.6682, valid_pr-0.6401
2022-11-21 12:45:34 - INFO - epoch-88, train_loss-1.9269, train_rmse-1.3881, valid_rmse-1.6331, valid_pr-0.6332
2022-11-21 12:45:50 - INFO - epoch-89, train_loss-1.9020, train_rmse-1.3791, valid_rmse-1.5825, valid_pr-0.6253
2022-11-21 12:46:05 - INFO - epoch-90, train_loss-1.8931, train_rmse-1.3759, valid_rmse-1.6630, valid_pr-0.6087
2022-11-21 12:46:21 - INFO - epoch-91, train_loss-1.8736, train_rmse-1.3688, valid_rmse-1.5567, valid_pr-0.6144
2022-11-21 12:46:36 - INFO - epoch-92, train_loss-1.9009, train_rmse-1.3787, valid_rmse-1.6004, valid_pr-0.6287
2022-11-21 12:46:50 - INFO - epoch-93, train_loss-1.8765, train_rmse-1.3698, valid_rmse-1.5781, valid_pr-0.6327
2022-11-21 12:47:06 - INFO - epoch-94, train_loss-1.8649, train_rmse-1.3656, valid_rmse-1.6088, valid_pr-0.6382
2022-11-21 12:47:20 - INFO - epoch-95, train_loss-1.8685, train_rmse-1.3669, valid_rmse-1.6083, valid_pr-0.6333
2022-11-21 12:47:31 - INFO - epoch-96, train_loss-1.8472, train_rmse-1.3591, valid_rmse-1.6091, valid_pr-0.6421
2022-11-21 12:47:41 - INFO - epoch-97, train_loss-1.8481, train_rmse-1.3594, valid_rmse-1.5861, valid_pr-0.6452
2022-11-21 12:47:51 - INFO - epoch-98, train_loss-1.8503, train_rmse-1.3603, valid_rmse-1.4833, valid_pr-0.6463
2022-11-21 12:48:06 - INFO - epoch-99, train_loss-1.8519, train_rmse-1.3608, valid_rmse-1.6342, valid_pr-0.6379
2022-11-21 12:48:27 - INFO - epoch-100, train_loss-1.8058, train_rmse-1.3438, valid_rmse-1.5536, valid_pr-0.6414
2022-11-21 12:48:43 - INFO - epoch-101, train_loss-1.8119, train_rmse-1.3461, valid_rmse-1.5547, valid_pr-0.6400
2022-11-21 12:48:57 - INFO - epoch-102, train_loss-1.7994, train_rmse-1.3414, valid_rmse-1.5600, valid_pr-0.6439
2022-11-21 12:49:13 - INFO - epoch-103, train_loss-1.8001, train_rmse-1.3417, valid_rmse-1.5865, valid_pr-0.6232
2022-11-21 12:49:28 - INFO - epoch-104, train_loss-1.7970, train_rmse-1.3405, valid_rmse-1.6143, valid_pr-0.6486
2022-11-21 12:49:42 - INFO - epoch-105, train_loss-1.7954, train_rmse-1.3399, valid_rmse-1.6265, valid_pr-0.6432
2022-11-21 12:49:59 - INFO - epoch-106, train_loss-1.7679, train_rmse-1.3296, valid_rmse-1.6262, valid_pr-0.6006
2022-11-21 12:50:14 - INFO - epoch-107, train_loss-1.7658, train_rmse-1.3288, valid_rmse-1.5963, valid_pr-0.6282
2022-11-21 12:50:28 - INFO - epoch-108, train_loss-1.7933, train_rmse-1.3391, valid_rmse-1.5280, valid_pr-0.6397
2022-11-21 12:50:44 - INFO - epoch-109, train_loss-1.7576, train_rmse-1.3258, valid_rmse-1.6396, valid_pr-0.6227
2022-11-21 12:51:00 - INFO - epoch-110, train_loss-1.7305, train_rmse-1.3155, valid_rmse-1.6223, valid_pr-0.6407
2022-11-21 12:51:15 - INFO - epoch-111, train_loss-1.7433, train_rmse-1.3203, valid_rmse-1.5548, valid_pr-0.6395
2022-11-21 12:51:30 - INFO - epoch-112, train_loss-1.7285, train_rmse-1.3147, valid_rmse-1.6903, valid_pr-0.6230
2022-11-21 12:51:46 - INFO - epoch-113, train_loss-1.7278, train_rmse-1.3144, valid_rmse-1.5235, valid_pr-0.6412
2022-11-21 12:52:03 - INFO - epoch-114, train_loss-1.7288, train_rmse-1.3148, valid_rmse-1.5277, valid_pr-0.6478
2022-11-21 12:52:20 - INFO - epoch-115, train_loss-1.7035, train_rmse-1.3052, valid_rmse-1.5881, valid_pr-0.6499
2022-11-21 12:52:36 - INFO - epoch-116, train_loss-1.7087, train_rmse-1.3072, valid_rmse-1.5682, valid_pr-0.6449
2022-11-21 12:52:52 - INFO - epoch-117, train_loss-1.6782, train_rmse-1.2954, valid_rmse-1.5747, valid_pr-0.6414
2022-11-21 12:53:09 - INFO - epoch-118, train_loss-1.6902, train_rmse-1.3001, valid_rmse-1.6099, valid_pr-0.6339
2022-11-21 12:53:26 - INFO - epoch-119, train_loss-1.6837, train_rmse-1.2976, valid_rmse-1.6129, valid_pr-0.6432
2022-11-21 12:53:42 - INFO - epoch-120, train_loss-1.6807, train_rmse-1.2964, valid_rmse-1.7098, valid_pr-0.6353
2022-11-21 12:53:58 - INFO - epoch-121, train_loss-1.6835, train_rmse-1.2975, valid_rmse-1.6330, valid_pr-0.6362
2022-11-21 12:54:16 - INFO - epoch-122, train_loss-1.6715, train_rmse-1.2929, valid_rmse-1.5480, valid_pr-0.6567
2022-11-21 12:54:31 - INFO - epoch-123, train_loss-1.6447, train_rmse-1.2825, valid_rmse-1.5457, valid_pr-0.6481
2022-11-21 12:54:47 - INFO - epoch-124, train_loss-1.6507, train_rmse-1.2848, valid_rmse-1.5914, valid_pr-0.6531
2022-11-21 12:55:03 - INFO - epoch-125, train_loss-1.6512, train_rmse-1.2850, valid_rmse-1.6028, valid_pr-0.6270
2022-11-21 12:55:19 - INFO - epoch-126, train_loss-1.6218, train_rmse-1.2735, valid_rmse-1.6100, valid_pr-0.6443
2022-11-21 12:55:36 - INFO - epoch-127, train_loss-1.6143, train_rmse-1.2705, valid_rmse-1.4856, valid_pr-0.6585
2022-11-21 12:55:52 - INFO - epoch-128, train_loss-1.6370, train_rmse-1.2795, valid_rmse-1.5629, valid_pr-0.6574
2022-11-21 12:56:07 - INFO - epoch-129, train_loss-1.6088, train_rmse-1.2684, valid_rmse-1.5515, valid_pr-0.6525
2022-11-21 12:56:21 - INFO - epoch-130, train_loss-1.6112, train_rmse-1.2693, valid_rmse-1.5966, valid_pr-0.6483
2022-11-21 12:56:38 - INFO - epoch-131, train_loss-1.6273, train_rmse-1.2757, valid_rmse-1.6199, valid_pr-0.6449
2022-11-21 12:56:54 - INFO - epoch-132, train_loss-1.5849, train_rmse-1.2589, valid_rmse-1.5817, valid_pr-0.6489
2022-11-21 12:57:09 - INFO - epoch-133, train_loss-1.5987, train_rmse-1.2644, valid_rmse-1.5698, valid_pr-0.6442
2022-11-21 12:57:24 - INFO - epoch-134, train_loss-1.5704, train_rmse-1.2532, valid_rmse-1.5310, valid_pr-0.6553
2022-11-21 12:57:38 - INFO - epoch-135, train_loss-1.5866, train_rmse-1.2596, valid_rmse-1.6103, valid_pr-0.6430
2022-11-21 12:57:52 - INFO - epoch-136, train_loss-1.5548, train_rmse-1.2469, valid_rmse-1.5993, valid_pr-0.6504
2022-11-21 12:58:07 - INFO - epoch-137, train_loss-1.5826, train_rmse-1.2580, valid_rmse-1.5549, valid_pr-0.6549
2022-11-21 12:58:22 - INFO - epoch-138, train_loss-1.5996, train_rmse-1.2648, valid_rmse-1.6082, valid_pr-0.6374
2022-11-21 12:58:36 - INFO - epoch-139, train_loss-1.5744, train_rmse-1.2548, valid_rmse-1.5845, valid_pr-0.6483
2022-11-21 12:58:51 - INFO - epoch-140, train_loss-1.5516, train_rmse-1.2456, valid_rmse-1.5279, valid_pr-0.6408
2022-11-21 12:59:07 - INFO - epoch-141, train_loss-1.5508, train_rmse-1.2453, valid_rmse-1.6887, valid_pr-0.6301
2022-11-21 12:59:21 - INFO - epoch-142, train_loss-1.5729, train_rmse-1.2541, valid_rmse-1.5561, valid_pr-0.6485
2022-11-21 12:59:35 - INFO - epoch-143, train_loss-1.5351, train_rmse-1.2390, valid_rmse-1.5388, valid_pr-0.6467
2022-11-21 12:59:54 - INFO - epoch-144, train_loss-1.5475, train_rmse-1.2440, valid_rmse-1.5488, valid_pr-0.6605
2022-11-21 13:00:11 - INFO - epoch-145, train_loss-1.5388, train_rmse-1.2405, valid_rmse-1.5781, valid_pr-0.6488
2022-11-21 13:00:26 - INFO - epoch-146, train_loss-1.5278, train_rmse-1.2361, valid_rmse-1.5683, valid_pr-0.6456
2022-11-21 13:00:42 - INFO - epoch-147, train_loss-1.5160, train_rmse-1.2313, valid_rmse-1.5768, valid_pr-0.6537
2022-11-21 13:00:57 - INFO - epoch-148, train_loss-1.5047, train_rmse-1.2266, valid_rmse-1.5239, valid_pr-0.6676
2022-11-21 13:01:12 - INFO - epoch-149, train_loss-1.5053, train_rmse-1.2269, valid_rmse-1.5251, valid_pr-0.6685
2022-11-21 13:01:26 - INFO - epoch-150, train_loss-1.5200, train_rmse-1.2329, valid_rmse-1.4999, valid_pr-0.6609
2022-11-21 13:01:42 - INFO - epoch-151, train_loss-1.4816, train_rmse-1.2172, valid_rmse-1.5348, valid_pr-0.6455
2022-11-21 13:01:59 - INFO - epoch-152, train_loss-1.4893, train_rmse-1.2203, valid_rmse-1.4911, valid_pr-0.6663
2022-11-21 13:02:14 - INFO - epoch-153, train_loss-1.4786, train_rmse-1.2160, valid_rmse-1.5853, valid_pr-0.6430
2022-11-21 13:02:29 - INFO - epoch-154, train_loss-1.4835, train_rmse-1.2180, valid_rmse-1.5788, valid_pr-0.6437
2022-11-21 13:02:45 - INFO - epoch-155, train_loss-1.4783, train_rmse-1.2158, valid_rmse-1.5742, valid_pr-0.6621
2022-11-21 13:03:00 - INFO - epoch-156, train_loss-1.4484, train_rmse-1.2035, valid_rmse-1.5379, valid_pr-0.6507
2022-11-21 13:03:15 - INFO - epoch-157, train_loss-1.4717, train_rmse-1.2131, valid_rmse-1.4798, valid_pr-0.6594
2022-11-21 13:03:30 - INFO - epoch-158, train_loss-1.4465, train_rmse-1.2027, valid_rmse-1.5835, valid_pr-0.6414
2022-11-21 13:03:45 - INFO - epoch-159, train_loss-1.4332, train_rmse-1.1971, valid_rmse-1.5534, valid_pr-0.6634
2022-11-21 13:04:00 - INFO - epoch-160, train_loss-1.4571, train_rmse-1.2071, valid_rmse-1.5094, valid_pr-0.6645
2022-11-21 13:04:16 - INFO - epoch-161, train_loss-1.4511, train_rmse-1.2046, valid_rmse-1.5555, valid_pr-0.6476
2022-11-21 13:04:30 - INFO - epoch-162, train_loss-1.4377, train_rmse-1.1990, valid_rmse-1.5517, valid_pr-0.6481
2022-11-21 13:04:45 - INFO - epoch-163, train_loss-1.4313, train_rmse-1.1964, valid_rmse-1.4643, valid_pr-0.6607
2022-11-21 13:04:59 - INFO - epoch-164, train_loss-1.4297, train_rmse-1.1957, valid_rmse-1.5672, valid_pr-0.6493
2022-11-21 13:05:15 - INFO - epoch-165, train_loss-1.4248, train_rmse-1.1936, valid_rmse-1.5941, valid_pr-0.6659
2022-11-21 13:05:32 - INFO - epoch-166, train_loss-1.4223, train_rmse-1.1926, valid_rmse-1.4808, valid_pr-0.6705
2022-11-21 13:05:50 - INFO - epoch-167, train_loss-1.4197, train_rmse-1.1915, valid_rmse-1.6146, valid_pr-0.6482
2022-11-21 13:06:06 - INFO - epoch-168, train_loss-1.4135, train_rmse-1.1889, valid_rmse-1.5110, valid_pr-0.6652
2022-11-21 13:06:20 - INFO - epoch-169, train_loss-1.3962, train_rmse-1.1816, valid_rmse-1.5402, valid_pr-0.6507
2022-11-21 13:06:37 - INFO - epoch-170, train_loss-1.3941, train_rmse-1.1807, valid_rmse-1.5735, valid_pr-0.6483
2022-11-21 13:06:53 - INFO - epoch-171, train_loss-1.3986, train_rmse-1.1826, valid_rmse-1.5641, valid_pr-0.6556
2022-11-21 13:07:07 - INFO - epoch-172, train_loss-1.4086, train_rmse-1.1869, valid_rmse-1.5099, valid_pr-0.6698
2022-11-21 13:07:21 - INFO - epoch-173, train_loss-1.3927, train_rmse-1.1801, valid_rmse-1.5952, valid_pr-0.6452
2022-11-21 13:07:36 - INFO - epoch-174, train_loss-1.3999, train_rmse-1.1832, valid_rmse-1.5315, valid_pr-0.6467
2022-11-21 13:07:51 - INFO - epoch-175, train_loss-1.3755, train_rmse-1.1728, valid_rmse-1.5480, valid_pr-0.6503
2022-11-21 13:08:04 - INFO - epoch-176, train_loss-1.3607, train_rmse-1.1665, valid_rmse-1.5012, valid_pr-0.6500
2022-11-21 13:08:20 - INFO - epoch-177, train_loss-1.3536, train_rmse-1.1634, valid_rmse-1.5106, valid_pr-0.6595
2022-11-21 13:08:35 - INFO - epoch-178, train_loss-1.3541, train_rmse-1.1637, valid_rmse-1.5423, valid_pr-0.6529
2022-11-21 13:08:50 - INFO - epoch-179, train_loss-1.3687, train_rmse-1.1699, valid_rmse-1.5794, valid_pr-0.6485
2022-11-21 13:09:04 - INFO - epoch-180, train_loss-1.3420, train_rmse-1.1585, valid_rmse-1.5281, valid_pr-0.6521
2022-11-21 13:09:21 - INFO - epoch-181, train_loss-1.3487, train_rmse-1.1613, valid_rmse-1.5821, valid_pr-0.6390
2022-11-21 13:09:37 - INFO - epoch-182, train_loss-1.3604, train_rmse-1.1664, valid_rmse-1.5118, valid_pr-0.6434
2022-11-21 13:09:51 - INFO - epoch-183, train_loss-1.3368, train_rmse-1.1562, valid_rmse-1.4510, valid_pr-0.6516
2022-11-21 13:10:06 - INFO - epoch-184, train_loss-1.3300, train_rmse-1.1533, valid_rmse-1.5017, valid_pr-0.6538
2022-11-21 13:10:20 - INFO - epoch-185, train_loss-1.3373, train_rmse-1.1564, valid_rmse-1.5217, valid_pr-0.6481
2022-11-21 13:10:35 - INFO - epoch-186, train_loss-1.3331, train_rmse-1.1546, valid_rmse-1.4709, valid_pr-0.6589
2022-11-21 13:10:51 - INFO - epoch-187, train_loss-1.3295, train_rmse-1.1531, valid_rmse-1.5431, valid_pr-0.6378
2022-11-21 13:11:05 - INFO - epoch-188, train_loss-1.3289, train_rmse-1.1528, valid_rmse-1.5541, valid_pr-0.6360
2022-11-21 13:11:20 - INFO - epoch-189, train_loss-1.3278, train_rmse-1.1523, valid_rmse-1.4529, valid_pr-0.6607
2022-11-21 13:11:35 - INFO - epoch-190, train_loss-1.2974, train_rmse-1.1390, valid_rmse-1.5509, valid_pr-0.6503
2022-11-21 13:11:53 - INFO - epoch-191, train_loss-1.3244, train_rmse-1.1508, valid_rmse-1.5187, valid_pr-0.6579
2022-11-21 13:12:09 - INFO - epoch-192, train_loss-1.3138, train_rmse-1.1462, valid_rmse-1.6656, valid_pr-0.6279
2022-11-21 13:12:24 - INFO - epoch-193, train_loss-1.3164, train_rmse-1.1473, valid_rmse-1.5951, valid_pr-0.6522
2022-11-21 13:12:39 - INFO - epoch-194, train_loss-1.3035, train_rmse-1.1417, valid_rmse-1.5766, valid_pr-0.6550
2022-11-21 13:12:54 - INFO - epoch-195, train_loss-1.3047, train_rmse-1.1422, valid_rmse-1.5010, valid_pr-0.6528
2022-11-21 13:13:08 - INFO - epoch-196, train_loss-1.3131, train_rmse-1.1459, valid_rmse-1.5120, valid_pr-0.6410
2022-11-21 13:13:22 - INFO - epoch-197, train_loss-1.2942, train_rmse-1.1376, valid_rmse-1.5062, valid_pr-0.6663
2022-11-21 13:13:37 - INFO - epoch-198, train_loss-1.2866, train_rmse-1.1343, valid_rmse-1.5728, valid_pr-0.6520
2022-11-21 13:13:51 - INFO - epoch-199, train_loss-1.2886, train_rmse-1.1352, valid_rmse-1.5582, valid_pr-0.6572
2022-11-21 13:14:06 - INFO - epoch-200, train_loss-1.3098, train_rmse-1.1445, valid_rmse-1.5013, valid_pr-0.6545
2022-11-21 13:14:21 - INFO - epoch-201, train_loss-1.2870, train_rmse-1.1345, valid_rmse-1.5601, valid_pr-0.6432
2022-11-21 13:14:39 - INFO - epoch-202, train_loss-1.2896, train_rmse-1.1356, valid_rmse-1.4942, valid_pr-0.6558
2022-11-21 13:14:54 - INFO - epoch-203, train_loss-1.2853, train_rmse-1.1337, valid_rmse-1.5522, valid_pr-0.6547
2022-11-21 13:15:10 - INFO - epoch-204, train_loss-1.2716, train_rmse-1.1276, valid_rmse-1.5100, valid_pr-0.6544
2022-11-21 13:15:26 - INFO - epoch-205, train_loss-1.2638, train_rmse-1.1242, valid_rmse-1.5463, valid_pr-0.6353
2022-11-21 13:15:42 - INFO - epoch-206, train_loss-1.2578, train_rmse-1.1215, valid_rmse-1.4996, valid_pr-0.6619
2022-11-21 13:15:58 - INFO - epoch-207, train_loss-1.2512, train_rmse-1.1186, valid_rmse-1.4760, valid_pr-0.6542
2022-11-21 13:16:12 - INFO - epoch-208, train_loss-1.2677, train_rmse-1.1259, valid_rmse-1.5822, valid_pr-0.6522
2022-11-21 13:16:28 - INFO - epoch-209, train_loss-1.2721, train_rmse-1.1279, valid_rmse-1.4952, valid_pr-0.6681
2022-11-21 13:16:43 - INFO - epoch-210, train_loss-1.2424, train_rmse-1.1146, valid_rmse-1.5758, valid_pr-0.6401
2022-11-21 13:17:01 - INFO - epoch-211, train_loss-1.2427, train_rmse-1.1148, valid_rmse-1.5144, valid_pr-0.6557
2022-11-21 13:17:16 - INFO - epoch-212, train_loss-1.2528, train_rmse-1.1193, valid_rmse-1.5286, valid_pr-0.6445
2022-11-21 13:17:32 - INFO - epoch-213, train_loss-1.2273, train_rmse-1.1078, valid_rmse-1.5740, valid_pr-0.6473
2022-11-21 13:17:48 - INFO - epoch-214, train_loss-1.2592, train_rmse-1.1221, valid_rmse-1.5369, valid_pr-0.6497
2022-11-21 13:18:06 - INFO - epoch-215, train_loss-1.2473, train_rmse-1.1168, valid_rmse-1.5955, valid_pr-0.6395
2022-11-21 13:18:21 - INFO - epoch-216, train_loss-1.2286, train_rmse-1.1084, valid_rmse-1.5304, valid_pr-0.6536
2022-11-21 13:18:38 - INFO - epoch-217, train_loss-1.2118, train_rmse-1.1008, valid_rmse-1.4508, valid_pr-0.6621
2022-11-21 13:18:52 - INFO - epoch-218, train_loss-1.2002, train_rmse-1.0955, valid_rmse-1.4454, valid_pr-0.6539
2022-11-21 13:19:09 - INFO - epoch-219, train_loss-1.2199, train_rmse-1.1045, valid_rmse-1.4819, valid_pr-0.6645
2022-11-21 13:19:26 - INFO - epoch-220, train_loss-1.2148, train_rmse-1.1022, valid_rmse-1.5452, valid_pr-0.6564
2022-11-21 13:19:41 - INFO - epoch-221, train_loss-1.2271, train_rmse-1.1077, valid_rmse-1.5720, valid_pr-0.6549
2022-11-21 13:19:56 - INFO - epoch-222, train_loss-1.2214, train_rmse-1.1052, valid_rmse-1.5386, valid_pr-0.6490
2022-11-21 13:20:16 - INFO - epoch-223, train_loss-1.1936, train_rmse-1.0925, valid_rmse-1.5077, valid_pr-0.6536
2022-11-21 13:20:32 - INFO - epoch-224, train_loss-1.2180, train_rmse-1.1037, valid_rmse-1.4662, valid_pr-0.6672
2022-11-21 13:20:48 - INFO - epoch-225, train_loss-1.2135, train_rmse-1.1016, valid_rmse-1.5080, valid_pr-0.6532
2022-11-21 13:21:05 - INFO - epoch-226, train_loss-1.1946, train_rmse-1.0930, valid_rmse-1.4924, valid_pr-0.6555
2022-11-21 13:21:21 - INFO - epoch-227, train_loss-1.2193, train_rmse-1.1042, valid_rmse-1.5149, valid_pr-0.6619
2022-11-21 13:21:35 - INFO - epoch-228, train_loss-1.1947, train_rmse-1.0930, valid_rmse-1.5200, valid_pr-0.6474
2022-11-21 13:21:50 - INFO - epoch-229, train_loss-1.1891, train_rmse-1.0905, valid_rmse-1.5052, valid_pr-0.6479
2022-11-21 13:22:05 - INFO - epoch-230, train_loss-1.1894, train_rmse-1.0906, valid_rmse-1.5001, valid_pr-0.6468
2022-11-21 13:22:20 - INFO - epoch-231, train_loss-1.2047, train_rmse-1.0976, valid_rmse-1.5862, valid_pr-0.6517
2022-11-21 13:22:35 - INFO - epoch-232, train_loss-1.2111, train_rmse-1.1005, valid_rmse-1.5157, valid_pr-0.6583
2022-11-21 13:22:51 - INFO - epoch-233, train_loss-1.1846, train_rmse-1.0884, valid_rmse-1.5448, valid_pr-0.6461
2022-11-21 13:23:07 - INFO - epoch-234, train_loss-1.1699, train_rmse-1.0816, valid_rmse-1.5130, valid_pr-0.6701
2022-11-21 13:23:24 - INFO - epoch-235, train_loss-1.1722, train_rmse-1.0827, valid_rmse-1.4716, valid_pr-0.6722
2022-11-21 13:23:41 - INFO - epoch-236, train_loss-1.1585, train_rmse-1.0763, valid_rmse-1.4814, valid_pr-0.6507
2022-11-21 13:23:58 - INFO - epoch-237, train_loss-1.1758, train_rmse-1.0844, valid_rmse-1.5000, valid_pr-0.6592
2022-11-21 13:24:12 - INFO - epoch-238, train_loss-1.1701, train_rmse-1.0817, valid_rmse-1.5529, valid_pr-0.6462
2022-11-21 13:24:30 - INFO - epoch-239, train_loss-1.1568, train_rmse-1.0755, valid_rmse-1.4849, valid_pr-0.6525
2022-11-21 13:24:49 - INFO - epoch-240, train_loss-1.1748, train_rmse-1.0839, valid_rmse-1.4866, valid_pr-0.6617
2022-11-21 13:25:03 - INFO - epoch-241, train_loss-1.1642, train_rmse-1.0790, valid_rmse-1.4947, valid_pr-0.6575
2022-11-21 13:25:17 - INFO - epoch-242, train_loss-1.1682, train_rmse-1.0809, valid_rmse-1.5121, valid_pr-0.6545
2022-11-21 13:25:32 - INFO - epoch-243, train_loss-1.1641, train_rmse-1.0789, valid_rmse-1.5295, valid_pr-0.6504
2022-11-21 13:25:48 - INFO - epoch-244, train_loss-1.1689, train_rmse-1.0812, valid_rmse-1.5115, valid_pr-0.6579
2022-11-21 13:26:06 - INFO - epoch-245, train_loss-1.1557, train_rmse-1.0750, valid_rmse-1.5244, valid_pr-0.6494
2022-11-21 13:26:22 - INFO - epoch-246, train_loss-1.1629, train_rmse-1.0784, valid_rmse-1.5201, valid_pr-0.6525
2022-11-21 13:26:37 - INFO - epoch-247, train_loss-1.1444, train_rmse-1.0698, valid_rmse-1.5003, valid_pr-0.6609
2022-11-21 13:26:52 - INFO - epoch-248, train_loss-1.1510, train_rmse-1.0728, valid_rmse-1.5251, valid_pr-0.6533
2022-11-21 13:27:08 - INFO - epoch-249, train_loss-1.1402, train_rmse-1.0678, valid_rmse-1.4810, valid_pr-0.6618
2022-11-21 13:27:22 - INFO - epoch-250, train_loss-1.1543, train_rmse-1.0744, valid_rmse-1.4911, valid_pr-0.6543
2022-11-21 13:27:38 - INFO - epoch-251, train_loss-1.1436, train_rmse-1.0694, valid_rmse-1.4832, valid_pr-0.6642
2022-11-21 13:27:59 - INFO - epoch-252, train_loss-1.1473, train_rmse-1.0711, valid_rmse-1.5472, valid_pr-0.6579
2022-11-21 13:28:13 - INFO - epoch-253, train_loss-1.1465, train_rmse-1.0707, valid_rmse-1.4985, valid_pr-0.6547
2022-11-21 13:28:29 - INFO - epoch-254, train_loss-1.1268, train_rmse-1.0615, valid_rmse-1.5119, valid_pr-0.6539
2022-11-21 13:28:44 - INFO - epoch-255, train_loss-1.1486, train_rmse-1.0717, valid_rmse-1.4708, valid_pr-0.6627
2022-11-21 13:28:58 - INFO - epoch-256, train_loss-1.1264, train_rmse-1.0613, valid_rmse-1.4630, valid_pr-0.6629
2022-11-21 13:29:13 - INFO - epoch-257, train_loss-1.1243, train_rmse-1.0603, valid_rmse-1.4700, valid_pr-0.6662
2022-11-21 13:29:28 - INFO - epoch-258, train_loss-1.1414, train_rmse-1.0684, valid_rmse-1.5332, valid_pr-0.6648
2022-11-21 13:29:44 - INFO - epoch-259, train_loss-1.1202, train_rmse-1.0584, valid_rmse-1.5552, valid_pr-0.6528
2022-11-21 13:30:01 - INFO - epoch-260, train_loss-1.1237, train_rmse-1.0601, valid_rmse-1.4831, valid_pr-0.6615
2022-11-21 13:30:16 - INFO - epoch-261, train_loss-1.1262, train_rmse-1.0612, valid_rmse-1.4415, valid_pr-0.6641
2022-11-21 13:30:31 - INFO - epoch-262, train_loss-1.1158, train_rmse-1.0563, valid_rmse-1.4995, valid_pr-0.6557
2022-11-21 13:30:45 - INFO - epoch-263, train_loss-1.1278, train_rmse-1.0620, valid_rmse-1.4574, valid_pr-0.6633
2022-11-21 13:31:00 - INFO - epoch-264, train_loss-1.1158, train_rmse-1.0563, valid_rmse-1.4570, valid_pr-0.6611
2022-11-21 13:31:16 - INFO - epoch-265, train_loss-1.1222, train_rmse-1.0594, valid_rmse-1.5087, valid_pr-0.6570
2022-11-21 13:31:34 - INFO - epoch-266, train_loss-1.1101, train_rmse-1.0536, valid_rmse-1.5526, valid_pr-0.6565
2022-11-21 13:31:51 - INFO - epoch-267, train_loss-1.0955, train_rmse-1.0467, valid_rmse-1.4623, valid_pr-0.6622
2022-11-21 13:32:06 - INFO - epoch-268, train_loss-1.1126, train_rmse-1.0548, valid_rmse-1.4852, valid_pr-0.6599
2022-11-21 13:32:20 - INFO - epoch-269, train_loss-1.0993, train_rmse-1.0485, valid_rmse-1.4574, valid_pr-0.6651
2022-11-21 13:32:35 - INFO - epoch-270, train_loss-1.1086, train_rmse-1.0529, valid_rmse-1.5225, valid_pr-0.6708
2022-11-21 13:32:50 - INFO - epoch-271, train_loss-1.0964, train_rmse-1.0471, valid_rmse-1.4961, valid_pr-0.6599
2022-11-21 13:33:07 - INFO - epoch-272, train_loss-1.0871, train_rmse-1.0426, valid_rmse-1.5395, valid_pr-0.6625
2022-11-21 13:33:21 - INFO - epoch-273, train_loss-1.1047, train_rmse-1.0510, valid_rmse-1.4898, valid_pr-0.6631
2022-11-21 13:33:37 - INFO - epoch-274, train_loss-1.0988, train_rmse-1.0483, valid_rmse-1.5212, valid_pr-0.6549
2022-11-21 13:33:52 - INFO - epoch-275, train_loss-1.0838, train_rmse-1.0411, valid_rmse-1.5232, valid_pr-0.6438
2022-11-21 13:34:09 - INFO - epoch-276, train_loss-1.0978, train_rmse-1.0478, valid_rmse-1.4689, valid_pr-0.6725
2022-11-21 13:34:27 - INFO - epoch-277, train_loss-1.1200, train_rmse-1.0583, valid_rmse-1.4730, valid_pr-0.6552
2022-11-21 13:34:42 - INFO - epoch-278, train_loss-1.0803, train_rmse-1.0394, valid_rmse-1.4929, valid_pr-0.6596
2022-11-21 13:35:00 - INFO - epoch-279, train_loss-1.0881, train_rmse-1.0431, valid_rmse-1.4335, valid_pr-0.6704
2022-11-21 13:35:17 - INFO - epoch-280, train_loss-1.0800, train_rmse-1.0392, valid_rmse-1.4106, valid_pr-0.6876
2022-11-21 13:35:32 - INFO - epoch-281, train_loss-1.0919, train_rmse-1.0450, valid_rmse-1.4804, valid_pr-0.6727
2022-11-21 13:35:48 - INFO - epoch-282, train_loss-1.0970, train_rmse-1.0474, valid_rmse-1.5214, valid_pr-0.6736
2022-11-21 13:36:04 - INFO - epoch-283, train_loss-1.0677, train_rmse-1.0333, valid_rmse-1.4645, valid_pr-0.6746
2022-11-21 13:36:22 - INFO - epoch-284, train_loss-1.0871, train_rmse-1.0426, valid_rmse-1.4619, valid_pr-0.6525
2022-11-21 13:36:41 - INFO - epoch-285, train_loss-1.0803, train_rmse-1.0394, valid_rmse-1.4521, valid_pr-0.6816
2022-11-21 13:36:55 - INFO - epoch-286, train_loss-1.0681, train_rmse-1.0335, valid_rmse-1.4799, valid_pr-0.6758
2022-11-21 13:37:10 - INFO - epoch-287, train_loss-1.0575, train_rmse-1.0283, valid_rmse-1.5116, valid_pr-0.6715
2022-11-21 13:37:25 - INFO - epoch-288, train_loss-1.0924, train_rmse-1.0452, valid_rmse-1.4719, valid_pr-0.6717
2022-11-21 13:37:38 - INFO - epoch-289, train_loss-1.0519, train_rmse-1.0256, valid_rmse-1.4578, valid_pr-0.6694
2022-11-21 13:37:54 - INFO - epoch-290, train_loss-1.0537, train_rmse-1.0265, valid_rmse-1.5280, valid_pr-0.6723
2022-11-21 13:38:09 - INFO - epoch-291, train_loss-1.0607, train_rmse-1.0299, valid_rmse-1.4552, valid_pr-0.6633
2022-11-21 13:38:26 - INFO - epoch-292, train_loss-1.0572, train_rmse-1.0282, valid_rmse-1.4757, valid_pr-0.6680
2022-11-21 13:38:43 - INFO - epoch-293, train_loss-1.0561, train_rmse-1.0277, valid_rmse-1.4654, valid_pr-0.6626
2022-11-21 13:38:59 - INFO - epoch-294, train_loss-1.0399, train_rmse-1.0197, valid_rmse-1.5238, valid_pr-0.6481
2022-11-21 13:39:18 - INFO - epoch-295, train_loss-1.0583, train_rmse-1.0287, valid_rmse-1.5607, valid_pr-0.6565
2022-11-21 13:39:34 - INFO - epoch-296, train_loss-1.0725, train_rmse-1.0356, valid_rmse-1.4878, valid_pr-0.6636
2022-11-21 13:39:51 - INFO - epoch-297, train_loss-1.0582, train_rmse-1.0287, valid_rmse-1.4984, valid_pr-0.6582
2022-11-21 13:40:07 - INFO - epoch-298, train_loss-1.0447, train_rmse-1.0221, valid_rmse-1.4944, valid_pr-0.6528
2022-11-21 13:40:26 - INFO - epoch-299, train_loss-1.0980, train_rmse-1.0478, valid_rmse-1.4461, valid_pr-0.6646
2022-11-21 13:40:45 - INFO - epoch-300, train_loss-1.0510, train_rmse-1.0252, valid_rmse-1.4900, valid_pr-0.6592
2022-11-21 13:41:01 - INFO - epoch-301, train_loss-1.0574, train_rmse-1.0283, valid_rmse-1.4718, valid_pr-0.6567
2022-11-21 13:41:20 - INFO - epoch-302, train_loss-1.0630, train_rmse-1.0310, valid_rmse-1.4593, valid_pr-0.6699
2022-11-21 13:41:36 - INFO - epoch-303, train_loss-1.0343, train_rmse-1.0170, valid_rmse-1.5163, valid_pr-0.6544
2022-11-21 13:41:53 - INFO - epoch-304, train_loss-1.0321, train_rmse-1.0159, valid_rmse-1.4135, valid_pr-0.6677
2022-11-21 13:42:11 - INFO - epoch-305, train_loss-1.0427, train_rmse-1.0211, valid_rmse-1.4573, valid_pr-0.6712
2022-11-21 13:42:29 - INFO - epoch-306, train_loss-1.0434, train_rmse-1.0215, valid_rmse-1.4723, valid_pr-0.6706
2022-11-21 13:42:45 - INFO - epoch-307, train_loss-1.0134, train_rmse-1.0067, valid_rmse-1.4976, valid_pr-0.6575
2022-11-21 13:43:02 - INFO - epoch-308, train_loss-1.0347, train_rmse-1.0172, valid_rmse-1.4967, valid_pr-0.6585
2022-11-21 13:43:18 - INFO - epoch-309, train_loss-1.0279, train_rmse-1.0139, valid_rmse-1.4492, valid_pr-0.6662
2022-11-21 13:43:36 - INFO - epoch-310, train_loss-1.0428, train_rmse-1.0212, valid_rmse-1.4697, valid_pr-0.6680
2022-11-21 13:43:54 - INFO - epoch-311, train_loss-1.0374, train_rmse-1.0185, valid_rmse-1.4731, valid_pr-0.6655
2022-11-21 13:44:10 - INFO - epoch-312, train_loss-1.0232, train_rmse-1.0115, valid_rmse-1.4950, valid_pr-0.6639
2022-11-21 13:44:26 - INFO - epoch-313, train_loss-1.0337, train_rmse-1.0167, valid_rmse-1.4808, valid_pr-0.6623
2022-11-21 13:44:41 - INFO - epoch-314, train_loss-1.0377, train_rmse-1.0187, valid_rmse-1.4920, valid_pr-0.6672
2022-11-21 13:44:59 - INFO - epoch-315, train_loss-1.0210, train_rmse-1.0104, valid_rmse-1.4706, valid_pr-0.6711
2022-11-21 13:45:15 - INFO - epoch-316, train_loss-1.0033, train_rmse-1.0016, valid_rmse-1.5119, valid_pr-0.6615
2022-11-21 13:45:32 - INFO - epoch-317, train_loss-1.0133, train_rmse-1.0066, valid_rmse-1.4825, valid_pr-0.6660
2022-11-21 13:45:48 - INFO - epoch-318, train_loss-1.0237, train_rmse-1.0118, valid_rmse-1.4781, valid_pr-0.6648
2022-11-21 13:46:04 - INFO - epoch-319, train_loss-1.0231, train_rmse-1.0115, valid_rmse-1.4074, valid_pr-0.6765
2022-11-21 13:46:18 - INFO - epoch-320, train_loss-1.0331, train_rmse-1.0164, valid_rmse-1.4330, valid_pr-0.6735
2022-11-21 13:46:33 - INFO - epoch-321, train_loss-1.0216, train_rmse-1.0107, valid_rmse-1.4413, valid_pr-0.6654
2022-11-21 13:46:49 - INFO - epoch-322, train_loss-1.0234, train_rmse-1.0116, valid_rmse-1.4873, valid_pr-0.6699
2022-11-21 13:47:05 - INFO - epoch-323, train_loss-1.0039, train_rmse-1.0020, valid_rmse-1.4531, valid_pr-0.6714
2022-11-21 13:47:21 - INFO - epoch-324, train_loss-1.0118, train_rmse-1.0059, valid_rmse-1.4451, valid_pr-0.6728
2022-11-21 13:47:38 - INFO - epoch-325, train_loss-1.0171, train_rmse-1.0085, valid_rmse-1.4986, valid_pr-0.6584
2022-11-21 13:47:57 - INFO - epoch-326, train_loss-1.0167, train_rmse-1.0083, valid_rmse-1.4886, valid_pr-0.6581
2022-11-21 13:48:16 - INFO - epoch-327, train_loss-1.0110, train_rmse-1.0055, valid_rmse-1.5064, valid_pr-0.6600
2022-11-21 13:48:31 - INFO - epoch-328, train_loss-1.0069, train_rmse-1.0034, valid_rmse-1.4955, valid_pr-0.6671
2022-11-21 13:48:47 - INFO - epoch-329, train_loss-0.9986, train_rmse-0.9993, valid_rmse-1.4719, valid_pr-0.6681
2022-11-21 13:49:03 - INFO - epoch-330, train_loss-1.0024, train_rmse-1.0012, valid_rmse-1.5091, valid_pr-0.6552
2022-11-21 13:49:20 - INFO - epoch-331, train_loss-1.0237, train_rmse-1.0118, valid_rmse-1.4599, valid_pr-0.6605
2022-11-21 13:49:38 - INFO - epoch-332, train_loss-1.0255, train_rmse-1.0127, valid_rmse-1.4510, valid_pr-0.6621
2022-11-21 13:49:53 - INFO - epoch-333, train_loss-0.9956, train_rmse-0.9978, valid_rmse-1.4655, valid_pr-0.6659
2022-11-21 13:50:12 - INFO - epoch-334, train_loss-1.0091, train_rmse-1.0046, valid_rmse-1.4960, valid_pr-0.6612
2022-11-21 13:50:28 - INFO - epoch-335, train_loss-1.0031, train_rmse-1.0016, valid_rmse-1.4319, valid_pr-0.6644
2022-11-21 13:50:45 - INFO - epoch-336, train_loss-0.9952, train_rmse-0.9976, valid_rmse-1.4731, valid_pr-0.6659
2022-11-21 13:51:05 - INFO - epoch-337, train_loss-0.9883, train_rmse-0.9941, valid_rmse-1.4874, valid_pr-0.6706
2022-11-21 13:51:21 - INFO - epoch-338, train_loss-0.9775, train_rmse-0.9887, valid_rmse-1.4454, valid_pr-0.6688
2022-11-21 13:51:37 - INFO - epoch-339, train_loss-0.9870, train_rmse-0.9935, valid_rmse-1.4990, valid_pr-0.6645
2022-11-21 13:51:53 - INFO - epoch-340, train_loss-0.9823, train_rmse-0.9911, valid_rmse-1.4631, valid_pr-0.6638
2022-11-21 13:52:09 - INFO - epoch-341, train_loss-0.9852, train_rmse-0.9926, valid_rmse-1.4466, valid_pr-0.6762
2022-11-21 13:52:25 - INFO - epoch-342, train_loss-0.9834, train_rmse-0.9917, valid_rmse-1.4310, valid_pr-0.6676
2022-11-21 13:52:41 - INFO - epoch-343, train_loss-0.9779, train_rmse-0.9889, valid_rmse-1.4635, valid_pr-0.6769
2022-11-21 13:52:57 - INFO - epoch-344, train_loss-0.9692, train_rmse-0.9845, valid_rmse-1.4221, valid_pr-0.6761
2022-11-21 13:53:13 - INFO - epoch-345, train_loss-0.9755, train_rmse-0.9877, valid_rmse-1.4828, valid_pr-0.6534
2022-11-21 13:53:30 - INFO - epoch-346, train_loss-0.9813, train_rmse-0.9906, valid_rmse-1.4379, valid_pr-0.6687
2022-11-21 13:53:47 - INFO - epoch-347, train_loss-0.9783, train_rmse-0.9891, valid_rmse-1.4326, valid_pr-0.6787
2022-11-21 13:54:03 - INFO - epoch-348, train_loss-0.9817, train_rmse-0.9908, valid_rmse-1.4669, valid_pr-0.6671
2022-11-21 13:54:18 - INFO - epoch-349, train_loss-1.0073, train_rmse-1.0036, valid_rmse-1.4478, valid_pr-0.6706
2022-11-21 13:54:34 - INFO - epoch-350, train_loss-0.9670, train_rmse-0.9833, valid_rmse-1.4198, valid_pr-0.6841
2022-11-21 13:54:49 - INFO - epoch-351, train_loss-0.9698, train_rmse-0.9848, valid_rmse-1.4919, valid_pr-0.6643
2022-11-21 13:55:05 - INFO - epoch-352, train_loss-0.9483, train_rmse-0.9738, valid_rmse-1.4570, valid_pr-0.6741
2022-11-21 13:55:20 - INFO - epoch-353, train_loss-0.9730, train_rmse-0.9864, valid_rmse-1.4375, valid_pr-0.6719
2022-11-21 13:55:35 - INFO - epoch-354, train_loss-0.9714, train_rmse-0.9856, valid_rmse-1.4696, valid_pr-0.6750
2022-11-21 13:55:50 - INFO - epoch-355, train_loss-0.9691, train_rmse-0.9844, valid_rmse-1.4498, valid_pr-0.6665
2022-11-21 13:56:05 - INFO - epoch-356, train_loss-0.9565, train_rmse-0.9780, valid_rmse-1.5040, valid_pr-0.6649
2022-11-21 13:56:22 - INFO - epoch-357, train_loss-0.9874, train_rmse-0.9937, valid_rmse-1.4226, valid_pr-0.6772
2022-11-21 13:56:37 - INFO - epoch-358, train_loss-0.9720, train_rmse-0.9859, valid_rmse-1.3966, valid_pr-0.6872
2022-11-21 13:56:56 - INFO - epoch-359, train_loss-0.9600, train_rmse-0.9798, valid_rmse-1.4268, valid_pr-0.6767
2022-11-21 13:57:11 - INFO - epoch-360, train_loss-0.9681, train_rmse-0.9839, valid_rmse-1.4308, valid_pr-0.6701
2022-11-21 13:57:27 - INFO - epoch-361, train_loss-0.9609, train_rmse-0.9803, valid_rmse-1.4744, valid_pr-0.6585
2022-11-21 13:57:45 - INFO - epoch-362, train_loss-0.9617, train_rmse-0.9806, valid_rmse-1.4365, valid_pr-0.6646
2022-11-21 13:58:06 - INFO - epoch-363, train_loss-0.9646, train_rmse-0.9821, valid_rmse-1.5016, valid_pr-0.6688
2022-11-21 13:58:23 - INFO - epoch-364, train_loss-0.9640, train_rmse-0.9819, valid_rmse-1.4649, valid_pr-0.6700
2022-11-21 13:58:42 - INFO - epoch-365, train_loss-0.9616, train_rmse-0.9806, valid_rmse-1.4554, valid_pr-0.6652
2022-11-21 13:59:01 - INFO - epoch-366, train_loss-0.9475, train_rmse-0.9734, valid_rmse-1.4615, valid_pr-0.6706
2022-11-21 13:59:18 - INFO - epoch-367, train_loss-0.9745, train_rmse-0.9872, valid_rmse-1.4915, valid_pr-0.6590
2022-11-21 13:59:38 - INFO - epoch-368, train_loss-0.9510, train_rmse-0.9752, valid_rmse-1.4640, valid_pr-0.6650
2022-11-21 13:59:54 - INFO - epoch-369, train_loss-0.9536, train_rmse-0.9765, valid_rmse-1.4834, valid_pr-0.6629
2022-11-21 14:00:10 - INFO - epoch-370, train_loss-0.9411, train_rmse-0.9701, valid_rmse-1.4749, valid_pr-0.6633
2022-11-21 14:00:25 - INFO - epoch-371, train_loss-0.9558, train_rmse-0.9777, valid_rmse-1.4810, valid_pr-0.6567
2022-11-21 14:00:41 - INFO - epoch-372, train_loss-0.9493, train_rmse-0.9743, valid_rmse-1.4766, valid_pr-0.6594
2022-11-21 14:01:00 - INFO - epoch-373, train_loss-0.9482, train_rmse-0.9738, valid_rmse-1.4514, valid_pr-0.6579
2022-11-21 14:01:18 - INFO - epoch-374, train_loss-0.9511, train_rmse-0.9753, valid_rmse-1.4571, valid_pr-0.6601
2022-11-21 14:01:36 - INFO - epoch-375, train_loss-0.9466, train_rmse-0.9729, valid_rmse-1.4244, valid_pr-0.6855
2022-11-21 14:01:52 - INFO - epoch-376, train_loss-0.9586, train_rmse-0.9791, valid_rmse-1.4631, valid_pr-0.6666
2022-11-21 14:02:08 - INFO - epoch-377, train_loss-0.9382, train_rmse-0.9686, valid_rmse-1.4945, valid_pr-0.6595
2022-11-21 14:02:23 - INFO - epoch-378, train_loss-0.9401, train_rmse-0.9696, valid_rmse-1.4508, valid_pr-0.6752
2022-11-21 14:02:39 - INFO - epoch-379, train_loss-0.9248, train_rmse-0.9617, valid_rmse-1.4464, valid_pr-0.6700
2022-11-21 14:02:57 - INFO - epoch-380, train_loss-0.9369, train_rmse-0.9679, valid_rmse-1.4624, valid_pr-0.6583
2022-11-21 14:03:13 - INFO - epoch-381, train_loss-0.9250, train_rmse-0.9618, valid_rmse-1.4506, valid_pr-0.6667
2022-11-21 14:03:32 - INFO - epoch-382, train_loss-0.9351, train_rmse-0.9670, valid_rmse-1.4307, valid_pr-0.6710
2022-11-21 14:03:51 - INFO - epoch-383, train_loss-0.9476, train_rmse-0.9734, valid_rmse-1.4319, valid_pr-0.6783
2022-11-21 14:04:07 - INFO - epoch-384, train_loss-0.9225, train_rmse-0.9605, valid_rmse-1.4326, valid_pr-0.6760
2022-11-21 14:04:24 - INFO - epoch-385, train_loss-0.9262, train_rmse-0.9624, valid_rmse-1.4835, valid_pr-0.6701
2022-11-21 14:04:41 - INFO - epoch-386, train_loss-0.9235, train_rmse-0.9610, valid_rmse-1.4838, valid_pr-0.6567
2022-11-21 14:04:58 - INFO - epoch-387, train_loss-0.9228, train_rmse-0.9606, valid_rmse-1.4515, valid_pr-0.6630
2022-11-21 14:05:15 - INFO - epoch-388, train_loss-0.9234, train_rmse-0.9610, valid_rmse-1.4868, valid_pr-0.6643
2022-11-21 14:05:32 - INFO - epoch-389, train_loss-0.9401, train_rmse-0.9696, valid_rmse-1.4720, valid_pr-0.6650
2022-11-21 14:05:48 - INFO - epoch-390, train_loss-0.9286, train_rmse-0.9636, valid_rmse-1.4265, valid_pr-0.6791
2022-11-21 14:06:06 - INFO - epoch-391, train_loss-0.9335, train_rmse-0.9662, valid_rmse-1.4880, valid_pr-0.6692
2022-11-21 14:06:21 - INFO - epoch-392, train_loss-0.9193, train_rmse-0.9588, valid_rmse-1.4433, valid_pr-0.6748
2022-11-21 14:06:38 - INFO - epoch-393, train_loss-0.9182, train_rmse-0.9582, valid_rmse-1.4624, valid_pr-0.6728
2022-11-21 14:06:55 - INFO - epoch-394, train_loss-0.9192, train_rmse-0.9588, valid_rmse-1.4879, valid_pr-0.6707
2022-11-21 14:07:10 - INFO - epoch-395, train_loss-0.9391, train_rmse-0.9691, valid_rmse-1.4594, valid_pr-0.6641
2022-11-21 14:07:25 - INFO - epoch-396, train_loss-0.9297, train_rmse-0.9642, valid_rmse-1.4079, valid_pr-0.6754
2022-11-21 14:07:42 - INFO - epoch-397, train_loss-0.9201, train_rmse-0.9592, valid_rmse-1.4496, valid_pr-0.6717
2022-11-21 14:08:01 - INFO - epoch-398, train_loss-0.9212, train_rmse-0.9598, valid_rmse-1.4242, valid_pr-0.6769
2022-11-21 14:08:15 - INFO - epoch-399, train_loss-0.9195, train_rmse-0.9589, valid_rmse-1.4763, valid_pr-0.6724
2022-11-21 14:08:34 - INFO - epoch-400, train_loss-0.9056, train_rmse-0.9516, valid_rmse-1.4944, valid_pr-0.6672
2022-11-21 14:08:50 - INFO - epoch-401, train_loss-0.9229, train_rmse-0.9607, valid_rmse-1.4544, valid_pr-0.6684
2022-11-21 14:09:05 - INFO - epoch-402, train_loss-0.9207, train_rmse-0.9596, valid_rmse-1.4389, valid_pr-0.6681
2022-11-21 14:09:27 - INFO - epoch-403, train_loss-0.9298, train_rmse-0.9643, valid_rmse-1.4250, valid_pr-0.6732
2022-11-21 14:10:03 - INFO - epoch-404, train_loss-0.9186, train_rmse-0.9584, valid_rmse-1.4374, valid_pr-0.6745
2022-11-21 14:10:36 - INFO - epoch-405, train_loss-0.8961, train_rmse-0.9466, valid_rmse-1.4739, valid_pr-0.6676
2022-11-21 14:11:05 - INFO - epoch-406, train_loss-0.9294, train_rmse-0.9640, valid_rmse-1.4341, valid_pr-0.6738
2022-11-21 14:11:40 - INFO - epoch-407, train_loss-0.9139, train_rmse-0.9560, valid_rmse-1.4337, valid_pr-0.6697
2022-11-21 14:12:09 - INFO - epoch-408, train_loss-0.8941, train_rmse-0.9456, valid_rmse-1.4737, valid_pr-0.6660
2022-11-21 14:12:34 - INFO - epoch-409, train_loss-0.9154, train_rmse-0.9568, valid_rmse-1.4613, valid_pr-0.6652
2022-11-21 14:13:05 - INFO - epoch-410, train_loss-0.9088, train_rmse-0.9533, valid_rmse-1.4295, valid_pr-0.6675
2022-11-21 14:13:31 - INFO - epoch-411, train_loss-0.9157, train_rmse-0.9569, valid_rmse-1.4802, valid_pr-0.6654
2022-11-21 14:14:03 - INFO - epoch-412, train_loss-0.8841, train_rmse-0.9403, valid_rmse-1.4426, valid_pr-0.6708
2022-11-21 14:14:31 - INFO - epoch-413, train_loss-0.9068, train_rmse-0.9523, valid_rmse-1.4472, valid_pr-0.6715
2022-11-21 14:14:51 - INFO - epoch-414, train_loss-0.8999, train_rmse-0.9486, valid_rmse-1.4945, valid_pr-0.6634
2022-11-21 14:15:19 - INFO - epoch-415, train_loss-0.8977, train_rmse-0.9475, valid_rmse-1.4311, valid_pr-0.6830
2022-11-21 14:15:38 - INFO - epoch-416, train_loss-0.8891, train_rmse-0.9429, valid_rmse-1.4361, valid_pr-0.6621
2022-11-21 14:16:07 - INFO - epoch-417, train_loss-0.9198, train_rmse-0.9591, valid_rmse-1.4095, valid_pr-0.6759
2022-11-21 14:16:36 - INFO - epoch-418, train_loss-0.9101, train_rmse-0.9540, valid_rmse-1.4429, valid_pr-0.6780
2022-11-21 14:17:06 - INFO - epoch-419, train_loss-0.8904, train_rmse-0.9436, valid_rmse-1.4520, valid_pr-0.6731
2022-11-21 14:17:41 - INFO - epoch-420, train_loss-0.9103, train_rmse-0.9541, valid_rmse-1.4006, valid_pr-0.6796
2022-11-21 14:18:12 - INFO - epoch-421, train_loss-0.9039, train_rmse-0.9507, valid_rmse-1.4275, valid_pr-0.6720
2022-11-21 14:18:43 - INFO - epoch-422, train_loss-0.9120, train_rmse-0.9550, valid_rmse-1.4426, valid_pr-0.6738
2022-11-21 14:19:13 - INFO - epoch-423, train_loss-0.8873, train_rmse-0.9419, valid_rmse-1.4366, valid_pr-0.6802
2022-11-21 14:19:45 - INFO - epoch-424, train_loss-0.9093, train_rmse-0.9536, valid_rmse-1.4263, valid_pr-0.6764
2022-11-21 14:20:14 - INFO - epoch-425, train_loss-0.8910, train_rmse-0.9439, valid_rmse-1.4171, valid_pr-0.6759
2022-11-21 14:20:47 - INFO - epoch-426, train_loss-0.9099, train_rmse-0.9539, valid_rmse-1.4397, valid_pr-0.6748
2022-11-21 14:21:16 - INFO - epoch-427, train_loss-0.9039, train_rmse-0.9507, valid_rmse-1.4537, valid_pr-0.6820
2022-11-21 14:21:49 - INFO - epoch-428, train_loss-0.8922, train_rmse-0.9445, valid_rmse-1.4429, valid_pr-0.6717
2022-11-21 14:22:28 - INFO - epoch-429, train_loss-0.8849, train_rmse-0.9407, valid_rmse-1.4600, valid_pr-0.6684
2022-11-21 14:22:57 - INFO - epoch-430, train_loss-0.8964, train_rmse-0.9468, valid_rmse-1.4693, valid_pr-0.6483
2022-11-21 14:23:29 - INFO - epoch-431, train_loss-0.8857, train_rmse-0.9411, valid_rmse-1.4429, valid_pr-0.6711
2022-11-21 14:24:03 - INFO - epoch-432, train_loss-0.8830, train_rmse-0.9397, valid_rmse-1.4521, valid_pr-0.6639
2022-11-21 14:24:30 - INFO - epoch-433, train_loss-0.8795, train_rmse-0.9378, valid_rmse-1.4536, valid_pr-0.6709
2022-11-21 14:24:50 - INFO - epoch-434, train_loss-0.8799, train_rmse-0.9380, valid_rmse-1.4514, valid_pr-0.6660
2022-11-21 14:25:20 - INFO - epoch-435, train_loss-0.8803, train_rmse-0.9383, valid_rmse-1.4117, valid_pr-0.6690
2022-11-21 14:25:53 - INFO - epoch-436, train_loss-0.8792, train_rmse-0.9377, valid_rmse-1.4039, valid_pr-0.6842
2022-11-21 14:26:24 - INFO - epoch-437, train_loss-0.8833, train_rmse-0.9398, valid_rmse-1.4301, valid_pr-0.6787
2022-11-21 14:26:50 - INFO - epoch-438, train_loss-0.8744, train_rmse-0.9351, valid_rmse-1.4501, valid_pr-0.6752
2022-11-21 14:27:12 - INFO - epoch-439, train_loss-0.8698, train_rmse-0.9326, valid_rmse-1.4723, valid_pr-0.6660
2022-11-21 14:27:47 - INFO - epoch-440, train_loss-0.8885, train_rmse-0.9426, valid_rmse-1.4071, valid_pr-0.6819
2022-11-21 14:28:18 - INFO - epoch-441, train_loss-0.8684, train_rmse-0.9319, valid_rmse-1.4046, valid_pr-0.6776
2022-11-21 14:28:42 - INFO - epoch-442, train_loss-0.8795, train_rmse-0.9378, valid_rmse-1.4210, valid_pr-0.6828
2022-11-21 14:29:10 - INFO - epoch-443, train_loss-0.8883, train_rmse-0.9425, valid_rmse-1.4460, valid_pr-0.6805
2022-11-21 14:29:43 - INFO - epoch-444, train_loss-0.8739, train_rmse-0.9348, valid_rmse-1.4585, valid_pr-0.6660
2022-11-21 14:30:16 - INFO - epoch-445, train_loss-0.8737, train_rmse-0.9347, valid_rmse-1.3809, valid_pr-0.6878
2022-11-21 14:30:37 - INFO - epoch-446, train_loss-0.8860, train_rmse-0.9413, valid_rmse-1.4404, valid_pr-0.6814
2022-11-21 14:31:13 - INFO - epoch-447, train_loss-0.8624, train_rmse-0.9287, valid_rmse-1.4104, valid_pr-0.6781
2022-11-21 14:31:40 - INFO - epoch-448, train_loss-0.8680, train_rmse-0.9317, valid_rmse-1.4257, valid_pr-0.6771
2022-11-21 14:32:12 - INFO - epoch-449, train_loss-0.8640, train_rmse-0.9295, valid_rmse-1.4082, valid_pr-0.6757
2022-11-21 14:32:49 - INFO - epoch-450, train_loss-0.8545, train_rmse-0.9244, valid_rmse-1.4436, valid_pr-0.6787
2022-11-21 14:33:12 - INFO - epoch-451, train_loss-0.8642, train_rmse-0.9296, valid_rmse-1.3862, valid_pr-0.6924
2022-11-21 14:33:43 - INFO - epoch-452, train_loss-0.8597, train_rmse-0.9272, valid_rmse-1.4359, valid_pr-0.6870
2022-11-21 14:34:04 - INFO - epoch-453, train_loss-0.8760, train_rmse-0.9359, valid_rmse-1.4361, valid_pr-0.6699
2022-11-21 14:34:24 - INFO - epoch-454, train_loss-0.8507, train_rmse-0.9223, valid_rmse-1.4759, valid_pr-0.6720
2022-11-21 14:34:39 - INFO - epoch-455, train_loss-0.8612, train_rmse-0.9280, valid_rmse-1.4416, valid_pr-0.6783
2022-11-21 14:34:59 - INFO - epoch-456, train_loss-0.8726, train_rmse-0.9341, valid_rmse-1.4399, valid_pr-0.6748
2022-11-21 14:35:32 - INFO - epoch-457, train_loss-0.8572, train_rmse-0.9258, valid_rmse-1.4564, valid_pr-0.6748
2022-11-21 14:35:58 - INFO - epoch-458, train_loss-0.8722, train_rmse-0.9339, valid_rmse-1.4321, valid_pr-0.6735
2022-11-21 14:36:27 - INFO - epoch-459, train_loss-0.8605, train_rmse-0.9277, valid_rmse-1.4245, valid_pr-0.6708
2022-11-21 14:36:47 - INFO - epoch-460, train_loss-0.8609, train_rmse-0.9279, valid_rmse-1.4510, valid_pr-0.6734
2022-11-21 14:37:13 - INFO - epoch-461, train_loss-0.8632, train_rmse-0.9291, valid_rmse-1.4699, valid_pr-0.6690
2022-11-21 14:37:40 - INFO - epoch-462, train_loss-0.8517, train_rmse-0.9229, valid_rmse-1.4451, valid_pr-0.6743
2022-11-21 14:38:12 - INFO - epoch-463, train_loss-0.8595, train_rmse-0.9271, valid_rmse-1.4630, valid_pr-0.6695
2022-11-21 14:38:37 - INFO - epoch-464, train_loss-0.8693, train_rmse-0.9324, valid_rmse-1.4300, valid_pr-0.6765
2022-11-21 14:38:57 - INFO - epoch-465, train_loss-0.8367, train_rmse-0.9147, valid_rmse-1.4457, valid_pr-0.6741
2022-11-21 14:39:27 - INFO - epoch-466, train_loss-0.8448, train_rmse-0.9191, valid_rmse-1.4579, valid_pr-0.6730
2022-11-21 14:40:00 - INFO - epoch-467, train_loss-0.8464, train_rmse-0.9200, valid_rmse-1.4650, valid_pr-0.6702
2022-11-21 14:40:23 - INFO - epoch-468, train_loss-0.8456, train_rmse-0.9196, valid_rmse-1.4881, valid_pr-0.6621
2022-11-21 14:40:49 - INFO - epoch-469, train_loss-0.8528, train_rmse-0.9235, valid_rmse-1.4311, valid_pr-0.6807
2022-11-21 14:41:17 - INFO - epoch-470, train_loss-0.8529, train_rmse-0.9235, valid_rmse-1.4530, valid_pr-0.6682
2022-11-21 14:41:57 - INFO - epoch-471, train_loss-0.8456, train_rmse-0.9195, valid_rmse-1.5106, valid_pr-0.6592
2022-11-21 14:42:22 - INFO - epoch-472, train_loss-0.8549, train_rmse-0.9246, valid_rmse-1.4072, valid_pr-0.6811
2022-11-21 14:42:51 - INFO - epoch-473, train_loss-0.8482, train_rmse-0.9210, valid_rmse-1.4283, valid_pr-0.6701
2022-11-21 14:43:16 - INFO - epoch-474, train_loss-0.8403, train_rmse-0.9167, valid_rmse-1.4107, valid_pr-0.6686
2022-11-21 14:43:45 - INFO - epoch-475, train_loss-0.8507, train_rmse-0.9223, valid_rmse-1.4525, valid_pr-0.6616
2022-11-21 14:44:10 - INFO - epoch-476, train_loss-0.8527, train_rmse-0.9234, valid_rmse-1.4155, valid_pr-0.6747
2022-11-21 14:44:42 - INFO - epoch-477, train_loss-0.8421, train_rmse-0.9177, valid_rmse-1.4330, valid_pr-0.6819
2022-11-21 14:45:09 - INFO - epoch-478, train_loss-0.8456, train_rmse-0.9196, valid_rmse-1.4120, valid_pr-0.6712
2022-11-21 14:45:38 - INFO - epoch-479, train_loss-0.8587, train_rmse-0.9267, valid_rmse-1.4622, valid_pr-0.6759
2022-11-21 14:46:06 - INFO - epoch-480, train_loss-0.8593, train_rmse-0.9270, valid_rmse-1.4604, valid_pr-0.6751
2022-11-21 14:46:32 - INFO - epoch-481, train_loss-0.8421, train_rmse-0.9177, valid_rmse-1.4202, valid_pr-0.6844
2022-11-21 14:46:59 - INFO - epoch-482, train_loss-0.8567, train_rmse-0.9256, valid_rmse-1.4073, valid_pr-0.6783
2022-11-21 14:47:31 - INFO - epoch-483, train_loss-0.8370, train_rmse-0.9149, valid_rmse-1.4113, valid_pr-0.6813
2022-11-21 14:47:53 - INFO - epoch-484, train_loss-0.8413, train_rmse-0.9172, valid_rmse-1.4618, valid_pr-0.6768
2022-11-21 14:48:32 - INFO - epoch-485, train_loss-0.8421, train_rmse-0.9177, valid_rmse-1.4196, valid_pr-0.6794
2022-11-21 14:49:01 - INFO - epoch-486, train_loss-0.8579, train_rmse-0.9262, valid_rmse-1.4059, valid_pr-0.6816
2022-11-21 14:49:18 - INFO - epoch-487, train_loss-0.8607, train_rmse-0.9278, valid_rmse-1.4354, valid_pr-0.6817
2022-11-21 14:49:35 - INFO - epoch-488, train_loss-0.8258, train_rmse-0.9087, valid_rmse-1.4505, valid_pr-0.6698
2022-11-21 14:49:50 - INFO - epoch-489, train_loss-0.8456, train_rmse-0.9196, valid_rmse-1.4713, valid_pr-0.6685
2022-11-21 14:50:12 - INFO - epoch-490, train_loss-0.8437, train_rmse-0.9185, valid_rmse-1.4429, valid_pr-0.6868
2022-11-21 14:50:39 - INFO - epoch-491, train_loss-0.8512, train_rmse-0.9226, valid_rmse-1.4521, valid_pr-0.6791
2022-11-21 14:51:08 - INFO - epoch-492, train_loss-0.8345, train_rmse-0.9135, valid_rmse-1.4430, valid_pr-0.6740
2022-11-21 14:51:32 - INFO - epoch-493, train_loss-0.8492, train_rmse-0.9215, valid_rmse-1.4278, valid_pr-0.6772
2022-11-21 14:51:56 - INFO - epoch-494, train_loss-0.8426, train_rmse-0.9179, valid_rmse-1.4460, valid_pr-0.6747
2022-11-21 14:52:19 - INFO - epoch-495, train_loss-0.8149, train_rmse-0.9027, valid_rmse-1.4413, valid_pr-0.6806
2022-11-21 14:52:51 - INFO - epoch-496, train_loss-0.8218, train_rmse-0.9065, valid_rmse-1.4437, valid_pr-0.6817
2022-11-21 14:53:20 - INFO - epoch-497, train_loss-0.8264, train_rmse-0.9091, valid_rmse-1.4271, valid_pr-0.6725
2022-11-21 14:53:57 - INFO - epoch-498, train_loss-0.8406, train_rmse-0.9169, valid_rmse-1.4310, valid_pr-0.6814
2022-11-21 14:54:22 - INFO - epoch-499, train_loss-0.8231, train_rmse-0.9072, valid_rmse-1.4151, valid_pr-0.6839
2022-11-21 14:54:52 - INFO - epoch-500, train_loss-0.8505, train_rmse-0.9222, valid_rmse-1.4472, valid_pr-0.6772
2022-11-21 14:55:17 - INFO - epoch-501, train_loss-0.8242, train_rmse-0.9079, valid_rmse-1.4381, valid_pr-0.6658
2022-11-21 14:55:47 - INFO - epoch-502, train_loss-0.8245, train_rmse-0.9080, valid_rmse-1.4330, valid_pr-0.6748
2022-11-21 14:56:18 - INFO - epoch-503, train_loss-0.8226, train_rmse-0.9070, valid_rmse-1.4240, valid_pr-0.6782
2022-11-21 14:56:54 - INFO - epoch-504, train_loss-0.8191, train_rmse-0.9050, valid_rmse-1.4635, valid_pr-0.6693
2022-11-21 14:57:22 - INFO - epoch-505, train_loss-0.8213, train_rmse-0.9062, valid_rmse-1.4709, valid_pr-0.6688
2022-11-21 14:57:51 - INFO - epoch-506, train_loss-0.8365, train_rmse-0.9146, valid_rmse-1.4377, valid_pr-0.6793
2022-11-21 14:58:20 - INFO - epoch-507, train_loss-0.8119, train_rmse-0.9011, valid_rmse-1.4515, valid_pr-0.6757
2022-11-21 14:58:56 - INFO - epoch-508, train_loss-0.8116, train_rmse-0.9009, valid_rmse-1.4439, valid_pr-0.6693
2022-11-21 14:59:16 - INFO - epoch-509, train_loss-0.8403, train_rmse-0.9167, valid_rmse-1.4333, valid_pr-0.6784
2022-11-21 14:59:35 - INFO - epoch-510, train_loss-0.8042, train_rmse-0.8968, valid_rmse-1.4429, valid_pr-0.6756
2022-11-21 14:59:59 - INFO - epoch-511, train_loss-0.8126, train_rmse-0.9014, valid_rmse-1.4568, valid_pr-0.6728
2022-11-21 15:00:33 - INFO - epoch-512, train_loss-0.8225, train_rmse-0.9069, valid_rmse-1.4439, valid_pr-0.6784
2022-11-21 15:01:03 - INFO - epoch-513, train_loss-0.8284, train_rmse-0.9102, valid_rmse-1.4439, valid_pr-0.6798
2022-11-21 15:01:33 - INFO - epoch-514, train_loss-0.8306, train_rmse-0.9114, valid_rmse-1.4344, valid_pr-0.6739
2022-11-21 15:02:10 - INFO - epoch-515, train_loss-0.8184, train_rmse-0.9047, valid_rmse-1.4202, valid_pr-0.6776
2022-11-21 15:02:31 - INFO - epoch-516, train_loss-0.8143, train_rmse-0.9024, valid_rmse-1.4801, valid_pr-0.6688
2022-11-21 15:02:58 - INFO - epoch-517, train_loss-0.8258, train_rmse-0.9087, valid_rmse-1.4306, valid_pr-0.6727
2022-11-21 15:03:33 - INFO - epoch-518, train_loss-0.8120, train_rmse-0.9011, valid_rmse-1.4341, valid_pr-0.6728
2022-11-21 15:04:02 - INFO - epoch-519, train_loss-0.8241, train_rmse-0.9078, valid_rmse-1.4335, valid_pr-0.6742
2022-11-21 15:04:41 - INFO - epoch-520, train_loss-0.8054, train_rmse-0.8974, valid_rmse-1.4183, valid_pr-0.6829
2022-11-21 15:05:02 - INFO - epoch-521, train_loss-0.8162, train_rmse-0.9034, valid_rmse-1.4263, valid_pr-0.6790
2022-11-21 15:05:39 - INFO - epoch-522, train_loss-0.8158, train_rmse-0.9032, valid_rmse-1.4231, valid_pr-0.6787
2022-11-21 15:06:10 - INFO - epoch-523, train_loss-0.8165, train_rmse-0.9036, valid_rmse-1.4545, valid_pr-0.6698
2022-11-21 15:06:35 - INFO - epoch-524, train_loss-0.8135, train_rmse-0.9020, valid_rmse-1.4600, valid_pr-0.6705
2022-11-21 15:06:58 - INFO - epoch-525, train_loss-0.8183, train_rmse-0.9046, valid_rmse-1.4177, valid_pr-0.6769
2022-11-21 15:07:33 - INFO - epoch-526, train_loss-0.8040, train_rmse-0.8967, valid_rmse-1.4432, valid_pr-0.6761
2022-11-21 15:08:01 - INFO - epoch-527, train_loss-0.8204, train_rmse-0.9058, valid_rmse-1.4343, valid_pr-0.6721
2022-11-21 15:08:25 - INFO - epoch-528, train_loss-0.8027, train_rmse-0.8959, valid_rmse-1.4497, valid_pr-0.6711
2022-11-21 15:08:51 - INFO - epoch-529, train_loss-0.8051, train_rmse-0.8973, valid_rmse-1.4018, valid_pr-0.6864
2022-11-21 15:09:15 - INFO - epoch-530, train_loss-0.7989, train_rmse-0.8938, valid_rmse-1.4730, valid_pr-0.6719
2022-11-21 15:09:35 - INFO - epoch-531, train_loss-0.8094, train_rmse-0.8996, valid_rmse-1.4471, valid_pr-0.6604
2022-11-21 15:09:51 - INFO - epoch-532, train_loss-0.8111, train_rmse-0.9006, valid_rmse-1.4279, valid_pr-0.6782
2022-11-21 15:10:16 - INFO - epoch-533, train_loss-0.8187, train_rmse-0.9048, valid_rmse-1.4140, valid_pr-0.6787
2022-11-21 15:10:42 - INFO - epoch-534, train_loss-0.8019, train_rmse-0.8955, valid_rmse-1.4725, valid_pr-0.6626
2022-11-21 15:11:08 - INFO - epoch-535, train_loss-0.8122, train_rmse-0.9012, valid_rmse-1.4114, valid_pr-0.6811
2022-11-21 15:11:35 - INFO - epoch-536, train_loss-0.8113, train_rmse-0.9007, valid_rmse-1.4233, valid_pr-0.6842
2022-11-21 15:12:04 - INFO - epoch-537, train_loss-0.8135, train_rmse-0.9020, valid_rmse-1.3882, valid_pr-0.6868
2022-11-21 15:12:32 - INFO - epoch-538, train_loss-0.8020, train_rmse-0.8955, valid_rmse-1.4089, valid_pr-0.6742
2022-11-21 15:13:06 - INFO - epoch-539, train_loss-0.7826, train_rmse-0.8846, valid_rmse-1.4119, valid_pr-0.6767
2022-11-21 15:13:34 - INFO - epoch-540, train_loss-0.7899, train_rmse-0.8888, valid_rmse-1.4423, valid_pr-0.6726
2022-11-21 15:13:59 - INFO - epoch-541, train_loss-0.8162, train_rmse-0.9034, valid_rmse-1.4420, valid_pr-0.6811
2022-11-21 15:14:28 - INFO - epoch-542, train_loss-0.7895, train_rmse-0.8886, valid_rmse-1.4305, valid_pr-0.6800
2022-11-21 15:15:02 - INFO - epoch-543, train_loss-0.7939, train_rmse-0.8910, valid_rmse-1.4417, valid_pr-0.6784
2022-11-21 15:15:33 - INFO - epoch-544, train_loss-0.8028, train_rmse-0.8960, valid_rmse-1.4069, valid_pr-0.6819
2022-11-21 15:15:51 - INFO - epoch-545, train_loss-0.7900, train_rmse-0.8888, valid_rmse-1.4026, valid_pr-0.6886
2022-11-21 15:16:19 - INFO - epoch-546, train_loss-0.7932, train_rmse-0.8906, valid_rmse-1.4177, valid_pr-0.6785
2022-11-21 15:16:19 - INFO - early stop in epoch 546
2022-11-21 15:16:19 - INFO - best_rmse: 1.3809
2022-11-21 15:16:41 - INFO - valid_rmse-1.3809, valid_pr-0.6878, test2013_rmse-1.6206, test2013_pr-0.7641, test2016_rmse-1.4926, test2016_pr-0.7697, test2019_rmse-1.5447, test2019_pr-0.5497,
