2022-11-25 08:30:52 - INFO - /data2/yzd/project/SchNet/train_SchNet.py
2022-11-25 08:30:52 - INFO - train data: 11904
2022-11-25 08:30:52 - INFO - valid data: 1000
2022-11-25 08:30:52 - INFO - test2013 data: 107
2022-11-25 08:30:52 - INFO - test2016 data: 285
2022-11-25 08:30:52 - INFO - test2019 data: 4366
2022-11-25 08:31:11 - INFO - epoch-0, train_loss-40.7484, train_rmse-6.3835, valid_rmse-5.7988, valid_pr-0.4970
2022-11-25 08:31:29 - INFO - epoch-1, train_loss-30.7244, train_rmse-5.5430, valid_rmse-4.0497, valid_pr-0.4511
2022-11-25 08:31:48 - INFO - epoch-2, train_loss-15.2892, train_rmse-3.9101, valid_rmse-3.0173, valid_pr-0.5063
2022-11-25 08:32:06 - INFO - epoch-3, train_loss-5.8538, train_rmse-2.4195, valid_rmse-2.1044, valid_pr-0.5056
2022-11-25 08:32:25 - INFO - epoch-4, train_loss-3.5736, train_rmse-1.8904, valid_rmse-1.6075, valid_pr-0.5074
2022-11-25 08:32:43 - INFO - epoch-5, train_loss-3.3257, train_rmse-1.8237, valid_rmse-1.6334, valid_pr-0.4985
2022-11-25 08:33:02 - INFO - epoch-6, train_loss-3.2244, train_rmse-1.7957, valid_rmse-1.5731, valid_pr-0.5334
2022-11-25 08:33:21 - INFO - epoch-7, train_loss-3.0850, train_rmse-1.7564, valid_rmse-1.5433, valid_pr-0.5528
2022-11-25 08:33:39 - INFO - epoch-8, train_loss-3.0445, train_rmse-1.7449, valid_rmse-1.5587, valid_pr-0.5625
2022-11-25 08:33:57 - INFO - epoch-9, train_loss-3.0174, train_rmse-1.7371, valid_rmse-1.5027, valid_pr-0.5818
2022-11-25 08:34:16 - INFO - epoch-10, train_loss-2.9373, train_rmse-1.7139, valid_rmse-1.4973, valid_pr-0.5894
2022-11-25 08:34:35 - INFO - epoch-11, train_loss-2.8736, train_rmse-1.6952, valid_rmse-1.6593, valid_pr-0.5655
2022-11-25 08:34:53 - INFO - epoch-12, train_loss-2.7805, train_rmse-1.6675, valid_rmse-1.5012, valid_pr-0.5896
2022-11-25 08:35:12 - INFO - epoch-13, train_loss-2.7975, train_rmse-1.6726, valid_rmse-1.5032, valid_pr-0.5908
2022-11-25 08:35:30 - INFO - epoch-14, train_loss-2.7134, train_rmse-1.6472, valid_rmse-1.4890, valid_pr-0.6048
2022-11-25 08:35:49 - INFO - epoch-15, train_loss-2.6683, train_rmse-1.6335, valid_rmse-1.5250, valid_pr-0.5982
2022-11-25 08:36:07 - INFO - epoch-16, train_loss-2.5775, train_rmse-1.6054, valid_rmse-1.4549, valid_pr-0.6156
2022-11-25 08:36:25 - INFO - epoch-17, train_loss-2.5570, train_rmse-1.5991, valid_rmse-1.4856, valid_pr-0.6181
2022-11-25 08:36:44 - INFO - epoch-18, train_loss-2.4768, train_rmse-1.5738, valid_rmse-1.4849, valid_pr-0.6238
2022-11-25 08:37:02 - INFO - epoch-19, train_loss-2.4256, train_rmse-1.5574, valid_rmse-1.4577, valid_pr-0.6195
2022-11-25 08:37:21 - INFO - epoch-20, train_loss-2.3752, train_rmse-1.5412, valid_rmse-1.6029, valid_pr-0.6389
2022-11-25 08:37:39 - INFO - epoch-21, train_loss-2.3329, train_rmse-1.5274, valid_rmse-1.4001, valid_pr-0.6520
2022-11-25 08:37:58 - INFO - epoch-22, train_loss-2.3206, train_rmse-1.5233, valid_rmse-1.4457, valid_pr-0.6423
2022-11-25 08:38:16 - INFO - epoch-23, train_loss-2.2487, train_rmse-1.4996, valid_rmse-1.3842, valid_pr-0.6652
2022-11-25 08:38:35 - INFO - epoch-24, train_loss-2.2199, train_rmse-1.4899, valid_rmse-1.4302, valid_pr-0.6589
2022-11-25 08:38:53 - INFO - epoch-25, train_loss-2.1436, train_rmse-1.4641, valid_rmse-1.5367, valid_pr-0.6567
2022-11-25 08:39:11 - INFO - epoch-26, train_loss-2.0819, train_rmse-1.4429, valid_rmse-1.4011, valid_pr-0.6618
2022-11-25 08:39:30 - INFO - epoch-27, train_loss-2.0601, train_rmse-1.4353, valid_rmse-1.4043, valid_pr-0.6575
2022-11-25 08:39:48 - INFO - epoch-28, train_loss-2.0402, train_rmse-1.4284, valid_rmse-1.3729, valid_pr-0.6699
2022-11-25 08:40:06 - INFO - epoch-29, train_loss-1.9572, train_rmse-1.3990, valid_rmse-1.4081, valid_pr-0.6662
2022-11-25 08:40:25 - INFO - epoch-30, train_loss-1.9296, train_rmse-1.3891, valid_rmse-1.4268, valid_pr-0.6665
2022-11-25 08:40:42 - INFO - epoch-31, train_loss-1.8653, train_rmse-1.3658, valid_rmse-1.3728, valid_pr-0.6824
2022-11-25 08:41:00 - INFO - epoch-32, train_loss-1.7756, train_rmse-1.3325, valid_rmse-1.4265, valid_pr-0.6774
2022-11-25 08:41:19 - INFO - epoch-33, train_loss-1.7552, train_rmse-1.3248, valid_rmse-1.3694, valid_pr-0.6787
2022-11-25 08:41:37 - INFO - epoch-34, train_loss-1.6916, train_rmse-1.3006, valid_rmse-1.3737, valid_pr-0.6820
2022-11-25 08:41:55 - INFO - epoch-35, train_loss-1.6509, train_rmse-1.2849, valid_rmse-1.4376, valid_pr-0.6731
2022-11-25 08:42:14 - INFO - epoch-36, train_loss-1.5851, train_rmse-1.2590, valid_rmse-1.3700, valid_pr-0.6893
2022-11-25 08:42:32 - INFO - epoch-37, train_loss-1.5033, train_rmse-1.2261, valid_rmse-1.4806, valid_pr-0.6662
2022-11-25 08:42:50 - INFO - epoch-38, train_loss-1.4659, train_rmse-1.2108, valid_rmse-1.3865, valid_pr-0.6772
2022-11-25 08:43:09 - INFO - epoch-39, train_loss-1.3885, train_rmse-1.1784, valid_rmse-1.4298, valid_pr-0.6803
2022-11-25 08:43:27 - INFO - epoch-40, train_loss-1.4068, train_rmse-1.1861, valid_rmse-1.3853, valid_pr-0.6825
2022-11-25 08:43:45 - INFO - epoch-41, train_loss-1.2922, train_rmse-1.1368, valid_rmse-1.3945, valid_pr-0.6746
2022-11-25 08:44:03 - INFO - epoch-42, train_loss-1.2516, train_rmse-1.1188, valid_rmse-1.5497, valid_pr-0.6668
2022-11-25 08:44:22 - INFO - epoch-43, train_loss-1.1903, train_rmse-1.0910, valid_rmse-1.5804, valid_pr-0.6625
2022-11-25 08:44:41 - INFO - epoch-44, train_loss-1.1740, train_rmse-1.0835, valid_rmse-1.3615, valid_pr-0.6849
2022-11-25 08:44:59 - INFO - epoch-45, train_loss-1.0894, train_rmse-1.0438, valid_rmse-1.4927, valid_pr-0.6654
2022-11-25 08:45:18 - INFO - epoch-46, train_loss-1.0539, train_rmse-1.0266, valid_rmse-1.4863, valid_pr-0.6692
2022-11-25 08:45:37 - INFO - epoch-47, train_loss-1.0060, train_rmse-1.0030, valid_rmse-1.4360, valid_pr-0.6710
2022-11-25 08:45:54 - INFO - epoch-48, train_loss-0.9506, train_rmse-0.9750, valid_rmse-1.4711, valid_pr-0.6553
2022-11-25 08:46:12 - INFO - epoch-49, train_loss-0.9211, train_rmse-0.9598, valid_rmse-1.3866, valid_pr-0.6734
2022-11-25 08:46:29 - INFO - epoch-50, train_loss-0.8825, train_rmse-0.9394, valid_rmse-1.4058, valid_pr-0.6708
2022-11-25 08:46:47 - INFO - epoch-51, train_loss-0.8224, train_rmse-0.9069, valid_rmse-1.4214, valid_pr-0.6721
2022-11-25 08:47:05 - INFO - epoch-52, train_loss-0.8249, train_rmse-0.9082, valid_rmse-1.4005, valid_pr-0.6795
2022-11-25 08:47:23 - INFO - epoch-53, train_loss-0.7616, train_rmse-0.8727, valid_rmse-1.4869, valid_pr-0.6685
2022-11-25 08:47:42 - INFO - epoch-54, train_loss-0.7523, train_rmse-0.8674, valid_rmse-1.3848, valid_pr-0.6658
2022-11-25 08:48:00 - INFO - epoch-55, train_loss-0.7079, train_rmse-0.8414, valid_rmse-1.4217, valid_pr-0.6680
2022-11-25 08:48:19 - INFO - epoch-56, train_loss-0.6695, train_rmse-0.8182, valid_rmse-1.4882, valid_pr-0.6693
2022-11-25 08:48:38 - INFO - epoch-57, train_loss-0.6439, train_rmse-0.8024, valid_rmse-1.4687, valid_pr-0.6705
2022-11-25 08:48:57 - INFO - epoch-58, train_loss-0.6171, train_rmse-0.7855, valid_rmse-1.4868, valid_pr-0.6664
2022-11-25 08:49:15 - INFO - epoch-59, train_loss-0.5897, train_rmse-0.7680, valid_rmse-1.4493, valid_pr-0.6680
2022-11-25 08:49:34 - INFO - epoch-60, train_loss-0.5511, train_rmse-0.7423, valid_rmse-1.4242, valid_pr-0.6622
2022-11-25 08:49:52 - INFO - epoch-61, train_loss-0.5315, train_rmse-0.7291, valid_rmse-1.4551, valid_pr-0.6652
2022-11-25 08:50:11 - INFO - epoch-62, train_loss-0.5075, train_rmse-0.7124, valid_rmse-1.4682, valid_pr-0.6576
2022-11-25 08:50:29 - INFO - epoch-63, train_loss-0.4836, train_rmse-0.6954, valid_rmse-1.5129, valid_pr-0.6600
2022-11-25 08:50:47 - INFO - epoch-64, train_loss-0.4844, train_rmse-0.6960, valid_rmse-1.5071, valid_pr-0.6679
2022-11-25 08:51:05 - INFO - epoch-65, train_loss-0.4798, train_rmse-0.6927, valid_rmse-1.4345, valid_pr-0.6622
2022-11-25 08:51:23 - INFO - epoch-66, train_loss-0.4544, train_rmse-0.6741, valid_rmse-1.4271, valid_pr-0.6760
2022-11-25 08:51:42 - INFO - epoch-67, train_loss-0.4427, train_rmse-0.6653, valid_rmse-1.4953, valid_pr-0.6608
2022-11-25 08:52:00 - INFO - epoch-68, train_loss-0.4542, train_rmse-0.6740, valid_rmse-1.5158, valid_pr-0.6641
2022-11-25 08:52:18 - INFO - epoch-69, train_loss-0.4139, train_rmse-0.6434, valid_rmse-1.4034, valid_pr-0.6718
2022-11-25 08:52:36 - INFO - epoch-70, train_loss-0.3996, train_rmse-0.6321, valid_rmse-1.4563, valid_pr-0.6667
2022-11-25 08:52:54 - INFO - epoch-71, train_loss-0.3817, train_rmse-0.6178, valid_rmse-1.4931, valid_pr-0.6604
2022-11-25 08:53:13 - INFO - epoch-72, train_loss-0.3770, train_rmse-0.6140, valid_rmse-1.3955, valid_pr-0.6641
2022-11-25 08:53:31 - INFO - epoch-73, train_loss-0.3542, train_rmse-0.5951, valid_rmse-1.4771, valid_pr-0.6604
2022-11-25 08:53:50 - INFO - epoch-74, train_loss-0.3532, train_rmse-0.5943, valid_rmse-1.5034, valid_pr-0.6459
2022-11-25 08:54:08 - INFO - epoch-75, train_loss-0.3634, train_rmse-0.6028, valid_rmse-1.4783, valid_pr-0.6552
2022-11-25 08:54:27 - INFO - epoch-76, train_loss-0.3495, train_rmse-0.5911, valid_rmse-1.4582, valid_pr-0.6660
2022-11-25 08:54:45 - INFO - epoch-77, train_loss-0.3204, train_rmse-0.5661, valid_rmse-1.5409, valid_pr-0.6496
2022-11-25 08:55:04 - INFO - epoch-78, train_loss-0.3186, train_rmse-0.5645, valid_rmse-1.4462, valid_pr-0.6542
2022-11-25 08:55:22 - INFO - epoch-79, train_loss-0.3012, train_rmse-0.5488, valid_rmse-1.4382, valid_pr-0.6547
2022-11-25 08:55:41 - INFO - epoch-80, train_loss-0.2889, train_rmse-0.5375, valid_rmse-1.4367, valid_pr-0.6676
2022-11-25 08:55:59 - INFO - epoch-81, train_loss-0.3039, train_rmse-0.5513, valid_rmse-1.4275, valid_pr-0.6668
2022-11-25 08:56:17 - INFO - epoch-82, train_loss-0.3026, train_rmse-0.5501, valid_rmse-1.4714, valid_pr-0.6520
2022-11-25 08:56:36 - INFO - epoch-83, train_loss-0.2852, train_rmse-0.5341, valid_rmse-1.4568, valid_pr-0.6513
2022-11-25 08:56:54 - INFO - epoch-84, train_loss-0.2667, train_rmse-0.5164, valid_rmse-1.4811, valid_pr-0.6590
2022-11-25 08:57:12 - INFO - epoch-85, train_loss-0.2740, train_rmse-0.5234, valid_rmse-1.4454, valid_pr-0.6498
2022-11-25 08:57:31 - INFO - epoch-86, train_loss-0.2653, train_rmse-0.5151, valid_rmse-1.5221, valid_pr-0.6605
2022-11-25 08:57:49 - INFO - epoch-87, train_loss-0.2579, train_rmse-0.5079, valid_rmse-1.5125, valid_pr-0.6517
2022-11-25 08:58:08 - INFO - epoch-88, train_loss-0.2582, train_rmse-0.5081, valid_rmse-1.4672, valid_pr-0.6441
2022-11-25 08:58:26 - INFO - epoch-89, train_loss-0.2633, train_rmse-0.5131, valid_rmse-1.4518, valid_pr-0.6523
2022-11-25 08:58:45 - INFO - epoch-90, train_loss-0.2430, train_rmse-0.4929, valid_rmse-1.4350, valid_pr-0.6543
2022-11-25 08:59:03 - INFO - epoch-91, train_loss-0.2380, train_rmse-0.4878, valid_rmse-1.4360, valid_pr-0.6543
2022-11-25 08:59:22 - INFO - epoch-92, train_loss-0.2316, train_rmse-0.4813, valid_rmse-1.4766, valid_pr-0.6568
2022-11-25 08:59:40 - INFO - epoch-93, train_loss-0.2366, train_rmse-0.4864, valid_rmse-1.4461, valid_pr-0.6615
2022-11-25 08:59:59 - INFO - epoch-94, train_loss-0.2360, train_rmse-0.4858, valid_rmse-1.4182, valid_pr-0.6607
2022-11-25 09:00:17 - INFO - epoch-95, train_loss-0.2222, train_rmse-0.4714, valid_rmse-1.4421, valid_pr-0.6505
2022-11-25 09:00:36 - INFO - epoch-96, train_loss-0.2272, train_rmse-0.4766, valid_rmse-1.4577, valid_pr-0.6590
2022-11-25 09:00:54 - INFO - epoch-97, train_loss-0.2321, train_rmse-0.4818, valid_rmse-1.4238, valid_pr-0.6607
2022-11-25 09:01:13 - INFO - epoch-98, train_loss-0.2131, train_rmse-0.4616, valid_rmse-1.4533, valid_pr-0.6490
2022-11-25 09:01:31 - INFO - epoch-99, train_loss-0.2067, train_rmse-0.4546, valid_rmse-1.4509, valid_pr-0.6485
2022-11-25 09:01:50 - INFO - epoch-100, train_loss-0.2190, train_rmse-0.4680, valid_rmse-1.4479, valid_pr-0.6548
2022-11-25 09:02:08 - INFO - epoch-101, train_loss-0.2080, train_rmse-0.4561, valid_rmse-1.4641, valid_pr-0.6481
2022-11-25 09:02:27 - INFO - epoch-102, train_loss-0.2033, train_rmse-0.4509, valid_rmse-1.4183, valid_pr-0.6666
2022-11-25 09:02:45 - INFO - epoch-103, train_loss-0.1978, train_rmse-0.4447, valid_rmse-1.4100, valid_pr-0.6598
2022-11-25 09:03:03 - INFO - epoch-104, train_loss-0.2079, train_rmse-0.4559, valid_rmse-1.6576, valid_pr-0.6390
2022-11-25 09:03:22 - INFO - epoch-105, train_loss-0.1990, train_rmse-0.4461, valid_rmse-1.4426, valid_pr-0.6558
2022-11-25 09:03:40 - INFO - epoch-106, train_loss-0.2011, train_rmse-0.4484, valid_rmse-1.4184, valid_pr-0.6497
2022-11-25 09:03:59 - INFO - epoch-107, train_loss-0.1941, train_rmse-0.4405, valid_rmse-1.4723, valid_pr-0.6456
2022-11-25 09:04:17 - INFO - epoch-108, train_loss-0.2055, train_rmse-0.4533, valid_rmse-1.4452, valid_pr-0.6532
2022-11-25 09:04:35 - INFO - epoch-109, train_loss-0.1898, train_rmse-0.4356, valid_rmse-1.4577, valid_pr-0.6599
2022-11-25 09:04:53 - INFO - epoch-110, train_loss-0.1799, train_rmse-0.4242, valid_rmse-1.4013, valid_pr-0.6563
2022-11-25 09:05:12 - INFO - epoch-111, train_loss-0.1883, train_rmse-0.4339, valid_rmse-1.4405, valid_pr-0.6596
2022-11-25 09:05:30 - INFO - epoch-112, train_loss-0.1830, train_rmse-0.4278, valid_rmse-1.4287, valid_pr-0.6532
2022-11-25 09:05:49 - INFO - epoch-113, train_loss-0.1747, train_rmse-0.4179, valid_rmse-1.4175, valid_pr-0.6580
2022-11-25 09:06:07 - INFO - epoch-114, train_loss-0.1756, train_rmse-0.4190, valid_rmse-1.4631, valid_pr-0.6589
2022-11-25 09:06:25 - INFO - epoch-115, train_loss-0.1701, train_rmse-0.4124, valid_rmse-1.4613, valid_pr-0.6553
2022-11-25 09:06:44 - INFO - epoch-116, train_loss-0.1664, train_rmse-0.4079, valid_rmse-1.4137, valid_pr-0.6578
2022-11-25 09:07:03 - INFO - epoch-117, train_loss-0.1795, train_rmse-0.4237, valid_rmse-1.4186, valid_pr-0.6605
2022-11-25 09:07:21 - INFO - epoch-118, train_loss-0.1829, train_rmse-0.4277, valid_rmse-1.4625, valid_pr-0.6618
2022-11-25 09:07:40 - INFO - epoch-119, train_loss-0.1713, train_rmse-0.4139, valid_rmse-1.4336, valid_pr-0.6558
2022-11-25 09:07:58 - INFO - epoch-120, train_loss-0.1584, train_rmse-0.3979, valid_rmse-1.4296, valid_pr-0.6578
2022-11-25 09:08:16 - INFO - epoch-121, train_loss-0.1610, train_rmse-0.4013, valid_rmse-1.4404, valid_pr-0.6568
2022-11-25 09:08:35 - INFO - epoch-122, train_loss-0.1687, train_rmse-0.4107, valid_rmse-1.4305, valid_pr-0.6637
2022-11-25 09:08:53 - INFO - epoch-123, train_loss-0.1624, train_rmse-0.4029, valid_rmse-1.4375, valid_pr-0.6471
2022-11-25 09:09:11 - INFO - epoch-124, train_loss-0.1708, train_rmse-0.4133, valid_rmse-1.4215, valid_pr-0.6607
2022-11-25 09:09:29 - INFO - epoch-125, train_loss-0.1504, train_rmse-0.3879, valid_rmse-1.4515, valid_pr-0.6562
2022-11-25 09:09:47 - INFO - epoch-126, train_loss-0.1616, train_rmse-0.4020, valid_rmse-1.4124, valid_pr-0.6632
2022-11-25 09:10:05 - INFO - epoch-127, train_loss-0.1508, train_rmse-0.3883, valid_rmse-1.4379, valid_pr-0.6594
2022-11-25 09:10:23 - INFO - epoch-128, train_loss-0.1529, train_rmse-0.3910, valid_rmse-1.5556, valid_pr-0.6569
2022-11-25 09:10:42 - INFO - epoch-129, train_loss-0.1525, train_rmse-0.3905, valid_rmse-1.4682, valid_pr-0.6563
2022-11-25 09:11:00 - INFO - epoch-130, train_loss-0.1561, train_rmse-0.3951, valid_rmse-1.4242, valid_pr-0.6604
2022-11-25 09:11:18 - INFO - epoch-131, train_loss-0.1526, train_rmse-0.3906, valid_rmse-1.4498, valid_pr-0.6556
2022-11-25 09:11:37 - INFO - epoch-132, train_loss-0.1466, train_rmse-0.3829, valid_rmse-1.4416, valid_pr-0.6530
2022-11-25 09:11:55 - INFO - epoch-133, train_loss-0.1487, train_rmse-0.3856, valid_rmse-1.4712, valid_pr-0.6547
2022-11-25 09:12:13 - INFO - epoch-134, train_loss-0.1457, train_rmse-0.3818, valid_rmse-1.4448, valid_pr-0.6512
2022-11-25 09:12:31 - INFO - epoch-135, train_loss-0.1400, train_rmse-0.3742, valid_rmse-1.4381, valid_pr-0.6578
2022-11-25 09:12:49 - INFO - epoch-136, train_loss-0.1423, train_rmse-0.3773, valid_rmse-1.4101, valid_pr-0.6610
2022-11-25 09:13:07 - INFO - epoch-137, train_loss-0.1554, train_rmse-0.3942, valid_rmse-1.4530, valid_pr-0.6671
2022-11-25 09:13:26 - INFO - epoch-138, train_loss-0.1392, train_rmse-0.3731, valid_rmse-1.4498, valid_pr-0.6562
2022-11-25 09:13:45 - INFO - epoch-139, train_loss-0.1380, train_rmse-0.3715, valid_rmse-1.4202, valid_pr-0.6602
2022-11-25 09:14:03 - INFO - epoch-140, train_loss-0.1345, train_rmse-0.3667, valid_rmse-1.4117, valid_pr-0.6637
2022-11-25 09:14:22 - INFO - epoch-141, train_loss-0.1348, train_rmse-0.3672, valid_rmse-1.4210, valid_pr-0.6648
2022-11-25 09:14:40 - INFO - epoch-142, train_loss-0.1384, train_rmse-0.3721, valid_rmse-1.4220, valid_pr-0.6652
2022-11-25 09:14:59 - INFO - epoch-143, train_loss-0.1338, train_rmse-0.3657, valid_rmse-1.4163, valid_pr-0.6617
2022-11-25 09:15:17 - INFO - epoch-144, train_loss-0.1343, train_rmse-0.3665, valid_rmse-1.4764, valid_pr-0.6560
2022-11-25 09:15:36 - INFO - epoch-145, train_loss-0.1375, train_rmse-0.3708, valid_rmse-1.4345, valid_pr-0.6647
2022-11-25 09:15:36 - INFO - early stop in epoch 145
2022-11-25 09:15:36 - INFO - best_rmse: 1.3615
2022-11-25 09:15:53 - INFO - valid_rmse-1.3615, valid_pr-0.6849, test2013_rmse-1.5747, test2013_pr-0.7480, test2016_rmse-1.4055, test2016_pr-0.7738, test2019_rmse-1.5434, test2019_pr-0.5448,
